1683655555773823,1683655555785428,11605
1683655555787164,1683655555801237,14073
1683655555802751,1683655555804407,1656
1683655555806170,1683655555815031,8861
1683655555821689,1683655555829184,7495
1683655555830898,1683655555837072,6174
1683655555845291,1683655555851324,6033
1683655555853031,1683655555854599,1568
1683655555863208,1683655555877095,13887
1683655555878820,1683655555884991,6171
1683655555893036,1683655555899249,6213
1683655555907332,1683655555908611,1279
1683655555915207,1683655555917885,2678
1683655555933093,1683655555934964,1871
1683655555943825,1683655555951045,7220
1683655555957335,1683655555966548,9213
1683655555968282,1683655555969739,1457
1683655555971247,1683655555972942,1695
1683655555989077,1683655555990177,1100
1683655556005086,1683655556006859,1773
1683655556008457,1683655556013836,5379
1683655556026302,1683655556030836,4534
1683655556037086,1683655556038743,1657
1683655556040295,1683655556048695,8400
1683655556050319,1683655556056016,5697
1683655556057574,1683655556064516,6942
1683655556066176,1683655556074363,8187
1683655556076038,1683655556085855,9817
1683655556087544,1683655556089211,1667
1683655556102882,1683655556117123,14241
1683655556118925,1683655556127058,8133
1683655556128835,1683655556134854,6019
1683655556149104,1683655556157315,8211
1683655556159016,1683655556160611,1595
1683655556162210,1683655556171302,9092
1683655556177869,1683655556186445,8576
1683655556188000,1683655556189640,1640
1683655556198003,1683655556199719,1716
1683655556205836,1683655556207651,1815
1683655556209375,1683655556219112,9737
1683655556228701,1683655556237844,9143
1683655556253031,1683655556261820,8789
1683655556263791,1683655556265463,1672
1683655556272345,1683655556286874,14529
1683655556287872,1683655556296655,8783
1683655556298234,1683655556314407,16173
1683655556320946,1683655556334471,13525
1683655556343041,1683655556344647,1606
1683655556351260,1683655556354720,3460
1683655556362696,1683655556372164,9468
1683655556377799,1683655556381774,3975
1683655556396994,1683655556398044,1050
1683655556407190,1683655556413376,6186
1683655556415058,1683655556416845,1787
1683655556418492,1683655556429802,11310
1683655556431465,1683655556439057,7592
1683655556453127,1683655556461218,8091
1683655556469047,1683655556477114,8067
1683655556487634,1683655556493938,6304
1683655556495529,1683655556497361,1832
1683655556499087,1683655556506939,7852
1683655556508696,1683655556513604,4908
1683655556515405,1683655556533124,17719
1683655556534880,1683655556542379,7499
1683655556550494,1683655556551946,1452
1683655556553588,1683655556562661,9073
1683655556569680,1683655556577023,7343
1683655556578607,1683655556585807,7200
1683655556587416,1683655556597368,9952
1683655556606421,1683655556612911,6490
1683655556622352,1683655556631211,8859
1683655556632604,1683655556634214,1610
1683655556646654,1683655556648255,1601
1683655556662894,1683655556663923,1029
1683655556665517,1683655556675057,9540
1683655556682350,1683655556683973,1623
1683655556693022,1683655556698389,5367
1683655556699916,1683655556705278,5362
1683655556714598,1683655556721162,6564
1683655556722856,1683655556731320,8464
1683655556732868,1683655556734508,1640
1683655556749146,1683655556750811,1665
1683655556759394,1683655556769848,10454
1683655556771551,1683655556786861,15310
1683655556788470,1683655556790194,1724
1683655556806252,1683655556813123,6871
1683655556814554,1683655556816235,1681
1683655556817820,1683655556826935,9115
1683655556841093,1683655556842939,1846
1683655556844565,1683655556854188,9623
1683655556861785,1683655556869100,7315
1683655556886891,1683655556895298,8407
1683655556897155,1683655556905553,8398
1683655556907231,1683655556916335,9104
1683655556922014,1683655556934896,12882
1683655556935884,1683655556938825,2941
1683655556946890,1683655556947920,1030
1683655556965385,1683655556967041,1656
1683655556981646,1683655556997169,15523
1683655556998756,1683655557000501,1745
1683655557009086,1683655557014698,5612
1683655557016167,1683655557022338,6171
1683655557037128,1683655557038897,1769
1683655557040562,1683655557042294,1732
1683655557044111,1683655557051092,6981
1683655557052649,1683655557054206,1557
1683655557062100,1683655557063589,1489
1683655557070647,1683655557072259,1612
1683655557078331,1683655557080032,1701
1683655557081632,1683655557090353,8721
1683655557091923,1683655557100827,8904
1683655557102639,1683655557104492,1853
1683655557106091,1683655557114801,8710
1683655557116484,1683655557124952,8468
1683655557130677,1683655557138274,7597
1683655557139722,1683655557155316,15594
1683655557156864,1683655557165116,8252
1683655557177230,1683655557193351,16121
1683655557194994,1683655557209805,14811
1683655557211530,1683655557213137,1607
1683655557221158,1683655557222744,1586
1683655557228038,1683655557235046,7008
1683655557236571,1683655557242329,5758
1683655557249063,1683655557265435,16372
1683655557273406,1683655557282404,8998
1683655557284008,1683655557297169,13161
1683655557298833,1683655557313921,15088
1683655557315655,1683655557317163,1508
1683655557322295,1683655557328084,5789
1683655557339426,1683655557340856,1430
1683655557355461,1683655557357108,1647
1683655557365260,1683655557366720,1460
1683655557374872,1683655557376664,1792
1683655557389136,1683655557390654,1518
1683655557392406,1683655557394160,1754
1683655557395788,1683655557397379,1591
1683655557405618,1683655557411981,6363
1683655557425300,1683655557428417,3117
1683655557441408,1683655557445009,3601
1683655557461332,1683655557462940,1608
1683655557464495,1683655557466013,1518
1683655557467780,1683655557469406,1626
1683655557471005,1683655557477886,6881
1683655557484423,1683655557485914,1491
1683655557487369,1683655557494346,6977
1683655557503218,1683655557510140,6922
1683655557525241,1683655557527025,1784
1683655557535354,1683655557537046,1692
1683655557552158,1683655557553815,1657
1683655557561152,1683655557569452,8300
1683655557571092,1683655557572687,1595
1683655557585073,1683655557593500,8427
1683655557594938,1683655557600481,5543
1683655557602162,1683655557609584,7422
1683655557625144,1683655557626647,1503
1683655557640094,1683655557653348,13254
1683655557654948,1683655557665097,10149
1683655557673007,1683655557685091,12084
1683655557686483,1683655557694499,8016
1683655557701007,1683655557710232,9225
1683655557718015,1683655557727662,9647
1683655557742054,1683655557743726,1672
1683655557745494,1683655557754887,9393
1683655557755902,1683655557762351,6449
1683655557769303,1683655557781296,11993
1683655557789079,1683655557790458,1379
1683655557796013,1683655557809345,13332
1683655557821378,1683655557822801,1423
1683655557830137,1683655557832763,2626
1683655557838919,1683655557846696,7777
1683655557848294,1683655557856832,8538
1683655557858495,1683655557860036,1541
1683655557861716,1683655557869035,7319
1683655557877280,1683655557889274,11994
1683655557890998,1683655557892659,1661
1683655557900760,1683655557910551,9791
1683655557912023,1683655557919430,7407
1683655557927895,1683655557929449,1554
1683655557941123,1683655557949680,8557
1683655557956153,1683655557964832,8679
1683655557979256,1683655557980887,1631
1683655557982364,1683655557991391,9027
1683655558002920,1683655558011319,8399
1683655558013117,1683655558014764,1647
1683655558022643,1683655558024182,1539
1683655558029647,1683655558031241,1594
1683655558032732,1683655558034300,1568
1683655558042136,1683655558043770,1634
1683655558053786,1683655558062267,8481
1683655558077122,1683655558089205,12083
1683655558096937,1683655558105155,8218
1683655558110404,1683655558118424,8020
1683655558133102,1683655558134953,1851
1683655558136499,1683655558143300,6801
1683655558151341,1683655558157083,5742
1683655558165357,1683655558167051,1694
1683655558168675,1683655558174197,5522
1683655558181851,1683655558183316,1465
1683655558190909,1683655558196998,6089
1683655558198074,1683655558199683,1609
1683655558206972,1683655558216588,9616
1683655558222653,1683655558231238,8585
1683655558233832,1683655558242857,9025
1683655558244499,1683655558253053,8554
1683655558261669,1683655558274318,12649
1683655558276086,1683655558277642,1556
1683655558279208,1683655558287080,7872
1683655558295170,1683655558305722,10552
1683655558307454,1683655558309124,1670
1683655558315148,1683655558321924,6776
1683655558330295,1683655558332114,1819
1683655558333721,1683655558335252,1531
1683655558344969,1683655558346681,1712
1683655558348319,1683655558356680,8361
1683655558369907,1683655558377466,7559
1683655558385918,1683655558401297,15379
1683655558402718,1683655558411634,8916
1683655558421037,1683655558437093,16056
1683655558446085,1683655558453772,7687
1683655558455437,1683655558463920,8483
1683655558469618,1683655558471421,1803
1683655558480919,1683655558482932,2013
1683655558484775,1683655558486579,1804
1683655558506395,1683655558508336,1941
1683655558509877,1683655558517002,7125
1683655558518079,1683655558519673,1594
1683655558531876,1683655558534708,2832
1683655558549146,1683655558551008,1862
1683655558552638,1683655558557883,5245
1683655558559538,1683655558561298,1760
1683655558573056,1683655558574727,1671
1683655558583204,1683655558584875,1671
1683655558590506,1683655558592142,1636
1683655558598367,1683655558605724,7357
1683655558615255,1683655558616597,1342
1683655558618398,1683655558619981,1583
1683655558628034,1683655558633669,5635
1683655558635326,1683655558641874,6548
1683655558649412,1683655558656187,6775
1683655558657822,1683655558659488,1666
1683655558665624,1683655558667802,2178
1683655558669523,1683655558676852,7329
1683655558678657,1683655558685020,6363
1683655558691451,1683655558700647,9196
1683655558702417,1683655558703934,1517
1683655558710240,1683655558711886,1646
1683655558713533,1683655558721283,7750
1683655558729342,1683655558738473,9131
1683655558740204,1683655558753070,12866
1683655558762056,1683655558769629,7573
1683655558771250,1683655558777569,6319
1683655558790875,1683655558791836,961
1683655558793362,1683655558803230,9868
1683655558807254,1683655558816376,9122
1683655558822222,1683655558823705,1483
1683655558829494,1683655558841988,12494
1683655558849074,1683655558850118,1044
1683655558857336,1683655558864200,6864
1683655558865839,1683655558873048,7209
1683655558878895,1683655558879867,972
1683655558881532,1683655558889012,7480
1683655558890324,1683655558898307,7983
1683655558900047,1683655558901622,1575
1683655558915209,1683655558916678,1469
1683655558925746,1683655558941886,16140
1683655558943530,1683655558957103,13573
1683655558965419,1683655558972060,6641
1683655558978268,1683655558979793,1525
1683655558989115,1683655558990416,1301
1683655559005342,1683655559013245,7903
1683655559026932,1683655559028959,2027
1683655559030587,1683655559032136,1549
1683655559037956,1683655559047295,9339
1683655559048838,1683655559061116,12278
1683655559069063,1683655559077080,8017
1683655559082475,1683655559084198,1723
1683655559085927,1683655559102315,16388
1683655559104139,1683655559109827,5688
1683655559111344,1683655559125097,13753
1683655559126922,1683655559128453,1531
1683655559135198,1683655559136645,1447
1683655559144049,1683655559145861,1812
1683655559152191,1683655559159035,6844
1683655559167206,1683655559173753,6547
1683655559183013,1683655559184675,1662
1683655559197444,1683655559198949,1505
1683655559200488,1683655559202067,1579
1683655559210667,1683655559212323,1656
1683655559213863,1683655559215505,1642
1683655559221591,1683655559223100,1509
1683655559228668,1683655559236617,7949
1683655559238234,1683655559247007,8773
1683655559253642,1683655559261011,7369
1683655559269318,1683655559271156,1838
1683655559272629,1683655559274270,1641
1683655559289060,1683655559297384,8324
1683655559298925,1683655559305030,6105
1683655559315329,1683655559317162,1833
1683655559326012,1683655559327636,1624
1683655559329357,1683655559331025,1668
1683655559341091,1683655559349133,8042
1683655559357119,1683655559358545,1426
1683655559366387,1683655559373845,7458
1683655559375541,1683655559377141,1600
1683655559389824,1683655559391672,1848
1683655559406426,1683655559413052,6626
1683655559419245,1683655559421034,1789
1683655559422722,1683655559437080,14358
1683655559438835,1683655559445456,6621
1683655559447134,1683655559448861,1727
1683655559454645,1683655559463573,8928
1683655559473152,1683655559474946,1794
1683655559485054,1683655559487010,1956
1683655559488758,1683655559493577,4819
1683655559501655,1683655559503317,1662
1683655559511113,1683655559520058,8945
1683655559533104,1683655559534892,1788
1683655559549251,1683655559551109,1858
1683655559552765,1683655559561042,8277
1683655559562555,1683655559564183,1628
1683655559570853,1683655559579933,9080
1683655559594017,1683655559602378,8361
1683655559615370,1683655559617266,1896
1683655559628478,1683655559630100,1622
1683655559637756,1683655559639444,1688
1683655559645192,1683655559654314,9122
1683655559661155,1683655559662775,1620
1683655559671375,1683655559672776,1401
1683655559686901,1683655559688717,1816
1683655559690897,1683655559697909,7012
1683655559705734,1683655559713128,7394
1683655559722442,1683655559730561,8119
1683655559732055,1683655559734590,2535
1683655559742600,1683655559753031,10431
1683655559759257,1683655559765376,6119
1683655559767143,1683655559781159,14016
1683655559782668,1683655559784380,1712
1683655559794168,1683655559801262,7094
1683655559802949,1683655559811021,8072
1683655559812661,1683655559821075,8414
1683655559822180,1683655559837149,14969
1683655559838586,1683655559849198,10612
1683655559857987,1683655559859629,1642
1683655559866390,1683655559881448,15058
1683655559883077,1683655559884794,1717
1683655559890691,1683655559899604,8913
1683655559909117,1683655559910211,1094
1683655559911766,1683655559921141,9375
1683655559922242,1683655559930851,8609
1683655559936734,1683655559945392,8658
1683655559947036,1683655559954878,7842
1683655559963322,1683655559966937,3615
1683655559974385,1683655559976735,2350
1683655559978267,1683655559984606,6339
1683655559986157,1683655559997891,11734
1683655559999520,1683655560017152,17632
1683655560025105,1683655560041173,16068
1683655560042827,1683655560049055,6228
1683655560051566,1683655560053102,1536
1683655560069162,1683655560076674,7512
1683655560083319,1683655560085218,1899
1683655560094026,1683655560101054,7028
1683655560105939,1683655560112307,6368
1683655560121105,1683655560122900,1795
1683655560130429,1683655560133835,3406
1683655560135577,1683655560137347,1770
1683655560145017,1683655560146727,1710
1683655560162616,1683655560173132,10516
1683655560175266,1683655560189195,13929
1683655560191092,1683655560200173,9081
1683655560206023,1683655560210485,4462
1683655560218390,1683655560220248,1858
1683655560227391,1683655560234853,7462
1683655560249130,1683655560257087,7957
1683655560265245,1683655560273056,7811
1683655560279271,1683655560281075,1804
1683655560293113,1683655560295042,1929
1683655560296811,1683655560298448,1637
1683655560311461,1683655560313136,1675
1683655560321135,1683655560329128,7993
1683655560337131,1683655560345351,8220
1683655560353699,1683655560362482,8783
1683655560364380,1683655560370379,5999
1683655560372258,1683655560373918,1660
1683655560376061,1683655560391247,15186
1683655560393396,1683655560402290,8894
1683655560411021,1683655560412737,1716
1683655560425295,1683655560427514,2219
1683655560429029,1683655560430823,1794
1683655560432420,1683655560440276,7856
1683655560442095,1683655560444305,2210
1683655560453082,1683655560454200,1118
1683655560461587,1683655560463426,1839
1683655560472197,1683655560478534,6337
1683655560486261,1683655560494557,8296
1683655560501991,1683655560503677,1686
1683655560511022,1683655560513277,2255
1683655560515099,1683655560523378,8279
1683655560525273,1683655560531070,5797
1683655560537127,1683655560538247,1120
1683655560540084,1683655560542147,2063
1683655560549335,1683655560550428,1093
1683655560558164,1683655560567440,9276
1683655560568698,1683655560577103,8405
1683655560578959,1683655560580654,1695
1683655560588836,1683655560594540,5704
1683655560596357,1683655560605157,8800
1683655560610296,1683655560618378,8082
1683655560620168,1683655560629223,9055
1683655560637621,1683655560639150,1529
1683655560647814,1683655560649445,1631
1683655560658488,1683655560667758,9270
1683655560674352,1683655560676840,2488
1683655560678414,1683655560681285,2871
1683655560682896,1683655560697359,14463
1683655560699123,1683655560709100,9977
1683655560710197,1683655560711896,1699
1683655560713576,1683655560720717,7141
1683655560722556,1683655560731378,8822
1683655560733232,1683655560741083,7851
1683655560742392,1683655560749780,7388
1683655560759218,1683655560760600,1382
1683655560769731,1683655560778717,8986
1683655560793105,1683655560801572,8467
1683655560803299,1683655560810413,7114
1683655560819401,1683655560821330,1929
1683655560823369,1683655560825058,1689
1683655560833795,1683655560845291,11496
1683655560846861,1683655560855566,8705
1683655560858082,1683655560859919,1837
1683655560874018,1683655560883503,9485
1683655560891155,1683655560892815,1660
1683655560894626,1683655560901942,7316
1683655560914072,1683655560915822,1750
1683655560917442,1683655560919586,2144
1683655560921288,1683655560923667,2379
1683655560937155,1683655560938949,1794
1683655560940633,1683655560948613,7980
1683655560950359,1683655560952196,1837
1683655560953886,1683655560955525,1639
1683655560963250,1683655560964767,1517
1683655560966380,1683655560968028,1648
1683655560974680,1683655560983237,8557
1683655560992652,1683655560994327,1675
1683655561002995,1683655561004855,1860
1683655561014363,1683655561016678,2315
1683655561018607,1683655561025105,6498
1683655561026314,1683655561028024,1710
1683655561041815,1683655561049048,7233
1683655561057400,1683655561059158,1758
1683655561065895,1683655561077039,11144
1683655561085377,1683655561087003,1626
1683655561093618,1683655561100975,7357
1683655561102744,1683655561110898,8154
1683655561112768,1683655561114539,1771
1683655561116376,1683655561117988,1612
1683655561119760,1683655561128676,8916
1683655561130440,1683655561132665,2225
1683655561141813,1683655561150514,8701
1683655561152440,1683655561165022,12582
1683655561172071,1683655561175009,2938
1683655561181588,1683655561189635,8047
1683655561201858,1683655561206537,4679
1683655561214076,1683655561225952,11876
1683655561227857,1683655561229802,1945
1683655561238776,1683655561240493,1717
1683655561249950,1683655561252664,2714
1683655561254356,1683655561262871,8515
1683655561263986,1683655561272752,8766
1683655561275415,1683655561284183,8768
1683655561290619,1683655561297845,7226
1683655561304122,1683655561313399,9277
1683655561315625,1683655561323047,7422
1683655561329703,1683655561331446,1743
1683655561333713,1683655561342154,8441
1683655561344487,1683655561346502,2015
1683655561354942,1683655561357141,2199
1683655561359037,1683655561361168,2131
1683655561370926,1683655561381170,10244
1683655561383093,1683655561385163,2070
1683655561391534,1683655561410005,18471
1683655561412228,1683655561421694,9466
1683655561429296,1683655561431954,2658
1683655561441025,1683655561442259,1234
1683655561457465,1683655561459481,2016
1683655561462776,1683655561468688,5912
1683655561486884,1683655561490412,3528
1683655561497166,1683655561505152,7986
1683655561513750,1683655561515655,1905
1683655561523445,1683655561530187,6742
1683655561532172,1683655561537684,5512
1683655561553076,1683655561555222,2146
1683655561561295,1683655561563885,2590
1683655561572039,1683655561581362,9323
1683655561583233,1683655561589948,6715
1683655561592263,1683655561598993,6730
1683655561602620,1683655561609110,6490
1683655561617490,1683655561630501,13011
1683655561639472,1683655561641164,1692
1683655561642954,1683655561644630,1676
1683655561646521,1683655561663451,16930
1683655561670638,1683655561676206,5568
1683655561692723,1683655561701623,8900
1683655561703492,1683655561705612,2120
1683655561707316,1683655561717244,9928
1683655561719551,1683655561732147,12596
1683655561745577,1683655561747328,1751
1683655561755690,1683655561763154,7464
1683655561765167,1683655561767131,1964
1683655561769159,1683655561771176,2017
1683655561780082,1683655561788241,8159
1683655561797060,1683655561799032,1972
1683655561809090,1683655561810307,1217
1683655561812689,1683655561819651,6962
1683655561821442,1683655561823373,1931
1683655561826453,1683655561828948,2495
1683655561836889,1683655561838650,1761
1683655561840564,1683655561849910,9346
1683655561851716,1683655561858049,6333
1683655561860665,1683655561865577,4912
1683655561867495,1683655561873596,6101
1683655561876149,1683655561881381,5232
1683655561889752,1683655561905139,15387
1683655561914359,1683655561916669,2310
1683655561922877,1683655561925797,2920
1683655561934673,1683655561942106,7433
1683655561949400,1683655561958407,9007
1683655561960464,1683655561967383,6919
1683655561969177,1683655561972074,2897
1683655561974471,1683655561983281,8810
1683655561989122,1683655561997764,8642
1683655562006437,1683655562014361,7924
1683655562021862,1683655562023699,1837
1683655562025630,1683655562035968,10338
1683655562044135,1683655562051336,7201
1683655562053326,1683655562061115,7789
1683655562077228,1683655562080276,3048
1683655562086469,1683655562088394,1925
1683655562104308,1683655562111271,6963
1683655562113369,1683655562119561,6192
1683655562121119,1683655562127579,6460
1683655562135381,1683655562142468,7087
1683655562157140,1683655562166449,9309
1683655562173584,1683655562175112,1528
1683655562189140,1683655562191062,1922
1683655562192748,1683655562203332,10584
1683655562205172,1683655562210529,5357
1683655562217717,1683655562219546,1829
1683655562225778,1683655562227948,2170
1683655562241355,1683655562257408,16053
1683655562259409,1683655562265880,6471
1683655562267591,1683655562269447,1856
1683655562279176,1683655562294801,15625
1683655562297105,1683655562305963,8858
1683655562308317,1683655562314396,6079
1683655562323362,1683655562326486,3124
1683655562333713,1683655562341576,7863
1683655562349849,1683655562358915,9066
1683655562360139,1683655562367335,7196
1683655562377091,1683655562385161,8070
1683655562393089,1683655562401079,7990
1683655562402149,1683655562404022,1873
1683655562413869,1683655562425164,11295
1683655562427255,1683655562428931,1676
1683655562430679,1683655562437975,7296
1683655562445940,1683655562455164,9224
1683655562462538,1683655562473147,10609
1683655562475028,1683655562482822,7794
1683655562490165,1683655562491977,1812
1683655562493650,1683655562502384,8734
1683655562511026,1683655562512899,1873
1683655562521137,1683655562527370,6233
1683655562537196,1683655562545375,8179
1683655562547324,1683655562549123,1799
1683655562551009,1683655562557397,6388
1683655562573119,1683655562575089,1970
1683655562587323,1683655562590320,2997
1683655562599264,1683655562600882,1618
1683655562609075,1683655562615350,6275
1683655562621136,1683655562629435,8299
1683655562638902,1683655562647226,8324
1683655562658470,1683655562665022,6552
1683655562669287,1683655562676185,6898
1683655562678031,1683655562680155,2124
1683655562690907,1683655562699559,8652
1683655562701332,1683655562709726,8394
1683655562711468,1683655562718192,6724
1683655562719700,1683655562725854,6154
1683655562727383,1683655562735163,7780
1683655562737162,1683655562739090,1928
1683655562754898,1683655562755924,1026
1683655562757737,1683655562767236,9499
1683655562774457,1683655562780179,5722
1683655562781981,1683655562783666,1685
1683655562791361,1683655562805154,13793
1683655562813017,1683655562819348,6331
1683655562822762,1683655562824441,1679
1683655562829559,1683655562838363,8804
1683655562840191,1683655562849030,8839
1683655562850812,1683655562858401,7589
1683655562866171,1683655562873726,7555
1683655562875521,1683655562883400,7879
1683655562885128,1683655562894635,9507
1683655562909096,1683655562910827,1731
1683655562919029,1683655562920886,1857
1683655562922521,1683655562924241,1720
1683655562934500,1683655562942746,8246
1683655562944601,1683655562951037,6436
1683655562952776,1683655562954525,1749
1683655562977219,1683655562985976,8757
1683655562987646,1683655562989244,1598
1683655562996777,1683655563007417,10640
1683655563008681,1683655563010333,1652
1683655563011886,1683655563020140,8254
1683655563026520,1683655563028176,1656
1683655563042985,1683655563044295,1310
1683655563046003,1683655563054901,8898
1683655563062918,1683655563064074,1156
1683655563065899,1683655563067500,1601
1683655563069125,1683655563085141,16016
1683655563093644,1683655563101961,8317
1683655563109723,1683655563111497,1774
1683655563126552,1683655563134281,7729
1683655563136074,1683655563144664,8590
1683655563146364,1683655563148086,1722
1683655563160099,1683655563163130,3031
1683655563170906,1683655563172629,1723
1683655563177655,1683655563179368,1713
1683655563181141,1683655563182761,1620
1683655563184479,1683655563191192,6713
1683655563192787,1683655563207418,14631
1683655563209395,1683655563225168,15773
1683655563226725,1683655563228444,1719
1683655563237144,1683655563242594,5450
1683655563246496,1683655563248304,1808
1683655563253942,1683655563255538,1596
1683655563257103,1683655563258812,1709
1683655563266302,1683655563289188,22886
1683655563298606,1683655563300391,1785
1683655563302225,1683655563303990,1765
1683655563310217,1683655563311987,1770
1683655563313722,1683655563315681,1959
1683655563330446,1683655563332180,1734
1683655563338161,1683655563347253,9092
1683655563348656,1683655563350295,1639
1683655563352105,1683655563359206,7101
1683655563360767,1683655563362347,1580
1683655563364085,1683655563377157,13072
1683655563378880,1683655563380664,1784
1683655563393884,1683655563405183,11299
1683655563406821,1683655563409419,2598
1683655563423284,1683655563425150,1866
1683655563434339,1683655563436122,1783
1683655563441980,1683655563451254,9274
1683655563452696,1683655563458383,5687
1683655563460141,1683655563469010,8869
1683655563475295,1683655563485059,9764
1683655563486083,1683655563488052,1969
1683655563505622,1683655563512133,6511
1683655563525284,1683655563533850,8566
1683655563542426,1683655563553123,10697
1683655563554942,1683655563560867,5925
1683655563562738,1683655563564485,1747
1683655563566289,1683655563568016,1727
1683655563569887,1683655563571802,1915
1683655563576847,1683655563589112,12265
1683655563591182,1683655563599403,8221
1683655563606867,1683655563613955,7088
1683655563623300,1683655563624883,1583
1683655563634296,1683655563636055,1759
1683655563637783,1683655563639735,1952
1683655563649107,1683655563650243,1136
1683655563652030,1683655563665099,13069
1683655563675474,1683655563679618,4144
1683655563693189,1683655563701751,8562
1683655563703591,1683655563713246,9655
1683655563718892,1683655563729106,10214
1683655563735291,1683655563736632,1341
1683655563746639,1683655563748275,1636
1683655563750102,1683655563751732,1630
1683655563753360,1683655563764937,11577
1683655563766779,1683655563768399,1620
1683655563777155,1683655563778538,1383
1683655563786065,1683655563793353,7288
1683655563802366,1683655563803957,1591
1683655563805493,1683655563807125,1632
1683655563814679,1683655563816525,1846
1683655563818367,1683655563819918,1551
1683655563821517,1683655563823304,1787
1683655563834903,1683655563838528,3625
1683655563840363,1683655563849739,9376
1683655563856016,1683655563862186,6170
1683655563870324,1683655563871909,1585
1683655563873520,1683655563882223,8703
1683655563888110,1683655563896901,8791
1683655563917116,1683655563925319,8203
1683655563937192,1683655563938832,1640
1683655563949137,1683655563950220,1083
1683655563951934,1683655563953595,1661
1683655563964018,1683655563965828,1810
1683655563967491,1683655563975435,7944
1683655563982456,1683655563984069,1613
1683655563990911,1683655563999523,8612
1683655564008740,1683655564010627,1887
1683655564012421,1683655564021701,9280
1683655564029667,1683655564031424,1757
1683655564039422,1683655564041511,2089
1683655564050260,1683655564057796,7536
1683655564066229,1683655564073461,7232
1683655564082541,1683655564089074,6533
1683655564097470,1683655564099166,1696
1683655564100913,1683655564102499,1586
1683655564110806,1683655564125177,14371
1683655564127052,1683655564141126,14074
1683655564142835,1683655564144416,1581
1683655564146059,1683655564147717,1658
1683655564149422,1683655564155998,6576
1683655564161719,1683655564163369,1650
1683655564169530,1683655564171223,1693
1683655564173134,1683655564179262,6128
1683655564180573,1683655564193123,12550
1683655564195002,1683655564209107,14105
1683655564217939,1683655564219645,1706
1683655564227252,1683655564228607,1355
1683655564234226,1683655564235870,1644
1683655564237492,1683655564246265,8773
1683655564261174,1683655564262990,1816
1683655564274883,1683655564277043,2160
1683655564285737,1683655564287519,1782
1683655564301488,1683655564309048,7560
1683655564310702,1683655564312260,1558
1683655564313847,1683655564327285,13438
1683655564333298,1683655564339258,5960
1683655564347138,1683655564353304,6166
1683655564361134,1683655564363027,1893
1683655564377300,1683655564379070,1770
1683655564380624,1683655564388654,8030
1683655564397963,1683655564399637,1674
1683655564401300,1683655564403001,1701
1683655564404663,1683655564410241,5578
1683655564412081,1683655564413651,1570
1683655564423281,1683655564424456,1175
1683655564426349,1683655564427971,1622
1683655564429878,1683655564438766,8888
1683655564453174,1683655564454983,1809
1683655564469139,1683655564475294,6155
1683655564477040,1683655564485868,8828
1683655564493685,1683655564501781,8096
1683655564514291,1683655564516208,1917
1683655564518125,1683655564520239,2114
1683655564522029,1683655564523918,1889
1683655564532732,1683655564534568,1836
1683655564542319,1683655564544038,1719
1683655564551183,1683655564553227,2044
1683655564573149,1683655564581681,8532
1683655564583440,1683655564585302,1862
1683655564587098,1683655564588897,1799
1683655564597844,1683655564606458,8614
1683655564608181,1683655564609961,1780
1683655564616608,1683655564618281,1673
1683655564619899,1683655564621656,1757
1683655564627423,1683655564629128,1705
1683655564631018,1683655564632751,1733
1683655564639475,1683655564641278,1803
1683655564643034,1683655564644771,1737
1683655564658367,1683655564665048,6681
1683655564668317,1683655564670052,1735
1683655564677500,1683655564678895,1395
1683655564684884,1683655564686611,1727
1683655564705259,1683655564707006,1747
1683655564708766,1683655564710337,1571
1683655564717701,1683655564731258,13557
1683655564739252,1683655564740768,1516
1683655564742489,1683655564744308,1819
1683655564757103,1683655564758704,1601
1683655564766888,1683655564774141,7253
1683655564789754,1683655564791331,1577
1683655564806490,1683655564812145,5655
1683655564814948,1683655564823063,8115
1683655564824686,1683655564841280,16594
1683655564853053,1683655564855011,1958
1683655564856749,1683655564871288,14539
1683655564873233,1683655564875158,1925
1683655564876724,1683655564885018,8294
1683655564886017,1683655564901154,15137
1683655564902839,1683655564918892,16053
1683655564925104,1683655564931329,6225
1683655564939141,1683655564950066,10925
1683655564959282,1683655564965370,6088
1683655564981283,1683655564987675,6392
1683655565001474,1683655565003222,1748
1683655565012818,1683655565014635,1817
1683655565023279,1683655565031227,7948
1683655565032583,1683655565041742,9159
1683655565047243,1683655565063393,16150
1683655565065074,1683655565066592,1518
1683655565068056,1683655565069525,1469
1683655565074867,1683655565081031,6164
1683655565097125,1683655565099088,1963
1683655565114507,1683655565116239,1732
1683655565117871,1683655565134452,16581
1683655565136047,1683655565146146,10099
1683655565147954,1683655565156915,8961
1683655565164043,1683655565165577,1534
1683655565167116,1683655565172621,5505
1683655565174236,1683655565185672,11436
1683655565195098,1683655565196131,1033
1683655565197922,1683655565217060,19138
1683655565223527,1683655565233029,9502
1683655565234098,1683655565235649,1551
1683655565237324,1683655565245742,8418
1683655565252649,1683655565260048,7399
1683655565268357,1683655565277388,9031
1683655565293137,1683655565302474,9337
1683655565309615,1683655565321115,11500
1683655565322678,1683655565324153,1475
1683655565331391,1683655565344640,13249
1683655565346325,1683655565347944,1619
1683655565356644,1683655565358374,1730
1683655565359950,1683655565361429,1479
1683655565369043,1683655565381302,12259
1683655565383077,1683655565397098,14021
1683655565398877,1683655565406679,7802
1683655565408368,1683655565409988,1620
1683655565418473,1683655565420046,1573
1683655565426826,1683655565428417,1591
1683655565436692,1683655565446254,9562
1683655565447954,1683655565463355,15401
1683655565465123,1683655565474327,9204
1683655565489082,1683655565497086,8004
1683655565498925,1683655565500559,1634
1683655565509772,1683655565511513,1741
1683655565520564,1683655565527251,6687
1683655565529630,1683655565541040,11410
1683655565542653,1683655565557103,14450
1683655565565277,1683655565566942,1665
1683655565568528,1683655565574518,5990
1683655565581881,1683655565583516,1635
1683655565589816,1683655565591529,1713
1683655565593141,1683655565602645,9504
1683655565608678,1683655565620054,11376
1683655565621702,1683655565630566,8864
1683655565632321,1683655565640680,8359
1683655565644648,1683655565661689,17041
1683655565670713,1683655565678912,8199
1683655565686890,1683655565687855,965
1683655565689615,1683655565691315,1700
1683655565692944,1683655565701852,8908
1683655565703596,1683655565717096,13500
1683655565718800,1683655565723826,5026
1683655565729684,1683655565736012,6328
1683655565741618,1683655565748081,6463
1683655565753897,1683655565761924,8027
1683655565763538,1683655565773049,9511
1683655565777063,1683655565778778,1715
1683655565780420,1683655565782040,1620
1683655565790556,1683655565799311,8755
1683655565802668,1683655565809084,6416
1683655565815250,1683655565821799,6549
1683655565830415,1683655565837150,6735
1683655565845813,1683655565847431,1618
1683655565849229,1683655565850870,1641
1683655565856667,1683655565858388,1721
1683655565874011,1683655565881046,7035
1683655565882072,1683655565883792,1720
1683655565885343,1683655565895628,10285
1683655565904559,1683655565906152,1593
1683655565907734,1683655565917047,9313
1683655565926572,1683655565933020,6448
1683655565941160,1683655565949734,8574
1683655565957727,1683655565959322,1595
1683655565973117,1683655565974972,1855
1683655565976676,1683655565981832,5156
1683655565988856,1683655566005261,16405
1683655566009680,1683655566011164,1484
1683655566017069,1683655566025011,7942
1683655566026131,1683655566027764,1633
1683655566035214,1683655566045378,10164
1683655566047021,1683655566055286,8265
1683655566070061,1683655566071804,1743
1683655566081107,1683655566089137,8030
1683655566097812,1683655566099458,1646
1683655566105625,1683655566107252,1627
1683655566113761,1683655566115294,1533
1683655566116834,1683655566125189,8355
1683655566126794,1683655566128482,1688
1683655566134401,1683655566135954,1553
1683655566151288,1683655566153027,1739
1683655566162206,1683655566163791,1585
1683655566174095,1683655566180093,5998
1683655566189139,1683655566197188,8049
1683655566198619,1683655566200246,1627
1683655566201951,1683655566214950,12999
1683655566222442,1683655566237110,14668
1683655566245029,1683655566247001,1972
1683655566253634,1683655566255390,1756
1683655566261697,1683655566277075,15378
1683655566278087,1683655566286114,8027
1683655566301127,1683655566302274,1147
1683655566309735,1683655566316065,6330
1683655566325226,1683655566326801,1575
1683655566328400,1683655566330040,1640
1683655566345087,1683655566346834,1747
1683655566357332,1683655566365709,8377
1683655566373734,1683655566375545,1811
1683655566383326,1683655566384605,1279
1683655566386313,1683655566394975,8662
1683655566396519,1683655566401874,5355
1683655566403676,1683655566418246,14570
1683655566426401,1683655566428126,1725
1683655566429735,1683655566438268,8533
1683655566446048,1683655566453653,7605
1683655566455374,1683655566462479,7105
1683655566464022,1683655566465880,1858
1683655566473629,1683655566479971,6342
1683655566486105,1683655566487911,1806
1683655566496173,1683655566504189,8016
1683655566517319,1683655566518896,1577
1683655566520683,1683655566522332,1649
1683655566537113,1683655566538734,1621
1683655566540342,1683655566542126,1784
1683655566549993,1683655566558877,8884
1683655566566189,1683655566585081,18892
1683655566586878,1683655566588318,1440
1683655566597774,1683655566604956,7182
1683655566614228,1683655566622580,8352
1683655566634455,1683655566645635,11180
1683655566654065,1683655566661881,7816
1683655566669068,1683655566670680,1612
1683655566672194,1683655566678032,5838
1683655566693100,1683655566694919,1819
1683655566696553,1683655566698293,1740
1683655566699864,1683655566705814,5950
1683655566714159,1683655566715873,1714
1683655566717566,1683655566719075,1509
1683655566726234,1683655566739333,13099
1683655566741018,1683655566748682,7664
1683655566750368,1683655566758416,8048
1683655566760174,1683655566768662,8488
1683655566775365,1683655566785020,9655
1683655566798862,1683655566799893,1031
1683655566806399,1683655566821073,14674
1683655566822866,1683655566824731,1865
1683655566826513,1683655566841385,14872
1683655566854921,1683655566856027,1106
1683655566857627,1683655566867044,9417
1683655566880239,1683655566881860,1621
1683655566883383,1683655566885003,1620
1683655566893086,1683655566901042,7956
1683655566906908,1683655566917219,10311
1683655566919117,1683655566925106,5989
1683655566931268,1683655566933008,1740
1683655566934765,1683655566940672,5907
1683655566957104,1683655566958502,1398
1683655566960349,1683655566973087,12738
1683655566975067,1683655566982461,7394
1683655566984722,1683655566986406,1684
1683655566988327,1683655566990148,1821
1683655566998419,1683655567005964,7545
1683655567019246,1683655567033100,13854
1683655567041034,1683655567049161,8127
1683655567051082,1683655567052635,1553
1683655567061013,1683655567067363,6350
1683655567075220,1683655567076668,1448
1683655567086115,1683655567087808,1693
1683655567093732,1683655567101165,7433
1683655567109685,1683655567118169,8484
1683655567119883,1683655567121725,1842
1683655567123351,1683655567129692,6341
1683655567138203,1683655567143547,5344
1683655567146914,1683655567155314,8400
1683655567161626,1683655567169656,8030
1683655567171402,1683655567173093,1691
1683655567174847,1683655567182859,8012
1683655567184947,1683655567193726,8779
1683655567195401,1683655567197114,1713
1683655567205851,1683655567207473,1622
1683655567209206,1683655567215356,6150
1683655567221601,1683655567223299,1698
1683655567224912,1683655567245106,20194
1683655567246192,1683655567266051,19859
1683655567275086,1683655567282885,7799
1683655567297174,1683655567298969,1795
1683655567304058,1683655567305619,1561
1683655567314112,1683655567325061,10949
1683655567337071,1683655567338532,1461
1683655567353313,1683655567355053,1740
1683655567361673,1683655567363314,1641
1683655567364978,1683655567374386,9408
1683655567376088,1683655567384267,8179
1683655567392211,1683655567393996,1785
1683655567402673,1683655567409638,6965
1683655567411389,1683655567413056,1667
1683655567421726,1683655567431284,9558
1683655567438529,1683655567445651,7122
1683655567454106,1683655567463224,9118
1683655567470300,1683655567477644,7344
1683655567479200,1683655567487233,8033
1683655567488950,1683655567490585,1635
1683655567499027,1683655567500686,1659
1683655567507485,1683655567522027,14542
