1683655555744485,1683655555768268,23783
1683655555780600,1683655555787561,6961
1683655555796153,1683655555797750,1597
1683655555799419,1683655555808483,9064
1683655555815115,1683655555816857,1742
1683655555824243,1683655555830553,6310
1683655555838533,1683655555840342,1809
1683655555846378,1683655555848024,1646
1683655555856580,1683655555862912,6332
1683655555872223,1683655555873842,1619
1683655555879440,1683655555887504,8064
1683655555894286,1683655555902055,7769
1683655555903756,1683655555911231,7475
1683655555919016,1683655555928355,9339
1683655555937245,1683655555944410,7165
1683655555950428,1683655555959840,9412
1683655555961550,1683655555963145,1595
1683655555964661,1683655555966428,1767
1683655555975351,1683655555983588,8237
1683655555990962,1683655556000314,9352
1683655556001944,1683655556007148,5204
1683655556015694,1683655556024404,8710
1683655556030432,1683655556032180,1748
1683655556033770,1683655556042017,8247
1683655556043731,1683655556049321,5590
1683655556050997,1683655556058026,7029
1683655556059533,1683655556067793,8260
1683655556069495,1683655556079232,9737
1683655556080916,1683655556082656,1740
1683655556095818,1683655556103068,7250
1683655556112318,1683655556120555,8237
1683655556122255,1683655556128292,6037
1683655556134944,1683655556150516,15572
1683655556152337,1683655556154056,1719
1683655556155680,1683655556157068,1388
1683655556171180,1683655556179770,8590
1683655556181402,1683655556183022,1620
1683655556184798,1683655556193014,8216
1683655556194674,1683655556200938,6264
1683655556202716,1683655556212462,9746
1683655556222171,1683655556231086,8915
1683655556238918,1683655556255097,16179
1683655556257243,1683655556258825,1582
1683655556265815,1683655556274119,8304
1683655556281335,1683655556290180,8845
1683655556291669,1683655556307832,16163
1683655556314370,1683655556327979,13609
1683655556336399,1683655556338141,1742
1683655556339843,1683655556348176,8333
1683655556356090,1683655556365662,9572
1683655556371021,1683655556375283,4262
1683655556384601,1683655556391524,6923
1683655556393195,1683655556402227,9032
1683655556408549,1683655556410278,1729
1683655556412002,1683655556423357,11355
1683655556424908,1683655556432478,7570
1683655556439057,1683655556448288,9231
1683655556455748,1683655556463527,7779
1683655556481146,1683655556487216,6070
1683655556489070,1683655556490768,1698
1683655556492469,1683655556500373,7904
1683655556502051,1683655556506944,4893
1683655556508756,1683655556526556,17800
1683655556528263,1683655556535810,7547
1683655556542952,1683655556545458,2506
1683655556546935,1683655556555768,8833
1683655556563075,1683655556570375,7300
1683655556572051,1683655556579298,7247
1683655556580901,1683655556590505,9604
1683655556599783,1683655556606261,6478
1683655556607924,1683655556617453,9529
1683655556626063,1683655556627573,1510
1683655556640153,1683655556641666,1513
1683655556643401,1683655556657382,13981
1683655556659129,1683655556668422,9293
1683655556675775,1683655556677391,1616
1683655556679094,1683655556691859,12765
1683655556693529,1683655556698452,4923
1683655556707751,1683655556709481,1730
1683655556716415,1683655556723796,7381
1683655556726365,1683655556727997,1632
1683655556734949,1683655556744360,9411
1683655556752853,1683655556758938,6085
1683655556764947,1683655556780371,15424
1683655556781845,1683655556783502,1657
1683655556799614,1683655556801248,1634
1683655556807943,1683655556809496,1553
1683655556811316,1683655556820378,9062
1683655556826940,1683655556836299,9359
1683655556837925,1683655556847665,9740
1683655556855059,1683655556856901,1842
1683655556866126,1683655556881422,15296
1683655556890577,1683655556898844,8267
1683655556900678,1683655556909790,9112
1683655556915646,1683655556922984,7338
1683655556929425,1683655556932175,2750
1683655556933895,1683655556941423,7528
1683655556958591,1683655556960445,1854
1683655556975133,1683655556983073,7940
1683655556992263,1683655557000844,8581
1683655557002358,1683655557008227,5869
1683655557009597,1683655557015722,6125
1683655557022983,1683655557032405,9422
1683655557033916,1683655557035740,1824
1683655557037522,1683655557044608,7086
1683655557045991,1683655557047656,1665
1683655557055443,1683655557057062,1619
1683655557064152,1683655557066000,1848
1683655557071770,1683655557073355,1585
1683655557075007,1683655557083818,8811
1683655557085349,1683655557094207,8858
1683655557096103,1683655557097792,1689
1683655557099552,1683655557108256,8704
1683655557109831,1683655557118322,8491
1683655557124127,1683655557131710,7583
1683655557133239,1683655557141222,7983
1683655557150359,1683655557158573,8214
1683655557166013,1683655557178825,12812
1683655557188436,1683655557195683,7247
1683655557204974,1683655557206613,1639
1683655557214445,1683655557216185,1740
1683655557221366,1683655557228385,7019
1683655557230162,1683655557231624,1462
1683655557237329,1683655557243517,6188
1683655557266598,1683655557275869,9271
1683655557277563,1683655557286036,8473
1683655557292242,1683655557299776,7534
1683655557309151,1683655557310692,1541
1683655557315732,1683655557321486,5754
1683655557327037,1683655557334319,7282
1683655557341213,1683655557350616,9403
1683655557358522,1683655557360278,1756
1683655557368290,1683655557370072,1782
1683655557377454,1683655557384132,6678
1683655557385854,1683655557387561,1707
1683655557389292,1683655557390995,1703
1683655557398967,1683655557405413,6446
1683655557410979,1683655557421526,10547
1683655557434523,1683655557438485,3962
1683655557446970,1683655557456423,9453
1683655557458051,1683655557459475,1424
1683655557461140,1683655557462785,1645
1683655557464327,1683655557470033,5706
1683655557477653,1683655557479384,1731
1683655557480820,1683655557482534,1714
1683655557489512,1683655557498058,8546
1683655557512474,1683655557520449,7975
1683655557526956,1683655557536888,9932
1683655557545512,1683655557547207,1695
1683655557554445,1683655557562580,8135
1683655557564431,1683655557566194,1763
1683655557573440,1683655557586483,13043
1683655557588434,1683655557593709,5275
1683655557595561,1683655557603097,7536
1683655557611750,1683655557624873,13123
1683655557633452,1683655557641506,8054
1683655557648399,1683655557654431,6032
1683655557659547,1683655557670565,11018
1683655557679994,1683655557687823,7829
1683655557694399,1683655557703606,9207
1683655557711573,1683655557721170,9597
1683655557728447,1683655557737195,8748
1683655557738980,1683655557740547,1567
1683655557749367,1683655557750924,1557
1683655557762817,1683655557774518,11701
1683655557776175,1683655557783946,7771
1683655557789421,1683655557795593,6172
1683655557814559,1683655557816232,1673
1683655557824836,1683655557826147,1311
1683655557832368,1683655557840128,7760
1683655557848864,1683655557850121,1257
1683655557851879,1683655557853449,1570
1683655557855162,1683655557856812,1650
1683655557863494,1683655557877451,13957
1683655557884423,1683655557892834,8411
1683655557894075,1683655557895786,1711
1683655557905486,1683655557907159,1673
1683655557921178,1683655557922984,1806
1683655557929441,1683655557943049,13608
1683655557949558,1683655557958314,8756
1683655557966148,1683655557974468,8320
1683655557975898,1683655557984865,8967
1683655557990905,1683655557997440,6535
1683655558006553,1683655558008185,1632
1683655558016232,1683655558017705,1473
1683655558022912,1683655558024617,1705
1683655558026248,1683655558027718,1470
1683655558035693,1683655558037226,1533
1683655558047100,1683655558055718,8618
1683655558062983,1683655558082607,19624
1683655558090317,1683655558096291,5974
1683655558103790,1683655558111784,7994
1683655558118966,1683655558128306,9340
1683655558129974,1683655558131480,1506
1683655558138701,1683655558146245,7544
1683655558151543,1683655558160523,8980
1683655558162129,1683655558167747,5618
1683655558169238,1683655558176866,7628
1683655558184361,1683655558185788,1427
1683655558191485,1683655558193130,1645
1683655558200435,1683655558209752,9317
1683655558216130,1683655558217739,1609
1683655558227098,1683655558236446,9348
1683655558237935,1683655558246660,8725
1683655558255034,1683655558262566,7532
1683655558269484,1683655558271047,1563
1683655558272648,1683655558280467,7819
1683655558288617,1683655558299138,10521
1683655558300827,1683655558302560,1733
1683655558308603,1683655558315442,6839
1683655558323828,1683655558325552,1724
1683655558327152,1683655558336841,9689
1683655558338364,1683655558340233,1869
1683655558341772,1683655558350085,8313
1683655558356371,1683655558370654,14283
1683655558379292,1683655558387193,7901
1683655558396205,1683655558404868,8663
1683655558414549,1683655558422984,8435
1683655558432429,1683655558447042,14613
1683655558448810,1683655558457261,8451
1683655558462935,1683655558464815,1880
1683655558474148,1683655558476321,2173
1683655558478165,1683655558480009,1844
1683655558492406,1683655558501739,9333
1683655558503411,1683655558505246,1835
1683655558511406,1683655558513141,1735
1683655558524875,1683655558528138,3263
1683655558534957,1683655558544350,9393
1683655558546047,1683655558547570,1523
1683655558552978,1683655558554678,1700
1683655558561340,1683655558568144,6804
1683655558576571,1683655558578292,1721
1683655558583726,1683655558585613,1887
1683655558591766,1683655558598958,7192
1683655558600861,1683655558610078,9217
1683655558611831,1683655558613388,1557
1683655558621409,1683655558626994,5585
1683655558628737,1683655558630353,1616
1683655558642603,1683655558649584,6981
1683655558651312,1683655558652919,1607
1683655558659039,1683655558661132,2093
1683655558662808,1683655558670258,7450
1683655558672008,1683655558673630,1622
1683655558679550,1683655558694061,14511
1683655558695704,1683655558697320,1616
1683655558703590,1683655558705493,1903
1683655558706885,1683655558708393,1508
1683655558715761,1683655558731835,16074
1683655558733556,1683655558740502,6946
1683655558748449,1683655558762959,14510
1683655558764712,1683655558770988,6276
1683655558778194,1683655558785320,7126
1683655558786768,1683655558792352,5584
1683655558800826,1683655558809718,8892
1683655558815634,1683655558817260,1626
1683655558822739,1683655558830253,7514
1683655558836989,1683655558843549,6560
1683655558850574,1683655558857522,6948
1683655558859303,1683655558860916,1613
1683655558867595,1683655558873384,5789
1683655558875060,1683655558876672,1612
1683655558883781,1683655558885320,1539
1683655558893436,1683655558895048,1612
1683655558900822,1683655558910084,9262
1683655558919109,1683655558927724,8615
1683655558936999,1683655558943765,6766
1683655558952050,1683655558965471,13421
1683655558971633,1683655558973222,1589
1683655558974653,1683655558983915,9262
1683655558990955,1683655559006888,15933
1683655559015501,1683655559022336,6835
1683655559023918,1683655559025759,1841
1683655559031582,1683655559033115,1533
1683655559042260,1683655559049485,7225
1683655559060877,1683655559063546,2669
1683655559071627,1683655559077503,5876
1683655559079213,1683655559088357,9144
1683655559097597,1683655559099177,1580
1683655559104740,1683655559110951,6211
1683655559120188,1683655559121898,1710
1683655559123416,1683655559130030,6614
1683655559137306,1683655559139244,1938
1683655559145563,1683655559152382,6819
1683655559159090,1683655559167112,8022
1683655559176486,1683655559178166,1680
1683655559190582,1683655559192343,1761
1683655559193925,1683655559195540,1615
1683655559204047,1683655559205711,1664
1683655559207256,1683655559212843,5587
1683655559214936,1683655559216532,1596
1683655559222080,1683655559230014,7934
1683655559231638,1683655559240501,8863
1683655559247079,1683655559255336,8257
1683655559262567,1683655559264449,1882
1683655559265980,1683655559267679,1699
1683655559275611,1683655559283496,7885
1683655559292348,1683655559294019,1671
1683655559299458,1683655559310496,11038
1683655559319668,1683655559321061,1393
1683655559322766,1683655559324427,1661
1683655559326188,1683655559335546,9358
1683655559343807,1683655559351942,8135
1683655559353704,1683655559365441,11737
1683655559368904,1683655559370513,1609
1683655559383421,1683655559385113,1692
1683655559395150,1683655559401541,6391
1683655559407472,1683655559414486,7014
1683655559416150,1683655559422986,6836
1683655559432216,1683655559438816,6600
1683655559440567,1683655559442305,1738
1683655559448093,1683655559456900,8807
1683655559466522,1683655559468352,1830
1683655559473355,1683655559480417,7062
1683655559482157,1683655559486927,4770
1683655559494965,1683655559496706,1741
1683655559504574,1683655559513363,8789
1683655559518936,1683655559528260,9324
1683655559534952,1683655559544378,9426
1683655559546092,1683655559547717,1625
1683655559555921,1683655559557498,1577
1683655559564289,1683655559573332,9043
1683655559580854,1683655559595701,14847
1683655559601194,1683655559610657,9463
1683655559621674,1683655559623457,1783
1683655559631101,1683655559632875,1774
1683655559638446,1683655559647672,9226
1683655559649397,1683655559656197,6800
1683655559663778,1683655559666290,2512
1683655559674054,1683655559682056,8002
1683655559684239,1683655559691196,6957
1683655559699281,1683655559706425,7144
1683655559708218,1683655559723858,15640
1683655559725331,1683655559726898,1567
1683655559735821,1683655559742069,6248
1683655559749375,1683655559758551,9176
1683655559760513,1683655559767548,7035
1683655559776114,1683655559777747,1633
1683655559787671,1683655559789133,1462
1683655559796484,1683655559804614,8130
1683655559806007,1683655559807769,1762
1683655559815549,1683655559823666,8117
1683655559831907,1683655559842450,10543
1683655559844171,1683655559852911,8740
1683655559859751,1683655559868127,8376
1683655559876453,1683655559878125,1672
1683655559884187,1683655559893034,8847
1683655559894675,1683655559903593,8918
1683655559905146,1683655559906780,1634
1683655559915618,1683655559924268,8650
1683655559930025,1683655559938480,8455
1683655559940380,1683655559941963,1583
1683655559951092,1683655559960349,9257
1683655559962396,1683655559970117,7721
1683655559971688,1683655559977957,6269
1683655559979649,1683655559984776,5127
1683655559992933,1683655560004869,11936
1683655560011722,1683655560026971,15249
1683655560036216,1683655560037831,1615
1683655560044895,1683655560046431,1536
1683655560057444,1683655560066627,9183
1683655560071708,1683655560078184,6476
1683655560087368,1683655560089257,1889
1683655560099197,1683655560105574,6377
1683655560107678,1683655560116330,8652
1683655560124047,1683655560127405,3358
1683655560129150,1683655560130804,1654
1683655560138465,1683655560140215,1750
1683655560155948,1683655560161384,5436
1683655560168667,1683655560175013,6346
1683655560184395,1683655560193520,9125
1683655560195471,1683655560203724,8253
1683655560211839,1683655560213674,1835
1683655560220947,1683655560228297,7350
1683655560237344,1683655560244399,7055
1683655560251595,1683655560260490,8895
1683655560267574,1683655560274469,6895
1683655560281515,1683655560288464,6949
1683655560290168,1683655560291912,1744
1683655560299003,1683655560306498,7495
1683655560308265,1683655560316898,8633
1683655560323976,1683655560331768,7792
1683655560347006,1683655560355821,8815
1683655560357750,1683655560359491,1741
1683655560365604,1683655560367356,1752
1683655560369597,1683655560379878,10281
1683655560386845,1683655560395079,8234
1683655560404475,1683655560406197,1722
1683655560410958,1683655560420813,9855
1683655560422345,1683655560424092,1747
1683655560425788,1683655560433579,7791
1683655560435483,1683655560437226,1743
1683655560439419,1683655560447599,8180
1683655560455145,1683655560456852,1707
1683655560465401,1683655560471761,6360
1683655560479731,1683655560487972,8241
1683655560495042,1683655560497063,2021
1683655560504436,1683655560506780,2344
1683655560508488,1683655560510203,1715
1683655560518562,1683655560524415,5853
1683655560526249,1683655560531594,5345
1683655560533484,1683655560535413,1929
1683655560537288,1683655560543935,6647
1683655560550457,1683655560552983,2526
1683655560562571,1683655560570495,7924
1683655560572294,1683655560574008,1714
1683655560582160,1683655560587754,5594
1683655560589566,1683655560591448,1882
1683655560603707,1683655560611771,8064
1683655560613652,1683655560623186,9534
1683655560631008,1683655560632508,1500
1683655560641244,1683655560642821,1577
1683655560651015,1683655560661087,10072
1683655560666874,1683655560670373,3499
1683655560671871,1683655560674033,2162
1683655560676266,1683655560683042,6776
1683655560692576,1683655560695399,2823
1683655560703614,1683655560705518,1904
1683655560707545,1683655560714138,6593
1683655560716005,1683655560717784,1779
1683655560726480,1683655560728276,1796
1683655560735637,1683655560743011,7374
1683655560744943,1683655560754979,10036
1683655560762967,1683655560772105,9138
1683655560779404,1683655560787617,8213
1683655560796764,1683655560803797,7033
1683655560812900,1683655560815150,2250
1683655560816763,1683655560818398,1635
1683655560836902,1683655560838616,1714
1683655560840317,1683655560848978,8661
1683655560851092,1683655560853277,2185
1683655560860372,1683655560876516,16144
1683655560884518,1683655560886179,1661
1683655560887962,1683655560895100,7138
1683655560903088,1683655560909245,6157
1683655560911040,1683655560912985,1945
1683655560914690,1683655560916932,2242
1683655560923085,1683655560932276,9191
1683655560933939,1683655560941836,7897
1683655560943782,1683655560945515,1733
1683655560947088,1683655560948786,1698
1683655560950339,1683655560958127,7788
1683655560959818,1683655560961387,1569
1683655560967948,1683655560975828,7880
1683655560986454,1683655560987653,1199
1683655560996362,1683655560998172,1810
1683655561007762,1683655561010107,2345
1683655561011895,1683655561013745,1850
1683655561019639,1683655561021451,1812
1683655561035104,1683655561036910,1806
1683655561043572,1683655561052442,8870
1683655561059272,1683655561066260,6988
1683655561071502,1683655561080386,8884
1683655561086930,1683655561094274,7344
1683655561096167,1683655561104228,8061
1683655561106088,1683655561107843,1755
1683655561109703,1683655561111381,1678
1683655561113219,1683655561121989,8770
1683655561123909,1683655561126088,2179
1683655561135235,1683655561143830,8595
1683655561145614,1683655561158476,12862
1683655561165361,1683655561168375,3014
1683655561175036,1683655561182974,7938
1683655561191675,1683655561199852,8177
1683655561206241,1683655561215572,9331
1683655561221195,1683655561223114,1919
1683655561232184,1683655561233993,1809
1683655561236031,1683655561245089,9058
1683655561247654,1683655561249376,1722
1683655561257340,1683655561266152,8812
1683655561269021,1683655561277510,8489
1683655561283814,1683655561290992,7178
1683655561297417,1683655561306728,9311
1683655561308902,1683655561316281,7379
1683655561323078,1683655561324817,1739
1683655561326854,1683655561329164,2310
1683655561337847,1683655561339847,2000
1683655561348526,1683655561350522,1996
1683655561352387,1683655561354649,2262
1683655561364202,1683655561369450,5248
1683655561376361,1683655561378565,2204
1683655561385220,1683655561395764,10544
1683655561405638,1683655561415074,9436
1683655561422735,1683655561424448,1713
1683655561427052,1683655561435604,8552
1683655561450473,1683655561452714,2241
1683655561456242,1683655561462106,5864
1683655561473413,1683655561481481,8068
1683655561486362,1683655561491716,5354
1683655561507030,1683655561508990,1960
1683655561516922,1683655561523687,6765
1683655561525674,1683655561530952,5278
1683655561538991,1683655561552876,13885
1683655561555079,1683655561557384,2305
1683655561565442,1683655561574903,9461
1683655561576536,1683655561578456,1920
1683655561585470,1683655561592309,6839
1683655561595645,1683655561597798,2153
1683655561610563,1683655561613334,2771
1683655561629445,1683655561634552,5107
1683655561636274,1683655561638144,1870
1683655561639865,1683655561649088,9223
1683655561658331,1683655561669542,11211
1683655561685828,1683655561687681,1853
1683655561696716,1683655561698836,2120
1683655561700786,1683655561710504,9718
1683655561716832,1683655561725506,8674
1683655561734603,1683655561740750,6147
1683655561748991,1683655561756589,7598
1683655561758449,1683655561760270,1821
1683655561762584,1683655561764631,2047
1683655561773477,1683655561781585,8108
1683655561783404,1683655561792597,9193
1683655561794625,1683655561803888,9263
1683655561805798,1683655561813017,7219
1683655561814899,1683655561816819,1920
1683655561820184,1683655561822380,2196
1683655561830328,1683655561832051,1723
1683655561834058,1683655561843125,9067
1683655561845160,1683655561851542,6382
1683655561854097,1683655561858976,4879
1683655561860751,1683655561866949,6198
1683655561869591,1683655561874797,5206
1683655561883197,1683655561891999,8802
1683655561900503,1683655561910175,9672
1683655561912447,1683655561919161,6714
1683655561920941,1683655561935525,14584
1683655561942759,1683655561950319,7560
1683655561954008,1683655561960722,6714
1683655561962595,1683655561965281,2686
1683655561967606,1683655561969763,2157
1683655561978694,1683655561990995,12301
1683655562000555,1683655562007661,7106
1683655562015041,1683655562017223,2182
1683655562019093,1683655562029219,10126
1683655562037475,1683655562044841,7366
1683655562046642,1683655562048452,1810
1683655562063188,1683655562074165,10977
1683655562079769,1683655562088876,9107
1683655562097644,1683655562104866,7222
1683655562106611,1683655562108475,1864
1683655562114540,1683655562121013,6473
1683655562122828,1683655562135952,13124
1683655562143968,1683655562152066,8098
1683655562166581,1683655562168613,2032
1683655562177519,1683655562184550,7031
1683655562186219,1683655562188847,2628
1683655562198727,1683655562203844,5117
1683655562211128,1683655562212876,1748
1683655562219133,1683655562221116,1983
1683655562227074,1683655562243105,16031
1683655562252660,1683655562259121,6461
1683655562260988,1683655562262821,1833
1683655562272665,1683655562288578,15913
1683655562296891,1683655562299415,2524
1683655562301969,1683655562307741,5772
1683655562309601,1683655562318759,9158
1683655562327739,1683655562334876,7137
1683655562336700,1683655562345285,8585
1683655562353487,1683655562355232,1745
1683655562363544,1683655562371612,8068
1683655562380290,1683655562387589,7299
1683655562395574,1683655562397847,2273
1683655562407220,1683655562413318,6098
1683655562420410,1683655562422333,1923
1683655562424038,1683655562431364,7326
1683655562437279,1683655562448540,11261
1683655562455880,1683655562461404,5524
1683655562468302,1683655562476171,7869
1683655562483735,1683655562485518,1783
1683655562487044,1683655562495945,8901
1683655562504434,1683655562506337,1903
1683655562508150,1683655562519640,11490
1683655562523422,1683655562531938,8516
1683655562540686,1683655562542500,1814
1683655562544292,1683655562550585,6293
1683655562559004,1683655562568563,9559
1683655562575014,1683655562583664,8650
1683655562592440,1683655562600865,8425
1683655562602385,1683655562604201,1816
1683655562610298,1683655562622523,12225
1683655562631926,1683655562633833,1907
1683655562642198,1683655562653840,11642
1683655562662476,1683655562669526,7050
1683655562671406,1683655562673998,2592
1683655562675248,1683655562686876,11628
1683655562694768,1683655562703246,8478
1683655562704888,1683655562711572,6684
1683655562713141,1683655562718755,5614
1683655562720739,1683655562728928,8189
1683655562730625,1683655562732367,1742
1683655562741251,1683655562749369,8118
1683655562751062,1683655562760661,9599
1683655562767760,1683655562773493,5733
1683655562775357,1683655562777100,1743
1683655562782965,1683655562793329,10364
1683655562799763,1683655562807458,7695
1683655562816249,1683655562817843,1594
1683655562822955,1683655562824606,1651
1683655562840847,1683655562842532,1685
1683655562844296,1683655562851840,7544
1683655562859681,1683655562867143,7462
1683655562868763,1683655562870349,1586
1683655562878525,1683655562888233,9708
1683655562895012,1683655562904257,9245
1683655562912623,1683655562914148,1525
1683655562915861,1683655562917743,1882
1683655562927956,1683655562936216,8260
1683655562937974,1683655562944513,6539
1683655562946150,1683655562947877,1727
1683655562955389,1683655562979195,23806
1683655562981150,1683655562982686,1536
1683655562990195,1683655562996463,6268
1683655563002152,1683655563003753,1601
1683655563005290,1683655563013579,8289
1683655563015210,1683655563028829,13619
1683655563030138,1683655563037799,7661
1683655563039430,1683655563041131,1701
1683655563049466,1683655563057430,7964
1683655563059348,1683655563060865,1517
1683655563062512,1683655563074690,12178
1683655563086948,1683655563088782,1834
1683655563103060,1683655563108890,5830
1683655563119847,1683655563127771,7924
1683655563129470,1683655563138146,8676
1683655563139804,1683655563141531,1727
1683655563153383,1683655563156447,3064
1683655563164457,1683655563165947,1490
1683655563170923,1683655563172591,1668
1683655563174372,1683655563176117,1745
1683655563177723,1683655563184432,6709
1683655563186001,1683655563194104,8103
1683655563202733,1683655563211123,8390
1683655563220016,1683655563228870,8854
1683655563230529,1683655563235735,5206
1683655563239926,1683655563241622,1696
1683655563243355,1683655563248869,5514
1683655563250509,1683655563252130,1621
1683655563259591,1683655563267031,7440
1683655563284275,1683655563293737,9462
1683655563295474,1683655563297360,1886
1683655563303572,1683655563305322,1750
1683655563307111,1683655563309004,1893
1683655563316655,1683655563325587,8932
1683655563331639,1683655563339022,7383
1683655563342061,1683655563343713,1652
1683655563345437,1683655563351781,6344
1683655563354079,1683655563355780,1701
1683655563357516,1683655563362909,5393
1683655563372318,1683655563374128,1810
1683655563387257,1683655563393467,6210
1683655563400339,1683655563408867,8528
1683655563410231,1683655563418540,8309
1683655563420224,1683655563429543,9319
1683655563435391,1683655563437214,1823
1683655563446103,1683655563451730,5627
1683655563453522,1683655563455309,1787
1683655563463565,1683655563472401,8836
1683655563479572,1683655563481405,1833
1683655563499015,1683655563505537,6522
1683655563510951,1683655563527034,16083
1683655563535842,1683655563541435,5593
1683655563548285,1683655563554144,5859
1683655563556063,1683655563557842,1779
1683655563559625,1683655563561419,1794
1683655563563205,1683655563568857,5652
1683655563570328,1683655563577407,7079
1683655563584559,1683655563586363,1804
1683655563600501,1683655563607358,6857
1683655563609175,1683655563618487,9312
1683655563627715,1683655563629436,1721
1683655563631156,1683655563633107,1951
1683655563634883,1683655563643632,8749
1683655563645371,1683655563651796,6425
1683655563660031,1683655563673159,13128
1683655563682109,1683655563695038,12929
1683655563696932,1683655563698605,1673
1683655563707813,1683655563714944,7131
1683655563724274,1683655563730358,6084
1683655563739161,1683655563741697,2536
1683655563743428,1683655563745093,1665
1683655563746743,1683655563758370,11627
1683655563760047,1683655563761766,1719
1683655563763473,1683655563772112,8639
1683655563773714,1683655563786511,12797
1683655563795734,1683655563797371,1637
1683655563798964,1683655563800530,1566
1683655563807857,1683655563809882,2025
1683655563811711,1683655563813351,1640
1683655563814917,1683655563816645,1728
1683655563823119,1683655563831781,8662
1683655563833679,1683655563843050,9371
1683655563849376,1683655563855634,6258
1683655563863727,1683655563865377,1650
1683655563866936,1683655563875687,8751
1683655563881458,1683655563890342,8884
1683655563904632,1683655563911755,7123
1683655563925416,1683655563936839,11423
1683655563938210,1683655563943693,5483
1683655563945500,1683655563946981,1481
1683655563957422,1683655563959303,1881
1683655563960919,1683655563968957,8038
1683655563975780,1683655563977503,1723
1683655563979151,1683655563985480,6329
1683655564002228,1683655564004035,1807
1683655564005687,1683655564015046,9359
1683655564022874,1683655564024785,1911
1683655564026550,1683655564035047,8497
1683655564043742,1683655564051230,7488
1683655564059713,1683655564066744,7031
1683655564068600,1683655564078162,9562
1683655564083608,1683655564092582,8974
1683655564094289,1683655564095979,1690
1683655564104348,1683655564110957,6609
1683655564120550,1683655564129411,8861
1683655564136355,1683655564137930,1575
1683655564139451,1683655564141161,1710
1683655564142871,1683655564149387,6516
1683655564155249,1683655564156906,1657
1683655564162914,1683655564164675,1761
1683655564166560,1683655564171808,5248
1683655564174045,1683655564178800,4755
1683655564188401,1683655564195836,7435
1683655564204150,1683655564213083,8933
1683655564214613,1683655564222121,7508
1683655564227699,1683655564229276,1577
1683655564231005,1683655564239689,8684
1683655564247069,1683655564256404,9335
1683655564263721,1683655564270593,6872
1683655564279031,1683655564280962,1931
1683655564294662,1683655564302517,7855
1683655564304143,1683655564305684,1541
1683655564307347,1683655564314517,7170
1683655564326525,1683655564328487,1962
1683655564336488,1683655564342040,5552
1683655564354461,1683655564356327,1866
1683655564362950,1683655564372454,9504
1683655564380843,1683655564382021,1178
1683655564383845,1683655564393074,9229
1683655564394742,1683655564396496,1754
1683655564398084,1683655564403760,5676
1683655564405471,1683655564407112,1641
1683655564408707,1683655564418051,9344
1683655564419722,1683655564421456,1734
1683655564423365,1683655564432240,8875
1683655564439187,1683655564448373,9186
1683655564457469,1683655564464316,6847
1683655564470617,1683655564479333,8716
1683655564487123,1683655564495212,8089
1683655564503672,1683655564509687,6015
1683655564511174,1683655564513328,2154
1683655564515431,1683655564517352,1921
1683655564526072,1683655564527976,1904
1683655564535562,1683655564537512,1950
1683655564539138,1683655564552916,13778
1683655564561492,1683655564574999,13507
1683655564576879,1683655564578695,1816
1683655564580446,1683655564582297,1851
1683655564584010,1683655564599981,15971
1683655564601616,1683655564603364,1748
1683655564610006,1683655564611656,1650
1683655564613373,1683655564615085,1712
1683655564620875,1683655564622621,1746
1683655564624353,1683655564626082,1729
1683655564632897,1683655564634622,1725
1683655564636465,1683655564638179,1714
1683655564644413,1683655564653723,9310
1683655564661854,1683655564663423,1569
1683655564670519,1683655564676865,6346
1683655564678293,1683655564684843,6550
1683655564693444,1683655564700341,6897
1683655564702141,1683655564703768,1627
1683655564711126,1683655564719884,8758
1683655564726233,1683655564734209,7976
1683655564735897,1683655564737719,1822
1683655564745392,1683655564752134,6742
1683655564760403,1683655564767646,7243
1683655564783113,1683655564784923,1810
1683655564792745,1683655564805492,12747
1683655564808433,1683655564816571,8138
1683655564818101,1683655564834470,16369
1683655564841467,1683655564848318,6851
1683655564850167,1683655564858449,8282
1683655564866587,1683655564868614,2027
1683655564870142,1683655564871787,1645
1683655564879460,1683655564886888,7428
1683655564896192,1683655564902957,6765
1683655564913442,1683655564920162,6720
1683655564932511,1683655564943652,11141
1683655564945142,1683655564954113,8971
1683655564966962,1683655564981181,14219
1683655564987183,1683655564996888,9705
1683655565006278,1683655565008123,1845
1683655565009749,1683655565018545,8796
1683655565026100,1683655565035094,8994
1683655565040865,1683655565050101,9236
1683655565058504,1683655565060049,1545
1683655565061492,1683655565062954,1462
1683655565064521,1683655565069925,5404
1683655565075486,1683655565092565,17079
1683655565100867,1683655565109757,8890
1683655565111279,1683655565120434,9155
1683655565129558,1683655565139829,10271
1683655565148850,1683655565150366,1516
1683655565157547,1683655565158999,1452
1683655565160540,1683655565166088,5548
1683655565167648,1683655565179119,11471
1683655565180578,1683655565189635,9057
1683655565191243,1683655565198061,6818
1683655565211648,1683655565218499,6851
1683655565227490,1683655565229099,1609
1683655565230729,1683655565239113,8384
1683655565245856,1683655565253413,7557
1683655565261688,1683655565270538,8850
1683655565279023,1683655565288173,9150
1683655565302947,1683655565309455,6508
1683655565316069,1683655565317604,1535
1683655565324730,1683655565338056,13326
1683655565339755,1683655565341300,1545
1683655565350153,1683655565351670,1517
1683655565353383,1683655565354908,1525
1683655565360856,1683655565369573,8717
1683655565376580,1683655565383831,7251
1683655565392388,1683655565400158,7770
1683655565401767,1683655565403412,1645
1683655565411784,1683655565413534,1750
1683655565420263,1683655565421870,1607
1683655565430081,1683655565439979,9898
1683655565441500,1683655565450034,8534
1683655565458671,1683655565468052,9381
1683655565474494,1683655565484028,9534
1683655565492482,1683655565494036,1554
1683655565503067,1683655565504953,1886
1683655565514020,1683655565515770,1750
1683655565523019,1683655565530448,7429
1683655565536226,1683655565542007,5781
1683655565551620,1683655565560375,8755
1683655565561943,1683655565567954,6011
1683655565573367,1683655565576936,3569
1683655565578633,1683655565584947,6314
1683655565586563,1683655565596283,9720
1683655565604826,1683655565613362,8536
1683655565615219,1683655565623851,8632
1683655565625712,1683655565636869,11157
1683655565648836,1683655565655114,6278
1683655565664183,1683655565672461,8278
1683655565674017,1683655565681398,7381
1683655565683108,1683655565684853,1745
1683655565686402,1683655565688014,1612
1683655565697019,1683655565705544,8525
1683655565712283,1683655565717233,4950
1683655565722960,1683655565729387,6427
1683655565734998,1683655565741484,6486
1683655565743189,1683655565755179,11990
1683655565757163,1683655565768882,11719
1683655565770419,1683655565772181,1762
1683655565773885,1683655565775445,1560
1683655565776917,1683655565785362,8445
1683655565796107,1683655565797475,1368
1683655565808566,1683655565814985,6419
1683655565821435,1683655565830584,9149
1683655565839297,1683655565840888,1591
1683655565842604,1683655565844266,1662
1683655565850083,1683655565851781,1698
1683655565860235,1683655565868998,8763
1683655565875492,1683655565877149,1657
1683655565878715,1683655565889036,10321
1683655565898021,1683655565899577,1556
1683655565901203,1683655565910454,9251
1683655565919994,1683655565921699,1705
1683655565927515,1683655565943003,15488
1683655565951067,1683655565952758,1691
1683655565961433,1683655565968381,6948
1683655565970074,1683655565975046,4972
1683655565992854,1683655565994159,1305
1683655566003036,1683655566004717,1681
1683655566006277,1683655566014399,8122
1683655566019530,1683655566021221,1691
1683655566027755,1683655566038578,10823
1683655566040458,1683655566042315,1857
1683655566055864,1683655566065297,9433
1683655566074499,1683655566082506,8007
1683655566091192,1683655566092862,1670
1683655566098999,1683655566100632,1633
1683655566107020,1683655566108746,1726
1683655566110314,1683655566118584,8270
1683655566120219,1683655566121937,1718
1683655566127729,1683655566129334,1605
1683655566138096,1683655566146352,8256
1683655566155466,1683655566157185,1719
1683655566167768,1683655566173482,5714
1683655566175260,1683655566183970,8710
1683655566192048,1683655566193672,1624
1683655566195237,1683655566208373,13136
1683655566215943,1683655566222999,7056
1683655566232285,1683655566240265,7980
1683655566247029,1683655566248777,1748
1683655566262523,1683655566263583,1060
1683655566271597,1683655566279555,7958
1683655566286632,1683655566295618,8986
1683655566303069,1683655566309419,6350
1683655566318562,1683655566320308,1746
1683655566321784,1683655566323453,1669
1683655566330951,1683655566340184,9233
1683655566350495,1683655566359189,8694
1683655566366947,1683655566369051,2104
1683655566370464,1683655566378109,7645
1683655566379713,1683655566388428,8715
1683655566389917,1683655566391522,1605
1683655566396944,1683655566411760,14816
1683655566419742,1683655566421366,1624
1683655566423088,1683655566431656,8568
1683655566433200,1683655566447110,13910
1683655566448606,1683655566455814,7208
1683655566457392,1683655566459252,1860
1683655566466960,1683655566473218,6258
1683655566479755,1683655566481168,1413
1683655566489506,1683655566497515,8009
1683655566502986,1683655566512537,9551
1683655566513964,1683655566515665,1701
1683655566523035,1683655566532209,9174
1683655566533702,1683655566535487,1785
1683655566543478,1683655566551015,7537
1683655566564879,1683655566573475,8596
1683655566580267,1683655566581799,1532
1683655566591129,1683655566598402,7273
1683655566607743,1683655566615876,8133
1683655566623693,1683655566638991,15298
1683655566647571,1683655566655191,7620
1683655566662431,1683655566664032,1601
1683655566665719,1683655566667153,1434
1683655566679003,1683655566688220,9217
1683655566689949,1683655566691729,1780
1683655566693304,1683655566698929,5625
1683655566707585,1683655566709230,1645
1683655566710907,1683655566712433,1526
1683655566719683,1683655566732879,13196
1683655566734460,1683655566742062,7602
1683655566743839,1683655566745415,1576
1683655566753573,1683655566762036,8463
1683655566768849,1683655566770481,1632
1683655566779467,1683655566793355,13888
1683655566794929,1683655566809478,14549
1683655566816303,1683655566817949,1646
1683655566819974,1683655566827129,7155
1683655566842478,1683655566849372,6894
1683655566851045,1683655566864879,13834
1683655566873497,1683655566875215,1718
1683655566876824,1683655566878400,1576
1683655566880081,1683655566888510,8429
1683655566895839,1683655566903025,7186
1683655566912456,1683655566914139,1683
1683655566919566,1683655566926499,6933
1683655566928003,1683655566934042,6039
1683655566943184,1683655566952028,8844
1683655566953710,1683655566958970,5260
1683655566968405,1683655566970286,1881
1683655566978094,1683655566979771,1677
1683655566981683,1683655566983552,1869
1683655566991209,1683655566993375,2166
1683655567009567,1683655567015038,5471
1683655567028358,1683655567035497,7139
1683655567044354,1683655567046077,1723
1683655567047712,1683655567055475,7763
1683655567062726,1683655567070132,7406
1683655567079743,1683655567081304,1561
1683655567087117,1683655567094536,7419
1683655567103048,1683655567111576,8528
1683655567113281,1683655567114944,1663
1683655567116834,1683655567122980,6146
1683655567131623,1683655567136881,5258
1683655567140422,1683655567142057,1635
1683655567154970,1683655567162957,7987
1683655567164785,1683655567166520,1735
1683655567168294,1683655567176896,8602
1683655567178386,1683655567187096,8710
1683655567188895,1683655567190581,1686
1683655567199147,1683655567200908,1761
1683655567202567,1683655567208882,6315
1683655567214932,1683655567216692,1760
1683655567218283,1683655567226158,7875
1683655567239607,1683655567251780,12173
1683655567268509,1683655567275786,7277
1683655567283013,1683655567292235,9222
1683655567297457,1683655567299064,1607
1683655567307492,1683655567313894,6402
1683655567323108,1683655567331956,8848
1683655567338937,1683655567348414,9477
1683655567354954,1683655567356639,1685
1683655567358308,1683655567359983,1675
1683655567369561,1683655567377523,7962
1683655567385405,1683655567387308,1903
1683655567396050,1683655567402936,6886
1683655567404714,1683655567406455,1741
1683655567414953,1683655567416751,1798
1683655567426153,1683655567439095,12942
1683655567447591,1683655567455866,8275
1683655567463784,1683655567470927,7143
1683655567472644,1683655567480608,7964
1683655567482231,1683655567484106,1875
1683655567492502,1683655567494178,1676
1683655567500885,1683655567508780,7895
