1683655520117496,1683655520134785,17289
1683655520140823,1683655520142322,1499
1683655520147654,1683655520148603,949
1683655520162138,1683655520163209,1071
1683655520171724,1683655520182315,10591
1683655520183209,1683655520188372,5163
1683655520193423,1683655520196556,3133
1683655520204685,1683655520217023,12338
1683655520222146,1683655520229740,7594
1683655520243759,1683655520249915,6156
1683655520259768,1683655520260752,984
1683655520271655,1683655520278434,6779
1683655520286411,1683655520287524,1113
1683655520294048,1683655520295256,1208
1683655520302564,1683655520303469,905
1683655520310197,1683655520311270,1073
1683655520317629,1683655520320588,2959
1683655520328713,1683655520341165,12452
1683655520346526,1683655520365017,18491
1683655520370141,1683655520373087,2946
1683655520378105,1683655520382694,4589
1683655520389502,1683655520390428,926
1683655520391487,1683655520397879,6392
1683655520406191,1683655520410097,3906
1683655520423735,1683655520433930,10195
1683655520445546,1683655520446957,1411
1683655520459940,1683655520460888,948
1683655520468755,1683655520477374,8619
1683655520489693,1683655520497040,7347
1683655520498046,1683655520506492,8446
1683655520514045,1683655520516485,2440
1683655520517503,1683655520529061,11558
1683655520529777,1683655520553091,23314
1683655520557663,1683655520562521,4858
1683655520573660,1683655520585022,11362
1683655520586029,1683655520601046,15017
1683655520609432,1683655520616426,6994
1683655520621358,1683655520629155,7797
1683655520629756,1683655520645068,15312
1683655520645691,1683655520654003,8312
1683655520662366,1683655520663664,1298
1683655520677455,1683655520694072,16617
1683655520694826,1683655520709352,14526
1683655520709917,1683655520726631,16714
1683655520727308,1683655520734385,7077
1683655520741835,1683655520743018,1183
1683655520749509,1683655520750782,1273
1683655520758124,1683655520759373,1249
1683655520765336,1683655520766688,1352
1683655520773760,1683655520781829,8069
1683655520789670,1683655520797318,7648
1683655520797906,1683655520799389,1483
1683655520811736,1683655520818316,6580
1683655520824520,1683655520825465,945
1683655520831101,1683655520836337,5236
1683655520844609,1683655520845515,906
1683655520860081,1683655520873034,12953
1683655520873686,1683655520881632,7946
1683655520882335,1683655520897117,14782
1683655520898704,1683655520906589,7885
1683655520914193,1683655520922217,8024
1683655520935694,1683655520936649,955
1683655520942517,1683655520948741,6224
1683655520949401,1683655520957042,7641
1683655520957682,1683655520965120,7438
1683655520965636,1683655520973903,8267
1683655520974839,1683655520981510,6671
1683655520990044,1683655520997688,7644
1683655521006048,1683655521013067,7019
1683655521021349,1683655521022233,884
1683655521027843,1683655521041128,13285
1683655521042283,1683655521050475,8192
1683655521058378,1683655521073446,15068
1683655521074412,1683655521075560,1148
1683655521082638,1683655521090341,7703
1683655521098294,1683655521113237,14943
1683655521121597,1683655521122289,692
1683655521129597,1683655521137078,7481
1683655521137569,1683655521146458,8889
1683655521147436,1683655521149068,1632
1683655521161972,1683655521162848,876
1683655521163987,1683655521170375,6388
1683655521171119,1683655521178903,7784
1683655521185371,1683655521193156,7785
1683655521201397,1683655521209857,8460
1683655521226173,1683655521228530,2357
1683655521234306,1683655521245048,10742
1683655521263740,1683655521277678,13938
1683655521285704,1683655521293978,8274
1683655521294762,1683655521301006,6244
1683655521301804,1683655521310317,8513
1683655521318324,1683655521326455,8131
1683655521328982,1683655521329255,273
1683655521335774,1683655521341466,5692
1683655521349320,1683655521357215,7895
1683655521357761,1683655521374292,16531
1683655521381974,1683655521382830,856
1683655521383808,1683655521384851,1043
1683655521391766,1683655521400222,8456
1683655521401149,1683655521409409,8260
1683655521417883,1683655521422491,4608
1683655521429729,1683655521438256,8527
1683655521439214,1683655521446298,7084
1683655521454030,1683655521454758,728
1683655521461471,1683655521470113,8642
1683655521486505,1683655521493214,6709
1683655521493928,1683655521501151,7223
1683655521501631,1683655521503157,1526
1683655521518011,1683655521534497,16486
1683655521540519,1683655521541481,962
1683655521547950,1683655521549093,1143
1683655521549898,1683655521558640,8742
1683655521571984,1683655521572936,952
1683655521587983,1683655521593903,5920
1683655521594462,1683655521602227,7765
1683655521607896,1683655521614247,6351
1683655521621822,1683655521629905,8083
1683655521630465,1683655521631547,1082
1683655521637711,1683655521640302,2591
1683655521647920,1683655521654277,6357
1683655521660724,1683655521662102,1378
1683655521675747,1683655521684511,8764
1683655521685334,1683655521694222,8888
1683655521702147,1683655521703328,1181
1683655521709841,1683655521717036,7195
1683655521718680,1683655521726248,7568
1683655521733818,1683655521743633,9815
1683655521747741,1683655521761038,13297
1683655521769449,1683655521786325,16876
1683655521793759,1683655521810438,16679
1683655521817854,1683655521826215,8361
1683655521834266,1683655521841956,7690
1683655521848580,1683655521857203,8623
1683655521865418,1683655521873828,8410
1683655521883170,1683655521883986,816
1683655521894053,1683655521903379,9326
1683655521909551,1683655521917493,7942
1683655521926021,1683655521926880,859
1683655521927681,1683655521938642,10961
1683655521941782,1683655521949551,7769
1683655521958240,1683655521965749,7509
1683655521974461,1683655521975498,1037
1683655521981429,1683655521982567,1138
1683655521989738,1683655521998158,8420
1683655521998987,1683655522010260,11273
1683655522018666,1683655522020010,1344
1683655522025641,1683655522026712,1071
1683655522033616,1683655522034785,1169
1683655522041661,1683655522050446,8785
1683655522051283,1683655522052338,1055
1683655522053190,1683655522060248,7058
1683655522067847,1683655522068812,965
1683655522074080,1683655522078272,4192
1683655522085852,1683655522092058,6206
1683655522093276,1683655522100403,7127
1683655522105639,1683655522107008,1369
1683655522113844,1683655522114878,1034
1683655522115687,1683655522125931,10244
1683655522127729,1683655522141096,13367
1683655522141582,1683655522148526,6944
1683655522155821,1683655522169047,13226
1683655522169749,1683655522177480,7731
1683655522185486,1683655522186289,803
1683655522193822,1683655522194848,1026
1683655522211713,1683655522212537,824
1683655522217784,1683655522222279,4495
1683655522229827,1683655522230774,947
1683655522238480,1683655522245408,6928
1683655522247760,1683655522256531,8771
1683655522263811,1683655522270047,6236
1683655522278166,1683655522286145,7979
1683655522287059,1683655522294008,6949
1683655522294767,1683655522296037,1270
1683655522301502,1683655522310074,8572
1683655522317344,1683655522318236,892
1683655522325719,1683655522326711,992
1683655522333719,1683655522342143,8424
1683655522349796,1683655522350864,1068
1683655522357637,1683655522358090,453
1683655522359068,1683655522364372,5304
1683655522372507,1683655522373542,1035
1683655522377704,1683655522382817,5113
1683655522389887,1683655522394403,4516
1683655522401402,1683655522409414,8012
1683655522410016,1683655522411415,1399
1683655522412177,1683655522418036,5859
1683655522418876,1683655522420003,1127
1683655522427883,1683655522436792,8909
1683655522441375,1683655522449706,8331
1683655522458436,1683655522459323,887
1683655522466243,1683655522481232,14989
1683655522481730,1683655522482806,1076
1683655522483700,1683655522484764,1064
1683655522498442,1683655522499451,1009
1683655522500217,1683655522501308,1091
1683655522502180,1683655522503145,965
1683655522510463,1683655522516292,5829
1683655522521348,1683655522522226,878
1683655522529593,1683655522540185,10592
1683655522545722,1683655522554295,8573
1683655522561843,1683655522570116,8273
1683655522577343,1683655522593360,16017
1683655522594492,1683655522606218,11726
1683655522613912,1683655522621043,7131
1683655522622207,1683655522630115,7908
1683655522637810,1683655522638900,1090
1683655522645689,1683655522646757,1068
1683655522647646,1683655522654117,6471
1683655522654981,1683655522669370,14389
1683655522682173,1683655522683344,1171
1683655522687860,1683655522694210,6350
1683655522701669,1683655522702679,1010
1683655522703541,1683655522704535,994
1683655522710014,1683655522718007,7993
1683655522725749,1683655522726798,1049
1683655522732784,1683655522734015,1231
1683655522749626,1683655522750608,982
1683655522762061,1683655522767977,5916
1683655522774152,1683655522781199,7047
1683655522781755,1683655522789827,8072
1683655522790350,1683655522791456,1106
1683655522795754,1683655522796690,936
1683655522797498,1683655522806019,8521
1683655522809624,1683655522825010,15386
1683655522826305,1683655522832277,5972
1683655522833361,1683655522834447,1086
1683655522835319,1683655522842540,7221
1683655522843256,1683655522850754,7498
1683655522851547,1683655522858063,6516
1683655522858937,1683655522859971,1034
1683655522860929,1683655522863071,2142
1683655522869495,1683655522876284,6789
1683655522883890,1683655522890686,6796
1683655522897947,1683655522898958,1011
1683655522903734,1683655522906761,3027
1683655522912581,1683655522921146,8565
1683655522928974,1683655522930056,1082
1683655522938812,1683655522939854,1042
1683655522946653,1683655522947896,1243
1683655522955758,1683655522956719,961
1683655522957523,1683655522958581,1058
1683655522964579,1683655522965394,815
1683655522969798,1683655522970841,1043
1683655522978127,1683655522986134,8007
1683655522994156,1683655523000375,6219
1683655523001151,1683655523002196,1045
1683655523009525,1683655523017030,7505
1683655523018599,1683655523026553,7954
1683655523033746,1683655523034928,1182
1683655523050343,1683655523051240,897
1683655523055805,1683655523062151,6346
1683655523076765,1683655523078484,1719
1683655523085565,1683655523094157,8592
1683655523101938,1683655523109001,7063
1683655523118110,1683655523119327,1217
1683655523125648,1683655523126750,1102
1683655523133733,1683655523136762,3029
1683655523137356,1683655523138355,999
1683655523144556,1683655523153242,8686
1683655523154145,1683655523155153,1008
1683655523155986,1683655523169654,13668
1683655523170197,1683655523185018,14821
1683655523185742,1683655523186989,1247
1683655523193778,1683655523194866,1088
1683655523195727,1683655523196753,1026
1683655523201843,1683655523202896,1053
1683655523209746,1683655523210767,1021
1683655523217746,1683655523218798,1052
1683655523226429,1683655523227331,902
1683655523233417,1683655523236419,3002
1683655523237246,1683655523238286,1040
1683655523239213,1683655523240275,1062
1683655523248108,1683655523249141,1033
1683655523256221,1683655523257132,911
1683655523265845,1683655523273012,7167
1683655523273443,1683655523274641,1198
1683655523294133,1683655523297972,3839
1683655523298777,1683655523299897,1120
1683655523306064,1683655523317017,10953
1683655523325572,1683655523326382,810
1683655523333679,1683655523340349,6670
1683655523341553,1683655523348399,6846
1683655523353658,1683655523362159,8501
1683655523369876,1683655523370939,1063
1683655523378286,1683655523389981,11695
1683655523397662,1683655523398977,1315
1683655523399853,1683655523401010,1157
1683655523401798,1683655523402817,1019
1683655523417425,1683655523426236,8811
1683655523434162,1683655523435148,986
1683655523443664,1683655523443707,43
1683655523444564,1683655523452124,7560
1683655523452910,1683655523454058,1148
1683655523461707,1683655523477099,15392
1683655523477815,1683655523486125,8310
1683655523494015,1683655523509330,15315
1683655523510347,1683655523511447,1100
1683655523512257,1683655523521108,8851
1683655523529445,1683655523530364,919
1683655523537359,1683655523545718,8359
1683655523553741,1683655523554905,1164
1683655523559844,1683655523565383,5539
1683655523573979,1683655523580204,6225
1683655523581127,1683655523582108,981
1683655523589803,1683655523590866,1063
1683655523597698,1683655523598700,1002
1683655523604459,1683655523613423,8964
1683655523614248,1683655523620229,5981
1683655523626183,1683655523632241,6058
1683655523633751,1683655523641637,7886
1683655523642293,1683655523648308,6015
1683655523655810,1683655523656685,875
1683655523661880,1683655523670190,8310
1683655523677782,1683655523678779,997
1683655523679745,1683655523680858,1113
1683655523687832,1683655523688757,925
1683655523693813,1683655523695514,1701
1683655523701670,1683655523702363,693
1683655523708518,1683655523718330,9812
1683655523725703,1683655523726911,1208
1683655523733832,1683655523748444,14612
1683655523755938,1683655523761262,5324
1683655523762061,1683655523764306,2245
1683655523769762,1683655523778322,8560
1683655523783967,1683655523797297,13330
1683655523797781,1683655523806264,8483
1683655523819621,1683655523828411,8790
1683655523837040,1683655523837857,817
1683655523850579,1683655523851539,960
1683655523857289,1683655523858188,899
1683655523865752,1683655523866806,1054
1683655523867734,1683655523874103,6369
1683655523881757,1683655523882852,1095
1683655523889757,1683655523897289,7532
1683655523897851,1683655523898859,1008
1683655523907687,1683655523908745,1058
1683655523916870,1683655523924538,7668
1683655523932669,1683655523940459,7790
1683655523945357,1683655523953225,7868
1683655523953857,1683655523962266,8409
1683655523969387,1683655523970325,938
1683655523971310,1683655523972333,1023
1683655523978249,1683655523979436,1187
1683655523983775,1683655523984751,976
1683655523992599,1683655524001275,8676
1683655524001836,1683655524002984,1148
1683655524009806,1683655524010928,1122
1683655524017792,1683655524018737,945
1683655524023782,1683655524032615,8833
1683655524040582,1683655524048311,7729
1683655524056665,1683655524069039,12374
1683655524073685,1683655524078170,4485
1683655524085862,1683655524087068,1206
1683655524087937,1683655524088945,1008
1683655524097457,1683655524105365,7908
1683655524113470,1683655524114373,903
1683655524130582,1683655524138412,7830
1683655524150121,1683655524153032,2911
1683655524160554,1683655524161687,1133
1683655524165673,1683655524173495,7822
1683655524174386,1683655524175592,1206
1683655524180530,1683655524188339,7809
1683655524189127,1683655524197342,8215
1683655524197897,1683655524198897,1000
1683655524213479,1683655524214642,1163
1683655524221713,1683655524228294,6581
1683655524235771,1683655524242283,6512
1683655524247906,1683655524256362,8456
1683655524264574,1683655524281062,16488
1683655524281854,1683655524282736,882
1683655524297502,1683655524298580,1078
1683655524304527,1683655524306324,1797
1683655524316932,1683655524318150,1218
1683655524319094,1683655524325631,6537
1683655524334239,1683655524335040,801
1683655524349402,1683655524350525,1123
1683655524365404,1683655524372383,6979
1683655524382164,1683655524383302,1138
1683655524389427,1683655524390188,761
1683655524398116,1683655524399081,965
1683655524405720,1683655524408423,2703
1683655524413525,1683655524421973,8448
1683655524430453,1683655524445677,15224
1683655524454198,1683655524455255,1057
1683655524463654,1683655524469006,5352
1683655524470406,1683655524471527,1121
1683655524477584,1683655524486395,8811
1683655524493681,1683655524498100,4419
1683655524503916,1683655524504994,1078
1683655524505757,1683655524506941,1184
1683655524513426,1683655524514246,820
1683655524515106,1683655524525038,9932
1683655524533416,1683655524534499,1083
1683655524540182,1683655524546081,5899
1683655524553987,1683655524562537,8550
1683655524569314,1683655524585055,15741
1683655524594572,1683655524595470,898
1683655524596284,1683655524612289,16005
1683655524617304,1683655524625619,8315
1683655524626396,1683655524632220,5824
1683655524633134,1683655524634277,1143
1683655524641563,1683655524650427,8864
1683655524651261,1683655524657656,6395
1683655524659881,1683655524666167,6286
1683655524673399,1683655524681868,8469
1683655524682615,1683655524683722,1107
1683655524689693,1683655524690729,1036
1683655524691679,1683655524692731,1052
1683655524697965,1683655524713693,15728
1683655524714212,1683655524720192,5980
1683655524728938,1683655524730030,1092
1683655524730877,1683655524749648,18771
1683655524758241,1683655524759140,899
1683655524760003,1683655524761060,1057
1683655524761848,1683655524762992,1144
1683655524770068,1683655524770859,791
1683655524771785,1683655524776979,5194
1683655524785316,1683655524793237,7921
1683655524793729,1683655524802073,8344
1683655524802994,1683655524810505,7511
1683655524811668,1683655524818444,6776
1683655524823789,1683655524824652,863
1683655524825448,1683655524826481,1033
1683655524827326,1683655524834126,6800
1683655524841637,1683655524842623,986
1683655524849303,1683655524850199,896
1683655524857775,1683655524858949,1174
1683655524865744,1683655524866800,1056
1683655524867588,1683655524876297,8709
1683655524885664,1683655524887842,2178
1683655524893512,1683655524901824,8312
1683655524902413,1683655524903365,952
1683655524917609,1683655524918763,1154
1683655524929643,1683655524941455,11812
1683655524942379,1683655524957491,15112
1683655524958632,1683655524973658,15026
1683655524982304,1683655524989289,6985
1683655524998074,1683655524998442,368
1683655525005713,1683655525013750,8037
1683655525014651,1683655525015744,1093
1683655525016675,1683655525022092,5417
1683655525022907,1683655525023984,1077
1683655525024896,1683655525037262,12366
1683655525040081,1683655525046175,6094
1683655525053785,1683655525060276,6491
1683655525068568,1683655525069495,927
1683655525076738,1683655525084428,7690
1683655525092599,1683655525093549,950
1683655525094425,1683655525095467,1042
1683655525100689,1683655525101977,1288
1683655525105673,1683655525114213,8540
1683655525119929,1683655525125200,5271
1683655525125727,1683655525126810,1083
1683655525131713,1683655525140436,8723
1683655525148655,1683655525149567,912
1683655525163709,1683655525176374,12665
1683655525177285,1683655525184506,7221
1683655525189856,1683655525197850,7994
1683655525198721,1683655525205221,6500
1683655525207960,1683655525214283,6323
1683655525229426,1683655525230755,1329
1683655525237717,1683655525246126,8409
1683655525257677,1683655525261764,4087
1683655525277667,1683655525278800,1133
1683655525285655,1683655525290180,4525
1683655525297836,1683655525298875,1039
1683655525305721,1683655525322279,16558
1683655525327692,1683655525328744,1052
1683655525329481,1683655525330729,1248
1683655525337751,1683655525345327,7576
1683655525353659,1683655525361268,7609
1683655525361789,1683655525370498,8709
1683655525377392,1683655525386049,8657
1683655525386819,1683655525388323,1504
1683655525388978,1683655525390330,1352
1683655525405616,1683655525414489,8873
1683655525421871,1683655525423397,1526
1683655525424096,1683655525425483,1387
1683655525431826,1683655525433005,1179
1683655525433802,1683655525442038,8236
1683655525442723,1683655525458357,15634
1683655525465629,1683655525473652,8023
1683655525474283,1683655525482062,7779
1683655525488525,1683655525489665,1140
1683655525494189,1683655525500594,6405
1683655525506652,1683655525507734,1082
1683655525517626,1683655525521730,4104
1683655525529629,1683655525538374,8745
1683655525546709,1683655525552503,5794
1683655525558009,1683655525565803,7794
1683655525566502,1683655525567794,1292
1683655525568825,1683655525569993,1168
1683655525571176,1683655525578136,6960
1683655525578933,1683655525580355,1422
1683655525581192,1683655525582422,1230
1683655525589972,1683655525590949,977
1683655525597837,1683655525605205,7368
1683655525605827,1683655525606932,1105
1683655525615569,1683655525616711,1142
1683655525638278,1683655525639450,1172
1683655525645586,1683655525654103,8517
1683655525662669,1683655525670022,7353
1683655525670899,1683655525672070,1171
1683655525679942,1683655525686139,6197
1683655525693933,1683655525695077,1144
1683655525701700,1683655525702867,1167
1683655525717437,1683655525718528,1091
1683655525719384,1683655525730212,10828
1683655525737368,1683655525745006,7638
1683655525751796,1683655525752821,1025
1683655525753773,1683655525761426,7653
1683655525769435,1683655525778172,8737
1683655525792631,1683655525797889,5258
1683655525800592,1683655525801546,954
1683655525808476,1683655525816527,8051
1683655525823761,1683655525832855,9094
1683655525840593,1683655525841589,996
1683655525849284,1683655525850299,1015
1683655525858052,1683655525859059,1007
1683655525866040,1683655525867118,1078
1683655525871778,1683655525872732,954
1683655525877938,1683655525879014,1076
1683655525879686,1683655525885003,5317
1683655525885599,1683655525886486,887
1683655525893728,1683655525909641,15913
1683655525910347,1683655525916463,6116
1683655525917310,1683655525926300,8990
1683655525933901,1683655525949288,15387
1683655525949810,1683655525950943,1133
1683655525957667,1683655525958844,1177
1683655525964538,1683655525965506,968
1683655525966232,1683655525967312,1080
1683655525973364,1683655525981782,8418
1683655525989985,1683655525990917,932
1683655526006102,1683655526007422,1320
1683655526013424,1683655526014690,1266
1683655526020357,1683655526021432,1075
1683655526027785,1683655526038470,10685
1683655526052787,1683655526061555,8768
1683655526069656,1683655526070839,1183
1683655526077410,1683655526085827,8417
1683655526093938,1683655526094920,982
1683655526102331,1683655526110197,7866
1683655526117834,1683655526119082,1248
1683655526125608,1683655526132180,6572
1683655526140814,1683655526141974,1160
1683655526145774,1683655526150827,5053
1683655526156213,1683655526164526,8313
1683655526165362,1683655526174212,8850
1683655526181409,1683655526182519,1110
1683655526188700,1683655526196729,8029
1683655526203790,1683655526204926,1136
1683655526210080,1683655526211195,1115
1683655526218154,1683655526225016,6862
1683655526225576,1683655526234434,8858
1683655526240064,1683655526240975,911
1683655526249276,1683655526250290,1014
1683655526251139,1683655526258187,7048
1683655526259256,1683655526260387,1131
1683655526268049,1683655526269035,986
1683655526282403,1683655526283455,1052
1683655526290180,1683655526291231,1051
1683655526297384,1683655526305067,7683
1683655526305744,1683655526306860,1116
1683655526313417,1683655526314203,786
1683655526321637,1683655526329626,7989
1683655526338289,1683655526339083,794
1683655526345705,1683655526346913,1208
1683655526353805,1683655526362045,8240
1683655526368794,1683655526369975,1181
1683655526377869,1683655526389459,11590
1683655526402120,1683655526409909,7789
1683655526418188,1683655526419322,1134
1683655526428518,1683655526429532,1014
1683655526437682,1683655526442150,4468
1683655526449862,1683655526450924,1062
1683655526457663,1683655526458905,1242
1683655526459731,1683655526461000,1269
1683655526467937,1683655526469026,1089
1683655526476005,1683655526484575,8570
1683655526485320,1683655526494023,8703
1683655526494919,1683655526500350,5431
1683655526509687,1683655526510900,1213
1683655526517728,1683655526524401,6673
1683655526529588,1683655526545078,15490
1683655526545750,1683655526546957,1207
1683655526554700,1683655526560581,5881
1683655526565940,1683655526566853,913
1683655526571747,1683655526589046,17299
1683655526589726,1683655526601274,11548
1683655526605668,1683655526613445,7777
1683655526613997,1683655526629055,15058
1683655526629955,1683655526638139,8184
1683655526645787,1683655526646979,1192
1683655526654105,1683655526655333,1228
1683655526662123,1683655526663245,1122
1683655526669714,1683655526678173,8459
1683655526686407,1683655526693093,6686
1683655526693577,1683655526695269,1692
1683655526707957,1683655526721074,13117
1683655526722118,1683655526723155,1037
1683655526730222,1683655526731274,1052
1683655526732074,1683655526733156,1082
1683655526738162,1683655526744703,6541
1683655526750191,1683655526764403,14212
1683655526769711,1683655526776337,6626
1683655526783751,1683655526784772,1021
1683655526790098,1683655526791283,1185
1683655526792128,1683655526801020,8892
1683655526801482,1683655526802574,1092
1683655526817490,1683655526818571,1081
1683655526825666,1683655526826935,1269
1683655526827789,1683655526841046,13257
1683655526841820,1683655526842844,1024
1683655526843581,1683655526856542,12961
1683655526863532,1683655526864567,1035
1683655526865225,1683655526877037,11812
1683655526885668,1683655526892502,6834
1683655526899836,1683655526900946,1110
1683655526909330,1683655526917224,7894
1683655526917741,1683655526926408,8667
1683655526934049,1683655526935224,1175
1683655526941744,1683655526949661,7917
1683655526958053,1683655526959422,1369
1683655526966667,1683655526974076,7409
1683655526981697,1683655526982987,1290
1683655526989348,1683655526997195,7847
1683655527006596,1683655527014591,7995
1683655527015360,1683655527016552,1192
1683655527021711,1683655527037028,15317
1683655527037788,1683655527038811,1023
1683655527043861,1683655527045063,1202
1683655527057654,1683655527066271,8617
1683655527067972,1683655527073998,6026
1683655527081313,1683655527082405,1092
1683655527090058,1683655527091053,995
1683655527104666,1683655527112995,8329
1683655527121366,1683655527122132,766
1683655527122967,1683655527124022,1055
1683655527124754,1683655527130102,5348
1683655527137816,1683655527145919,8103
1683655527146824,1683655527153228,6404
1683655527155887,1683655527156959,1072
1683655527162023,1683655527163149,1126
1683655527170097,1683655527176223,6126
1683655527181368,1683655527182244,876
1683655527183019,1683655527189639,6620
1683655527196078,1683655527204158,8080
1683655527205144,1683655527206226,1082
1683655527207077,1683655527213024,5947
1683655527213947,1683655527214943,996
1683655527222628,1683655527230157,7529
1683655527237758,1683655527244262,6504
1683655527245185,1683655527254110,8925
1683655527260540,1683655527269842,9302
1683655527278025,1683655527278849,824
1683655527286596,1683655527301462,14866
1683655527307883,1683655527309062,1179
1683655527322177,1683655527323412,1235
1683655527330162,1683655527331240,1078
1683655527336084,1683655527337204,1120
1683655527338002,1683655527339149,1147
1683655527345651,1683655527347072,1421
1683655527352552,1683655527353630,1078
1683655527359763,1683655527373043,13280
1683655527373726,1683655527382440,8714
1683655527389566,1683655527390559,993
1683655527391446,1683655527392536,1090
1683655527393270,1683655527394352,1082
1683655527400131,1683655527408438,8307
1683655527416563,1683655527424564,8001
1683655527425416,1683655527442193,16777
1683655527447858,1683655527454082,6224
1683655527469427,1683655527478157,8730
1683655527479064,1683655527485035,5971
1683655527499795,1683655527508545,8750
1683655527509301,1683655527518120,8819
1683655527525866,1683655527534119,8253
1683655527535079,1683655527542154,7075
1683655527550073,1683655527557051,6978
1683655527557489,1683655527566292,8803
1683655527567051,1683655527593036,25985
1683655527593475,1683655527594491,1016
1683655527601392,1683655527610124,8732
1683655527611064,1683655527617028,5964
1683655527629656,1683655527630349,693
1683655527631048,1683655527638101,7053
1683655527645965,1683655527646712,747
1683655527662138,1683655527669922,7784
1683655527670884,1683655527678238,7354
1683655527686699,1683655527687791,1092
1683655527688558,1683655527689735,1177
1683655527697501,1683655527698539,1038
1683655527699293,1683655527700534,1241
1683655527709677,1683655527710743,1066
1683655527718112,1683655527733022,14910
1683655527733553,1683655527742377,8824
1683655527747811,1683655527754117,6306
1683655527761663,1683655527768379,6716
1683655527776566,1683655527777525,959
1683655527778344,1683655527793637,15293
1683655527802480,1683655527803491,1011
1683655527804197,1683655527805286,1089
1683655527813239,1683655527817799,4560
1683655527825636,1683655527826672,1036
1683655527827566,1683655527842158,14592
1683655527849999,1683655527857635,7636
1683655527865686,1683655527866959,1273
1683655527873635,1683655527882107,8472
1683655527883119,1683655527890067,6948
1683655527897743,1683655527898763,1020
1683655527906321,1683655527914117,7796
1683655527921305,1683655527922702,1397
1683655527923467,1683655527924460,993
1683655527937422,1683655527938403,981
1683655527943477,1683655527944453,976
1683655527951922,1683655527953901,1979
1683655527957683,1683655527965792,8109
1683655527968541,1683655527974076,5535
1683655527989434,1683655527996419,6985
1683655527997452,1683655528005637,8185
1683655528006576,1683655528013452,6876
1683655528014431,1683655528015530,1099
1683655528020105,1683655528021633,1528
1683655528035851,1683655528048409,12558
1683655528055802,1683655528064526,8724
1683655528071803,1683655528080386,8583
1683655528088071,1683655528088846,775
1683655528097246,1683655528098558,1312
1683655528099374,1683655528106147,6773
1683655528113754,1683655528114956,1202
1683655528121917,1683655528130213,8296
1683655528135774,1683655528141639,5865
1683655528149634,1683655528150874,1240
1683655528165629,1683655528166579,950
1683655528182094,1683655528183371,1277
1683655528184276,1683655528190124,5848
1683655528197778,1683655528198835,1057
1683655528213521,1683655528222321,8800
1683655528229481,1683655528245634,16153
1683655528253640,1683655528262033,8393
1683655528263372,1683655528264505,1133
1683655528272167,1683655528278203,6036
1683655528285674,1683655528293059,7385
1683655528301514,1683655528302386,872
1683655528309711,1683655528310716,1005
1683655528311699,1683655528318059,6360
1683655528319105,1683655528320153,1048
1683655528321015,1683655528325857,4842
1683655528333684,1683655528334973,1289
1683655528341267,1683655528348273,7006
1683655528353286,1683655528354162,876
1683655528355069,1683655528362489,7420
1683655528369303,1683655528377836,8533
1683655528386171,1683655528393027,6856
1683655528393473,1683655528404417,10944
1683655528412025,1683655528413014,989
1683655528427900,1683655528434037,6137
1683655528439801,1683655528446040,6239
1683655528453788,1683655528465621,11833
1683655528481754,1683655528482987,1233
1683655528490063,1683655528491236,1173
1683655528491930,1683655528497842,5912
1683655528499774,1683655528521056,21282
1683655528529530,1683655528538175,8645
1683655528543779,1683655528556996,13217
1683655528557593,1683655528566286,8693
1683655528567286,1683655528568398,1112
1683655528576548,1683655528577486,938
1683655528585268,1683655528597626,12358
1683655528598142,1683655528605371,7229
1683655528614145,1683655528620409,6264
1683655528622169,1683655528636473,14304
1683655528646155,1683655528650297,4142
1683655528657983,1683655528665616,7633
1683655528666354,1683655528667382,1028
1683655528672122,1683655528674845,2723
1683655528682201,1683655528683327,1126
1683655528689185,1683655528690319,1134
1683655528700568,1683655528708383,7815
1683655528713939,1683655528722712,8773
1683655528723444,1683655528730106,6662
1683655528738064,1683655528745004,6940
1683655528746859,1683655528753899,7040
1683655528770082,1683655528770738,656
1683655528777810,1683655528786318,8508
1683655528793429,1683655528794278,849
1683655528795126,1683655528816997,21871
1683655528818153,1683655528826215,8062
1683655528827021,1683655528833939,6918
1683655528834583,1683655528842116,7533
1683655528857414,1683655528881645,24231
1683655528882129,1683655528890167,8038
1683655528897428,1683655528898360,932
1683655528906135,1683655528921802,15667
1683655528929477,1683655528930426,949
1683655528931338,1683655528938679,7341
1683655528946098,1683655528947177,1079
1683655528953611,1683655528962113,8502
1683655528970028,1683655528970971,943
1683655528977664,1683655528986041,8377
1683655528993629,1683655529005036,11407
1683655529005563,1683655529012290,6727
1683655529020877,1683655529026164,5287
1683655529031936,1683655529037048,5112
1683655529037463,1683655529038506,1043
1683655529039324,1683655529040422,1098
1683655529041123,1683655529054048,12925
1683655529059747,1683655529066134,6387
1683655529066929,1683655529072385,5456
1683655529073264,1683655529082198,8934
1683655529088534,1683655529097056,8522
1683655529102580,1683655529108919,6339
1683655529114426,1683655529121168,6742
1683655529129469,1683655529130395,926
1683655529136269,1683655529142242,5973
1683655529149289,1683655529156504,7215
1683655529164215,1683655529165563,1348
1683655529170162,1683655529171134,972
1683655529176507,1683655529178765,2258
1683655529183962,1683655529185052,1090
1683655529190010,1683655529205653,15643
1683655529206260,1683655529221695,15435
1683655529226167,1683655529227364,1197
1683655529233632,1683655529241631,7999
1683655529242176,1683655529249620,7444
1683655529257452,1683655529258410,958
1683655529274164,1683655529275291,1127
1683655529276079,1683655529277284,1205
1683655529289387,1683655529290290,903
1683655529295714,1683655529304491,8777
1683655529305506,1683655529313708,8202
1683655529321366,1683655529326168,4802
1683655529329840,1683655529342421,12581
1683655529343474,1683655529344604,1130
1683655529352538,1683655529360454,7916
1683655529366311,1683655529377628,11317
1683655529385329,1683655529394301,8972
1683655529401597,1683655529417728,16131
1683655529418239,1683655529425634,7395
1683655529426205,1683655529427203,998
1683655529434171,1683655529435374,1203
1683655529441839,1683655529449158,7319
1683655529457360,1683655529458255,895
1683655529473355,1683655529482099,8744
1683655529483063,1683655529484329,1266
1683655529485138,1683655529486300,1162
1683655529491941,1683655529501451,9510
1683655529510287,1683655529525041,14754
1683655529529658,1683655529530163,505
1683655529538417,1683655529545432,7015
1683655529546339,1683655529547486,1147
1683655529555617,1683655529556674,1057
1683655529569921,1683655529576997,7076
1683655529577458,1683655529585627,8169
1683655529593350,1683655529601024,7674
1683655529605644,1683655529613196,7552
1683655529621383,1683655529637676,16293
1683655529638236,1683655529639350,1114
1683655529645824,1683655529650007,4183
1683655529656497,1683655529657464,967
1683655529664788,1683655529670031,5243
1683655529682583,1683655529689630,7047
1683655529700006,1683655529706166,6160
1683655529713731,1683655529722167,8436
1683655529722915,1683655529724047,1132
1683655529731727,1683655529740416,8689
1683655529741262,1683655529748776,7514
1683655529756792,1683655529758049,1257
1683655529758812,1683655529759922,1110
1683655529764024,1683655529765084,1060
1683655529773345,1683655529781569,8224
1683655529782205,1683655529790160,7955
1683655529791099,1683655529797049,5950
1683655529797481,1683655529813215,15734
1683655529817679,1683655529822113,4434
1683655529827784,1683655529836613,8829
1683655529843754,1683655529857004,13250
1683655529857821,1683655529873919,16098
1683655529882299,1683655529883044,745
1683655529889290,1683655529891769,2479
1683655529898418,1683655529899398,980
1683655529905516,1683655529914119,8603
1683655529921704,1683655529922938,1234
1683655529923525,1683655529937675,14150
1683655529938618,1683655529939734,1116
1683655529940446,1683655529949000,8554
1683655529949597,1683655529958203,8606
1683655529965651,1683655529966758,1107
1683655529973549,1683655529982147,8598
1683655529989711,1683655529998390,8679
1683655530013849,1683655530021093,7244
1683655530029903,1683655530030898,995
1683655530037361,1683655530044488,7127
1683655530052626,1683655530053463,837
1683655530054309,1683655530059862,5553
1683655530062185,1683655530063313,1128
1683655530064098,1683655530065224,1126
1683655530065996,1683655530073005,7009
1683655530081459,1683655530082331,872
1683655530087859,1683655530096412,8553
1683655530097323,1683655530098418,1095
1683655530105340,1683655530106378,1038
1683655530107124,1683655530121052,13928
1683655530121564,1683655530122825,1261
1683655530137430,1683655530138523,1093
1683655530144482,1683655530150501,6019
1683655530157676,1683655530159866,2190
1683655530165889,1683655530166619,730
1683655530173850,1683655530174810,960
1683655530181968,1683655530186107,4139
1683655530193814,1683655530201086,7272
1683655530210596,1683655530211658,1062
1683655530217844,1683655530233082,15238
1683655530241507,1683655530242465,958
1683655530250001,1683655530257368,7367
1683655530257892,1683655530258877,985
1683655530282245,1683655530283296,1051
1683655530290129,1683655530290909,780
1683655530297722,1683655530298907,1185
1683655530303744,1683655530306511,2767
1683655530314056,1683655530314974,918
1683655530320144,1683655530324344,4200
1683655530330079,1683655530337033,6954
1683655530337483,1683655530346293,8810
1683655530353574,1683655530362137,8563
1683655530367748,1683655530376261,8513
1683655530383769,1683655530385131,1362
1683655530397438,1683655530398647,1209
1683655530399522,1683655530400829,1307
1683655530413546,1683655530422468,8922
1683655530429317,1683655530430502,1185
1683655530438163,1683655530450128,11965
1683655530451074,1683655530458015,6941
1683655530474138,1683655530475366,1228
1683655530480488,1683655530488362,7874
1683655530493283,1683655530501751,8468
1683655530510053,1683655530511307,1254
1683655530518680,1683655530533661,14981
1683655530541497,1683655530548287,6790
1683655530549204,1683655530550352,1148
1683655530551151,1683655530558105,6954
1683655530565301,1683655530566361,1060
1683655530573635,1683655530575048,1413
1683655530580185,1683655530592274,12089
1683655530600823,1683655530601938,1115
1683655530607981,1683655530609153,1172
1683655530615907,1683655530622374,6467
1683655530637412,1683655530638699,1287
1683655530650165,1683655530652050,1885
1683655530659650,1683655530660777,1127
1683655530673353,1683655530680329,6976
1683655530685323,1683655530693235,7912
1683655530699768,1683655530709653,9885
1683655530717722,1683655530718972,1250
1683655530725362,1683655530726310,948
1683655530733906,1683655530746107,12201
1683655530747214,1683655530748993,1779
1683655530756105,1683655530765015,8910
1683655530765650,1683655530766759,1109
1683655530773574,1683655530790068,16494
1683655530796520,1683655530804447,7927
1683655530806263,1683655530810743,4480
1683655530811513,1683655530818809,7296
1683655530829445,1683655530838103,8658
1683655530845759,1683655530854038,8279
1683655530854968,1683655530856132,1164
1683655530862247,1683655530868156,5909
1683655530875770,1683655530882182,6412
1683655530888824,1683655530889947,1123
1683655530897465,1683655530906090,8625
1683655530921333,1683655530922367,1034
1683655530923309,1683655530929661,6352
1683655530941655,1683655530946065,4410
1683655530953687,1683655530962126,8439
1683655530975920,1683655530984267,8347
1683655530991887,1683655531000246,8359
1683655531005351,1683655531006105,754
1683655531014036,1683655531022085,8049
1683655531030032,1683655531038061,8029
1683655531044539,1683655531045632,1093
1683655531054018,1683655531061239,7221
1683655531061765,1683655531062859,1094
1683655531069560,1683655531084320,14760
1683655531100104,1683655531106549,6445
1683655531113769,1683655531128384,14615
1683655531129461,1683655531130558,1097
1683655531137634,1683655531146203,8569
1683655531153711,1683655531161890,8179
1683655531168717,1683655531169581,864
1683655531175779,1683655531180982,5203
1683655531189374,1683655531196301,6927
1683655531197266,1683655531198410,1144
1683655531205580,1683655531221048,15468
1683655531228617,1683655531236378,7761
1683655531241880,1683655531249025,7145
1683655531249639,1683655531265022,15383
1683655531265841,1683655531273652,7811
1683655531274239,1683655531281559,7320
1683655531288561,1683655531289530,969
1683655531290333,1683655531297795,7462
