1683654148125911,1683654148126671,760
1683654148127964,1683654148128221,257
1683654148129504,1683654148129859,355
1683654148131060,1683654148131467,407
1683654148132706,1683654148133011,305
1683654148134364,1683654148134480,116
1683654148142713,1683654148143030,317
1683654148148866,1683654148149191,325
1683654148150568,1683654148150807,239
1683654148158439,1683654148158634,195
1683654148159829,1683654148159972,143
1683654148161142,1683654148161394,252
1683654148167908,1683654148168193,285
1683654148175165,1683654148175353,188
1683654148176467,1683654148176824,357
1683654148177945,1683654148178222,277
1683654148184747,1683654148185041,294
1683654148186120,1683654148186487,367
1683654148187792,1683654148187893,101
1683654148194819,1683654148194971,152
1683654148202807,1683654148203086,279
1683654148210860,1683654148211033,173
1683654148212224,1683654148212504,280
1683654148220887,1683654148220915,28
1683654148227093,1683654148227154,61
1683654148228340,1683654148228461,121
1683654148234754,1683654148235010,256
1683654148236166,1683654148236449,283
1683654148242743,1683654148242857,114
1683654148244068,1683654148244259,191
1683654148250738,1683654148250851,113
1683654148258674,1683654148258991,317
1683654148266792,1683654148274420,7628
1683654148275793,1683654148275910,117
1683654148277260,1683654148281395,4135
1683654148282720,1683654148282840,120
1683654148283976,1683654148290345,6369
1683654148291613,1683654148291886,273
1683654148293098,1683654148293409,311
1683654148294803,1683654148294851,48
1683654148301631,1683654148301863,232
1683654148308644,1683654148308949,305
1683654148310101,1683654148310366,265
1683654148315851,1683654148316239,388
1683654148330090,1683654148330106,16
1683654148331496,1683654148331602,106
1683654148339938,1683654148340427,489
1683654148346459,1683654148346500,41
1683654148354620,1683654148354745,125
1683654148355896,1683654148356089,193
1683654148357264,1683654148357441,177
1683654148358670,1683654148358827,157
1683654148359999,1683654148360338,339
1683654148361479,1683654148361778,299
1683654148362907,1683654148363165,258
1683654148364419,1683654148364566,147
1683654148365740,1683654148365957,217
1683654148367104,1683654148367342,238
1683654148376000,1683654148376287,287
1683654148377417,1683654148377654,237
1683654148382845,1683654148382931,86
1683654148395110,1683654148398378,3268
1683654148399728,1683654148400136,408
1683654148401263,1683654148401626,363
1683654148406767,1683654148406898,131
1683654148408065,1683654148408375,310
1683654148422395,1683654148422568,173
1683654148423834,1683654148430340,6506
1683654148431731,1683654148432049,318
1683654148433256,1683654148433594,338
1683654148438808,1683654148446476,7668
1683654148447884,1683654148448002,118
1683654148449221,1683654148449438,217
1683654148450583,1683654148450820,237
1683654148451949,1683654148452185,236
1683654148453386,1683654148453503,117
1683654148454668,1683654148454808,140
1683654148460791,1683654148460933,142
1683654148462127,1683654148462326,199
1683654148463577,1683654148463673,96
1683654148464818,1683654148465132,314
1683654148470725,1683654148470839,114
1683654148472081,1683654148472271,190
1683654148473418,1683654148473681,263
1683654148478782,1683654148478798,16
1683654148480088,1683654148480168,80
1683654148486763,1683654148486855,92
1683654148494775,1683654148495068,293
1683654148496314,1683654148496496,182
1683654148501858,1683654148502041,183
1683654148504562,1683654148504660,98
1683654148505935,1683654148506165,230
1683654148507498,1683654148507571,73
1683654148509004,1683654148509019,15
1683654148510442,1683654148510462,20
1683654148517317,1683654148517389,72
1683654148524517,1683654148524649,132
1683654148525906,1683654148526075,169
1683654148527432,1683654148527505,73
1683654148528697,1683654148528810,113
1683654148530002,1683654148530278,276
1683654148538893,1683654148538906,13
1683654148540375,1683654148540464,89
1683654148541767,1683654148541848,81
1683654148546737,1683654148546751,14
1683654148554818,1683654148554889,71
1683654148556047,1683654148556283,236
1683654148564882,1683654148565028,146
1683654148571375,1683654148571622,247
1683654148572940,1683654148573082,142
1683654148574254,1683654148574583,329
1683654148582887,1683654148582901,14
1683654148591860,1683654148591915,55
1683654148597773,1683654148597911,138
1683654148599244,1683654148599305,61
1683654148607474,1683654148607594,120
1683654148608782,1683654148608976,194
1683654148610256,1683654148610381,125
1683654148611608,1683654148611753,145
1683654148617838,1683654148617958,120
1683654148619243,1683654148619461,218
1683654148620738,1683654148620902,164
1683654148622204,1683654148622350,146
1683654148623665,1683654148623751,86
1683654148630934,1683654148630978,44
1683654148632245,1683654148632473,228
1683654148633629,1683654148633859,230
1683654148635058,1683654148635297,239
1683654148636484,1683654148636582,98
1683654148642842,1683654148642854,12
1683654148644172,1683654148644285,113
1683654148645475,1683654148645661,186
1683654148646838,1683654148647038,200
1683654148648261,1683654148648375,114
1683654148649566,1683654148649795,229
1683654148651114,1683654148651256,142
1683654148658766,1683654148658942,176
1683654148660155,1683654148660992,837
1683654148662236,1683654148662413,177
1683654148670843,1683654148670926,83
1683654148672210,1683654148672438,228
1683654148673737,1683654148673852,115
1683654148675043,1683654148681312,6269
1683654148682686,1683654148682885,199
1683654148684121,1683654148684337,216
1683654148685490,1683654148685776,286
1683654148690828,1683654148690890,62
1683654148699187,1683654148699311,124
1683654148700714,1683654148700827,113
1683654148706786,1683654148714339,7553
1683654148715655,1683654148716085,430
1683654148730130,1683654148730146,16
1683654148731504,1683654148731857,353
1683654148733009,1683654148733258,249
1683654148738762,1683654148738813,51
1683654148746835,1683654148746885,50
1683654148754855,1683654148755071,216
1683654148756594,1683654148762345,5751
1683654148763760,1683654148770337,6577
1683654148771648,1683654148772042,394
1683654148773212,1683654148773568,356
1683654148774753,1683654148775045,292
1683654148776282,1683654148776519,237
1683654148782322,1683654148782573,251
1683654148783932,1683654148784052,120
1683654148789969,1683654148789983,14
1683654148791340,1683654148791452,112
1683654148792850,1683654148792985,135
1683654148798765,1683654148798874,109
1683654148805711,1683654148805967,256
1683654148810436,1683654148810597,161
1683654148811795,1683654148812016,221
1683654148813210,1683654148813522,312
1683654148814867,1683654148814930,63
1683654148816120,1683654148816472,352
1683654148822466,1683654148822606,140
1683654148823976,1683654148823988,12
1683654148830778,1683654148830907,129
1683654148836519,1683654148836570,51
1683654148837902,1683654148838078,176
1683654148842864,1683654148842932,68
1683654148850759,1683654148850934,175
1683654148858867,1683654148859033,166
1683654148860172,1683654148860524,352
1683654148861764,1683654148862065,301
1683654148863214,1683654148863512,298
1683654148864698,1683654148864867,169
1683654148869657,1683654148870057,400
1683654148871347,1683654148871512,165
1683654148879940,1683654148880407,467
1683654148886463,1683654148886620,157
1683654148887970,1683654148888134,164
1683654148889381,1683654148889563,182
1683654148894704,1683654148894884,180
1683654148902802,1683654148902903,101
1683654148910905,1683654148911077,172
1683654148912288,1683654148912672,384
1683654148918810,1683654148926334,7524
1683654148927803,1683654148928075,272
1683654148932740,1683654148933100,360
1683654148934316,1683654148934522,206
1683654148935730,1683654148935942,212
1683654148937003,1683654148937358,355
1683654148938485,1683654148938705,220
1683654148939928,1683654148940150,222
1683654148946793,1683654148946897,104
1683654148954795,1683654148962441,7646
1683654148963824,1683654148964034,210
1683654148965166,1683654148965392,226
1683654148970764,1683654148970961,197
1683654148972414,1683654148972542,128
1683654148973714,1683654148974100,386
1683654148975209,1683654148975506,297
1683654148976594,1683654148976873,279
1683654148982882,1683654148983087,205
1683654148984549,1683654148984701,152
1683654148985912,1683654148986158,246
1683654148994861,1683654148995001,140
1683654148996207,1683654148996461,254
1683654148997659,1683654148997822,163
1683654148998932,1683654148999223,291
1683654149000488,1683654149000605,117
1683654149001692,1683654149001928,236
1683654149003120,1683654149003444,324
1683654149004643,1683654149004949,306
1683654149006128,1683654149006437,309
1683654149007761,1683654149007950,189
1683654149009114,1683654149009284,170
1683654149010476,1683654149010637,161
1683654149011722,1683654149012011,289
1683654149013178,1683654149013396,218
1683654149014502,1683654149014909,407
1683654149016105,1683654149016331,226
1683654149017518,1683654149017722,204
1683654149018874,1683654149019113,239
1683654149024709,1683654149024914,205
1683654149031153,1683654149031378,225
1683654149032751,1683654149033087,336
1683654149034360,1683654149034515,155
1683654149035638,1683654149035888,250
1683654149037013,1683654149037409,396
1683654149038562,1683654149038896,334
1683654149040146,1683654149045283,5137
1683654149050548,1683654149050888,340
1683654149052203,1683654149052417,214
1683654149060010,1683654149060233,223
1683654149069560,1683654149069572,12
1683654149070817,1683654149071115,298
1683654149072469,1683654149072697,228
1683654149073810,1683654149074090,280
1683654149075279,1683654149075530,251
1683654149082825,1683654149083082,257
1683654149084295,1683654149084517,222
1683654149085691,1683654149086090,399
1683654149087352,1683654149087639,287
1683654149092795,1683654149093043,248
1683654149094333,1683654149094553,220
1683654149107130,1683654149107286,156
1683654149108642,1683654149108897,255
1683654149110064,1683654149110454,390
1683654149111746,1683654149111880,134
1683654149113088,1683654149113410,322
1683654149114614,1683654149114857,243
1683654149116040,1683654149116361,321
1683654149122868,1683654149123055,187
1683654149124343,1683654149124597,254
1683654149125760,1683654149126030,270
1683654149127387,1683654149127440,53
1683654149128589,1683654149128975,386
1683654149134505,1683654149134689,184
1683654149135956,1683654149136204,248
1683654149137563,1683654149137943,380
1683654149143963,1683654149144202,239
1683654149150387,1683654149150577,190
1683654149151837,1683654149152057,220
1683654149153220,1683654149153530,310
1683654149158806,1683654149158902,96
1683654149160079,1683654149160227,148
1683654149161345,1683654149161599,254
1683654149166716,1683654149166988,272
1683654149168178,1683654149168441,263
1683654149169654,1683654149170003,349
1683654149171232,1683654149171363,131
1683654149179982,1683654149180272,290
1683654149181497,1683654149181731,234
1683654149182938,1683654149183155,217
1683654149191800,1683654149191959,159
1683654149193198,1683654149193373,175
1683654149200048,1683654149200198,150
1683654149201472,1683654149201711,239
1683654149203063,1683654149203223,160
1683654149204411,1683654149204674,263
1683654149205956,1683654149206142,186
1683654149207371,1683654149207591,220
1683654149208764,1683654149209015,251
1683654149210255,1683654149210505,250
1683654149211779,1683654149211949,170
1683654149213143,1683654149213373,230
1683654149218740,1683654149218825,85
1683654149220082,1683654149220247,165
1683654149226818,1683654149226976,158
1683654149228352,1683654149228448,96
1683654149229585,1683654149229841,256
1683654149231069,1683654149231284,215
1683654149239330,1683654149239571,241
1683654149254407,1683654149254425,18
1683654149255915,1683654149256019,104
1683654149262743,1683654149262990,247
1683654149278215,1683654149278234,19
1683654149279527,1683654149279839,312
1683654149281154,1683654149281299,145
1683654149282583,1683654149290466,7883
1683654149291825,1683654149298334,6509
1683654149299607,1683654149299966,359
1683654149308105,1683654149314354,6249
1683654149315774,1683654149316063,289
1683654149317278,1683654149317528,250
1683654149318892,1683654149318996,104
1683654149325290,1683654149325642,352
1683654149326935,1683654149327020,85
1683654149328215,1683654149328563,348
1683654149330669,1683654149330780,111
1683654149332034,1683654149332182,148
1683654149333384,1683654149333576,192
1683654149334861,1683654149335002,141
1683654149336835,1683654149337032,197
1683654149342816,1683654149342836,20
1683654149343995,1683654149344360,365
1683654149345573,1683654149345894,321
1683654149347210,1683654149347272,62
1683654149348506,1683654149348742,236
1683654149353704,1683654149353838,134
1683654149355018,1683654149355319,301
1683654149356565,1683654149356791,226
1683654149357982,1683654149358288,306
1683654149367051,1683654149367067,16
1683654149368326,1683654149368615,289
1683654149369908,1683654149370062,154
1683654149371414,1683654149371632,218
1683654149372808,1683654149373075,267
1683654149374301,1683654149374600,299
1683654149375886,1683654149375996,110
1683654149382752,1683654149382838,86
1683654149390754,1683654149391065,311
1683654149398974,1683654149406413,7439
1683654149407902,1683654149414381,6479
1683654149416178,1683654149416320,142
1683654149417563,1683654149417723,160
1683654149418928,1683654149419198,270
1683654149426969,1683654149427141,172
1683654149428592,1683654149428664,72
1683654149429916,1683654149430245,329
1683654149438834,1683654149439055,221
1683654149440381,1683654149440590,209
1683654149442010,1683654149442077,67
1683654149446664,1683654149447010,346
1683654149448283,1683654149448512,229
1683654149449841,1683654149449934,93
1683654149451196,1683654149451478,282
1683654149452662,1683654149457420,4758
1683654149458780,1683654149459034,254
1683654149460355,1683654149460494,139
1683654149461667,1683654149461910,243
1683654149463104,1683654149463378,274
1683654149470752,1683654149470876,124
1683654149472147,1683654149472406,259
1683654149473604,1683654149473743,139
1683654149474930,1683654149475153,223
1683654149476321,1683654149476516,195
1683654149477809,1683654149477939,130
1683654149479362,1683654149479379,17
1683654149487182,1683654149487437,255
1683654149494502,1683654149494637,135
1683654149495974,1683654149496115,141
1683654149497297,1683654149497547,250
1683654149498833,1683654149499086,253
1683654149506726,1683654149506866,140
1683654149508081,1683654149508253,172
1683654149509458,1683654149509662,204
1683654149510968,1683654149511067,99
1683654149512286,1683654149512423,137
1683654149513635,1683654149513810,175
1683654149515031,1683654149515285,254
1683654149522866,1683654149523021,155
1683654149524381,1683654149524440,59
1683654149530717,1683654149530856,139
1683654149538840,1683654149546456,7616
1683654149547868,1683654149547904,36
1683654149549006,1683654149549248,242
1683654149550555,1683654149550697,142
1683654149551830,1683654149552057,227
1683654149557734,1683654149557836,102
1683654149562754,1683654149562877,123
1683654149570886,1683654149571028,142
1683654149572275,1683654149572486,211
1683654149573746,1683654149573865,119
1683654149575013,1683654149575310,297
1683654149576585,1683654149576684,99
1683654149577880,1683654149578106,226
1683654149582710,1683654149582871,161
1683654149584107,1683654149584263,156
1683654149585445,1683654149585597,152
1683654149586829,1683654149587046,217
1683654149588148,1683654149588384,236
1683654149589624,1683654149589786,162
1683654149591019,1683654149591145,126
1683654149598743,1683654149598874,131
1683654149600060,1683654149600359,299
1683654149601549,1683654149601765,216
1683654149602877,1683654149603138,261
1683654149604253,1683654149604528,275
1683654149605727,1683654149605852,125
1683654149610716,1683654149610902,186
1683654149618729,1683654149618959,230
1683654149626837,1683654149634370,7533
1683654149635820,1683654149636038,218
1683654149640851,1683654149641048,197
1683654149646454,1683654149646731,277
1683654149648125,1683654149648181,56
1683654149649425,1683654149649657,232
1683654149650816,1683654149651049,233
1683654149658695,1683654149659071,376
1683654149660351,1683654149660495,144
1683654149661623,1683654149662048,425
1683654149666670,1683654149666776,106
1683654149668048,1683654149668286,238
1683654149674747,1683654149674880,133
1683654149683256,1683654149683477,221
1683654149684804,1683654149685037,233
1683654149686333,1683654149686465,132
1683654149694764,1683654149694903,139
1683654149696090,1683654149696225,135
1683654149697314,1683654149697583,269
1683654149698784,1683654149698947,163
1683654149700153,1683654149700336,183
1683654149701422,1683654149701767,345
1683654149706735,1683654149706784,49
1683654149714829,1683654149714939,110
1683654149716125,1683654149716336,211
1683654149722674,1683654149723034,360
1683654149735108,1683654149735122,14
1683654149736612,1683654149736623,11
1683654149737795,1683654149738054,259
1683654149744901,1683654149745273,372
1683654149746646,1683654149746719,73
1683654149748047,1683654149748307,260
1683654149749551,1683654149749764,213
1683654149754869,1683654149754883,14
1683654149762749,1683654149762933,184
1683654149764194,1683654149764298,104
1683654149765524,1683654149765624,100
1683654149766799,1683654149773313,6514
1683654149781707,1683654149781959,252
1683654149783131,1683654149783347,216
1683654149784465,1683654149784649,184
1683654149785776,1683654149786177,401
1683654149790693,1683654149790934,241
1683654149798687,1683654149798897,210
1683654149800076,1683654149800326,250
1683654149801625,1683654149801743,118
1683654149802965,1683654149803173,208
1683654149804528,1683654149804601,73
1683654149805859,1683654149806051,192
1683654149807534,1683654149807544,10
1683654149808765,1683654149809035,270
1683654149810217,1683654149810399,182
1683654149811716,1683654149811854,138
1683654149818698,1683654149818860,162
1683654149826742,1683654149826902,160
1683654149835850,1683654149836290,440
1683654149837599,1683654149837793,194
1683654149839110,1683654149839418,308
1683654149840758,1683654149840897,139
1683654149846767,1683654149846986,219
1683654149848337,1683654149848401,64
1683654149849722,1683654149849808,86
1683654149851060,1683654149851271,211
1683654149852529,1683654149852629,100
1683654149853975,1683654149853992,17
1683654149861161,1683654149861258,97
1683654149862595,1683654149862741,146
1683654149864003,1683654149864153,150
1683654149865426,1683654149865642,216
1683654149870633,1683654149870846,213
1683654149878948,1683654149879141,193
1683654149886756,1683654149886930,174
1683654149888211,1683654149888410,199
1683654149889712,1683654149889841,129
1683654149894762,1683654149894881,119
1683654149902987,1683654149903164,177
1683654149904540,1683654149904741,201
1683654149910801,1683654149910813,12
1683654149912110,1683654149912339,229
1683654149913585,1683654149913763,178
1683654149914901,1683654149915169,268
1683654149922728,1683654149922910,182
1683654149928729,1683654149928957,228
1683654149930274,1683654149930439,165
1683654149931798,1683654149931848,50
1683654149933081,1683654149933218,137
1683654149938776,1683654149938922,146
1683654149940137,1683654149940394,257
1683654149941682,1683654149941884,202
1683654149943384,1683654149943534,150
1683654149950771,1683654149950870,99
1683654149952171,1683654149952365,194
1683654149953635,1683654149953747,112
1683654149961898,1683654149961911,13
1683654149963298,1683654149963308,10
1683654149971027,1683654149971041,14
1683654149972422,1683654149972618,196
1683654149973930,1683654149974174,244
1683654149975400,1683654149975534,134
1683654149982851,1683654149983039,188
1683654149984526,1683654149984537,11
1683654149985792,1683654149986005,213
1683654149990829,1683654149990947,118
1683654149992203,1683654149992448,245
1683654149993690,1683654149993926,236
1683654149998875,1683654149998918,43
1683654150007910,1683654150008128,218
1683654150009424,1683654150009577,153
1683654150010883,1683654150011051,168
1683654150018862,1683654150018879,17
1683654150026797,1683654150026988,191
1683654150028378,1683654150028515,137
1683654150029704,1683654150029960,256
1683654150039064,1683654150039078,14
1683654150040505,1683654150040659,154
1683654150041886,1683654150042100,214
1683654150043495,1683654150043653,158
1683654150044915,1683654150045072,157
1683654150046253,1683654150046409,156
1683654150047615,1683654150047920,305
1683654150049241,1683654150049516,275
1683654150050788,1683654150051093,305
1683654150052477,1683654150052641,164
1683654150053878,1683654150054139,261
1683654150055385,1683654150055586,201
1683654150060426,1683654150060607,181
1683654150061976,1683654150062149,173
1683654150066780,1683654150066900,120
1683654150068151,1683654150068388,237
1683654150074342,1683654150074564,222
1683654150082379,1683654150082516,137
1683654150090409,1683654150090569,160
1683654150091970,1683654150092143,173
1683654150098802,1683654150099001,199
1683654150100441,1683654150100513,72
1683654150101859,1683654150102002,143
1683654150103361,1683654150103548,187
1683654150110792,1683654150110848,56
1683654150115942,1683654150116308,366
1683654150122289,1683654150122518,229
1683654150130385,1683654150130533,148
1683654150131838,1683654150132070,232
1683654150133318,1683654150133668,350
1683654150138816,1683654150138963,147
1683654150140391,1683654150140631,240
1683654150148853,1683654150149008,155
1683654150150767,1683654150150783,16
1683654150152510,1683654150152584,74
1683654150153945,1683654150153991,46
1683654150158760,1683654150158938,178
1683654150160339,1683654150160502,163
1683654150161826,1683654150162039,213
1683654150163445,1683654150163623,178
1683654150170959,1683654150171105,146
1683654150173056,1683654150173070,14
1683654150174535,1683654150174596,61
1683654150176083,1683654150176349,266
1683654150177651,1683654150177912,261
1683654150179103,1683654150179321,218
1683654150180621,1683654150180736,115
1683654150181906,1683654150182079,173
1683654150183324,1683654150183486,162
1683654150184735,1683654150184891,156
1683654150186026,1683654150186353,327
1683654150187593,1683654150187883,290
1683654150189069,1683654150189401,332
1683654150190788,1683654150190935,147
1683654150192235,1683654150192386,151
1683654150193652,1683654150193802,150
1683654150195192,1683654150195346,154
1683654150196667,1683654150196862,195
1683654150198103,1683654150198259,156
1683654150199453,1683654150199611,158
1683654150204787,1683654150205085,298
1683654150206497,1683654150206621,124
1683654150214775,1683654150215007,232
1683654150216292,1683654150216480,188
1683654150217733,1683654150217913,180
1683654150223325,1683654150223493,168
1683654150224848,1683654150224858,10
1683654150231890,1683654150231963,73
1683654150238895,1683654150239109,214
1683654150240635,1683654150240812,177
1683654150242278,1683654150242427,149
1683654150250729,1683654150250884,155
1683654150252203,1683654150252494,291
1683654150260850,1683654150261161,311
1683654150262768,1683654150262782,14
1683654150264029,1683654150264284,255
1683654150265510,1683654150265764,254
1683654150270744,1683654150270986,242
1683654150272308,1683654150272433,125
1683654150273777,1683654150273884,107
1683654150275106,1683654150275314,208
1683654150282690,1683654150283196,506
1683654150284591,1683654150284726,135
1683654150294985,1683654150295002,17
1683654150296452,1683654150296709,257
1683654150298138,1683654150298275,137
1683654150306863,1683654150306985,122
1683654150308324,1683654150308468,144
1683654150315413,1683654150315723,310
1683654150323439,1683654150323463,24
1683654150324795,1683654150324905,110
1683654150333368,1683654150333502,134
1683654150334856,1683654150334981,125
1683654150343825,1683654150344039,214
1683654150345487,1683654150345573,86
1683654150346851,1683654150347016,165
1683654150355408,1683654150355532,124
1683654150370108,1683654150370132,24
1683654150386189,1683654150386381,192
1683654150394314,1683654150394413,99
1683654150395766,1683654150395977,211
1683654150400934,1683654150400978,44
1683654150402154,1683654150402471,317
1683654150410755,1683654150418477,7722
1683654150419911,1683654150420061,150
1683654150421463,1683654150421482,19
1683654150422871,1683654150422932,61
1683654150431920,1683654150432055,135
1683654150433289,1683654150433667,378
1683654150439929,1683654150440569,640
1683654150441967,1683654150442105,138
1683654150443425,1683654150443715,290
1683654150445032,1683654150445227,195
1683654150446742,1683654150446757,15
1683654150454856,1683654150454982,126
1683654150456317,1683654150456441,124
1683654150457702,1683654150457833,131
1683654150459073,1683654150459215,142
1683654150466970,1683654150467113,143
1683654150468368,1683654150468648,280
1683654150475892,1683654150476262,370
1683654150477609,1683654150477820,211
1683654150482368,1683654150482497,129
1683654150498129,1683654150498348,219
1683654150499596,1683654150499927,331
1683654150501130,1683654150506260,5130
1683654150507645,1683654150514346,6701
1683654150515637,1683654150522410,6773
1683654150523757,1683654150524049,292
1683654150538173,1683654150538190,17
1683654150539582,1683654150546341,6759
1683654150547860,1683654150548018,158
1683654150549290,1683654150549597,307
1683654150550836,1683654150551154,318
1683654150558606,1683654150558741,135
1683654150560120,1683654150560210,90
1683654150568258,1683654150568599,341
1683654150569874,1683654150570136,262
1683654150578486,1683654150578720,234
1683654150579957,1683654150580070,113
1683654150581226,1683654150581555,329
1683654150587394,1683654150587676,282
1683654150602215,1683654150602232,17
1683654150603550,1683654150610048,6498
1683654150611350,1683654150611817,467
1683654150613031,1683654150613253,222
1683654150618829,1683654150618929,100
1683654150620305,1683654150620509,204
1683654150621669,1683654150621962,293
1683654150623234,1683654150623343,109
1683654150630908,1683654150630919,11
1683654150632191,1683654150632420,229
1683654150638926,1683654150638937,11
1683654150640166,1683654150646403,6237
1683654150647756,1683654150654284,6528
1683654150655516,1683654150655794,278
1683654150661675,1683654150661824,149
1683654150663016,1683654150663336,320
1683654150670856,1683654150678381,7525
1683654150679648,1683654150679968,320
1683654150694155,1683654150694168,13
1683654150695364,1683654150702458,7094
1683654150703769,1683654150710654,6885
1683654150726195,1683654150726449,254
1683654150742237,1683654150742439,202
1683654150743645,1683654150744028,383
1683654150745258,1683654150745478,220
1683654150746697,1683654150747064,367
1683654150748261,1683654150748622,361
1683654150749845,1683654150750093,248
1683654150751333,1683654150751578,245
1683654150757270,1683654150757564,294
1683654150770162,1683654150770177,15
1683654150771662,1683654150771778,116
1683654150778868,1683654150786427,7559
1683654150787710,1683654150787940,230
1683654150789091,1683654150789389,298
1683654150790569,1683654150790759,190
1683654150791894,1683654150792278,384
1683654150793545,1683654150793678,133
1683654150800855,1683654150801193,338
1683654150802413,1683654150802717,304
1683654150803852,1683654150804130,278
1683654150810856,1683654150811158,302
1683654150812439,1683654150812700,261
1683654150818763,1683654150818894,131
1683654150827057,1683654150827072,15
1683654150829007,1683654150829016,9
1683654150830270,1683654150830898,628
1683654150838580,1683654150838731,151
1683654150840214,1683654150840338,124
1683654150848912,1683654150849228,316
1683654150850614,1683654150850872,258
1683654150856072,1683654150856318,246
1683654150857582,1683654150857826,244
1683654150859065,1683654150865320,6255
1683654150866636,1683654150866838,202
1683654150868077,1683654150868428,351
1683654150874724,1683654150874973,249
1683654150876308,1683654150876448,140
1683654150877684,1683654150878072,388
1683654150879336,1683654150879597,261
1683654150880796,1683654150881007,211
1683654150882152,1683654150882401,249
1683654150883578,1683654150883833,255
1683654150891576,1683654150891590,14
1683654150893133,1683654150893152,19
1683654150894405,1683654150894753,348
1683654150896105,1683654150896435,330
1683654150910189,1683654150910203,14
1683654150911601,1683654150911866,265
1683654150919112,1683654150919327,215
1683654150920601,1683654150920790,189
1683654150921925,1683654150922194,269
1683654150923421,1683654150923639,218
1683654150924860,1683654150925389,529
1683654150926633,1683654150926958,325
1683654150928199,1683654150928495,296
1683654150936796,1683654150937124,328
1683654150943070,1683654150943270,200
1683654150950728,1683654150950995,267
1683654150952212,1683654150952466,254
1683654150958732,1683654150958951,219
1683654150960253,1683654150960420,167
1683654150966748,1683654150967007,259
1683654150974915,1683654150982597,7682
1683654150990625,1683654150990850,225
1683654150996840,1683654150997119,279
1683654150998460,1683654150998668,208
1683654151000099,1683654151000181,82
1683654151006934,1683654151007042,108
1683654151014817,1683654151015113,296
1683654151020868,1683654151021293,425
1683654151022757,1683654151022940,183
1683654151030956,1683654151031311,355
1683654151032607,1683654151032906,299
1683654151034378,1683654151034393,15
1683654151035765,1683654151036006,241
1683654151037424,1683654151037615,191
1683654151042222,1683654151042426,204
1683654151043668,1683654151043957,289
1683654151045219,1683654151045462,243
1683654151052807,1683654151053096,289
1683654151054499,1683654151054594,95
1683654151062865,1683654151063151,286
1683654151064628,1683654151064815,187
1683654151070882,1683654151071076,194
1683654151078854,1683654151079028,174
1683654151080299,1683654151080578,279
1683654151081959,1683654151082214,255
1683654151083514,1683654151083805,291
1683654151085032,1683654151085233,201
1683654151086512,1683654151086724,212
1683654151088033,1683654151088270,237
1683654151095983,1683654151096351,368
1683654151097670,1683654151098105,435
1683654151099324,1683654151099571,247
1683654151106766,1683654151106953,187
1683654151114830,1683654151114982,152
1683654151123592,1683654151123679,87
1683654151125057,1683654151125219,162
1683654151126639,1683654151126804,165
1683654151128059,1683654151128295,236
1683654151135493,1683654151135650,157
1683654151144122,1683654151144452,330
1683654151151460,1683654151151625,165
1683654151166199,1683654151166216,17
1683654151167653,1683654151167971,318
1683654151176042,1683654151176412,370
1683654151177793,1683654151177920,127
1683654151179251,1683654151179391,140
1683654151184730,1683654151185050,320
1683654151186254,1683654151186580,326
1683654151187811,1683654151188017,206
1683654151189268,1683654151189423,155
1683654151190715,1683654151190954,239
1683654151192227,1683654151192518,291
1683654151193889,1683654151194011,122
1683654151195282,1683654151195475,193
1683654151196740,1683654151196898,158
1683654151198088,1683654151198386,298
1683654151199605,1683654151199842,237
1683654151201172,1683654151201406,234
1683654151208033,1683654151208264,231
1683654151209418,1683654151209647,229
1683654151214999,1683654151215187,188
1683654151216548,1683654151216737,189
1683654151217924,1683654151218194,270
1683654151219453,1683654151219662,209
1683654151220910,1683654151221199,289
1683654151222369,1683654151222694,325
1683654151223966,1683654151229608,5642
1683654151230967,1683654151231172,205
1683654151232542,1683654151232628,86
1683654151233799,1683654151234116,317
1683654151235393,1683654151235681,288
1683654151250173,1683654151250190,17
1683654151251653,1683654151251892,239
1683654151253185,1683654151253500,315
1683654151254646,1683654151254861,215
1683654151256029,1683654151256254,225
1683654151257436,1683654151257705,269
1683654151259036,1683654151259246,210
1683654151260517,1683654151260617,100
1683654151261725,1683654151261965,240
1683654151263256,1683654151263517,261
1683654151264716,1683654151264948,232
1683654151266146,1683654151266397,251
1683654151267714,1683654151267989,275
1683654151269149,1683654151269450,301
1683654151277770,1683654151277935,165
1683654151279109,1683654151279379,270
1683654151288111,1683654151288438,327
1683654151289773,1683654151289875,102
1683654151291025,1683654151291320,295
1683654151292614,1683654151293008,394
1683654151294245,1683654151294466,221
1683654151295719,1683654151296003,284
1683654151297333,1683654151297440,107
1683654151303902,1683654151304039,137
1683654151305225,1683654151305591,366
1683654151306876,1683654151307116,240
1683654151315953,1683654151316483,530
1683654151317898,1683654151318039,141
1683654151322818,1683654151322833,15
1683654151330868,1683654151331025,157
1683654151332330,1683654151332596,266
1683654151338925,1683654151339124,199
1683654151340663,1683654151340677,14
1683654151346888,1683654151346903,15
1683654151348066,1683654151348327,261
1683654151354752,1683654151354867,115
1683654151356097,1683654151356367,270
1683654151357689,1683654151357793,104
1683654151359044,1683654151359228,184
1683654151366772,1683654151366883,111
1683654151368067,1683654151368384,317
1683654151369545,1683654151369807,262
1683654151376081,1683654151376234,153
1683654151377572,1683654151377692,120
1683654151382716,1683654151382874,158
1683654151384167,1683654151384311,144
1683654151385562,1683654151385774,212
1683654151392940,1683654151393049,109
1683654151399318,1683654151399330,12
1683654151400623,1683654151400801,178
1683654151406873,1683654151407155,282
1683654151408454,1683654151408697,243
1683654151409887,1683654151410204,317
1683654151418802,1683654151418945,143
1683654151426988,1683654151434392,7404
1683654151435745,1683654151435892,147
1683654151437066,1683654151437299,233
1683654151438709,1683654151438722,13
1683654151446726,1683654151446931,205
1683654151462197,1683654151462213,16
1683654151463657,1683654151470287,6630
1683654151471644,1683654151471846,202
1683654151480108,1683654151486330,6222
1683654151488101,1683654151494289,6188
1683654151495597,1683654151495942,345
1683654151500810,1683654151501071,261
1683654151502306,1683654151502506,200
1683654151513857,1683654151514045,188
1683654151515244,1683654151515447,203
1683654151516639,1683654151517019,380
1683654151522793,1683654151522904,111
1683654151531799,1683654151531960,161
1683654151533174,1683654151533316,142
1683654151539036,1683654151539271,235
1683654151540543,1683654151540641,98
1683654151541773,1683654151542037,264
1683654151547409,1683654151547950,541
1683654151562411,1683654151562426,15
1683654151563903,1683654151564043,140
1683654151565257,1683654151565410,153
1683654151578189,1683654151578204,15
1683654151579562,1683654151579936,374
1683654151584909,1683654151585051,142
1683654151586227,1683654151586373,146
1683654151591755,1683654151591985,230
1683654151593246,1683654151593580,334
1683654151594903,1683654151595199,296
1683654151596447,1683654151596759,312
1683654151607019,1683654151607034,15
1683654151608395,1683654151608581,186
1683654151615287,1683654151615331,44
1683654151616600,1683654151616713,113
1683654151617779,1683654151618137,358
1683654151619315,1683654151619598,283
1683654151620753,1683654151621001,248
1683654151626846,1683654151627092,246
1683654151628408,1683654151628754,346
1683654151636869,1683654151637046,177
1683654151638412,1683654151638710,298
1683654151646939,1683654151646952,13
1683654151648222,1683654151652411,4189
1683654151653767,1683654151653957,190
1683654151655121,1683654151655406,285
1683654151656600,1683654151656847,247
1683654151664100,1683654151664359,259
1683654151672104,1683654151672469,365
1683654151673716,1683654151674118,402
1683654151675421,1683654151675579,158
1683654151680820,1683654151681076,256
1683654151682272,1683654151682598,326
1683654151683743,1683654151684084,341
1683654151685222,1683654151685521,299
1683654151686734,1683654151686876,142
1683654151688163,1683654151688305,142
1683654151689422,1683654151689608,186
1683654151690885,1683654151691025,140
1683654151698733,1683654151699066,333
1683654151700183,1683654151700523,340
1683654151701669,1683654151702108,439
1683654151703237,1683654151703469,232
1683654151704552,1683654151704842,290
1683654151705961,1683654151706287,326
1683654151711318,1683654151711476,158
1683654151712663,1683654151712967,304
1683654151714089,1683654151714374,285
1683654151720052,1683654151720325,273
1683654151728704,1683654151728962,258
1683654151730126,1683654151730352,226
1683654151731573,1683654151731880,307
1683654151738807,1683654151739085,278
1683654151740286,1683654151740629,343
1683654151751047,1683654151751210,163
1683654151760060,1683654151760576,516
1683654151761805,1683654151762087,282
1683654151763333,1683654151763641,308
1683654151764808,1683654151765157,349
1683654151771797,1683654151772018,221
1683654151778793,1683654151778864,71
1683654151786847,1683654151787020,173
1683654151788295,1683654151788422,127
1683654151789567,1683654151789827,260
1683654151791071,1683654151791214,143
1683654151792371,1683654151792684,313
1683654151793906,1683654151794347,441
1683654151795544,1683654151795797,253
1683654151802701,1683654151802903,202
1683654151804207,1683654151804528,321
1683654151805674,1683654151806018,344
1683654151807266,1683654151807453,187
1683654151808564,1683654151808837,273
1683654151810170,1683654151810252,82
1683654151818970,1683654151819111,141
1683654151820296,1683654151820865,569
1683654151821970,1683654151822353,383
1683654151830777,1683654151837307,6530
1683654151838690,1683654151838989,299
1683654151840206,1683654151840615,409
1683654151841721,1683654151842063,342
1683654151843201,1683654151843474,273
1683654151850827,1683654151850983,156
1683654151852265,1683654151852633,368
1683654151853887,1683654151854174,287
1683654151855326,1683654151855659,333
1683654151856846,1683654151857138,292
1683654151858449,1683654151858601,152
1683654151859745,1683654151860077,332
1683654151861274,1683654151861486,212
1683654151870796,1683654151870940,144
1683654151872138,1683654151872380,242
1683654151880029,1683654151880356,327
1683654151881643,1683654151881960,317
1683654151886354,1683654151886503,149
1683654151887737,1683654151887919,182
1683654151889030,1683654151889341,311
1683654151898875,1683654151899002,127
1683654151906974,1683654151913366,6392
1683654151914650,1683654151915047,397
1683654151916255,1683654151916417,162
