1683649787844744,1683649787845991,1247
1683649787846815,1683649787856834,10019
1683649787857332,1683649787868528,11196
1683649787880810,1683649787888806,7996
1683649787888933,1683649787893538,4605
1683649787900707,1683649787909507,8800
1683649787910164,1683649787916827,6663
1683649787924826,1683649787930086,5260
1683649787937699,1683649787948815,11116
1683649787956815,1683649787956886,71
1683649787958124,1683649787966032,7908
1683649787984811,1683649787984883,72
1683649787996859,1683649787997984,1125
1683649788010256,1683649788020825,10569
1683649788021384,1683649788022071,687
1683649788040819,1683649788048812,7993
1683649788048875,1683649788053583,4708
1683649788057392,1683649788062262,4870
1683649788074112,1683649788084556,10444
1683649788085175,1683649788096832,11657
1683649788108805,1683649788109294,489
1683649788111585,1683649788120009,8424
1683649788125556,1683649788126219,663
1683649788138624,1683649788138965,341
1683649788145452,1683649788154615,9163
1683649788164827,1683649788164909,82
1683649788172840,1683649788173761,921
1683649788184450,1683649788196655,12205
1683649788200833,1683649788208596,7763
1683649788220634,1683649788221310,676
1683649788233005,1683649788233643,638
1683649788234220,1683649788244694,10474
1683649788256692,1683649788257093,401
1683649788272449,1683649788272789,340
1683649788273621,1683649788277707,4086
1683649788285599,1683649788288785,3186
1683649788289195,1683649788300848,11653
1683649788301597,1683649788316824,15227
1683649788319826,1683649788329533,9707
1683649788330209,1683649788338528,8319
1683649788338872,1683649788344949,6077
1683649788356598,1683649788357550,952
1683649788368820,1683649788369371,551
1683649788376560,1683649788377086,526
1683649788388920,1683649788396832,7912
1683649788408825,1683649788409620,795
1683649788420797,1683649788421797,1000
1683649788430623,1683649788431063,440
1683649788431718,1683649788438087,6369
1683649788445706,1683649788446425,719
1683649788446915,1683649788447625,710
1683649788456457,1683649788456839,382
1683649788468593,1683649788480514,11921
1683649788492538,1683649788492981,443
1683649788493720,1683649788494175,455
1683649788504566,1683649788505191,625
1683649788515767,1683649788524801,9034
1683649788528447,1683649788536824,8377
1683649788540412,1683649788548465,8053
1683649788552726,1683649788553650,924
1683649788562123,1683649788563049,926
1683649788563498,1683649788564075,577
1683649788570097,1683649788578036,7939
1683649788588065,1683649788592815,4750
1683649788600493,1683649788606629,6136
1683649788617937,1683649788626393,8456
1683649788626730,1683649788627377,647
1683649788632825,1683649788633344,519
1683649788642772,1683649788653623,10851
1683649788654449,1683649788668818,14369
1683649788673724,1683649788674239,515
1683649788674916,1683649788682075,7159
1683649788682428,1683649788683451,1023
1683649788683920,1683649788685371,1451
1683649788685723,1683649788698322,12599
1683649788706218,1683649788706565,347
1683649788707260,1683649788718520,11260
1683649788719009,1683649788719539,530
1683649788729535,1683649788741562,12027
1683649788742238,1683649788742834,596
1683649788753550,1683649788754207,657
1683649788764637,1683649788765117,480
1683649788770544,1683649788776739,6195
1683649788777523,1683649788781874,4351
1683649788796806,1683649788808811,12005
1683649788808885,1683649788820836,11951
1683649788821660,1683649788822362,702
1683649788828583,1683649788829295,712
1683649788830026,1683649788830533,507
1683649788841008,1683649788841670,662
1683649788849270,1683649788856936,7666
1683649788864787,1683649788868863,4076
1683649788877495,1683649788878255,760
1683649788890022,1683649788901913,11891
1683649788908827,1683649788916809,7982
1683649788916874,1683649788917855,981
1683649788928065,1683649788928681,616
1683649788930227,1683649788930619,392
1683649788938133,1683649788948531,10398
1683649788956536,1683649788957363,827
1683649788957988,1683649788968505,10517
1683649788974121,1683649788974758,637
1683649788980826,1683649788987470,6644
1683649788993638,1683649788994379,741
1683649789006403,1683649789007161,758
1683649789012575,1683649789024527,11952
1683649789025570,1683649789033853,8283
1683649789034600,1683649789034992,392
1683649789040320,1683649789048241,7921
1683649789048528,1683649789064437,15909
1683649789072723,1683649789073084,361
1683649789084587,1683649789085304,717
1683649789097021,1683649789108813,11792
1683649789109640,1683649789111405,1765
1683649789118151,1683649789128681,10530
1683649789140558,1683649789141143,585
1683649789141880,1683649789149428,7548
1683649789157953,1683649789168632,10679
1683649789176818,1683649789177239,421
1683649789177971,1683649789188732,10761
1683649789197574,1683649789200021,2447
1683649789206008,1683649789212809,6801
1683649789220687,1683649789232586,11899
1683649789233015,1683649789244671,11656
1683649789252614,1683649789260813,8199
1683649789262358,1683649789268971,6613
1683649789279951,1683649789288609,8658
1683649789296809,1683649789300273,3464
1683649789312333,1683649789324180,11847
1683649789326154,1683649789330080,3926
1683649789330493,1683649789331135,642
1683649789331736,1683649789332279,543
1683649789339906,1683649789344821,4915
1683649789352480,1683649789353829,1349
1683649789362259,1683649789363029,770
1683649789372553,1683649789384449,11896
1683649789396464,1683649789396754,290
1683649789397587,1683649789416458,18871
1683649789416636,1683649789428488,11852
1683649789440439,1683649789440708,269
1683649789448497,1683649789449176,679
1683649789472485,1683649789472864,379
1683649789485467,1683649789496763,11296
1683649789508425,1683649789508711,286
1683649789520626,1683649789521327,701
1683649789532975,1683649789544779,11804
1683649789545333,1683649789552302,6969
1683649789560615,1683649789561152,537
1683649789561864,1683649789573866,12002
1683649789574548,1683649789575000,452
1683649789575734,1683649789576076,342
1683649789584711,1683649789585054,343
1683649789596830,1683649789608751,11921
1683649789609365,1683649789609917,552
1683649789610484,1683649789617046,6562
1683649789628477,1683649789628728,251
1683649789640673,1683649789641230,557
1683649789652964,1683649789653627,663
1683649789654050,1683649789654655,605
1683649789655096,1683649789660827,5731
1683649789672805,1683649789673264,459
1683649789673893,1683649789686680,12787
1683649789693766,1683649789698436,4670
1683649789698753,1683649789699481,728
1683649789716503,1683649789716848,345
1683649789717647,1683649789725778,8131
1683649789733699,1683649789740825,7126
1683649789741375,1683649789746245,4870
1683649789756532,1683649789757807,1275
1683649789768607,1683649789780354,11747
1683649789780973,1683649789781813,840
1683649789793723,1683649789794431,708
1683649789805731,1683649789812836,7105
1683649789820836,1683649789826169,5333
1683649789836588,1683649789848469,11881
1683649789848787,1683649789849647,860
1683649789857960,1683649789869793,11833
1683649789870583,1683649789871126,543
1683649789871713,1683649789882051,10338
1683649789888804,1683649789889538,734
1683649789900454,1683649789912474,12020
1683649789912792,1683649789913660,868
1683649789921967,1683649789933934,11967
1683649789934452,1683649789941144,6692
1683649789952706,1683649789953540,834
1683649789964611,1683649789976722,12111
1683649789985589,1683649789986135,546
1683649789998004,1683649790008571,10567
1683649790009132,1683649790014593,5461
1683649790022528,1683649790032558,10030
1683649790033102,1683649790040853,7751
1683649790052837,1683649790053412,575
1683649790064500,1683649790064625,125
1683649790076655,1683649790077485,830
1683649790089578,1683649790090282,704
1683649790112812,1683649790120811,7999
1683649790120885,1683649790124789,3904
1683649790125472,1683649790134598,9126
1683649790142510,1683649790148747,6237
1683649790156836,1683649790168812,11976
1683649790168975,1683649790174076,5101
1683649790184537,1683649790185327,790
1683649790196528,1683649790196792,264
1683649790208662,1683649790220571,11909
1683649790221130,1683649790221706,576
1683649790222418,1683649790233952,11534
1683649790248813,1683649790248950,137
1683649790249938,1683649790250417,479
1683649790260026,1683649790260560,534
1683649790261227,1683649790269700,8473
1683649790281669,1683649790282314,645
1683649790296832,1683649790306101,9269
1683649790306602,1683649790307445,843
1683649790318045,1683649790318746,701
1683649790330074,1683649790330717,643
1683649790338302,1683649790346517,8215
1683649790353046,1683649790353669,623
1683649790365034,1683649790365567,533
1683649790374274,1683649790386255,11981
1683649790386825,1683649790396527,9702
1683649790397073,1683649790408810,11737
1683649790420812,1683649790421180,368
1683649790422036,1683649790432698,10662
1683649790444668,1683649790456682,12014
1683649790457184,1683649790468801,11617
1683649790469614,1683649790471325,1711
1683649790476311,1683649790481907,5596
1683649790490000,1683649790494126,4126
1683649790505755,1683649790506871,1116
1683649790507591,1683649790518180,10589
1683649790529706,1683649790530394,688
1683649790541593,1683649790549727,8134
1683649790557669,1683649790558485,816
1683649790571135,1683649790577628,6493
1683649790588420,1683649790597654,9234
1683649790608466,1683649790608715,249
1683649790620802,1683649790621330,528
1683649790622057,1683649790633688,11631
1683649790652813,1683649790660811,7998
1683649790660874,1683649790668827,7953
1683649790680839,1683649790681671,832
1683649790692787,1683649790704819,12032
1683649790712825,1683649790713499,674
1683649790732818,1683649790733302,484
1683649790734018,1683649790734706,688
1683649790735125,1683649790741676,6551
1683649790753697,1683649790754470,773
1683649790754988,1683649790760537,5549
1683649790772454,1683649790784511,12057
1683649790785087,1683649790792950,7863
1683649790800870,1683649790802126,1256
1683649790813737,1683649790814538,801
1683649790820829,1683649790828830,8001
1683649790833518,1683649790844487,10969
1683649790845494,1683649790846012,518
1683649790846766,1683649790847347,581
1683649790847948,1683649790854399,6451
1683649790864497,1683649790864963,466
1683649790865779,1683649790870191,4412
1683649790878069,1683649790878658,589
1683649790889994,1683649790901911,11917
1683649790908822,1683649790908960,138
1683649790920866,1683649790928124,7258
1683649790936586,1683649790945698,9112
1683649790957637,1683649790969494,11857
1683649790970344,1683649790980954,10610
1683649790981575,1683649790992821,11246
1683649790993746,1683649790994526,780
1683649791004697,1683649791016485,11788
1683649791017063,1683649791017728,665
1683649791028639,1683649791041106,12467
1683649791048938,1683649791056709,7771
1683649791057408,1683649791058015,607
1683649791065060,1683649791065653,593
1683649791066220,1683649791076502,10282
1683649791076813,1683649791088452,11639
1683649791089582,1683649791100637,11055
1683649791112536,1683649791112993,457
1683649791117978,1683649791128813,10835
1683649791136808,1683649791137217,409
1683649791137960,1683649791144872,6912
1683649791156838,1683649791164812,7974
1683649791164892,1683649791165800,908
1683649791177779,1683649791178533,754
1683649791178966,1683649791179520,554
1683649791180099,1683649791180558,459
1683649791181097,1683649791189445,8348
1683649791189847,1683649791190328,481
1683649791190968,1683649791191415,447
1683649791201429,1683649791213419,11990
1683649791224460,1683649791224667,207
1683649791236612,1683649791237226,614
1683649791237851,1683649791244820,6969
1683649791246663,1683649791258954,12291
1683649791259307,1683649791268463,9156
1683649791270545,1683649791271166,621
1683649791271716,1683649791272199,483
1683649791272638,1683649791277428,4790
1683649791300802,1683649791300930,128
1683649791301877,1683649791312482,10605
1683649791312918,1683649791321675,8757
1683649791333565,1683649791343776,10211
1683649791353515,1683649791354124,609
1683649791364500,1683649791365084,584
1683649791365685,1683649791378057,12372
1683649791389664,1683649791401556,11892
1683649791402305,1683649791402800,495
1683649791403466,1683649791414145,10679
1683649791425644,1683649791437573,11929
1683649791438438,1683649791446463,8025
1683649791457180,1683649791468476,11296
1683649791480444,1683649791480723,279
1683649791492732,1683649791493389,657
1683649791494036,1683649791506156,12120
1683649791518051,1683649791524598,6547
1683649791530670,1683649791538084,7414
1683649791538473,1683649791539085,612
1683649791539489,1683649791540058,569
1683649791540569,1683649791549355,8786
1683649791549818,1683649791558418,8600
1683649791566410,1683649791576615,10205
1683649791584645,1683649791596505,11860
1683649791608729,1683649791609134,405
1683649791609827,1683649791610226,399
1683649791620782,1683649791621615,833
1683649791628840,1683649791629330,490
1683649791641474,1683649791652835,11361
1683649791652887,1683649791661559,8672
1683649791662203,1683649791670215,8012
1683649791673144,1683649791673738,594
1683649791674456,1683649791680502,6046
1683649791685609,1683649791693524,7915
1683649791694340,1683649791708826,14486
1683649791708906,1683649791713958,5052
1683649791721700,1683649791722452,752
1683649791723047,1683649791723572,525
1683649791724118,1683649791724657,539
1683649791730446,1683649791736804,6358
1683649791740710,1683649791741699,989
1683649791752565,1683649791764420,11855
1683649791769961,1683649791770595,634
1683649791780734,1683649791788822,8088
1683649791793545,1683649791804831,11286
1683649791810527,1683649791818430,7903
1683649791818834,1683649791828801,9967
1683649791829418,1683649791841668,12250
1683649791842430,1683649791842874,444
1683649791848943,1683649791854414,5471
1683649791866407,1683649791884856,18449
1683649791884886,1683649791885909,1023
1683649791886344,1683649791886899,555
1683649791892160,1683649791898506,6346
1683649791910410,1683649791910959,549
1683649791920603,1683649791921328,725
1683649791925613,1683649791928476,2863
1683649791940479,1683649791941148,669
1683649791953170,1683649791964812,11642
1683649791965116,1683649791969503,4387
1683649791970194,1683649791973022,2828
1683649791973475,1683649791982463,8988
1683649791985978,1683649791986667,689
1683649791992667,1683649792004778,12111
1683649792009625,1683649792010265,640
1683649792017314,1683649792022359,5045
1683649792029625,1683649792037492,7867
1683649792038330,1683649792038807,477
1683649792039592,1683649792039902,310
1683649792040758,1683649792052469,11711
1683649792053156,1683649792058504,5348
1683649792070438,1683649792080808,10370
1683649792081127,1683649792092533,11406
1683649792092825,1683649792098085,5260
1683649792105587,1683649792113522,7935
1683649792114119,1683649792122069,7950
1683649792132558,1683649792144584,12026
1683649792145093,1683649792148923,3830
1683649792160656,1683649792172503,11847
1683649792172988,1683649792174133,1145
1683649792184821,1683649792196811,11990
1683649792196875,1683649792201546,4671
1683649792209539,1683649792210120,581
1683649792217318,1683649792228523,11205
1683649792240456,1683649792240717,261
1683649792241429,1683649792256827,15398
1683649792256951,1683649792269265,12314
1683649792275993,1683649792276630,637
1683649792288538,1683649792289160,622
1683649792289753,1683649792290135,382
1683649792290683,1683649792300608,9925
1683649792310561,1683649792310972,411
1683649792318105,1683649792328590,10485
1683649792340594,1683649792348815,8221
1683649792352790,1683649792364450,11660
1683649792364735,1683649792376848,12113
1683649792377549,1683649792388671,11122
1683649792400620,1683649792401465,845
1683649792408487,1683649792419889,11402
1683649792427996,1683649792432816,4820
1683649792432896,1683649792440834,7938
1683649792452826,1683649792453490,664
1683649792464572,1683649792476566,11994
1683649792477006,1683649792477827,821
1683649792485994,1683649792490348,4354
1683649792494401,1683649792504496,10095
1683649792512428,1683649792524545,12117
1683649792525056,1683649792530515,5459
1683649792538420,1683649792548844,10424
1683649792560477,1683649792560639,162
1683649792561548,1683649792572474,10926
1683649792572792,1683649792578599,5807
1683649792588371,1683649792588853,482
1683649792600643,1683649792612463,11820
1683649792613020,1683649792613735,715
1683649792620823,1683649792621905,1082
1683649792629647,1683649792641551,11904
1683649792642171,1683649792642801,630
1683649792653284,1683649792662424,9140
1683649792665945,1683649792666502,557
1683649792674587,1683649792685177,10590
1683649792696629,1683649792702456,5827
1683649792703046,1683649792710166,7120
1683649792717934,1683649792718213,279
1683649792719035,1683649792729708,10673
1683649792741571,1683649792742349,778
1683649792742811,1683649792750516,7705
1683649792768596,1683649792768660,64
1683649792776723,1683649792777536,813
1683649792788571,1683649792788757,186
1683649792790101,1683649792790837,736
1683649792791324,1683649792791980,656
1683649792800446,1683649792801152,706
1683649792812580,1683649792824548,11968
1683649792825099,1683649792825755,656
1683649792826065,1683649792826868,803
1683649792838419,1683649792846462,8043
1683649792854358,1683649792864611,10253
1683649792865041,1683649792876479,11438
1683649792884503,1683649792885015,512
1683649792885728,1683649792890441,4713
1683649792902489,1683649792905144,2655
1683649792916484,1683649792917042,558
1683649792928676,1683649792940495,11819
1683649792941055,1683649792953158,12103
1683649792953939,1683649792959919,5980
1683649792967773,1683649792968444,671
1683649792968867,1683649792969543,676
1683649792970013,1683649792970929,916
1683649792971410,1683649792982142,10732
1683649792992829,1683649792994563,1734
1683649792995227,1683649793004204,8977
1683649793016500,1683649793028528,12028
1683649793029082,1683649793039948,10866
1683649793047812,1683649793048414,602
1683649793048981,1683649793056818,7837
1683649793064814,1683649793065143,329
1683649793065862,1683649793066293,431
1683649793076861,1683649793084999,8138
1683649793092830,1683649793098061,5231
1683649793108811,1683649793116818,8007
1683649793117288,1683649793118575,1287
1683649793125887,1683649793137952,12065
1683649793138530,1683649793145255,6725
1683649793160809,1683649793160855,46
1683649793164276,1683649793164794,518
1683649793165412,1683649793177449,12037
1683649793186141,1683649793197394,11253
1683649793208508,1683649793208808,300
1683649793220574,1683649793232516,11942
1683649793233085,1683649793233689,604
1683649793240811,1683649793241655,844
1683649793256825,1683649793257386,561
1683649793268693,1683649793269187,494
1683649793274068,1683649793280578,6510
1683649793292676,1683649793293092,416
1683649793293770,1683649793300822,7052
1683649793310632,1683649793318059,7427
1683649793318355,1683649793324789,6434
1683649793332655,1683649793340600,7945
1683649793341167,1683649793341774,607
1683649793352827,1683649793353558,731
1683649793354078,1683649793365650,11572
1683649793377527,1683649793388813,11286
1683649793390017,1683649793390586,569
1683649793398313,1683649793404459,6146
1683649793415832,1683649793422395,6563
1683649793431797,1683649793440512,8715
1683649793441097,1683649793448834,7737
1683649793451739,1683649793459967,8228
1683649793460506,1683649793461056,550
1683649793472586,1683649793472881,295
1683649793473611,1683649793482417,8806
1683649793482744,1683649793483609,865
1683649793493759,1683649793505570,11811
1683649793506228,1683649793506746,518
1683649793517656,1683649793529505,11849
1683649793530147,1683649793540615,10468
1683649793552376,1683649793552960,584
1683649793553683,1683649793554070,387
1683649793560864,1683649793568851,7987
1683649793577936,1683649793589947,12011
1683649793596808,1683649793608461,11653
1683649793608789,1683649793609710,921
1683649793617787,1683649793629540,11753
1683649793630125,1683649793642027,11902
1683649793650033,1683649793656975,6942
1683649793667955,1683649793676809,8854
1683649793680366,1683649793681056,690
1683649793688463,1683649793688757,294
1683649793689458,1683649793701075,11617
1683649793712706,1683649793724827,12121
1683649793725621,1683649793726212,591
1683649793736582,1683649793748525,11943
1683649793748978,1683649793749807,829
1683649793750073,1683649793764425,14352
1683649793764965,1683649793772410,7445
1683649793784449,1683649793784693,244
1683649793796637,1683649793797236,599
1683649793798439,1683649793810055,11616
1683649793820818,1683649793822195,1377
1683649793828571,1683649793836435,7864
1683649793846064,1683649793846618,554
1683649793847210,1683649793847855,645
1683649793856857,1683649793864837,7980
1683649793871997,1683649793872625,628
1683649793873162,1683649793884299,11137
1683649793884708,1683649793885272,564
1683649793890542,1683649793891181,639
1683649793898104,1683649793908437,10333
1683649793910044,1683649793918058,8014
1683649793920431,1683649793929487,9056
1683649793940816,1683649793942171,1355
1683649793953077,1683649793965105,12028
1683649793976728,1683649793977539,811
1683649793988556,1683649793992820,4264
1683649794004832,1683649794012825,7993
1683649794013328,1683649794014054,726
1683649794024835,1683649794025419,584
1683649794036716,1683649794042258,5542
1683649794050032,1683649794050364,332
1683649794051156,1683649794051560,404
1683649794056936,1683649794061991,5055
1683649794062679,1683649794068947,6268
1683649794076741,1683649794077754,1013
1683649794084812,1683649794096822,12010
1683649794097411,1683649794098888,1477
1683649794110194,1683649794110887,693
1683649794117619,1683649794124826,7207
1683649794125314,1683649794130460,5146
1683649794132845,1683649794144733,11888
1683649794152489,1683649794164460,11971
1683649794176501,1683649794182434,5933
1683649794182829,1683649794183502,673
1683649794190517,1683649794193074,2557
1683649794208821,1683649794209482,661
1683649794216736,1683649794217174,438
1683649794217683,1683649794226487,8804
1683649794238431,1683649794238894,463
1683649794244717,1683649794249645,4928
1683649794257623,1683649794264808,7185
1683649794276806,1683649794276878,72
1683649794284849,1683649794289452,4603
1683649794301147,1683649794309303,8156
1683649794310447,1683649794311328,881
1683649794316432,1683649794328548,12116
1683649794329023,1683649794336561,7538
1683649794344359,1683649794356822,12463
1683649794357076,1683649794361510,4434
1683649794362289,1683649794369946,7657
1683649794378551,1683649794378931,380
1683649794388426,1683649794388821,395
1683649794395949,1683649794401522,5573
1683649794405515,1683649794417364,11849
1683649794428306,1683649794440503,12197
1683649794440748,1683649794449570,8822
1683649794450165,1683649794457641,7476
1683649794465579,1683649794466317,738
1683649794474521,1683649794486591,12070
1683649794487099,1683649794496489,9390
1683649794501626,1683649794508808,7182
1683649794512676,1683649794520432,7756
1683649794532512,1683649794533047,535
1683649794533919,1683649794534315,396
1683649794535022,1683649794541380,6358
1683649794549149,1683649794556965,7816
1683649794557531,1683649794566159,8628
1683649794576619,1683649794588593,11974
1683649794589078,1683649794589960,882
1683649794600331,1683649794612464,12133
1683649794612718,1683649794624596,11878
1683649794625281,1683649794636816,11535
1683649794648823,1683649794649358,535
1683649794660800,1683649794672820,12020
1683649794672888,1683649794674064,1176
1683649794682382,1683649794682707,325
1683649794683614,1683649794683944,330
1683649794684837,1683649794690000,5163
1683649794698011,1683649794698404,393
1683649794699120,1683649794709617,10497
1683649794720454,1683649794720906,452
1683649794721660,1683649794732499,10839
1683649794744420,1683649794744685,265
1683649794745569,1683649794757464,11895
1683649794768447,1683649794768843,396
1683649794781011,1683649794781623,612
1683649794786172,1683649794794100,7928
1683649794804587,1683649794812834,8247
1683649794820510,1683649794820974,464
1683649794821564,1683649794821970,406
1683649794822584,1683649794832550,9966
1683649794833072,1683649794844784,11712
1683649794845749,1683649794853925,8176
1683649794865649,1683649794872822,7173
1683649794877412,1683649794888526,11114
1683649794894630,1683649794904466,9836
1683649794904736,1683649794913913,9177
1683649794925756,1683649794937526,11770
1683649794938600,1683649794950412,11812
1683649794962497,1683649794962909,412
1683649794980457,1683649794980702,245
1683649794988560,1683649794989050,490
1683649794998008,1683649795005513,7505
1683649795010239,1683649795018225,7986
1683649795018808,1683649795029509,10701
1683649795041172,1683649795041726,554
1683649795050120,1683649795050788,668
1683649795051227,1683649795057666,6439
1683649795065677,1683649795070141,4464
1683649795077935,1683649795081513,3578
1683649795086107,1683649795093669,7562
1683649795101613,1683649795102331,718
1683649795116819,1683649795121128,4309
1683649795132725,1683649795144821,12096
1683649795145606,1683649795146143,537
1683649795157985,1683649795158567,582
1683649795170180,1683649795180940,10760
1683649795181693,1683649795194888,13195
1683649795199946,1683649795207887,7941
1683649795208664,1683649795209213,549
1683649795216376,1683649795224289,7913
1683649795232654,1683649795244564,11910
1683649795256540,1683649795269305,12765
1683649795269340,1683649795277553,8213
1683649795281519,1683649795288442,6923
1683649795290586,1683649795304815,14229
1683649795316818,1683649795316873,55
1683649795318011,1683649795324820,6809
1683649795330509,1683649795331312,803
1683649795336446,1683649795344420,7974
1683649795345075,1683649795354664,9589
1683649795358255,1683649795358819,564
1683649795369494,1683649795381308,11814
1683649795381756,1683649795392438,10682
1683649795404519,1683649795405071,552
1683649795416203,1683649795423882,7679
1683649795426659,1683649795434701,8042
1683649795444563,1683649795444886,323
1683649795452448,1683649795457754,5306
1683649795464899,1683649795476835,11936
1683649795477279,1683649795484878,7599
1683649795492473,1683649795497911,5438
1683649795509582,1683649795510209,627
1683649795516518,1683649795520258,3740
1683649795527881,1683649795528539,658
1683649795540464,1683649795549565,9101
1683649795552621,1683649795562036,9415
1683649795572593,1683649795573017,424
1683649795584819,1683649795592831,8012
1683649795596317,1683649795596927,610
1683649795604950,1683649795610166,5216
1683649795618401,1683649795628719,10318
1683649795629281,1683649795636722,7441
1683649795637563,1683649795648784,11221
1683649795656829,1683649795664897,8068
1683649795671772,1683649795677547,5775
1683649795688815,1683649795692478,3663
1683649795693213,1683649795704257,11044
1683649795712492,1683649795724422,11930
1683649795725061,1683649795725716,655
1683649795736962,1683649795748849,11887
1683649795753526,1683649795754186,660
1683649795764469,1683649795776428,11959
1683649795777124,1683649795785710,8586
1683649795797665,1683649795798428,763
1683649795808631,1683649795820498,11867
1683649795821112,1683649795821885,773
1683649795822543,1683649795832575,10032
1683649795835847,1683649795845389,9542
1683649795852719,1683649795853639,920
1683649795862477,1683649795874427,11950
1683649795874810,1683649795875623,813
1683649795876144,1683649795876579,435
1683649795882624,1683649795900800,18176
1683649795908814,1683649795909343,529
1683649795909879,1683649795910619,740
1683649795911084,1683649795911765,681
1683649795912333,1683649795912997,664
1683649795924828,1683649795925429,601
1683649795926100,1683649795933541,7441
1683649795934259,1683649795934732,473
1683649795944838,1683649795956838,12000
1683649795964833,1683649795972826,7993
1683649795980819,1683649795984614,3795
1683649795996585,1683649796008581,11996
1683649796009049,1683649796009763,714
1683649796010308,1683649796010944,636
1683649796022052,1683649796022589,537
1683649796034088,1683649796040813,6725
1683649796052819,1683649796055837,3018
1683649796061549,1683649796070062,8513
1683649796076827,1683649796088455,11628
1683649796088723,1683649796112474,23751
1683649796124490,1683649796124647,157
1683649796136660,1683649796148624,11964
1683649796149066,1683649796154381,5315
1683649796162516,1683649796163024,508
1683649796174550,1683649796175113,563
1683649796175756,1683649796176267,511
1683649796186127,1683649796186829,702
1683649796196279,1683649796205105,8826
1683649796205676,1683649796206603,927
1683649796216533,1683649796228443,11910
1683649796229029,1683649796229663,634
1683649796230175,1683649796230850,675
1683649796238549,1683649796250405,11856
1683649796250864,1683649796262111,11247
1683649796274044,1683649796274273,229
1683649796286201,1683649796296471,10270
1683649796298547,1683649796299293,746
1683649796306512,1683649796314522,8010
1683649796315141,1683649796315717,576
1683649796320529,1683649796328609,8080
1683649796328899,1683649796341493,12594
1683649796344362,1683649796345239,877
1683649796350075,1683649796358149,8074
1683649796366048,1683649796377952,11904
1683649796384803,1683649796386008,1205
1683649796394137,1683649796394560,423
1683649796400677,1683649796410191,9514
1683649796410545,1683649796416510,5965
1683649796417025,1683649796417664,639
1683649796422402,1683649796430257,7855
1683649796436621,1683649796448524,11903
1683649796448967,1683649796449723,756
1683649796460814,1683649796468414,7600
1683649796479986,1683649796489550,9564
1683649796496808,1683649796504474,7666
1683649796516457,1683649796528213,11756
1683649796536811,1683649796540462,3651
1683649796552814,1683649796552876,62
1683649796564885,1683649796566014,1129
1683649796566539,1683649796576640,10101
1683649796588404,1683649796588934,530
1683649796589456,1683649796594614,5158
1683649796602193,1683649796608911,6718
1683649796609895,1683649796610474,579
1683649796620418,1683649796620860,442
1683649796621401,1683649796632506,11105
1683649796644558,1683649796652429,7871
1683649796660624,1683649796661091,467
1683649796672842,1683649796680833,7991
1683649796681282,1683649796686482,5200
1683649796694453,1683649796695067,614
1683649796695564,1683649796705663,10099
1683649796717634,1683649796718522,888
1683649796728824,1683649796730133,1309
1683649796730893,1683649796742501,11608
1683649796750480,1683649796750867,387
1683649796756530,1683649796764552,8022
1683649796765047,1683649796765736,689
1683649796766259,1683649796766872,613
1683649796772814,1683649796780808,7994
1683649796780884,1683649796786539,5655
1683649796798450,1683649796799448,998
1683649796808812,1683649796812388,3576
1683649796822458,1683649796832515,10057
1683649796840454,1683649796841984,1530
1683649796848799,1683649796858545,9746
1683649796859135,1683649796866529,7394
1683649796878392,1683649796879022,630
1683649796890147,1683649796900739,10592
1683649796912541,1683649796912976,435
1683649796913728,1683649796924561,10833
1683649796924870,1683649796925737,867
1683649796926261,1683649796926804,543
1683649796927324,1683649796936837,9513
1683649796940354,1683649796941822,1468
1683649796949503,1683649796958292,8789
1683649796961416,1683649796961778,362
1683649796968885,1683649796980558,11673
1683649796980845,1683649796989594,8749
1683649796996819,1683649797002074,5255
1683649797010038,1683649797020524,10486
1683649797021137,1683649797032654,11517
1683649797033378,1683649797044863,11485
1683649797054063,1683649797062368,8305
1683649797070233,1683649797070585,352
1683649797071446,1683649797076297,4851
1683649797076785,1683649797086637,9852
1683649797098453,1683649797098981,528
1683649797110037,1683649797121650,11613
1683649797133582,1683649797134106,524
1683649797152804,1683649797152841,37
1683649797158562,1683649797159200,638
1683649797159737,1683649797168441,8704
1683649797180544,1683649797192803,12259
1683649797196310,1683649797204511,8201
1683649797208832,1683649797214546,5714
1683649797215022,1683649797215657,635
1683649797216179,1683649797226273,10094
1683649797226892,1683649797234144,7252
1683649797244562,1683649797256481,11919
1683649797256760,1683649797257696,936
1683649797269331,1683649797281714,12383
1683649797282155,1683649797288301,6146
1683649797295935,1683649797305511,9576
1683649797308484,1683649797320348,11864
1683649797327790,1683649797329916,2126
1683649797340813,1683649797340900,87
1683649797352873,1683649797361526,8653
1683649797364724,1683649797365269,545
1683649797365847,1683649797373197,7350
1683649797384729,1683649797385586,857
1683649797397519,1683649797397901,382
1683649797398601,1683649797408427,9826
1683649797408847,1683649797421064,12217
1683649797432454,1683649797438412,5958
1683649797444808,1683649797444880,72
1683649797452880,1683649797464838,11958
1683649797476293,1683649797476979,686
1683649797488804,1683649797488943,139
1683649797500842,1683649797501718,876
1683649797516430,1683649797516779,349
1683649797517548,1683649797518148,600
1683649797529241,1683649797540834,11593
1683649797548820,1683649797556818,7998
1683649797564813,1683649797565460,647
1683649797565965,1683649797566643,678
1683649797572795,1683649797584712,11917
1683649797597284,1683649797605777,8493
1683649797617590,1683649797618439,849
1683649797629547,1683649797638460,8913
1683649797649667,1683649797661495,11828
1683649797662303,1683649797674199,11896
1683649797686545,1683649797687033,488
1683649797687682,1683649797688251,569
1683649797697415,1683649797709492,12077
1683649797717166,1683649797725075,7909
1683649797726176,1683649797738178,12002
1683649797750143,1683649797750808,665
1683649797758118,1683649797758613,495
1683649797768804,1683649797768882,78
1683649797769758,1683649797784805,15047
1683649797784845,1683649797785818,973
1683649797786290,1683649797786892,602
1683649797787462,1683649797787953,491
1683649797797772,1683649797807773,10001
1683649797819777,1683649797824620,4843
1683649797832607,1683649797842041,9434
1683649797853632,1683649797861542,7910
1683649797862069,1683649797864821,2752
1683649797872535,1683649797884402,11867
1683649797885094,1683649797885733,639
1683649797894010,1683649797901930,7920
1683649797902641,1683649797903087,446
1683649797903581,1683649797908309,4728
1683649797916047,1683649797917057,1010
1683649797937105,1683649797949038,11933
1683649797960842,1683649797961618,776
1683649797969985,1683649797970539,554
1683649797976746,1683649797988624,11878
1683649797996668,1683649798008547,11879
1683649798008923,1683649798020467,11544
1683649798028364,1683649798029007,643
1683649798029795,1683649798038053,8258
1683649798056846,1683649798058360,1514
1683649798062166,1683649798074179,12013
1683649798086177,1683649798096633,10456
1683649798096998,1683649798097782,784
1683649798098284,1683649798107852,9568
1683649798117583,1683649798118219,636
1683649798124434,1683649798125780,1346
1683649798133216,1683649798133711,495
1683649798134248,1683649798134703,455
1683649798135182,1683649798144384,9202
1683649798156244,1683649798164562,8318
1683649798165024,1683649798175997,10973
1683649798183810,1683649798188827,5017
1683649798189531,1683649798190111,580
1683649798190649,1683649798199971,9322
1683649798209594,1683649798210496,902
1683649798220593,1683649798228945,8352
1683649798229575,1683649798241666,12091
1683649798249633,1683649798252630,2997
1683649798257753,1683649798266550,8797
1683649798274460,1683649798275009,549
1683649798284865,1683649798294014,9149
1683649798294647,1683649798305601,10954
1683649798316402,1683649798328475,12073
1683649798340528,1683649798340855,327
1683649798341709,1683649798345761,4052
1683649798346482,1683649798347007,525
1683649798347736,1683649798348166,430
1683649798360356,1683649798368569,8213
1683649798369019,1683649798369682,663
1683649798370156,1683649798384702,14546
1683649798393664,1683649798405533,11869
1683649798406635,1683649798418720,12085
1683649798426562,1683649798430018,3456
1683649798441865,1683649798442604,739
1683649798450494,1683649798450861,367
1683649798461989,1683649798462407,418
1683649798463121,1683649798463519,398
1683649798464088,1683649798464831,743
1683649798473620,1683649798482577,8957
1683649798492967,1683649798504795,11828
1683649798505615,1683649798514558,8943
1683649798522593,1683649798532590,9997
1683649798533133,1683649798542229,9096
1683649798549909,1683649798550335,426
1683649798560243,1683649798569704,9461
1683649798576818,1683649798596811,19993
1683649798596880,1683649798609623,12743
1683649798610768,1683649798611625,857
1683649798621240,1683649798628968,7728
1683649798630480,1683649798640860,10380
1683649798648597,1683649798656442,7845
1683649798657140,1683649798657652,512
1683649798668805,1683649798668889,84
1683649798677534,1683649798681501,3967
1683649798692570,1683649798693059,489
1683649798697621,1683649798702052,4431
1683649798712813,1683649798712890,77
1683649798720852,1683649798724432,3580
1683649798733907,1683649798734451,544
1683649798744759,1683649798745465,706
1683649798754141,1683649798761035,6894
1683649798772716,1683649798773502,786
1683649798774486,1683649798784812,10326
1683649798784889,1683649798792835,7946
1683649798804812,1683649798805040,228
1683649798806172,1683649798824806,18634
1683649798824897,1683649798832835,7938
1683649798844835,1683649798845669,834
1683649798846166,1683649798858272,12106
1683649798870043,1683649798882021,11978
1683649798882800,1683649798883306,506
1683649798884003,1683649798892576,8573
1683649798893059,1683649798893652,593
1683649798908815,1683649798908878,63
1683649798912703,1683649798913178,475
1683649798913810,1683649798924241,10431
1683649798935888,1683649798936555,667
1683649798948500,1683649798949098,598
1683649798960171,1683649798972532,12361
1683649798973046,1683649798977984,4938
1683649798978634,1683649798984355,5721
1683649798986451,1683649798994453,8002
1683649799006477,1683649799014549,8072
1683649799014854,1683649799021574,6720
1683649799022606,1683649799023184,578
1683649799040814,1683649799042128,1314
1683649799054035,1683649799054655,620
1683649799066085,1683649799077292,11207
1683649799084741,1683649799085577,836
1683649799093641,1683649799104505,10864
1683649799104806,1683649799110312,5506
1683649799120471,1683649799120737,266
1683649799132826,1683649799133423,597
1683649799134027,1683649799144475,10448
1683649799154394,1683649799158030,3636
1683649799168447,1683649799176683,8236
1683649799177237,1683649799185510,8273
1683649799195974,1683649799196550,576
1683649799202180,1683649799202883,703
1683649799212257,1683649799221387,9130
1683649799233104,1683649799245239,12135
1683649799245692,1683649799252902,7210
1683649799260831,1683649799261335,504
1683649799261993,1683649799272272,10279
1683649799283944,1683649799284571,627
1683649799296442,1683649799308530,12088
1683649799309243,1683649799316624,7381
1683649799317042,1683649799328856,11814
1683649799329446,1683649799336312,6866
1683649799336924,1683649799337746,822
1683649799352807,1683649799357108,4301
1683649799357656,1683649799358338,682
1683649799358824,1683649799359443,619
1683649799365945,1683649799373990,8045
1683649799376637,1683649799384888,8251
1683649799396843,1683649799402313,5470
1683649799410451,1683649799410756,305
1683649799418589,1683649799428433,9844
1683649799440253,1683649799448474,8221
1683649799450025,1683649799459971,9946
1683649799465529,1683649799468257,2728
1683649799474029,1683649799481972,7943
1683649799493805,1683649799494212,407
1683649799494801,1683649799495327,526
1683649799495764,1683649799496364,600
1683649799502087,1683649799502382,295
