1683649721274602,1683649721274630,28
1683649721294895,1683649721294905,10
1683649721302849,1683649721302861,12
1683649721309877,1683649721309892,15
1683649721320954,1683649721320964,10
1683649721325871,1683649721325893,22
1683649721326643,1683649721326658,15
1683649721327215,1683649721327280,65
1683649721327952,1683649721328045,93
1683649721328707,1683649721328770,63
1683649721329394,1683649721329405,11
1683649721339125,1683649721339180,55
1683649721351124,1683649721351137,13
1683649721351940,1683649721351986,46
1683649721352560,1683649721352587,27
1683649721353228,1683649721353243,15
1683649721353830,1683649721353841,11
1683649721358860,1683649721358869,9
1683649721359452,1683649721359467,15
1683649721371253,1683649721371263,10
1683649721378742,1683649721378757,15
1683649721390788,1683649721390797,9
1683649721391477,1683649721391486,9
1683649721392063,1683649721392094,31
1683649721398831,1683649721398844,13
1683649721407036,1683649721407046,10
1683649721413849,1683649721413865,16
1683649721414458,1683649721414552,94
1683649721415165,1683649721415205,40
1683649721422851,1683649721422860,9
1683649721423467,1683649721423499,32
1683649721430874,1683649721430889,15
1683649721442917,1683649721442928,11
1683649721443668,1683649721443683,15
1683649721444396,1683649721444406,10
1683649721450889,1683649721450900,11
1683649721451491,1683649721451559,68
1683649721452199,1683649721452252,53
1683649721462858,1683649721462870,12
1683649721463512,1683649721463546,34
1683649721474818,1683649721474827,9
1683649721486857,1683649721486871,14
1683649721495191,1683649721495205,14
1683649721495888,1683649721504969,9081
1683649721506828,1683649721506836,8
1683649721507422,1683649721507455,33
1683649721514912,1683649721514933,21
1683649721522787,1683649721522818,31
1683649721523657,1683649721523686,29
1683649721524346,1683649721524372,26
1683649721533125,1683649721533135,10
1683649721533759,1683649721533774,15
1683649721534414,1683649721534425,11
1683649721542893,1683649721542902,9
1683649721543586,1683649721543621,35
1683649721544144,1683649721544204,60
1683649721544892,1683649721544900,8
1683649721545558,1683649721545597,39
1683649721546358,1683649721546369,11
1683649721546948,1683649721546965,17
1683649721554985,1683649721554993,8
1683649721555571,1683649721555601,30
1683649721556327,1683649721556362,35
1683649721562930,1683649721562938,8
1683649721563621,1683649721563631,10
1683649721564281,1683649721564291,10
1683649721573043,1683649721573052,9
1683649721581051,1683649721581060,9
1683649721581761,1683649721581792,31
1683649721591364,1683649721591377,13
1683649721591989,1683649721592043,54
1683649721592598,1683649721592649,51
1683649721593226,1683649721593258,32
1683649721603422,1683649721603487,65
1683649721604127,1683649721604190,63
1683649721604876,1683649721604938,62
1683649721609879,1683649721609888,9
1683649721621884,1683649721621894,10
1683649721633052,1683649721633066,14
1683649721633720,1683649721633763,43
1683649721638777,1683649721638787,10
1683649721639282,1683649721639435,153
1683649721650929,1683649721650943,14
1683649721651628,1683649721651647,19
1683649721652274,1683649721652341,67
1683649721652874,1683649721652945,71
1683649721662798,1683649721662806,8
1683649721670812,1683649721670821,9
1683649721671609,1683649721671624,15
1683649721672231,1683649721672279,48
1683649721678889,1683649721678919,30
1683649721683143,1683649721683176,33
1683649721683833,1683649721683843,10
1683649721684591,1683649721684597,6
1683649721695426,1683649721695481,55
1683649721696086,1683649721696115,29
1683649721696729,1683649721696781,52
1683649721705930,1683649721705941,11
1683649721706628,1683649721706657,29
1683649721717877,1683649721717890,13
1683649721718587,1683649721718647,60
1683649721722833,1683649721722848,15
1683649721731060,1683649721731089,29
1683649721737205,1683649721737220,15
1683649721737789,1683649721737802,13
1683649721738451,1683649721738463,12
1683649721747338,1683649721747370,32
1683649721748168,1683649721748181,13
1683649721748772,1683649721748785,13
1683649721749494,1683649721749500,6
1683649721750080,1683649721750192,112
1683649721751004,1683649721751023,19
1683649721762908,1683649721762959,51
1683649721763648,1683649721763656,8
1683649721764484,1683649721764498,14
1683649721765022,1683649721765052,30
1683649721765723,1683649721765751,28
1683649721766395,1683649721766506,111
1683649721767192,1683649721767219,27
1683649721778997,1683649721779018,21
1683649721779664,1683649721779694,30
1683649721780325,1683649721780399,74
1683649721781051,1683649721781080,29
1683649721790826,1683649721790856,30
1683649721798826,1683649721798834,8
1683649721807001,1683649721807008,7
1683649721807710,1683649721807719,9
1683649721808437,1683649721808448,11
1683649721819204,1683649721819220,16
1683649721819771,1683649721819781,10
1683649721826859,1683649721826868,9
1683649721835056,1683649721835104,48
1683649721835729,1683649721835776,47
1683649721836393,1683649721836420,27
1683649721837220,1683649721837233,13
1683649721845069,1683649721845080,11
1683649721857059,1683649721857069,10
1683649721857608,1683649721857640,32
1683649721866896,1683649721866905,9
1683649721874883,1683649721874897,14
1683649721875501,1683649721875563,62
1683649721876173,1683649721876202,29
1683649721876917,1683649721876933,16
1683649721877607,1683649721877639,32
1683649721878328,1683649721878359,31
1683649721885091,1683649721885101,10
1683649721887340,1683649721887349,9
1683649721888180,1683649721888193,13
1683649721888740,1683649721888769,29
1683649721889485,1683649721889493,8
1683649721897250,1683649721897264,14
1683649721897751,1683649721897781,30
1683649721898583,1683649721898596,13
1683649721899112,1683649721899121,9
1683649721899876,1683649721899889,13
1683649721910877,1683649721910892,15
1683649721922889,1683649721922904,15
1683649721934835,1683649721934848,13
1683649721946935,1683649721946990,55
1683649721947825,1683649721947873,48
1683649721948499,1683649721948531,32
1683649721954869,1683649721954879,10
1683649721963073,1683649721963107,34
1683649721973206,1683649721973241,35
1683649721981930,1683649721981940,10
1683649721989842,1683649721989856,14
1683649721990539,1683649721990550,11
1683649721998938,1683649721998948,10
1683649722007149,1683649722007162,13
1683649722007911,1683649722007920,9
1683649722008540,1683649722008673,133
1683649722014901,1683649722014910,9
1683649722015472,1683649722015580,108
1683649722016161,1683649722016287,126
1683649722022921,1683649722022930,9
1683649722023587,1683649722023629,42
1683649722024339,1683649722024366,27
1683649722030818,1683649722030862,44
1683649722031592,1683649722031648,56
1683649722037128,1683649722037157,29
1683649722038880,1683649722038895,15
1683649722039603,1683649722039614,11
1683649722040351,1683649722040433,82
1683649722041128,1683649722041170,42
1683649722050883,1683649722050894,11
1683649722051537,1683649722051624,87
1683649722052226,1683649722052236,10
1683649722052980,1683649722052989,9
1683649722058757,1683649722058766,9
1683649722059511,1683649722059520,9
1683649722060126,1683649722060282,156
1683649722060941,1683649722060965,24
1683649722070796,1683649722070815,19
1683649722071517,1683649722071545,28
1683649722072153,1683649722072181,28
1683649722072931,1683649722072954,23
1683649722073631,1683649722073676,45
1683649722074337,1683649722074345,8
1683649722081884,1683649722081900,16
1683649722089959,1683649722089970,11
1683649722090680,1683649722090707,27
1683649722091350,1683649722091402,52
1683649722097876,1683649722097890,14
1683649722098616,1683649722098664,48
1683649722105052,1683649722105062,10
1683649722113089,1683649722113096,7
1683649722113611,1683649722113665,54
1683649722122909,1683649722122922,13
1683649722123554,1683649722123564,10
1683649722124172,1683649722124180,8
1683649722133880,1683649722133900,20
1683649722139313,1683649722139323,10
1683649722139924,1683649722139933,9
1683649722150764,1683649722150798,34
1683649722151395,1683649722151424,29
1683649722162773,1683649722162801,28
1683649722169847,1683649722169862,15
1683649722170563,1683649722170657,94
1683649722171245,1683649722171289,44
1683649722178908,1683649722178917,9
1683649722179490,1683649722184875,5385
1683649722190794,1683649722190823,29
1683649722199169,1683649722199179,10
1683649722199808,1683649722199817,9
1683649722200486,1683649722200567,81
1683649722201929,1683649722201938,9
1683649722211119,1683649722211150,31
1683649722211874,1683649722211886,12
1683649722212464,1683649722212496,32
1683649722222837,1683649722222873,36
1683649722234808,1683649722234818,10
1683649722241089,1683649722241098,9
1683649722241777,1683649722241840,63
1683649722242492,1683649722242539,47
1683649722243158,1683649722243188,30
1683649722243851,1683649722243900,49
1683649722244524,1683649722244564,40
1683649722250885,1683649722250893,8
1683649722251547,1683649722251554,7
1683649722252130,1683649722252161,31
1683649722259062,1683649722259123,61
1683649722259729,1683649722259742,13
1683649722260377,1683649722264861,4484
1683649722270835,1683649722270843,8
1683649722271472,1683649722271501,29
1683649722272205,1683649722272216,11
1683649722283060,1683649722283069,9
1683649722283735,1683649722283742,7
1683649722284287,1683649722284428,141
1683649722285022,1683649722285064,42
1683649722290804,1683649722290814,10
1683649722291366,1683649722291449,83
1683649722292085,1683649722292163,78
1683649722302867,1683649722302875,8
1683649722313873,1683649722313888,15
1683649722314690,1683649722314720,30
1683649722322830,1683649722322841,11
1683649722323536,1683649722323585,49
1683649722324259,1683649722324323,64
1683649722324931,1683649722324959,28
1683649722334886,1683649722334894,8
1683649722335511,1683649722335575,64
1683649722336194,1683649722336227,33
1683649722336931,1683649722336940,9
1683649722349666,1683649722349696,30
1683649722350319,1683649722350328,9
1683649722350935,1683649722350947,12
1683649722362848,1683649722362857,9
1683649722369869,1683649722369887,18
1683649722382152,1683649722382164,12
1683649722382951,1683649722382999,48
1683649722392953,1683649722392983,30
1683649722401861,1683649722401881,20
1683649722402494,1683649722402545,51
1683649722403199,1683649722403231,32
1683649722415112,1683649722415128,16
1683649722418769,1683649722418782,13
1683649722430889,1683649722430898,9
1683649722431525,1683649722431562,37
1683649722443131,1683649722443165,34
1683649722443784,1683649722443795,11
1683649722444447,1683649722444458,11
1683649722452949,1683649722452958,9
1683649722453598,1683649722453609,11
1683649722458860,1683649722458875,15
1683649722459580,1683649722459623,43
1683649722460296,1683649722460368,72
1683649722466885,1683649722466894,9
1683649722477849,1683649722477873,24
1683649722478606,1683649722478636,30
1683649722482867,1683649722482876,9
1683649722483596,1683649722483680,84
1683649722484330,1683649722484354,24
1683649722490943,1683649722490957,14
1683649722498897,1683649722498912,15
1683649722499493,1683649722499567,74
1683649722500269,1683649722500328,59
1683649722500904,1683649722500948,44
1683649722506791,1683649722506800,9
1683649722507409,1683649722507417,8
1683649722508085,1683649722508095,10
1683649722514865,1683649722514877,12
1683649722515581,1683649722515612,31
1683649722516306,1683649722516315,9
1683649722516883,1683649722516894,11
1683649722527170,1683649722527209,39
1683649722527821,1683649722527903,82
1683649722534821,1683649722534847,26
1683649722542871,1683649722542883,12
1683649722550939,1683649722550948,9
1683649722558873,1683649722558882,9
1683649722559582,1683649722559619,37
1683649722560274,1683649722560375,101
1683649722570870,1683649722570880,10
1683649722571599,1683649722571607,8
1683649722572299,1683649722572310,11
1683649722572942,1683649722573084,142
1683649722578800,1683649722578811,11
1683649722579498,1683649722579506,8
1683649722585881,1683649722585895,14
1683649722586700,1683649722586716,16
1683649722590954,1683649722590968,14
1683649722598893,1683649722598902,9
1683649722611176,1683649722611192,16
1683649722611802,1683649722611813,11
1683649722618950,1683649722618958,8
1683649722626791,1683649722626819,28
1683649722634827,1683649722634859,32
1683649722635495,1683649722635509,14
1683649722636201,1683649722636209,8
1683649722647406,1683649722647415,9
1683649722657876,1683649722657890,14
1683649722665892,1683649722665907,15
1683649722673892,1683649722673903,11
1683649722674832,1683649722674840,8
1683649722683102,1683649722683154,52
1683649722683869,1683649722683877,8
1683649722684503,1683649722684570,67
1683649722695142,1683649722695157,15
1683649722706746,1683649722706768,22
1683649722707403,1683649722707416,13
1683649722708041,1683649722708070,29
1683649722708681,1683649722708712,31
1683649722709272,1683649722709330,58
1683649722717943,1683649722717963,20
1683649722718605,1683649722718648,43
1683649722731078,1683649722731112,34
1683649722731704,1683649722731757,53
1683649722732455,1683649722732539,84
1683649722738773,1683649722738806,33
1683649722739438,1683649722739539,101
1683649722746776,1683649722746785,9
1683649722754906,1683649722754921,15
1683649722755544,1683649722755580,36
1683649722756185,1683649722756198,13
1683649722756922,1683649722756930,8
1683649722757683,1683649722757693,10
1683649722766845,1683649722766854,9
1683649722767489,1683649722767519,30
1683649722768100,1683649722768159,59
1683649722778867,1683649722778881,14
1683649722779455,1683649722779525,70
1683649722786827,1683649722786838,11
1683649722787459,1683649722787528,69
1683649722794922,1683649722794953,31
1683649722795622,1683649722795664,42
1683649722796328,1683649722796354,26
1683649722796989,1683649722797105,116
1683649722802885,1683649722802913,28
1683649722814823,1683649722814834,11
1683649722815498,1683649722815506,8
1683649722827110,1683649722827134,24
1683649722827737,1683649722827821,84
1683649722828427,1683649722828475,48
1683649722839392,1683649722839425,33
1683649722840045,1683649722840090,45
1683649722840748,1683649722840795,47
1683649722841579,1683649722841624,45
1683649722842220,1683649722842339,119
1683649722843044,1683649722843081,37
1683649722850873,1683649722850966,93
1683649722851561,1683649722851698,137
1683649722852325,1683649722852434,109
1683649722858928,1683649722858941,13
1683649722859556,1683649722859690,134
1683649722860310,1683649722860373,63
1683649722870948,1683649722870962,14
1683649722871619,1683649722871630,11
1683649722872302,1683649722872311,9
1683649722878882,1683649722878903,21
1683649722879528,1683649722879640,112
1683649722880278,1683649722880341,63
1683649722880986,1683649722881045,59
1683649722881679,1683649722881732,53
1683649722882390,1683649722882465,75
1683649722883133,1683649722883167,34
1683649722890875,1683649722890896,21
1683649722891675,1683649722891709,34
1683649722892320,1683649722892361,41
1683649722898921,1683649722898938,17
1683649722906872,1683649722906888,16
1683649722911089,1683649722911102,13
1683649722914935,1683649722914949,14
1683649722915621,1683649722915670,49
1683649722925153,1683649722925162,9
1683649722930692,1683649722930746,54
1683649722931366,1683649722931440,74
1683649722932135,1683649722932196,61
1683649722932755,1683649722932841,86
1683649722938886,1683649722938895,9
1683649722939489,1683649722939543,54
1683649722940147,1683649722940168,21
1683649722947067,1683649722947103,36
1683649722947705,1683649722947772,67
1683649722948311,1683649722948344,33
1683649722959342,1683649722959353,11
1683649722965118,1683649722965134,16
1683649722977085,1683649722977096,11
1683649722981871,1683649722981882,11
1683649722986878,1683649722986893,15
1683649722987562,1683649722987579,17
1683649722988189,1683649722988293,104
1683649722997881,1683649722997893,12
1683649723010078,1683649723010089,11
1683649723017892,1683649723017901,9
1683649723026820,1683649723026829,9
1683649723031086,1683649723031145,59
1683649723037870,1683649723037885,15
1683649723038721,1683649723038754,33
1683649723043133,1683649723043147,14
1683649723049159,1683649723049208,49
1683649723061080,1683649723061094,14
1683649723061751,1683649723061766,15
1683649723062358,1683649723062406,48
1683649723071057,1683649723071099,42
1683649723071764,1683649723071792,28
1683649723072500,1683649723072511,11
1683649723073242,1683649723073270,28
1683649723083059,1683649723083075,16
1683649723094920,1683649723094937,17
1683649723102961,1683649723102977,16
1683649723114932,1683649723114947,15
1683649723122879,1683649723122939,60
1683649723127139,1683649723127174,35
1683649723127910,1683649723127918,8
1683649723134830,1683649723134857,27
1683649723135545,1683649723135632,87
1683649723136405,1683649723136419,14
1683649723136977,1683649723137116,139
1683649723145881,1683649723145892,11
1683649723146658,1683649723146689,31
1683649723147357,1683649723147408,51
1683649723148249,1683649723148262,13
1683649723155011,1683649723155026,15
1683649723161862,1683649723161876,14
1683649723162491,1683649723162582,91
1683649723163257,1683649723163265,8
1683649723163831,1683649723163911,80
1683649723164676,1683649723164686,10
1683649723165326,1683649723165406,80
1683649723170761,1683649723170795,34
1683649723171663,1683649723171676,13
1683649723172262,1683649723172276,14
1683649723182896,1683649723182905,9
1683649723194948,1683649723194962,14
1683649723199132,1683649723199143,11
1683649723199763,1683649723199836,73
1683649723206849,1683649723206863,14
1683649723207534,1683649723207546,12
1683649723208237,1683649723208266,29
1683649723214841,1683649723214856,15
1683649723215431,1683649723215549,118
1683649723216217,1683649723216308,91
1683649723217139,1683649723217154,15
1683649723217690,1683649723218036,346
1683649723222891,1683649723222906,15
1683649723223508,1683649723223543,35
1683649723224179,1683649723224217,38
1683649723224766,1683649723224874,108
1683649723225548,1683649723225558,10
1683649723226357,1683649723226367,10
1683649723227014,1683649723227027,13
1683649723227578,1683649723227608,30
1683649723228233,1683649723228259,26
1683649723238755,1683649723238764,9
1683649723246836,1683649723246850,14
1683649723247406,1683649723247525,119
1683649723259088,1683649723259192,104
1683649723259765,1683649723259774,9
1683649723260300,1683649723260384,84
1683649723270826,1683649723270835,9
1683649723271403,1683649723271445,42
1683649723272179,1683649723272192,13
1683649723282833,1683649723282846,13
1683649723283391,1683649723283431,40
1683649723293893,1683649723293909,16
1683649723300902,1683649723300914,12
1683649723301845,1683649723301859,14
1683649723311058,1683649723311087,29
1683649723311743,1683649723311799,56
1683649723312344,1683649723312375,31
1683649723318801,1683649723318809,8
1683649723327129,1683649723327158,29
1683649723327793,1683649723327821,28
1683649723328413,1683649723328441,28
1683649723329039,1683649723329084,45
1683649723329643,1683649723329742,99
1683649723330381,1683649723330441,60
1683649723331064,1683649723331095,31
1683649723331728,1683649723331774,46
1683649723338845,1683649723338855,10
1683649723347092,1683649723347120,28
1683649723347834,1683649723347843,9
1683649723357883,1683649723357899,16
1683649723358570,1683649723358667,97
1683649723359278,1683649723359347,69
1683649723359964,1683649723360038,74
1683649723366934,1683649723366943,9
1683649723367652,1683649723367660,8
1683649723368193,1683649723368230,37
1683649723374842,1683649723374896,54
1683649723385868,1683649723385878,10
1683649723397935,1683649723397950,15
1683649723409893,1683649723409907,14
1683649723417889,1683649723417902,13
1683649723430119,1683649723430134,15
1683649723430817,1683649723430882,65
1683649723438880,1683649723438929,49
1683649723447116,1683649723447129,13
1683649723447727,1683649723447735,8
1683649723448276,1683649723448323,47
1683649723454786,1683649723454815,29
1683649723463099,1683649723463112,13
1683649723463645,1683649723463658,13
1683649723464288,1683649723464296,8
1683649723475370,1683649723475380,10
1683649723475931,1683649723475982,51
1683649723476629,1683649723476659,30
1683649723487056,1683649723487077,21
1683649723487655,1683649723487722,67
1683649723488318,1683649723488336,18
1683649723498864,1683649723498874,10
1683649723505111,1683649723505121,10
1683649723513029,1683649723513038,9
1683649723513588,1683649723513623,35
1683649723514305,1683649723514347,42
1683649723521041,1683649723521050,9
1683649723522559,1683649723522595,36
1683649723530820,1683649723530830,10
1683649723542894,1683649723542905,11
1683649723554849,1683649723554881,32
1683649723555438,1683649723555495,57
1683649723556113,1683649723556121,8
1683649723561886,1683649723561896,10
1683649723563076,1683649723563110,34
1683649723570818,1683649723570830,12
1683649723577540,1683649723577606,66
1683649723578258,1683649723578332,74
1683649723586888,1683649723586901,13
1683649723587423,1683649723587457,34
1683649723588089,1683649723588128,39
1683649723594838,1683649723594846,8
1683649723595536,1683649723595545,9
1683649723596238,1683649723596250,12
1683649723603177,1683649723603190,13
1683649723603883,1683649723603934,51
1683649723611008,1683649723611022,14
1683649723615157,1683649723615244,87
1683649723615934,1683649723615943,9
1683649723616566,1683649723616580,14
1683649723623064,1683649723623117,53
1683649723623848,1683649723623856,8
1683649723624450,1683649723624538,88
1683649723630867,1683649723630880,13
1683649723631483,1683649723631527,44
1683649723632112,1683649723632149,37
1683649723642968,1683649723642978,10
1683649723643648,1683649723643657,9
1683649723644300,1683649723644336,36
1683649723644980,1683649723644988,8
1683649723653882,1683649723653898,16
1683649723654707,1683649723654718,11
1683649723663135,1683649723663145,10
1683649723663826,1683649723663838,12
1683649723670835,1683649723670848,13
1683649723671536,1683649723671585,49
1683649723672230,1683649723672268,38
1683649723673005,1683649723673017,12
1683649723679107,1683649723679118,11
1683649723679775,1683649723679804,29
1683649723680517,1683649723680529,12
1683649723681185,1683649723681288,103
1683649723681966,1683649723681998,32
1683649723693899,1683649723693913,14
1683649723694727,1683649723694754,27
1683649723706866,1683649723706874,8
1683649723707508,1683649723707576,68
1683649723714768,1683649723714807,39
1683649723721606,1683649723721622,16
1683649723722237,1683649723722273,36
1683649723726822,1683649723726831,9
1683649723734440,1683649723734492,52
1683649723735109,1683649723735152,43
1683649723735835,1683649723735907,72
1683649723743118,1683649723743151,33
1683649723751150,1683649723751161,11
1683649723751969,1683649723751977,8
1683649723752704,1683649723752713,9
1683649723753286,1683649723753314,28
1683649723754000,1683649723754039,39
1683649723754702,1683649723754757,55
1683649723755536,1683649723755574,38
1683649723762919,1683649723762928,9
1683649723774789,1683649723774799,10
1683649723775384,1683649723775418,34
1683649723782839,1683649723782869,30
1683649723783623,1683649723783664,41
1683649723790724,1683649723790732,8
1683649723795130,1683649723795236,106
1683649723795906,1683649723795938,32
1683649723806828,1683649723806837,9
1683649723807520,1683649723807528,8
1683649723814471,1683649723814479,8
1683649723815137,1683649723815146,9
1683649723815889,1683649723815897,8
1683649723816494,1683649723816503,9
1683649723822879,1683649723822888,9
1683649723827083,1683649723827092,9
1683649723827736,1683649723827765,29
1683649723838848,1683649723838857,9
1683649723849887,1683649723849901,14
1683649723850814,1683649723850880,66
1683649723851592,1683649723851623,31
1683649723858739,1683649723858750,11
1683649723869849,1683649723869863,14
1683649723870642,1683649723870728,86
1683649723871395,1683649723871404,9
1683649723882946,1683649723882960,14
1683649723883572,1683649723883647,75
1683649723884268,1683649723884303,35
1683649723885145,1683649723885159,14
1683649723889878,1683649723889895,17
1683649723901889,1683649723901906,17
1683649723902706,1683649723902741,35
1683649723903496,1683649723903504,8
1683649723909882,1683649723909901,19
1683649723917902,1683649723917913,11
1683649723925887,1683649723925898,11
1683649723926934,1683649723926943,9
1683649723927532,1683649723927541,9
1683649723938845,1683649723938854,9
1683649723943114,1683649723943175,61
1683649723946878,1683649723946887,9
1683649723958821,1683649723958830,9
1683649723959413,1683649723959422,9
1683649723966855,1683649723966863,8
1683649723973854,1683649723973875,21
1683649723979051,1683649723979107,56
1683649723979678,1683649723979694,16
1683649723990903,1683649723990912,9
1683649724002608,1683649724002619,11
1683649724003196,1683649724003215,19
1683649724014905,1683649724014918,13
1683649724015530,1683649724015581,51
1683649724026825,1683649724026834,9
1683649724027554,1683649724027562,8
1683649724028251,1683649724028259,8
1683649724028788,1683649724028825,37
1683649724029469,1683649724029477,8
1683649724035116,1683649724035149,33
1683649724035866,1683649724035920,54
1683649724036581,1683649724036593,12
1683649724037235,1683649724037244,9
1683649724037837,1683649724037898,61
1683649724046793,1683649724046802,9
1683649724057871,1683649724057882,11
1683649724066092,1683649724066102,10
1683649724077885,1683649724077895,10
1683649724078751,1683649724078777,26
1683649724086856,1683649724086865,9
1683649724087532,1683649724087540,8
1683649724088340,1683649724088348,8
1683649724093878,1683649724093894,16
1683649724105887,1683649724105906,19
1683649724113884,1683649724113898,14
1683649724114718,1683649724114750,32
1683649724115395,1683649724115403,8
1683649724115967,1683649724115976,9
1683649724121106,1683649724121115,9
1683649724133112,1683649724133129,17
1683649724133750,1683649724133761,11
1683649724139010,1683649724139104,94
1683649724139792,1683649724139803,11
1683649724140497,1683649724140505,8
1683649724154721,1683649724154730,9
1683649724155363,1683649724155392,29
1683649724156037,1683649724156045,8
1683649724162806,1683649724162816,10
1683649724163371,1683649724163408,37
1683649724173898,1683649724173909,11
1683649724181893,1683649724181905,12
1683649724189892,1683649724189902,10
1683649724201892,1683649724201901,9
1683649724213886,1683649724213898,12
1683649724225890,1683649724225903,13
1683649724226641,1683649724226676,35
1683649724227395,1683649724227410,15
1683649724237886,1683649724237896,10
1683649724246827,1683649724246836,9
1683649724254875,1683649724254883,8
1683649724255588,1683649724255619,31
1683649724256157,1683649724256229,72
1683649724266876,1683649724266885,9
1683649724267683,1683649724267711,28
1683649724268328,1683649724268350,22
1683649724269089,1683649724269100,11
1683649724278803,1683649724278885,82
1683649724283113,1683649724283123,10
1683649724286875,1683649724286884,9
1683649724298865,1683649724298873,8
1683649724310839,1683649724310875,36
1683649724311622,1683649724311687,65
1683649724312329,1683649724312414,85
1683649724313029,1683649724313037,8
1683649724313784,1683649724313792,8
1683649724318835,1683649724318844,9
1683649724319516,1683649724319548,32
1683649724320184,1683649724320251,67
1683649724320834,1683649724320958,124
1683649724321661,1683649724321670,9
1683649724322230,1683649724322322,92
1683649724326784,1683649724326795,11
1683649724337874,1683649724337889,15
1683649724338661,1683649724338694,33
1683649724339415,1683649724339449,34
1683649724350787,1683649724350853,66
1683649724362854,1683649724362863,9
1683649724363629,1683649724363642,13
1683649724364310,1683649724364320,10
1683649724365058,1683649724365067,9
1683649724365786,1683649724365798,12
1683649724366462,1683649724366495,33
1683649724367186,1683649724367198,12
1683649724367913,1683649724367924,11
1683649724376925,1683649724376933,8
1683649724377591,1683649724377638,47
1683649724378257,1683649724378329,72
1683649724382823,1683649724382832,9
1683649724391088,1683649724391121,33
1683649724391776,1683649724391786,10
1683649724402700,1683649724402719,19
1683649724410805,1683649724410816,11
1683649724411475,1683649724411485,10
1683649724412091,1683649724412143,52
1683649724422911,1683649724422920,9
1683649724423558,1683649724423592,34
1683649724424419,1683649724424427,8
1683649724424991,1683649724424999,8
1683649724429853,1683649724429868,15
1683649724430336,1683649724430364,28
1683649724439107,1683649724439148,41
1683649724451128,1683649724451156,28
1683649724451792,1683649724451831,39
1683649724462829,1683649724462842,13
1683649724463505,1683649724463516,11
1683649724475111,1683649724475127,16
1683649724477041,1683649724477065,24
1683649724486044,1683649724486058,14
1683649724486857,1683649724486865,8
1683649724487394,1683649724487535,141
1683649724488121,1683649724488161,40
1683649724494833,1683649724494842,9
1683649724501878,1683649724501895,17
1683649724513906,1683649724513919,13
1683649724514652,1683649724514676,24
1683649724515465,1683649724515478,13
1683649724523166,1683649724523210,44
1683649724523945,1683649724523954,9
1683649724524641,1683649724524676,35
1683649724525446,1683649724525459,13
1683649724526058,1683649724526093,35
1683649724526757,1683649724526766,9
1683649724537935,1683649724537955,20
1683649724538952,1683649724538960,8
1683649724539491,1683649724539502,11
1683649724546857,1683649724546868,11
1683649724547507,1683649724547516,9
1683649724548005,1683649724548017,12
1683649724554864,1683649724554873,9
1683649724555424,1683649724555503,79
1683649724556094,1683649724556221,127
1683649724556840,1683649724556964,124
1683649724562855,1683649724562908,53
1683649724563541,1683649724563551,10
1683649724564259,1683649724564289,30
1683649724564970,1683649724565001,31
1683649724576256,1683649724576266,10
1683649724576977,1683649724577016,39
1683649724577751,1683649724577793,42
1683649724578416,1683649724578460,44
1683649724583416,1683649724583426,10
1683649724589868,1683649724589894,26
1683649724597893,1683649724597907,14
1683649724609890,1683649724609900,10
1683649724617888,1683649724617900,12
1683649724622858,1683649724622869,11
1683649724623437,1683649724623447,10
1683649724624102,1683649724624110,8
1683649724634845,1683649724634856,11
1683649724635554,1683649724635561,7
1683649724651159,1683649724651169,10
1683649724651824,1683649724651832,8
1683649724658862,1683649724658873,11
1683649724670948,1683649724670958,10
1683649724682833,1683649724682842,9
1683649724683519,1683649724683527,8
1683649724694827,1683649724694835,8
1683649724706876,1683649724706886,10
1683649724707416,1683649724707534,118
1683649724708111,1683649724708164,53
1683649724714783,1683649724714791,8
1683649724721900,1683649724721917,17
1683649724722606,1683649724722613,7
1683649724734814,1683649724734842,28
1683649724735599,1683649724735607,8
1683649724736221,1683649724736269,48
1683649724741875,1683649724741891,16
1683649724742581,1683649724742613,32
1683649724750854,1683649724750887,33
1683649724751508,1683649724751516,8
1683649724752222,1683649724752236,14
1683649724753408,1683649724753417,9
1683649724759203,1683649724759231,28
1683649724765857,1683649724765878,21
1683649724766507,1683649724766516,9
1683649724773840,1683649724773854,14
1683649724774814,1683649724774825,11
1683649724785928,1683649724785937,9
1683649724790657,1683649724790701,44
1683649724791338,1683649724791387,49
1683649724792035,1683649724792045,10
1683649724792691,1683649724792735,44
1683649724793286,1683649724793353,67
1683649724802906,1683649724802915,9
1683649724810910,1683649724810919,9
1683649724811538,1683649724811612,74
1683649724812288,1683649724812299,11
1683649724822831,1683649724822842,11
1683649724829844,1683649724829858,14
1683649724830393,1683649724830401,8
1683649724831122,1683649724831130,8
1683649724831786,1683649724831810,24
1683649724841883,1683649724841904,21
1683649724842806,1683649724842817,11
1683649724843528,1683649724843539,11
1683649724844192,1683649724844240,48
1683649724849885,1683649724849896,11
1683649724850780,1683649724850874,94
1683649724851718,1683649724851778,60
1683649724852391,1683649724852403,12
1683649724853071,1683649724853100,29
1683649724853765,1683649724853839,74
1683649724862786,1683649724862794,8
1683649724874865,1683649724874877,12
1683649724886878,1683649724886888,10
1683649724887530,1683649724887541,11
1683649724888281,1683649724888294,13
1683649724888984,1683649724889020,36
1683649724889616,1683649724889650,34
1683649724897179,1683649724897188,9
1683649724906039,1683649724906053,14
1683649724911074,1683649724911086,12
1683649724911758,1683649724911770,12
1683649724912477,1683649724912514,37
1683649724919313,1683649724919322,9
1683649724919842,1683649724919881,39
1683649724920546,1683649724920558,12
1683649724930896,1683649724930906,10
1683649724941864,1683649724941878,14
1683649724943049,1683649724943108,59
1683649724943896,1683649724943921,25
1683649724954788,1683649724954799,11
1683649724955405,1683649724955416,11
1683649724956107,1683649724956120,13
1683649724956726,1683649724956761,35
1683649724957365,1683649724957399,34
1683649724962969,1683649724962998,29
1683649724963680,1683649724963688,8
1683649724964377,1683649724964427,50
1683649724965023,1683649724965088,65
1683649724965748,1683649724965757,9
1683649724971110,1683649724971122,12
1683649724971886,1683649724971900,14
1683649724972464,1683649724972545,81
1683649724985888,1683649724985899,11
1683649724987800,1683649724987855,55
1683649724993919,1683649724993932,13
1683649725005892,1683649725005905,13
1683649725017891,1683649725017908,17
1683649725018691,1683649725018706,15
1683649725026864,1683649725026873,9
1683649725027539,1683649725027547,8
1683649725033878,1683649725033896,18
1683649725034635,1683649725034663,28
1683649725045929,1683649725045947,18
1683649725057888,1683649725057902,14
1683649725065892,1683649725065904,12
1683649725077890,1683649725077900,10
1683649725078577,1683649725078610,33
1683649725085891,1683649725085902,11
1683649725097887,1683649725097902,15
1683649725098661,1683649725098669,8
1683649725099249,1683649725099260,11
1683649725109875,1683649725109891,16
1683649725114718,1683649725114730,12
1683649725115331,1683649725115339,8
1683649725116060,1683649725116071,11
1683649725116804,1683649725116812,8
1683649725117447,1683649725117516,69
1683649725123437,1683649725123451,14
1683649725124108,1683649725124145,37
1683649725130748,1683649725130757,9
1683649725142792,1683649725142803,11
1683649725153876,1683649725153895,19
1683649725154704,1683649725154731,27
1683649725155289,1683649725155329,40
1683649725166821,1683649725166831,10
1683649725167506,1683649725167568,62
1683649725168114,1683649725168123,9
1683649725178861,1683649725178873,12
1683649725179571,1683649725179582,11
1683649725180168,1683649725180222,54
1683649725180869,1683649725180884,15
1683649725186893,1683649725186907,14
1683649725187379,1683649725187430,51
1683649725188068,1683649725188076,8
1683649725188697,1683649725188705,8
1683649725198878,1683649725198889,11
1683649725210878,1683649725210896,18
1683649725222839,1683649725222878,39
1683649725223472,1683649725223481,9
1683649725224076,1683649725224090,14
1683649725234996,1683649725235005,9
1683649725235620,1683649725235628,8
1683649725242987,1683649725242996,9
1683649725243701,1683649725243714,13
1683649725244409,1683649725244905,496
1683649725249914,1683649725249934,20
1683649725261895,1683649725261905,10
1683649725270692,1683649725270703,11
1683649725271285,1683649725271297,12
1683649725271919,1683649725271968,49
1683649725272574,1683649725272605,31
1683649725280963,1683649725280976,13
1683649725281660,1683649725281668,8
1683649725290874,1683649725290883,9
1683649725291476,1683649725291484,8
1683649725292182,1683649725292190,8
1683649725298881,1683649725298890,9
1683649725299475,1683649725299486,11
1683649725300158,1683649725300184,26
1683649725310807,1683649725310858,51
1683649725315097,1683649725315106,9
1683649725315704,1683649725315739,35
1683649725316431,1683649725316475,44
1683649725317141,1683649725317174,33
1683649725322735,1683649725322766,31
1683649725323328,1683649725323357,29
1683649725324067,1683649725324076,9
1683649725324691,1683649725324700,9
1683649725333890,1683649725333901,11
1683649725341936,1683649725341950,14
1683649725349891,1683649725349907,16
1683649725361891,1683649725361901,10
1683649725362864,1683649725362873,9
1683649725367158,1683649725367190,32
1683649725370745,1683649725370753,8
1683649725381874,1683649725381884,10
1683649725382701,1683649725382710,9
1683649725389873,1683649725389887,14
1683649725391316,1683649725391365,49
1683649725392082,1683649725392119,37
1683649725402761,1683649725402770,9
1683649725407057,1683649725407102,45
1683649725407704,1683649725407741,37
1683649725408407,1683649725408437,30
1683649725409002,1683649725409204,202
1683649725409879,1683649725409910,31
1683649725410482,1683649725410599,117
1683649725418819,1683649725418850,31
1683649725429866,1683649725429879,13
1683649725430690,1683649725430701,11
1683649725438938,1683649725438948,10
1683649725439503,1683649725439513,10
1683649725450827,1683649725450835,8
1683649725451474,1683649725451481,7
1683649725457891,1683649725457915,24
1683649725465908,1683649725465922,14
1683649725473911,1683649725473926,15
1683649725474798,1683649725474806,8
1683649725475401,1683649725475412,11
