1683649780381017,1683649780405533,24516
1683649780412956,1683649780417957,5001
1683649780426139,1683649780426604,465
1683649780426858,1683649780435426,8568
1683649780441854,1683649780441904,50
1683649780445770,1683649780445978,208
1683649780454327,1683649780454909,582
1683649780461790,1683649780466971,5181
1683649780477734,1683649780477884,150
1683649780485852,1683649780485926,74
1683649780485952,1683649780486793,841
1683649780493791,1683649780493921,130
1683649780505770,1683649780505831,61
1683649780506129,1683649780506690,561
1683649780517032,1683649780517341,309
1683649780517645,1683649780518218,573
1683649780529781,1683649780529918,137
1683649780542053,1683649780542057,4
1683649780542362,1683649780553978,11616
1683649780565838,1683649780565997,159
1683649780566276,1683649780566840,564
1683649780577744,1683649780577852,108
1683649780578103,1683649780578920,817
1683649780589886,1683649780589974,88
1683649780590000,1683649780590810,810
1683649780591092,1683649780591615,523
1683649780601875,1683649780602075,200
1683649780602367,1683649780603104,737
1683649780603392,1683649780603948,556
1683649780604232,1683649780604892,660
1683649780613922,1683649780614512,590
1683649780625853,1683649780625960,107
1683649780625987,1683649780626958,971
1683649780633760,1683649780633884,124
1683649780645741,1683649780645938,197
1683649780646297,1683649780657893,11596
1683649780658185,1683649780662358,4173
1683649780662571,1683649780663229,658
1683649780670988,1683649780671341,353
1683649780671617,1683649780672207,590
1683649780681779,1683649780681890,111
1683649780693737,1683649780693829,92
1683649780694058,1683649780694818,760
1683649780705942,1683649780706373,431
1683649780706676,1683649780715098,8422
1683649780715345,1683649780726571,11226
1683649780726818,1683649780727398,580
1683649780727680,1683649780739363,11683
1683649780750131,1683649780750350,219
1683649780760964,1683649780761267,303
1683649780768966,1683649780769316,350
1683649780780993,1683649780781367,374
1683649780781676,1683649780789957,8281
1683649780790182,1683649780790965,783
1683649780797713,1683649780797822,109
1683649780798111,1683649780803463,5352
1683649780811017,1683649780811471,454
1683649780818997,1683649780819449,452
1683649780819706,1683649780825851,6145
1683649780826076,1683649780826797,721
1683649780838347,1683649780838952,605
1683649780845821,1683649780845898,77
1683649780853762,1683649780853849,87
1683649780854120,1683649780854761,641
1683649780858984,1683649780859460,476
1683649780867023,1683649780867487,464
1683649780867822,1683649780878233,10411
1683649780878614,1683649780879109,495
1683649780889758,1683649780889902,144
1683649780890222,1683649780890852,630
1683649780894967,1683649780895464,497
1683649780895812,1683649780905999,10187
1683649780917920,1683649780918338,418
1683649780918784,1683649780925344,6560
1683649780925664,1683649780934461,8797
1683649780937758,1683649780937872,114
1683649780949768,1683649780949802,34
1683649780962027,1683649780962177,150
1683649780962393,1683649780963120,727
1683649780963395,1683649780964029,634
1683649780969864,1683649780974336,4472
1683649780974665,1683649780985969,11304
1683649780986178,1683649780986912,734
1683649780993863,1683649780993918,55
1683649780994336,1683649780997931,3595
1683649780998958,1683649780999433,475
1683649781006989,1683649781007491,502
1683649781007738,1683649781008333,595
1683649781017917,1683649781018912,995
1683649781019217,1683649781019724,507
1683649781027014,1683649781027480,466
1683649781034987,1683649781035496,509
1683649781043000,1683649781043400,400
1683649781043641,1683649781044228,587
1683649781051000,1683649781051231,231
1683649781058930,1683649781059086,156
1683649781065888,1683649781066208,320
1683649781066459,1683649781067058,599
1683649781067291,1683649781067981,690
1683649781068203,1683649781068797,594
1683649781069053,1683649781069630,577
1683649781075654,1683649781076061,407
1683649781082947,1683649781083071,124
1683649781089871,1683649781090221,350
1683649781090968,1683649781091392,424
1683649781099010,1683649781099536,526
1683649781099766,1683649781100511,745
1683649781100708,1683649781101668,960
1683649781101863,1683649781102545,682
1683649781102797,1683649781103332,535
1683649781103547,1683649781104487,940
1683649781104766,1683649781105418,652
1683649781105682,1683649781109836,4154
1683649781121775,1683649781121777,2
1683649781122009,1683649781122784,775
1683649781123011,1683649781123716,705
1683649781131039,1683649781131367,328
1683649781131613,1683649781139535,7922
1683649781139793,1683649781140450,657
1683649781140679,1683649781141383,704
1683649781141646,1683649781142341,695
1683649781142543,1683649781143342,799
1683649781151001,1683649781153905,2904
1683649781158970,1683649781159422,452
1683649781159653,1683649781170373,10720
1683649781181942,1683649781182523,581
1683649781182752,1683649781183493,741
1683649781183711,1683649781184343,632
1683649781184584,1683649781185262,678
1683649781193019,1683649781193921,902
1683649781205936,1683649781206410,474
1683649781217957,1683649781218440,483
1683649781225862,1683649781229053,3191
1683649781233900,1683649781235321,1421
1683649781245968,1683649781246690,722
1683649781257933,1683649781258404,471
1683649781270323,1683649781270906,583
1683649781281936,1683649781282386,450
1683649781282629,1683649781283181,552
1683649781289884,1683649781289919,35
1683649781297742,1683649781297832,90
1683649781298965,1683649781299382,417
1683649781306972,1683649781307359,387
1683649781307626,1683649781308175,549
1683649781313715,1683649781313817,102
1683649781314034,1683649781314689,655
1683649781321855,1683649781321962,107
1683649781321976,1683649781322795,819
1683649781323042,1683649781323626,584
1683649781333914,1683649781334532,618
1683649781338918,1683649781339114,196
1683649781349858,1683649781350086,228
1683649781350333,1683649781351016,683
1683649781354970,1683649781355577,607
1683649781355868,1683649781356523,655
1683649781362914,1683649781363142,228
1683649781370940,1683649781374016,3076
1683649781374936,1683649781375337,401
1683649781386297,1683649781386894,597
1683649781397728,1683649781397836,108
1683649781405708,1683649781405753,45
1683649781406036,1683649781406658,622
1683649781406903,1683649781418346,11443
1683649781418458,1683649781426946,8488
1683649781433033,1683649781433320,287
1683649781433550,1683649781434247,697
1683649781445893,1683649781446445,552
1683649781457915,1683649781458400,485
1683649781465879,1683649781466096,217
1683649781469929,1683649781474345,4416
1683649781474423,1683649781475207,784
1683649781486279,1683649781488116,1837
1683649781494314,1683649781495003,689
1683649781506374,1683649781506969,595
1683649781513756,1683649781513938,182
1683649781514187,1683649781514800,613
1683649781515036,1683649781523320,8284
1683649781535112,1683649781535482,370
1683649781541745,1683649781541878,133
1683649781542026,1683649781549839,7813
1683649781561855,1683649781561970,115
1683649781561995,1683649781562883,888
1683649781563126,1683649781571367,8241
1683649781581856,1683649781581905,49
1683649781581922,1683649781589925,8003
1683649781589937,1683649781590796,859
1683649781594993,1683649781595401,408
1683649781595662,1683649781603893,8231
1683649781613067,1683649781613421,354
1683649781625015,1683649781625292,277
1683649781635657,1683649781635888,231
1683649781645871,1683649781645900,29
1683649781645920,1683649781653925,8005
1683649781653939,1683649781661872,7933
1683649781661884,1683649781673864,11980
1683649781673896,1683649781674765,869
1683649781674995,1683649781675511,516
1683649781675797,1683649781683223,7426
1683649781683467,1683649781684037,570
1683649781684284,1683649781684942,658
1683649781685204,1683649781694831,9627
1683649781705759,1683649781705869,110
1683649781706098,1683649781706676,578
1683649781706911,1683649781711905,4994
1683649781712120,1683649781712823,703
1683649781717852,1683649781719347,1495
1683649781725847,1683649781730886,5039
1683649781737881,1683649781737901,20
1683649781745711,1683649781745833,122
1683649781751688,1683649781751991,303
1683649781761888,1683649781762201,313
1683649781764958,1683649781767062,2104
1683649781767268,1683649781775262,7994
1683649781775538,1683649781776059,521
1683649781776418,1683649781776969,551
1683649781777315,1683649781783431,6116
1683649781791007,1683649781791456,449
1683649781791798,1683649781792365,567
1683649781792741,1683649781798974,6233
1683649781799326,1683649781799827,501
1683649781800168,1683649781800699,531
1683649781800999,1683649781802052,1053
1683649781802223,1683649781802862,639
1683649781803172,1683649781810397,7225
1683649781813763,1683649781813933,170
1683649781822322,1683649781823030,708
1683649781823328,1683649781823923,595
1683649781824273,1683649781824776,503
1683649781833726,1683649781833873,147
1683649781841708,1683649781841996,288
1683649781849857,1683649781849971,114
1683649781849994,1683649781850885,891
1683649781851207,1683649781859298,8091
1683649781859591,1683649781860210,619
1683649781860575,1683649781861114,539
1683649781869952,1683649781870391,439
1683649781870691,1683649781878359,7668
1683649781890369,1683649781890989,620
1683649781901077,1683649781901871,794
1683649781909782,1683649781909784,2
1683649781909996,1683649781910728,732
1683649781910945,1683649781921818,10873
1683649781933702,1683649781933829,127
1683649781941723,1683649781941779,56
1683649781942061,1683649781942699,638
1683649781949065,1683649781951266,2201
1683649781951526,1683649781952113,587
1683649781952376,1683649781958880,6504
1683649781959163,1683649781967052,7889
1683649781967210,1683649781967933,723
1683649781973863,1683649781973925,62
1683649781974957,1683649781975419,462
1683649781987093,1683649781987538,445
1683649781987786,1683649781988437,651
1683649781988704,1683649781989253,549
1683649781989516,1683649781990104,588
1683649781998991,1683649781999391,400
1683649782011069,1683649782011618,549
1683649782023066,1683649782023545,479
1683649782023862,1683649782024401,539
1683649782024696,1683649782025302,606
1683649782025608,1683649782033363,7755
1683649782041857,1683649782041926,69
1683649782041950,1683649782042757,807
1683649782043060,1683649782043613,553
1683649782043920,1683649782044413,493
1683649782044711,1683649782045198,487
1683649782045500,1683649782046064,564
1683649782057781,1683649782057899,118
1683649782058099,1683649782058810,711
1683649782069044,1683649782069389,345
1683649782069611,1683649782073868,4257
1683649782074058,1683649782074692,634
1683649782074974,1683649782075466,492
1683649782085874,1683649782086129,255
1683649782095789,1683649782095944,155
1683649782096216,1683649782102345,6129
1683649782102420,1683649782107273,4853
1683649782107534,1683649782108101,567
1683649782117872,1683649782117910,38
1683649782117931,1683649782125891,7960
1683649782126365,1683649782127091,726
1683649782127318,1683649782134329,7011
1683649782145867,1683649782145896,29
1683649782153867,1683649782153919,52
1683649782153934,1683649782165926,11992
1683649782165938,1683649782166953,1015
1683649782167229,1683649782177288,10059
1683649782177562,1683649782178124,562
1683649782185712,1683649782185837,125
1683649782193713,1683649782193754,41
1683649782201685,1683649782201758,73
1683649782201998,1683649782202657,659
1683649782207017,1683649782207108,91
1683649782214940,1683649782215082,142
1683649782215370,1683649782216002,632
1683649782216272,1683649782217010,738
1683649782217277,1683649782218025,748
1683649782218158,1683649782223120,4962
1683649782223388,1683649782223945,557
1683649782224202,1683649782224943,741
1683649782225180,1683649782225841,661
1683649782226107,1683649782226753,646
1683649782227031,1683649782227646,615
1683649782233723,1683649782233910,187
1683649782234161,1683649782235875,1714
1683649782236135,1683649782245973,9838
1683649782246192,1683649782246850,658
1683649782247122,1683649782247639,517
1683649782247919,1683649782248421,502
1683649782248700,1683649782249220,520
1683649782249490,1683649782250379,889
1683649782250622,1683649782251268,646
1683649782261858,1683649782261913,55
1683649782273870,1683649782274165,295
1683649782274404,1683649782281996,7592
1683649782282935,1683649782283169,234
1683649782290957,1683649782291132,175
1683649782297862,1683649782298176,314
1683649782298451,1683649782299054,603
1683649782309863,1683649782309931,68
1683649782309957,1683649782310738,781
1683649782314313,1683649782314880,567
1683649782321852,1683649782323294,1442
1683649782333863,1683649782335934,2071
1683649782341962,1683649782342376,414
1683649782342680,1683649782343291,611
1683649782343557,1683649782354427,10870
1683649782360951,1683649782361255,304
1683649782362284,1683649782362870,586
1683649782374295,1683649782374951,656
1683649782386314,1683649782386976,662
1683649782390994,1683649782391443,449
1683649782391728,1683649782392312,584
1683649782401026,1683649782401319,293
1683649782408974,1683649782409753,779
1683649782421679,1683649782421746,67
1683649782430011,1683649782430013,2
1683649782441694,1683649782441741,47
1683649782442293,1683649782442895,602
1683649782443150,1683649782454432,11282
1683649782454446,1683649782455304,858
1683649782462293,1683649782462979,686
1683649782468976,1683649782475002,6026
1683649782485737,1683649782485902,165
1683649782486129,1683649782486727,598
1683649782493019,1683649782493334,315
1683649782500956,1683649782501328,372
1683649782505718,1683649782505883,165
1683649782513735,1683649782514370,635
1683649782521762,1683649782521854,92
1683649782533825,1683649782533875,50
1683649782534919,1683649782535167,248
1683649782545876,1683649782545971,95
1683649782557872,1683649782557874,2
1683649782562997,1683649782563086,89
1683649782566322,1683649782566951,629
1683649782573876,1683649782573953,77
1683649782581753,1683649782581757,4
1683649782593712,1683649782593775,63
1683649782594028,1683649782594697,669
1683649782594945,1683649782595564,619
1683649782601715,1683649782601841,126
1683649782613731,1683649782613760,29
1683649782614066,1683649782614641,575
1683649782614930,1683649782615495,565
1683649782615762,1683649782616406,644
1683649782616678,1683649782621786,5108
1683649782623628,1683649782623931,303
1683649782631655,1683649782631975,320
1683649782640991,1683649782641324,333
1683649782641600,1683649782642185,585
1683649782649860,1683649782650211,351
1683649782650472,1683649782651016,544
1683649782651307,1683649782662413,11106
1683649782662469,1683649782663282,813
1683649782674334,1683649782674952,618
1683649782682350,1683649782683124,774
1683649782683382,1683649782683941,559
1683649782689693,1683649782689841,148
1683649782701861,1683649782701905,44
1683649782701919,1683649782713883,11964
1683649782714359,1683649782715308,949
1683649782721008,1683649782722864,1856
1683649782733757,1683649782733871,114
1683649782741700,1683649782741825,125
1683649782749739,1683649782749741,2
1683649782750036,1683649782750797,761
1683649782751074,1683649782751622,548
1683649782761721,1683649782761848,127
1683649782769692,1683649782769848,156
1683649782773930,1683649782774413,483
1683649782774770,1683649782786591,11821
1683649782786884,1683649782795454,8570
1683649782805739,1683649782805878,139
1683649782813680,1683649782813750,70
1683649782814039,1683649782822863,8824
1683649782829867,1683649782829936,69
1683649782829950,1683649782833825,3875
1683649782834095,1683649782846345,12250
1683649782853731,1683649782855869,2138
1683649782856170,1683649782867865,11695
1683649782868178,1683649782868721,543
1683649782868972,1683649782878396,9424
1683649782878443,1683649782879949,1506
1683649782889737,1683649782889907,170
1683649782890169,1683649782890866,697
1683649782891145,1683649782891780,635
1683649782901873,1683649782913717,11844
1683649782914016,1683649782915112,1096
1683649782920976,1683649782921321,345
1683649782922335,1683649782923075,740
1683649782929732,1683649782931294,1562
1683649782931586,1683649782939282,7696
1683649782949830,1683649782950996,1166
1683649782951279,1683649782951843,564
1683649782952148,1683649782962181,10033
1683649782962457,1683649782963073,616
1683649782973872,1683649782974091,219
1683649782977074,1683649782977399,325
1683649782977719,1683649782978255,536
1683649782978554,1683649782990938,12384
1683649782998990,1683649783002035,3045
1683649783013741,1683649783013991,250
1683649783021737,1683649783021840,103
1683649783029700,1683649783029746,46
1683649783030982,1683649783032604,1622
1683649783039046,1683649783039733,687
1683649783039943,1683649783040700,757
1683649783045854,1683649783047349,1495
1683649783056994,1683649783057341,347
1683649783058269,1683649783058834,565
1683649783065864,1683649783065959,95
1683649783069896,1683649783070399,503
1683649783082045,1683649783082380,335
1683649783089855,1683649783094581,4726
1683649783102282,1683649783102917,635
1683649783103209,1683649783103664,455
1683649783103930,1683649783114022,10092
1683649783126066,1683649783126452,386
1683649783126745,1683649783131356,4611
1683649783138996,1683649783139397,401
1683649783147067,1683649783147436,369
1683649783147652,1683649783148222,570
1683649783157954,1683649783158347,393
1683649783169958,1683649783170524,566
1683649783170724,1683649783181999,11275
1683649783193873,1683649783194073,200
1683649783194296,1683649783195008,712
1683649783195259,1683649783195882,623
1683649783196140,1683649783196689,549
1683649783196954,1683649783197465,511
1683649783197718,1683649783207044,9326
1683649783207241,1683649783207902,661
1683649783217713,1683649783219329,1616
1683649783219556,1683649783220090,534
1683649783220372,1683649783220922,550
1683649783226957,1683649783227162,205
1683649783237923,1683649783238370,447
1683649783238627,1683649783239183,556
1683649783239437,1683649783240118,681
1683649783245679,1683649783249974,4295
1683649783250173,1683649783250772,599
1683649783255010,1683649783255336,326
1683649783267011,1683649783267379,368
1683649783273826,1683649783275977,2151
1683649783281859,1683649783281948,89
1683649783282170,1683649783294043,11873
1683649783294223,1683649783295268,1045
1683649783295513,1683649783296080,567
1683649783296363,1683649783296884,521
1683649783305796,1683649783305873,77
1683649783317724,1683649783317729,5
1683649783317986,1683649783318549,563
1683649783325857,1683649783326194,337
1683649783330949,1683649783331083,134
1683649783341856,1683649783342178,322
1683649783342424,1683649783342989,565
1683649783350998,1683649783351175,177
1683649783357858,1683649783361075,3217
1683649783368990,1683649783369946,956
1683649783381713,1683649783382042,329
1683649783382274,1683649783393884,11610
1683649783394098,1683649783406053,11955
1683649783406276,1683649783406940,664
1683649783407192,1683649783407793,601
1683649783419034,1683649783419826,792
1683649783420242,1683649783420703,461
1683649783421020,1683649783421573,553
1683649783421879,1683649783429774,7895
1683649783441720,1683649783441721,1
1683649783453706,1683649783453804,98
1683649783465684,1683649783465746,62
1683649783466019,1683649783478307,12288
1683649783489925,1683649783490366,441
1683649783495799,1683649783496044,245
1683649783496295,1683649783496916,621
1683649783501688,1683649783501822,134
1683649783502044,1683649783502627,583
1683649783507048,1683649783509429,2381
1683649783516974,1683649783517277,303
1683649783523023,1683649783523441,418
1683649783535124,1683649783535469,345
1683649783547150,1683649783547456,306
1683649783555017,1683649783555332,315
1683649783567082,1683649783567500,418
1683649783567781,1683649783577758,9977
1683649783589714,1683649783589716,2
1683649783589983,1683649783590676,693
1683649783597871,1683649783597935,64
1683649783597951,1683649783598757,806
1683649783608990,1683649783615023,6033
1683649783615217,1683649783621943,6726
1683649783622197,1683649783622826,629
1683649783631072,1683649783631652,580
1683649783631938,1683649783632469,531
1683649783632706,1683649783633297,591
1683649783633497,1683649783642104,8607
1683649783642304,1683649783643000,696
1683649783643240,1683649783643814,574
1683649783655754,1683649783655997,243
1683649783656199,1683649783656820,621
1683649783657077,1683649783657686,609
1683649783669722,1683649783669841,119
1683649783670985,1683649783671356,371
1683649783681754,1683649783683247,1493
1683649783695010,1683649783695151,141
1683649783706998,1683649783707124,126
1683649783714991,1683649783715150,159
1683649783725707,1683649783725861,154
1683649783726102,1683649783726752,650
1683649783737882,1683649783738076,194
1683649783738331,1683649783739014,683
1683649783739307,1683649783751403,12096
1683649783761867,1683649783762074,207
1683649783762333,1683649783762952,619
1683649783763202,1683649783763753,551
1683649783763997,1683649783771894,7897
1683649783777867,1683649783778079,212
1683649783781005,1683649783781336,331
1683649783793018,1683649783793356,338
1683649783793644,1683649783794140,496
1683649783801854,1683649783806650,4796
1683649783806880,1683649783813945,7065
1683649783825933,1683649783826403,470
1683649783837974,1683649783838379,405
1683649783838659,1683649783839169,510
1683649783839421,1683649783850021,10600
1683649783857863,1683649783857943,80
1683649783857971,1683649783858806,835
1683649783864998,1683649783867233,2235
1683649783869921,1683649783870361,440
1683649783881885,1683649783882408,523
1683649783882692,1683649783889061,6369
1683649783894023,1683649783894048,25
1683649783901870,1683649783905991,4121
1683649783913688,1683649783913737,49
1683649783925676,1683649783925758,82
1683649783925985,1683649783937825,11840
1683649783945686,1683649783945733,47
1683649783957665,1683649783957742,77
1683649783957960,1683649783967332,9372
1683649783967572,1683649783978386,10814
1683649783978433,1683649783979336,903
1683649783979562,1683649783980154,592
1683649783989857,1683649783989928,71
1683649783997672,1683649783998986,1314
1683649784009853,1683649784009968,115
1683649784011665,1683649784011967,302
1683649784012253,1683649784018843,6590
1683649784026309,1683649784026979,670
1683649784027232,1683649784027758,526
1683649784028046,1683649784028638,592
1683649784037854,1683649784037930,76
1683649784037949,1683649784038740,791
1683649784045710,1683649784045843,133
1683649784057861,1683649784057900,39
1683649784058274,1683649784058925,651
1683649784059220,1683649784059752,532
1683649784069979,1683649784070440,461
1683649784070792,1683649784078961,8169
1683649784089709,1683649784089837,128
1683649784101677,1683649784101977,300
1683649784109844,1683649784110154,310
1683649784110419,1683649784111033,614
1683649784114956,1683649784123068,8112
1683649784126331,1683649784129248,2917
1683649784129528,1683649784135250,5722
1683649784135563,1683649784136105,542
1683649784145701,1683649784145921,220
1683649784146229,1683649784146758,529
1683649784147024,1683649784147579,555
1683649784157859,1683649784158099,240
1683649784158384,1683649784158964,580
1683649784159269,1683649784159789,520
1683649784160069,1683649784160636,567
1683649784169695,1683649784169836,141
1683649784170145,1683649784170663,518
1683649784171012,1683649784178376,7364
1683649784181664,1683649784181772,108
1683649784193665,1683649784193748,83
1683649784194054,1683649784194646,592
1683649784205697,1683649784206379,682
1683649784217675,1683649784217706,31
1683649784218019,1683649784218581,562
1683649784225665,1683649784225794,129
1683649784237881,1683649784237903,22
1683649784238200,1683649784238720,520
1683649784239022,1683649784245946,6924
1683649784246252,1683649784246798,546
1683649784251015,1683649784258005,6990
1683649784258952,1683649784259440,488
1683649784259749,1683649784270509,10760
1683649784270790,1683649784271335,545
1683649784282398,1683649784282992,594
1683649784289873,1683649784289900,27
1683649784301663,1683649784301736,73
1683649784309650,1683649784309769,119
1683649784310075,1683649784310643,568
1683649784317005,1683649784321892,4887
1683649784328945,1683649784329322,377
1683649784333668,1683649784333796,128
1683649784334089,1683649784334654,565
1683649784345893,1683649784345933,40
1683649784345946,1683649784357881,11935
1683649784357895,1683649784365885,7990
1683649784365899,1683649784377969,12070
1683649784377986,1683649784389875,11889
1683649784389899,1683649784398845,8946
1683649784409681,1683649784409890,209
1683649784421724,1683649784421794,70
1683649784433884,1683649784434105,221
1683649784437015,1683649784437328,313
1683649784442966,1683649784443387,421
1683649784455132,1683649784455469,337
1683649784455801,1683649784456219,418
1683649784465722,1683649784466786,1064
1683649784477875,1683649784477913,38
1683649784477928,1683649784489889,11961
1683649784489902,1683649784490765,863
1683649784500958,1683649784501244,286
1683649784501555,1683649784509271,7716
1683649784516981,1683649784518850,1869
1683649784529863,1683649784529955,92
1683649784541685,1683649784541736,51
1683649784541892,1683649784549715,7823
1683649784549929,1683649784550686,757
1683649784561852,1683649784562053,201
1683649784562212,1683649784562882,670
1683649784563109,1683649784573298,10189
1683649784585013,1683649784585339,326
1683649784585624,1683649784586261,637
1683649784597863,1683649784598092,229
1683649784598322,1683649784598937,615
1683649784602962,1683649784603996,1034
1683649784613080,1683649784613358,278
1683649784624977,1683649784625274,297
1683649784632955,1683649784633252,297
1683649784640955,1683649784641314,359
1683649784649683,1683649784649872,189
1683649784650073,1683649784650735,662
1683649784657648,1683649784657720,72
1683649784657943,1683649784658552,609
1683649784658782,1683649784659399,617
1683649784659710,1683649784669751,10041
1683649784682353,1683649784682355,2
1683649784682368,1683649784683175,807
1683649784691074,1683649784691145,71
1683649784691362,1683649784699102,7740
1683649784706953,1683649784707162,209
1683649784717869,1683649784718202,333
1683649784718419,1683649784719105,686
1683649784729649,1683649784729806,157
1683649784738050,1683649784738054,4
1683649784749852,1683649784749880,28
1683649784749893,1683649784750783,890
1683649784758313,1683649784758859,546
1683649784759122,1683649784770951,11829
1683649784777882,1683649784777935,53
1683649784777962,1683649784778777,815
1683649784779048,1683649784779739,691
1683649784780040,1683649784791410,11370
1683649784797684,1683649784797800,116
1683649784805853,1683649784805892,39
1683649784813875,1683649784813907,32
1683649784825874,1683649784826374,500
1683649784833707,1683649784833759,52
1683649784834050,1683649784834602,552
1683649784845984,1683649784846409,425
1683649784846654,1683649784847220,566
1683649784859021,1683649784859468,447
1683649784871075,1683649784871400,325
1683649784878330,1683649784878907,577
1683649784886293,1683649784886928,635
1683649784894987,1683649784895409,422
1683649784895670,1683649784896276,606
1683649784896514,1683649784897108,594
1683649784897422,1683649784897933,511
1683649784905858,1683649784906223,365
1683649784909952,1683649784910414,462
1683649784921942,1683649784922339,397
1683649784934021,1683649784934453,432
1683649784938992,1683649784939203,211
1683649784939418,1683649784940131,713
1683649784946186,1683649784947399,1213
1683649784947648,1683649784954847,7199
1683649784955146,1683649784963049,7903
1683649784963652,1683649784964003,351
1683649784973968,1683649784974465,497
1683649784974734,1683649784975575,841
1683649784981902,1683649784982296,394
1683649784982575,1683649784993331,10756
1683649785001854,1683649785001910,56
1683649785009870,1683649785009872,2
1683649785009884,1683649785021878,11994
1683649785021891,1683649785033933,12042
1683649785033945,1683649785034889,944
1683649785035150,1683649785035679,529
1683649785035950,1683649785036617,667
1683649785045681,1683649785045793,112
1683649785045855,1683649785057730,11875
1683649785057947,1683649785058865,918
1683649785059074,1683649785059719,645
1683649785059941,1683649785060562,621
1683649785060819,1683649785071738,10919
1683649785081705,1683649785081878,173
1683649785082100,1683649785082767,667
1683649785082998,1683649785083593,595
1683649785083872,1683649785084395,523
1683649785090951,1683649785091442,491
1683649785098958,1683649785099377,419
1683649785111035,1683649785111392,357
1683649785111606,1683649785112200,594
1683649785117854,1683649785117908,54
1683649785117920,1683649785125860,7940
1683649785125883,1683649785130996,5113
1683649785131264,1683649785131870,606
1683649785137865,1683649785137907,42
1683649785137929,1683649785149710,11781
1683649785149972,1683649785162067,12095
1683649785162281,1683649785162962,681
1683649785173867,1683649785174125,258
1683649785174368,1683649785179518,5150
1683649785185853,1683649785185896,43
1683649785197871,1683649785197878,7
1683649785205879,1683649785205886,7
1683649785205933,1683649785206802,869
1683649785207118,1683649785211853,4735
1683649785223732,1683649785223981,249
1683649785231693,1683649785231924,231
1683649785241900,1683649785242569,669
1683649785253857,1683649785254224,367
1683649785254439,1683649785255289,850
1683649785263051,1683649785263163,112
1683649785273865,1683649785274132,267
1683649785274340,1683649785275041,701
1683649785281853,1683649785282055,202
1683649785282343,1683649785290023,7680
1683649785294313,1683649785294984,671
1683649785295307,1683649785295878,571
1683649785306965,1683649785307471,506
1683649785314979,1683649785315387,408
1683649785322975,1683649785323373,398
1683649785323668,1683649785324193,525
1683649785329906,1683649785330417,511
1683649785337957,1683649785338389,432
1683649785338642,1683649785350819,12177
1683649785360943,1683649785361288,345
1683649785369010,1683649785369951,941
1683649785380978,1683649785381279,301
1683649785388977,1683649785389283,306
1683649785389529,1683649785393737,4208
1683649785393940,1683649785394595,655
1683649785405862,1683649785405932,70
1683649785405955,1683649785406718,763
1683649785413669,1683649785413778,109
1683649785414998,1683649785426292,11294
1683649785433684,1683649785433827,143
1683649785441889,1683649785442113,224
1683649785442377,1683649785454366,11989
1683649785454534,1683649785461322,6788
1683649785468944,1683649785469385,441
1683649785469615,1683649785470255,640
1683649785470481,1683649785471032,551
1683649785471260,1683649785471912,652
1683649785472133,1683649785477742,5609
1683649785489690,1683649785489759,69
1683649785489980,1683649785490679,699
1683649785490907,1683649785491621,714
1683649785491839,1683649785492408,569
1683649785492697,1683649785493232,535
1683649785493485,1683649785494182,697
1683649785501874,1683649785505912,4038
1683649785506140,1683649785506841,701
1683649785517863,1683649785518290,427
1683649785529650,1683649785529882,232
1683649785537655,1683649785537720,65
1683649785537989,1683649785542363,4374
1683649785542423,1683649785543292,869
1683649785554321,1683649785555060,739
1683649785555384,1683649785555858,474
1683649785556124,1683649785556844,720
1683649785557119,1683649785559241,2122
1683649785570137,1683649785570202,65
1683649785570219,1683649785578935,8716
1683649785585873,1683649785586060,187
1683649785592948,1683649785593704,756
1683649785600944,1683649785601269,325
1683649785602946,1683649785603340,394
1683649785610975,1683649785613948,2973
1683649785619027,1683649785619385,358
1683649785627016,1683649785627802,786
1683649785634996,1683649785635399,403
1683649785635720,1683649785636223,503
1683649785642978,1683649785643183,205
1683649785650960,1683649785651241,281
1683649785651458,1683649785652055,597
1683649785652282,1683649785657743,5461
1683649785657938,1683649785658610,672
1683649785658913,1683649785663787,4874
1683649785673860,1683649785674269,409
1683649785674506,1683649785675085,579
1683649785686339,1683649785687063,724
1683649785697025,1683649785697373,348
1683649785704961,1683649785705291,330
1683649785705524,1683649785706148,624
1683649785713891,1683649785714114,223
1683649785714355,1683649785715040,685
1683649785725653,1683649785725800,147
1683649785733956,1683649785734172,216
1683649785740966,1683649785741511,545
1683649785741824,1683649785742508,684
1683649785742782,1683649785743381,599
1683649785743649,1683649785751315,7666
1683649785761872,1683649785761920,48
1683649785761937,1683649785770813,8876
1683649785771115,1683649785771770,655
1683649785772149,1683649785772599,450
1683649785772856,1683649785773452,596
1683649785782116,1683649785782317,201
1683649785782582,1683649785783121,539
1683649785783346,1683649785789972,6626
1683649785790224,1683649785790770,546
1683649785791029,1683649785791880,851
1683649785792174,1683649785799275,7101
1683649785809857,1683649785809895,38
1683649785814977,1683649785815366,389
1683649785815604,1683649785816171,567
1683649785816418,1683649785817031,613
1683649785817303,1683649785817922,619
1683649785825714,1683649785825834,120
1683649785837664,1683649785837729,65
1683649785837956,1683649785838607,651
1683649785838882,1683649785843281,4399
1683649785853864,1683649785854055,191
1683649785858950,1683649785861946,2996
1683649785862177,1683649785862799,622
1683649785863029,1683649785863625,596
1683649785873864,1683649785874121,257
1683649785878949,1683649785879461,512
1683649785879735,1683649785880354,619
1683649785889687,1683649785890880,1193
1683649785901643,1683649785901804,161
1683649785913658,1683649785913701,43
1683649785915007,1683649785915371,364
1683649785926327,1683649785926947,620
1683649785927199,1683649785927843,644
1683649785928076,1683649785936020,7944
1683649785936167,1683649785936861,694
1683649785942956,1683649785943387,431
1683649785950962,1683649785951353,391
1683649785958986,1683649785959523,537
1683649785959756,1683649785965733,5977
1683649785965963,1683649785966824,861
1683649785967008,1683649785967705,697
1683649785979001,1683649785979397,396
1683649785985673,1683649785985968,295
1683649785986222,1683649785997981,11759
1683649786009877,1683649786010443,566
1683649786014945,1683649786024003,9058
1683649786030336,1683649786033897,3561
1683649786034141,1683649786034777,636
1683649786045854,1683649786045897,43
1683649786045909,1683649786057871,11962
1683649786057932,1683649786058830,898
1683649786059086,1683649786059789,703
1683649786069853,1683649786069911,58
1683649786069927,1683649786070876,949
1683649786078307,1683649786078961,654
1683649786079196,1683649786079786,590
1683649786089868,1683649786089913,45
1683649786089930,1683649786097866,7936
1683649786101630,1683649786101711,81
1683649786101935,1683649786102526,591
1683649786102776,1683649786103403,627
1683649786113067,1683649786113298,231
1683649786121636,1683649786123957,2321
1683649786129643,1683649786129733,90
1683649786141630,1683649786141674,44
1683649786149621,1683649786149668,47
1683649786161614,1683649786161793,179
1683649786173635,1683649786173681,46
1683649786173912,1683649786174635,723
1683649786181857,1683649786181911,54
1683649786181927,1683649786189877,7950
1683649786190306,1683649786192409,2103
1683649786196953,1683649786202346,5393
1683649786202412,1683649786203128,716
1683649786211010,1683649786211468,458
1683649786216965,1683649786217349,384
1683649786217613,1683649786223350,5737
1683649786235743,1683649786235967,224
1683649786242973,1683649786243313,340
1683649786250973,1683649786252494,1521
1683649786252761,1683649786264011,11250
1683649786273660,1683649786273785,125
1683649786274016,1683649786274664,648
1683649786274938,1683649786287027,12089
1683649786295047,1683649786295399,352
1683649786295657,1683649786296271,614
1683649786296494,1683649786297086,592
1683649786297312,1683649786301832,4520
1683649786302065,1683649786302695,630
1683649786302960,1683649786303540,580
1683649786303820,1683649786310325,6505
1683649786310422,1683649786321869,11447
1683649786333874,1683649786333958,84
1683649786334350,1683649786335008,658
1683649786342310,1683649786342914,604
1683649786349850,1683649786351902,2052
1683649786352125,1683649786362363,10238
1683649786369858,1683649786375343,5485
1683649786375615,1683649786376197,582
1683649786376437,1683649786377025,588
1683649786385877,1683649786386170,293
1683649786386478,1683649786387446,968
1683649786393853,1683649786393916,63
1683649786393933,1683649786394779,846
1683649786406273,1683649786406808,535
1683649786407136,1683649786407583,447
1683649786407942,1683649786413686,5744
1683649786414091,1683649786414542,451
1683649786421640,1683649786421889,249
1683649786422214,1683649786422736,522
1683649786433041,1683649786433405,364
1683649786433882,1683649786439321,5439
1683649786439630,1683649786440147,517
1683649786446967,1683649786447199,232
1683649786447454,1683649786455218,7764
1683649786455453,1683649786456140,687
1683649786456478,1683649786463305,6827
1683649786473621,1683649786473671,50
1683649786485694,1683649786485719,25
1683649786486011,1683649786487324,1313
1683649786487557,1683649786488057,500
1683649786488373,1683649786498361,9988
1683649786505622,1683649786505715,93
1683649786506035,1683649786506863,828
1683649786510982,1683649786511425,443
1683649786511796,1683649786518913,7117
1683649786529872,1683649786529949,77
1683649786537663,1683649786538007,344
1683649786538359,1683649786543885,5526
1683649786549677,1683649786552048,2371
1683649786552298,1683649786552976,678
1683649786561863,1683649786561933,70
1683649786561959,1683649786562753,794
1683649786562998,1683649786563532,534
1683649786563774,1683649786570825,7051
1683649786582323,1683649786583247,924
1683649786590901,1683649786591126,225
1683649786597857,1683649786598049,192
1683649786598274,1683649786605261,6987
1683649786615718,1683649786616083,365
1683649786626089,1683649786626120,31
1683649786626134,1683649786633872,7738
1683649786633884,1683649786634724,840
1683649786638955,1683649786639406,451
1683649786647019,1683649786647438,419
1683649786659104,1683649786659735,631
1683649786659963,1683649786660603,640
1683649786666981,1683649786667165,184
1683649786675003,1683649786675105,102
1683649786681865,1683649786685774,3909
1683649786686010,1683649786686741,731
1683649786693853,1683649786693965,112
1683649786693987,1683649786701280,7293
1683649786708987,1683649786710335,1348
1683649786716992,1683649786717278,286
1683649786729007,1683649786729397,390
1683649786729658,1683649786730265,607
1683649786741875,1683649786742074,199
1683649786742942,1683649786743406,464
1683649786750984,1683649786751451,467
1683649786758961,1683649786759417,456
1683649786759711,1683649786769718,10007
1683649786781636,1683649786781802,166
1683649786793628,1683649786793678,50
1683649786805656,1683649786805680,24
1683649786805980,1683649786806687,707
1683649786806937,1683649786807653,716
