1683649769710784,1683649769740024,29240
1683649769749872,1683649769750030,158
1683649769758013,1683649769758155,142
1683649769769894,1683649769770031,137
1683649769777953,1683649769778140,187
1683649769785887,1683649769786030,143
1683649769797951,1683649769798120,169
1683649769805935,1683649769806092,157
1683649769813940,1683649769814115,175
1683649769821942,1683649769822091,149
1683649769841852,1683649769842009,157
1683649769850163,1683649769850289,126
1683649769861978,1683649769862115,137
1683649769870097,1683649769870239,142
1683649769877948,1683649769878140,192
1683649769889890,1683649769890030,140
1683649769901955,1683649769902176,221
1683649769913889,1683649769914015,126
1683649769925956,1683649769926169,213
1683649769933888,1683649769934029,141
1683649769945975,1683649769946128,153
1683649769953957,1683649769954133,176
1683649769965953,1683649769966121,168
1683649769977941,1683649769978096,155
1683649769989952,1683649769990115,163
1683649770001884,1683649770002027,143
1683649770009959,1683649770010171,212
1683649770021887,1683649770022045,158
1683649770033963,1683649770034186,223
1683649770041889,1683649770042043,154
1683649770050020,1683649770050155,135
1683649770058878,1683649770059008,130
1683649770078050,1683649770078187,137
1683649770085882,1683649770086012,130
1683649770097957,1683649770098185,228
1683649770109890,1683649770110020,130
1683649770117958,1683649770118140,182
1683649770125889,1683649770126059,170
1683649770133985,1683649770134143,158
1683649770141938,1683649770142086,148
1683649770153946,1683649770154092,146
1683649770161898,1683649770162038,140
1683649770169947,1683649770170112,165
1683649770181892,1683649770182017,125
1683649770193960,1683649770194184,224
1683649770205891,1683649770206025,134
1683649770217959,1683649770218183,224
1683649770225889,1683649770226016,127
1683649770233946,1683649770234128,182
1683649770245888,1683649770246028,140
1683649770254033,1683649770254173,140
1683649770265887,1683649770266029,142
1683649770277960,1683649770278088,128
1683649770286178,1683649770286331,153
1683649770294011,1683649770294139,128
1683649770305886,1683649770306023,137
1683649770317955,1683649770318149,194
1683649770325889,1683649770326019,130
1683649770337948,1683649770338096,148
1683649770345903,1683649770346047,144
1683649770357961,1683649770358154,193
1683649770365890,1683649770366044,154
1683649770373947,1683649770374154,207
1683649770381885,1683649770382027,142
1683649770393973,1683649770394159,186
1683649770405890,1683649770406033,143
1683649770413963,1683649770414115,152
1683649770421941,1683649770422080,139
1683649770429977,1683649770430148,171
1683649770439235,1683649770439360,125
1683649770446021,1683649770446177,156
1683649770457890,1683649770458032,142
1683649770469964,1683649770470203,239
1683649770477891,1683649770478038,147
1683649770485977,1683649770486190,213
1683649770494056,1683649770494209,153
1683649770501950,1683649770502141,191
1683649770509889,1683649770510040,151
1683649770521948,1683649770522156,208
1683649770533889,1683649770534042,153
1683649770545968,1683649770546146,178
1683649770557930,1683649770558078,148
1683649770569934,1683649770570086,152
1683649770581889,1683649770582009,120
1683649770593962,1683649770594188,226
1683649770601891,1683649770602023,132
1683649770613962,1683649770614154,192
1683649770621890,1683649770622019,129
1683649770629965,1683649770630166,201
1683649770634977,1683649770635103,126
1683649770645019,1683649770645156,137
1683649770650315,1683649770650437,122
1683649770662185,1683649770662320,135
1683649770669885,1683649770670026,141
1683649770677962,1683649770678135,173
1683649770685892,1683649770686032,140
1683649770697951,1683649770698080,129
1683649770705922,1683649770706056,134
1683649770713924,1683649770714075,151
1683649770725887,1683649770726029,142
1683649770733951,1683649770734138,187
1683649770741887,1683649770742022,135
1683649770753969,1683649770754155,186
1683649770761889,1683649770762027,138
1683649770773961,1683649770774147,186
1683649770781893,1683649770782032,139
1683649770793955,1683649770794167,212
1683649770801886,1683649770802018,132
1683649770814046,1683649770814177,131
1683649770821901,1683649770822053,152
1683649770833952,1683649770834093,141
1683649770841939,1683649770842075,136
1683649770853937,1683649770854094,157
1683649770861925,1683649770862088,163
1683649770869937,1683649770870098,161
1683649770877888,1683649770878024,136
1683649770885954,1683649770886150,196
1683649770893883,1683649770894030,147
1683649770901963,1683649770902163,200
1683649770914123,1683649770914256,133
1683649770921973,1683649770922171,198
1683649770933896,1683649770934054,158
1683649770945994,1683649770946220,226
1683649770957893,1683649770958031,138
1683649770965972,1683649770966172,200
1683649770973947,1683649770974081,134
1683649770981949,1683649770982087,138
1683649770993938,1683649770994098,160
1683649771001966,1683649771002117,151
1683649771009901,1683649771010037,136
1683649771017978,1683649771018167,189
1683649771025890,1683649771026035,145
1683649771033970,1683649771034150,180
1683649771041890,1683649771042047,157
1683649771043101,1683649771043223,122
1683649771049885,1683649771050042,157
1683649771061986,1683649771062215,229
1683649771073889,1683649771074025,136
1683649771085950,1683649771086173,223
1683649771093890,1683649771094034,144
1683649771105967,1683649771106142,175
1683649771113937,1683649771114072,135
1683649771122113,1683649771122300,187
1683649771133196,1683649771133337,141
1683649771149849,1683649771149977,128
1683649771157892,1683649771158037,145
1683649771169955,1683649771170140,185
1683649771181888,1683649771182022,134
1683649771189957,1683649771190170,213
1683649771201886,1683649771202023,137
1683649771209968,1683649771210137,169
1683649771217890,1683649771218029,139
1683649771229950,1683649771230123,173
1683649771237892,1683649771238039,147
1683649771245968,1683649771246111,143
1683649771253936,1683649771254078,142
1683649771261949,1683649771262101,152
1683649771269927,1683649771270075,148
1683649771277927,1683649771278096,169
1683649771289887,1683649771290022,135
1683649771301972,1683649771302168,196
1683649771313889,1683649771314015,126
1683649771321969,1683649771322181,212
1683649771330028,1683649771330172,144
1683649771337961,1683649771338126,165
1683649771349883,1683649771350017,134
1683649771357968,1683649771358133,165
1683649771365891,1683649771366024,133
1683649771373962,1683649771374139,177
1683649771385921,1683649771386055,134
1683649771393935,1683649771394065,130
1683649771405941,1683649771406086,145
1683649771413944,1683649771414127,183
1683649771421889,1683649771422023,134
1683649771429969,1683649771430137,168
1683649771437894,1683649771438032,138
1683649771449947,1683649771450129,182
1683649771457888,1683649771458007,119
1683649771469961,1683649771470145,184
1683649771481888,1683649771482021,133
1683649771489963,1683649771490146,183
1683649771497889,1683649771498039,150
1683649771509944,1683649771510084,140
1683649771517930,1683649771518078,148
1683649771525952,1683649771526077,125
1683649771533948,1683649771534093,145
1683649771541947,1683649771542129,182
1683649771553888,1683649771554014,126
1683649771561970,1683649771562164,194
1683649771573893,1683649771574029,136
1683649771581961,1683649771582137,176
1683649771593893,1683649771594016,123
1683649771605988,1683649771606134,146
1683649771613889,1683649771614015,126
1683649771625951,1683649771626128,177
1683649771637888,1683649771638008,120
1683649771649946,1683649771650167,221
1683649771657889,1683649771658016,127
1683649771669945,1683649771670091,146
1683649771681910,1683649771682058,148
1683649771689964,1683649771690095,131
1683649771701886,1683649771702012,126
1683649771709966,1683649771710161,195
1683649771717891,1683649771718031,140
1683649771730036,1683649771730189,153
1683649771737890,1683649771738037,147
1683649771746116,1683649771746312,196
1683649771757889,1683649771758026,137
1683649771765971,1683649771766176,205
1683649771773900,1683649771774035,135
1683649771785976,1683649771786183,207
1683649771793893,1683649771794021,128
1683649771801962,1683649771802101,139
1683649771809941,1683649771810086,145
1683649771817949,1683649771818091,142
1683649771829944,1683649771830082,138
1683649771841942,1683649771842125,183
1683649771849895,1683649771850024,129
1683649771858035,1683649771858175,140
1683649771865966,1683649771866098,132
1683649771877972,1683649771878143,171
1683649771885900,1683649771886042,142
1683649771893956,1683649771894159,203
1683649771905889,1683649771906031,142
1683649771913940,1683649771914153,213
1683649771925895,1683649771926037,142
1683649771938003,1683649771938144,141
1683649771949952,1683649771950101,149
1683649771958091,1683649771958266,175
1683649771969941,1683649771970102,161
1683649771977971,1683649771978118,147
1683649771985896,1683649771986028,132
1683649771993963,1683649771994140,177
1683649772001895,1683649772002042,147
1683649772009963,1683649772010177,214
1683649772021891,1683649772022023,132
1683649772029956,1683649772030139,183
1683649772037895,1683649772038043,148
1683649772045962,1683649772046136,174
1683649772053887,1683649772054023,136
1683649772061996,1683649772062128,132
1683649772073933,1683649772074086,153
1683649772081944,1683649772082085,141
1683649772089942,1683649772090093,151
1683649772097942,1683649772098118,176
1683649772105890,1683649772106031,141
1683649772113967,1683649772114171,204
1683649772121886,1683649772122034,148
1683649772129953,1683649772130118,165
1683649772137888,1683649772138024,136
1683649772145942,1683649772146122,180
1683649772153890,1683649772154018,128
1683649772161957,1683649772162143,186
1683649772169894,1683649772170019,125
1683649772181958,1683649772182134,176
1683649772193912,1683649772194052,140
1683649772205954,1683649772206136,182
1683649772213926,1683649772214080,154
1683649772221942,1683649772222070,128
1683649772229886,1683649772230017,131
1683649772231196,1683649772231326,130
1683649772241954,1683649772242088,134
1683649772249951,1683649772250166,215
1683649772261887,1683649772262021,134
1683649772269963,1683649772270151,188
1683649772277888,1683649772278019,131
1683649772285963,1683649772286181,218
1683649772293886,1683649772294007,121
1683649772306019,1683649772306146,127
1683649772317907,1683649772318048,141
1683649772329917,1683649772330055,138
1683649772337933,1683649772338067,134
1683649772345986,1683649772346127,141
1683649772357944,1683649772358105,161
1683649772365955,1683649772366093,138
1683649772374126,1683649772374261,135
1683649772381965,1683649772382142,177
1683649772389890,1683649772390023,133
1683649772397957,1683649772398123,166
1683649772405888,1683649772406025,137
1683649772416987,1683649772417108,121
1683649772429873,1683649772429998,125
1683649772442010,1683649772442156,146
1683649772449887,1683649772450015,128
1683649772462033,1683649772462189,156
1683649772469888,1683649772470020,132
1683649772477963,1683649772478131,168
1683649772489955,1683649772490095,140
1683649772497969,1683649772498141,172
1683649772505894,1683649772506023,129
1683649772514033,1683649772514162,129
1683649772522938,1683649772523061,123
1683649772530011,1683649772530145,134
1683649772537889,1683649772538026,137
1683649772545957,1683649772546166,209
1683649772553892,1683649772554026,134
1683649772561952,1683649772562147,195
1683649772569891,1683649772570025,134
1683649772582240,1683649772582408,168
1683649772589890,1683649772590016,126
1683649772597961,1683649772598091,130
1683649772609954,1683649772610090,136
1683649772623033,1683649772623165,132
1683649772633935,1683649772634075,140
1683649772645952,1683649772646132,180
1683649772653886,1683649772654019,133
1683649772667070,1683649772667199,129
1683649772673888,1683649772674021,133
1683649772685007,1683649772685139,132
1683649772693884,1683649772694011,127
1683649772701954,1683649772702184,230
1683649772713890,1683649772714021,131
1683649772715329,1683649772715454,125
1683649772725888,1683649772726028,140
1683649772733955,1683649772734112,157
1683649772741890,1683649772742024,134
1683649772750931,1683649772751052,121
1683649772761931,1683649772762061,130
1683649772769958,1683649772770089,131
1683649772781891,1683649772782110,219
1683649772790099,1683649772790250,151
1683649772801891,1683649772802017,126
1683649772809955,1683649772810149,194
1683649772821896,1683649772822015,119
1683649772829956,1683649772830177,221
1683649772837886,1683649772838019,133
1683649772845958,1683649772846149,191
1683649772857891,1683649772858018,127
1683649772869009,1683649772869143,134
1683649772874252,1683649772874388,136
1683649772886030,1683649772886152,122
1683649772897862,1683649772897993,131
1683649772909944,1683649772910062,118
1683649772921949,1683649772922100,151
1683649772929963,1683649772930125,162
1683649772941962,1683649772942105,143
1683649772949957,1683649772950092,135
1683649772957889,1683649772958035,146
1683649772970028,1683649772970175,147
1683649772977894,1683649772978026,132
1683649772989955,1683649772990176,221
1683649772998052,1683649772998188,136
1683649773009964,1683649773010197,233
1683649773017902,1683649773018031,129
1683649773025957,1683649773026180,223
1683649773037888,1683649773038025,137
1683649773045956,1683649773046102,146
1683649773053934,1683649773054081,147
1683649773061958,1683649773062127,169
1683649773069935,1683649773070076,141
1683649773077959,1683649773078098,139
1683649773085897,1683649773086036,139
1683649773099043,1683649773099166,123
1683649773105921,1683649773106054,133
1683649773117953,1683649773118172,219
1683649773125894,1683649773126036,142
1683649773137960,1683649773138151,191
1683649773149890,1683649773150026,136
1683649773157947,1683649773158135,188
1683649773169890,1683649773170022,132
1683649773181951,1683649773182163,212
1683649773189889,1683649773190019,130
1683649773197972,1683649773198121,149
1683649773207043,1683649773207167,124
1683649773218022,1683649773218145,123
1683649773225949,1683649773226100,151
1683649773233955,1683649773234078,123
1683649773245890,1683649773246075,185
1683649773253969,1683649773254096,127
1683649773265923,1683649773266051,128
1683649773273952,1683649773274138,186
1683649773281885,1683649773282016,131
1683649773293945,1683649773294149,204
1683649773305889,1683649773306027,138
1683649773317954,1683649773318159,205
1683649773325890,1683649773326012,122
1683649773333999,1683649773334153,154
1683649773345887,1683649773346011,124
1683649773357944,1683649773358106,162
1683649773369926,1683649773370062,136
1683649773381951,1683649773382095,144
1683649773405885,1683649773406009,124
1683649773418140,1683649773418287,147
1683649773425898,1683649773426033,135
1683649773437955,1683649773438136,181
1683649773445893,1683649773446033,140
1683649773458979,1683649773459098,119
1683649773469940,1683649773470070,130
1683649773482018,1683649773482150,132
1683649773493898,1683649773494029,131
1683649773505955,1683649773506174,219
1683649773517905,1683649773518046,141
1683649773529954,1683649773530181,227
1683649773537890,1683649773538019,129
1683649773545961,1683649773546111,150
1683649773557958,1683649773558104,146
1683649773569993,1683649773570138,145
1683649773581889,1683649773582029,140
1683649773593951,1683649773594165,214
1683649773601890,1683649773602017,127
1683649773609956,1683649773610146,190
1683649773621921,1683649773622054,133
1683649773630118,1683649773630318,200
1683649773641903,1683649773642056,153
1683649773653960,1683649773654147,187
1683649773665925,1683649773666093,168
1683649773677979,1683649773678203,224
1683649773685890,1683649773686033,143
1683649773693966,1683649773694100,134
1683649773701954,1683649773702094,140
1683649773713940,1683649773714083,143
1683649773721890,1683649773722025,135
1683649773729957,1683649773730182,225
1683649773741887,1683649773742009,122
1683649773753948,1683649773754139,191
1683649773761886,1683649773762019,133
1683649773773958,1683649773774182,224
1683649773785898,1683649773786031,133
1683649773797969,1683649773798168,199
1683649773809896,1683649773810040,144
1683649773821964,1683649773822142,178
1683649773829894,1683649773830041,147
1683649773842231,1683649773842379,148
1683649773853950,1683649773854087,137
1683649773865959,1683649773866097,138
1683649773873979,1683649773874118,139
1683649773885954,1683649773886081,127
1683649773897899,1683649773898044,145
1683649773910016,1683649773910155,139
1683649773921900,1683649773922019,119
1683649773930124,1683649773930488,364
1683649773937887,1683649773938028,141
1683649773949953,1683649773950140,187
1683649773961893,1683649773962021,128
1683649773969961,1683649773970173,212
1683649773977890,1683649773978022,132
1683649773985957,1683649773986087,130
1683649773993972,1683649773994105,133
1683649774001961,1683649774002085,124
1683649774009942,1683649774010090,148
1683649774021968,1683649774022112,144
1683649774033894,1683649774034038,144
1683649774045961,1683649774046140,179
1683649774057893,1683649774058030,137
1683649774065959,1683649774066148,189
1683649774073902,1683649774074030,128
1683649774081990,1683649774082189,199
1683649774089926,1683649774090058,132
1683649774097995,1683649774098208,213
1683649774105934,1683649774106059,125
1683649774113954,1683649774114129,175
1683649774125891,1683649774126023,132
1683649774135017,1683649774135156,139
1683649774141925,1683649774142055,130
1683649774149948,1683649774150095,147
1683649774157898,1683649774158045,147
1683649774169954,1683649774170113,159
1683649774181899,1683649774182037,138
1683649774189948,1683649774190128,180
1683649774197904,1683649774198036,132
1683649774206028,1683649774206158,130
1683649774217898,1683649774218024,126
1683649774225947,1683649774226121,174
1683649774237896,1683649774238022,126
1683649774249976,1683649774250167,191
1683649774258223,1683649774258368,145
1683649774269963,1683649774270191,228
1683649774281904,1683649774282032,128
1683649774293962,1683649774294093,131
1683649774305968,1683649774306094,126
1683649774313967,1683649774314100,133
1683649774321947,1683649774322088,141
1683649774329989,1683649774330125,136
1683649774337917,1683649774338043,126
1683649774345998,1683649774346179,181
1683649774353934,1683649774354071,137
1683649774365956,1683649774366163,207
1683649774377889,1683649774378033,144
1683649774385969,1683649774386134,165
1683649774397890,1683649774398026,136
1683649774405951,1683649774406101,150
1683649774417885,1683649774418020,135
1683649774429044,1683649774429162,118
1683649774445850,1683649774445980,130
1683649774457972,1683649774458127,155
1683649774470145,1683649774470333,188
1683649774477956,1683649774478088,132
1683649774485907,1683649774486059,152
1683649774493945,1683649774494134,189
1683649774501887,1683649774502032,145
1683649774509971,1683649774510179,208
1683649774521895,1683649774522037,142
1683649774533966,1683649774534180,214
1683649774545895,1683649774546030,135
1683649774557954,1683649774558151,197
1683649774565901,1683649774566037,136
1683649774573998,1683649774574174,176
1683649774581972,1683649774582126,154
1683649774590016,1683649774590157,141
1683649774597956,1683649774598077,121
1683649774605968,1683649774606103,135
1683649774613893,1683649774614023,130
1683649774621977,1683649774622174,197
1683649774633890,1683649774634011,121
1683649774641962,1683649774642135,173
1683649774649890,1683649774650023,133
1683649774657948,1683649774658132,184
1683649774669916,1683649774670050,134
1683649774682183,1683649774682315,132
1683649774693885,1683649774694029,144
1683649774701949,1683649774702160,211
1683649774709887,1683649774710027,140
1683649774721955,1683649774722124,169
1683649774729940,1683649774730086,146
1683649774741969,1683649774742150,181
1683649774753889,1683649774754029,140
1683649774761981,1683649774762163,182
1683649774773889,1683649774774006,117
1683649774785962,1683649774786152,190
1683649774797890,1683649774798020,130
1683649774809964,1683649774810151,187
1683649774817896,1683649774818023,127
1683649774825983,1683649774826175,192
1683649774833914,1683649774834037,123
1683649774841990,1683649774842189,199
1683649774849890,1683649774850027,137
1683649774861982,1683649774862123,141
1683649774869943,1683649774870091,148
1683649774877962,1683649774878114,152
1683649774885935,1683649774886089,154
1683649774894121,1683649774894302,181
1683649774901887,1683649774902027,140
1683649774914019,1683649774914156,137
1683649774921913,1683649774922058,145
1683649774933973,1683649774934228,255
1683649774945915,1683649774946063,148
1683649774953977,1683649774954183,206
1683649774965905,1683649774966044,139
1683649774978053,1683649774978212,159
1683649774985891,1683649774986024,133
1683649774993963,1683649774994140,177
1683649775005895,1683649775006021,126
1683649775013969,1683649775014124,155
1683649775025941,1683649775026077,136
1683649775033945,1683649775034084,139
1683649775041948,1683649775042078,130
1683649775053949,1683649775054074,125
1683649775061889,1683649775062028,139
1683649775069965,1683649775070141,176
1683649775077893,1683649775078034,141
1683649775085995,1683649775086183,188
1683649775093908,1683649775094047,139
1683649775102213,1683649775102419,206
1683649775109892,1683649775110025,133
1683649775117966,1683649775118166,200
1683649775125897,1683649775126027,130
1683649775133967,1683649775134134,167
1683649775141894,1683649775142042,148
1683649775149959,1683649775150115,156
1683649775161938,1683649775162071,133
1683649775169953,1683649775170094,141
1683649775177904,1683649775178050,146
1683649775185947,1683649775186125,178
1683649775193890,1683649775194037,147
1683649775205945,1683649775206127,182
1683649775213886,1683649775214027,141
1683649775225965,1683649775226157,192
1683649775237889,1683649775238036,147
1683649775245976,1683649775246181,205
1683649775253889,1683649775254023,134
1683649775265955,1683649775266174,219
1683649775274985,1683649775275117,132
1683649775281968,1683649775282115,147
1683649775289952,1683649775290102,150
1683649775297949,1683649775298137,188
1683649775305890,1683649775306031,141
1683649775314035,1683649775314192,157
1683649775321886,1683649775322019,133
1683649775329970,1683649775330173,203
1683649775337889,1683649775338026,137
1683649775345963,1683649775346132,169
1683649775357889,1683649775358030,141
1683649775365972,1683649775366158,186
1683649775373891,1683649775374034,143
1683649775381976,1683649775382170,194
1683649775389893,1683649775390038,145
1683649775401961,1683649775402115,154
1683649775413920,1683649775414081,161
1683649775421945,1683649775422112,167
1683649775429943,1683649775430085,142
1683649775441976,1683649775442113,137
1683649775449900,1683649775450030,130
1683649775457958,1683649775458162,204
1683649775469889,1683649775470021,132
1683649775477952,1683649775478169,217
1683649775489886,1683649775490025,139
1683649775501858,1683649775501991,133
1683649775513887,1683649775514025,138
1683649775521965,1683649775522180,215
1683649775533889,1683649775534024,135
1683649775545963,1683649775546149,186
1683649775557939,1683649775558095,156
1683649775565939,1683649775566104,165
1683649775573961,1683649775574120,159
1683649775581968,1683649775582103,135
1683649775589898,1683649775590032,134
1683649775603042,1683649775603167,125
1683649775604071,1683649775604210,139
1683649775614021,1683649775614192,171
1683649775625889,1683649775626024,135
1683649775634029,1683649775634173,144
1683649775641893,1683649775642012,119
1683649775649970,1683649775650170,200
1683649775657895,1683649775658036,141
1683649775669979,1683649775670209,230
1683649775681901,1683649775682038,137
1683649775693969,1683649775694126,157
1683649775705943,1683649775706090,147
1683649775717069,1683649775717194,125
1683649775729854,1683649775729990,136
1683649775737949,1683649775738178,229
1683649775745894,1683649775746042,148
1683649775753961,1683649775754179,218
1683649775761888,1683649775762020,132
1683649775769966,1683649775770183,217
1683649775779359,1683649775779492,133
1683649775790029,1683649775790189,160
1683649775797892,1683649775798026,134
1683649775809957,1683649775810162,205
1683649775817887,1683649775818016,129
1683649775829977,1683649775830121,144
1683649775837938,1683649775838088,150
1683649775845941,1683649775846082,141
1683649775853943,1683649775854092,149
1683649775861939,1683649775862071,132
1683649775873890,1683649775874020,130
1683649775882017,1683649775882150,133
1683649775889894,1683649775890023,129
1683649775901032,1683649775901152,120
1683649775917854,1683649775917995,141
1683649775929994,1683649775930252,258
1683649775941897,1683649775942046,149
1683649775949972,1683649775950171,199
1683649775957888,1683649775958019,131
1683649775969960,1683649775970168,208
1683649775977906,1683649775978047,141
1683649775985962,1683649775986116,154
1683649775997945,1683649775998090,145
1683649776009950,1683649776010114,164
1683649776017898,1683649776018029,131
1683649776029970,1683649776030186,216
1683649776041886,1683649776042021,135
1683649776053953,1683649776054166,213
1683649776065892,1683649776066028,136
1683649776073965,1683649776074148,183
1683649776081896,1683649776082047,151
1683649776089973,1683649776090188,215
1683649776097898,1683649776098047,149
1683649776105976,1683649776106193,217
1683649776117897,1683649776118032,135
1683649776125978,1683649776126124,146
1683649776133954,1683649776134112,158
1683649776143163,1683649776143295,132
1683649776154327,1683649776154466,139
1683649776162046,1683649776162180,134
1683649776173888,1683649776174011,123
1683649776181970,1683649776182155,185
1683649776189888,1683649776190029,141
1683649776197966,1683649776198185,219
1683649776209891,1683649776210037,146
1683649776217955,1683649776218144,189
1683649776225890,1683649776226020,130
1683649776233937,1683649776234122,185
1683649776245888,1683649776246027,139
1683649776253986,1683649776254130,144
1683649776265891,1683649776266029,138
1683649776277958,1683649776278109,151
1683649776285924,1683649776286069,145
1683649776297936,1683649776298070,134
1683649776305897,1683649776306026,129
1683649776314022,1683649776314176,154
1683649776325887,1683649776326015,128
1683649776333961,1683649776334150,189
1683649776341887,1683649776342022,135
1683649776350130,1683649776350341,211
1683649776357886,1683649776358029,143
1683649776369972,1683649776370165,193
1683649776377888,1683649776378025,137
1683649776385963,1683649776386107,144
1683649776393941,1683649776394074,133
1683649776401942,1683649776402065,123
1683649776409949,1683649776410088,139
1683649776421958,1683649776422074,116
1683649776429903,1683649776430046,143
1683649776441962,1683649776442165,203
1683649776449889,1683649776450027,138
1683649776457958,1683649776458120,162
1683649776465889,1683649776466018,129
1683649776477962,1683649776478130,168
1683649776485890,1683649776486023,133
1683649776493963,1683649776494159,196
1683649776505888,1683649776506010,122
1683649776517958,1683649776518089,131
1683649776525957,1683649776526098,141
1683649776533944,1683649776534095,151
1683649776541932,1683649776542098,166
1683649776549955,1683649776550102,147
1683649776558073,1683649776558210,137
1683649776573855,1683649776573980,125
1683649776581887,1683649776582019,132
1683649776593942,1683649776594161,219
1683649776601897,1683649776602036,139
1683649776609951,1683649776610134,183
1683649776617888,1683649776618027,139
1683649776625956,1683649776626130,174
1683649776633890,1683649776634019,129
1683649776641947,1683649776642127,180
1683649776649888,1683649776650014,126
1683649776661963,1683649776662111,148
1683649776669920,1683649776670055,135
1683649776681966,1683649776682100,134
1683649776689917,1683649776690058,141
1683649776701962,1683649776702109,147
1683649776713896,1683649776714018,122
1683649776721952,1683649776722154,202
1683649776729890,1683649776730033,143
1683649776741836,1683649776741961,125
1683649776749923,1683649776750051,128
1683649776761957,1683649776762134,177
1683649776770063,1683649776770214,151
1683649776781968,1683649776782131,163
1683649776793887,1683649776794030,143
1683649776801970,1683649776802133,163
1683649776809952,1683649776810104,152
1683649776821949,1683649776822125,176
1683649776829944,1683649776830079,135
1683649776837952,1683649776838109,157
1683649776849889,1683649776850023,134
1683649776857967,1683649776858145,178
1683649776865899,1683649776866031,132
1683649776877971,1683649776878155,184
1683649776885889,1683649776886014,125
1683649776893961,1683649776894149,188
1683649776901890,1683649776902025,135
1683649776913965,1683649776914160,195
1683649776921892,1683649776922032,140
1683649776929975,1683649776930146,171
1683649776937894,1683649776938041,147
1683649776945977,1683649776946123,146
1683649776953950,1683649776954085,135
1683649776961947,1683649776962073,126
1683649776969897,1683649776970040,143
1683649776982133,1683649776982332,199
1683649776989897,1683649776990034,137
1683649777001964,1683649777002182,218
1683649777009887,1683649777010015,128
1683649777017961,1683649777018166,205
1683649777025904,1683649777026042,138
1683649777037979,1683649777038186,207
1683649777045888,1683649777046026,138
1683649777054036,1683649777054184,148
1683649777061890,1683649777062026,136
1683649777069968,1683649777070148,180
1683649777077939,1683649777078069,130
1683649777085939,1683649777086093,154
1683649777093945,1683649777094093,148
1683649777101988,1683649777102116,128
1683649777113918,1683649777114055,137
1683649777125970,1683649777126149,179
1683649777137896,1683649777138026,130
1683649777149983,1683649777150155,172
1683649777157889,1683649777158027,138
1683649777169970,1683649777170151,181
1683649777177897,1683649777178035,138
1683649777189183,1683649777189343,160
1683649777201118,1683649777201246,128
1683649777206348,1683649777206475,127
1683649777222262,1683649777222391,129
1683649777229944,1683649777230092,148
1683649777237946,1683649777238082,136
1683649777249963,1683649777250138,175
1683649777257892,1683649777258035,143
1683649777265980,1683649777266153,173
1683649777273894,1683649777274032,138
1683649777286006,1683649777286131,125
1683649777293893,1683649777294026,133
1683649777301969,1683649777302206,237
1683649777313889,1683649777314019,130
1683649777325975,1683649777326157,182
1683649777333901,1683649777334032,131
1683649777341976,1683649777342183,207
1683649777349890,1683649777350026,136
1683649777357965,1683649777358124,159
1683649777365947,1683649777366105,158
1683649777377959,1683649777378092,133
1683649777385951,1683649777386090,139
1683649777393952,1683649777394085,133
1683649777403203,1683649777403340,137
1683649777415178,1683649777415326,148
1683649777421888,1683649777422024,136
1683649777429974,1683649777430158,184
1683649777441894,1683649777442038,144
1683649777453960,1683649777454172,212
1683649777465891,1683649777466020,129
1683649777477962,1683649777478151,189
1683649777485892,1683649777486038,146
1683649777493979,1683649777494199,220
1683649777505889,1683649777506025,136
1683649777517955,1683649777518105,150
1683649777529829,1683649777529958,129
1683649777537963,1683649777538120,157
1683649777545902,1683649777546083,181
1683649777557959,1683649777558123,164
1683649777565917,1683649777566042,125
1683649777577959,1683649777578175,216
1683649777589899,1683649777590032,133
1683649777601969,1683649777602172,203
1683649777613891,1683649777614036,145
1683649777625961,1683649777626186,225
1683649777633889,1683649777634031,142
1683649777641949,1683649777642127,178
1683649777649889,1683649777650027,138
1683649777661970,1683649777662153,183
1683649777673898,1683649777674022,124
1683649777687029,1683649777687161,132
1683649777698931,1683649777699060,129
1683649777705989,1683649777706148,159
1683649777713892,1683649777714053,161
1683649777725971,1683649777726109,138
1683649777733903,1683649777734038,135
1683649777742982,1683649777743115,133
1683649777749928,1683649777750051,123
1683649777762050,1683649777762221,171
1683649777773893,1683649777774043,150
1683649777781956,1683649777782132,176
1683649777793891,1683649777794037,146
1683649777801964,1683649777802174,210
1683649777809891,1683649777810038,147
1683649777818124,1683649777818305,181
1683649777831001,1683649777831132,131
1683649777841964,1683649777842103,139
1683649777849956,1683649777850117,161
1683649777861954,1683649777862131,177
1683649777869889,1683649777870032,143
1683649777878043,1683649777878212,169
1683649777885890,1683649777886039,149
1683649777893962,1683649777894154,192
1683649777901893,1683649777902027,134
1683649777913978,1683649777914200,222
1683649777925895,1683649777926042,147
1683649777933977,1683649777934163,186
1683649777941887,1683649777942023,136
1683649777949959,1683649777950175,216
1683649777957888,1683649777958035,147
1683649777965969,1683649777966102,133
1683649777973940,1683649777974087,147
1683649777981961,1683649777982145,184
1683649777993939,1683649777994097,158
1683649778001955,1683649778002116,161
1683649778009899,1683649778010031,132
1683649778021968,1683649778022116,148
1683649778029899,1683649778030040,141
1683649778038069,1683649778038204,135
1683649778045897,1683649778046024,127
1683649778057994,1683649778058147,153
1683649778069885,1683649778070015,130
1683649778077968,1683649778078175,207
1683649778085888,1683649778086019,131
1683649778093952,1683649778094128,176
1683649778105935,1683649778106064,129
1683649778113986,1683649778114140,154
1683649778121929,1683649778122071,142
1683649778129960,1683649778130114,154
1683649778137888,1683649778138034,146
1683649778145953,1683649778146135,182
1683649778153888,1683649778154037,149
1683649778165969,1683649778166140,171
1683649778173901,1683649778174045,144
1683649778185838,1683649778185972,134
1683649778193887,1683649778194026,139
1683649778201967,1683649778202177,210
1683649778209891,1683649778210019,128
1683649778221962,1683649778222154,192
1683649778229888,1683649778230025,137
1683649778241969,1683649778242109,140
1683649778253949,1683649778254083,134
1683649778261956,1683649778262099,143
1683649778269889,1683649778270020,131
1683649778277976,1683649778278168,192
1683649778285891,1683649778286028,137
1683649778293964,1683649778294150,186
1683649778301887,1683649778302022,135
1683649778310070,1683649778310206,136
1683649778329863,1683649778329992,129
1683649778337973,1683649778338134,161
1683649778345894,1683649778346048,154
1683649778353959,1683649778354152,193
1683649778361897,1683649778362045,148
1683649778373978,1683649778374139,161
1683649778381955,1683649778382107,152
1683649778401865,1683649778402005,140
1683649778413935,1683649778414101,166
1683649778425970,1683649778426126,156
1683649778433896,1683649778434031,135
1683649778446243,1683649778446376,133
1683649778457891,1683649778458029,138
1683649778466028,1683649778466174,146
1683649778477891,1683649778478023,132
1683649778485945,1683649778486146,201
1683649778493890,1683649778494026,136
1683649778501942,1683649778502101,159
1683649778509896,1683649778510030,134
1683649778521003,1683649778521125,122
1683649778541875,1683649778542014,139
1683649778553949,1683649778554073,124
1683649778565937,1683649778566073,136
1683649778573940,1683649778574077,137
1683649778581941,1683649778582088,147
1683649778589948,1683649778590081,133
1683649778601891,1683649778602031,140
1683649778610034,1683649778610163,129
1683649778617894,1683649778618038,144
1683649778629957,1683649778630141,184
1683649778641889,1683649778642017,128
1683649778654111,1683649778654298,187
1683649778665890,1683649778666025,135
1683649778673958,1683649778674155,197
1683649778685890,1683649778686031,141
1683649778697963,1683649778698151,188
1683649778709887,1683649778710023,136
1683649778721965,1683649778722130,165
1683649778729938,1683649778730080,142
1683649778743033,1683649778743158,125
1683649778753886,1683649778754022,136
1683649778761975,1683649778762132,157
1683649778769888,1683649778770033,145
1683649778777949,1683649778778132,183
1683649778789894,1683649778790039,145
1683649778801963,1683649778802173,210
1683649778809891,1683649778810039,148
1683649778821966,1683649778822157,191
1683649778833890,1683649778834027,137
1683649778841979,1683649778842200,221
1683649778853894,1683649778854035,141
1683649778862109,1683649778862250,141
1683649778869944,1683649778870094,150
1683649778877940,1683649778878076,136
1683649778885888,1683649778886019,131
1683649778897948,1683649778898151,203
1683649778905890,1683649778906017,127
1683649778914021,1683649778914146,125
1683649778922967,1683649778923100,133
1683649778930064,1683649778930188,124
1683649778941920,1683649778942077,157
1683649778949968,1683649778950153,185
1683649778957902,1683649778958031,129
1683649778970026,1683649778970167,141
1683649778977888,1683649778978024,136
1683649778989968,1683649778990157,189
1683649779001890,1683649779002034,144
1683649779009961,1683649779010115,154
1683649779017937,1683649779018084,147
1683649779029941,1683649779030079,138
1683649779037895,1683649779038021,126
1683649779045965,1683649779046169,204
1683649779058931,1683649779059055,124
1683649779065999,1683649779066136,137
1683649779074032,1683649779074172,140
1683649779085960,1683649779086132,172
1683649779093888,1683649779094014,126
1683649779101970,1683649779102136,166
1683649779113885,1683649779114019,134
1683649779121967,1683649779122140,173
1683649779129884,1683649779130017,133
1683649779137968,1683649779138153,185
1683649779145931,1683649779146075,144
1683649779153935,1683649779154067,132
1683649779161888,1683649779162023,135
1683649779169974,1683649779170166,192
1683649779177890,1683649779178022,132
1683649779189958,1683649779190141,183
1683649779197889,1683649779198009,120
1683649779209998,1683649779210153,155
1683649779217885,1683649779218022,137
1683649779225946,1683649779226134,188
1683649779233884,1683649779234020,136
1683649779241945,1683649779242128,183
1683649779253887,1683649779254018,131
1683649779265952,1683649779266120,168
1683649779273930,1683649779274071,141
1683649779282090,1683649779282222,132
1683649779293937,1683649779294086,149
1683649779301947,1683649779302110,163
1683649779309899,1683649779310041,142
1683649779321963,1683649779322122,159
1683649779329889,1683649779330025,136
1683649779341951,1683649779342122,171
1683649779353886,1683649779354026,140
1683649779364993,1683649779365132,139
1683649779370220,1683649779370349,129
1683649779381945,1683649779382150,205
