1683657647468429,1683657647570920,102491
1683657647572131,1683657647591457,19326
1683657647592303,1683657647593770,1467
1683657647595016,1683657647603678,8662
1683657647604709,1683657647606115,1406
1683657647606861,1683657647615621,8760
1683657647616446,1683657647627817,11371
1683657647628567,1683657647637335,8768
1683657647638356,1683657647647532,9176
1683657647648225,1683657647662900,14675
1683657647663989,1683657647671979,7990
1683657647672789,1683657647677894,5105
1683657647683357,1683657647691725,8368
1683657647695137,1683657647703843,8706
1683657647704922,1683657647711987,7065
1683657647712769,1683657647721809,9040
1683657647722781,1683657647723992,1211
1683657647730746,1683657647736973,6227
1683657647742804,1683657647751526,8722
1683657647752484,1683657647757479,4995
1683657647758668,1683657647766904,8236
1683657647767657,1683657647773354,5697
1683657647778836,1683657647784108,5272
1683657647784907,1683657647791996,7089
1683657647792755,1683657647794281,1526
1683657647802833,1683657647805133,2300
1683657647805767,1683657647807131,1364
1683657647808050,1683657647823505,15455
1683657647824323,1683657647831516,7193
1683657647838839,1683657647840144,1305
1683657647847750,1683657647859936,12186
1683657647860731,1683657647869116,8385
1683657647869865,1683657647875924,6059
1683657647890836,1683657647898847,8011
1683657647899886,1683657647912142,12256
1683657647912910,1683657647918876,5966
1683657647918930,1683657647927721,8791
1683657647928794,1683657647935888,7094
1683657647943108,1683657647948236,5128
1683657647948470,1683657647958920,10450
1683657647958961,1683657647965697,6736
1683657647966411,1683657647972316,5905
1683657647973779,1683657647980249,6470
1683657647981002,1683657647989963,8961
1683657647995665,1683657648001489,5824
1683657648003753,1683657648013367,9614
1683657648014334,1683657648020242,5908
1683657648021462,1683657648032114,10652
1683657648033001,1683657648040124,7123
1683657648040257,1683657648053557,13300
1683657648059059,1683657648060071,1012
1683657648070836,1683657648086857,16021
1683657648087919,1683657648103281,15362
1683657648105068,1683657648111414,6346
1683657648115475,1683657648116739,1264
1683657648123601,1683657648129785,6184
1683657648137704,1683657648144470,6766
1683657648153023,1683657648161673,8650
1683657648174802,1683657648182922,8120
1683657648183965,1683657648189544,5579
1683657648194846,1683657648208149,13303
1683657648209083,1683657648217609,8526
1683657648224172,1683657648236175,12003
1683657648244207,1683657648251674,7467
1683657648266838,1683657648269824,2986
1683657648275318,1683657648291262,15944
1683657648291984,1683657648293399,1415
1683657648301819,1683657648312006,10187
1683657648313739,1683657648315140,1401
1683657648315879,1683657648323124,7245
1683657648323779,1683657648325106,1327
1683657648326017,1683657648332244,6227
1683657648340273,1683657648341467,1194
1683657648342407,1683657648343718,1311
1683657648344662,1683657648345918,1256
1683657648358849,1683657648359698,849
1683657648360436,1683657648377516,17080
1683657648386849,1683657648387723,874
1683657648388633,1683657648389867,1234
1683657648395558,1683657648396923,1365
1683657648397776,1683657648399136,1360
1683657648399799,1683657648407577,7778
1683657648408604,1683657648416103,7499
1683657648425084,1683657648432182,7098
1683657648433722,1683657648435170,1448
1683657648435969,1683657648450922,14953
1683657648451010,1683657648459658,8648
1683657648461679,1683657648463482,1803
1683657648464087,1683657648465507,1420
1683657648466510,1683657648473502,6992
1683657648474114,1683657648481681,7567
1683657648482428,1683657648489786,7358
1683657648495766,1683657648497194,1428
1683657648497890,1683657648505585,7695
1683657648506272,1683657648513520,7248
1683657648514337,1683657648530875,16538
1683657648530937,1683657648539659,8722
1683657648540459,1683657648547510,7051
1683657648548203,1683657648549578,1375
1683657648555176,1683657648567744,12568
1683657648568490,1683657648582918,14428
1683657648584000,1683657648591520,7520
1683657648592260,1683657648597837,5577
1683657648598604,1683657648605391,6787
1683657648606335,1683657648611662,5327
1683657648612348,1683657648619957,7609
1683657648620711,1683657648622307,1596
1683657648628029,1683657648631623,3594
1683657648640498,1683657648641587,1089
1683657648642374,1683657648647692,5318
1683657648648541,1683657648656051,7510
1683657648664050,1683657648671237,7187
1683657648683181,1683657648684718,1537
1683657648691184,1683657648699790,8606
1683657648704106,1683657648711494,7388
1683657648712110,1683657648726872,14762
1683657648727856,1683657648736085,8229
1683657648742866,1683657648745539,2673
1683657648746182,1683657648754012,7830
1683657648758762,1683657648761759,2997
1683657648769156,1683657648777614,8458
1683657648778703,1683657648785423,6720
1683657648786179,1683657648798848,12669
1683657648799976,1683657648807218,7242
1683657648807814,1683657648815791,7977
1683657648824451,1683657648831553,7102
1683657648835398,1683657648847858,12460
1683657648848506,1683657648856493,7987
1683657648857143,1683657648867673,10530
1683657648871628,1683657648886911,15283
1683657648887823,1683657648902868,15045
1683657648903924,1683657648912129,8205
1683657648920104,1683657648921544,1440
1683657648928350,1683657648942897,14547
1683657648943962,1683657648955618,11656
1683657648961207,1683657648970469,9262
1683657648977128,1683657648983541,6413
1683657648984335,1683657648992221,7886
1683657648992972,1683657649006878,13906
1683657649008135,1683657649009316,1181
1683657649010111,1683657649015667,5556
1683657649016674,1683657649017818,1144
1683657649018830,1683657649020354,1524
1683657649020891,1683657649022528,1637
1683657649030992,1683657649037590,6598
1683657649042847,1683657649044024,1177
1683657649051165,1683657649060072,8907
1683657649068042,1683657649076245,8203
1683657649084123,1683657649085530,1407
1683657649092644,1683657649099188,6544
1683657649104939,1683657649112145,7206
1683657649120219,1683657649129437,9218
1683657649136980,1683657649145633,8653
1683657649146409,1683657649147461,1052
1683657649148909,1683657649156186,7277
1683657649164125,1683657649172655,8530
1683657649180097,1683657649183789,3692
1683657649187371,1683657649195682,8311
1683657649202901,1683657649211258,8357
1683657649218841,1683657649232236,13395
1683657649240088,1683657649241766,1678
1683657649242615,1683657649248254,5639
1683657649256138,1683657649257935,1797
1683657649263440,1683657649272140,8700
1683657649277242,1683657649287540,10298
1683657649292117,1683657649300617,8500
1683657649301439,1683657649302737,1298
1683657649303717,1683657649313873,10156
1683657649314695,1683657649321361,6666
1683657649326853,1683657649330049,3196
1683657649335593,1683657649344291,8698
1683657649345114,1683657649352023,6909
1683657649360197,1683657649362223,2026
1683657649363098,1683657649364287,1189
1683657649365052,1683657649366300,1248
1683657649367011,1683657649368351,1340
1683657649376162,1683657649384232,8070
1683657649392121,1683657649397465,5344
1683657649404050,1683657649412192,8142
1683657649412982,1683657649424026,11044
1683657649424852,1683657649435498,10646
1683657649440173,1683657649444418,4245
1683657649446032,1683657649451838,5806
1683657649455836,1683657649463503,7667
1683657649469257,1683657649475577,6320
1683657649476273,1683657649485450,9177
1683657649486398,1683657649495182,8784
1683657649495888,1683657649497109,1221
1683657649505301,1683657649512493,7192
1683657649518898,1683657649521836,2938
1683657649522670,1683657649528101,5431
1683657649528970,1683657649530307,1337
1683657649531012,1683657649532198,1186
1683657649533056,1683657649534223,1167
1683657649534935,1683657649550876,15941
1683657649552337,1683657649565222,12885
1683657649575222,1683657649581051,5829
1683657649581642,1683657649591878,10236
1683657649599878,1683657649609797,9919
1683657649613716,1683657649621595,7879
1683657649628629,1683657649630619,1990
1683657649635258,1683657649643591,8333
1683657649649717,1683657649655971,6254
1683657649659574,1683657649660780,1206
1683657649668062,1683657649669836,1774
1683657649670698,1683657649691564,20866
1683657649692406,1683657649700237,7831
1683657649700628,1683657649719288,18660
1683657649719822,1683657649731599,11777
1683657649732459,1683657649750944,18485
1683657649753076,1683657649765649,12573
1683657649772297,1683657649779611,7314
1683657649790922,1683657649807233,16311
1683657649807981,1683657649813708,5727
1683657649814492,1683657649826891,12399
1683657649828000,1683657649836270,8270
1683657649837008,1683657649845641,8633
1683657649846334,1683657649852465,6131
1683657649859998,1683657649861177,1179
1683657649862111,1683657649874900,12789
1683657649875993,1683657649890885,14892
1683657649890997,1683657649906875,15878
1683657649907975,1683657649915978,8003
1683657649916808,1683657649918096,1288
1683657649925681,1683657649931536,5855
1683657649936257,1683657649944053,7796
1683657649951176,1683657649960071,8895
1683657649968049,1683657649975378,7329
1683657649976365,1683657649983390,7025
1683657649988641,1683657649990103,1462
1683657649995055,1683657650004002,8947
1683657650004896,1683657650011289,6393
1683657650012529,1683657650017594,5065
1683657650019001,1683657650025413,6412
1683657650031801,1683657650039604,7803
1683657650040385,1683657650047527,7142
1683657650048345,1683657650054861,6516
1683657650056174,1683657650064917,8743
1683657650065656,1683657650072222,6566
1683657650078909,1683657650086856,7947
1683657650086927,1683657650095699,8772
1683657650096456,1683657650112223,15767
1683657650116887,1683657650118306,1419
1683657650119087,1683657650128145,9058
1683657650129077,1683657650130473,1396
1683657650135579,1683657650144225,8646
1683657650145272,1683657650151849,6577
1683657650164079,1683657650172223,8144
1683657650180852,1683657650189621,8769
1683657650196145,1683657650200628,4483
1683657650208112,1683657650209209,1097
1683657650216014,1683657650224715,8701
1683657650232902,1683657650241667,8765
1683657650247654,1683657650263648,15994
1683657650264464,1683657650279822,15358
1683657650280582,1683657650283174,2592
1683657650284075,1683657650295447,11372
1683657650300152,1683657650303643,3491
1683657650304500,1683657650319357,14857
1683657650324009,1683657650325685,1676
1683657650326730,1683657650333747,7017
1683657650340626,1683657650348279,7653
1683657650350096,1683657650364144,14048
1683657650374879,1683657650384103,9224
1683657650384622,1683657650391662,7040
1683657650392497,1683657650399983,7486
1683657650400872,1683657650402160,1288
1683657650409376,1683657650420104,10728
1683657650427179,1683657650435743,8564
1683657650440823,1683657650451990,11167
1683657650452875,1683657650464060,11185
1683657650471287,1683657650472548,1261
1683657650473197,1683657650479457,6260
1683657650480266,1683657650497682,17416
1683657650498585,1683657650504485,5900
1683657650508163,1683657650509220,1057
1683657650510123,1683657650515669,5546
1683657650516440,1683657650526231,9791
1683657650532128,1683657650533668,1540
1683657650534486,1683657650541481,6995
1683657650548140,1683657650549363,1223
1683657650557180,1683657650564016,6836
1683657650564921,1683657650571745,6824
1683657650580031,1683657650581003,972
1683657650581922,1683657650587596,5674
1683657650595730,1683657650603936,8206
1683657650611541,1683657650623286,11745
1683657650624076,1683657650631271,7195
1683657650632341,1683657650639976,7635
1683657650646839,1683657650648726,1887
1683657650653247,1683657650659050,5803
1683657650659880,1683657650665201,5321
1683657650666094,1683657650668265,2171
1683657650679205,1683657650685400,6195
1683657650691170,1683657650692667,1497
1683657650699142,1683657650700577,1435
1683657650708304,1683657650713501,5197
1683657650714203,1683657650719661,5458
1683657650720358,1683657650727872,7514
1683657650728735,1683657650730181,1446
1683657650735079,1683657650746925,11846
1683657650747954,1683657650749247,1293
1683657650756249,1683657650772201,15952
1683657650772837,1683657650781292,8455
1683657650788015,1683657650796519,8504
1683657650797322,1683657650806132,8810
1683657650806897,1683657650825156,18259
1683657650825904,1683657650827299,1395
1683657650834805,1683657650843536,8731
1683657650844797,1683657650853540,8743
1683657650859194,1683657650868370,9176
1683657650869312,1683657650876217,6905
1683657650883306,1683657650891663,8357
1683657650892431,1683657650894013,1582
1683657650899668,1683657650920256,20588
1683657650920322,1683657650931801,11479
1683657650932592,1683657650940174,7582
1683657650948104,1683657650956587,8483
1683657650957375,1683657650964220,6845
1683657650964915,1683657650973395,8480
1683657650974361,1683657650986029,11668
1683657650986736,1683657650995798,9062
1683657650997171,1683657651003351,6180
1683657651004044,1683657651011993,7949
1683657651012752,1683657651014133,1381
1683657651015015,1683657651021853,6838
1683657651022643,1683657651031402,8759
1683657651036102,1683657651047568,11466
1683657651052130,1683657651053492,1362
1683657651054477,1683657651061372,6895
1683657651062207,1683657651067556,5349
1683657651068590,1683657651069873,1283
1683657651070717,1683657651079499,8782
1683657651080319,1683657651088350,8031
1683657651088789,1683657651096918,8129
1683657651097797,1683657651108121,10324
1683657651108925,1683657651122897,13972
1683657651122947,1683657651131686,8739
1683657651132648,1683657651141443,8795
1683657651142194,1683657651143660,1466
1683657651144489,1683657651152965,8476
1683657651153714,1683657651155169,1455
1683657651155920,1683657651161801,5881
1683657651162719,1683657651171459,8740
1683657651172810,1683657651180459,7649
1683657651188237,1683657651189379,1142
1683657651196102,1683657651205591,9489
1683657651206210,1683657651219231,13021
1683657651224133,1683657651232243,8110
1683657651233146,1683657651241536,8390
1683657651242179,1683657651249551,7372
1683657651255104,1683657651267723,12619
1683657651268513,1683657651275374,6861
1683657651275904,1683657651283612,7708
1683657651284361,1683657651291838,7477
1683657651292838,1683657651306867,14029
1683657651306959,1683657651315613,8654
1683657651316441,1683657651330868,14427
1683657651331860,1683657651340007,8147
1683657651348175,1683657651356735,8560
1683657651364110,1683657651372639,8529
1683657651380126,1683657651388245,8119
1683657651396099,1683657651407952,11853
1683657651416031,1683657651424536,8505
1683657651431053,1683657651432253,1200
1683657651433033,1683657651450861,17828
1683657651450915,1683657651466895,15980
1683657651468000,1683657651475812,7812
1683657651476643,1683657651484242,7599
1683657651484744,1683657651486112,1368
1683657651486834,1683657651502868,16034
1683657651504019,1683657651511851,7832
1683657651512763,1683657651527511,14748
1683657651528336,1683657651535936,7600
1683657651547393,1683657651548691,1298
1683657651549446,1683657651555207,5761
1683657651562849,1683657651570928,8079
1683657651571869,1683657651573245,1376
1683657651580321,1683657651587866,7545
1683657651591963,1683657651597998,6035
1683657651598908,1683657651607627,8719
1683657651615845,1683657651618104,2259
1683657651634851,1683657651640206,5355
1683657651648913,1683657651661586,12673
1683657651662462,1683657651663547,1085
1683657651664421,1683657651678932,14511
1683657651679968,1683657651696217,16249
1683657651703013,1683657651705618,2605
1683657651710965,1683657651713766,2801
1683657651719287,1683657651727606,8319
1683657651728352,1683657651743584,15232
1683657651744458,1683657651758861,14403
1683657651759999,1683657651768217,8218
1683657651768853,1683657651780162,11309
1683657651780882,1683657651792058,11176
1683657651793350,1683657651801541,8191
1683657651802228,1683657651816140,13912
1683657651816937,1683657651825492,8555
1683657651826154,1683657651827390,1236
1683657651828073,1683657651833765,5692
1683657651839146,1683657651854931,15785
1683657651858878,1683657651860604,1726
1683657651867131,1683657651877467,10336
1683657651882962,1683657651885772,2810
1683657651886450,1683657651899062,12612
1683657651899885,1683657651901083,1198
1683657651907806,1683657651913875,6069
1683657651915845,1683657651924167,8322
1683657651924869,1683657651933657,8788
1683657651934460,1683657651941723,7263
1683657651947249,1683657651955657,8408
1683657651956562,1683657651965684,9122
1683657651973335,1683657651991235,17900
1683657652000170,1683657652011449,11279
1683657652012505,1683657652019798,7293
1683657652026905,1683657652035808,8903
1683657652036628,1683657652044174,7546
1683657652044833,1683657652051648,6815
1683657652052305,1683657652066871,14566
1683657652067641,1683657652077587,9946
1683657652078259,1683657652079534,1275
1683657652080218,1683657652088255,8037
1683657652089171,1683657652097523,8352
1683657652104189,1683657652105540,1351
1683657652112023,1683657652123048,11025
1683657652128032,1683657652137110,9078
1683657652142804,1683657652144165,1361
1683657652144968,1683657652151765,6797
1683657652152381,1683657652157703,5322
1683657652163366,1683657652173221,9855
1683657652173871,1683657652189577,15706
1683657652190171,1683657652214927,24756
1683657652214982,1683657652223705,8723
1683657652224441,1683657652239538,15097
1683657652241281,1683657652248870,7589
1683657652264193,1683657652265597,1404
1683657652266339,1683657652276072,9733
1683657652286839,1683657652288026,1187
1683657652289151,1683657652299540,10389
1683657652304204,1683657652312265,8061
1683657652313204,1683657652320835,7631
1683657652326812,1683657652338901,12089
1683657652339957,1683657652348770,8813
1683657652364173,1683657652370881,6708
1683657652371711,1683657652379907,8196
1683657652388195,1683657652389485,1290
1683657652390349,1683657652410914,20565
1683657652410957,1683657652419795,8838
1683657652426821,1683657652428038,1217
1683657652428980,1683657652437837,8857
1683657652444079,1683657652452230,8151
1683657652453039,1683657652460260,7221
1683657652468168,1683657652469254,1086
1683657652470246,1683657652476615,6369
1683657652477380,1683657652483044,5664
1683657652483763,1683657652489452,5689
1683657652491503,1683657652500131,8628
1683657652500904,1683657652508231,7327
1683657652508981,1683657652517681,8700
1683657652524015,1683657652532438,8423
1683657652540143,1683657652548453,8310
1683657652549456,1683657652557531,8075
1683657652563630,1683657652572264,8634
1683657652580127,1683657652581532,1405
1683657652582283,1683657652590909,8626
1683657652596015,1683657652596981,966
1683657652597957,1683657652610869,12912
1683657652612176,1683657652613437,1261
1683657652614165,1683657652621754,7589
1683657652622483,1683657652633429,10946
1683657652640103,1683657652657241,17138
1683657652658214,1683657652664288,6074
1683657652665066,1683657652685509,20443
1683657652686198,1683657652695161,8963
1683657652695862,1683657652704106,8244
1683657652712207,1683657652716193,3986
1683657652716943,1683657652740213,23270
1683657652741049,1683657652756085,15036
1683657652756226,1683657652764628,8402
1683657652765508,1683657652784171,18663
1683657652784274,1683657652800118,15844
1683657652808045,1683657652816554,8509
1683657652824098,1683657652831861,7763
1683657652832715,1683657652846908,14193
1683657652847898,1683657652856173,8275
1683657652856904,1683657652867917,11013
1683657652868664,1683657652876085,7421
1683657652882929,1683657652883789,860
1683657652884491,1683657652892129,7638
1683657652900199,1683657652908648,8449
1683657652916113,1683657652924257,8144
1683657652932033,1683657652933431,1398
1683657652934195,1683657652939820,5625
1683657652947518,1683657652953656,6138
1683657652958846,1683657652961542,2696
1683657652968106,1683657652969572,1466
1683657652976129,1683657652987505,11376
1683657652992135,1683657652994117,1982
1683657652994974,1683657653001845,6871
1683657653003150,1683657653007973,4823
1683657653008595,1683657653024267,15672
1683657653032104,1683657653043078,10974
1683657653050842,1683657653052104,1262
1683657653057644,1683657653065497,7853
1683657653066122,1683657653080245,14123
1683657653088113,1683657653093705,5592
1683657653094289,1683657653102872,8583
1683657653104002,1683657653119659,15657
1683657653120562,1683657653136209,15647
1683657653136814,1683657653144910,8096
1683657653151974,1683657653164192,12218
1683657653170843,1683657653171867,1024
1683657653172927,1683657653173926,999
1683657653174606,1683657653179763,5157
1683657653180486,1683657653189435,8949
1683657653190541,1683657653199481,8940
1683657653206828,1683657653215335,8507
1683657653216400,1683657653221529,5129
1683657653232222,1683657653235860,3638
1683657653243402,1683657653253580,10178
1683657653260205,1683657653264196,3991
1683657653265410,1683657653280095,14685
1683657653290839,1683657653302825,11986
1683657653304032,1683657653312192,8160
1683657653313153,1683657653320229,7076
1683657653321029,1683657653322392,1363
1683657653323538,1683657653332218,8680
1683657653340139,1683657653341254,1115
1683657653342182,1683657653348164,5982
1683657653349342,1683657653350697,1355
1683657653358779,1683657653359749,970
1683657653365040,1683657653370862,5822
1683657653370920,1683657653387347,16427
1683657653388062,1683657653404919,16857
1683657653404981,1683657653406549,1568
1683657653416010,1683657653420052,4042
1683657653420876,1683657653429685,8809
1683657653430287,1683657653436572,6285
1683657653437482,1683657653445571,8089
1683657653446329,1683657653453451,7122
1683657653454260,1683657653461607,7347
1683657653462405,1683657653469896,7491
1683657653471215,1683657653486917,15702
1683657653486999,1683657653495641,8642
1683657653499570,1683657653507463,7893
1683657653508229,1683657653509565,1336
1683657653510197,1683657653518896,8699
1683657653518970,1683657653534902,15932
1683657653536101,1683657653545026,8925
1683657653550841,1683657653553820,2979
1683657653561023,1683657653569631,8608
1683657653576348,1683657653577531,1183
1683657653578944,1683657653587979,9035
1683657653595310,1683657653603949,8639
1683657653608229,1683657653617713,9484
1683657653618187,1683657653623620,5433
1683657653624439,1683657653633398,8959
1683657653640051,1683657653641610,1559
1683657653646832,1683657653647767,935
1683657653655194,1683657653663693,8499
1683657653664414,1683657653672560,8146
1683657653673298,1683657653679796,6498
1683657653680575,1683657653687723,7148
1683657653688456,1683657653701724,13268
1683657653706779,1683657653712927,6148
1683657653713737,1683657653720184,6447
1683657653720969,1683657653735309,14340
1683657653736293,1683657653744193,7900
1683657653744765,1683657653753596,8831
1683657653754652,1683657653755859,1207
1683657653756592,1683657653763474,6882
1683657653764318,1683657653772652,8334
1683657653780853,1683657653787415,6562
1683657653802875,1683657653811343,8468
1683657653817287,1683657653825875,8588
1683657653826538,1683657653827795,1257
1683657653828507,1683657653836926,8419
1683657653837891,1683657653847891,10000
1683657653848815,1683657653857698,8883
1683657653867082,1683657653868614,1532
1683657653873342,1683657653874610,1268
1683657653875351,1683657653883486,8135
1683657653891577,1683657653903479,11902
1683657653911234,1683657653912605,1371
1683657653920901,1683657653928178,7277
1683657653938868,1683657653944258,5390
1683657653945096,1683657653953407,8311
1683657653960153,1683657653976178,16025
1683657653982918,1683657653985440,2522
1683657653993738,1683657654001399,7661
1683657654002151,1683657654007745,5594
1683657654008492,1683657654026909,18417
1683657654027043,1683657654035587,8544
1683657654036467,1683657654045437,8970
1683657654046161,1683657654052672,6511
1683657654053405,1683657654062926,9521
1683657654068698,1683657654084721,16023
1683657654090873,1683657654092192,1319
1683657654092917,1683657654107046,14129
1683657654107912,1683657654124424,16512
1683657654125212,1683657654133699,8487
1683657654134385,1683657654143566,9181
1683657654148234,1683657654156611,8377
1683657654164108,1683657654175659,11551
1683657654176413,1683657654183301,6888
1683657654183918,1683657654192133,8215
1683657654200409,1683657654201644,1235
1683657654202505,1683657654203800,1295
1683657654204647,1683657654215473,10826
1683657654216183,1683657654221856,5673
1683657654228123,1683657654235284,7161
1683657654246888,1683657654247966,1078
1683657654255643,1683657654257038,1395
1683657654257876,1683657654270953,13077
1683657654271959,1683657654284169,12210
1683657654284660,1683657654290878,6218
1683657654291660,1683657654299780,8120
1683657654300702,1683657654307720,7018
1683657654308484,1683657654316043,7559
1683657654316969,1683657654325510,8541
1683657654335818,1683657654337107,1289
1683657654337768,1683657654348047,10279
1683657654348849,1683657654360269,11420
1683657654361207,1683657654368651,7444
1683657654369405,1683657654390895,21490
1683657654391872,1683657654399871,7999
1683657654400761,1683657654411449,10688
1683657654416187,1683657654423994,7807
1683657654424925,1683657654437409,12484
1683657654446993,1683657654455316,8323
1683657654456031,1683657654471316,15285
1683657654479231,1683657654488150,8919
1683657654488935,1683657654497871,8936
1683657654498850,1683657654499890,1040
1683657654500919,1683657654509395,8476
1683657654510215,1683657654519021,8806
1683657654523286,1683657654528351,5065
1683657654529224,1683657654537549,8325
1683657654546779,1683657654554884,8105
1683657654555656,1683657654563587,7931
1683657654570835,1683657654572632,1797
1683657654573414,1683657654581841,8427
1683657654588148,1683657654596541,8393
1683657654602843,1683657654610860,8017
1683657654611990,1683657654619710,7720
1683657654626813,1683657654632210,5397
1683657654640099,1683657654641721,1622
1683657654642461,1683657654652276,9815
1683657654653155,1683657654673485,20330
1683657654674197,1683657654690862,16665
1683657654698951,1683657654706887,7936
1683657654707931,1683657654709165,1234
1683657654710049,1683657654719461,9412
1683657654726800,1683657654735308,8508
1683657654736227,1683657654737472,1245
1683657654738453,1683657654739791,1338
1683657654740398,1683657654741791,1393
1683657654748120,1683657654749359,1239
1683657654750261,1683657654756183,5922
1683657654763639,1683657654772369,8730
1683657654778839,1683657654780021,1182
1683657654780889,1683657654794854,13965
1683657654794929,1683657654810863,15934
1683657654810921,1683657654812522,1601
1683657654820094,1683657654820987,893
1683657654828151,1683657654839606,11455
1683657654840396,1683657654848144,7748
1683657654848809,1683657654850064,1255
1683657654850783,1683657654852042,1259
1683657654862769,1683657654876113,13344
1683657654876906,1683657654885632,8726
1683657654892260,1683657654893419,1159
1683657654894342,1683657654895730,1388
1683657654896395,1683657654901630,5235
1683657654908638,1683657654909941,1303
1683657654910966,1683657654917795,6829
1683657654918570,1683657654924312,5742
1683657654925107,1683657654937478,12371
1683657654944147,1683657654955317,11170
1683657654960090,1683657654976192,16102
1683657654977006,1683657654985581,8575
1683657654986437,1683657654993710,7273
1683657654994463,1683657654999913,5450
1683657655001080,1683657655009534,8454
1683657655010398,1683657655016277,5879
1683657655016943,1683657655026624,9681
1683657655032470,1683657655039703,7233
1683657655040630,1683657655049483,8853
1683657655050456,1683657655051612,1156
1683657655058848,1683657655059654,806
1683657655060509,1683657655075249,14740
1683657655075919,1683657655084336,8417
1683657655085404,1683657655086544,1140
1683657655087432,1683657655088520,1088
1683657655089366,1683657655095458,6092
1683657655100127,1683657655110849,10722
1683657655116034,1683657655119793,3759
1683657655120633,1683657655125753,5120
1683657655126569,1683657655133859,7290
1683657655140120,1683657655148116,7996
1683657655156050,1683657655157355,1305
1683657655164044,1683657655164869,825
1683657655165711,1683657655173889,8178
1683657655174640,1683657655176145,1505
1683657655176837,1683657655184660,7823
1683657655185330,1683657655192011,6681
1683657655192765,1683657655199603,6838
1683657655200802,1683657655205779,4977
1683657655206505,1683657655214905,8400
1683657655215085,1683657655223704,8619
1683657655228134,1683657655239219,11085
1683657655239971,1683657655251983,12012
1683657655252737,1683657655267642,14905
1683657655276043,1683657655277002,959
1683657655283232,1683657655292111,8879
1683657655298842,1683657655307265,8423
1683657655314807,1683657655315915,1108
1683657655316649,1683657655317888,1239
1683657655323246,1683657655331551,8305
1683657655340097,1683657655348535,8438
1683657655356862,1683657655358135,1273
1683657655358867,1683657655365534,6667
1683657655366240,1683657655372072,5832
1683657655375523,1683657655388005,12482
1683657655400003,1683657655408074,8071
1683657655408799,1683657655419897,11098
1683657655425626,1683657655431650,6024
1683657655432513,1683657655437777,5264
1683657655438450,1683657655440550,2100
1683657655448327,1683657655449251,924
1683657655450102,1683657655456144,6042
1683657655456760,1683657655465502,8742
1683657655472226,1683657655485104,12878
1683657655490841,1683657655492127,1286
1683657655503236,1683657655518869,15633
1683657655519997,1683657655527607,7610
1683657655532234,1683657655536115,3881
1683657655544179,1683657655551949,7770
1683657655552796,1683657655554567,1771
1683657655559800,1683657655561008,1208
1683657655566818,1683657655567863,1045
1683657655568525,1683657655576186,7661
1683657655576865,1683657655585796,8931
1683657655586613,1683657655592588,5975
1683657655595688,1683657655601696,6008
1683657655610809,1683657655619509,8700
1683657655620225,1683657655635518,15293
1683657655636395,1683657655649542,13147
1683657655656189,1683657655664373,8184
1683657655665233,1683657655671524,6291
1683657655672214,1683657655680178,7964
1683657655688109,1683657655696243,8134
1683657655697601,1683657655705795,8194
1683657655706662,1683657655707797,1135
1683657655708522,1683657655709837,1315
1683657655710562,1683657655719721,9159
1683657655720521,1683657655721790,1269
1683657655727997,1683657655736562,8565
1683657655737230,1683657655749788,12558
1683657655754755,1683657655760224,5469
1683657655766809,1683657655780183,13374
1683657655781124,1683657655789554,8430
1683657655795989,1683657655804471,8482
1683657655805128,1683657655810944,5816
1683657655811736,1683657655819989,8253
1683657655820736,1683657655829591,8855
1683657655830307,1683657655847645,17338
1683657655852735,1683657655854598,1863
1683657655855340,1683657655856603,1263
1683657655863704,1683657655872387,8683
1683657655875202,1683657655883517,8315
1683657655884352,1683657655889425,5073
1683657655890183,1683657655897816,7633
1683657655898934,1683657655914877,15943
1683657655915969,1683657655925409,9440
1683657655926210,1683657655933463,7253
1683657655935433,1683657655940486,5053
1683657655947496,1683657655955299,7803
1683657655955983,1683657655957217,1234
1683657655957879,1683657655959037,1158
1683657655963933,1683657655969475,5542
1683657655971083,1683657655972555,1472
1683657655973293,1683657655994850,21557
1683657655995874,1683657656001711,5837
1683657656002294,1683657656009480,7186
1683657656016103,1683657656024501,8398
1683657656025223,1683657656038903,13680
1683657656039771,1683657656047129,7358
1683657656052235,1683657656060153,7918
1683657656061023,1683657656071847,10824
1683657656072625,1683657656079735,7110
1683657656086805,1683657656095263,8458
1683657656096863,1683657656108225,11362
1683657656108917,1683657656115637,6720
1683657656116740,1683657656123841,7101
1683657656129161,1683657656135602,6441
1683657656136351,1683657656145336,8985
1683657656152182,1683657656160201,8019
1683657656166857,1683657656177471,10614
1683657656178405,1683657656179635,1230
1683657656187547,1683657656192887,5340
1683657656210868,1683657656211720,852
1683657656212403,1683657656230923,18520
1683657656231929,1683657656239937,8008
1683657656247178,1683657656248627,1449
1683657656255556,1683657656263882,8326
1683657656264770,1683657656272208,7438
1683657656279169,1683657656280644,1475
1683657656281309,1683657656289695,8386
1683657656290514,1683657656296239,5725
1683657656297028,1683657656305886,8858
1683657656306471,1683657656315668,9197
1683657656323604,1683657656338881,15277
1683657656339935,1683657656341105,1170
1683657656342011,1683657656351053,9042
1683657656351743,1683657656359799,8056
1683657656367955,1683657656376295,8340
1683657656386808,1683657656387965,1157
1683657656388836,1683657656395736,6900
1683657656396494,1683657656403984,7490
1683657656404797,1683657656412256,7459
1683657656424100,1683657656432535,8435
1683657656440855,1683657656447969,7114
1683657656448768,1683657656464303,15535
1683657656465067,1683657656473592,8525
1683657656480133,1683657656481432,1299
1683657656482144,1683657656483513,1369
1683657656491258,1683657656499957,8699
1683657656500713,1683657656506888,6175
1683657656507019,1683657656515219,8200
1683657656516260,1683657656524627,8367
1683657656527381,1683657656528779,1398
1683657656534835,1683657656536723,1888
1683657656537565,1683657656545461,7896
1683657656552097,1683657656553461,1364
1683657656554342,1683657656560080,5738
1683657656568146,1683657656576179,8033
1683657656576964,1683657656584207,7243
1683657656595077,1683657656603554,8477
1683657656609033,1683657656617479,8446
1683657656618380,1683657656630107,11727
1683657656630978,1683657656647138,16160
1683657656647904,1683657656660091,12187
1683657656660906,1683657656668211,7305
1683657656669098,1683657656677474,8376
1683657656678338,1683657656684284,5946
1683657656688249,1683657656696667,8418
1683657656704096,1683657656705803,1707
1683657656706707,1683657656707809,1102
1683657656708804,1683657656721484,12680
1683657656722293,1683657656733798,11505
1683657656754862,1683657656759563,4701
1683657656764135,1683657656775432,11297
1683657656780091,1683657656781249,1158
1683657656782363,1683657656783432,1069
1683657656784245,1683657656792056,7811
1683657656792748,1683657656801865,9117
1683657656802544,1683657656807920,5376
1683657656808670,1683657656809966,1296
1683657656818843,1683657656819767,924
1683657656820663,1683657656828115,7452
1683657656828800,1683657656840395,11595
1683657656858864,1683657656860024,1160
1683657656867671,1683657656876112,8441
1683657656876846,1683657656890893,14047
1683657656890935,1683657656899824,8889
1683657656906777,1683657656909350,2573
1683657656910231,1683657656916085,5854
1683657656916923,1683657656928071,11148
1683657656928845,1683657656935916,7071
1683657656942811,1683657656951402,8591
1683657656952152,1683657656960256,8104
1683657656960962,1683657656969529,8567
1683657656970279,1683657656977165,6886
1683657656979640,1683657656985240,5600
1683657656991385,1683657656999999,8614
1683657657000734,1683657657008732,7998
1683657657009491,1683657657015902,6411
1683657657016737,1683657657023627,6890
1683657657024324,1683657657031463,7139
1683657657032281,1683657657038858,6577
1683657657039810,1683657657047855,8045
1683657657048688,1683657657057328,8640
1683657657058071,1683657657071810,13739
1683657657072537,1683657657073812,1275
1683657657074482,1683657657080014,5532
1683657657088095,1683657657089526,1431
1683657657090244,1683657657096050,5806
1683657657096896,1683657657103785,6889
1683657657112017,1683657657119293,7276
1683657657126839,1683657657127940,1101
1683657657128665,1683657657135880,7215
1683657657136747,1683657657151128,14381
1683657657151888,1683657657165093,13205
1683657657172078,1683657657190864,18786
1683657657190932,1683657657199638,8706
1683657657200502,1683657657208046,7544
1683657657208910,1683657657217785,8875
1683657657223202,1683657657231909,8707
1683657657232680,1683657657239870,7190
1683657657247736,1683657657256190,8454
1683657657256920,1683657657265039,8119
1683657657265695,1683657657266920,1225
1683657657276158,1683657657288554,12396
1683657657308133,1683657657309397,1264
1683657657315461,1683657657327935,12474
1683657657338817,1683657657344628,5811
1683657657352092,1683657657353433,1341
1683657657362878,1683657657364057,1179
1683657657369807,1683657657374907,5100
1683657657375800,1683657657377062,1262
1683657657377576,1683657657384221,6645
1683657657384834,1683657657400325,15491
1683657657408044,1683657657412028,3984
1683657657412781,1683657657421881,9100
1683657657422966,1683657657429832,6866
1683657657440163,1683657657448126,7963
1683657657456193,1683657657466876,10683
1683657657468077,1683657657479571,11494
1683657657483661,1683657657489444,5783
1683657657494758,1683657657497537,2779
1683657657503574,1683657657518876,15302
1683657657519973,1683657657530823,10850
1683657657530873,1683657657535564,4691
1683657657536505,1683657657554861,18356
1683657657555988,1683657657564284,8296
1683657657564984,1683657657576373,11389
1683657657577210,1683657657585737,8527
1683657657591758,1683657657593113,1355
1683657657601651,1683657657607262,5611
1683657657612675,1683657657614356,1681
1683657657619502,1683657657628131,8629
1683657657628980,1683657657652164,23184
1683657657652635,1683657657659836,7201
1683657657660605,1683657657661854,1249
1683657657662623,1683657657668020,5397
1683657657676014,1683657657684177,8163
1683657657684853,1683657657696045,11192
1683657657696823,1683657657708149,11326
1683657657708843,1683657657719580,10737
1683657657720268,1683657657736191,15923
1683657657744138,1683657657751482,7344
1683657657752229,1683657657759353,7124
1683657657764130,1683657657765400,1270
1683657657766278,1683657657772159,5881
1683657657780844,1683657657798912,18068
1683657657799962,1683657657801247,1285
1683657657802052,1683657657809302,7250
1683657657818839,1683657657824563,5724
1683657657832086,1683657657840980,8894
1683657657841905,1683657657843169,1264
1683657657843964,1683657657852162,8198
1683657657852888,1683657657859922,7034
1683657657860589,1683657657868160,7571
1683657657876147,1683657657877050,903
1683657657883565,1683657657894871,11306
1683657657895984,1683657657905751,9767
1683657657906551,1683657657912633,6082
1683657657920228,1683657657925395,5167
1683657657926289,1683657657941454,15165
1683657657948315,1683657657953817,5502
1683657657954600,1683657657965542,10942
1683657657972600,1683657657980170,7570
1683657657987509,1683657658000069,12560
1683657658000242,1683657658015075,14833
1683657658015996,1683657658021676,5680
1683657658022597,1683657658029335,6738
1683657658030330,1683657658037858,7528
1683657658038514,1683657658039789,1275
1683657658040476,1683657658041649,1173
1683657658042287,1683657658049477,7190
1683657658050114,1683657658057409,7295
1683657658063167,1683657658071731,8564
1683657658084129,1683657658096158,12029
1683657658104055,1683657658105464,1409
1683657658106256,1683657658113996,7740
1683657658119709,1683657658132156,12447
1683657658132758,1683657658139896,7138
1683657658140574,1683657658141700,1126
1683657658142478,1683657658154870,12392
1683657658156299,1683657658162899,6600
1683657658163916,1683657658169521,5605
1683657658179715,1683657658187637,7922
1683657658188454,1683657658204024,15570
1683657658204679,1683657658213670,8991
1683657658214566,1683657658230877,16311
1683657658231997,1683657658239250,7253
1683657658239819,1683657658247884,8065
1683657658255189,1683657658268108,12919
1683657658276185,1683657658277524,1339
1683657658278342,1683657658283869,5527
1683657658284629,1683657658297456,12827
1683657658298281,1683657658307865,9584
1683657658308607,1683657658317993,9386
1683657658318701,1683657658323995,5294
1683657658325135,1683657658337640,12505
1683657658338359,1683657658344471,6112
1683657658345196,1683657658353875,8679
1683657658359386,1683657658361874,2488
1683657658367037,1683657658367864,827
1683657658375988,1683657658387554,11566
