1683657629644254,1683657629657458,13204
1683657629673401,1683657629673419,18
1683657629682561,1683657629682575,14
1683657629683740,1683657629683757,17
1683657629700301,1683657629700321,20
1683657629708249,1683657629708269,20
1683657629709471,1683657629709492,21
1683657629722389,1683657629722408,19
1683657629723969,1683657629723980,11
1683657629734130,1683657629734151,21
1683657629735235,1683657629735251,16
1683657629740551,1683657629740570,19
1683657629749153,1683657629749166,13
1683657629752785,1683657629752801,16
1683657629761135,1683657629761155,20
1683657629762056,1683657629762077,21
1683657629775527,1683657629775547,20
1683657629783517,1683657629783538,21
1683657629792424,1683657629792443,19
1683657629793840,1683657629793861,21
1683657629808135,1683657629808153,18
1683657629819548,1683657629819561,13
1683657629833149,1683657629833161,12
1683657629847524,1683657629847542,18
1683657629855558,1683657629855570,12
1683657629856674,1683657629856691,17
1683657629858642,1683657629858662,20
1683657629877180,1683657629877194,14
1683657629883537,1683657629883551,14
1683657629891545,1683657629891564,19
1683657629900088,1683657629900100,12
1683657629905245,1683657629905258,13
1683657629917171,1683657629917185,14
1683657629918335,1683657629918352,17
1683657629932236,1683657629932255,19
1683657629945139,1683657629945150,11
1683657629948806,1683657629948824,18
1683657629965191,1683657629965202,11
1683657629966398,1683657629966417,19
1683657629983521,1683657629983534,13
1683657629991494,1683657629991514,20
1683657629999549,1683657629999568,19
1683657630004569,1683657630004587,18
1683657630012453,1683657630012471,18
1683657630020908,1683657630020928,20
1683657630022229,1683657630022241,12
1683657630033146,1683657630033160,14
1683657630036446,1683657630036463,17
1683657630051564,1683657630051584,20
1683657630052653,1683657630052663,10
1683657630057494,1683657630057512,18
1683657630068833,1683657630068852,19
1683657630081146,1683657630081159,13
1683657630087536,1683657630087547,11
1683657630090797,1683657630090817,20
1683657630091915,1683657630091927,12
1683657630093149,1683657630093161,12
1683657630105140,1683657630105152,12
1683657630108422,1683657630108434,12
1683657630123545,1683657630123557,12
1683657630126051,1683657630126073,22
1683657630132499,1683657630132517,18
1683657630133843,1683657630133862,19
1683657630147519,1683657630147539,20
1683657630158153,1683657630158166,13
1683657630171519,1683657630171531,12
1683657630180707,1683657630180725,18
1683657630188527,1683657630188546,19
1683657630196530,1683657630196548,18
1683657630204816,1683657630204829,13
1683657630212726,1683657630212739,13
1683657630225144,1683657630225157,13
1683657630228772,1683657630228788,16
1683657630242174,1683657630242195,21
1683657630253141,1683657630253155,14
1683657630265156,1683657630265170,14
1683657630266277,1683657630266293,16
1683657630268719,1683657630268737,18
1683657630270065,1683657630270084,19
1683657630285162,1683657630285175,13
1683657630286259,1683657630286277,18
1683657630299536,1683657630299552,16
1683657630301312,1683657630301330,18
1683657630309347,1683657630309360,13
1683657630323541,1683657630323560,19
1683657630331554,1683657630331574,20
1683657630340118,1683657630340131,13
1683657630349150,1683657630349161,11
1683657630355497,1683657630355509,12
1683657630356673,1683657630356691,18
1683657630369146,1683657630369159,13
1683657630370509,1683657630370525,16
1683657630384223,1683657630384242,19
1683657630393141,1683657630393153,12
1683657630400476,1683657630400494,18
1683657630409087,1683657630409110,23
1683657630416450,1683657630416467,17
1683657630424534,1683657630424546,12
1683657630433388,1683657630433408,20
1683657630440547,1683657630440566,19
1683657630457140,1683657630457151,11
1683657630469148,1683657630469160,12
1683657630470362,1683657630470372,10
1683657630478282,1683657630478301,19
1683657630485602,1683657630485622,20
1683657630492566,1683657630492584,18
1683657630509140,1683657630509153,13
1683657630523533,1683657630523546,13
1683657630524636,1683657630524653,17
1683657630532569,1683657630532588,19
1683657630545148,1683657630545161,13
1683657630551532,1683657630551552,20
1683657630565142,1683657630565154,12
1683657630566670,1683657630566687,17
1683657630574736,1683657630574748,12
1683657630593167,1683657630593179,12
1683657630599550,1683657630599570,20
1683657630609149,1683657630609162,13
1683657630621157,1683657630621170,13
1683657630627510,1683657630627528,18
1683657630628723,1683657630628740,17
1683657630630713,1683657630630731,18
1683657630638655,1683657630638673,18
1683657630646833,1683657630646845,12
1683657630663516,1683657630663536,20
1683657630678290,1683657630678310,20
1683657630695493,1683657630695507,14
1683657630705145,1683657630705158,13
1683657630717138,1683657630717149,11
1683657630729144,1683657630729157,13
1683657630741165,1683657630741177,12
1683657630747508,1683657630747526,18
1683657630757146,1683657630757158,12
1683657630769149,1683657630769162,13
1683657630781151,1683657630781162,11
1683657630793152,1683657630793165,13
1683657630805172,1683657630805186,14
1683657630806423,1683657630806441,18
1683657630819582,1683657630819602,20
1683657630822722,1683657630822740,18
1683657630828672,1683657630828691,19
1683657630830549,1683657630830566,17
1683657630855510,1683657630855522,12
1683657630862819,1683657630862838,19
1683657630885145,1683657630885156,11
1683657630897146,1683657630897158,12
1683657630898530,1683657630898547,17
1683657630905053,1683657630905071,18
1683657630920544,1683657630920562,18
1683657630936575,1683657630936593,18
1683657630941122,1683657630941142,20
1683657630963503,1683657630963523,20
1683657630973151,1683657630973165,14
1683657630974390,1683657630974408,18
1683657630980843,1683657630980863,20
1683657630993149,1683657630993161,12
1683657630994477,1683657630994494,17
1683657631001146,1683657631001165,19
1683657631015610,1683657631015630,20
1683657631017300,1683657631017319,19
1683657631026273,1683657631026292,19
1683657631033696,1683657631033714,18
1683657631047534,1683657631047546,12
1683657631057163,1683657631057178,15
1683657631058423,1683657631058439,16
1683657631059579,1683657631059596,17
1683657631073143,1683657631073155,12
1683657631093152,1683657631093166,14
1683657631105149,1683657631105162,13
1683657631106347,1683657631106364,17
1683657631107471,1683657631107480,9
1683657631108491,1683657631108503,12
1683657631116548,1683657631116566,18
1683657631124688,1683657631124701,13
1683657631132869,1683657631132886,17
1683657631134154,1683657631134172,18
1683657631142667,1683657631142685,18
1683657631150733,1683657631150753,20
1683657631178102,1683657631178122,20
1683657631179249,1683657631179265,16
1683657631191534,1683657631191553,19
1683657631194682,1683657631194699,17
1683657631202664,1683657631202683,19
1683657631204070,1683657631204087,17
1683657631221149,1683657631221164,15
1683657631233152,1683657631233165,13
1683657631234459,1683657631234477,18
1683657631247521,1683657631247540,19
1683657631257147,1683657631257158,11
1683657631269153,1683657631269167,14
1683657631270349,1683657631270365,16
1683657631271837,1683657631271855,18
1683657631278680,1683657631278700,20
1683657631290730,1683657631290748,18
1683657631308209,1683657631308228,19
1683657631318096,1683657631318109,13
1683657631330045,1683657631330064,19
1683657631341152,1683657631341165,13
1683657631353148,1683657631353160,12
1683657631365142,1683657631365155,13
1683657631366245,1683657631366263,18
1683657631371542,1683657631371561,19
1683657631381146,1683657631381158,12
1683657631382253,1683657631382270,17
1683657631383698,1683657631383715,17
1683657631389213,1683657631389226,13
1683657631397272,1683657631397292,20
1683657631410253,1683657631410272,19
1683657631429141,1683657631429153,12
1683657631430367,1683657631430383,16
1683657631436258,1683657631436269,11
1683657631442596,1683657631442614,18
1683657631457196,1683657631457215,19
1683657631465359,1683657631465380,21
1683657631473343,1683657631473362,19
1683657631481414,1683657631481431,17
1683657631482314,1683657631482332,18
1683657631490823,1683657631490841,18
1683657631499505,1683657631499523,18
1683657631508139,1683657631508159,20
1683657631509539,1683657631509557,18
1683657631520286,1683657631520299,13
1683657631529275,1683657631529293,18
1683657631530545,1683657631530562,17
1683657631544165,1683657631544178,13
1683657631553119,1683657631553138,19
1683657631554174,1683657631554190,16
1683657631561163,1683657631561183,20
1683657631562364,1683657631562382,18
1683657631568599,1683657631568618,19
1683657631569675,1683657631569690,15
1683657631578484,1683657631578500,16
1683657631599532,1683657631599547,15
1683657631606662,1683657631606677,15
1683657631620520,1683657631620537,17
1683657631636632,1683657631636653,21
1683657631641288,1683657631641307,19
1683657631655531,1683657631655541,10
1683657631657361,1683657631657374,13
1683657631665365,1683657631665387,22
1683657631671497,1683657631671515,18
1683657631673363,1683657631673380,17
1683657631691530,1683657631691541,11
1683657631692967,1683657631692980,13
1683657631706246,1683657631706266,20
1683657631714689,1683657631714710,21
1683657631722751,1683657631722762,11
1683657631723786,1683657631723802,16
1683657631741124,1683657631741139,15
1683657631745106,1683657631745122,16
1683657631757152,1683657631757164,12
1683657631764753,1683657631764771,18
1683657631777144,1683657631777156,12
1683657631780882,1683657631780898,16
1683657631789969,1683657631789987,18
1683657631801147,1683657631801160,13
1683657631807548,1683657631807568,20
1683657631815531,1683657631815543,12
1683657631822423,1683657631822445,22
1683657631823941,1683657631823959,18
1683657631839571,1683657631839591,20
1683657631840545,1683657631840561,16
1683657631855519,1683657631855532,13
1683657631856900,1683657631856911,11
1683657631873139,1683657631873149,10
1683657631874431,1683657631874452,21
1683657631892547,1683657631892558,11
1683657631905135,1683657631905145,10
1683657631906412,1683657631906420,8
1683657631917138,1683657631917156,18
1683657631923496,1683657631923515,19
1683657631931518,1683657631931529,11
1683657631939508,1683657631939528,20
1683657631940690,1683657631940709,19
1683657631947531,1683657631947548,17
1683657631957145,1683657631957157,12
1683657631964162,1683657631964180,18
1683657631975530,1683657631975542,12
1683657631983480,1683657631983492,12
1683657631993147,1683657631993159,12
1683657631999561,1683657631999577,16
1683657632007489,1683657632007500,11
1683657632008942,1683657632008957,15
1683657632024431,1683657632024451,20
1683657632025641,1683657632025650,9
1683657632033106,1683657632033126,20
1683657632049138,1683657632049150,12
1683657632050340,1683657632050356,16
1683657632061141,1683657632061153,12
1683657632062399,1683657632062411,12
1683657632073143,1683657632073156,13
1683657632079541,1683657632079555,14
1683657632084626,1683657632084645,19
1683657632105140,1683657632105154,14
1683657632108568,1683657632108584,16
1683657632109985,1683657632110000,15
1683657632115535,1683657632115553,18
1683657632124445,1683657632124466,21
1683657632125595,1683657632125606,11
1683657632143624,1683657632143643,19
1683657632155557,1683657632155571,14
1683657632165128,1683657632165141,13
1683657632166412,1683657632166423,11
1683657632167607,1683657632167624,17
1683657632181136,1683657632181150,14
1683657632187509,1683657632187531,22
1683657632189179,1683657632189198,19
1683657632194838,1683657632194856,18
1683657632200415,1683657632200434,19
1683657632208475,1683657632208495,20
1683657632216646,1683657632216660,14
1683657632224534,1683657632224552,18
1683657632232503,1683657632232522,19
1683657632240461,1683657632240480,19
1683657632249141,1683657632249151,10
1683657632256479,1683657632256496,17
1683657632264482,1683657632264495,13
1683657632266632,1683657632266646,14
1683657632272681,1683657632272699,18
1683657632289136,1683657632289150,14
1683657632299521,1683657632299536,15
1683657632307482,1683657632307502,20
1683657632317149,1683657632317162,13
1683657632323443,1683657632323462,19
1683657632333155,1683657632333167,12
1683657632339528,1683657632339549,21
1683657632349291,1683657632349308,17
1683657632357226,1683657632357245,19
1683657632365611,1683657632365626,15
1683657632377138,1683657632377148,10
1683657632378390,1683657632378408,18
1683657632384450,1683657632384465,15
1683657632392370,1683657632392389,19
1683657632406990,1683657632407008,18
1683657632415708,1683657632415726,18
1683657632425140,1683657632425153,13
1683657632428429,1683657632428447,18
1683657632440334,1683657632440355,21
1683657632441552,1683657632441570,18
1683657632464166,1683657632464186,20
1683657632472462,1683657632472480,18
1683657632480471,1683657632480484,13
1683657632481693,1683657632481705,12
1683657632492414,1683657632492427,13
1683657632493652,1683657632493664,12
1683657632494706,1683657632494714,8
1683657632506652,1683657632506671,19
1683657632512717,1683657632512731,14
1683657632529153,1683657632529166,13
1683657632540463,1683657632540481,18
1683657632550162,1683657632550182,20
1683657632551471,1683657632551490,19
1683657632573148,1683657632573159,11
1683657632574330,1683657632574347,17
1683657632579500,1683657632579513,13
1683657632587486,1683657632587505,19
1683657632588741,1683657632588752,11
1683657632604316,1683657632604334,18
1683657632613041,1683657632613060,19
1683657632629162,1683657632629177,15
1683657632630308,1683657632630333,25
1683657632631539,1683657632631565,26
1683657632643545,1683657632643566,21
1683657632653140,1683657632653151,11
1683657632659596,1683657632659617,21
1683657632667471,1683657632667489,18
1683657632668518,1683657632668536,18
1683657632669965,1683657632669978,13
1683657632676583,1683657632676595,12
1683657632684577,1683657632684594,17
1683657632697138,1683657632697152,14
1683657632700507,1683657632700525,18
1683657632708587,1683657632708598,11
1683657632716691,1683657632716704,13
1683657632724496,1683657632724518,22
1683657632741134,1683657632741145,11
1683657632742396,1683657632742413,17
1683657632750707,1683657632750722,15
1683657632756960,1683657632756978,18
1683657632758360,1683657632758370,10
1683657632772497,1683657632772517,20
1683657632783523,1683657632783543,20
1683657632784714,1683657632784733,19
1683657632792653,1683657632792666,13
1683657632799563,1683657632799581,18
1683657632805365,1683657632805387,22
1683657632812521,1683657632812532,11
1683657632819630,1683657632819650,20
1683657632825272,1683657632825290,18
1683657632826434,1683657632826452,18
1683657632833210,1683657632833229,19
1683657632845142,1683657632845155,13
1683657632846382,1683657632846399,17
1683657632853252,1683657632853271,19
1683657632854664,1683657632854680,16
1683657632862649,1683657632862659,10
1683657632874670,1683657632874682,12
1683657632882075,1683657632882086,11
1683657632901140,1683657632901151,11
1683657632907580,1683657632907594,14
1683657632915537,1683657632915557,20
1683657632916659,1683657632916675,16
1683657632922147,1683657632922161,14
1683657632935517,1683657632935530,13
1683657632936675,1683657632936683,8
1683657632950177,1683657632950198,21
1683657632962726,1683657632962747,21
1683657632977134,1683657632977149,15
1683657632989143,1683657632989157,14
1683657632990581,1683657632990591,10
1683657632996794,1683657632996813,19
1683657633004119,1683657633004131,12
1683657633011538,1683657633011555,17
1683657633019546,1683657633019565,19
1683657633027510,1683657633027521,11
1683657633035545,1683657633035564,19
1683657633047753,1683657633047774,21
1683657633048865,1683657633048882,17
1683657633066162,1683657633066177,15
1683657633073169,1683657633073188,19
1683657633085143,1683657633085153,10
1683657633091577,1683657633091595,18
1683657633111532,1683657633111544,12
1683657633112744,1683657633112763,19
1683657633123585,1683657633123603,18
1683657633137150,1683657633137163,13
1683657633138488,1683657633138498,10
1683657633142607,1683657633142627,20
1683657633149164,1683657633149176,12
1683657633161141,1683657633161152,11
1683657633172692,1683657633172710,18
1683657633187518,1683657633187529,11
1683657633189319,1683657633189332,13
1683657633197528,1683657633197542,14
1683657633215493,1683657633215513,20
1683657633223526,1683657633223538,12
1683657633224609,1683657633224616,7
1683657633233181,1683657633233193,12
1683657633245140,1683657633245153,13
1683657633255601,1683657633255621,20
1683657633256568,1683657633256584,16
1683657633264850,1683657633264868,18
1683657633276751,1683657633276762,11
1683657633289180,1683657633289196,16
1683657633292650,1683657633292669,19
1683657633300972,1683657633300991,19
1683657633309322,1683657633309342,20
1683657633331511,1683657633331522,11
1683657633333284,1683657633333302,18
1683657633347531,1683657633347545,14
1683657633363483,1683657633363498,15
1683657633371473,1683657633371490,17
1683657633380651,1683657633380671,20
1683657633387493,1683657633387505,12
1683657633390720,1683657633390737,17
1683657633399556,1683657633399576,20
1683657633402574,1683657633402586,12
1683657633415517,1683657633415538,21
1683657633418725,1683657633418735,10
1683657633419807,1683657633419826,19
1683657633421270,1683657633421282,12
1683657633422427,1683657633422444,17
1683657633428531,1683657633428551,20
1683657633436480,1683657633436500,20
1683657633437650,1683657633437668,18
1683657633449163,1683657633449174,11
1683657633461147,1683657633461160,13
1683657633473144,1683657633473158,14
1683657633474609,1683657633474620,11
1683657633475854,1683657633475872,18
1683657633477064,1683657633477075,11
1683657633478296,1683657633478315,19
1683657633489147,1683657633489159,12
1683657633492563,1683657633492579,16
1683657633500627,1683657633500647,20
1683657633501773,1683657633501792,19
1683657633521169,1683657633521180,11
1683657633522407,1683657633522424,17
1683657633528591,1683657633528610,19
1683657633536446,1683657633536462,16
1683657633544683,1683657633544704,21
1683657633561143,1683657633561154,11
1683657633568430,1683657633568440,10
1683657633578408,1683657633578420,12
1683657633587527,1683657633587545,18
1683657633593496,1683657633593517,21
1683657633609144,1683657633609161,17
1683657633615549,1683657633615565,16
1683657633620280,1683657633620292,12
1683657633635556,1683657633635575,19
1683657633649151,1683657633649164,13
1683657633659485,1683657633659505,20
1683657633660538,1683657633660555,17
1683657633671479,1683657633671497,18
1683657633678756,1683657633678774,18
1683657633698089,1683657633698106,17
1683657633699328,1683657633699339,11
1683657633700452,1683657633700468,16
1683657633717136,1683657633717152,16
1683657633729143,1683657633729156,13
1683657633741150,1683657633741164,14
1683657633747563,1683657633747577,14
1683657633755507,1683657633755519,12
1683657633756572,1683657633756587,15
1683657633765974,1683657633765994,20
1683657633767327,1683657633767337,10
1683657633785184,1683657633785193,9
1683657633786323,1683657633786340,17
1683657633794486,1683657633794502,16
1683657633808334,1683657633808352,18
1683657633816520,1683657633816535,15
1683657633824549,1683657633824570,21
1683657633843513,1683657633843525,12
1683657633857140,1683657633857150,10
1683657633858498,1683657633858505,7
1683657633859597,1683657633859607,10
1683657633867559,1683657633867572,13
1683657633877138,1683657633877151,13
1683657633883529,1683657633883548,19
1683657633888510,1683657633888526,16
1683657633905153,1683657633905166,13
1683657633906353,1683657633906369,16
1683657633917144,1683657633917157,13
1683657633918427,1683657633918438,11
1683657633919683,1683657633919701,18
1683657633926720,1683657633926732,12
1683657633940319,1683657633940339,20
1683657633945401,1683657633945412,11
1683657633955535,1683657633955547,12
1683657633963579,1683657633963594,15
1683657633971544,1683657633971556,12
1683657633972678,1683657633972693,15
1683657633978160,1683657633978180,20
1683657633989137,1683657633989149,12
1683657634002123,1683657634002141,18
1683657634014275,1683657634014294,19
1683657634020811,1683657634020828,17
1683657634029262,1683657634029280,18
1683657634037258,1683657634037270,12
1683657634045421,1683657634045438,17
1683657634053197,1683657634053213,16
1683657634065152,1683657634065165,13
1683657634077137,1683657634077150,13
1683657634078245,1683657634078261,16
1683657634085468,1683657634085487,19
1683657634097159,1683657634097171,12
1683657634107551,1683657634107572,21
1683657634117140,1683657634117152,12
1683657634118242,1683657634118253,11
1683657634119566,1683657634119589,23
1683657634132463,1683657634132481,18
1683657634133587,1683657634133603,16
1683657634141407,1683657634141428,21
1683657634149055,1683657634149067,12
1683657634163579,1683657634163599,20
1683657634165111,1683657634165122,11
1683657634166155,1683657634166173,18
1683657634177148,1683657634177161,13
1683657634181289,1683657634181308,19
1683657634184669,1683657634184681,12
1683657634185888,1683657634185904,16
1683657634200405,1683657634200426,21
1683657634210200,1683657634210218,18
1683657634211290,1683657634211307,17
1683657634212731,1683657634212744,13
1683657634235544,1683657634235562,18
1683657634243485,1683657634243503,18
1683657634244742,1683657634244759,17
1683657634257150,1683657634257161,11
1683657634270127,1683657634270144,17
1683657634276230,1683657634276242,12
1683657634285114,1683657634285131,17
1683657634292051,1683657634292070,19
1683657634304531,1683657634304548,17
1683657634305752,1683657634305770,18
1683657634312556,1683657634312574,18
1683657634320636,1683657634320655,19
1683657634321891,1683657634321901,10
1683657634332768,1683657634332779,11
1683657634333980,1683657634333997,17
1683657634343483,1683657634343501,18
1683657634344783,1683657634344800,17
1683657634345789,1683657634345800,11
1683657634361137,1683657634361151,14
1683657634362623,1683657634362640,17
1683657634373142,1683657634373156,14
1683657634374329,1683657634374345,16
1683657634388220,1683657634388239,19
1683657634397342,1683657634397352,10
1683657634409150,1683657634409162,12
1683657634421146,1683657634421159,13
1683657634422406,1683657634422423,17
1683657634433139,1683657634433151,12
1683657634445143,1683657634445158,15
1683657634449197,1683657634449216,19
1683657634457434,1683657634457456,22
1683657634469145,1683657634469160,15
1683657634479578,1683657634479591,13
1683657634481072,1683657634481101,29
1683657634488984,1683657634489002,18
1683657634503526,1683657634503548,22
1683657634511496,1683657634511510,14
1683657634521123,1683657634521137,14
1683657634522213,1683657634522230,17
1683657634528619,1683657634528636,17
1683657634532699,1683657634532712,13
1683657634541107,1683657634541125,18
1683657634548668,1683657634548682,14
1683657634556652,1683657634556670,18
1683657634557908,1683657634557926,18
1683657634565026,1683657634565044,18
1683657634573459,1683657634573478,19
1683657634597138,1683657634597152,14
1683657634607552,1683657634607570,18
1683657634608756,1683657634608766,10
1683657634627551,1683657634627570,19
1683657634628716,1683657634628736,20
1683657634643524,1683657634643537,13
1683657634651480,1683657634651497,17
1683657634653036,1683657634653053,17
1683657634654687,1683657634654707,20
1683657634664773,1683657634664791,18
1683657634665970,1683657634665989,19
1683657634667095,1683657634667121,26
1683657634683579,1683657634683600,21
1683657634684694,1683657634684711,17
1683657634693209,1683657634693228,19
1683657634708521,1683657634708540,19
1683657634724358,1683657634724370,12
1683657634732585,1683657634732598,13
1683657634747542,1683657634747563,21
1683657634748539,1683657634748550,11
1683657634756506,1683657634756519,13
1683657634769151,1683657634769166,15
1683657634772974,1683657634772992,18
1683657634783537,1683657634783556,19
1683657634784691,1683657634784708,17
1683657634797163,1683657634797177,14
1683657634800546,1683657634800563,17
1683657634807534,1683657634807547,13
1683657634809386,1683657634809400,14
1683657634825101,1683657634825121,20
1683657634833346,1683657634833367,21
1683657634834628,1683657634834644,16
1683657634842674,1683657634842686,12
1683657634849142,1683657634849155,13
1683657634865148,1683657634865160,12
1683657634873052,1683657634873065,13
1683657634874386,1683657634874397,11
1683657634885098,1683657634885117,19
1683657634893383,1683657634893396,13
1683657634901385,1683657634901404,19
1683657634913144,1683657634913154,10
1683657634917335,1683657634917348,13
1683657634929151,1683657634929164,13
1683657634936809,1683657634936821,12
1683657634950175,1683657634950194,19
1683657634956969,1683657634956988,19
1683657634964597,1683657634964615,18
1683657634977145,1683657634977158,13
1683657634980608,1683657634980619,11
1683657634981823,1683657634981836,13
1683657634995611,1683657634995630,19
1683657635003527,1683657635003540,13
1683657635011485,1683657635011498,13
1683657635013330,1683657635013348,18
1683657635023475,1683657635023487,12
1683657635035558,1683657635035579,21
1683657635036594,1683657635036612,18
1683657635044607,1683657635044620,13
1683657635052434,1683657635052452,18
1683657635068221,1683657635068241,20
1683657635084181,1683657635084193,12
1683657635085560,1683657635085578,18
1683657635093181,1683657635093201,20
1683657635100452,1683657635100465,13
1683657635101608,1683657635101626,18
1683657635121152,1683657635121165,13
1683657635122536,1683657635122553,17
1683657635128523,1683657635128542,19
1683657635151574,1683657635151594,20
1683657635154429,1683657635154446,17
1683657635180151,1683657635180165,14
1683657635188831,1683657635188851,20
1683657635200709,1683657635200727,18
1683657635213363,1683657635213382,19
1683657635220962,1683657635220981,19
1683657635222182,1683657635222201,19
1683657635227545,1683657635227567,22
1683657635235518,1683657635235532,14
1683657635236867,1683657635236884,17
1683657635238144,1683657635238163,19
1683657635243570,1683657635243589,19
1683657635251524,1683657635251537,13
1683657635252704,1683657635252715,11
1683657635254036,1683657635254054,18
1683657635260759,1683657635260777,18
1683657635279510,1683657635279523,13
1683657635280462,1683657635280473,11
1683657635288502,1683657635288515,13
1683657635296460,1683657635296479,19
1683657635304948,1683657635304960,12
1683657635313217,1683657635313230,13
1683657635323513,1683657635323533,20
1683657635325064,1683657635325076,12
1683657635343484,1683657635343496,12
1683657635351489,1683657635351509,20
1683657635359562,1683657635359581,19
1683657635371522,1683657635371550,28
1683657635372579,1683657635372598,19
1683657635381887,1683657635381907,20
1683657635397146,1683657635397158,12
1683657635398246,1683657635398261,15
1683657635405149,1683657635405162,13
1683657635420074,1683657635420095,21
1683657635435452,1683657635435472,20
1683657635441150,1683657635441165,15
1683657635445252,1683657635445273,21
1683657635461196,1683657635461217,21
1683657635469962,1683657635469978,16
1683657635480331,1683657635480344,13
1683657635484612,1683657635484623,11
1683657635492505,1683657635492519,14
1683657635500573,1683657635500585,12
1683657635501793,1683657635501812,19
1683657635508725,1683657635508754,29
1683657635509988,1683657635510009,21
1683657635511258,1683657635511269,11
1683657635529147,1683657635529162,15
1683657635538694,1683657635538706,12
1683657635552540,1683657635552560,20
1683657635560099,1683657635560112,13
1683657635582153,1683657635582172,19
1683657635594637,1683657635594658,21
1683657635615514,1683657635615535,21
1683657635622238,1683657635622258,20
1683657635623546,1683657635623563,17
1683657635631489,1683657635631504,15
1683657635643497,1683657635643516,19
1683657635651534,1683657635651548,14
1683657635652759,1683657635652778,19
1683657635663989,1683657635664009,20
1683657635671536,1683657635671555,19
1683657635687505,1683657635687519,14
1683657635688667,1683657635688687,20
1683657635696764,1683657635696777,13
1683657635707515,1683657635707534,19
1683657635719482,1683657635719502,20
1683657635720652,1683657635720669,17
1683657635730038,1683657635730050,12
1683657635742283,1683657635742302,19
1683657635754602,1683657635754622,20
1683657635760540,1683657635760554,14
1683657635768479,1683657635768491,12
1683657635776615,1683657635776627,12
1683657635795521,1683657635795541,20
1683657635805149,1683657635805161,12
1683657635806377,1683657635806397,20
1683657635815518,1683657635815532,14
1683657635824338,1683657635824357,19
1683657635829334,1683657635829354,20
1683657635839537,1683657635839556,19
1683657635852456,1683657635852469,13
1683657635865128,1683657635865141,13
1683657635871518,1683657635871532,14
1683657635878313,1683657635878333,20
1683657635890964,1683657635890983,19
1683657635892195,1683657635892207,12
1683657635897304,1683657635897323,19
1683657635911510,1683657635911523,13
1683657635912562,1683657635912573,11
1683657635920819,1683657635920838,19
1683657635929142,1683657635929155,13
1683657635935548,1683657635935561,13
1683657635937215,1683657635937228,13
1683657635945218,1683657635945238,20
1683657635962404,1683657635962418,14
1683657635968321,1683657635968340,19
1683657635969460,1683657635969478,18
1683657635985146,1683657635985158,12
1683657635989003,1683657635989020,17
1683657635998666,1683657635998684,18
1683657636016546,1683657636016566,20
1683657636025154,1683657636025174,20
1683657636033481,1683657636033494,13
1683657636041156,1683657636041169,13
1683657636051548,1683657636051561,13
1683657636056563,1683657636056574,11
1683657636064551,1683657636064564,13
1683657636079505,1683657636079518,13
1683657636087524,1683657636087544,20
1683657636095545,1683657636095565,20
1683657636096681,1683657636096698,17
1683657636102548,1683657636102566,18
1683657636103764,1683657636103781,17
1683657636104819,1683657636104837,18
1683657636112441,1683657636112460,19
1683657636117250,1683657636117263,13
1683657636125344,1683657636125358,14
1683657636133332,1683657636133345,13
1683657636141393,1683657636141412,19
1683657636149468,1683657636149487,19
1683657636150636,1683657636150647,11
1683657636158728,1683657636158741,13
1683657636171498,1683657636171518,20
1683657636179608,1683657636179627,19
1683657636180737,1683657636180752,15
1683657636197159,1683657636197172,13
1683657636205164,1683657636205177,13
1683657636217155,1683657636217167,12
1683657636220549,1683657636220559,10
1683657636228490,1683657636228502,12
1683657636232808,1683657636232819,11
1683657636233811,1683657636233830,19
1683657636255491,1683657636255503,12
1683657636256565,1683657636256582,17
1683657636257669,1683657636257687,18
1683657636265157,1683657636265173,16
1683657636266379,1683657636266391,12
1683657636279537,1683657636279551,14
1683657636295498,1683657636295510,12
1683657636296572,1683657636296588,16
1683657636311511,1683657636311525,14
1683657636312650,1683657636312667,17
1683657636325153,1683657636325166,13
1683657636335559,1683657636335573,14
1683657636351478,1683657636351501,23
1683657636352689,1683657636352700,11
1683657636360692,1683657636360711,19
1683657636365316,1683657636365336,20
1683657636378181,1683657636378193,12
1683657636379618,1683657636379634,16
1683657636390778,1683657636390797,19
1683657636402656,1683657636402675,19
1683657636409165,1683657636409179,14
1683657636419510,1683657636419529,19
1683657636420622,1683657636420639,17
1683657636435496,1683657636435508,12
1683657636436697,1683657636436715,18
1683657636459547,1683657636459567,20
1683657636464193,1683657636464207,14
1683657636472404,1683657636472423,19
1683657636481150,1683657636481164,14
1683657636482229,1683657636482240,11
1683657636487530,1683657636487543,13
1683657636503509,1683657636503521,12
1683657636504587,1683657636504598,11
1683657636506017,1683657636506035,18
1683657636512712,1683657636512731,19
1683657636514007,1683657636514026,19
1683657636531496,1683657636531508,12
1683657636541154,1683657636541166,12
1683657636547558,1683657636547572,14
1683657636567509,1683657636567522,13
1683657636579549,1683657636579562,13
1683657636591524,1683657636591537,13
1683657636592751,1683657636592762,11
1683657636601108,1683657636601128,20
1683657636609392,1683657636609405,13
1683657636625154,1683657636625168,14
1683657636626365,1683657636626382,17
1683657636632128,1683657636632141,13
1683657636633404,1683657636633422,18
1683657636641964,1683657636641978,14
1683657636643057,1683657636643077,20
1683657636655544,1683657636655558,14
1683657636663561,1683657636663580,19
1683657636664593,1683657636664605,12
1683657636683466,1683657636683485,19
1683657636684658,1683657636684675,17
1683657636690769,1683657636690782,13
1683657636701155,1683657636701168,13
1683657636709151,1683657636709163,12
1683657636710258,1683657636710274,16
1683657636717142,1683657636717156,14
1683657636723509,1683657636723522,13
1683657636732027,1683657636732049,22
1683657636737639,1683657636737651,12
1683657636744739,1683657636744751,12
1683657636755496,1683657636755517,21
1683657636767492,1683657636767511,19
1683657636775480,1683657636775500,20
1683657636776564,1683657636776581,17
1683657636784427,1683657636784440,13
1683657636792657,1683657636792676,19
1683657636801143,1683657636801156,13
1683657636802612,1683657636802628,16
1683657636809156,1683657636809176,20
1683657636827517,1683657636827537,20
1683657636828618,1683657636828636,18
1683657636836450,1683657636836468,18
1683657636844596,1683657636844615,19
1683657636852527,1683657636852546,19
1683657636861159,1683657636861171,12
1683657636869137,1683657636869151,14
1683657636870284,1683657636870300,16
1683657636876600,1683657636876617,17
1683657636888163,1683657636888184,21
1683657636901151,1683657636901164,13
1683657636909200,1683657636909212,12
1683657636915458,1683657636915478,20
1683657636921161,1683657636921173,12
1683657636933204,1683657636933216,12
1683657636934393,1683657636934405,12
1683657636944800,1683657636944819,19
1683657636953179,1683657636953192,13
1683657636954518,1683657636954534,16
1683657636955661,1683657636955678,17
1683657636963551,1683657636963569,18
1683657636969482,1683657636969500,18
1683657636977056,1683657636977076,20
1683657636993202,1683657636993215,13
1683657636994357,1683657636994374,17
1683657637000201,1683657637000220,19
1683657637008767,1683657637008779,12
1683657637016514,1683657637016532,18
1683657637024667,1683657637024685,18
1683657637035535,1683657637035548,13
1683657637040719,1683657637040738,19
1683657637052854,1683657637052872,18
1683657637062931,1683657637062949,18
1683657637064171,1683657637064181,10
1683657637072944,1683657637072955,11
1683657637083561,1683657637083575,14
1683657637084600,1683657637084610,10
1683657637099521,1683657637099540,19
1683657637104094,1683657637104109,15
1683657637112210,1683657637112223,13
1683657637120252,1683657637120263,11
1683657637128325,1683657637128343,18
1683657637137141,1683657637137154,13
1683657637141139,1683657637141158,19
1683657637151804,1683657637151816,12
1683657637152899,1683657637152909,10
1683657637167526,1683657637167539,13
1683657637176261,1683657637176279,18
1683657637177402,1683657637177414,12
1683657637196558,1683657637196571,13
1683657637203591,1683657637203604,13
1683657637219975,1683657637219997,22
1683657637221344,1683657637221365,21
1683657637230395,1683657637230413,18
1683657637235497,1683657637235517,20
1683657637236598,1683657637236614,16
1683657637244604,1683657637244615,11
1683657637253153,1683657637253167,14
1683657637260645,1683657637260658,13
1683657637261855,1683657637261873,18
1683657637276621,1683657637276634,13
1683657637285262,1683657637285281,19
1683657637300432,1683657637300452,20
1683657637301606,1683657637301625,19
1683657637308201,1683657637308221,20
1683657637319533,1683657637319547,14
1683657637331552,1683657637331572,20
1683657637343497,1683657637343517,20
1683657637355499,1683657637355519,20
1683657637367510,1683657637367525,15
1683657637368505,1683657637368522,17
1683657637383522,1683657637383543,21
1683657637384610,1683657637384628,18
1683657637403516,1683657637403530,14
1683657637404701,1683657637404718,17
1683657637415470,1683657637415490,20
1683657637417228,1683657637417241,13
1683657637428757,1683657637428770,13
1683657637436458,1683657637436470,12
1683657637444572,1683657637444591,19
1683657637453153,1683657637453166,13
1683657637454563,1683657637454579,16
1683657637458757,1683657637458770,13
1683657637459871,1683657637459887,16
1683657637465147,1683657637465162,15
1683657637466383,1683657637466393,10
1683657637476801,1683657637476819,18
1683657637492341,1683657637492360,19
1683657637502295,1683657637502309,14
1683657637503530,1683657637503546,16
1683657637517972,1683657637517991,19
1683657637525397,1683657637525410,13
1683657637532453,1683657637532465,12
1683657637540532,1683657637540551,19
1683657637559527,1683657637559546,19
1683657637560798,1683657637560809,11
1683657637574351,1683657637574370,19
1683657637587518,1683657637587532,14
1683657637592711,1683657637592731,20
1683657637603523,1683657637603536,13
1683657637609184,1683657637609203,19
1683657637610255,1683657637610267,12
1683657637616246,1683657637616266,20
1683657637624027,1683657637624040,13
1683657637632334,1683657637632352,18
1683657637645148,1683657637645159,11
1683657637655545,1683657637655569,24
1683657637656866,1683657637656882,16
1683657637658040,1683657637658060,20
1683657637674057,1683657637674070,13
1683657637683486,1683657637683507,21
1683657637684666,1683657637684683,17
1683657637697102,1683657637697120,18
