1683657611621886,1683657611673054,51168
1683657611694457,1683657611694996,539
1683657611704051,1683657611704470,419
1683657611721325,1683657611721825,500
1683657611730135,1683657611730657,522
1683657611738091,1683657611738637,546
1683657611753215,1683657611753729,514
1683657611760957,1683657611761477,520
1683657611784669,1683657611785002,333
1683657611793730,1683657611805934,12204
1683657611812648,1683657611813224,576
1683657611822254,1683657611822824,570
1683657611830637,1683657611831132,495
1683657611837942,1683657611838556,614
1683657611853008,1683657611853488,480
1683657611864221,1683657611864739,518
1683657611866086,1683657611866517,431
1683657611874431,1683657611874929,498
1683657611890692,1683657611891207,515
1683657611898825,1683657611899307,482
1683657611916979,1683657611917335,356
1683657611929856,1683657611930152,296
1683657611940670,1683657611941048,378
1683657611954509,1683657611954938,429
1683657611958074,1683657611958582,508
1683657611973064,1683657611973458,394
1683657611981085,1683657611981434,349
1683657611989113,1683657611989532,419
1683657611998090,1683657611998566,476
1683657612009874,1683657612010281,407
1683657612025847,1683657612026169,322
1683657612033873,1683657612034307,434
1683657612050652,1683657612051190,538
1683657612058687,1683657612059204,517
1683657612069876,1683657612070358,482
1683657612078601,1683657612079098,497
1683657612094830,1683657612095307,477
1683657612102549,1683657612103042,493
1683657612110561,1683657612111007,446
1683657612119309,1683657612119744,435
1683657612132888,1683657612133212,324
1683657612141880,1683657612142395,515
1683657612158622,1683657612165880,7258
1683657612174735,1683657612175185,450
1683657612193125,1683657612193621,496
1683657612202651,1683657612203143,492
1683657612211220,1683657612217910,6690
1683657612226801,1683657612227158,357
1683657612241090,1683657612241578,488
1683657612254535,1683657612254918,383
1683657612265882,1683657612274075,8193
1683657612281169,1683657612289108,7939
1683657612290776,1683657612291283,507
1683657612292658,1683657612293056,398
1683657612304764,1683657612305256,492
1683657612321125,1683657612321546,421
1683657612337032,1683657612337487,455
1683657612350595,1683657612350942,347
1683657612362713,1683657612363194,481
1683657612370662,1683657612371119,457
1683657612386779,1683657612387190,411
1683657612388562,1683657612388953,391
1683657612397886,1683657612398395,509
1683657612409021,1683657612409338,317
1683657612421063,1683657612429317,8254
1683657612438664,1683657612439171,507
1683657612445096,1683657612445544,448
1683657612460870,1683657612461205,335
1683657612468759,1683657612469276,517
1683657612474815,1683657612481013,6198
1683657612488745,1683657612489294,549
1683657612513169,1683657612513608,439
1683657612524627,1683657612529888,5261
1683657612534492,1683657612534920,428
1683657612542283,1683657612542773,490
1683657612552868,1683657612553258,390
1683657612562733,1683657612569906,7173
1683657612578873,1683657612579271,398
1683657612580582,1683657612580973,391
1683657612591939,1683657612592361,422
1683657612609061,1683657612609529,468
1683657612623636,1683657612624128,492
1683657612630698,1683657612631189,491
1683657612653201,1683657612653633,432
1683657612662105,1683657612662581,476
1683657612674929,1683657612681881,6952
1683657612688941,1683657612689203,262
1683657612704698,1683657612705075,377
1683657612713878,1683657612714324,446
1683657612720715,1683657612722847,2132
1683657612737101,1683657612737590,489
1683657612754289,1683657612754883,594
1683657612761099,1683657612761534,435
1683657612768986,1683657612769443,457
1683657612778210,1683657612778738,528
1683657612797859,1683657612798275,416
1683657612817210,1683657612817611,401
1683657612826346,1683657612827083,737
1683657612840803,1683657612841324,521
1683657612850343,1683657612850860,517
1683657612862703,1683657612863170,467
1683657612871376,1683657612871941,565
1683657612877133,1683657612877576,443
1683657612893239,1683657612893619,380
1683657612895141,1683657612895554,413
1683657612911723,1683657612912315,592
1683657612926562,1683657612926951,389
1683657612934915,1683657612941889,6974
1683657612943602,1683657612949912,6310
1683657612961090,1683657612961487,397
1683657612973011,1683657612981901,8890
1683657612990628,1683657612990939,311
1683657613001883,1683657613010149,8266
1683657613021880,1683657613022294,414
1683657613033874,1683657613034575,701
1683657613036177,1683657613036730,553
1683657613050106,1683657613050621,515
1683657613061876,1683657613070084,8208
1683657613077042,1683657613077516,474
1683657613086624,1683657613087078,454
1683657613098736,1683657613099240,504
1683657613106137,1683657613106574,437
1683657613117883,1683657613118296,413
1683657613128653,1683657613129019,366
1683657613137874,1683657613138297,423
1683657613139773,1683657613145040,5267
1683657613158639,1683657613159126,487
1683657613167403,1683657613167834,431
1683657613174300,1683657613174678,378
1683657613188662,1683657613189025,363
1683657613190492,1683657613190786,294
1683657613197098,1683657613197498,400
1683657613213016,1683657613213414,398
1683657613221184,1683657613221583,399
1683657613233093,1683657613233502,409
1683657613241069,1683657613241464,395
1683657613250224,1683657613250805,581
1683657613266870,1683657613267208,338
1683657613277878,1683657613278304,426
1683657613290515,1683657613290879,364
1683657613301878,1683657613302312,434
1683657613306248,1683657613306726,478
1683657613314851,1683657613315314,463
1683657613330299,1683657613330883,584
1683657613342753,1683657613343211,458
1683657613349863,1683657613350293,430
1683657613351729,1683657613352084,355
1683657613358866,1683657613359298,432
1683657613366063,1683657613373895,7832
1683657613385886,1683657613386311,425
1683657613394734,1683657613395123,389
1683657613406772,1683657613414043,7271
1683657613422555,1683657613422891,336
1683657613424326,1683657613424779,453
1683657613429882,1683657613430334,452
1683657613431689,1683657613432142,453
1683657613443764,1683657613444265,501
1683657613457842,1683657613458147,305
1683657613466705,1683657613467133,428
1683657613475816,1683657613476265,449
1683657613497196,1683657613497647,451
1683657613506662,1683657613507116,454
1683657613517871,1683657613518223,352
1683657613525881,1683657613526313,432
1683657613537849,1683657613538175,326
1683657613545881,1683657613546299,418
1683657613554475,1683657613554886,411
1683657613562377,1683657613562900,523
1683657613571329,1683657613571717,388
1683657613581866,1683657613582247,381
1683657613588957,1683657613590715,1758
1683657613601879,1683657613602260,381
1683657613607830,1683657613608353,523
1683657613615914,1683657613621890,5976
1683657613633845,1683657613634181,336
1683657613646634,1683657613653892,7258
1683657613655583,1683657613656081,498
1683657613670758,1683657613671308,550
1683657613689127,1683657613689687,560
1683657613704993,1683657613705484,491
1683657613713054,1683657613713533,479
1683657613722339,1683657613722877,538
1683657613729069,1683657613729635,566
1683657613742698,1683657613743134,436
1683657613761121,1683657613761647,526
1683657613770131,1683657613770727,596
1683657613777884,1683657613778383,499
1683657613796638,1683657613797049,411
1683657613805102,1683657613809887,4785
1683657613821866,1683657613822310,444
1683657613837124,1683657613837564,440
1683657613846673,1683657613847111,438
1683657613861171,1683657613861694,523
1683657613869051,1683657613869490,439
1683657613882654,1683657613883022,368
1683657613891483,1683657613892069,586
1683657613906682,1683657613907088,406
1683657613920980,1683657613921375,395
1683657613936802,1683657613937222,420
1683657613945033,1683657613945541,508
1683657613965146,1683657613965704,558
1683657613981004,1683657613981370,366
1683657613989192,1683657613989628,436
1683657613998086,1683657613998670,584
1683657614010958,1683657614018073,7115
1683657614024947,1683657614025482,535
1683657614032934,1683657614033485,551
1683657614038917,1683657614039394,477
1683657614045876,1683657614046328,452
1683657614057875,1683657614058260,385
1683657614066991,1683657614067417,426
1683657614075702,1683657614076148,446
1683657614083931,1683657614089071,5140
1683657614097872,1683657614098399,527
1683657614112661,1683657614113062,401
1683657614130537,1683657614130877,340
1683657614138232,1683657614138626,394
1683657614144817,1683657614145219,402
1683657614156751,1683657614157181,430
1683657614170665,1683657614171231,566
1683657614177880,1683657614178353,473
1683657614198742,1683657614199209,467
1683657614217081,1683657614217533,452
1683657614226263,1683657614226652,389
1683657614238910,1683657614239396,486
1683657614247821,1683657614248307,486
1683657614255915,1683657614256384,469
1683657614263981,1683657614264544,563
1683657614272913,1683657614277890,4977
1683657614285116,1683657614285622,506
1683657614308987,1683657614309340,353
1683657614317882,1683657614318330,448
1683657614326946,1683657614327383,437
1683657614332871,1683657614333341,470
1683657614338893,1683657614339385,492
1683657614352939,1683657614361095,8156
1683657614368653,1683657614369198,545
1683657614377879,1683657614378323,444
1683657614386679,1683657614387168,489
1683657614394775,1683657614401883,7108
1683657614409044,1683657614409480,436
1683657614429010,1683657614429485,475
1683657614444875,1683657614445177,302
1683657614453058,1683657614453516,458
1683657614468937,1683657614469490,553
1683657614481040,1683657614481478,438
1683657614494739,1683657614495234,495
1683657614508840,1683657614513933,5093
1683657614532632,1683657614538059,5427
1683657614545885,1683657614546281,396
1683657614548069,1683657614548458,389
1683657614562817,1683657614563322,505
1683657614577324,1683657614577641,317
1683657614586118,1683657614586759,641
1683657614594348,1683657614594824,476
1683657614602665,1683657614603181,516
1683657614621022,1683657614621478,456
1683657614636959,1683657614637273,314
1683657614641880,1683657614642351,471
1683657614653880,1683657614654433,553
1683657614662862,1683657614663511,649
1683657614677847,1683657614678203,356
1683657614689880,1683657614690315,435
1683657614696748,1683657614697278,530
1683657614712666,1683657614713118,452
1683657614720744,1683657614725887,5143
1683657614742600,1683657614742917,317
1683657614751935,1683657614752084,149
1683657614766624,1683657614773886,7262
1683657614781035,1683657614781439,404
1683657614796777,1683657614797267,490
1683657614810787,1683657614811274,487
1683657614825089,1683657614825522,433
1683657614845166,1683657614845716,550
1683657614853001,1683657614853498,497
1683657614866950,1683657614867402,452
1683657614888695,1683657614889085,390
1683657614894644,1683657614895054,410
1683657614896651,1683657614897029,378
1683657614902275,1683657614902688,413
1683657614904140,1683657614904547,407
1683657614914391,1683657614914837,446
1683657614933052,1683657614933547,495
1683657614942921,1683657614943338,417
1683657614973216,1683657614973746,530
1683657614978885,1683657614979490,605
1683657614994800,1683657614995234,434
1683657615002602,1683657615003095,493
1683657615016676,1683657615017107,431
1683657615022867,1683657615023370,503
1683657615038696,1683657615039155,459
1683657615053845,1683657615054192,347
1683657615073844,1683657615074235,391
1683657615076060,1683657615076473,413
1683657615089272,1683657615089460,188
1683657615104990,1683657615105402,412
1683657615113181,1683657615115221,2040
1683657615130697,1683657615131303,606
1683657615146540,1683657615146926,386
1683657615157885,1683657615166096,8211
1683657615172784,1683657615173272,488
1683657615186983,1683657615187492,509
1683657615200966,1683657615201370,404
1683657615209211,1683657615209701,490
1683657615222793,1683657615228983,6190
1683657615237880,1683657615238292,412
1683657615245861,1683657615246230,369
1683657615258106,1683657615258602,496
1683657615265876,1683657615266380,504
1683657615281065,1683657615285880,4815
1683657615293884,1683657615301905,8021
1683657615303773,1683657615304238,465
1683657615321070,1683657615321555,485
1683657615341003,1683657615341335,332
1683657615348703,1683657615354036,5333
1683657615361086,1683657615361604,518
1683657615378069,1683657615385907,7838
1683657615390537,1683657615390946,409
1683657615405064,1683657615405504,440
1683657615429184,1683657615429566,382
1683657615444935,1683657615445413,478
1683657615453878,1683657615461879,8001
1683657615469113,1683657615469627,514
1683657615478295,1683657615478863,568
1683657615494556,1683657615494872,316
1683657615502880,1683657615503372,492
1683657615517235,1683657615517741,506
1683657615525285,1683657615525763,478
1683657615527263,1683657615527776,513
1683657615541953,1683657615542505,552
1683657615550282,1683657615550768,486
1683657615564620,1683657615565073,453
1683657615569875,1683657615578082,8207
1683657615584955,1683657615585458,503
1683657615605187,1683657615605406,219
1683657615613268,1683657615613667,399
1683657615621287,1683657615621568,281
1683657615633861,1683657615634273,412
1683657615649851,1683657615650249,398
1683657615658771,1683657615659263,492
1683657615660788,1683657615661256,468
1683657615673090,1683657615673496,406
1683657615686546,1683657615686910,364
1683657615702553,1683657615702942,389
1683657615713880,1683657615714380,500
1683657615722964,1683657615729911,6947
1683657615736790,1683657615737232,442
1683657615753853,1683657615754245,392
1683657615767098,1683657615767696,598
1683657615774954,1683657615775425,471
1683657615782881,1683657615783361,480
1683657615789873,1683657615797885,8012
1683657615806572,1683657615806918,346
1683657615826780,1683657615827120,340
1683657615836002,1683657615836534,532
1683657615843941,1683657615844492,551
1683657615850803,1683657615851333,530
1683657615868958,1683657615869427,469
1683657615882636,1683657615883134,498
1683657615891434,1683657615892029,595
1683657615897879,1683657615906077,8198
1683657615913083,1683657615917880,4797
1683657615926990,1683657615927538,548
1683657615938363,1683657615938802,439
1683657615949882,1683657615950374,492
1683657615959406,1683657615959853,447
1683657615965882,1683657615966292,410
1683657615972872,1683657615977911,5039
1683657615989881,1683657615990271,390
1683657615998777,1683657615999268,491
1683657616006958,1683657616007413,455
1683657616021112,1683657616021598,486
1683657616030653,1683657616031057,404
1683657616038928,1683657616039465,537
1683657616052620,1683657616053095,475
1683657616060966,1683657616061453,487
1683657616070537,1683657616070972,435
1683657616085140,1683657616085516,376
1683657616094471,1683657616095266,795
1683657616110628,1683657616110968,340
1683657616121882,1683657616122380,498
1683657616130682,1683657616137892,7210
1683657616145890,1683657616146406,516
1683657616157884,1683657616158346,462
1683657616168058,1683657616168554,496
1683657616177883,1683657616178275,392
1683657616189112,1683657616189497,385
1683657616198242,1683657616198693,451
1683657616206115,1683657616213295,7180
1683657616220951,1683657616221429,478
1683657616237012,1683657616237466,454
1683657616252990,1683657616253311,321
1683657616261053,1683657616261447,394
1683657616270233,1683657616270806,573
1683657616282618,1683657616283185,567
1683657616290863,1683657616291314,451
1683657616298984,1683657616299365,381
1683657616305898,1683657616306314,416
1683657616317062,1683657616317558,496
1683657616330466,1683657616330890,424
1683657616332321,1683657616332740,419
1683657616345867,1683657616353886,8019
1683657616360974,1683657616361476,502
1683657616376735,1683657616381879,5144
1683657616390928,1683657616391332,404
1683657616398794,1683657616404971,6177
1683657616412979,1683657616413463,484
1683657616423678,1683657616424107,429
1683657616431329,1683657616431827,498
1683657616437190,1683657616437625,435
1683657616446498,1683657616446910,412
1683657616461232,1683657616461529,297
1683657616474535,1683657616475052,517
1683657616489056,1683657616489445,389
1683657616505201,1683657616505685,484
1683657616525862,1683657616526277,415
1683657616533016,1683657616533479,463
1683657616542583,1683657616542983,400
1683657616558522,1683657616558858,336
1683657616573077,1683657616573508,431
1683657616582311,1683657616582851,540
1683657616598391,1683657616598891,500
1683657616600228,1683657616600642,414
1683657616608882,1683657616609373,491
1683657616624621,1683657616625161,540
1683657616633103,1683657616633509,406
1683657616638863,1683657616639284,421
1683657616646855,1683657616653889,7034
1683657616665882,1683657616666334,452
1683657616667847,1683657616668513,666
1683657616684889,1683657616685272,383
1683657616686878,1683657616687338,460
1683657616700636,1683657616701146,510
1683657616710482,1683657616710907,425
1683657616732952,1683657616733511,559
1683657616746691,1683657616747133,442
1683657616762713,1683657616763153,440
1683657616771720,1683657616772130,410
1683657616779909,1683657616780359,450
1683657616793848,1683657616794210,362
1683657616795799,1683657616796213,414
1683657616814741,1683657616815061,320
1683657616823284,1683657616823803,519
1683657616830833,1683657616831290,457
1683657616846641,1683657616847024,383
1683657616855317,1683657616861881,6564
1683657616873845,1683657616874222,377
1683657616885263,1683657616885742,479
1683657616898690,1683657616899094,404
1683657616907306,1683657616907790,484
1683657616912769,1683657616913187,418
1683657616934799,1683657616942063,7264
1683657616950795,1683657616951200,405
1683657616952560,1683657616952994,434
1683657616960737,1683657616961323,586
1683657616965489,1683657616965682,193
1683657616973165,1683657616973679,514
1683657616989106,1683657616989540,434
1683657617004979,1683657617005316,337
1683657617013126,1683657617013667,541
1683657617032694,1683657617033068,374
1683657617041878,1683657617042280,402
1683657617064705,1683657617069886,5181
1683657617078872,1683657617079489,617
1683657617097007,1683657617097361,354
1683657617118291,1683657617118826,535
1683657617126935,1683657617127411,476
1683657617141233,1683657617141674,441
1683657617157012,1683657617157391,379
1683657617165075,1683657617165482,407
1683657617172965,1683657617173452,487
1683657617189315,1683657617193895,4580
1683657617201885,1683657617202326,441
1683657617217197,1683657617217691,494
1683657617228658,1683657617233885,5227
1683657617244663,1683657617250072,5409
1683657617257086,1683657617257583,497
1683657617266693,1683657617267202,509
1683657617280943,1683657617281383,440
1683657617293847,1683657617294250,403
1683657617295841,1683657617296298,457
1683657617309046,1683657617309551,505
1683657617325217,1683657617325740,523
1683657617332783,1683657617333194,411
1683657617348645,1683657617349013,368
1683657617356669,1683657617357074,405
1683657617376946,1683657617377251,305
1683657617384978,1683657617390301,5323
1683657617400715,1683657617401208,493
1683657617422810,1683657617428995,6185
1683657617437881,1683657617438345,464
1683657617453139,1683657617453674,535
1683657617458858,1683657617459335,477
1683657617473225,1683657617473565,340
1683657617475825,1683657617476163,338
1683657617482843,1683657617483330,487
1683657617490850,1683657617497886,7036
1683657617506751,1683657617507185,434
1683657617521009,1683657617521477,468
1683657617538440,1683657617538940,500
1683657617554510,1683657617554936,426
1683657617563289,1683657617563894,605
1683657617573878,1683657617582055,8177
1683657617593880,1683657617594297,417
1683657617602597,1683657617603089,492
1683657617621065,1683657617621481,416
1683657617634315,1683657617634833,518
1683657617642832,1683657617643348,516
1683657617657154,1683657617657669,515
1683657617666188,1683657617666731,543
1683657617682797,1683657617683425,628
1683657617690315,1683657617697099,6784
1683657617701882,1683657617710063,8181
1683657617717879,1683657617718252,373
1683657617726492,1683657617726923,431
1683657617737881,1683657617738393,512
1683657617741176,1683657617741568,392
1683657617754788,1683657617755230,442
1683657617788959,1683657617789266,307
1683657617796998,1683657617797497,499
1683657617813215,1683657617817898,4683
1683657617826512,1683657617826852,340
1683657617836837,1683657617842049,5212
1683657617853058,1683657617853556,498
1683657617870178,1683657617870651,473
1683657617877880,1683657617878327,447
1683657617886730,1683657617894102,7372
1683657617902719,1683657617903145,426
1683657617917092,1683657617917576,484
1683657617926174,1683657617926655,481
1683657617935659,1683657617936115,456
1683657617945881,1683657617946366,485
1683657617958713,1683657617959194,481
1683657617965057,1683657617965492,435
1683657617970835,1683657617971267,432
1683657617992637,1683657617993110,473
1683657618000942,1683657618006037,5095
1683657618017112,1683657618017549,437
1683657618033103,1683657618037916,4813
1683657618046747,1683657618047150,403
1683657618052914,1683657618058029,5115
1683657618069077,1683657618069558,481
1683657618078342,1683657618078725,383
1683657618086611,1683657618087019,408
1683657618101047,1683657618101435,388
1683657618102878,1683657618103157,279
1683657618116978,1683657618117491,513
1683657618132718,1683657618138043,5325
1683657618139793,1683657618140255,462
1683657618150245,1683657618150751,506
1683657618158668,1683657618159133,465
1683657618165843,1683657618166176,333
1683657618167752,1683657618168243,491
1683657618185052,1683657618185570,518
1683657618192993,1683657618193398,405
1683657618194919,1683657618195242,323
1683657618209847,1683657618210166,319
1683657618217103,1683657618217581,478
1683657618241151,1683657618241648,497
1683657618248875,1683657618249219,344
1683657618256770,1683657618257184,414
1683657618274513,1683657618274871,358
1683657618284716,1683657618285154,438
1683657618301167,1683657618301600,433
1683657618325050,1683657618325374,324
1683657618332841,1683657618333417,576
1683657618350785,1683657618351256,471
1683657618365310,1683657618365605,295
1683657618377037,1683657618377487,450
1683657618389039,1683657618389465,426
1683657618401098,1683657618401649,551
1683657618432662,1683657618433087,425
1683657618434827,1683657618435207,380
1683657618441882,1683657618450091,8209
1683657618451742,1683657618458041,6299
1683657618465870,1683657618466329,459
1683657618474954,1683657618481889,6935
1683657618493882,1683657618494384,502
1683657618505014,1683657618505306,292
1683657618513854,1683657618525902,12048
1683657618533879,1683657618534332,453
1683657618556918,1683657618557208,290
1683657618581215,1683657618581579,364
1683657618590196,1683657618594763,4567
1683657618605123,1683657618613899,8776
1683657618621881,1683657618622347,466
1683657618629870,1683657618630280,410
1683657618640620,1683657618646104,5484
1683657618662739,1683657618663133,394
1683657618670866,1683657618671306,440
1683657618678833,1683657618679290,457
1683657618693136,1683657618693644,508
1683657618712689,1683657618713054,365
1683657618728945,1683657618729488,543
1683657618742705,1683657618743177,472
1683657618753850,1683657618754198,348
1683657618762840,1683657618763326,486
1683657618778617,1683657618779115,498
1683657618787297,1683657618787765,468
1683657618793159,1683657618793604,445
1683657618801143,1683657618801629,486
1683657618813966,1683657618825903,11937
1683657618833876,1683657618834382,506
1683657618840970,1683657618846027,5057
1683657618856639,1683657618857094,455
1683657618869126,1683657618869527,401
1683657618885020,1683657618885335,315
1683657618892911,1683657618893395,484
1683657618914726,1683657618915159,433
1683657618922648,1683657618923098,450
1683657618944696,1683657618945058,362
1683657618950984,1683657618951410,426
1683657618952768,1683657618958781,6013
1683657618974751,1683657618982039,7288
1683657618993874,1683657618994282,408
1683657619001094,1683657619005899,4805
1683657619016646,1683657619016840,194
1683657619018367,1683657619018697,330
1683657619036902,1683657619042059,5157
1683657619043797,1683657619044219,422
1683657619055990,1683657619056492,502
1683657619069135,1683657619069475,340
1683657619096938,1683657619097271,333
1683657619105018,1683657619105406,388
1683657619114307,1683657619122021,7714
1683657619129025,1683657619129457,432
1683657619141843,1683657619142170,327
1683657619143983,1683657619144267,284
1683657619153013,1683657619153466,453
1683657619164959,1683657619165348,389
1683657619170975,1683657619178098,7123
1683657619185873,1683657619186310,437
1683657619205073,1683657619205561,488
1683657619215639,1683657619221903,6264
1683657619228965,1683657619234146,5181
1683657619238565,1683657619238966,401
1683657619252961,1683657619253386,425
1683657619261153,1683657619261566,413
1683657619274738,1683657619282072,7334
1683657619290844,1683657619291283,439
1683657619301138,1683657619301593,455
1683657619305879,1683657619317884,12005
1683657619325094,1683657619333900,8806
1683657619340793,1683657619341185,392
1683657619357068,1683657619365220,8152
1683657619373153,1683657619373710,557
1683657619389039,1683657619389474,435
1683657619405120,1683657619405667,547
1683657619418779,1683657619419216,437
1683657619420663,1683657619421088,425
1683657619433048,1683657619433453,405
1683657619450836,1683657619458037,7201
1683657619469877,1683657619478050,8173
1683657619479636,1683657619480033,397
1683657619488040,1683657619488504,464
1683657619496052,1683657619496401,349
1683657619511590,1683657619525900,14310
1683657619537882,1683657619538331,449
1683657619549206,1683657619549656,450
1683657619554911,1683657619562037,7126
1683657619573877,1683657619574324,447
1683657619575830,1683657619576279,449
1683657619589082,1683657619589519,437
1683657619606293,1683657619606817,524
1683657619612753,1683657619613182,429
1683657619622332,1683657619622733,401
1683657619629039,1683657619629505,466
1683657619636975,1683657619637397,422
1683657619652963,1683657619653282,319
1683657619655000,1683657619655432,432
1683657619661076,1683657619661485,409
1683657619670222,1683657619677066,6844
1683657619685083,1683657619685550,467
1683657619694422,1683657619694913,491
1683657619709059,1683657619709499,440
1683657619711151,1683657619711489,338
1683657619719055,1683657619719524,469
1683657619740942,1683657619741274,332
1683657619751121,1683657619751561,440
1683657619762661,1683657619763111,450
1683657619764592,1683657619764989,397
1683657619778200,1683657619778621,421
1683657619785195,1683657619785651,456
1683657619794654,1683657619801891,7237
1683657619809877,1683657619810320,443
1683657619842746,1683657619843159,413
1683657619870604,1683657619870959,355
1683657619878989,1683657619879494,505
1683657619893230,1683657619893602,372
1683657619906475,1683657619906963,488
1683657619925170,1683657619925681,511
1683657619941001,1683657619941384,383
1683657619942878,1683657619943369,491
1683657619966602,1683657619967132,530
1683657619978708,1683657619979175,467
1683657619986600,1683657619987155,555
1683657619994019,1683657619994482,463
1683657620009046,1683657620009483,437
1683657620025208,1683657620033022,7814
1683657620037886,1683657620046048,8162
1683657620053879,1683657620054306,427
1683657620062137,1683657620062582,445
1683657620077843,1683657620078199,356
1683657620090509,1683657620090856,347
1683657620105197,1683657620105542,345
1683657620109881,1683657620110299,418
1683657620117875,1683657620118272,397
1683657620126891,1683657620133911,7020
1683657620135987,1683657620136455,468
1683657620137953,1683657620138266,313
1683657620143911,1683657620144325,414
1683657620151989,1683657620152435,446
1683657620157883,1683657620166051,8168
1683657620173876,1683657620174293,417
1683657620180777,1683657620181206,429
1683657620189085,1683657620189550,465
1683657620202681,1683657620203140,459
1683657620217842,1683657620218149,307
1683657620224952,1683657620230061,5109
1683657620240711,1683657620241040,329
1683657620248825,1683657620249282,457
1683657620258557,1683657620259135,578
1683657620267160,1683657620267695,535
1683657620275904,1683657620280865,4961
1683657620294622,1683657620294897,275
1683657620303354,1683657620303846,492
1683657620316691,1683657620322061,5370
1683657620329021,1683657620333883,4862
1683657620335594,1683657620336037,443
1683657620353030,1683657620365256,12226
1683657620374748,1683657620375192,444
1683657620382658,1683657620389930,7272
1683657620396602,1683657620397060,458
1683657620410697,1683657620411234,537
1683657620426558,1683657620433884,7326
1683657620441881,1683657620450061,8180
1683657620456985,1683657620462027,5042
1683657620473100,1683657620473541,441
1683657620489140,1683657620489724,584
1683657620505410,1683657620505930,520
1683657620507371,1683657620507816,445
1683657620522781,1683657620523260,479
1683657620530975,1683657620531528,553
1683657620545311,1683657620545729,418
1683657620558654,1683657620559143,489
1683657620568625,1683657620569032,407
1683657620577017,1683657620577477,460
1683657620593321,1683657620593873,552
1683657620609185,1683657620609633,448
1683657620618090,1683657620618580,490
1683657620636914,1683657620637257,343
1683657620645858,1683657620653900,8042
1683657620661877,1683657620662345,468
1683657620668964,1683657620674029,5065
1683657620675614,1683657620676062,448
1683657620688761,1683657620689197,436
1683657620698163,1683657620698679,516
1683657620706928,1683657620707421,493
1683657620712712,1683657620713176,464
1683657620722409,1683657620722904,495
1683657620737010,1683657620737492,482
1683657620759307,1683657620759685,378
1683657620772922,1683657620773228,306
1683657620781023,1683657620781395,372
1683657620797840,1683657620798195,355
1683657620804982,1683657620809910,4928
1683657620821163,1683657620821638,475
1683657620826721,1683657620827177,456
1683657620842528,1683657620842921,393
1683657620849883,1683657620858036,8153
1683657620864900,1683657620870068,5168
1683657620877248,1683657620877731,483
1683657620889842,1683657620890180,338
1683657620894670,1683657620895016,346
1683657620912962,1683657620913339,377
1683657620926653,1683657620927202,549
1683657620935322,1683657620935814,492
1683657620942658,1683657620942992,334
1683657620957182,1683657620957406,224
1683657620965981,1683657620973881,7900
1683657620975765,1683657620976192,427
1683657620977654,1683657620978060,406
1683657620990748,1683657620991230,482
1683657621000787,1683657621001120,333
1683657621009265,1683657621009602,337
1683657621023509,1683657621023967,458
1683657621038646,1683657621038970,324
1683657621044962,1683657621045450,488
1683657621052761,1683657621053280,519
1683657621059069,1683657621059535,466
1683657621074627,1683657621075161,534
1683657621083294,1683657621089891,6597
1683657621097883,1683657621098324,441
1683657621112670,1683657621113117,447
1683657621127750,1683657621128207,457
1683657621140978,1683657621145893,4915
1683657621160954,1683657621161300,346
1683657621166633,1683657621173879,7246
1683657621175711,1683657621176291,580
1683657621185082,1683657621185457,375
1683657621201288,1683657621201711,423
1683657621214548,1683657621214857,309
1683657621225094,1683657621225491,397
1683657621241157,1683657621241621,464
1683657621249133,1683657621249499,366
1683657621252304,1683657621252530,226
1683657621265844,1683657621266221,377
1683657621281105,1683657621281521,416
1683657621300692,1683657621305884,5192
1683657621317154,1683657621317745,591
1683657621326601,1683657621327050,449
1683657621345109,1683657621345556,447
1683657621354235,1683657621354650,415
1683657621366718,1683657621367159,441
1683657621368601,1683657621368971,370
1683657621376967,1683657621382029,5062
1683657621390185,1683657621390636,451
1683657621398885,1683657621399321,436
1683657621412969,1683657621413374,405
1683657621421038,1683657621421535,497
1683657621434702,1683657621435099,397
1683657621450589,1683657621450883,294
1683657621452319,1683657621452705,386
1683657621466717,1683657621467055,338
1683657621478710,1683657621479131,421
1683657621492661,1683657621492996,335
1683657621498877,1683657621499321,444
1683657621504726,1683657621505240,514
1683657621521090,1683657621521598,508
1683657621528934,1683657621534086,5152
1683657621535650,1683657621540911,5261
1683657621549074,1683657621549572,498
1683657621557062,1683657621562210,5148
1683657621569882,1683657621578028,8146
1683657621586708,1683657621587151,443
1683657621606603,1683657621606925,322
1683657621614936,1683657621615390,454
1683657621626279,1683657621626729,450
1683657621638869,1683657621639241,372
1683657621650863,1683657621651385,522
1683657621658644,1683657621659183,539
1683657621672972,1683657621673417,445
1683657621681063,1683657621681498,435
1683657621696725,1683657621697146,421
1683657621705087,1683657621705574,487
1683657621713845,1683657621714225,380
1683657621715838,1683657621716396,558
1683657621724761,1683657621725195,434
1683657621741327,1683657621741772,445
1683657621753117,1683657621753537,420
1683657621765891,1683657621766214,323
1683657621777135,1683657621777469,334
1683657621792972,1683657621793331,359
1683657621809043,1683657621809463,420
1683657621824708,1683657621825068,360
1683657621826542,1683657621826991,449
1683657621833907,1683657621834397,490
1683657621841896,1683657621842369,473
1683657621856746,1683657621857199,453
1683657621865062,1683657621865534,472
1683657621874211,1683657621874661,450
1683657621889090,1683657621889520,430
1683657621905182,1683657621905629,447
1683657621917068,1683657621917444,376
1683657621945004,1683657621945332,328
1683657621952975,1683657621953499,524
1683657621958136,1683657621958624,488
1683657621965878,1683657621966379,501
1683657621988816,1683657621993877,5061
1683657622002276,1683657622002785,509
1683657622011177,1683657622011671,494
1683657622017880,1683657622018412,532
1683657622023709,1683657622025205,1496
1683657622033093,1683657622033583,490
1683657622034965,1683657622035370,405
1683657622056701,1683657622057081,380
1683657622073011,1683657622077908,4897
1683657622092976,1683657622093346,370
1683657622101077,1683657622101582,505
1683657622116985,1683657622117279,294
1683657622129108,1683657622129499,391
1683657622136779,1683657622137178,399
1683657622153116,1683657622153553,437
1683657622168972,1683657622169382,410
1683657622177141,1683657622177638,497
1683657622183604,1683657622183999,395
1683657622190920,1683657622191285,365
1683657622199835,1683657622200331,496
1683657622207849,1683657622208377,528
1683657622215900,1683657622216306,406
1683657622228960,1683657622229363,403
1683657622237161,1683657622237640,479
1683657622268730,1683657622274067,5337
1683657622275933,1683657622282856,6923
1683657622289109,1683657622289516,407
1683657622297073,1683657622297511,438
1683657622321023,1683657622321410,387
1683657622329074,1683657622329447,373
1683657622345231,1683657622345710,479
1683657622354541,1683657622354918,377
1683657622364799,1683657622369908,5109
1683657622378670,1683657622379171,501
1683657622386655,1683657622387220,565
1683657622401036,1683657622401521,485
1683657622413076,1683657622417926,4850
1683657622429000,1683657622429450,450
1683657622442709,1683657622443165,456
1683657622465155,1683657622465586,431
1683657622474704,1683657622475136,432
1683657622494506,1683657622494944,438
1683657622502930,1683657622503367,437
1683657622528920,1683657622529389,469
1683657622544965,1683657622545225,260
1683657622552818,1683657622553281,463
1683657622568744,1683657622569132,388
1683657622585222,1683657622585678,456
1683657622594152,1683657622594645,493
1683657622601059,1683657622601487,428
1683657622617223,1683657622617630,407
1683657622625014,1683657622625460,446
1683657622638829,1683657622639339,510
1683657622646881,1683657622647390,509
1683657622655947,1683657622656426,479
1683657622663947,1683657622664362,415
1683657622677060,1683657622677506,446
1683657622690520,1683657622690990,470
1683657622697877,1683657622698338,461
1683657622705876,1683657622706345,469
1683657622718719,1683657622719136,417
1683657622734535,1683657622734918,383
1683657622741846,1683657622742199,353
1683657622765222,1683657622765638,416
1683657622777969,1683657622778305,336
1683657622794723,1683657622795222,499
1683657622800896,1683657622801357,461
1683657622817058,1683657622817421,363
1683657622825880,1683657622826310,430
1683657622848943,1683657622849243,300
1683657622850967,1683657622851507,540
1683657622857102,1683657622857588,486
1683657622858960,1683657622859425,465
1683657622864766,1683657622865223,457
1683657622872723,1683657622873224,501
1683657622880772,1683657622881254,482
1683657622893103,1683657622893561,458
1683657622908909,1683657622909458,549
1683657622917324,1683657622917759,435
1683657622930734,1683657622931295,561
1683657622945082,1683657622945444,362
1683657622954104,1683657622954581,477
1683657622961882,1683657622970058,8176
1683657622977886,1683657622978322,436
1683657622992875,1683657623005884,13009
1683657623012944,1683657623013428,484
1683657623034733,1683657623035283,550
1683657623042886,1683657623043352,466
1683657623058649,1683657623059094,445
1683657623073117,1683657623073548,431
1683657623082675,1683657623083002,327
1683657623091417,1683657623091905,488
1683657623097197,1683657623097573,376
1683657623114702,1683657623115182,480
1683657623131736,1683657623132203,467
1683657623141145,1683657623141601,456
1683657623150332,1683657623150794,462
1683657623157202,1683657623157558,356
1683657623177840,1683657623178191,351
1683657623189868,1683657623190242,374
1683657623195722,1683657623196201,479
1683657623208767,1683657623209233,466
1683657623225144,1683657623225567,423
1683657623241845,1683657623242168,323
1683657623249191,1683657623249580,389
1683657623264654,1683657623265015,361
1683657623286571,1683657623286897,326
1683657623305085,1683657623305584,499
1683657623316918,1683657623317204,286
1683657623337102,1683657623337541,439
1683657623346236,1683657623346715,479
1683657623369843,1683657623370160,317
1683657623388675,1683657623394114,5439
1683657623401880,1683657623402323,443
1683657623421035,1683657623421513,478
1683657623442716,1683657623443173,457
1683657623450883,1683657623457037,6154
1683657623465122,1683657623473275,8153
1683657623482528,1683657623482831,303
1683657623489995,1683657623490417,422
1683657623498701,1683657623499084,383
1683657623506347,1683657623506815,468
1683657623522400,1683657623522804,404
1683657623537092,1683657623537425,333
1683657623544913,1683657623545437,524
1683657623554346,1683657623554799,453
1683657623564898,1683657623565196,298
1683657623568080,1683657623568453,373
1683657623576079,1683657623576470,391
1683657623584062,1683657623584482,420
1683657623605156,1683657623605527,371
1683657623621170,1683657623621600,430
1683657623634766,1683657623635161,395
