1683657173434744,1683657173450266,15522
1683657173458837,1683657173459197,360
1683657173459991,1683657173460346,355
1683657173476626,1683657173476784,158
1683657173477627,1683657173477953,326
1683657173490352,1683657173490492,140
1683657173491307,1683657173491687,380
1683657173492472,1683657173492822,350
1683657173493635,1683657173494003,368
1683657173494873,1683657173495101,228
1683657173495933,1683657173496259,326
1683657173497093,1683657173497448,355
1683657173502983,1683657173503373,390
1683657173504141,1683657173504507,366
1683657173512861,1683657173512889,28
1683657173513315,1683657173513708,393
1683657173518387,1683657173518666,279
1683657173526512,1683657173526753,241
1683657173532881,1683657173532908,27
1683657173533261,1683657173533626,365
1683657173534450,1683657173534834,384
1683657173535627,1683657173535998,371
1683657173536726,1683657173537053,327
1683657173544738,1683657173544997,259
1683657173545690,1683657173546044,354
1683657173546783,1683657173547153,370
1683657173547900,1683657173548203,303
1683657173548941,1683657173549231,290
1683657173549967,1683657173550332,365
1683657173551069,1683657173551406,337
1683657173556761,1683657173556945,184
1683657173566972,1683657173567325,353
1683657173568099,1683657173574306,6207
1683657173575147,1683657173575525,378
1683657173582378,1683657173582518,140
1683657173590399,1683657173590616,217
1683657173598429,1683657173598655,226
1683657173606443,1683657173606633,190
1683657173614453,1683657173614636,183
1683657173634714,1683657173635153,439
1683657173635892,1683657173636218,326
1683657173637062,1683657173637374,312
1683657173638143,1683657173638520,377
1683657173639270,1683657173639672,402
1683657173640366,1683657173640718,352
1683657173641453,1683657173641825,372
1683657173642591,1683657173642984,393
1683657173643726,1683657173644027,301
1683657173644793,1683657173645152,359
1683657173645868,1683657173646263,395
1683657173646923,1683657173647240,317
1683657173648168,1683657173648519,351
1683657173649302,1683657173649640,338
1683657173650406,1683657173650775,369
1683657173651534,1683657173651892,358
1683657173652605,1683657173652996,391
1683657173660877,1683657173660904,27
1683657173661304,1683657173661670,366
1683657173662432,1683657173662797,365
1683657173668872,1683657173668899,27
1683657173669317,1683657173669730,413
1683657173674687,1683657173674822,135
1683657173675731,1683657173676041,310
1683657173687015,1683657173687427,412
1683657173688148,1683657173688545,397
1683657173689310,1683657173689621,311
1683657173694957,1683657173695322,365
1683657173696052,1683657173696449,397
1683657173697244,1683657173697534,290
1683657173702363,1683657173702517,154
1683657173710249,1683657173710558,309
1683657173718431,1683657173718654,223
1683657173726495,1683657173726688,193
1683657173727472,1683657173727812,340
1683657173734958,1683657173735358,400
1683657173736115,1683657173736511,396
1683657173737266,1683657173737630,364
1683657173738450,1683657173738823,373
1683657173739505,1683657173739851,346
1683657173740600,1683657173740974,374
1683657173741679,1683657173742013,334
1683657173742871,1683657173743219,348
1683657173751009,1683657173751923,914
1683657173752702,1683657173753040,338
1683657173753777,1683657173754105,328
1683657173754784,1683657173755082,298
1683657173755968,1683657173756274,306
1683657173757065,1683657173757441,376
1683657173758216,1683657173758606,390
1683657173759446,1683657173759757,311
1683657173766305,1683657173766491,186
1683657173774411,1683657173774655,244
1683657173782458,1683657173782688,230
1683657173783485,1683657173783795,310
1683657173784484,1683657173784845,361
1683657173785591,1683657173785907,316
1683657173786610,1683657173786971,361
1683657173787638,1683657173787990,352
1683657173788694,1683657173788993,299
1683657173789721,1683657173790034,313
1683657173798350,1683657173798585,235
1683657173806392,1683657173806661,269
1683657173807392,1683657173807759,367
1683657173808474,1683657173808843,369
1683657173809524,1683657173809816,292
1683657173810602,1683657173810965,363
1683657173811655,1683657173812004,349
1683657173812762,1683657173813122,360
1683657173813823,1683657173814128,305
1683657173814915,1683657173815211,296
1683657173816031,1683657173816346,315
1683657173817141,1683657173817496,355
1683657173818237,1683657173818616,379
1683657173819313,1683657173819642,329
1683657173820363,1683657173820745,382
1683657173821405,1683657173821792,387
1683657173822490,1683657173822779,289
1683657173823529,1683657173823861,332
1683657173824578,1683657173824960,382
1683657173825691,1683657173826082,391
1683657173838601,1683657173838937,336
1683657173851039,1683657173851355,316
1683657173858314,1683657173858474,160
1683657173866428,1683657173866676,248
1683657173874433,1683657173874735,302
1683657173882501,1683657173882686,185
1683657173890384,1683657173890659,275
1683657173891510,1683657173891862,352
1683657173892599,1683657173892983,384
1683657173893700,1683657173894031,331
1683657173902394,1683657173902551,157
1683657173910570,1683657173910954,384
1683657173911795,1683657173912145,350
1683657173912860,1683657173913187,327
1683657173913969,1683657173914311,342
1683657173915083,1683657173915433,350
1683657173916179,1683657173916520,341
1683657173924882,1683657173924909,27
1683657173925312,1683657173925739,427
1683657173938449,1683657173938673,224
1683657173946435,1683657173946716,281
1683657173947506,1683657173947834,328
1683657173948660,1683657173949052,392
1683657173949871,1683657173950197,326
1683657173950960,1683657173951365,405
1683657173952159,1683657173952516,357
1683657173953348,1683657173953691,343
1683657173954428,1683657173954751,323
1683657173955481,1683657173955852,371
1683657173956556,1683657173956885,329
1683657173962314,1683657173962512,198
1683657173970408,1683657173970653,245
1683657173978464,1683657173978703,239
1683657173979425,1683657173979790,365
1683657173980518,1683657173980942,424
1683657173981583,1683657173981942,359
1683657173982637,1683657173983023,386
1683657173983703,1683657173984073,370
1683657173984826,1683657173985159,333
1683657173985842,1683657173986229,387
1683657173986917,1683657173987304,387
1683657173988024,1683657173988401,377
1683657173989240,1683657173989565,325
1683657173996898,1683657173996924,26
1683657173997281,1683657173997659,378
1683657173998481,1683657173998804,323
1683657173999506,1683657173999821,315
1683657174006257,1683657174006479,222
1683657174014345,1683657174014621,276
1683657174022393,1683657174022642,249
1683657174023479,1683657174023836,357
1683657174033183,1683657174033500,317
1683657174034305,1683657174034646,341
1683657174035414,1683657174035757,343
1683657174036578,1683657174036936,358
1683657174037663,1683657174038029,366
1683657174046308,1683657174046485,177
1683657174054451,1683657174054702,251
1683657174062447,1683657174062694,247
1683657174070476,1683657174070680,204
1683657174079066,1683657174079457,391
1683657174080280,1683657174080645,365
1683657174081353,1683657174081691,338
1683657174082409,1683657174082748,339
1683657174083508,1683657174083847,339
1683657174084632,1683657174084957,325
1683657174085675,1683657174086015,340
1683657174086752,1683657174087093,341
1683657174087851,1683657174088176,325
1683657174088958,1683657174089303,345
1683657174096874,1683657174096901,27
1683657174097275,1683657174097658,383
1683657174098425,1683657174098744,319
1683657174099505,1683657174099794,289
1683657174100521,1683657174100856,335
1683657174101666,1683657174102003,337
1683657174108870,1683657174108897,27
1683657174109252,1683657174109642,390
1683657174110461,1683657174110728,267
1683657174111541,1683657174111876,335
1683657174112680,1683657174112994,314
1683657174113832,1683657174114158,326
1683657174114884,1683657174126372,11488
1683657174132834,1683657174134309,1475
1683657174135058,1683657174135400,342
1683657174136092,1683657174136411,319
1683657174137097,1683657174137445,348
1683657174138359,1683657174138700,341
1683657174139437,1683657174139790,353
1683657174140530,1683657174140832,302
1683657174141583,1683657174141933,350
1683657174142713,1683657174143048,335
1683657174143741,1683657174144068,327
1683657174144790,1683657174145107,317
1683657174145784,1683657174146099,315
1683657174146865,1683657174147223,358
1683657174147962,1683657174148248,286
1683657174148942,1683657174149289,347
1683657174150015,1683657174150601,586
1683657174151432,1683657174151764,332
1683657174152525,1683657174152854,329
1683657174162983,1683657174163284,301
1683657174164067,1683657174164397,330
1683657174165086,1683657174165414,328
1683657174175012,1683657174175402,390
1683657174181164,1683657174181555,391
1683657174182278,1683657174182604,326
1683657174183395,1683657174183720,325
1683657174184495,1683657174184845,350
1683657174185568,1683657174185934,366
1683657174186660,1683657174186989,329
1683657174187678,1683657174188006,328
1683657174188659,1683657174188992,333
1683657174189843,1683657174190104,261
1683657174190767,1683657174191090,323
1683657174191906,1683657174192178,272
1683657174192868,1683657174193198,330
1683657174193923,1683657174194322,399
1683657174195134,1683657174195492,358
1683657174196200,1683657174206333,10133
1683657174207129,1683657174207417,288
1683657174214987,1683657174215332,345
1683657174216107,1683657174216444,337
1683657174217287,1683657174217634,347
1683657174218329,1683657174218658,329
1683657174219445,1683657174219745,300
1683657174220441,1683657174220830,389
1683657174226360,1683657174226496,136
1683657174234384,1683657174234634,250
1683657174235354,1683657174235671,317
1683657174236409,1683657174236746,337
1683657174237534,1683657174237875,341
1683657174238673,1683657174238984,311
1683657174239757,1683657174240073,316
1683657174240832,1683657174241246,414
1683657174242058,1683657174242371,313
1683657174243066,1683657174254324,11258
1683657174255152,1683657174266397,11245
1683657174267213,1683657174278385,11172
1683657174279184,1683657174279477,293
1683657174284821,1683657174284973,152
1683657174285804,1683657174286155,351
1683657174286867,1683657174287169,302
1683657174287922,1683657174288272,350
1683657174288996,1683657174289359,363
1683657174290119,1683657174290456,337
1683657174291192,1683657174291548,356
1683657174292198,1683657174292529,331
1683657174293276,1683657174293579,303
1683657174294311,1683657174294637,326
1683657174295374,1683657174295703,329
1683657174302665,1683657174303050,385
1683657174303789,1683657174304103,314
1683657174304857,1683657174305192,335
1683657174305941,1683657174306260,319
1683657174306992,1683657174307314,322
1683657174308132,1683657174308438,306
1683657174309222,1683657174309472,250
1683657174310266,1683657174310552,286
1683657174314919,1683657174315262,343
1683657174315984,1683657174316329,345
1683657174317091,1683657174317437,346
1683657174322956,1683657174323319,363
1683657174324083,1683657174324400,317
1683657174332841,1683657174333028,187
1683657174340861,1683657174340883,22
1683657174341253,1683657174341652,399
1683657174342422,1683657174342782,360
1683657174343512,1683657174343822,310
1683657174350377,1683657174350529,152
1683657174358654,1683657174358909,255
1683657174366448,1683657174366677,229
1683657174374504,1683657174374734,230
1683657174382641,1683657174382934,293
1683657174383777,1683657174384106,329
1683657174384899,1683657174385267,368
1683657174385967,1683657174386305,338
1683657174387055,1683657174387395,340
1683657174388185,1683657174398302,10117
1683657174399118,1683657174399516,398
1683657174400258,1683657174400600,342
1683657174401417,1683657174401732,315
1683657174402465,1683657174414356,11891
1683657174416064,1683657174416416,352
1683657174417225,1683657174417557,332
1683657174418331,1683657174418683,352
1683657174419403,1683657174419759,356
1683657174420512,1683657174426362,5850
1683657174427188,1683657174427496,308
1683657174428321,1683657174428632,311
1683657174429383,1683657174429738,355
1683657174430465,1683657174430824,359
1683657174438333,1683657174438564,231
1683657174446528,1683657174446743,215
1683657174454514,1683657174454776,262
1683657174455549,1683657174455861,312
1683657174462613,1683657174462995,382
1683657174463713,1683657174464086,373
1683657174464857,1683657174465187,330
1683657174465958,1683657174466228,270
1683657174472895,1683657174472922,27
1683657174473284,1683657174473724,440
1683657174474463,1683657174474821,358
1683657174480903,1683657174480930,27
1683657174481314,1683657174481726,412
1683657174482427,1683657174482739,312
1683657174483465,1683657174483816,351
1683657174484492,1683657174484835,343
1683657174485591,1683657174485896,305
1683657174490954,1683657174491303,349
1683657174496873,1683657174496902,29
1683657174504890,1683657174505899,1009
1683657174510523,1683657174510771,248
1683657174518927,1683657174519231,304
1683657174520021,1683657174520330,309
1683657174521110,1683657174521399,289
1683657174522162,1683657174522565,403
1683657174523295,1683657174523667,372
1683657174524377,1683657174524698,321
1683657174525397,1683657174525754,357
1683657174526466,1683657174526806,340
1683657174527482,1683657174527865,383
1683657174528540,1683657174528919,379
1683657174536859,1683657174536969,110
1683657174537789,1683657174538116,327
1683657174538865,1683657174539204,339
1683657174544900,1683657174544935,35
1683657174552870,1683657174553317,447
1683657174554052,1683657174554415,363
1683657174555151,1683657174555483,332
1683657174556203,1683657174556590,387
1683657174557253,1683657174557593,340
1683657174558319,1683657174558665,346
1683657174559417,1683657174566522,7105
1683657174567275,1683657174567647,372
1683657174568348,1683657174568674,326
1683657174569354,1683657174569763,409
1683657174574965,1683657174575275,310
1683657174576105,1683657174576431,326
1683657174577143,1683657174577467,324
1683657174582922,1683657174583338,416
1683657174584106,1683657174590278,6172
1683657174591075,1683657174591407,332
1683657174592187,1683657174592501,314
1683657174593310,1683657174593634,324
1683657174594380,1683657174606321,11941
1683657174607182,1683657174607534,352
1683657174608334,1683657174608608,274
1683657174609404,1683657174609760,356
1683657174614971,1683657174615368,397
1683657174616083,1683657174616425,342
1683657174617122,1683657174617424,302
1683657174618201,1683657174618565,364
1683657174619338,1683657174619660,322
1683657174620397,1683657174626357,5960
1683657174627172,1683657174627514,342
1683657174628263,1683657174634356,6093
1683657174635236,1683657174635557,321
1683657174636298,1683657174636673,375
1683657174637390,1683657174637709,319
1683657174638376,1683657174638724,348
1683657174644786,1683657174644933,147
1683657174662825,1683657174663113,288
1683657174663904,1683657174664226,322
1683657174665016,1683657174665392,376
1683657174666228,1683657174666582,354
1683657174667347,1683657174667692,345
1683657174668475,1683657174668794,319
1683657174669472,1683657174669812,340
1683657174670604,1683657174670910,306
1683657174671698,1683657174672030,332
1683657174672736,1683657174673066,330
1683657174673708,1683657174674073,365
1683657174674748,1683657174675077,329
1683657174675779,1683657174676078,299
1683657174676822,1683657174677161,339
1683657174677848,1683657174678177,329
1683657174678865,1683657174679211,346
1683657174679843,1683657174680214,371
1683657174680927,1683657174681269,342
1683657174681994,1683657174682316,322
1683657174683137,1683657174683415,278
1683657174684109,1683657174684466,357
1683657174685214,1683657174690319,5105
1683657174691071,1683657174691395,324
1683657174692115,1683657174692478,363
1683657174693098,1683657174693479,381
1683657174694234,1683657174694570,336
1683657174695274,1683657174695627,353
1683657174703091,1683657174703368,277
1683657174704164,1683657174704513,349
1683657174705316,1683657174705645,329
1683657174706339,1683657174706680,341
1683657174711017,1683657174711339,322
1683657174712051,1683657174712365,314
1683657174718976,1683657174719341,365
1683657174720067,1683657174720384,317
1683657174721173,1683657174721496,323
1683657174722357,1683657174722609,252
1683657174730322,1683657174730504,182
1683657174738398,1683657174738670,272
1683657174739349,1683657174739779,430
1683657174740433,1683657174740813,380
1683657174741445,1683657174741789,344
1683657174746950,1683657174747298,348
1683657174748016,1683657174748341,325
1683657174749036,1683657174749350,314
1683657174750080,1683657174750418,338
1683657174755007,1683657174755351,344
1683657174756074,1683657174756380,306
1683657174757094,1683657174757470,376
1683657174758153,1683657174766324,8171
1683657174767128,1683657174767459,331
1683657174768229,1683657174768555,326
1683657174769322,1683657174769665,343
1683657174770417,1683657174770783,366
1683657174771617,1683657174771837,220
1683657174772586,1683657174772905,319
1683657174773685,1683657174774039,354
1683657174780899,1683657174780925,26
1683657174781301,1683657174781693,392
1683657174788898,1683657174788925,27
1683657174789259,1683657174789741,482
1683657174790384,1683657174790727,343
1683657174791431,1683657174791706,275
1683657174792375,1683657174798345,5970
1683657174799186,1683657174806340,7154
1683657174807117,1683657174807430,313
1683657174814983,1683657174815352,369
1683657174816054,1683657174816431,377
1683657174817188,1683657174817545,357
1683657174822940,1683657174823267,327
1683657174823991,1683657174824313,322
1683657174828875,1683657174828902,27
1683657174829250,1683657174829690,440
1683657174833144,1683657174833468,324
1683657174834171,1683657174846406,12235
1683657174862274,1683657174862512,238
1683657174863177,1683657174863505,328
1683657174864311,1683657174864684,373
1683657174870968,1683657174871332,364
1683657174872081,1683657174872371,290
1683657174873137,1683657174873482,345
1683657174874220,1683657174886304,12084
1683657174887202,1683657174894362,7160
1683657174895274,1683657174895589,315
1683657174904873,1683657174904900,27
1683657174905250,1683657174905764,514
1683657174910347,1683657174910605,258
1683657174911448,1683657174911706,258
1683657174919001,1683657174919422,421
1683657174920117,1683657174920461,344
1683657174921239,1683657174921621,382
1683657174922411,1683657174922749,338
1683657174923461,1683657174923795,334
1683657174924523,1683657174924869,346
1683657174925596,1683657174925912,316
1683657174926656,1683657174934354,7698
1683657174935165,1683657174935515,350
1683657174943012,1683657174943321,309
1683657174944230,1683657174954383,10153
1683657174955269,1683657174955640,371
1683657174956418,1683657174956812,394
1683657174965219,1683657174965583,364
1683657174966313,1683657174966655,342
1683657174976880,1683657174976907,27
1683657174977272,1683657174977738,466
1683657174978610,1683657174978941,331
1683657174979635,1683657174979963,328
1683657174980637,1683657174988758,8121
1683657174989584,1683657174989930,346
1683657174990663,1683657174998348,7685
1683657174999062,1683657174999404,342
1683657175000177,1683657175000505,328
1683657175001166,1683657175001501,335
1683657175002261,1683657175002586,325
1683657175006984,1683657175010370,3386
1683657175011066,1683657175022359,11293
1683657175023379,1683657175023663,284
1683657175024410,1683657175024796,386
1683657175025468,1683657175025815,347
1683657175026514,1683657175026876,362
1683657175027583,1683657175027957,374
1683657175028650,1683657175028976,326
1683657175029687,1683657175030064,377
1683657175030822,1683657175031186,364
1683657175031939,1683657175032302,363
1683657175033002,1683657175038308,5306
1683657175039043,1683657175039346,303
1683657175040170,1683657175040472,302
1683657175041249,1683657175041574,325
1683657175046972,1683657175047325,353
1683657175048109,1683657175048434,325
1683657175049171,1683657175049536,365
1683657175055019,1683657175055319,300
1683657175056129,1683657175056446,317
1683657175057248,1683657175057589,341
1683657175058336,1683657175058643,307
1683657175059427,1683657175059775,348
1683657175060553,1683657175060921,368
1683657175061616,1683657175061924,308
1683657175068839,1683657175070324,1485
1683657175071079,1683657175071357,278
1683657175072246,1683657175072572,326
1683657175073295,1683657175078331,5036
1683657175086250,1683657175086434,184
1683657175087208,1683657175098345,11137
1683657175099192,1683657175099529,337
1683657175100254,1683657175100611,357
1683657175107010,1683657175107403,393
1683657175108196,1683657175108479,283
1683657175109296,1683657175109543,247
1683657175110382,1683657175110683,301
1683657175111515,1683657175111872,357
1683657175116749,1683657175116918,169
1683657175117720,1683657175118076,356
1683657175118820,1683657175119172,352
1683657175119911,1683657175120241,330
1683657175121044,1683657175121345,301
1683657175122121,1683657175122450,329
1683657175123196,1683657175134495,11299
1683657175135094,1683657175135447,353
1683657175136081,1683657175136436,355
1683657175137113,1683657175137416,303
1683657175144910,1683657175144938,28
1683657175145331,1683657175145723,392
1683657175146454,1683657175146761,307
1683657175151094,1683657175151415,321
1683657175152133,1683657175152469,336
1683657175153143,1683657175153483,340
1683657175154273,1683657175154592,319
1683657175155224,1683657175155541,317
1683657175156184,1683657175156522,338
1683657175157254,1683657175157565,311
1683657175158269,1683657175158612,343
1683657175159264,1683657175159632,368
1683657175160399,1683657175160803,404
1683657175176735,1683657175176830,95
1683657175177564,1683657175177890,326
1683657175178710,1683657175179051,341
1683657175179703,1683657175180056,353
1683657175180807,1683657175181145,338
1683657175181829,1683657175182188,359
1683657175182870,1683657175183208,338
1683657175183925,1683657175184205,280
1683657175185024,1683657175185335,311
1683657175186006,1683657175194579,8573
1683657175195414,1683657175195779,365
1683657175196526,1683657175196842,316
1683657175197625,1683657175197985,360
1683657175198743,1683657175206358,7615
1683657175207118,1683657175207496,378
1683657175208268,1683657175208636,368
1683657175209411,1683657175209730,319
1683657175215007,1683657175215365,358
1683657175216146,1683657175216455,309
1683657175223005,1683657175223349,344
1683657175224150,1683657175224455,305
1683657175231004,1683657175231382,378
1683657175232100,1683657175232420,320
1683657175233137,1683657175233464,327
1683657175234154,1683657175234477,323
1683657175235306,1683657175235621,315
1683657175236300,1683657175236634,334
1683657175237392,1683657175237730,338
1683657175238375,1683657175238708,333
1683657175239394,1683657175239722,328
1683657175240475,1683657175240835,360
1683657175241479,1683657175241792,313
1683657175242480,1683657175250333,7853
1683657175251199,1683657175251517,318
1683657175252306,1683657175252660,354
1683657175253451,1683657175253825,374
1683657175254557,1683657175254877,320
1683657175255567,1683657175255895,328
1683657175256650,1683657175257009,359
1683657175266999,1683657175267337,338
1683657175268150,1683657175268496,346
1683657175269216,1683657175269586,370
1683657175270314,1683657175270630,316
1683657175271400,1683657175271720,320
1683657175272418,1683657175272845,427
1683657175273452,1683657175273815,363
1683657175274451,1683657175274864,413
1683657175275597,1683657175275882,285
1683657175276525,1683657175276860,335
1683657175277455,1683657175277857,402
1683657175278612,1683657175278913,301
1683657175279630,1683657175290368,10738
1683657175291098,1683657175291428,330
1683657175292217,1683657175302429,10212
1683657175303112,1683657175303464,352
1683657175304179,1683657175304597,418
1683657175305326,1683657175305693,367
1683657175306364,1683657175318359,11995
1683657175319140,1683657175326306,7166
1683657175327189,1683657175327434,245
1683657175328241,1683657175328551,310
1683657175329339,1683657175329673,334
1683657175334998,1683657175335357,359
1683657175336129,1683657175336419,290
1683657175337187,1683657175337545,358
1683657175342997,1683657175343339,342
1683657175344099,1683657175344369,270
1683657175352749,1683657175352935,186
1683657175353668,1683657175353946,278
1683657175354655,1683657175355002,347
1683657175355761,1683657175356038,277
1683657175356815,1683657175366328,9513
1683657175367109,1683657175367444,335
1683657175368213,1683657175368544,331
1683657175369303,1683657175369617,314
1683657175370370,1683657175370753,383
1683657175371592,1683657175378364,6772
1683657175379106,1683657175379469,363
1683657175380277,1683657175380525,248
1683657175381331,1683657175381606,275
1683657175382382,1683657175382648,266
1683657175383435,1683657175383742,307
1683657175388905,1683657175388932,27
1683657175389319,1683657175389698,379
1683657175390410,1683657175390781,371
1683657175391562,1683657175391874,312
1683657175392597,1683657175392953,356
1683657175393666,1683657175393866,200
1683657175394647,1683657175394927,280
1683657175395712,1683657175396010,298
1683657175396715,1683657175397059,344
1683657175397671,1683657175398016,345
1683657175398725,1683657175399043,318
1683657175399844,1683657175400164,320
1683657175406935,1683657175407278,343
1683657175407960,1683657175408310,350
1683657175409030,1683657175409336,306
1683657175409984,1683657175410332,348
1683657175414950,1683657175415312,362
1683657175415987,1683657175416365,378
1683657175417101,1683657175417406,305
1683657175418149,1683657175418460,311
1683657175419188,1683657175419527,339
1683657175420249,1683657175420574,325
1683657175421285,1683657175421646,361
1683657175422385,1683657175422683,298
1683657175423403,1683657175423679,276
1683657175424468,1683657175424829,361
1683657175425560,1683657175425914,354
1683657175426571,1683657175426901,330
1683657175427617,1683657175427948,331
1683657175428687,1683657175429020,333
1683657175429721,1683657175430056,335
1683657175430788,1683657175431082,294
1683657175431806,1683657175432153,347
1683657175432896,1683657175433199,303
1683657175438971,1683657175439316,345
1683657175440012,1683657175440337,325
1683657175441022,1683657175441357,335
1683657175442100,1683657175442437,337
1683657175443231,1683657175443543,312
1683657175444261,1683657175444616,355
1683657175452879,1683657175452906,27
1683657175453243,1683657175453647,404
1683657175454411,1683657175454682,271
1683657175455426,1683657175455728,302
1683657175456464,1683657175456823,359
1683657175457551,1683657175457934,383
1683657175458731,1683657175459043,312
1683657175459735,1683657175460071,336
1683657175460817,1683657175470331,9514
1683657175471088,1683657175471408,320
1683657175472158,1683657175482338,10180
1683657175483060,1683657175483416,356
1683657175484094,1683657175484434,340
1683657175485255,1683657175485609,354
1683657175486324,1683657175486639,315
1683657175487369,1683657175498383,11014
1683657175499232,1683657175499562,330
1683657175500347,1683657175500707,360
1683657175501511,1683657175501884,373
1683657175502587,1683657175502914,327
1683657175503679,1683657175504024,345
1683657175504808,1683657175505054,246
1683657175517217,1683657175517555,338
1683657175518369,1683657175518676,307
1683657175524884,1683657175524919,35
1683657175525303,1683657175525806,503
1683657175538326,1683657175538545,219
1683657175546429,1683657175546653,224
1683657175547340,1683657175547756,416
1683657175548413,1683657175548797,384
1683657175549537,1683657175549902,365
1683657175550668,1683657175551020,352
1683657175551772,1683657175552103,331
1683657175552857,1683657175553217,360
1683657175553969,1683657175558304,4335
1683657175561083,1683657175561437,354
1683657175562192,1683657175562568,376
1683657175563261,1683657175563619,358
1683657175564511,1683657175564870,359
1683657175565640,1683657175565987,347
1683657175566687,1683657175578327,11640
1683657175579107,1683657175579502,395
1683657175580243,1683657175580527,284
1683657175581382,1683657175581701,319
1683657175588756,1683657175588942,186
1683657175589686,1683657175594340,4654
1683657175602388,1683657175602633,245
1683657175610630,1683657175610891,261
1683657175611539,1683657175618352,6813
1683657175619193,1683657175619548,355
1683657175627078,1683657175627358,280
1683657175628080,1683657175628473,393
1683657175629216,1683657175629562,346
1683657175634982,1683657175635341,359
1683657175636095,1683657175636437,342
1683657175637166,1683657175637545,379
1683657175638246,1683657175638605,359
1683657175644693,1683657175644902,209
1683657175645845,1683657175646156,311
1683657175646921,1683657175647270,349
1683657175648103,1683657175648409,306
1683657175649149,1683657175649438,289
1683657175650219,1683657175650523,304
1683657175661158,1683657175662375,1217
1683657175670387,1683657175670603,216
1683657175678455,1683657175678729,274
1683657175679518,1683657175679822,304
1683657175680598,1683657175680908,310
1683657175688797,1683657175688991,194
1683657175689737,1683657175690110,373
1683657175690877,1683657175691195,318
1683657175691951,1683657175692275,324
1683657175693080,1683657175693416,336
1683657175694161,1683657175702352,8191
1683657175703081,1683657175714365,11284
1683657175715006,1683657175715355,349
1683657175720826,1683657175720985,159
1683657175721765,1683657175722056,291
1683657175727002,1683657175727319,317
1683657175728165,1683657175728569,404
1683657175729350,1683657175729721,371
1683657175730456,1683657175730772,316
1683657175731526,1683657175731895,369
1683657175732635,1683657175742316,9681
1683657175743158,1683657175743500,342
1683657175744179,1683657175744510,331
1683657175752784,1683657175752975,191
1683657175753650,1683657175762301,8651
1683657175763138,1683657175763451,313
1683657175764185,1683657175770299,6114
1683657175771139,1683657175778385,7246
1683657175779116,1683657175779458,342
1683657175780208,1683657175780536,328
1683657175781334,1683657175786330,4996
1683657175787235,1683657175787500,265
1683657175788235,1683657175788584,349
1683657175789372,1683657175789681,309
1683657175790870,1683657175791080,210
1683657175791810,1683657175792102,292
1683657175792815,1683657175793164,349
1683657175801120,1683657175801450,330
1683657175802174,1683657175802503,329
1683657175803245,1683657175803546,301
1683657175804218,1683657175804600,382
1683657175805283,1683657175805637,354
1683657175813116,1683657175813471,355
1683657175814252,1683657175814562,310
1683657175815328,1683657175815674,346
1683657175816490,1683657175816864,374
1683657175817540,1683657175817861,321
1683657175824918,1683657175824945,27
1683657175825401,1683657175825811,410
1683657175826546,1683657175826883,337
1683657175834932,1683657175835232,300
1683657175836165,1683657175842286,6121
1683657175843063,1683657175843403,340
1683657175844176,1683657175844471,295
1683657175860691,1683657175860785,94
1683657175869276,1683657175869632,356
1683657175870433,1683657175870705,272
1683657175871528,1683657175871778,250
1683657175872563,1683657175872912,349
1683657175873714,1683657175874008,294
1683657175874760,1683657175875043,283
1683657175875828,1683657175876179,351
1683657175876933,1683657175877255,322
1683657175878090,1683657175878364,274
1683657175879148,1683657175879473,325
1683657175880276,1683657175880589,313
1683657175881265,1683657175881608,343
1683657175896905,1683657175896933,28
1683657175897316,1683657175897751,435
1683657175902235,1683657175902476,241
1683657175903200,1683657175903524,324
1683657175904383,1683657175904717,334
1683657175905496,1683657175905847,351
1683657175906624,1683657175906978,354
1683657175907727,1683657175908037,310
1683657175908952,1683657175909077,125
1683657175909883,1683657175910180,297
1683657175910984,1683657175911291,307
1683657175912003,1683657175912402,399
1683657175913113,1683657175918306,5193
1683657175919170,1683657175919480,310
1683657175920273,1683657175920610,337
1683657175921344,1683657175921697,353
1683657175922493,1683657175934286,11793
1683657175935124,1683657175935450,326
1683657175936320,1683657175936552,232
1683657175937353,1683657175937677,324
1683657175938461,1683657175938793,332
1683657175939606,1683657175939866,260
1683657175940644,1683657175940957,313
1683657175941653,1683657175941987,334
1683657175942715,1683657175943026,311
1683657175943793,1683657175944140,347
1683657175944892,1683657175945121,229
1683657175945934,1683657175946236,302
1683657175946991,1683657175947316,325
1683657175948101,1683657175948440,339
1683657175949233,1683657175949547,314
1683657175950330,1683657175950664,334
1683657175951490,1683657175962317,10827
1683657175963126,1683657175963430,304
1683657175964192,1683657175964506,314
1683657175965208,1683657175965609,401
1683657175966407,1683657175966701,294
1683657175967498,1683657175967783,285
1683657175975039,1683657175975394,355
1683657175976144,1683657175976439,295
1683657175977178,1683657175977484,306
1683657175984731,1683657175984952,221
1683657175992923,1683657175992950,27
1683657175993391,1683657175993842,451
1683657175998210,1683657175998464,254
1683657176006408,1683657176012859,6451
1683657176024839,1683657176025299,460
1683657176026034,1683657176026402,368
1683657176027220,1683657176027547,327
1683657176028309,1683657176028765,456
1683657176029479,1683657176029777,298
1683657176030499,1683657176030848,349
1683657176031564,1683657176031872,308
1683657176032580,1683657176032945,365
1683657176033608,1683657176033961,353
1683657176034629,1683657176034960,331
1683657176035804,1683657176046362,10558
1683657176054370,1683657176054658,288
1683657176062374,1683657176062603,229
1683657176070389,1683657176070674,285
1683657176071424,1683657176071780,356
1683657176072524,1683657176072894,370
1683657176079040,1683657176079326,286
1683657176080132,1683657176080443,311
1683657176081241,1683657176081570,329
1683657176082361,1683657176082718,357
1683657176083435,1683657176083794,359
1683657176084423,1683657176084824,401
1683657176085479,1683657176085851,372
1683657176086510,1683657176086929,419
1683657176087612,1683657176087959,347
1683657176088701,1683657176094337,5636
1683657176101249,1683657176101647,398
1683657176102355,1683657176102638,283
1683657176109034,1683657176109472,438
1683657176110120,1683657176110494,374
1683657176121341,1683657176121679,338
1683657176122423,1683657176122792,369
1683657176123499,1683657176123854,355
1683657176124591,1683657176124917,326
1683657176133251,1683657176133525,274
1683657176140820,1683657176140843,23
1683657176148856,1683657176149293,437
1683657176150040,1683657176150278,238
1683657176151103,1683657176151495,392
1683657176152189,1683657176152539,350
1683657176153215,1683657176153593,378
1683657176154251,1683657176154554,303
1683657176155294,1683657176155667,373
1683657176156349,1683657176156741,392
1683657176157508,1683657176157767,259
1683657176158472,1683657176158845,373
1683657176159533,1683657176159886,353
1683657176160589,1683657176160923,334
1683657176161665,1683657176162010,345
1683657176173170,1683657176173522,352
1683657176174328,1683657176174757,429
1683657176175468,1683657176175824,356
1683657176176548,1683657176176875,327
1683657176177601,1683657176177940,339
1683657176184822,1683657176184845,23
1683657176185146,1683657176185563,417
1683657176190259,1683657176190471,212
1683657176191163,1683657176191505,342
1683657176192214,1683657176192583,369
1683657176198963,1683657176199355,392
1683657176200069,1683657176200418,349
1683657176201181,1683657176201511,330
1683657176202172,1683657176202519,347
1683657176203195,1683657176203523,328
1683657176204281,1683657176204636,355
1683657176205378,1683657176205724,346
1683657176206436,1683657176206810,374
1683657176207557,1683657176207836,279
1683657176208572,1683657176208882,310
1683657176209552,1683657176209903,351
1683657176216828,1683657176216851,23
1683657176217191,1683657176217641,450
1683657176222380,1683657176222609,229
1683657176230395,1683657176230650,255
1683657176240834,1683657176240858,24
1683657176241159,1683657176241615,456
1683657176242350,1683657176254464,12114
1683657176255080,1683657176255515,435
1683657176256328,1683657176256687,359
1683657176257329,1683657176257727,398
1683657176258301,1683657176258671,370
1683657176259428,1683657176266386,6958
1683657176267097,1683657176267451,354
1683657176268227,1683657176268592,365
1683657176269322,1683657176269724,402
1683657176270320,1683657176270714,394
1683657176271458,1683657176271832,374
1683657176272519,1683657176278371,5852
1683657176279063,1683657176279442,379
1683657176280183,1683657176280535,352
1683657176286976,1683657176287373,397
1683657176292991,1683657176293429,438
1683657176294100,1683657176294508,408
1683657176295215,1683657176295578,363
1683657176296264,1683657176296618,354
1683657176297436,1683657176297794,358
1683657176298597,1683657176298905,308
1683657176299596,1683657176299944,348
1683657176300738,1683657176301026,288
1683657176306954,1683657176307423,469
1683657176308197,1683657176308547,350
1683657176309237,1683657176309580,343
1683657176310242,1683657176310606,364
1683657176311334,1683657176311701,367
1683657176312436,1683657176312668,232
1683657176313438,1683657176318348,4910
1683657176319119,1683657176319524,405
1683657176320214,1683657176320554,340
1683657176321271,1683657176321658,387
1683657176322358,1683657176322748,390
1683657176323613,1683657176323970,357
1683657176324695,1683657176324991,296
1683657176325661,1683657176326003,342
1683657176326704,1683657176327073,369
1683657176335027,1683657176335414,387
1683657176336106,1683657176336514,408
1683657176337262,1683657176337525,263
1683657176338213,1683657176338563,350
1683657176339309,1683657176339653,344
1683657176340345,1683657176340721,376
1683657176341402,1683657176341791,389
1683657176342576,1683657176342966,390
1683657176343616,1683657176344002,386
1683657176344727,1683657176345025,298
1683657176345865,1683657176346243,378
1683657176346933,1683657176347312,379
1683657176352825,1683657176352847,22
1683657176360894,1683657176361322,428
1683657176366370,1683657176366641,271
1683657176367298,1683657176378438,11140
1683657176379110,1683657176379478,368
1683657176380172,1683657176380580,408
1683657176387009,1683657176387427,418
1683657176388144,1683657176388506,362
1683657176389319,1683657176389656,337
1683657176390342,1683657176390705,363
1683657176391465,1683657176391802,337
1683657176392577,1683657176392889,312
1683657176393684,1683657176394035,351
1683657176394694,1683657176395151,457
1683657176395880,1683657176396127,247
1683657176396910,1683657176397330,420
1683657176412626,1683657176412967,341
1683657176413572,1683657176413912,340
1683657176414707,1683657176415100,393
1683657176415772,1683657176416102,330
