1683499957165936,1683499957181106d,15170
1683499957181527,1683499957182088d,561
1683499957190831,1683499957191253d,422
1683499957196834,1683499957197533d,699
1683499957197805,1683499957198307d,502
1683499957198749,1683499957206871d,8122
1683499957207305,1683499957207828d,523
1683499957214396,1683499957219752d,5356
1683499957220079,1683499957220776d,697
1683499957221175,1683499957221755d,580
1683499957222082,1683499957222653d,571
1683499957222963,1683499957223554d,591
1683499957223870,1683499957224378d,508
1683499957224856,1683499957225435d,579
1683499957232429,1683499957232957d,528
1683499957241199,1683499957246834d,5635
1683499957247346,1683499957247937d,591
1683499957248301,1683499957256171d,7870
1683499957256475,1683499957256929d,454
1683499957266863,1683499957274837d,7974
1683499957275221,1683499957275817d,596
1683499957276195,1683499957282725d,6530
1683499957283203,1683499957290416d,7213
1683499957295739,1683499957296097d,358
1683499957296726,1683499957306837d,10111
1683499957306984,1683499957308779d,1795
1683499957309149,1683499957309600d,451
1683499957309977,1683499957310502d,525
1683499957310839,1683499957311274d,435
1683499957311699,1683499957312047d,348
1683499957319741,1683499957327723d,7982
1683499957335785,1683499957336123d,338
1683499957336761,1683499957337141d,380
1683499957337735,1683499957338070d,335
1683499957338772,1683499957339099d,327
1683499957339615,1683499957339975d,360
1683499957340364,1683499957340766d,402
1683499957344801,1683499957345339d,538
1683499957353440,1683499957361436d,7996
1683499957361579,1683499957362366d,787
1683499957362672,1683499957363222d,550
1683499957372221,1683499957380117d,7896
1683499957388068,1683499957396090d,8022
1683499957396284,1683499957396860d,576
1683499957397354,1683499957402881d,5527
1683499957403099,1683499957403676d,577
1683499957404006,1683499957410244d,6238
1683499957410624,1683499957411101d,477
1683499957411500,1683499957418597d,7097
1683499957418935,1683499957419434d,499
1683499957419821,1683499957420284d,463
1683499957420677,1683499957421116d,439
1683499957421649,1683499957422008d,359
1683499957422444,1683499957422874d,430
1683499957423281,1683499957423748d,467
1683499957424121,1683499957424509d,388
1683499957424973,1683499957425430d,457
1683499957430890,1683499957438863d,7973
1683499957439152,1683499957439832d,680
1683499957440166,1683499957447342d,7176
1683499957447887,1683499957448390d,503
1683499957448887,1683499957456826d,7939
1683499957457447,1683499957458019d,572
1683499957458365,1683499957458909d,544
1683499957459315,1683499957459786d,471
1683499957470819,1683499957471059d,240
1683499957482905,1683499957483696d,791
1683499957491725,1683499957499782d,8057
1683499957499809,1683499957500817d,1008
1683499957501631,1683499957501988d,357
1683499957508914,1683499957509499d,585
1683499957517377,1683499957517698d,321
1683499957518193,1683499957518682d,489
1683499957519230,1683499957524915d,5685
1683499957525467,1683499957525895d,428
1683499957526389,1683499957527835d,1446
1683499957538885,1683499957539167d,282
1683499957546631,1683499957547155d,524
1683499957547824,1683499957548220d,396
1683499957548663,1683499957549290d,627
1683499957549573,1683499957550267d,694
1683499957550570,1683499957551168d,598
1683499957559287,1683499957559726d,439
1683499957560198,1683499957560681d,483
1683499957561251,1683499957561634d,383
1683499957562328,1683499957562792d,464
1683499957563390,1683499957563941d,551
1683499957564349,1683499957564801d,452
1683499957572269,1683499957572642d,373
1683499957573191,1683499957573706d,515
1683499957574051,1683499957574460d,409
1683499957574897,1683499957580325d,5428
1683499957581130,1683499957587223d,6093
1683499957588322,1683499957588978d,656
1683499957589311,1683499957589692d,381
1683499957590120,1683499957595731d,5611
1683499957596317,1683499957596847d,530
1683499957597419,1683499957597673d,254
1683499957598191,1683499957598551d,360
1683499957599055,1683499957606679d,7624
1683499957611694,1683499957614300d,2606
1683499957614831,1683499957615891d,1060
1683499957616542,1683499957616921d,379
1683499957617795,1683499957626585d,8790
1683499957634336,1683499957634962d,626
1683499957642664,1683499957647718d,5054
1683499957647742,1683499957655727d,7985
1683499957656363,1683499957656842d,479
1683499957657346,1683499957657946d,600
1683499957663299,1683499957663370d,71
1683499957664222,1683499957670832d,6610
1683499957671229,1683499957671725d,496
1683499957682927,1683499957683610d,683
1683499957690397,1683499957690720d,323
1683499957702849,1683499957703658d,809
1683499957703981,1683499957704585d,604
1683499957705033,1683499957705719d,686
1683499957706054,1683499957706719d,665
1683499957707024,1683499957707579d,555
1683499957714671,1683499957714951d,280
1683499957721125,1683499957728193d,7068
1683499957736133,1683499957736248d,115
1683499957742811,1683499957744100d,1289
1683499957750583,1683499957750904d,321
1683499957759242,1683499957766835d,7593
1683499957767018,1683499957767803d,785
1683499957774387,1683499957774986d,599
1683499957775251,1683499957775720d,469
1683499957776005,1683499957776510d,505
1683499957776830,1683499957777347d,517
1683499957777750,1683499957778177d,427
1683499957783729,1683499957791717d,7988
1683499957792098,1683499957792750d,652
1683499957800838,1683499957802043d,1205
1683499957802371,1683499957803058d,687
1683499957803407,1683499957803959d,552
1683499957810396,1683499957810899d,503
1683499957811328,1683499957811763d,435
1683499957812180,1683499957812505d,325
1683499957812957,1683499957813470d,513
1683499957820137,1683499957820333d,196
1683499957828332,1683499957828795d,463
1683499957834667,1683499957835623d,956
1683499957842365,1683499957842688d,323
1683499957843321,1683499957848276d,4955
1683499957848530,1683499957849192d,662
1683499957849384,1683499957858833d,9449
1683499957866812,1683499957878839d,12027
1683499957879964,1683499957880755d,791
1683499957881135,1683499957882009d,874
1683499957888175,1683499957888519d,344
1683499957888955,1683499957889302d,347
1683499957889719,1683499957890090d,371
1683499957890496,1683499957890961d,465
1683499957897197,1683499957897637d,440
1683499957903740,1683499957904329d,589
1683499957904740,1683499957905257d,517
1683499957910934,1683499957913273d,2339
1683499957913919,1683499957922818d,8899
1683499957923103,1683499957923742d,639
1683499957930835,1683499957931138d,303
1683499957936793,1683499957937420d,627
1683499957939421,1683499957940081d,660
1683499957940495,1683499957940972d,477
1683499957941442,1683499957948239d,6797
1683499957956285,1683499957956619d,334
1683499957957111,1683499957963731d,6620
1683499957964295,1683499957964886d,591
1683499957965390,1683499957965785d,395
1683499957970349,1683499957970700d,351
1683499957978638,1683499957979187d,549
1683499957979595,1683499957980074d,479
1683499957980534,1683499957980945d,411
1683499957981386,1683499957981812d,426
1683499957987726,1683499957988304d,578
1683499957988838,1683499957996892d,8054
1683499958003286,1683499958003463d,177
1683499958004016,1683499958004363d,347
1683499958004806,1683499958005336d,530
1683499958005650,1683499958006205d,555
1683499958014823,1683499958015066d,243
1683499958016315,1683499958024090d,7775
1683499958024349,1683499958024872d,523
1683499958025237,1683499958030341d,5104
1683499958030686,1683499958031344d,658
1683499958031685,1683499958032167d,482
1683499958032541,1683499958033134d,593
1683499958041255,1683499958041735d,480
1683499958042182,1683499958050882d,8700
1683499958051539,1683499958055717d,4178
1683499958056355,1683499958056942d,587
1683499958057463,1683499958057990d,527
1683499958062297,1683499958062870d,573
1683499958070831,1683499958071138d,307
1683499958078634,1683499958079208d,574
1683499958084170,1683499958084621d,451
1683499958085135,1683499958085532d,397
1683499958088213,1683499958088687d,474
1683499958089122,1683499958089661d,539
1683499958090176,1683499958090633d,457
1683499958091027,1683499958091444d,417
1683499958099230,1683499958099465d,235
1683499958100089,1683499958105498d,5409
1683499958105763,1683499958106309d,546
1683499958106771,1683499958107218d,447
1683499958107610,1683499958108292d,682
1683499958108579,1683499958109072d,493
1683499958109464,1683499958109924d,460
1683499958110344,1683499958118253d,7909
1683499958119252,1683499958119678d,426
1683499958120231,1683499958120634d,403
1683499958121220,1683499958121624d,404
1683499958122106,1683499958122465d,359
1683499958123034,1683499958123410d,376
1683499958123996,1683499958129161d,5165
1683499958129499,1683499958130363d,864
1683499958130815,1683499958138868d,8053
1683499958150839,1683499958151548d,709
1683499958151892,1683499958158903d,7011
1683499958159534,1683499958159887d,353
1683499958165323,1683499958165651d,328
1683499958166212,1683499958170834d,4622
1683499958171155,1683499958178566d,7411
1683499958178903,1683499958179566d,663
1683499958179910,1683499958180381d,471
1683499958180970,1683499958187700d,6730
1683499958188222,1683499958188690d,468
1683499958189127,1683499958189506d,379
1683499958190027,1683499958190341d,314
1683499958191704,1683499958191866d,162
1683499958198707,1683499958199057d,350
1683499958199553,1683499958207712d,8159
1683499958215728,1683499958216326d,598
1683499958216773,1683499958217331d,558
1683499958217527,1683499958218238d,711
1683499958218449,1683499958219100d,651
1683499958219375,1683499958226854d,7479
1683499958238924,1683499958239687d,763
1683499958247698,1683499958248026d,328
1683499958254847,1683499958255136d,289
1683499958255683,1683499958256188d,505
1683499958256476,1683499958257019d,543
1683499958257334,1683499958257787d,453
1683499958258316,1683499958258973d,657
1683499958259271,1683499958259735d,464
1683499958260132,1683499958267411d,7279
1683499958267945,1683499958268348d,403
1683499958268761,1683499958275721d,6960
1683499958276410,1683499958276966d,556
1683499958282901,1683499958294862d,11961
1683499958295142,1683499958295751d,609
1683499958296114,1683499958296585d,471
1683499958302841,1683499958303059d,218
1683499958304054,1683499958316193d,12139
1683499958316375,1683499958317059d,684
1683499958317257,1683499958317858d,601
1683499958318273,1683499958318802d,529
1683499958319231,1683499958324288d,5057
1683499958332227,1683499958340290d,8063
1683499958340697,1683499958341258d,561
1683499958341655,1683499958347170d,5515
1683499958347391,1683499958348211d,820
1683499958356139,1683499958356370d,231
1683499958364277,1683499958364662d,385
1683499958365110,1683499958371738d,6628
1683499958372369,1683499958372835d,466
1683499958373336,1683499958373667d,331
1683499958380302,1683499958387747d,7445
1683499958388303,1683499958388806d,503
1683499958389351,1683499958389862d,511
1683499958390373,1683499958390809d,436
1683499958391153,1683499958391634d,481
1683499958392022,1683499958392524d,502
1683499958392937,1683499958393364d,427
1683499958400291,1683499958400862d,571
1683499958407267,1683499958407751d,484
1683499958414538,1683499958414875d,337
1683499958422523,1683499958422926d,403
1683499958423388,1683499958423738d,350
1683499958424277,1683499958431732d,7455
1683499958432036,1683499958432619d,583
1683499958433037,1683499958433490d,453
1683499958433810,1683499958442895d,9085
1683499958450344,1683499958450633d,289
1683499958458600,1683499958459106d,506
1683499958459567,1683499958460036d,469
1683499958460417,1683499958460884d,467
1683499958468787,1683499958469359d,572
1683499958469848,1683499958476803d,6955
1683499958477400,1683499958483252d,5852
1683499958483409,1683499958484131d,722
1683499958491844,1683499958499719d,7875
1683499958500047,1683499958500704d,657
1683499958506869,1683499958514847d,7978
1683499958515132,1683499958522338d,7206
1683499958522918,1683499958523499d,581
1683499958523772,1683499958524225d,453
1683499958524685,1683499958524996d,311
1683499958535816,1683499958536182d,366
1683499958548194,1683499958560184d,11990
1683499958571661,1683499958571691d,30
1683499958572527,1683499958579273d,6746
1683499958580329,1683499958580821d,492
1683499958581098,1683499958581528d,430
1683499958582096,1683499958583314d,1218
1683499958583658,1683499958591769d,8111
1683499958599718,1683499958607722d,8004
1683499958608048,1683499958608741d,693
1683499958609042,1683499958614689d,5647
1683499958615131,1683499958615550d,419
1683499958615919,1683499958616362d,443
1683499958622364,1683499958622666d,302
1683499958623312,1683499958623666d,354
1683499958631730,1683499958632033d,303
1683499958632781,1683499958640304d,7523
1683499958640651,1683499958641157d,506
1683499958641439,1683499958641883d,444
1683499958642192,1683499958642653d,461
1683499958642996,1683499958643460d,464
1683499958643830,1683499958644225d,395
1683499958644672,1683499958650642d,5970
1683499958658409,1683499958659055d,646
1683499958666793,1683499958667139d,346
1683499958667683,1683499958675264d,7581
1683499958675424,1683499958677758d,2334
1683499958683832,1683499958684250d,418
1683499958696261,1683499958696576d,315
1683499958697072,1683499958697512d,440
1683499958697850,1683499958698318d,468
1683499958703727,1683499958711723d,7996
1683499958712110,1683499958713518d,1408
1683499958719227,1683499958719399d,172
1683499958720095,1683499958720360d,265
1683499958720935,1683499958721231d,296
1683499958721709,1683499958721973d,264
1683499958722429,1683499958722781d,352
1683499958723349,1683499958723716d,367
1683499958724208,1683499958724588d,380
1683499958724985,1683499958725449d,464
1683499958725858,1683499958726216d,358
1683499958726633,1683499958727078d,445
1683499958727506,1683499958727943d,437
1683499958734437,1683499958742298d,7861
1683499958742662,1683499958743195d,533
1683499958750301,1683499958755724d,5423
1683499958756296,1683499958767883d,11587
1683499958775763,1683499958778866d,3103
1683499958781508,1683499958781900d,392
1683499958782426,1683499958782855d,429
1683499958783350,1683499958783776d,426
1683499958792246,1683499958792482d,236
1683499958799745,1683499958807721d,7976
1683499958808069,1683499958808629d,560
1683499958816156,1683499958817307d,1151
1683499958817577,1683499958822364d,4787
1683499958822740,1683499958823239d,499
1683499958830261,1683499958830848d,587
1683499958831249,1683499958831583d,334
1683499958832044,1683499958832409d,365
1683499958832978,1683499958833330d,352
1683499958833750,1683499958834242d,492
1683499958838834,1683499958839121d,287
1683499958839835,1683499958840220d,385
1683499958846349,1683499958846678d,329
1683499958852765,1683499958860764d,7999
1683499958866794,1683499958866942d,148
1683499958867618,1683499958874831d,7213
1683499958875139,1683499958875747d,608
1683499958876092,1683499958882387d,6295
1683499958882692,1683499958890848d,8156
1683499958891594,1683499958891953d,359
1683499958898833,1683499958910816d,11983
1683499958911192,1683499958915800d,4608
1683499958919375,1683499958919924d,549
1683499958920544,1683499958920961d,417
1683499958926324,1683499958926886d,562
1683499958927342,1683499958934309d,6967
1683499958934852,1683499958935306d,454
1683499958943208,1683499958943378d,170
1683499958951299,1683499958951840d,541
1683499958952206,1683499958952686d,480
1683499958958354,1683499958958697d,343
1683499958959237,1683499958964137d,4900
1683499958964509,1683499958964899d,390
1683499958965329,1683499958965748d,419
1683499958974841,1683499958986871d,12030
1683499958987232,1683499958987760d,528
1683499958988108,1683499958988515d,407
1683499958988916,1683499958989491d,575
1683499958989838,1683499958995731d,5893
1683499958996335,1683499958996728d,393
1683499959002381,1683499959002850d,469
1683499959003213,1683499959003611d,398
1683499959004102,1683499959004573d,471
1683499959005205,1683499959005623d,418
1683499959006175,1683499959006443d,268
1683499959012278,1683499959019728d,7450
1683499959020222,1683499959020664d,442
1683499959026305,1683499959026907d,602
1683499959038902,1683499959039160d,258
1683499959043727,1683499959044283d,556
1683499959044792,1683499959050402d,5610
1683499959050788,1683499959058352d,7564
1683499959063714,1683499959063735d,21
1683499959066396,1683499959066747d,351
1683499959071267,1683499959079264d,7997
1683499959079476,1683499959080174d,698
1683499959080439,1683499959081027d,588
1683499959081360,1683499959081766d,406
1683499959082124,1683499959082553d,429
1683499959083016,1683499959083361d,345
1683499959083938,1683499959084361d,423
1683499959084848,1683499959085161d,313
1683499959085728,1683499959085991d,263
1683499959090324,1683499959090614d,290
1683499959098613,1683499959099041d,428
1683499959099606,1683499959099920d,314
1683499959100445,1683499959100824d,379
1683499959101438,1683499959101641d,203
1683499959102318,1683499959102511d,193
1683499959103047,1683499959103508d,461
1683499959110833,1683499959118829d,7996
1683499959119142,1683499959119762d,620
1683499959120123,1683499959120622d,499
1683499959130843,1683499959138861d,8018
1683499959139186,1683499959139699d,513
1683499959140093,1683499959147727d,7634
1683499959147749,1683499959148763d,1014
1683499959148993,1683499959149494d,501
1683499959149841,1683499959150347d,506
1683499959150819,1683499959156249d,5430
1683499959164215,1683499959164629d,414
1683499959165198,1683499959165444d,246
1683499959165924,1683499959171262d,5338
1683499959179252,1683499959179767d,515
1683499959180217,1683499959180652d,435
1683499959181648,1683499959190862d,9214
1683499959191524,1683499959196126d,4602
1683499959196324,1683499959203736d,7412
1683499959211804,1683499959212343d,539
1683499959219711,1683499959219734d,23
1683499959227730,1683499959228882d,1152
1683499959229047,1683499959229777d,730
1683499959236187,1683499959236502d,315
1683499959237095,1683499959237429d,334
1683499959237835,1683499959238194d,359
1683499959238600,1683499959238992d,392
1683499959239395,1683499959239880d,485
1683499959240125,1683499959246347d,6222
1683499959246951,1683499959247347d,396
1683499959254606,1683499959262774d,8168
1683499959263093,1683499959263640d,547
1683499959263966,1683499959264417d,451
1683499959271725,1683499959279716d,7991
1683499959280042,1683499959280624d,582
1683499959280970,1683499959281392d,422
1683499959281843,1683499959282272d,429
1683499959288536,1683499959288927d,391
1683499959289260,1683499959296213d,6953
1683499959304190,1683499959304374d,184
1683499959310337,1683499959310694d,357
1683499959317462,1683499959323190d,5728
1683499959324901,1683499959325550d,649
1683499959325746,1683499959326241d,495
1683499959334803,1683499959334964d,161
1683499959346871,1683499959347660d,789
1683499959348032,1683499959348528d,496
1683499959355724,1683499959357125d,1401
1683499959357495,1683499959357962d,467
1683499959365547,1683499959376141d,10594
1683499959376350,1683499959376996d,646
1683499959377271,1683499959377690d,419
1683499959378034,1683499959378485d,451
1683499959378846,1683499959379233d,387
1683499959379595,1683499959380259d,664
1683499959380481,1683499959381089d,608
1683499959381300,1683499959381832d,532
1683499959382204,1683499959390565d,8361
1683499959398264,1683499959403733d,5469
1683499959411733,1683499959419803d,8070
1683499959420081,1683499959420786d,705
1683499959421113,1683499959421543d,430
1683499959427701,1683499959428412d,711
1683499959428709,1683499959429296d,587
1683499959429611,1683499959430200d,589
1683499959435199,1683499959435377d,178
1683499959442273,1683499959442624d,351
1683499959447718,1683499959455712d,7994
1683499959455734,1683499959457417d,1683
1683499959457783,1683499959466869d,9086
1683499959467588,1683499959474302d,6714
1683499959474650,1683499959475240d,590
1683499959479717,1683499959487738d,8021
1683499959488326,1683499959494634d,6308
1683499959495193,1683499959495626d,433
1683499959496137,1683499959496641d,504
1683499959497075,1683499959502819d,5744
1683499959514788,1683499959514934d,146
1683499959515629,1683499959519866d,4237
1683499959526867,1683499959527509d,642
1683499959527903,1683499959534624d,6721
1683499959535106,1683499959535639d,533
1683499959535968,1683499959536473d,505
1683499959536950,1683499959537445d,495
1683499959546828,1683499959547080d,252
1683499959547732,1683499959552792d,5060
1683499959553362,1683499959558825d,5463
1683499959559107,1683499959567361d,8254
1683499959567993,1683499959568370d,377
1683499959568779,1683499959569101d,322
1683499959569671,1683499959576160d,6489
1683499959584171,1683499959591743d,7572
1683499959592048,1683499959592729d,681
1683499959593073,1683499959593662d,589
1683499959600119,1683499959608108d,7989
1683499959614367,1683499959614714d,347
1683499959626858,1683499959627171d,313
1683499959627853,1683499959628297d,444
1683499959628879,1683499959629497d,618
1683499959636964,1683499959638843d,1879
1683499959645449,1683499959645601d,152
1683499959646323,1683499959646676d,353
1683499959653111,1683499959659217d,6106
1683499959659380,1683499959660063d,683
1683499959660311,1683499959660759d,448
1683499959661155,1683499959661541d,386
1683499959661914,1683499959662305d,391
1683499959662724,1683499959663121d,397
1683499959663461,1683499959663967d,506
1683499959672139,1683499959672458d,319
1683499959672979,1683499959678279d,5300
1683499959682797,1683499959682935d,138
1683499959690842,1683499959691485d,643
1683499959691819,1683499959692418d,599
1683499959692727,1683499959693387d,660
1683499959700186,1683499959700485d,299
1683499959706844,1683499959718853d,12009
1683499959719149,1683499959719688d,539
1683499959720000,1683499959720441d,441
1683499959720818,1683499959726356d,5538
1683499959731734,1683499959739711d,7977
1683499959739735,1683499959740674d,939
1683499959740866,1683499959741489d,623
1683499959741747,1683499959742261d,514
1683499959742586,1683499959743018d,432
1683499959749084,1683499959757089d,8005
1683499959757610,1683499959757960d,350
1683499959764077,1683499959764476d,399
1683499959764912,1683499959765431d,519
1683499959765938,1683499959766400d,462
1683499959766774,1683499959772235d,5461
1683499959772785,1683499959773217d,432
1683499959773720,1683499959774132d,412
1683499959780244,1683499959780749d,505
1683499959781208,1683499959781586d,378
1683499959782108,1683499959782530d,422
1683499959782958,1683499959783383d,425
1683499959783881,1683499959784182d,301
1683499959784666,1683499959794839d,10173
1683499959795050,1683499959795718d,668
1683499959795996,1683499959796440d,444
1683499959796819,1683499959797244d,425
1683499959797633,1683499959798113d,480
1683499959798474,1683499959803716d,5242
1683499959804076,1683499959804774d,698
1683499959811795,1683499959812283d,488
1683499959812854,1683499959813305d,451
1683499959813771,1683499959814233d,462
1683499959814725,1683499959815132d,407
1683499959815537,1683499959822344d,6807
1683499959822931,1683499959823304d,373
1683499959823711,1683499959824126d,415
1683499959824476,1683499959824981d,505
1683499959834831,1683499959835273d,442
1683499959835806,1683499959836134d,328
1683499959842647,1683499959850312d,7665
1683499959850617,1683499959851270d,653
1683499959851617,1683499959863236d,11619
1683499959871232,1683499959871403d,171
1683499959879283,1683499959879840d,557
1683499959880187,1683499959880592d,405
1683499959881008,1683499959888276d,7268
1683499959896279,1683499959896549d,270
1683499959897342,1683499959902826d,5484
1683499959903087,1683499959905365d,2278
1683499959905547,1683499959906074d,527
1683499959906327,1683499959911753d,5426
1683499959916129,1683499959916321d,192
1683499959923890,1683499959924254d,364
1683499959924777,1683499959925091d,314
1683499959925584,1683499959925962d,378
1683499959926460,1683499959926776d,316
1683499959927203,1683499959927576d,373
1683499959932115,1683499959932289d,174
1683499959932865,1683499959939224d,6359
1683499959939423,1683499959940166d,743
1683499959940382,1683499959940971d,589
1683499959945396,1683499959953929d,8533
1683499959954250,1683499959954805d,555
1683499959961326,1683499959969922d,8596
1683499959970299,1683499959970884d,585
1683499959971236,1683499959972228d,992
1683499959978286,1683499959982868d,4582
1683499959983421,1683499959988293d,4872
1683499959995737,1683499959995761d,24
1683499959996667,1683499960004124d,7457
1683499960004301,1683499960012316d,8015
1683499960012865,1683499960022859d,9994
1683499960030865,1683499960031398d,533
1683499960039295,1683499960039835d,540
1683499960040415,1683499960040787d,372
1683499960046295,1683499960046812d,517
1683499960047280,1683499960058867d,11587
1683499960066846,1683499960069281d,2435
1683499960069631,1683499960070246d,615
1683499960070506,1683499960071015d,509
1683499960071362,1683499960071885d,523
1683499960079285,1683499960079473d,188
1683499960080157,1683499960088232d,8075
1683499960088613,1683499960089158d,545
1683499960096185,1683499960104285d,8100
1683499960111729,1683499960119721d,7992
1683499960119745,1683499960120672d,927
1683499960120970,1683499960126344d,5374
1683499960126851,1683499960127316d,465
1683499960127667,1683499960128151d,484
1683499960128521,1683499960128968d,447
1683499960129352,1683499960129842d,490
1683499960130223,1683499960130658d,435
1683499960131125,1683499960139336d,8211
1683499960146846,1683499960147135d,289
1683499960148237,1683499960148493d,256
1683499960156140,1683499960156561d,421
1683499960157045,1683499960157376d,331
1683499960157823,1683499960158203d,380
1683499960158663,1683499960159036d,373
1683499960170986,1683499960171626d,640
1683499960172011,1683499960179328d,7317
1683499960179991,1683499960180378d,387
1683499960180883,1683499960186852d,5969
1683499960187155,1683499960187816d,661
1683499960188060,1683499960188554d,494
1683499960188893,1683499960189294d,401
1683499960189645,1683499960190089d,444
1683499960194493,1683499960200208d,5715
1683499960206426,1683499960206753d,327
1683499960207333,1683499960212194d,4861
1683499960212625,1683499960213169d,544
1683499960220202,1683499960227728d,7526
1683499960228221,1683499960235874d,7653
1683499960236238,1683499960236937d,699
1683499960237236,1683499960237737d,501
1683499960238085,1683499960238543d,458
1683499960239021,1683499960239507d,486
1683499960239876,1683499960245331d,5455
1683499960246735,1683499960247100d,365
1683499960248763,1683499960255721d,6958
1683499960262841,1683499960263625d,784
1683499960268135,1683499960268515d,380
1683499960268978,1683499960269303d,325
1683499960269824,1683499960270172d,348
1683499960270675,1683499960271092d,417
1683499960275724,1683499960276124d,400
1683499960276743,1683499960277085d,342
1683499960283750,1683499960284088d,338
1683499960284828,1683499960285202d,374
1683499960285603,1683499960291728d,6125
1683499960292400,1683499960292864d,464
1683499960298358,1683499960298767d,409
1683499960299286,1683499960299756d,470
1683499960300260,1683499960307737d,7477
1683499960308317,1683499960308785d,468
1683499960309253,1683499960309664d,411
1683499960316830,1683499960317358d,528
1683499960325411,1683499960325581d,170
1683499960330317,1683499960330636d,319
1683499960338646,1683499960339398d,752
1683499960339764,1683499960340284d,520
1683499960346327,1683499960346677d,350
1683499960347704,1683499960347971d,267
1683499960355225,1683499960355732d,507
1683499960356239,1683499960362626d,6387
1683499960363048,1683499960363641d,593
1683499960364032,1683499960370365d,6333
1683499960375247,1683499960375458d,211
1683499960383360,1683499960384091d,731
1683499960388814,1683499960389433d,619
1683499960389704,1683499960390140d,436
1683499960390520,1683499960390956d,436
1683499960391355,1683499960399243d,7888
1683499960399316,1683499960400121d,805
1683499960400312,1683499960400874d,562
1683499960405188,1683499960411225d,6037
1683499960422829,1683499960422887d,58
1683499960430861,1683499960442845d,11984
1683499960443179,1683499960443821d,642
1683499960452640,1683499960459219d,6579
1683499960459401,1683499960460058d,657
1683499960460414,1683499960466598d,6184
1683499960474382,1683499960475073d,691
1683499960475629,1683499960476003d,374
1683499960476580,1683499960477024d,444
1683499960483737,1683499960486833d,3096
1683499960494850,1683499960495114d,264
1683499960503922,1683499960504245d,323
1683499960512104,1683499960520144d,8040
1683499960528130,1683499960536212d,8082
1683499960536480,1683499960542398d,5918
1683499960542721,1683499960543368d,647
1683499960543678,1683499960544179d,501
1683499960550331,1683499960550641d,310
1683499960551397,1683499960551725d,328
1683499960552252,1683499960552602d,350
1683499960553081,1683499960560259d,7178
1683499960567725,1683499960575708d,7983
1683499960575734,1683499960576657d,923
1683499960584223,1683499960585794d,1571
1683499960586151,1683499960586649d,498
1683499960586993,1683499960587498d,505
1683499960587976,1683499960588419d,443
1683499960589038,1683499960589468d,430
1683499960595273,1683499960603292d,8019
1683499960603872,1683499960604346d,474
1683499960604777,1683499960612839d,8062
1683499960613536,1683499960614010d,474
1683499960619227,1683499960619342d,115
1683499960620104,1683499960620378d,274
1683499960620937,1683499960621359d,422
1683499960629485,1683499960629732d,247
1683499960630326,1683499960630636d,310
1683499960631078,1683499960631424d,346
1683499960631926,1683499960632322d,396
1683499960632937,1683499960633236d,299
1683499960633773,1683499960639431d,5658
1683499960639973,1683499960640447d,474
1683499960640824,1683499960647742d,6918
1683499960648464,1683499960648874d,410
1683499960656786,1683499960657316d,530
1683499960665449,1683499960671197d,5748
1683499960671389,1683499960671973d,584
1683499960672345,1683499960672831d,486
1683499960679721,1683499960680078d,357
1683499960680714,1683499960681124d,410
1683499960681523,1683499960688852d,7329
1683499960689488,1683499960696195d,6707
1683499960696575,1683499960696966d,391
1683499960697395,1683499960697757d,362
1683499960698203,1683499960698594d,391
1683499960699050,1683499960699476d,426
1683499960710828,1683499960711240d,412
1683499960715732,1683499960715757d,25
1683499960716530,1683499960716976d,446
1683499960717404,1683499960717764d,360
1683499960718241,1683499960718655d,414
1683499960719094,1683499960719553d,459
1683499960726361,1683499960728088d,1727
1683499960728458,1683499960734643d,6185
1683499960734975,1683499960740276d,5301
1683499960740730,1683499960746645d,5915
1683499960747028,1683499960755265d,8237
1683499960755500,1683499960756079d,579
1683499960756609,1683499960762600d,5991
1683499960763096,1683499960770374d,7278
1683499960771007,1683499960771394d,387
1683499960778327,1683499960778656d,329
1683499960786640,1683499960787153d,513
1683499960787640,1683499960795735d,8095
1683499960795764,1683499960803734d,7970
1683499960804404,1683499960811300d,6896
1683499960811800,1683499960812255d,455
1683499960812712,1683499960813082d,370
1683499960813661,1683499960813963d,302
1683499960814476,1683499960814833d,357
1683499960815234,1683499960815629d,395
1683499960816005,1683499960816470d,465
1683499960821116,1683499960821643d,527
1683499960822035,1683499960822490d,455
1683499960822916,1683499960823336d,420
1683499960830798,1683499960830964d,166
1683499960832303,1683499960832806d,503
1683499960833216,1683499960833623d,407
1683499960833976,1683499960834365d,389
1683499960834843,1683499960835218d,375
1683499960840303,1683499960848363d,8060
1683499960848736,1683499960849475d,739
1683499960849908,1683499960856262d,6354
1683499960856775,1683499960863718d,6943
1683499960863737,1683499960864507d,770
1683499960864717,1683499960865366d,649
1683499960865676,1683499960866277d,601
1683499960866461,1683499960867031d,570
1683499960867299,1683499960874337d,7038
1683499960874636,1683499960875220d,584
1683499960875578,1683499960876084d,506
1683499960876504,1683499960876883d,379
1683499960877300,1683499960877680d,380
1683499960884795,1683499960885336d,541
1683499960891269,1683499960899259d,7990
1683499960899444,1683499960900264d,820
1683499960906380,1683499960906906d,526
1683499960907375,1683499960915867d,8492
1683499960916209,1683499960916794d,585
1683499960928229,1683499960928427d,198
1683499960929118,1683499960929563d,445
1683499960929985,1683499960930506d,521
1683499960930989,1683499960938698d,7709
1683499960939349,1683499960939715d,366
1683499960940181,1683499960940556d,375
1683499960941033,1683499960941463d,430
1683499960948415,1683499960949664d,1249
1683499960950075,1683499960950606d,531
1683499960950948,1683499960956399d,5451
1683499960956944,1683499960957242d,298
1683499960957794,1683499960958106d,312
1683499960958820,1683499960959174d,354
1683499960967234,1683499960967405d,171
1683499960976192,1683499960986826d,10634
1683499960994848,1683499960995274d,426
1683499960995830,1683499961001264d,5434
1683499961001517,1683499961002053d,536
1683499961002383,1683499961002990d,607
1683499961003291,1683499961003887d,596
1683499961004397,1683499961004899d,502
1683499961005443,1683499961005808d,365
1683499961010839,1683499961018828d,7989
1683499961019150,1683499961026352d,7202
1683499961026714,1683499961031226d,4512
1683499961042834,1683499961054816d,11982
1683499961054978,1683499961057551d,2573
1683499961063829,1683499961064345d,516
1683499961064795,1683499961070252d,5457
1683499961070669,1683499961071165d,496
1683499961078843,1683499961090849d,12006
1683499961091227,1683499961091739d,512
1683499961098776,1683499961098911d,135
1683499961106886,1683499961107570d,684
1683499961115849,1683499961116195d,346
1683499961121354,1683499961121619d,265
1683499961122097,1683499961122482d,385
1683499961130314,1683499961134799d,4485
1683499961135219,1683499961135680d,461
1683499961136114,1683499961136469d,355
1683499961144239,1683499961151728d,7489
1683499961152246,1683499961162858d,10612
1683499961163176,1683499961164290d,1114
1683499961164596,1683499961165319d,723
1683499961165673,1683499961166228d,555
1683499961166635,1683499961167079d,444
1683499961176215,1683499961176361d,146
1683499961182548,1683499961182920d,372
1683499961183347,1683499961183743d,396
1683499961184131,1683499961184574d,443
1683499961185028,1683499961192850d,7822
1683499961193400,1683499961193909d,509
1683499961200239,1683499961207739d,7500
1683499961208362,1683499961208800d,438
1683499961209309,1683499961209811d,502
1683499961210308,1683499961210677d,369
1683499961211131,1683499961218655d,7524
1683499961219100,1683499961226448d,7348
1683499961226985,1683499961227422d,437
1683499961235455,1683499961236096d,641
1683499961236661,1683499961236919d,258
1683499961237399,1683499961237741d,342
1683499961238211,1683499961244342d,6131
1683499961244912,1683499961249361d,4449
1683499961256135,1683499961263726d,7591
1683499961263756,1683499961271730d,7974
1683499961272253,1683499961272856d,603
1683499961280211,1683499961287730d,7519
1683499961288059,1683499961288763d,704
1683499961296186,1683499961296472d,286
1683499961302858,1683499961310824d,7966
1683499961311157,1683499961311876d,719
1683499961312116,1683499961312749d,633
1683499961313048,1683499961313502d,454
1683499961314021,1683499961320110d,6089
1683499961328168,1683499961328307d,139
1683499961329081,1683499961329365d,284
1683499961329834,1683499961330278d,444
1683499961330750,1683499961331181d,431
1683499961331591,1683499961332282d,691
1683499961337299,1683499961337536d,237
1683499961338150,1683499961344301d,6151
1683499961350842,1683499961351016d,174
1683499961362853,1683499961363633d,780
1683499961364012,1683499961364506d,494
1683499961372383,1683499961372857d,474
1683499961373314,1683499961373778d,464
1683499961374149,1683499961374727d,578
1683499961375440,1683499961375817d,377
1683499961376238,1683499961376608d,370
1683499961377102,1683499961377430d,328
1683499961387752,1683499961388394d,642
1683499961388893,1683499961389344d,451
1683499961389684,1683499961390147d,463
1683499961390498,1683499961390927d,429
1683499961391342,1683499961391796d,454
1683499961399298,1683499961399932d,634
1683499961400347,1683499961400887d,540
1683499961407238,1683499961407368d,130
1683499961408091,1683499961420152d,12061
1683499961427830,1683499961428215d,385
1683499961440193,1683499961440516d,323
1683499961440942,1683499961447274d,6332
1683499961447437,1683499961448217d,780
1683499961448489,1683499961448966d,477
1683499961455735,1683499961463764d,8029
1683499961463785,1683499961464620d,835
1683499961464837,1683499961465411d,574
1683499961472045,1683499961472213d,168
1683499961472836,1683499961473159d,323
1683499961480277,1683499961480511d,234
1683499961487751,1683499961488428d,677
1683499961488885,1683499961494340d,5455
1683499961495075,1683499961495351d,276
1683499961495851,1683499961496209d,358
1683499961496589,1683499961503742d,7153
1683499961503767,1683499961511740d,7973
1683499961511768,1683499961512530d,762
1683499961523181,1683499961523362d,181
1683499961532173,1683499961532387d,214
1683499961533115,1683499961533287d,172
1683499961533931,1683499961534169d,238
1683499961534772,1683499961542249d,7477
1683499961542675,1683499961543206d,531
1683499961543482,1683499961543981d,499
1683499961544310,1683499961544901d,591
1683499961551162,1683499961551330d,168
1683499961559277,1683499961567720d,8443
1683499961567749,1683499961568593d,844
1683499961579838,1683499961580184d,346
1683499961580706,1683499961581187d,481
1683499961581498,1683499961589130d,7632
1683499961589560,1683499961590065d,505
1683499961594802,1683499961602830d,8028
1683499961602964,1683499961603739d,775
1683499961604007,1683499961604485d,478
1683499961604986,1683499961614825d,9839
1683499961622801,1683499961623450d,649
1683499961623745,1683499961624310d,565
1683499961624642,1683499961625132d,490
1683499961625598,1683499961626018d,420
1683499961626367,1683499961626731d,364
1683499961627172,1683499961634556d,7384
1683499961642312,1683499961642979d,667
1683499961643220,1683499961643762d,542
1683499961644049,1683499961644543d,494
1683499961644864,1683499961651751d,6887
1683499961652098,1683499961652604d,506
1683499961660381,1683499961660694d,313
1683499961670897,1683499961671497d,600
1683499961671871,1683499961680245d,8374
1683499961680548,1683499961681053d,505
1683499961687214,1683499961687418d,204
1683499961694864,1683499961695499d,635
1683499961695895,1683499961696534d,639
1683499961703736,1683499961711718d,7982
1683499961712146,1683499961719229d,7083
1683499961727341,1683499961727534d,193
1683499961728199,1683499961735261d,7062
1683499961735772,1683499961742603d,6831
1683499961750328,1683499961751893d,1565
1683499961752374,1683499961752926d,552
1683499961757122,1683499961762831d,5709
1683499961763192,1683499961767737d,4545
1683499961775725,1683499961783726d,8001
1683499961784042,1683499961784670d,628
1683499961784992,1683499961790221d,5229
1683499961795795,1683499961796151d,356
1683499961802626,1683499961803114d,488
1683499961803520,1683499961803970d,450
1683499961811744,1683499961812344d,600
1683499961812909,1683499961818337d,5428
1683499961818643,1683499961819204d,561
1683499961826342,1683499961826663d,321
1683499961827172,1683499961836176d,9004
1683499961843957,1683499961844368d,411
1683499961851264,1683499961851399d,135
1683499961852098,1683499961859718d,7620
1683499961859736,1683499961860544d,808
1683499961867197,1683499961867373d,176
1683499961868067,1683499961876109d,8042
1683499961882302,1683499961882632d,330
1683499961883477,1683499961891720d,8243
1683499961891738,1683499961892577d,839
1683499961892807,1683499961893500d,693
1683499961893681,1683499961898231d,4550
1683499961898619,1683499961899047d,428
1683499961899433,1683499961899847d,414
1683499961900220,1683499961900607d,387
1683499961900943,1683499961901435d,492
1683499961901740,1683499961902227d,487
1683499961902589,1683499961903009d,420
1683499961903438,1683499961910175d,6737
1683499961918298,1683499961923793d,5495
1683499961931713,1683499961932032d,319
1683499961932656,1683499961933000d,344
1683499961933472,1683499961938297d,4825
1683499961945541,1683499961956196d,10655
1683499961956336,1683499961957086d,750
