1683499957180817,1683499957180988d,171
1683499957181817,1683499957189927d,8110
1683499957189945,1683499957191405d,1460
1683499957196954,1683499957197429d,475
1683499957197935,1683499957198432d,497
1683499957198709,1683499957205927d,7218
1683499957207457,1683499957207834d,377
1683499957208353,1683499957214821d,6468
1683499957220155,1683499957220836d,681
1683499957221224,1683499957221764d,540
1683499957222165,1683499957222678d,513
1683499957223116,1683499957223567d,451
1683499957223964,1683499957224424d,460
1683499957225032,1683499957231964d,6932
1683499957232365,1683499957240855d,8490
1683499957241016,1683499957241885d,869
1683499957247491,1683499957247762d,271
1683499957248421,1683499957256034d,7613
1683499957256617,1683499957256958d,341
1683499957266880,1683499957267656d,776
1683499957275480,1683499957275708d,228
1683499957276366,1683499957282771d,6405
1683499957289956,1683499957290391d,435
1683499957290855,1683499957296244d,5389
1683499957296823,1683499957297728d,905
1683499957307303,1683499957307696d,393
1683499957309301,1683499957309589d,288
1683499957310220,1683499957310417d,197
1683499957311005,1683499957311274d,269
1683499957311756,1683499957312097d,341
1683499957312687,1683499957320454d,7767
1683499957328786,1683499957336249d,7463
1683499957336847,1683499957337174d,327
1683499957337801,1683499957338092d,291
1683499957338849,1683499957339159d,310
1683499957339694,1683499957339984d,290
1683499957340444,1683499957340716d,272
1683499957344923,1683499957352849d,7926
1683499957360873,1683499957361153d,280
1683499957361873,1683499957362290d,417
1683499957362737,1683499957371915d,9178
1683499957379787,1683499957379964d,177
1683499957387931,1683499957395953d,8022
1683499957396461,1683499957396902d,441
1683499957397366,1683499957398014d,648
1683499957403250,1683499957403623d,373
1683499957409923,1683499957409947d,24
1683499957410817,1683499957411055d,238
1683499957417920,1683499957418555d,635
1683499957419033,1683499957419385d,352
1683499957419918,1683499957420281d,363
1683499957420751,1683499957421129d,378
1683499957421689,1683499957422007d,318
1683499957422613,1683499957422818d,205
1683499957423465,1683499957423675d,210
1683499957424264,1683499957424557d,293
1683499957425150,1683499957425392d,242
1683499957430881,1683499957431546d,665
1683499957439469,1683499957439664d,195
1683499957440273,1683499957447486d,7213
1683499957447902,1683499957448553d,651
1683499957448824,1683499957456904d,8080
1683499957457546,1683499957457944d,398
1683499957458420,1683499957458840d,420
1683499957459370,1683499957459792d,422
1683499957460465,1683499957471189d,10724
1683499957482924,1683499957483604d,680
1683499957484049,1683499957492133d,8084
1683499957500264,1683499957500621d,357
1683499957501694,1683499957502046d,352
1683499957508907,1683499957516881d,7974
1683499957517213,1683499957517741d,528
1683499957518306,1683499957518687d,381
1683499957519275,1683499957524913d,5638
1683499957525541,1683499957525925d,384
1683499957526480,1683499957526800d,320
1683499957528374,1683499957539457d,11083
1683499957546790,1683499957547214d,424
1683499957547965,1683499957548214d,249
1683499957548855,1683499957549076d,221
1683499957549771,1683499957550070d,299
1683499957550635,1683499957551051d,416
1683499957559352,1683499957559754d,402
1683499957560315,1683499957560698d,383
1683499957561293,1683499957561662d,369
1683499957562395,1683499957562765d,370
1683499957563523,1683499957563909d,386
1683499957564413,1683499957564791d,378
1683499957572346,1683499957572674d,328
1683499957573208,1683499957573586d,378
1683499957574142,1683499957574466d,324
1683499957579913,1683499957580265d,352
1683499957581216,1683499957587936d,6720
1683499957588364,1683499957588964d,600
1683499957589331,1683499957589779d,448
1683499957590162,1683499957590692d,530
1683499957596454,1683499957596888d,434
1683499957597324,1683499957597791d,467
1683499957598239,1683499957598574d,335
1683499957599115,1683499957606848d,7733
1683499957613923,1683499957614284d,361
1683499957614752,1683499957615934d,1182
1683499957616598,1683499957616931d,333
1683499957625928,1683499957633953d,8025
1683499957634441,1683499957635071d,630
1683499957642890,1683499957643222d,332
1683499957648117,1683499957650714d,2597
1683499957656460,1683499957656858d,398
1683499957657533,1683499957657934d,401
1683499957658447,1683499957663756d,5309
1683499957664088,1683499957664606d,518
1683499957671462,1683499957671689d,227
1683499957682899,1683499957683602d,703
1683499957688892,1683499957690870d,1978
1683499957702914,1683499957703541d,627
1683499957704114,1683499957704584d,470
1683499957705080,1683499957705635d,555
1683499957706221,1683499957706697d,476
1683499957707123,1683499957713939d,6816
1683499957714599,1683499957720885d,6286
1683499957727848,1683499957728105d,257
1683499957735915,1683499957741930d,6015
1683499957741949,1683499957749944d,7995
1683499957750596,1683499957751011d,415
1683499957751391,1683499957759718d,8327
1683499957767285,1683499957773935d,6650
1683499957774367,1683499957774983d,616
1683499957775409,1683499957775717d,308
1683499957776140,1683499957776522d,382
1683499957776932,1683499957777395d,463
1683499957777722,1683499957778218d,496
1683499957778686,1683499957784472d,5786
1683499957792168,1683499957792786d,618
1683499957800924,1683499957801525d,601
1683499957802416,1683499957803114d,698
1683499957803442,1683499957809946d,6504
1683499957810421,1683499957811058d,637
1683499957811345,1683499957811893d,548
1683499957812196,1683499957812655d,459
1683499957813031,1683499957813468d,437
1683499957820027,1683499957827943d,7916
1683499957828492,1683499957828852d,360
1683499957835192,1683499957835547d,355
1683499957836074,1683499957842931d,6857
1683499957843390,1683499957848262d,4872
1683499957848648,1683499957849046d,398
1683499957849571,1683499957858922d,9351
1683499957866847,1683499957867614d,767
1683499957880476,1683499957880495d,19
1683499957881425,1683499957887837d,6412
1683499957888047,1683499957888674d,627
1683499957888918,1683499957889433d,515
1683499957889717,1683499957890184d,467
1683499957890551,1683499957896941d,6390
1683499957897175,1683499957897777d,602
1683499957898031,1683499957904416d,6385
1683499957904749,1683499957905415d,666
1683499957905826,1683499957913632d,7806
1683499957913701,1683499957914479d,778
1683499957923433,1683499957923591d,158
1683499957924287,1683499957931418d,7131
1683499957936910,1683499957939148d,2238
1683499957939592,1683499957940167d,575
1683499957940524,1683499957941053d,529
1683499957947937,1683499957948361d,424
1683499957956273,1683499957956674d,401
1683499957957197,1683499957957554d,357
1683499957964557,1683499957964938d,381
1683499957965408,1683499957965839d,431
1683499957966250,1683499957970864d,4614
1683499957978757,1683499957979197d,440
1683499957979685,1683499957980132d,447
1683499957980566,1683499957980987d,421
1683499957981467,1683499957981905d,438
1683499957982470,1683499957988465d,5995
1683499957995909,1683499957996991d,1082
1683499957997625,1683499958003655d,6030
1683499958003984,1683499958004476d,492
1683499958004803,1683499958005328d,525
1683499958005726,1683499958006228d,502
1683499958006627,1683499958015253d,8626
1683499958016189,1683499958023967d,7778
1683499958024479,1683499958024906d,427
1683499958025269,1683499958025675d,406
1683499958030758,1683499958031362d,604
1683499958031757,1683499958032237d,480
1683499958032583,1683499958040971d,8388
1683499958041117,1683499958041878d,761
1683499958042121,1683499958050862d,8741
1683499958051690,1683499958051956d,266
1683499958056530,1683499958056957d,427
1683499958057562,1683499958061973d,4411
1683499958062384,1683499958062968d,584
1683499958067963,1683499958071606d,3643
1683499958078776,1683499958079327d,551
1683499958084193,1683499958084591d,398
1683499958085259,1683499958087828d,2569
1683499958087867,1683499958088873d,1006
1683499958089105,1683499958089863d,758
1683499958090277,1683499958090782d,505
1683499958091085,1683499958091585d,500
1683499958091968,1683499958099688d,7720
1683499958104876,1683499958105365d,489
1683499958105886,1683499958106350d,464
1683499958106739,1683499958107281d,542
1683499958107691,1683499958108186d,495
1683499958108674,1683499958109153d,479
1683499958109514,1683499958110004d,490
1683499958117940,1683499958117957d,17
1683499958119248,1683499958119700d,452
1683499958120285,1683499958120682d,397
1683499958121288,1683499958121718d,430
1683499958122137,1683499958122585d,448
1683499958123054,1683499958123472d,418
1683499958128858,1683499958129007d,149
1683499958129724,1683499958130450d,726
1683499958130795,1683499958138900d,8105
1683499958150909,1683499958151642d,733
1683499958152014,1683499958158963d,6949
1683499958159583,1683499958164895d,5312
1683499958165179,1683499958165906d,727
1683499958166102,1683499958166831d,729
1683499958171433,1683499958171634d,201
1683499958179007,1683499958179608d,601
1683499958179999,1683499958180446d,447
1683499958181059,1683499958181469d,410
1683499958188360,1683499958188741d,381
1683499958189197,1683499958189632d,435
1683499958190039,1683499958190408d,369
1683499958191538,1683499958197943d,6405
1683499958198743,1683499958199104d,361
1683499958199536,1683499958204057d,4521
1683499958208351,1683499958216477d,8126
1683499958216825,1683499958217271d,446
1683499958217739,1683499958218164d,425
1683499958218678,1683499958219116d,438
1683499958219495,1683499958226871d,7376
1683499958239048,1683499958239784d,736
1683499958247501,1683499958248087d,586
1683499958248725,1683499958255387d,6662
1683499958255655,1683499958256206d,551
1683499958256667,1683499958257044d,377
1683499958257421,1683499958258068d,647
1683499958258372,1683499958258948d,576
1683499958259375,1683499958259775d,400
1683499958260174,1683499958267534d,7360
1683499958267924,1683499958268485d,561
1683499958268884,1683499958269461d,577
1683499958276554,1683499958277028d,474
1683499958282906,1683499958283581d,675
1683499958295454,1683499958295785d,331
1683499958296261,1683499958296615d,354
1683499958297045,1683499958303237d,6192
1683499958304122,1683499958316071d,11949
1683499958316638,1683499958316959d,321
1683499958317416,1683499958317964d,548
1683499958318336,1683499958318938d,602
1683499958323951,1683499958324325d,374
1683499958332322,1683499958340339d,8017
1683499958340797,1683499958341313d,516
1683499958341746,1683499958342265d,519
1683499958347724,1683499958348066d,342
1683499958356000,1683499958363949d,7949
1683499958364313,1683499958364787d,474
1683499958365211,1683499958365578d,367
1683499958372478,1683499958372931d,453
1683499958373351,1683499958379967d,6616
1683499958380453,1683499958380819d,366
1683499958388457,1683499958388882d,425
1683499958389486,1683499958389899d,413
1683499958390517,1683499958390793d,276
1683499958391268,1683499958391671d,403
1683499958392044,1683499958392642d,598
1683499958393005,1683499958399990d,6985
1683499958400375,1683499958400961d,586
1683499958407427,1683499958414214d,6787
1683499958414235,1683499958421947d,7712
1683499958422658,1683499958422984d,326
1683499958423459,1683499958423894d,435
1683499958424278,1683499958424731d,453
1683499958432107,1683499958432742d,635
1683499958433023,1683499958433560d,537
1683499958433856,1683499958442947d,9091
1683499958443611,1683499958450725d,7114
1683499958458799,1683499958459139d,340
1683499958459608,1683499958459982d,374
1683499958460492,1683499958460849d,357
1683499958468857,1683499958469446d,589
1683499958469816,1683499958476860d,7044
1683499958477412,1683499958477785d,373
1683499958483646,1683499958484032d,386
1683499958491817,1683499958492271d,454
1683499958500185,1683499958500755d,570
1683499958506904,1683499958507577d,673
1683499958515461,1683499958520830d,5369
1683499958522889,1683499958523514d,625
1683499958523909,1683499958524407d,498
1683499958524691,1683499958525247d,556
1683499958535913,1683499958547886d,11973
1683499958559813,1683499958560010d,197
1683499958560655,1683499958572066d,11411
1683499958576899,1683499958579987d,3088
1683499958580364,1683499958580816d,452
1683499958581171,1683499958581813d,642
1683499958583015,1683499958583035d,20
1683499958583870,1683499958592005d,8135
1683499958592464,1683499958600410d,7946
1683499958608106,1683499958608757d,651
1683499958609126,1683499958614769d,5643
1683499958615148,1683499958615621d,473
1683499958615982,1683499958616424d,442
1683499958616774,1683499958622790d,6016
1683499958623360,1683499958623681d,321
1683499958624250,1683499958632196d,7946
1683499958632759,1683499958640364d,7605
1683499958640805,1683499958641150d,345
1683499958641591,1683499958641901d,310
1683499958642338,1683499958642730d,392
1683499958643139,1683499958643536d,397
1683499958643897,1683499958644422d,525
1683499958644653,1683499958650717d,6064
1683499958658789,1683499958658969d,180
1683499958659560,1683499958667427d,7867
1683499958667668,1683499958668254d,586
1683499958675668,1683499958677616d,1948
1683499958683896,1683499958695868d,11972
1683499958696079,1683499958696715d,636
1683499958697033,1683499958697498d,465
1683499958697890,1683499958698351d,461
1683499958698709,1683499958704503d,5794
1683499958712133,1683499958713451d,1318
1683499958713949,1683499958719581d,5632
1683499958719950,1683499958720491d,541
1683499958720844,1683499958721328d,484
1683499958721674,1683499958722155d,481
1683499958722454,1683499958723037d,583
1683499958723293,1683499958723935d,642
1683499958724137,1683499958724691d,554
1683499958725023,1683499958725546d,523
1683499958725863,1683499958726314d,451
1683499958726725,1683499958727094d,369
1683499958727579,1683499958728043d,464
1683499958734679,1683499958734848d,169
1683499958742791,1683499958749945d,7154
1683499958750273,1683499958750908d,635
1683499958756342,1683499958767957d,11615
1683499958768332,1683499958778881d,10549
1683499958781584,1683499958781949d,365
1683499958782550,1683499958782814d,264
1683499958783428,1683499958791834d,8406
1683499958792085,1683499958792628d,543
1683499958792943,1683499958800474d,7531
1683499958808116,1683499958808805d,689
1683499958816861,1683499958817171d,310
1683499958817710,1683499958818315d,605
1683499958822871,1683499958829932d,7061
1683499958830368,1683499958830956d,588
1683499958831230,1683499958831769d,539
1683499958831984,1683499958832718d,734
1683499958832929,1683499958833446d,517
1683499958833711,1683499958834273d,562
1683499958834634,1683499958839563d,4929
1683499958839608,1683499958840425d,817
1683499958840622,1683499958847947d,7325
1683499958855975,1683499958860873d,4898
1683499958861374,1683499958867216d,5842
1683499958867578,1683499958868018d,440
1683499958875474,1683499958875653d,179
1683499958876212,1683499958876550d,338
1683499958882796,1683499958890918d,8122
1683499958891621,1683499958892126d,505
1683499958898861,1683499958899553d,692
1683499958911461,1683499958911749d,288
1683499958919495,1683499958920028d,533
1683499958920656,1683499958925966d,5310
1683499958926431,1683499958927090d,659
1683499958933953,1683499958934305d,352
1683499958935008,1683499958935347d,339
1683499958935884,1683499958943558d,7674
1683499958951613,1683499958951901d,288
1683499958952389,1683499958952738d,349
1683499958953362,1683499958958815d,5453
1683499958959356,1683499958964237d,4881
1683499958964566,1683499958965024d,458
1683499958965393,1683499958965913d,520
1683499958974875,1683499958975587d,712
1683499958987451,1683499958987704d,253
1683499958988282,1683499958988541d,259
1683499958989234,1683499958989443d,209
1683499958990169,1683499958995776d,5607
1683499958996477,1683499959002018d,5541
1683499959002375,1683499959002971d,596
1683499959003311,1683499959003790d,479
1683499959004155,1683499959004897d,742
1683499959005226,1683499959005793d,567
1683499959006079,1683499959011979d,5900
1683499959017956,1683499959018343d,387
1683499959020347,1683499959025932d,5585
1683499959026363,1683499959026956d,593
1683499959027284,1683499959039567d,12283
1683499959039669,1683499959044370d,4701
1683499959050099,1683499959050128d,29
1683499959050955,1683499959051188d,233
1683499959058827,1683499959065960d,7133
1683499959066350,1683499959066770d,420
1683499959071353,1683499959071760d,407
1683499959079785,1683499959080052d,267
1683499959080528,1683499959081026d,498
1683499959081485,1683499959081772d,287
1683499959082313,1683499959082578d,265
1683499959083095,1683499959083470d,375
1683499959084054,1683499959084423d,369
1683499959084865,1683499959085220d,355
1683499959085650,1683499959086092d,442
1683499959086462,1683499959090759d,4297
1683499959098738,1683499959099153d,415
1683499959099668,1683499959100020d,352
1683499959100465,1683499959100916d,451
1683499959101310,1683499959101851d,541
1683499959102192,1683499959102694d,502
1683499959103156,1683499959103571d,415
1683499959110866,1683499959111517d,651
1683499959119464,1683499959119636d,172
1683499959120355,1683499959120526d,171
1683499959130915,1683499959131691d,776
1683499959139425,1683499959139644d,219
1683499959140319,1683499959140518d,199
1683499959148235,1683499959148606d,371
1683499959149184,1683499959149513d,329
1683499959149983,1683499959150415d,432
1683499959155971,1683499959156335d,364
1683499959164300,1683499959164663d,363
1683499959165189,1683499959165574d,385
1683499959165974,1683499959171359d,5385
1683499959179349,1683499959179711d,362
1683499959180222,1683499959181272d,1050
1683499959181649,1683499959190896d,9247
1683499959191655,1683499959196052d,4397
1683499959196509,1683499959197272d,763
1683499959204502,1683499959212512d,8010
1683499959212933,1683499959220190d,7257
1683499959228283,1683499959228608d,325
1683499959229308,1683499959229636d,328
1683499959236227,1683499959236623d,396
1683499959237162,1683499959237514d,352
1683499959237935,1683499959238231d,296
1683499959238757,1683499959239114d,357
1683499959239578,1683499959239817d,239
1683499959240377,1683499959246675d,6298
1683499959246871,1683499959253922d,7051
1683499959262158,1683499959262777d,619
1683499959263173,1683499959263549d,376
1683499959264090,1683499959264465d,375
1683499959265131,1683499959272470d,7339
1683499959280152,1683499959280633d,481
1683499959281019,1683499959281491d,472
1683499959281928,1683499959288190d,6262
1683499959288515,1683499959288989d,474
1683499959293905,1683499959296289d,2384
1683499959303954,1683499959304542d,588
1683499959308874,1683499959316850d,7976
1683499959317328,1683499959317820d,492
1683499959325109,1683499959325459d,350
1683499959325883,1683499959326267d,384
1683499959326609,1683499959335207d,8598
1683499959346944,1683499959347764d,820
1683499959348055,1683499959348578d,523
1683499959356853,1683499959357007d,154
1683499959357693,1683499959364984d,7291
1683499959365360,1683499959375938d,10578
1683499959376672,1683499959376951d,279
1683499959377413,1683499959377752d,339
1683499959378248,1683499959378468d,220
1683499959378988,1683499959379247d,259
1683499959379715,1683499959380053d,338
1683499959380637,1683499959381024d,387
1683499959381485,1683499959381878d,393
1683499959389929,1683499959397952d,8023
1683499959398374,1683499959398916d,542
1683499959404416,1683499959412371d,7955
1683499959420312,1683499959420838d,526
1683499959421232,1683499959421641d,409
1683499959428134,1683499959428286d,152
1683499959429064,1683499959429221d,157
1683499959429907,1683499959430113d,206
1683499959430840,1683499959441934d,11094
1683499959441950,1683499959442821d,871
1683499959447388,1683499959448033d,645
1683499959456822,1683499959457436d,614
1683499959457809,1683499959466915d,9106
1683499959467663,1683499959472848d,5185
1683499959474678,1683499959475316d,638
1683499959475630,1683499959480908d,5278
1683499959488527,1683499959494831d,6304
1683499959495205,1683499959495771d,566
1683499959496222,1683499959496715d,493
1683499959497126,1683499959497602d,476
1683499959503999,1683499959515214d,11215
1683499959515717,1683499959519975d,4258
1683499959526913,1683499959527597d,684
1683499959527946,1683499959534787d,6841
1683499959535158,1683499959535641d,483
1683499959536018,1683499959536608d,590
1683499959536969,1683499959537444d,475
1683499959541946,1683499959547445d,5499
1683499959547577,1683499959552901d,5324
1683499959553462,1683499959553870d,408
1683499959559422,1683499959567721d,8299
1683499959567908,1683499959568514d,606
1683499959568803,1683499959569401d,598
1683499959569571,1683499959576397d,6826
1683499959584007,1683499959584626d,619
1683499959592139,1683499959592787d,648
1683499959593116,1683499959597944d,4828
1683499959600222,1683499959608199d,7977
1683499959612914,1683499959614826d,1912
1683499959615241,1683499959627583d,12342
1683499959627759,1683499959628409d,650
1683499959628783,1683499959629394d,611
1683499959637037,1683499959644961d,7924
1683499959645279,1683499959645809d,530
1683499959646352,1683499959652824d,6472
1683499959652982,1683499959653692d,710
1683499959659729,1683499959659981d,252
1683499959660467,1683499959660825d,358
1683499959661175,1683499959661576d,401
1683499959661970,1683499959662350d,380
1683499959662762,1683499959663158d,396
1683499959663533,1683499959663933d,400
1683499959672234,1683499959672726d,492
1683499959677941,1683499959677969d,28
1683499959678841,1683499959683138d,4297
1683499959690869,1683499959691493d,624
1683499959691989,1683499959692416d,427
1683499959692880,1683499959693395d,515
1683499959700240,1683499959700636d,396
1683499959706859,1683499959707471d,612
1683499959719396,1683499959719614d,218
1683499959720123,1683499959720494d,371
1683499959720866,1683499959721310d,444
1683499959726774,1683499959732166d,5392
1683499959740163,1683499959740488d,325
1683499959741053,1683499959741457d,404
1683499959741861,1683499959742315d,454
1683499959742673,1683499959748845d,6172
1683499959756799,1683499959756928d,129
1683499959757681,1683499959763822d,6141
1683499959763962,1683499959764576d,614
1683499959764915,1683499959765533d,618
1683499959765962,1683499959766402d,440
1683499959771940,1683499959772286d,346
1683499959772868,1683499959773276d,408
1683499959773898,1683499959779948d,6050
1683499959780313,1683499959780904d,591
1683499959781252,1683499959781686d,434
1683499959782070,1683499959782527d,457
1683499959783014,1683499959783471d,457
1683499959783891,1683499959784283d,392
1683499959784722,1683499959785076d,354
1683499959795373,1683499959795652d,279
1683499959796108,1683499959796465d,357
1683499959796878,1683499959797272d,394
1683499959797686,1683499959798152d,466
1683499959798580,1683499959799033d,453
1683499959804104,1683499959804783d,679
1683499959805164,1683499959812437d,7273
1683499959812861,1683499959813491d,630
1683499959813803,1683499959814370d,567
1683499959814682,1683499959815223d,541
1683499959821963,1683499959822374d,411
1683499959823002,1683499959823346d,344
1683499959823864,1683499959824156d,292
1683499959824673,1683499959824909d,236
1683499959825557,1683499959835504d,9947
1683499959835667,1683499959841962d,6295
1683499959842730,1683499959847368d,4638
1683499959850824,1683499959851308d,484
1683499959851613,1683499959857934d,6321
1683499959863662,1683499959871637d,7975
1683499959879590,1683499959879799d,209
1683499959880330,1683499959880630d,300
1683499959887918,1683499959888337d,419
1683499959896299,1683499959896725d,426
1683499959897057,1683499959897700d,643
1683499959904959,1683499959905216d,257
1683499959905746,1683499959906037d,291
1683499959906728,1683499959906803d,75
1683499959916000,1683499959916594d,594
1683499959923895,1683499959924301d,406
1683499959924852,1683499959925167d,315
1683499959925695,1683499959926025d,330
1683499959926497,1683499959926811d,314
1683499959927351,1683499959927626d,275
1683499959931991,1683499959932581d,590
1683499959932901,1683499959933433d,532
1683499959939674,1683499959940029d,355
1683499959940555,1683499959944871d,4316
1683499959953600,1683499959953624d,24
1683499959954531,1683499959960910d,6379
1683499959968920,1683499959969272d,352
1683499959970444,1683499959970815d,371
1683499959971310,1683499959977938d,6628
1683499959978481,1683499959982873d,4392
1683499959983529,1683499959988232d,4703
1683499959988651,1683499959996105d,7454
1683499959996537,1683499960003937d,7400
1683499960011892,1683499960012525d,633
1683499960012898,1683499960013353d,455
1683499960023482,1683499960031685d,8203
1683499960039515,1683499960039923d,408
1683499960040507,1683499960045915d,5408
1683499960046296,1683499960046963d,667
1683499960047340,1683499960058894d,11554
1683499960068662,1683499960069347d,685
1683499960069679,1683499960070228d,549
1683499960070674,1683499960071043d,369
1683499960071615,1683499960071840d,225
1683499960072475,1683499960079683d,7208
1683499960080179,1683499960088271d,8092
1683499960088683,1683499960089192d,509
1683499960096266,1683499960104347d,8081
1683499960108850,1683499960112191d,3341
1683499960120148,1683499960120648d,500
1683499960125930,1683499960126489d,559
1683499960126973,1683499960127295d,322
1683499960127806,1683499960128137d,331
1683499960128657,1683499960128958d,301
1683499960129550,1683499960129761d,211
1683499960130318,1683499960130662d,344
1683499960131183,1683499960139687d,8504
1683499960143899,1683499960147459d,3560
1683499960147665,1683499960148748d,1083
1683499960156306,1683499960156612d,306
1683499960157107,1683499960157418d,311
1683499960157949,1683499960158245d,296
1683499960158756,1683499960159059d,303
1683499960170914,1683499960171675d,761
1683499960172083,1683499960179639d,7556
1683499960179913,1683499960180609d,696
1683499960180825,1683499960181450d,625
1683499960187410,1683499960187675d,265
1683499960188202,1683499960188522d,320
1683499960188975,1683499960189343d,368
1683499960189713,1683499960193943d,4230
1683499960194546,1683499960200262d,5716
1683499960200583,1683499960206815d,6232
1683499960207406,1683499960212319d,4913
1683499960212703,1683499960213238d,535
1683499960220218,1683499960220648d,430
1683499960228216,1683499960235880d,7664
1683499960236407,1683499960236989d,582
1683499960237438,1683499960237780d,342
1683499960238252,1683499960238642d,390
1683499960239199,1683499960239563d,364
1683499960244939,1683499960245231d,292
1683499960246744,1683499960247315d,571
1683499960247607,1683499960254886d,7279
1683499960262937,1683499960263638d,701
1683499960268221,1683499960268647d,426
1683499960269035,1683499960269554d,519
1683499960269897,1683499960270322d,425
1683499960270744,1683499960271216d,472
1683499960271539,1683499960276145d,4606
1683499960276823,1683499960277150d,327
1683499960277670,1683499960284152d,6482
1683499960284940,1683499960285220d,280
1683499960285726,1683499960286175d,449
1683499960292459,1683499960297928d,5469
1683499960298349,1683499960298924d,575
1683499960299385,1683499960299975d,590
1683499960300393,1683499960300963d,570
1683499960308482,1683499960308818d,336
1683499960309341,1683499960309682d,341
1683499960316934,1683499960324856d,7922
1683499960325261,1683499960325805d,544
1683499960326409,1683499960330885d,4476
1683499960338992,1683499960339330d,338
1683499960339931,1683499960340344d,413
1683499960340824,1683499960346723d,5899
1683499960347334,1683499960348202d,868
1683499960355365,1683499960355789d,424
1683499960356319,1683499960362788d,6469
1683499960363150,1683499960363752d,602
1683499960369932,1683499960370437d,505
1683499960370880,1683499960375667d,4787
1683499960383742,1683499960383893d,151
1683499960388980,1683499960389358d,378
1683499960389834,1683499960390161d,327
1683499960390668,1683499960391072d,404
1683499960391520,1683499960391804d,284
1683499960399674,1683499960399975d,301
1683499960400489,1683499960404893d,4404
1683499960405080,1683499960405726d,646
1683499960411698,1683499960423249d,11551
1683499960430928,1683499960431616d,688
1683499960443528,1683499960448850d,5322
1683499960451361,1683499960453011d,1650
1683499960459742,1683499960460002d,260
1683499960460626,1683499960466716d,6090
1683499960474782,1683499960474876d,94
1683499960475726,1683499960476245d,519
1683499960476636,1683499960477300d,664
1683499960477562,1683499960484123d,6561
1683499960487401,1683499960495412d,8011
1683499960503935,1683499960511824d,7889
1683499960519786,1683499960520019d,233
1683499960528040,1683499960536011d,7971
1683499960536708,1683499960537051d,343
1683499960542849,1683499960543385d,536
1683499960543874,1683499960544262d,388
1683499960544754,1683499960550793d,6039
1683499960551467,1683499960551779d,312
1683499960552353,1683499960552664d,311
1683499960559916,1683499960560285d,369
1683499960560862,1683499960568172d,7310
1683499960576159,1683499960576531d,372
1683499960583959,1683499960585764d,1805
1683499960586388,1683499960586683d,295
1683499960587166,1683499960587660d,494
1683499960587955,1683499960588597d,642
1683499960589023,1683499960589474d,451
1683499960595501,1683499960603616d,8115
1683499960603812,1683499960604450d,638
1683499960604786,1683499960612906d,8120
1683499960613596,1683499960613978d,382
1683499960614582,1683499960619641d,5059
1683499960620055,1683499960620483d,428
1683499960620944,1683499960628984d,8040
1683499960629296,1683499960629887d,591
1683499960630322,1683499960630714d,392
1683499960631135,1683499960631480d,345
1683499960631964,1683499960632365d,401
1683499960632852,1683499960633342d,490
1683499960633747,1683499960639669d,5922
1683499960639876,1683499960640472d,596
1683499960640878,1683499960641308d,430
1683499960648556,1683499960655970d,7414
1683499960656911,1683499960664865d,7954
1683499960665280,1683499960665836d,556
1683499960671602,1683499960672027d,425
1683499960672377,1683499960672890d,513
1683499960673331,1683499960680143d,6812
1683499960680756,1683499960681125d,369
1683499960681512,1683499960688944d,7432
1683499960689492,1683499960696055d,6563
1683499960696632,1683499960696982d,350
1683499960697401,1683499960697817d,416
1683499960698180,1683499960698648d,468
1683499960699100,1683499960699658d,558
1683499960700032,1683499960711416d,11384
1683499960711780,1683499960716149d,4369
1683499960716700,1683499960717139d,439
1683499960717473,1683499960717981d,508
1683499960718184,1683499960718806d,622
1683499960719094,1683499960719753d,659
1683499960727796,1683499960728014d,218
1683499960728965,1683499960734663d,5698
1683499960739957,1683499960740303d,346
1683499960740833,1683499960746750d,5917
1683499960747142,1683499960754876d,7734
1683499960755675,1683499960756055d,380
1683499960756699,1683499960762742d,6043
1683499960763113,1683499960770717d,7604
1683499960770853,1683499960771661d,808
1683499960777913,1683499960778765d,852
1683499960786727,1683499960787153d,426
1683499960787805,1683499960788040d,235
1683499960796140,1683499960800829d,4689
1683499960804580,1683499960811419d,6839
1683499960811793,1683499960812394d,601
1683499960812682,1683499960813358d,676
1683499960813544,1683499960814127d,583
1683499960814447,1683499960814947d,500
1683499960815330,1683499960815704d,374
1683499960816186,1683499960820841d,4655
1683499960820964,1683499960821784d,820
1683499960822007,1683499960822616d,609
1683499960822915,1683499960823410d,495
1683499960823771,1683499960831967d,8196
1683499960832260,1683499960832961d,701
1683499960833181,1683499960833699d,518
1683499960833995,1683499960834581d,586
1683499960834787,1683499960839917d,5130
1683499960847930,1683499960848283d,353
1683499960848783,1683499960849457d,674
1683499960855954,1683499960856286d,332
1683499960856854,1683499960857227d,373
1683499960864137,1683499960864381d,244
1683499960864946,1683499960865339d,393
1683499960865737,1683499960866162d,425
1683499960866717,1683499960866999d,282
1683499960867492,1683499960867814d,322
1683499960874814,1683499960875289d,475
1683499960875697,1683499960876124d,427
1683499960876479,1683499960876890d,411
1683499960877365,1683499960877744d,379
1683499960884895,1683499960885407d,512
1683499960891315,1683499960891711d,396
1683499960899725,1683499960900051d,326
1683499960906697,1683499960906926d,229
1683499960907444,1683499960915897d,8453
1683499960916275,1683499960916788d,513
1683499960928021,1683499960928610d,589
1683499960929102,1683499960929506d,404
1683499960930012,1683499960930469d,457
1683499960931021,1683499960938758d,7737
1683499960939199,1683499960939779d,580
1683499960940104,1683499960940610d,506
1683499960941041,1683499960947972d,6931
1683499960948454,1683499960949724d,1270
1683499960950138,1683499960950686d,548
1683499960956014,1683499960956448d,434
1683499960956938,1683499960957353d,415
1683499960957813,1683499960958209d,396
1683499960958883,1683499960959245d,362
1683499960959778,1683499960967923d,8145
1683499960976250,1683499960976742d,492
1683499960987472,1683499960995467d,7995
1683499961000817,1683499961001148d,331
1683499961001680,1683499961002107d,427
1683499961002572,1683499961002948d,376
1683499961003521,1683499961003994d,473
1683499961004498,1683499961004937d,439
1683499961005415,1683499961005878d,463
1683499961010846,1683499961011538d,692
1683499961019400,1683499961019799d,399
1683499961026775,1683499961033983d,7208
1683499961034482,1683499961043471d,8989
1683499961057012,1683499961057618d,606
1683499961058080,1683499961064498d,6418
1683499961069923,1683499961069943d,20
1683499961070908,1683499961071046d,138
1683499961078854,1683499961079512d,658
1683499961091476,1683499961091683d,207
1683499961097946,1683499961099121d,1175
1683499961106908,1683499961107602d,694
1683499961115856,1683499961120876d,5020
1683499961121224,1683499961121738d,514
1683499961122224,1683499961129927d,7703
1683499961130384,1683499961130966d,582
1683499961135287,1683499961135737d,450
1683499961136126,1683499961141916d,5790
1683499961144236,1683499961144751d,515
1683499961152483,1683499961159308d,6825
1683499961163505,1683499961163759d,254
1683499961164787,1683499961165364d,577
1683499961165762,1683499961166312d,550
1683499961166679,1683499961167179d,500
1683499961176037,1683499961181959d,5922
1683499961182618,1683499961182971d,353
1683499961183452,1683499961183876d,424
1683499961184219,1683499961184766d,547
1683499961185075,1683499961192971d,7896
1683499961193547,1683499961193912d,365
1683499961200329,1683499961200703d,374
1683499961208470,1683499961208874d,404
1683499961209456,1683499961209854d,398
1683499961210423,1683499961210708d,285
1683499961211350,1683499961218798d,7448
1683499961225956,1683499961226585d,629
1683499961227112,1683499961233906d,6794
1683499961235825,1683499961236127d,302
1683499961236625,1683499961237043d,418
1683499961237400,1683499961237870d,470
1683499961244027,1683499961244480d,453
1683499961248878,1683499961249232d,354
1683499961255982,1683499961256649d,667
1683499961264123,1683499961264494d,371
1683499961272523,1683499961272887d,364
1683499961280225,1683499961280617d,392
1683499961288084,1683499961293949d,5865
1683499961296242,1683499961296638d,396
1683499961302868,1683499961303535d,667
1683499961311356,1683499961311647d,291
1683499961312234,1683499961312671d,437
1683499961313108,1683499961313551d,443
1683499961314013,1683499961319978d,5965
1683499961327945,1683499961328589d,644
1683499961329006,1683499961329472d,466
1683499961329912,1683499961330301d,389
1683499961330875,1683499961331324d,449
1683499961331982,1683499961336889d,4907
1683499961337206,1683499961337675d,469
1683499961338148,1683499961344279d,6131
1683499961344704,1683499961351260d,6556
1683499961362940,1683499961363679d,739
1683499961364029,1683499961372040d,8011
1683499961372499,1683499961372978d,479
1683499961373416,1683499961373787d,371
1683499961374230,1683499961375163d,933
1683499961375305,1683499961375993d,688
1683499961376196,1683499961376839d,643
1683499961377056,1683499961377752d,696
1683499961377995,1683499961388501d,10506
1683499961388910,1683499961389427d,517
1683499961389793,1683499961390227d,434
1683499961390601,1683499961390994d,393
1683499961391431,1683499961391831d,400
1683499961399667,1683499961399986d,319
1683499961400564,1683499961400774d,210
1683499961401414,1683499961407737d,6323
1683499961408011,1683499961419987d,11976
1683499961427904,1683499961439863d,11959
1683499961440004,1683499961440699d,695
1683499961440965,1683499961441532d,567
1683499961447730,1683499961448128d,398
1683499961448618,1683499961449095d,477
1683499961449467,1683499961456109d,6642
1683499961464178,1683499961464528d,350
1683499961465008,1683499961465431d,423
1683499961471907,1683499961472460d,553
1683499961472819,1683499961473313d,494
1683499961480112,1683499961480656d,544
1683499961481013,1683499961488597d,7584
1683499961493937,1683499961494526d,589
1683499961495070,1683499961495524d,454
1683499961495866,1683499961496303d,437
1683499961496655,1683499961497093d,438
1683499961504237,1683499961504675d,438
1683499961512184,1683499961512497d,313
1683499961519908,1683499961523627d,3719
1683499961531996,1683499961532601d,605
1683499961532933,1683499961533538d,605
1683499961533823,1683499961534452d,629
1683499961541927,1683499961541948d,21
1683499961542874,1683499961543105d,231
1683499961543719,1683499961543917d,198
1683499961544652,1683499961549923d,5271
1683499961550313,1683499961551542d,1229
1683499961559604,1683499961559799d,195
1683499961568124,1683499961568489d,365
1683499961579875,1683499961580308d,433
1683499961580844,1683499961581229d,385
1683499961588861,1683499961589023d,162
1683499961589754,1683499961589956d,202
1683499961590645,1683499961595429d,4784
1683499961603242,1683499961603677d,435
1683499961604159,1683499961604620d,461
1683499961605082,1683499961614826d,9744
1683499961622810,1683499961623444d,634
1683499961623873,1683499961624357d,484
1683499961624826,1683499961625155d,329
1683499961625603,1683499961626010d,407
1683499961626457,1683499961626819d,362
1683499961633921,1683499961641944d,8023
1683499961642399,1683499961642914d,515
1683499961643400,1683499961643673d,273
1683499961644161,1683499961644579d,418
1683499961644945,1683499961645451d,506
1683499961652143,1683499961652716d,573
1683499961660355,1683499961660785d,430
1683499961670906,1683499961671545d,639
1683499961679951,1683499961680079d,128
1683499961680809,1683499961681004d,195
1683499961685930,1683499961687671d,1741
1683499961694881,1683499961695557d,676
1683499961696245,1683499961696610d,365
1683499961697143,1683499961704478d,7335
1683499961712136,1683499961712790d,654
1683499961719645,1683499961727754d,8109
1683499961728135,1683499961735317d,7182
1683499961741929,1683499961742657d,728
1683499961743003,1683499961751928d,8925
1683499961752387,1683499961756870d,4483
1683499961756990,1683499961757693d,703
1683499961763435,1683499961763710d,275
1683499961768662,1683499961776459d,7797
1683499961784161,1683499961784709d,548
1683499961789929,1683499961789948d,19
1683499961795862,1683499961796231d,369
1683499961802843,1683499961803106d,263
1683499961803672,1683499961804059d,387
1683499961804548,1683499961812507d,7959
1683499961812938,1683499961813351d,413
1683499961818754,1683499961819299d,545
1683499961819612,1683499961826821d,7209
1683499961827218,1683499961835968d,8750
1683499961843950,1683499961844372d,422
1683499961844938,1683499961851706d,6768
1683499961852028,1683499961852481d,453
1683499961860088,1683499961860649d,561
1683499961861061,1683499961867680d,6619
1683499961867904,1683499961876022d,8118
1683499961876599,1683499961882844d,6245
1683499961883509,1683499961883917d,408
1683499961892142,1683499961892525d,383
1683499961892931,1683499961893354d,423
1683499961897914,1683499961897933d,19
1683499961898756,1683499961898998d,242
1683499961899512,1683499961899920d,408
1683499961900322,1683499961900647d,325
1683499961901097,1683499961901441d,344
1683499961901873,1683499961902223d,350
1683499961902644,1683499961903119d,475
1683499961909905,1683499961909923d,18
1683499961917934,1683499961918816d,882
1683499961924166,1683499961932212d,8046
1683499961932685,1683499961933049d,364
1683499961933547,1683499961944866d,11319
1683499961945249,1683499961955953d,10704
1683499961956616,1683499961956936d,320
