1683499957172900,1683499957181362d,8462
1683499957181638,1683499957182248d,610
1683499957190396,1683499957191350d,954
1683499957196993,1683499957197581d,588
1683499957198004,1683499957198384d,380
1683499957198904,1683499957206351d,7447
1683499957207488,1683499957207892d,404
1683499957208467,1683499957215162d,6695
1683499957220628,1683499957220775d,147
1683499957221547,1683499957221771d,224
1683499957222450,1683499957222679d,229
1683499957223338,1683499957223564d,226
1683499957224181,1683499957224413d,232
1683499957225224,1683499957232048d,6824
1683499957232460,1683499957232961d,501
1683499957241321,1683499957241821d,500
1683499957247448,1683499957247972d,524
1683499957248474,1683499957256075d,7601
1683499957256610,1683499957257067d,457
1683499957267380,1683499957267460d,80
1683499957275405,1683499957275969d,564
1683499957276365,1683499957282868d,6503
1683499957283388,1683499957290475d,7087
1683499957290942,1683499957296561d,5619
1683499957297532,1683499957297548d,16
1683499957307430,1683499957307780d,350
1683499957309248,1683499957309771d,523
1683499957310115,1683499957310664d,549
1683499957310963,1683499957311512d,549
1683499957311827,1683499957312238d,411
1683499957312764,1683499957320559d,7795
1683499957329294,1683499957336596d,7302
1683499957336808,1683499957337554d,746
1683499957337696,1683499957338485d,789
1683499957338674,1683499957339299d,625
1683499957339625,1683499957340126d,501
1683499957340488,1683499957340951d,463
1683499957344979,1683499957352915d,7936
1683499957360852,1683499957361312d,460
1683499957361974,1683499957362309d,335
1683499957362812,1683499957371746d,8934
1683499957379610,1683499957387611d,8001
1683499957395607,1683499957396015d,408
1683499957396605,1683499957396960d,355
1683499957397433,1683499957398083d,650
1683499957403396,1683499957403699d,303
1683499957404266,1683499957410423d,6157
1683499957410727,1683499957411328d,601
1683499957418298,1683499957418468d,170
1683499957419127,1683499957419513d,386
1683499957420040,1683499957420347d,307
1683499957420826,1683499957421236d,410
1683499957421753,1683499957422145d,392
1683499957422567,1683499957423063d,496
1683499957423406,1683499957423938d,532
1683499957424247,1683499957424812d,565
1683499957425038,1683499957425675d,637
1683499957431332,1683499957431471d,139
1683499957439381,1683499957439948d,567
1683499957440319,1683499957447637d,7318
1683499957448029,1683499957448538d,509
1683499957455624,1683499957456947d,1323
1683499957457664,1683499957458069d,405
1683499957458546,1683499957458897d,351
1683499957459457,1683499957459873d,416
1683499957460516,1683499957471373d,10857
1683499957483400,1683499957483529d,129
1683499957484190,1683499957492435d,8245
1683499957500329,1683499957501443d,1114
1683499957501463,1683499957502298d,835
1683499957508976,1683499957516943d,7967
1683499957517407,1683499957517890d,483
1683499957518372,1683499957518794d,422
1683499957519486,1683499957524988d,5502
1683499957525712,1683499957525962d,250
1683499957526600,1683499957526957d,357
1683499957528331,1683499957539367d,11036
1683499957546815,1683499957547420d,605
1683499957547889,1683499957548388d,499
1683499957548756,1683499957549326d,570
1683499957549736,1683499957550244d,508
1683499957550776,1683499957551186d,410
1683499957559451,1683499957559826d,375
1683499957560361,1683499957560807d,446
1683499957561428,1683499957561819d,391
1683499957562545,1683499957562879d,334
1683499957563555,1683499957564007d,452
1683499957564516,1683499957572098d,7582
1683499957572284,1683499957572977d,693
1683499957573182,1683499957573883d,701
1683499957574194,1683499957574742d,548
1683499957580025,1683499957580368d,343
1683499957581295,1683499957588040d,6745
1683499957588402,1683499957589056d,654
1683499957589433,1683499957589952d,519
1683499957590334,1683499957595646d,5312
1683499957596598,1683499957596905d,307
1683499957597423,1683499957597860d,437
1683499957598294,1683499957598613d,319
1683499957599214,1683499957606914d,7700
1683499957607273,1683499957614446d,7173
1683499957614902,1683499957616360d,1458
1683499957616556,1683499957617262d,706
1683499957626378,1683499957626575d,197
1683499957634507,1683499957635212d,705
1683499957643002,1683499957643298d,296
1683499957648114,1683499957650735d,2621
1683499957656538,1683499957656981d,443
1683499957657607,1683499957658016d,409
1683499957658595,1683499957663835d,5240
1683499957664176,1683499957664667d,491
1683499957671355,1683499957671890d,535
1683499957683356,1683499957683494d,138
1683499957689026,1683499957691133d,2107
1683499957703318,1683499957703448d,130
1683499957704337,1683499957704635d,298
1683499957705394,1683499957705529d,135
1683499957706393,1683499957706661d,268
1683499957707377,1683499957714321d,6944
1683499957714406,1683499957719626d,5220
1683499957727618,1683499957735602d,7984
1683499957735989,1683499957736614d,625
1683499957743687,1683499957750346d,6659
1683499957750500,1683499957751166d,666
1683499957751410,1683499957759696d,8286
1683499957767328,1683499957767733d,405
1683499957774506,1683499957774912d,406
1683499957775469,1683499957775834d,365
1683499957776277,1683499957776585d,308
1683499957777133,1683499957777332d,199
1683499957778000,1683499957778472d,472
1683499957778848,1683499957784583d,5735
1683499957792536,1683499957792695d,159
1683499957800990,1683499957801578d,588
1683499957802865,1683499957802972d,107
1683499957803777,1683499957804050d,273
1683499957810539,1683499957811027d,488
1683499957811435,1683499957811871d,436
1683499957812255,1683499957812651d,396
1683499957813066,1683499957813517d,451
1683499957820048,1683499957828017d,7969
1683499957828458,1683499957828916d,458
1683499957834823,1683499957835634d,811
1683499957836145,1683499957843169d,7024
1683499957848005,1683499957848149d,144
1683499957848828,1683499957849095d,267
1683499957849692,1683499957859317d,9625
1683499957867294,1683499957867420d,126
1683499957880051,1683499957880873d,822
1683499957881203,1683499957887630d,6427
1683499957888276,1683499957888604d,328
1683499957889125,1683499957889415d,290
1683499957889931,1683499957890233d,302
1683499957890749,1683499957891112d,363
1683499957897351,1683499957897640d,289
1683499957898262,1683499957904462d,6200
1683499957904806,1683499957905476d,670
1683499957905868,1683499957913275d,7407
1683499957914092,1683499957914389d,297
1683499957923316,1683499957923918d,602
1683499957924195,1683499957931356d,7161
1683499957936948,1683499957937526d,578
1683499957939650,1683499957940246d,596
1683499957940624,1683499957941173d,549
1683499957948052,1683499957956052d,8000
1683499957956164,1683499957956988d,824
1683499957957197,1683499957957779d,582
1683499957964682,1683499957965016d,334
1683499957965564,1683499957965935d,371
1683499957966390,1683499957971079d,4689
1683499957978901,1683499957979302d,401
1683499957979891,1683499957980225d,334
1683499957980766,1683499957981099d,333
1683499957981596,1683499957982010d,414
1683499957982534,1683499957988562d,6028
1683499957996029,1683499957997131d,1102
1683499957997622,1683499958003736d,6114
1683499958004118,1683499958004547d,429
1683499958005083,1683499958005342d,259
1683499958005997,1683499958006236d,239
1683499958006957,1683499958015686d,8729
1683499958023608,1683499958024047d,439
1683499958024593,1683499958025020d,427
1683499958025417,1683499958025921d,504
1683499958031103,1683499958031306d,203
1683499958032016,1683499958032280d,264
1683499958032922,1683499958033908d,986
1683499958041439,1683499958041854d,415
1683499958042379,1683499958051302d,8923
1683499958051592,1683499958052321d,729
1683499958056617,1683499958057083d,466
1683499958057653,1683499958058056d,403
1683499958062500,1683499958063060d,560
1683499958068005,1683499958071400d,3395
1683499958078881,1683499958083995d,5114
1683499958084172,1683499958084986d,814
1683499958085268,1683499958085873d,605
1683499958088371,1683499958088785d,414
1683499958089455,1683499958089747d,292
1683499958090458,1683499958090693d,235
1683499958091317,1683499958091623d,306
1683499958092171,1683499958099782d,7611
1683499958105042,1683499958105567d,525
1683499958106020,1683499958106417d,397
1683499958106816,1683499958107379d,563
1683499958107724,1683499958108364d,640
1683499958108827,1683499958109238d,411
1683499958109669,1683499958110072d,403
1683499958110459,1683499958119024d,8565
1683499958119045,1683499958120017d,972
1683499958120173,1683499958121059d,886
1683499958121245,1683499958121917d,672
1683499958122137,1683499958122782d,645
1683499958123048,1683499958123762d,714
1683499958123904,1683499958129299d,5395
1683499958129664,1683499958130530d,866
1683499958130883,1683499958139299d,8416
1683499958151372,1683499958151489d,117
1683499958152224,1683499958159354d,7130
1683499958159473,1683499958164935d,5462
1683499958165332,1683499958165880d,548
1683499958166327,1683499958166691d,364
1683499958171368,1683499958171897d,529
1683499958179393,1683499958179565d,172
1683499958180153,1683499958180537d,384
1683499958181125,1683499958181540d,415
1683499958188480,1683499958188870d,390
1683499958189367,1683499958189817d,450
1683499958190136,1683499958191266d,1130
1683499958191627,1683499958198324d,6697
1683499958198864,1683499958199185d,321
1683499958199711,1683499958204166d,4455
1683499958215587,1683499958216569d,982
1683499958216886,1683499958217343d,457
1683499958217885,1683499958218277d,392
1683499958218911,1683499958219128d,217
1683499958219811,1683499958231613d,11802
1683499958239500,1683499958239608d,108
1683499958247596,1683499958248463d,867
1683499958248669,1683499958255388d,6719
1683499958255857,1683499958256244d,387
1683499958256795,1683499958257094d,299
1683499958257536,1683499958257922d,386
1683499958258517,1683499958259007d,490
1683499958259499,1683499958259892d,393
1683499958260279,1683499958267647d,7368
1683499958268030,1683499958268535d,505
1683499958268911,1683499958269665d,754
1683499958276639,1683499958277133d,494
1683499958283324,1683499958283461d,137
1683499958295496,1683499958295875d,379
1683499958296356,1683499958296676d,320
1683499958297128,1683499958303624d,6496
1683499958315682,1683499958316153d,471
1683499958316656,1683499958317083d,427
1683499958317538,1683499958317996d,458
1683499958318393,1683499958319008d,615
1683499958324067,1683499958332028d,7961
1683499958340050,1683499958340171d,121
1683499958341025,1683499958341454d,429
1683499958342031,1683499958342378d,347
1683499958347779,1683499958348156d,377
1683499958356062,1683499958364051d,7989
1683499958364355,1683499958364925d,570
1683499958365270,1683499958365746d,476
1683499958372555,1683499958372976d,421
1683499958373446,1683499958380094d,6648
1683499958380490,1683499958380998d,508
1683499958388545,1683499958388989d,444
1683499958389550,1683499958389990d,440
1683499958390576,1683499958390973d,397
1683499958391465,1683499958391779d,314
1683499958392348,1683499958392539d,191
1683499958393174,1683499958400026d,6852
1683499958400471,1683499958401051d,580
1683499958407476,1683499958407840d,364
1683499958414672,1683499958422383d,7711
1683499958422540,1683499958423199d,659
1683499958423475,1683499958424078d,603
1683499958424406,1683499958424890d,484
1683499958432475,1683499958432665d,190
1683499958433276,1683499958433471d,195
1683499958434042,1683499958443348d,9306
1683499958443507,1683499958451034d,7527
1683499958458823,1683499958459238d,415
1683499958459718,1683499958460013d,295
1683499958460538,1683499958460984d,446
1683499958468919,1683499958469492d,573
1683499958470014,1683499958476921d,6907
1683499958477498,1683499958477935d,437
1683499958483796,1683499958491624d,7828
1683499958491648,1683499958492551d,903
1683499958500500,1683499958500639d,139
1683499958507322,1683499958507450d,128
1683499958515433,1683499958515907d,474
1683499958523231,1683499958523401d,170
1683499958523954,1683499958524308d,354
1683499958524853,1683499958535613d,10760
1683499958535635,1683499958547719d,12084
1683499958559618,1683499958560233d,615
1683499958560636,1683499958572065d,11429
1683499958572551,1683499958580050d,7499
1683499958580469,1683499958580918d,449
1683499958581266,1683499958581681d,415
1683499958582221,1683499958583461d,1240
1683499958583773,1683499958591769d,7996
1683499958592512,1683499958600635d,8123
1683499958608493,1683499958608649d,156
1683499958609360,1683499958614852d,5492
1683499958615340,1683499958615737d,397
1683499958616188,1683499958616530d,342
1683499958617071,1683499958623119d,6048
1683499958623257,1683499958624000d,743
1683499958624177,1683499958632515d,8338
1683499958640032,1683499958640183d,151
1683499958640897,1683499958641203d,306
1683499958641655,1683499958641989d,334
1683499958642472,1683499958642753d,281
1683499958643264,1683499958643531d,267
1683499958643987,1683499958644320d,333
1683499958644811,1683499958650807d,5996
1683499958658495,1683499958659285d,790
1683499958659586,1683499958667333d,7747
1683499958667841,1683499958668226d,385
1683499958677331,1683499958683604d,6273
1683499958683628,1683499958695637d,12009
1683499958696372,1683499958696692d,320
1683499958697258,1683499958697562d,304
1683499958698097,1683499958698395d,298
1683499958698941,1683499958704605d,5664
1683499958712541,1683499958713516d,975
1683499958714071,1683499958719726d,5655
1683499958720071,1683499958720527d,456
1683499958720954,1683499958721381d,427
1683499958721749,1683499958722136d,387
1683499958722547,1683499958723057d,510
1683499958723504,1683499958723867d,363
1683499958724371,1683499958724692d,321
1683499958725158,1683499958725610d,452
1683499958726010,1683499958726389d,379
1683499958726805,1683499958727187d,382
1683499958727767,1683499958728017d,250
1683499958734506,1683499958735146d,640
1683499958742971,1683499958743206d,235
1683499958750402,1683499958750930d,528
1683499958767700,1683499958767729d,29
1683499958768598,1683499958781320d,12722
1683499958781465,1683499958782276d,811
1683499958782444,1683499958783148d,704
1683499958783312,1683499958791631d,8319
1683499958792328,1683499958792651d,323
1683499958793133,1683499958800578d,7445
1683499958808476,1683499958815994d,7518
1683499958816913,1683499958817309d,396
1683499958818061,1683499958818124d,63
1683499958823083,1683499958827976d,4893
1683499958830451,1683499958830989d,538
1683499958831382,1683499958831748d,366
1683499958832166,1683499958832680d,514
1683499958833159,1683499958833476d,317
1683499958834052,1683499958834256d,204
1683499958834786,1683499958839270d,4484
1683499958839951,1683499958840301d,350
1683499958840852,1683499958848013d,7161
1683499958856031,1683499958860949d,4918
1683499958861530,1683499958867352d,5822
1683499958867606,1683499958868118d,512
1683499958875326,1683499958875929d,603
1683499958876281,1683499958876693d,412
1683499958883135,1683499958891391d,8256
1683499958891517,1683499958892421d,904
1683499958899310,1683499958899451d,141
1683499958911467,1683499958912005d,538
1683499958919586,1683499958920027d,441
1683499958920665,1683499958921073d,408
1683499958926489,1683499958927065d,576
1683499958927447,1683499958934427d,6980
1683499958935025,1683499958935491d,466
1683499958935920,1683499958943667d,7747
1683499958951560,1683499958952055d,495
1683499958952356,1683499958952954d,598
1683499958953380,1683499958959137d,5757
1683499958963962,1683499958964098d,136
1683499958964786,1683499958965024d,238
1683499958965585,1683499958965874d,289
1683499958975331,1683499958975453d,122
1683499958987409,1683499958987912d,503
1683499958988286,1683499958988689d,403
1683499958989075,1683499958989658d,583
1683499958989983,1683499958995611d,5628
1683499958996423,1683499958996893d,470
1683499959002476,1683499959002940d,464
1683499959003389,1683499959003904d,515
1683499959004292,1683499959004875d,583
1683499959005366,1683499959005743d,377
1683499959006252,1683499959012078d,5826
1683499959012448,1683499959018430d,5982
1683499959020441,1683499959020806d,365
1683499959026450,1683499959027004d,554
1683499959027427,1683499959039384d,11957
1683499959039966,1683499959044519d,4553
1683499959044811,1683499959050592d,5781
1683499959050877,1683499959051376d,499
1683499959059101,1683499959064291d,5190
1683499959066422,1683499959066944d,522
1683499959071464,1683499959071807d,343
1683499959079800,1683499959080175d,375
1683499959080820,1683499959081008d,188
1683499959081564,1683499959081845d,281
1683499959082290,1683499959082732d,442
1683499959083180,1683499959083517d,337
1683499959084131,1683499959084470d,339
1683499959084951,1683499959085349d,398
1683499959085758,1683499959086214d,456
1683499959086559,1683499959090993d,4434
1683499959098800,1683499959099213d,413
1683499959099762,1683499959100075d,313
1683499959100569,1683499959101016d,447
1683499959101461,1683499959101945d,484
1683499959102284,1683499959102746d,462
1683499959103205,1683499959103637d,432
1683499959111316,1683499959111486d,170
1683499959119378,1683499959119889d,511
1683499959120254,1683499959120795d,541
1683499959131433,1683499959131597d,164
1683499959139399,1683499959139818d,419
1683499959140267,1683499959140712d,445
1683499959148293,1683499959148699d,406
1683499959149187,1683499959149688d,501
1683499959149979,1683499959150517d,538
1683499959156054,1683499959164039d,7985
1683499959164146,1683499959164965d,819
1683499959165119,1683499959165683d,564
1683499959165979,1683499959171476d,5497
1683499959179430,1683499959179904d,474
1683499959180272,1683499959180664d,392
1683499959181739,1683499959191334d,9595
1683499959191496,1683499959196093d,4597
1683499959196564,1683499959197079d,515
1683499959204564,1683499959212623d,8059
1683499959212931,1683499959220218d,7287
1683499959228303,1683499959228734d,431
1683499959229304,1683499959235987d,6683
1683499959236105,1683499959236954d,849
1683499959237066,1683499959237676d,610
1683499959237893,1683499959238433d,540
1683499959238633,1683499959239152d,519
1683499959239484,1683499959239949d,465
1683499959240348,1683499959246465d,6117
1683499959247158,1683499959254349d,7191
1683499959262502,1683499959262733d,231
1683499959263309,1683499959263706d,397
1683499959264233,1683499959264540d,307
1683499959264975,1683499959272562d,7587
1683499959280390,1683499959280575d,185
1683499959281285,1683499959281481d,196
1683499959282124,1683499959288057d,5933
1683499959288652,1683499959289045d,393
1683499959296000,1683499959296097d,97
1683499959304048,1683499959304640d,592
1683499959308919,1683499959316933d,8014
1683499959317438,1683499959317894d,456
1683499959325190,1683499959325578d,388
1683499959326023,1683499959326340d,317
1683499959326755,1683499959335570d,8815
1683499959347448,1683499959347569d,121
1683499959348377,1683499959348584d,207
1683499959349133,1683499959357339d,8206
1683499959357595,1683499959365048d,7453
1683499959375620,1683499959376088d,468
1683499959376709,1683499959377062d,353
1683499959377430,1683499959377791d,361
1683499959378151,1683499959378688d,537
1683499959378962,1683499959379471d,509
1683499959379701,1683499959380195d,494
1683499959380793,1683499959381126d,333
1683499959381603,1683499959381946d,343
1683499959390301,1683499959390487d,186
1683499959398427,1683499959398992d,565
1683499959404502,1683499959412480d,7978
1683499959420598,1683499959420756d,158
1683499959421362,1683499959421631d,269
1683499959427840,1683499959428521d,681
1683499959428846,1683499959429470d,624
1683499959429736,1683499959430342d,606
1683499959430681,1683499959435697d,5016
1683499959442441,1683499959442711d,270
1683499959447452,1683499959448129d,677
1683499959457192,1683499959457327d,135
1683499959458198,1683499959467409d,9211
1683499959467477,1683499959472885d,5408
1683499959475065,1683499959475213d,148
1683499959475940,1683499959480944d,5004
1683499959488549,1683499959494992d,6443
1683499959495331,1683499959495913d,582
1683499959496354,1683499959496893d,539
1683499959497258,1683499959497769d,511
1683499959504061,1683499959515377d,11316
1683499959519704,1683499959519728d,24
1683499959527390,1683499959527513d,123
1683499959528143,1683499959534864d,6721
1683499959535247,1683499959535738d,491
1683499959536111,1683499959536651d,540
1683499959537120,1683499959537518d,398
1683499959542329,1683499959547299d,4970
1683499959547871,1683499959552931d,5060
1683499959553554,1683499959553945d,391
1683499959559317,1683499959567587d,8270
1683499959568146,1683499959568498d,352
1683499959568910,1683499959569304d,394
1683499959575990,1683499959576045d,55
1683499959584046,1683499959584604d,558
1683499959592539,1683499959592746d,207
1683499959593458,1683499959599945d,6487
1683499959607924,1683499959608048d,124
1683499959612913,1683499959615009d,2096
1683499959615308,1683499959627420d,12112
1683499959628070,1683499959628449d,379
1683499959628982,1683499959629442d,460
1683499959637088,1683499959644995d,7907
1683499959645466,1683499959646163d,697
1683499959646337,1683499959647180d,843
1683499959653287,1683499959653567d,280
1683499959659713,1683499959660164d,451
1683499959660475,1683499959660942d,467
1683499959661280,1683499959661631d,351
1683499959662112,1683499959662360d,248
1683499959662929,1683499959663192d,263
1683499959663717,1683499959671933d,8216
1683499959672073,1683499959672839d,766
1683499959673127,1683499959678398d,5271
1683499959678831,1683499959683338d,4507
1683499959691260,1683499959691451d,191
1683499959692166,1683499959692441d,275
1683499959693174,1683499959699979d,6805
1683499959700183,1683499959700854d,671
1683499959707260,1683499959707454d,194
1683499959719393,1683499959719757d,364
1683499959720261,1683499959720548d,287
1683499959721104,1683499959721365d,261
1683499959727033,1683499959732377d,5344
1683499959740211,1683499959740655d,444
1683499959741164,1683499959741555d,391
1683499959742009,1683499959742340d,331
1683499959742769,1683499959743179d,410
1683499959749252,1683499959757304d,8052
1683499959757643,1683499959763616d,5973
1683499959764223,1683499959764654d,431
1683499959765021,1683499959765716d,695
1683499959766005,1683499959766611d,606
1683499959772019,1683499959772375d,356
1683499959773050,1683499959773283d,233
1683499959773936,1683499959780007d,6071
1683499959780359,1683499959780978d,619
1683499959781272,1683499959781856d,584
1683499959782101,1683499959782749d,648
1683499959783041,1683499959783640d,599
1683499959783860,1683499959784484d,624
1683499959784665,1683499959785269d,604
1683499959795403,1683499959795805d,402
1683499959796219,1683499959796594d,375
1683499959797055,1683499959797405d,350
1683499959797778,1683499959798136d,358
1683499959798762,1683499959798967d,205
1683499959804572,1683499959804760d,188
1683499959805398,1683499959812605d,7207
1683499959812959,1683499959813513d,554
1683499959813887,1683499959814439d,552
1683499959814742,1683499959815310d,568
1683499959815600,1683499959822450d,6850
1683499959823105,1683499959823447d,342
1683499959823905,1683499959824227d,322
1683499959824608,1683499959825122d,514
1683499959825400,1683499959835329d,9929
1683499959835956,1683499959842461d,6505
1683499959842748,1683499959847400d,4652
1683499959851074,1683499959851289d,215
1683499959852037,1683499959858280d,6243
1683499959863783,1683499959871680d,7897
1683499959879494,1683499959880046d,552
1683499959880379,1683499959880820d,441
1683499959888078,1683499959895995d,7917
1683499959896125,1683499959896790d,665
1683499959897129,1683499959897750d,621
1683499959904952,1683499959905393d,441
1683499959905780,1683499959906125d,345
1683499959906544,1683499959915621d,9077
1683499959916063,1683499959923602d,7539
1683499959923619,1683499959924542d,923
1683499959924733,1683499959925292d,559
1683499959925566,1683499959926068d,502
1683499959926443,1683499959926938d,495
1683499959927267,1683499959927762d,495
1683499959932045,1683499959932513d,468
1683499959932960,1683499959933354d,394
1683499959939728,1683499959940141d,413
1683499959940623,1683499959944990d,4367
1683499959952914,1683499959954122d,1208
1683499959954371,1683499959960973d,6602
1683499959968946,1683499959969385d,439
1683499959970570,1683499959970859d,289
1683499959971426,1683499959972294d,868
1683499959978533,1683499959983277d,4744
1683499959988014,1683499959988168d,154
1683499959988784,1683499959996246d,7462
1683499959996584,1683499960004022d,7438
1683499960011983,1683499960012515d,532
1683499960013113,1683499960013384d,271
1683499960023365,1683499960031531d,8166
1683499960039600,1683499960039993d,393
1683499960040629,1683499960040915d,286
1683499960046379,1683499960047074d,695
1683499960047387,1683499960059407d,12020
1683499960069115,1683499960069252d,137
1683499960070041,1683499960070206d,165
1683499960070827,1683499960071121d,294
1683499960071607,1683499960072069d,462
1683499960072439,1683499960079844d,7405
1683499960088025,1683499960088121d,96
1683499960088944,1683499960095955d,7011
1683499960104098,1683499960104114d,16
1683499960108901,1683499960112531d,3630
1683499960120235,1683499960120697d,462
1683499960121189,1683499960126547d,5358
1683499960127096,1683499960127442d,346
1683499960127941,1683499960128245d,304
1683499960128731,1683499960129143d,412
1683499960129490,1683499960130025d,535
1683499960130372,1683499960130949d,577
1683499960131235,1683499960139506d,8271
1683499960144008,1683499960147409d,3401
1683499960147914,1683499960155968d,8054
1683499960156078,1683499960156818d,740
1683499960157090,1683499960157677d,587
1683499960157896,1683499960158540d,644
1683499960158792,1683499960159343d,551
1683499960171408,1683499960171592d,184
1683499960172475,1683499960179543d,7068
1683499960180187,1683499960180476d,289
1683499960181157,1683499960181448d,291
1683499960187411,1683499960187857d,446
1683499960188284,1683499960188658d,374
1683499960189109,1683499960189416d,307
1683499960189919,1683499960194313d,4394
1683499960200009,1683499960200106d,97
1683499960200739,1683499960207191d,6452
1683499960212033,1683499960212087d,54
1683499960212990,1683499960220008d,7018
1683499960220078,1683499960220914d,836
1683499960235605,1683499960235630d,25
1683499960236751,1683499960236906d,155
1683499960237554,1683499960237882d,328
1683499960238353,1683499960238749d,396
1683499960239298,1683499960239622d,324
1683499960244949,1683499960245357d,408
1683499960246927,1683499960247214d,287
1683499960247733,1683499960255280d,7547
1683499960263399,1683499960267937d,4538
1683499960268072,1683499960268785d,713
1683499960269107,1683499960269629d,522
1683499960269947,1683499960270525d,578
1683499960270853,1683499960271309d,456
1683499960271740,1683499960276554d,4814
1683499960276740,1683499960277401d,661
1683499960277588,1683499960284599d,7011
1683499960284703,1683499960285447d,744
1683499960285696,1683499960286387d,691
1683499960292558,1683499960293013d,455
1683499960298449,1683499960298995d,546
1683499960299432,1683499960299935d,503
1683499960300460,1683499960301029d,569
1683499960308557,1683499960308958d,401
1683499960309457,1683499960309790d,333
1683499960316976,1683499960324924d,7948
1683499960325343,1683499960325875d,532
1683499960326524,1683499960331039d,4515
1683499960338930,1683499960339434d,504
1683499960340083,1683499960340432d,349
1683499960340898,1683499960347107d,6209
1683499960347271,1683499960348157d,886
1683499960355434,1683499960355871d,437
1683499960356448,1683499960362828d,6380
1683499960363196,1683499960363774d,578
1683499960364221,1683499960370466d,6245
1683499960370938,1683499960375723d,4785
1683499960383520,1683499960384192d,672
1683499960388961,1683499960389590d,629
1683499960389891,1683499960390380d,489
1683499960390668,1683499960391170d,502
1683499960391494,1683499960391993d,499
1683499960399726,1683499960400134d,408
1683499960400564,1683499960400973d,409
1683499960405328,1683499960405613d,285
1683499960411725,1683499960423351d,11626
1683499960431350,1683499960431513d,163
1683499960443418,1683499960443925d,507
1683499960451444,1683499960453036d,1592
1683499960459739,1683499960460180d,441
1683499960460529,1683499960466786d,6257
1683499960474480,1683499960475268d,788
1683499960475730,1683499960476234d,504
1683499960476668,1683499960477097d,429
1683499960477715,1683499960484128d,6413
1683499960487369,1683499960503688d,16319
1683499960503721,1683499960511629d,7908
1683499960519617,1683499960527611d,7994
1683499960535684,1683499960536076d,392
1683499960536764,1683499960537135d,371
1683499960543145,1683499960543371d,226
1683499960543902,1683499960544317d,415
1683499960544801,1683499960551151d,6350
1683499960551403,1683499960552054d,651
1683499960552238,1683499960552879d,641
1683499960560036,1683499960560379d,343
1683499960561003,1683499960568578d,7575
1683499960576157,1683499960576592d,435
1683499960584041,1683499960585947d,1906
1683499960586324,1683499960586785d,461
1683499960587150,1683499960587664d,514
1683499960588079,1683499960588701d,622
1683499960589093,1683499960589593d,500
1683499960595436,1683499960603490d,8054
1683499960604045,1683499960604463d,418
1683499960604899,1683499960612968d,8069
1683499960613714,1683499960614087d,373
1683499960614605,1683499960619700d,5095
1683499960620145,1683499960620652d,507
1683499960621057,1683499960629013d,7956
1683499960629389,1683499960629921d,532
1683499960630452,1683499960630762d,310
1683499960631257,1683499960631675d,418
1683499960632070,1683499960632633d,563
1683499960632848,1683499960633498d,650
1683499960633767,1683499960639660d,5893
1683499960640178,1683499960640610d,432
1683499960640992,1683499960641398d,406
1683499960648545,1683499960655990d,7445
1683499960656964,1683499960664901d,7937
1683499960665331,1683499960665978d,647
1683499960671726,1683499960672075d,349
1683499960672620,1683499960672935d,315
1683499960673439,1683499960680522d,7083
1683499960680701,1683499960681258d,557
1683499960681639,1683499960688955d,7316
1683499960689603,1683499960696093d,6490
1683499960696689,1683499960697142d,453
1683499960697442,1683499960697894d,452
1683499960698309,1683499960698824d,515
1683499960699201,1683499960699719d,518
1683499960700127,1683499960711334d,11207
1683499960712136,1683499960716154d,4018
1683499960716621,1683499960717105d,484
1683499960717589,1683499960717949d,360
1683499960718403,1683499960718722d,319
1683499960719335,1683499960719590d,255
1683499960727614,1683499960728213d,599
1683499960728787,1683499960734753d,5966
1683499960740004,1683499960740424d,420
1683499960740881,1683499960746813d,5932
1683499960747216,1683499960755313d,8097
1683499960755788,1683499960756172d,384
1683499960756818,1683499960762786d,5968
1683499960763288,1683499960770469d,7181
1683499960771165,1683499960771447d,282
1683499960772071,1683499960778954d,6883
1683499960786787,1683499960787322d,535
1683499960787734,1683499960788262d,528
1683499960796148,1683499960796574d,426
1683499960804579,1683499960811473d,6894
1683499960811926,1683499960812423d,497
1683499960812851,1683499960813275d,424
1683499960813785,1683499960814122d,337
1683499960814550,1683499960814957d,407
1683499960815408,1683499960815729d,321
1683499960816123,1683499960816531d,408
1683499960821260,1683499960821701d,441
1683499960822299,1683499960822563d,264
1683499960823154,1683499960823404d,250
1683499960823975,1683499960832031d,8056
1683499960832378,1683499960832840d,462
1683499960833359,1683499960833676d,317
1683499960834076,1683499960834433d,357
1683499960835012,1683499960839985d,4973
1683499960848004,1683499960848378d,374
1683499960848873,1683499960849750d,877
1683499960855996,1683499960856378d,382
1683499960856922,1683499960857255d,333
1683499960864081,1683499960864530d,449
1683499960864940,1683499960865408d,468
1683499960865869,1683499960866233d,364
1683499960866740,1683499960867127d,387
1683499960867509,1683499960867915d,406
1683499960875028,1683499960875254d,226
1683499960875872,1683499960876101d,229
1683499960876651,1683499960876981d,330
1683499960877465,1683499960877823d,358
1683499960884923,1683499960885530d,607
1683499960891420,1683499960891762d,342
1683499960899760,1683499960900164d,404
1683499960906419,1683499960907160d,741
1683499960915631,1683499960915655d,24
1683499960916557,1683499960927607d,11050
1683499960928103,1683499960928802d,699
1683499960929124,1683499960929625d,501
1683499960930077,1683499960930584d,507
1683499960931194,1683499960938857d,7663
1683499960939351,1683499960939860d,509
1683499960940305,1683499960940814d,509
1683499960941306,1683499960948070d,6764
1683499960948539,1683499960949836d,1297
1683499960950240,1683499960950733d,493
1683499960956096,1683499960956553d,457
1683499960957006,1683499960957400d,394
1683499960957966,1683499960958595d,629
1683499960958871,1683499960959549d,678
1683499960959741,1683499960976020d,16279
1683499960976061,1683499960976889d,828
1683499960987466,1683499960995414d,7948
1683499961000897,1683499961001313d,416
1683499961001857,1683499961002172d,315
1683499961002733,1683499961003034d,301
1683499961003707,1683499961004007d,300
1683499961004515,1683499961005038d,523
1683499961005535,1683499961006054d,519
1683499961011256,1683499961011463d,207
1683499961019450,1683499961019978d,528
1683499961027153,1683499961027300d,147
1683499961034552,1683499961043379d,8827
1683499961057385,1683499961057599d,214
1683499961058344,1683499961064571d,6227
1683499961064913,1683499961070379d,5466
1683499961070800,1683499961071340d,540
1683499961079309,1683499961079461d,152
1683499961091446,1683499961091901d,455
1683499961098370,1683499961099275d,905
1683499961107410,1683499961115619d,8209
1683499961115643,1683499961120948d,5305
1683499961121345,1683499961121815d,470
1683499961122223,1683499961122697d,474
1683499961130463,1683499961131034d,571
1683499961135438,1683499961135756d,318
1683499961136245,1683499961144019d,7774
1683499961144177,1683499961145059d,882
1683499961152470,1683499961158885d,6415
1683499961163448,1683499961163986d,538
1683499961165117,1683499961165361d,244
1683499961166069,1683499961166332d,263
1683499961166836,1683499961175715d,8879
1683499961176110,1683499961182355d,6245
1683499961182579,1683499961183176d,597
1683499961183499,1683499961183928d,429
1683499961184275,1683499961184789d,514
1683499961185147,1683499961192985d,7838
1683499961193670,1683499961200017d,6347
1683499961200186,1683499961200871d,685
1683499961208603,1683499961208938d,335
1683499961209530,1683499961209863d,333
1683499961210363,1683499961210834d,471
1683499961211194,1683499961218893d,7699
1683499961219195,1683499961226595d,7400
1683499961227192,1683499961227551d,359
1683499961235523,1683499961236261d,738
1683499961236651,1683499961237181d,530
1683499961237528,1683499961238039d,511
1683499961244084,1683499961244572d,488
1683499961248930,1683499961255604d,6674
1683499961256051,1683499961256694d,643
1683499961264216,1683499961271578d,7362
1683499961272615,1683499961280007d,7392
1683499961280151,1683499961280865d,714
1683499961288546,1683499961295995d,7449
1683499961296131,1683499961296858d,727
1683499961303300,1683499961303360d,60
1683499961311322,1683499961311810d,488
1683499961312377,1683499961312730d,353
1683499961313235,1683499961313647d,412
1683499961314121,1683499961320048d,5927
1683499961328015,1683499961328632d,617
1683499961329059,1683499961329579d,520
1683499961329971,1683499961330368d,397
1683499961330824,1683499961331301d,477
1683499961331890,1683499961336928d,5038
1683499961337319,1683499961337922d,603
1683499961344036,1683499961344227d,191
1683499961344878,1683499961351426d,6548
1683499961363379,1683499961363618d,239
1683499961364296,1683499961372138d,7842
1683499961372554,1683499961373111d,557
1683499961373450,1683499961373941d,491
1683499961374281,1683499961374867d,586
1683499961375594,1683499961375907d,313
1683499961376475,1683499961376697d,222
1683499961377281,1683499961377602d,321
1683499961378152,1683499961388618d,10466
1683499961389060,1683499961389488d,428
1683499961389877,1683499961390328d,451
1683499961390634,1683499961391091d,457
1683499961391441,1683499961391984d,543
1683499961399506,1683499961400121d,615
1683499961400485,1683499961401052d,567
1683499961401379,1683499961407766d,6387
1683499961419621,1683499961427601d,7980
1683499961427626,1683499961439618d,11992
1683499961440291,1683499961440711d,420
1683499961441180,1683499961441428d,248
1683499961447809,1683499961448211d,402
1683499961448670,1683499961449128d,458
1683499961449505,1683499961456545d,7040
1683499961464185,1683499961464650d,465
1683499961465189,1683499961471597d,6408
1683499961471989,1683499961472499d,510
1683499961472860,1683499961473329d,469
1683499961480209,1683499961480724d,515
1683499961481067,1683499961488666d,7599
1683499961489032,1683499961494542d,5510
1683499961495112,1683499961495566d,454
1683499961495933,1683499961496346d,413
1683499961496696,1683499961497191d,495
1683499961504290,1683499961504799d,509
1683499961512171,1683499961512612d,441
1683499961520027,1683499961523835d,3808
1683499961532032,1683499961532632d,600
1683499961533024,1683499961533599d,575
1683499961533902,1683499961534462d,560
1683499961534887,1683499961542416d,7529
1683499961542748,1683499961543308d,560
1683499961543661,1683499961544143d,482
1683499961544445,1683499961545031d,586
1683499961550373,1683499961551754d,1381
1683499961559482,1683499961563600d,4118
1683499961568182,1683499961579607d,11425
1683499961579631,1683499961580545d,914
1683499961580829,1683499961581294d,465
1683499961581637,1683499961589394d,7757
1683499961589593,1683499961590367d,774
1683499961590511,1683499961595348d,4837
1683499961603422,1683499961603769d,347
1683499961604206,1683499961604669d,463
1683499961605140,1683499961615278d,10138
1683499961623209,1683499961623385d,176
1683499961624127,1683499961624267d,140
1683499961624941,1683499961625249d,308
1683499961625738,1683499961626143d,405
1683499961626505,1683499961627000d,495
1683499961634300,1683499961634527d,227
1683499961642486,1683499961643064d,578
1683499961643402,1683499961643824d,422
1683499961644316,1683499961644630d,314
1683499961645203,1683499961645424d,221
1683499961652456,1683499961660097d,7641
1683499961660173,1683499961660996d,823
1683499961671281,1683499961671437d,156
1683499961679623,1683499961680362d,739
1683499961680736,1683499961681199d,463
1683499961686288,1683499961687646d,1358
1683499961695288,1683499961695473d,185
1683499961696332,1683499961696652d,320
1683499961697197,1683499961704571d,7374
1683499961712525,1683499961712635d,110
1683499961719811,1683499961727807d,7996
1683499961728175,1683499961735458d,7283
1683499961742385,1683499961742530d,145
1683499961751620,1683499961751644d,24
1683499961752643,1683499961753010d,367
1683499961757314,1683499961757603d,289
1683499961763355,1683499961763868d,513
1683499961768665,1683499961776553d,7888
1683499961784445,1683499961784553d,108
1683499961785375,1683499961795589d,10214
1683499961795615,1683499961796434d,819
1683499961802815,1683499961803254d,439
1683499961803733,1683499961804115d,382
1683499961804602,1683499961812555d,7953
1683499961812994,1683499961813453d,459
1683499961819052,1683499961819216d,164
1683499961820049,1683499961827003d,6954
1683499961835616,1683499961843695d,8079
1683499961843715,1683499961844711d,996
1683499961844881,1683499961851719d,6838
1683499961852054,1683499961852573d,519
1683499961860130,1683499961860511d,381
1683499961861043,1683499961867641d,6598
1683499961875607,1683499961876099d,492
1683499961876609,1683499961883268d,6659
1683499961883450,1683499961884119d,669
1683499961892162,1683499961892602d,440
1683499961893047,1683499961893487d,440
1683499961893955,1683499961898390d,4435
1683499961898715,1683499961899150d,435
1683499961899681,1683499961899969d,288
1683499961900416,1683499961900716d,300
1683499961901199,1683499961901485d,286
1683499961902040,1683499961902260d,220
1683499961902854,1683499961903070d,216
1683499961908915,1683499961915608d,6693
1683499961918324,1683499961918773d,449
1683499961924497,1683499961932449d,7952
1683499961932625,1683499961933243d,618
1683499961933552,1683499961944943d,11391
1683499961955619,1683499961956021d,402
1683499961956683,1683499961957017d,334
