1683499957165880,1683499957181034d,15154
1683499957181683,1683499957182035d,352
1683499957190740,1683499957191406d,666
1683499957197020,1683499957197471d,451
1683499957197858,1683499957198281d,423
1683499957198686,1683499957206724d,8038
1683499957207352,1683499957207883d,531
1683499957214531,1683499957219923d,5392
1683499957220018,1683499957220998d,980
1683499957221192,1683499957221900d,708
1683499957222100,1683499957222783d,683
1683499957222991,1683499957223649d,658
1683499957223885,1683499957224491d,606
1683499957224785,1683499957225556d,771
1683499957232430,1683499957232870d,440
1683499957241110,1683499957246717d,5607
1683499957247356,1683499957247934d,578
1683499957248327,1683499957256074d,7747
1683499957256514,1683499957266696d,10182
1683499957266718,1683499957274715d,7997
1683499957275340,1683499957275849d,509
1683499957276212,1683499957282616d,6404
1683499957283256,1683499957290449d,7193
1683499957295922,1683499957296020d,98
1683499957296934,1683499957306735d,9801
1683499957307104,1683499957308696d,1592
1683499957309201,1683499957309572d,371
1683499957310026,1683499957310428d,402
1683499957310990,1683499957311300d,310
1683499957311746,1683499957312178d,432
1683499957319935,1683499957328620d,8685
1683499957335919,1683499957336077d,158
1683499957336967,1683499957337178d,211
1683499957337869,1683499957338104d,235
1683499957338778,1683499957339087d,309
1683499957339651,1683499957340020d,369
1683499957340399,1683499957340787d,388
1683499957345017,1683499957345312d,295
1683499957353373,1683499957361321d,7948
1683499957361784,1683499957362280d,496
1683499957362738,1683499957363144d,406
1683499957372190,1683499957380054d,7864
1683499957387976,1683499957396010d,8034
1683499957396460,1683499957396870d,410
1683499957397501,1683499957402713d,5212
1683499957403150,1683499957403683d,533
1683499957404054,1683499957410157d,6103
1683499957410780,1683499957411104d,324
1683499957411664,1683499957418609d,6945
1683499957418931,1683499957419526d,595
1683499957419852,1683499957420317d,465
1683499957420659,1683499957421249d,590
1683499957421618,1683499957422072d,454
1683499957422444,1683499957422910d,466
1683499957423381,1683499957423738d,357
1683499957424225,1683499957424539d,314
1683499957425116,1683499957430704d,5588
1683499957430727,1683499957438759d,8032
1683499957439311,1683499957439780d,469
1683499957440294,1683499957447247d,6953
1683499957448079,1683499957448426d,347
1683499957448942,1683499957457040d,8098
1683499957457382,1683499957458015d,633
1683499957458362,1683499957458912d,550
1683499957459300,1683499957459924d,624
1683499957470724,1683499957482706d,11982
1683499957482728,1683499957483670d,942
1683499957491874,1683499957491982d,108
1683499957500040,1683499957500717d,677
1683499957501729,1683499957502012d,283
1683499957509086,1683499957509415d,329
1683499957517276,1683499957517735d,459
1683499957518152,1683499957518817d,665
1683499957519143,1683499957525064d,5921
1683499957525362,1683499957526066d,704
1683499957526297,1683499957527681d,1384
1683499957538715,1683499957539319d,604
1683499957546564,1683499957547386d,822
1683499957547753,1683499957548236d,483
1683499957548727,1683499957549137d,410
1683499957549726,1683499957550161d,435
1683499957550748,1683499957551161d,413
1683499957559207,1683499957559927d,720
1683499957560194,1683499957560877d,683
1683499957561300,1683499957561990d,690
1683499957562353,1683499957563033d,680
1683499957563330,1683499957563991d,661
1683499957564309,1683499957564863d,554
1683499957572447,1683499957572664d,217
1683499957573329,1683499957573748d,419
1683499957574236,1683499957574508d,272
1683499957575053,1683499957580361d,5308
1683499957581086,1683499957587182d,6096
1683499957588486,1683499957588930d,444
1683499957589489,1683499957589731d,242
1683499957590309,1683499957595936d,5627
1683499957596284,1683499957596954d,670
1683499957597371,1683499957597843d,472
1683499957598183,1683499957598683d,500
1683499957599005,1683499957606620d,7615
1683499957607256,1683499957614441d,7185
1683499957615677,1683499957615700d,23
1683499957616681,1683499957616922d,241
1683499957617732,1683499957626738d,9006
1683499957634529,1683499957634912d,383
1683499957642609,1683499957643336d,727
1683499957647941,1683499957655911d,7970
1683499957656291,1683499957656993d,702
1683499957657371,1683499957658073d,702
1683499957663220,1683499957663619d,399
1683499957664183,1683499957670730d,6547
1683499957671400,1683499957682695d,11295
1683499957682714,1683499957683756d,1042
1683499957690550,1683499957702693d,12143
1683499957702723,1683499957703817d,1094
1683499957704039,1683499957704809d,770
1683499957705036,1683499957705912d,876
1683499957706115,1683499957706851d,736
1683499957707150,1683499957707741d,591
1683499957714670,1683499957715093d,423
1683499957721057,1683499957728131d,7074
1683499957736084,1683499957736448d,364
1683499957742695,1683499957744025d,1330
1683499957750665,1683499957750876d,211
1683499957759194,1683499957766708d,7514
1683499957767096,1683499957767763d,667
1683499957774431,1683499957774922d,491
1683499957775313,1683499957775760d,447
1683499957776121,1683499957776620d,499
1683499957776856,1683499957777488d,632
1683499957777683,1683499957778346d,663
1683499957783941,1683499957791933d,7992
1683499957792050,1683499957792798d,748
1683499957801011,1683499957802185d,1174
1683499957802334,1683499957803215d,881
1683499957803396,1683499957804062d,666
1683499957810533,1683499957810918d,385
1683499957811391,1683499957811775d,384
1683499957812198,1683499957812569d,371
1683499957813020,1683499957813382d,362
1683499957820054,1683499957820506d,452
1683499957828451,1683499957828780d,329
1683499957834586,1683499957835658d,1072
1683499957842513,1683499957842710d,197
1683499957843476,1683499957848310d,4834
1683499957848592,1683499957849216d,624
1683499957858698,1683499957858722d,24
1683499957866709,1683499957878711d,12002
1683499957880103,1683499957880681d,578
1683499957881266,1683499957881958d,692
1683499957888107,1683499957888581d,474
1683499957888945,1683499957889433d,488
1683499957889777,1683499957890229d,452
1683499957890537,1683499957891023d,486
1683499957897192,1683499957897771d,579
1683499957903959,1683499957904260d,301
1683499957904909,1683499957905243d,334
1683499957910713,1683499957913406d,2693
1683499957913838,1683499957922713d,8875
1683499957923292,1683499957923684d,392
1683499957930707,1683499957931273d,566
1683499957937006,1683499957937362d,356
1683499957939587,1683499957940065d,478
1683499957940613,1683499957940993d,380
1683499957941489,1683499957948405d,6916
1683499957956479,1683499957956633d,154
1683499957957252,1683499957963892d,6640
1683499957964237,1683499957965014d,777
1683499957965331,1683499957965899d,568
1683499957970528,1683499957970618d,90
1683499957978570,1683499957979246d,676
1683499957979580,1683499957980218d,638
1683499957980513,1683499957981057d,544
1683499957981409,1683499957981974d,565
1683499957987896,1683499957988237d,341
1683499957988979,1683499957997045d,8066
1683499958003204,1683499958003603d,399
1683499958004052,1683499958004506d,454
1683499958004830,1683499958005456d,626
1683499958005642,1683499958006385d,743
1683499958014701,1683499958015115d,414
1683499958016241,1683499958024004d,7763
1683499958024524,1683499958024903d,379
1683499958025400,1683499958030521d,5121
1683499958030730,1683499958031455d,725
1683499958031718,1683499958032333d,615
1683499958032609,1683499958033293d,684
1683499958041209,1683499958041836d,627
1683499958050708,1683499958050734d,26
1683499958051740,1683499958055994d,4254
1683499958056262,1683499958057065d,803
1683499958057437,1683499958058039d,602
1683499958062501,1683499958062807d,306
1683499958070718,1683499958071279d,561
1683499958078574,1683499958079330d,756
1683499958084335,1683499958084672d,337
1683499958085250,1683499958085584d,334
1683499958088137,1683499958088724d,587
1683499958089109,1683499958089787d,678
1683499958090116,1683499958090765d,649
1683499958091065,1683499958091668d,603
1683499958099129,1683499958099619d,490
1683499958100233,1683499958105447d,5214
1683499958105909,1683499958106294d,385
1683499958106836,1683499958107194d,358
1683499958107844,1683499958108212d,368
1683499958108722,1683499958109111d,389
1683499958109591,1683499958109943d,352
1683499958110389,1683499958118151d,7762
1683499958119481,1683499958119664d,183
1683499958120451,1683499958120637d,186
1683499958121366,1683499958121635d,269
1683499958122242,1683499958122502d,260
1683499958123195,1683499958123423d,228
1683499958124143,1683499958129066d,4923
1683499958129667,1683499958130369d,702
1683499958138714,1683499958138744d,30
1683499958150708,1683499958151716d,1008
1683499958158692,1683499958158712d,20
1683499958159731,1683499958159899d,168
1683499958165322,1683499958165771d,449
1683499958166162,1683499958170702d,4540
1683499958171286,1683499958178750d,7464
1683499958178800,1683499958179660d,860
1683499958179872,1683499958180515d,643
1683499958180903,1683499958187873d,6970
1683499958188149,1683499958188801d,652
1683499958189148,1683499958189636d,488
1683499958190068,1683499958190374d,306
1683499958191617,1683499958191967d,350
1683499958198619,1683499958199209d,590
1683499958199443,1683499958207914d,8471
1683499958215972,1683499958216235d,263
1683499958216855,1683499958217263d,408
1683499958217638,1683499958218203d,565
1683499958218555,1683499958219189d,634
1683499958226700,1683499958226727d,27
1683499958238755,1683499958239798d,1043
1683499958247854,1683499958247974d,120
1683499958254714,1683499958255291d,577
1683499958255669,1683499958256118d,449
1683499958256526,1683499958257061d,535
1683499958257371,1683499958257831d,460
1683499958258350,1683499958258996d,646
1683499958259314,1683499958259763d,449
1683499958260229,1683499958267315d,7086
1683499958268001,1683499958268384d,383
1683499958268963,1683499958275926d,6963
1683499958276325,1683499958282694d,6369
1683499958282723,1683499958294720d,11997
1683499958295300,1683499958295790d,490
1683499958296151,1683499958296617d,466
1683499958302704,1683499958303096d,392
1683499958303992,1683499958316104d,12112
1683499958316563,1683499958316989d,426
1683499958317401,1683499958317821d,420
1683499958318364,1683499958318753d,389
1683499958319347,1683499958324402d,5055
1683499958332333,1683499958340511d,8178
1683499958340667,1683499958341455d,788
1683499958341795,1683499958347078d,5283
1683499958347525,1683499958348138d,613
1683499958356041,1683499958356488d,447
1683499958364406,1683499958364764d,358
1683499958365223,1683499958371925d,6702
1683499958372298,1683499958372949d,651
1683499958373347,1683499958373763d,416
1683499958380445,1683499958387934d,7489
1683499958388256,1683499958388926d,670
1683499958389308,1683499958389999d,691
1683499958390328,1683499958390907d,579
1683499958391276,1683499958391784d,508
1683499958392021,1683499958392646d,625
1683499958392883,1683499958393518d,635
1683499958400479,1683499958400800d,321
1683499958407181,1683499958407857d,676
1683499958414449,1683499958414986d,537
1683499958422675,1683499958422868d,193
1683499958423493,1683499958423754d,261
1683499958424389,1683499958431873d,7484
1683499958432000,1683499958432737d,737
1683499958432945,1683499958433531d,586
1683499958442705,1683499958442737d,32
1683499958450455,1683499958450619d,164
1683499958458543,1683499958459230d,687
1683499958459533,1683499958460010d,477
1683499958460349,1683499958460965d,616
1683499958468960,1683499958469269d,309
1683499958474694,1683499958476994d,2300
1683499958477320,1683499958483167d,5847
1683499958483557,1683499958484095d,538
1683499958492016,1683499958499879d,7863
1683499958500001,1683499958506700d,6699
1683499958506722,1683499958514711d,7989
1683499958515270,1683499958522727d,7457
1683499958522753,1683499958523486d,733
1683499958523759,1683499958524249d,490
1683499958524581,1683499958525122d,541
1683499958535971,1683499958536153d,182
1683499958548148,1683499958560093d,11945
1683499958570701,1683499958571910d,1209
1683499958572490,1683499958579170d,6680
1683499958580441,1683499958580790d,349
1683499958581223,1683499958581554d,331
1683499958582018,1683499958583233d,1215
1683499958583752,1683499958591983d,8231
1683499958599962,1683499958607900d,7938
1683499958608012,1683499958608902d,890
1683499958609047,1683499958614609d,5562
1683499958615205,1683499958615662d,457
1683499958616057,1683499958616509d,452
1683499958622534,1683499958622693d,159
1683499958623457,1683499958623605d,148
1683499958631908,1683499958632037d,129
1683499958632818,1683499958640446d,7628
1683499958640615,1683499958641192d,577
1683499958641505,1683499958641917d,412
1683499958642311,1683499958642814d,503
1683499958643047,1683499958643522d,475
1683499958643844,1683499958644258d,414
1683499958644629,1683499958650590d,5961
1683499958658676,1683499958658980d,304
1683499958666709,1683499958667293d,584
1683499958667696,1683499958675178d,7482
1683499958675554,1683499958677667d,2113
1683499958684064,1683499958694675d,10611
1683499958696168,1683499958696741d,573
1683499958697047,1683499958697527d,480
1683499958697876,1683499958698432d,556
1683499958703954,1683499958711911d,7957
1683499958711998,1683499958713454d,1456
1683499958719143,1683499958719484d,341
1683499958720009,1683499958720433d,424
1683499958720825,1683499958721293d,468
1683499958721658,1683499958722020d,362
1683499958722441,1683499958722900d,459
1683499958723368,1683499958723798d,430
1683499958724207,1683499958724651d,444
1683499958725058,1683499958725483d,425
1683499958725899,1683499958726270d,371
1683499958726684,1683499958727143d,459
1683499958727501,1683499958728109d,608
1683499958734577,1683499958742450d,7873
1683499958742590,1683499958743261d,671
1683499958750468,1683499958755916d,5448
1683499958756192,1683499958768033d,11841
1683499958778728,1683499958778756d,28
1683499958781732,1683499958781824d,92
1683499958782570,1683499958782777d,207
1683499958783453,1683499958783721d,268
1683499958792135,1683499958792631d,496
1683499958799933,1683499958807892d,7959
1683499958808009,1683499958808783d,774
1683499958816305,1683499958817305d,1000
1683499958817682,1683499958822523d,4841
1683499958822715,1683499958823376d,661
1683499958830483,1683499958830831d,348
1683499958831309,1683499958831643d,334
1683499958832053,1683499958832520d,467
1683499958832996,1683499958833502d,506
1683499958833778,1683499958834346d,568
1683499958838712,1683499958839277d,565
1683499958839749,1683499958840347d,598
1683499958846500,1683499958846668d,168
1683499958852975,1683499958861025d,8050
1683499958866714,1683499958867062d,348
1683499958867645,1683499958874713d,7068
1683499958875277,1683499958875735d,458
1683499958876234,1683499958882530d,6296
1683499958890695,1683499958890715d,20
1683499958891820,1683499958898699d,6879
1683499958898723,1683499958910737d,12014
1683499958911334,1683499958915979d,4645
1683499958919313,1683499958920089d,776
1683499958920483,1683499958921166d,683
1683499958926597,1683499958926836d,239
1683499958927390,1683499958934443d,7053
1683499958934816,1683499958935433d,617
1683499958943150,1683499958943514d,364
1683499958951422,1683499958951884d,462
1683499958952309,1683499958952649d,340
1683499958958553,1683499958958666d,113
1683499958959402,1683499958964265d,4863
1683499958964511,1683499958965057d,546
1683499958965323,1683499958974700d,9377
1683499958974727,1683499958986702d,11975
1683499958987363,1683499958987747d,384
1683499958988156,1683499958988551d,395
1683499958988971,1683499958989422d,451
1683499958989963,1683499958995938d,5975
1683499958996249,1683499958996736d,487
1683499959002417,1683499959002786d,369
1683499959003253,1683499959003652d,399
1683499959004204,1683499959004616d,412
1683499959005251,1683499959005644d,393
1683499959006064,1683499959006608d,544
1683499959012445,1683499959019904d,7459
1683499959020209,1683499959020824d,615
1683499959026518,1683499959026836d,318
1683499959038706,1683499959039309d,603
1683499959043968,1683499959044271d,303
1683499959044834,1683499959050331d,5497
1683499959050837,1683499959058488d,7651
1683499959058658,1683499959063987d,5329
1683499959066421,1683499959066714d,293
1683499959071201,1683499959079192d,7991
1683499959079614,1683499959080102d,488
1683499959080490,1683499959081078d,588
1683499959081349,1683499959081810d,461
1683499959082170,1683499959082599d,429
1683499959082979,1683499959083575d,596
1683499959083910,1683499959084488d,578
1683499959084798,1683499959085297d,499
1683499959085700,1683499959086085d,385
1683499959090461,1683499959090619d,158
1683499959098545,1683499959099198d,653
1683499959099529,1683499959100074d,545
1683499959100392,1683499959100935d,543
1683499959101384,1683499959101779d,395
1683499959102255,1683499959102663d,408
1683499959102996,1683499959110698d,7702
1683499959110720,1683499959118712d,7992
1683499959119329,1683499959119700d,371
1683499959120225,1683499959130692d,10467
1683499959130719,1683499959138703d,7984
1683499959139297,1683499959139752d,455
1683499959140102,1683499959140581d,479
1683499959147985,1683499959148700d,715
1683499959149107,1683499959149501d,394
1683499959149982,1683499959150268d,286
1683499959150811,1683499959156419d,5608
1683499959164448,1683499959164596d,148
1683499959165222,1683499959165468d,246
1683499959165967,1683499959171180d,5213
1683499959179143,1683499959179752d,609
1683499959180178,1683499959180589d,411
1683499959190695,1683499959190714d,19
1683499959191648,1683499959196042d,4394
1683499959196476,1683499959203910d,7434
1683499959211956,1683499959212271d,315
1683499959212927,1683499959219911d,6984
1683499959227959,1683499959228790d,831
1683499959229168,1683499959229711d,543
1683499959236334,1683499959236542d,208
1683499959237208,1683499959237401d,193
1683499959237950,1683499959238169d,219
1683499959238697,1683499959238968d,271
1683499959239409,1683499959239785d,376
1683499959240228,1683499959246483d,6255
1683499959246908,1683499959247382d,474
1683499959254736,1683499959262817d,8081
1683499959263054,1683499959263650d,596
1683499959263961,1683499959264509d,548
1683499959271915,1683499959279892d,7977
1683499959279988,1683499959280758d,770
1683499959280929,1683499959281529d,600
1683499959281777,1683499959282383d,606
1683499959288579,1683499959288910d,331
1683499959289301,1683499959296323d,7022
1683499959304084,1683499959304512d,428
1683499959310473,1683499959310670d,197
1683499959317400,1683499959323105d,5705
1683499959325072,1683499959325515d,443
1683499959325862,1683499959326279d,417
1683499959334710,1683499959346692d,11982
1683499959346709,1683499959347812d,1103
1683499959348007,1683499959348629d,622
1683499959355907,1683499959357033d,1126
1683499959357603,1683499959357914d,311
1683499959365462,1683499959376040d,10578
1683499959376427,1683499959376955d,528
1683499959377311,1683499959377683d,372
1683499959378066,1683499959378476d,410
1683499959378962,1683499959379204d,242
1683499959379715,1683499959380204d,489
1683499959380598,1683499959381056d,458
1683499959381412,1683499959381883d,471
1683499959382251,1683499959390704d,8453
1683499959398430,1683499959403916d,5486
1683499959411895,1683499959419912d,8017
1683499959420047,1683499959420884d,837
1683499959421064,1683499959421670d,606
1683499959427832,1683499959428314d,482
1683499959428834,1683499959429253d,419
1683499959429734,1683499959430122d,388
1683499959435126,1683499959435508d,382
1683499959442136,1683499959442743d,607
1683499959447186,1683499959455138d,7952
1683499959455889,1683499959457580d,1691
1683499959466694,1683499959466713d,19
1683499959467697,1683499959474490d,6793
1683499959474552,1683499959475374d,822
1683499959479874,1683499959487909d,8035
1683499959488204,1683499959494555d,6351
1683499959495331,1683499959495742d,411
1683499959496274,1683499959496646d,372
1683499959497189,1683499959502711d,5522
1683499959514704,1683499959515027d,323
1683499959515707,1683499959526697d,10990
1683499959526733,1683499959527630d,897
1683499959527842,1683499959534590d,6748
1683499959535225,1683499959535603d,378
1683499959536087,1683499959536433d,346
1683499959537008,1683499959537421d,413
1683499959546724,1683499959547261d,537
1683499959547659,1683499959553014d,5355
1683499959553293,1683499959558739d,5446
1683499959559272,1683499959567509d,8237
1683499959567959,1683499959568428d,469
1683499959568790,1683499959569243d,453
1683499959569654,1683499959576334d,6680
1683499959584096,1683499959591912d,7816
1683499959592050,1683499959592920d,870
1683499959593069,1683499959593731d,662
1683499959600254,1683499959608279d,8025
1683499959614507,1683499959614667d,160
1683499959626708,1683499959627333d,625
1683499959627793,1683499959628450d,657
1683499959628834,1683499959629454d,620
1683499959638731,1683499959638757d,26
1683499959645408,1683499959645752d,344
1683499959646540,1683499959646683d,143
1683499959653014,1683499959659148d,6134
1683499959659529,1683499959660037d,508
1683499959660475,1683499959660813d,338
1683499959661211,1683499959661593d,382
1683499959661921,1683499959662424d,503
1683499959662728,1683499959663257d,529
1683499959663508,1683499959664078d,570
1683499959672261,1683499959672522d,261
1683499959673136,1683499959678226d,5090
1683499959682709,1683499959690692d,7983
1683499959690710,1683499959691677d,967
1683499959691830,1683499959692577d,747
1683499959692758,1683499959693532d,774
1683499959700339,1683499959706700d,6361
1683499959706728,1683499959718705d,11977
1683499959719335,1683499959719729d,394
1683499959720058,1683499959720565d,507
1683499959720882,1683499959726504d,5622
1683499959731883,1683499959732004d,121
1683499959739953,1683499959740605d,652
1683499959740994,1683499959741537d,543
1683499959741866,1683499959742317d,451
1683499959742705,1683499959743061d,356
1683499959749021,1683499959757045d,8024
1683499959757610,1683499959758023d,413
1683499959764107,1683499959764538d,431
1683499959765070,1683499959765403d,333
1683499959766126,1683499959766410d,284
1683499959766926,1683499959772516d,5590
1683499959772844,1683499959773362d,518
1683499959773688,1683499959774406d,718
1683499959780464,1683499959780800d,336
1683499959781361,1683499959781646d,285
1683499959782276,1683499959782543d,267
1683499959783141,1683499959783399d,258
1683499959784025,1683499959784204d,179
1683499959784818,1683499959794718d,9900
1683499959795094,1683499959795710d,616
1683499959796112,1683499959796562d,450
1683499959796918,1683499959797341d,423
1683499959797691,1683499959798211d,520
1683499959798462,1683499959803906d,5444
1683499959804033,1683499959804949d,916
1683499959811956,1683499959812254d,298
1683499959812909,1683499959813258d,349
1683499959813866,1683499959814206d,340
1683499959814747,1683499959815086d,339
1683499959815645,1683499959822521d,6876
1683499959822865,1683499959823408d,543
1683499959823729,1683499959824171d,442
1683499959824514,1683499959824927d,413
1683499959834705,1683499959835402d,697
1683499959835700,1683499959836254d,554
1683499959842756,1683499959850473d,7717
1683499959850650,1683499959851457d,807
1683499959851601,1683499959863121d,11520
1683499959871129,1683499959871586d,457
1683499959879420,1683499959879890d,470
1683499959880358,1683499959880716d,358
1683499959881177,1683499959888430d,7253
1683499959896341,1683499959896595d,254
1683499959897111,1683499959902723d,5612
1683499959903240,1683499959905277d,2037
1683499959905669,1683499959906038d,369
1683499959906481,1683499959906929d,448
1683499959916042,1683499959916505d,463
1683499959924092,1683499959924244d,152
1683499959924828,1683499959925086d,258
1683499959925620,1683499959925962d,342
1683499959926366,1683499959926817d,451
1683499959927261,1683499959927620d,359
1683499959932060,1683499959932496d,436
1683499959932863,1683499959939143d,6280
1683499959939598,1683499959940101d,503
1683499959940567,1683499959940893d,326
1683499959945342,1683499959953816d,8474
1683499959954389,1683499959954752d,363
1683499959961284,1683499959970079d,8795
1683499959970306,1683499959970898d,592
1683499959971263,1683499959972362d,1099
1683499959982697,1683499959982726d,29
1683499959983603,1683499959988302d,4699
1683499959994694,1683499959995957d,1263
1683499959996616,1683499960004032d,7416
1683499960004502,1683499960012476d,7974
1683499960012829,1683499960022714d,9885
1683499960030701,1683499960031524d,823
1683499960039207,1683499960039979d,772
1683499960040354,1683499960040935d,581
1683499960046487,1683499960046759d,272
1683499960058698,1683499960058726d,28
1683499960066715,1683499960069437d,2722
1683499960069615,1683499960070293d,678
1683499960070507,1683499960071059d,552
1683499960071461,1683499960071924d,463
1683499960079175,1683499960079616d,441
1683499960080156,1683499960088427d,8271
1683499960088603,1683499960089284d,681
1683499960096379,1683499960104431d,8052
1683499960111957,1683499960112079d,122
1683499960119962,1683499960120610d,648
1683499960121076,1683499960126470d,5394
1683499960126791,1683499960127418d,627
1683499960127676,1683499960128221d,545
1683499960128560,1683499960128987d,427
1683499960129496,1683499960129831d,335
1683499960130444,1683499960130704d,260
1683499960131268,1683499960139276d,8008
1683499960146719,1683499960147281d,562
1683499960148138,1683499960148614d,476
1683499960156273,1683499960156489d,216
1683499960157098,1683499960157376d,278
1683499960157961,1683499960158198d,237
1683499960158795,1683499960170760d,11965
1683499960170786,1683499960171867d,1081
1683499960172040,1683499960179480d,7440
1683499960179920,1683499960180517d,597
1683499960180802,1683499960186715d,5913
1683499960187321,1683499960187752d,431
1683499960188120,1683499960188529d,409
1683499960188945,1683499960189417d,472
1683499960189763,1683499960190176d,413
1683499960194679,1683499960200262d,5583
1683499960206600,1683499960206703d,103
1683499960207506,1683499960212451d,4945
1683499960212649,1683499960213349d,700
1683499960220391,1683499960227942d,7551
1683499960228149,1683499960236069d,7920
1683499960236173,1683499960237032d,859
1683499960237294,1683499960237862d,568
1683499960238151,1683499960238665d,514
1683499960239054,1683499960239621d,567
1683499960239923,1683499960245330d,5407
1683499960246673,1683499960247230d,557
1683499960254699,1683499960262706d,8007
1683499960262728,1683499960263724d,996
1683499960268273,1683499960268467d,194
1683499960269067,1683499960269346d,279
1683499960269958,1683499960270228d,270
1683499960270786,1683499960271141d,355
1683499960275927,1683499960276053d,126
1683499960276867,1683499960277057d,190
1683499960283936,1683499960284045d,109
1683499960284948,1683499960285142d,194
1683499960285759,1683499960292034d,6275
1683499960292330,1683499960293015d,685
1683499960298453,1683499960298747d,294
1683499960299423,1683499960299720d,297
1683499960300414,1683499960307978d,7564
1683499960308302,1683499960308953d,651
1683499960309290,1683499960309803d,513
1683499960317030,1683499960317311d,281
1683499960325337,1683499960325777d,440
1683499960330454,1683499960330659d,205
1683499960338578,1683499960339438d,860
1683499960339771,1683499960340391d,620
1683499960346513,1683499960346671d,158
1683499960347604,1683499960348106d,502
1683499960355151,1683499960355931d,780
1683499960356181,1683499960362557d,6376
1683499960363202,1683499960363594d,392
1683499960364157,1683499960370420d,6263
1683499960375117,1683499960375561d,444
1683499960383564,1683499960384035d,471
1683499960388969,1683499960389359d,390
1683499960389838,1683499960390144d,306
1683499960390654,1683499960390953d,299
1683499960391433,1683499960399125d,7692
1683499960399513,1683499960400050d,537
1683499960400424,1683499960400859d,435
1683499960405101,1683499960411145d,6044
1683499960422706,1683499960430722d,8016
1683499960430746,1683499960442712d,11966
1683499960443334,1683499960443854d,520
1683499960451188,1683499960459125d,7937
1683499960459532,1683499960460012d,480
1683499960460517,1683499960466507d,5990
1683499960474522,1683499960474998d,476
1683499960475742,1683499960476029d,287
1683499960476589,1683499960477105d,516
1683499960477492,1683499960486736d,9244
1683499960494704,1683499960495221d,517
1683499960504075,1683499960504194d,119
1683499960512026,1683499960520061d,8035
1683499960528046,1683499960536137d,8091
1683499960536571,1683499960542586d,6015
1683499960542710,1683499960543433d,723
1683499960543708,1683499960544321d,613
1683499960550485,1683499960550636d,151
1683499960551530,1683499960551789d,259
1683499960552407,1683499960552632d,225
1683499960553279,1683499960560438d,7159
1683499960567990,1683499960568079d,89
1683499960575950,1683499960576620d,670
1683499960584094,1683499960585705d,1611
1683499960586222,1683499960586625d,403
1683499960587150,1683499960587520d,370
1683499960588106,1683499960588419d,313
1683499960589101,1683499960589426d,325
1683499960595426,1683499960603495d,8069
1683499960603933,1683499960604389d,456
1683499960604941,1683499960613064d,8123
1683499960613485,1683499960614122d,637
1683499960619140,1683499960619646d,506
1683499960620133,1683499960620601d,468
1683499960621092,1683499960621403d,311
1683499960629431,1683499960629839d,408
1683499960630304,1683499960630772d,468
1683499960631056,1683499960631606d,550
1683499960632078,1683499960632374d,296
1683499960632989,1683499960633281d,292
1683499960633810,1683499960639602d,5792
1683499960640018,1683499960640497d,479
1683499960640935,1683499960647958d,7023
1683499960648392,1683499960648930d,538
1683499960656998,1683499960657359d,361
1683499960665401,1683499960671130d,5729
1683499960671568,1683499960672100d,532
1683499960672414,1683499960672968d,554
1683499960679921,1683499960680002d,81
1683499960680815,1683499960681130d,315
1683499960681569,1683499960689071d,7502
1683499960689392,1683499960696078d,6686
1683499960696671,1683499960696986d,315
1683499960697452,1683499960697805d,353
1683499960698283,1683499960698629d,346
1683499960699161,1683499960699476d,315
1683499960710700,1683499960711403d,703
1683499960711814,1683499960716013d,4199
1683499960716522,1683499960716985d,463
1683499960717518,1683499960717918d,400
1683499960718270,1683499960718821d,551
1683499960719076,1683499960719714d,638
1683499960726534,1683499960728081d,1547
1683499960728650,1683499960734524d,5874
1683499960735189,1683499960740386d,5197
1683499960740705,1683499960746588d,5883
1683499960754698,1683499960755157d,459
1683499960755650,1683499960756240d,590
1683499960756610,1683499960762555d,5945
1683499960763216,1683499960770520d,7304
1683499960770934,1683499960771504d,570
1683499960778463,1683499960778652d,189
1683499960786566,1683499960787211d,645
1683499960787638,1683499960788067d,429
1683499960795981,1683499960803975d,7994
1683499960804335,1683499960811207d,6872
1683499960811901,1683499960812253d,352
1683499960812760,1683499960813137d,377
1683499960813593,1683499960814071d,478
1683499960814493,1683499960814849d,356
1683499960815280,1683499960815670d,390
1683499960816059,1683499960816521d,462
1683499960821095,1683499960821757d,662
1683499960822088,1683499960822636d,548
1683499960822932,1683499960823501d,569
1683499960830697,1683499960831069d,372
1683499960832345,1683499960832731d,386
1683499960833201,1683499960833635d,434
1683499960833984,1683499960834510d,526
1683499960834808,1683499960835333d,525
1683499960840361,1683499960848396d,8035
1683499960849308,1683499960849337d,29
1683499960850088,1683499960856404d,6316
1683499960856710,1683499960857268d,558
1683499960863956,1683499960864456d,500
1683499960864832,1683499960865298d,466
1683499960865771,1683499960866195d,424
1683499960866579,1683499960867060d,481
1683499960867448,1683499960874498d,7050
1683499960874633,1683499960875328d,695
1683499960875568,1683499960876180d,612
1683499960876467,1683499960876981d,514
1683499960877309,1683499960877813d,504
1683499960885028,1683499960885266d,238
1683499960891213,1683499960899181d,7968
1683499960899495,1683499960900162d,667
1683499960906681,1683499960906936d,255
1683499960907428,1683499960916064d,8636
1683499960916174,1683499960916946d,772
1683499960928256,1683499960928660d,404
1683499960929151,1683499960929601d,450
1683499960930014,1683499960930725d,711
1683499960931024,1683499960938601d,7577
1683499960939379,1683499960939735d,356
1683499960940309,1683499960940740d,431
1683499960941189,1683499960941640d,451
1683499960948559,1683499960949604d,1045
1683499960950238,1683499960950603d,365
1683499960951061,1683499960956444d,5383
1683499960956934,1683499960957386d,452
1683499960957845,1683499960958261d,416
1683499960959026,1683499960959126d,100
1683499960967168,1683499960967536d,368
1683499960976344,1683499960986715d,10371
1683499960994708,1683499960995475d,767
1683499960995928,1683499961001281d,5353
1683499961001647,1683499961002182d,535
1683499961002432,1683499961003116d,684
1683499961003339,1683499961004002d,663
1683499961004322,1683499961004994d,672
1683499961005368,1683499961010703d,5335
1683499961010724,1683499961018742d,8018
1683499961019314,1683499961026519d,7205
1683499961026729,1683499961031176d,4447
1683499961042723,1683499961054703d,11980
1683499961055064,1683499961057715d,2651
1683499961063949,1683499961064256d,307
1683499961064837,1683499961070126d,5289
1683499961070782,1683499961078697d,7915
1683499961078721,1683499961090714d,11993
1683499961091335,1683499961091838d,503
1683499961098712,1683499961106695d,7983
1683499961106724,1683499961107686d,962
1683499961116034,1683499961116138d,104
1683499961121297,1683499961121664d,367
1683499961122061,1683499961122577d,516
1683499961130447,1683499961134711d,4264
1683499961135174,1683499961135722d,548
1683499961136057,1683499961136665d,608
1683499961144378,1683499961151880d,7502
1683499961152184,1683499961162710d,10526
1683499961163324,1683499961164409d,1085
1683499961164627,1683499961165484d,857
1683499961165702,1683499961166342d,640
1683499961166675,1683499961167174d,499
1683499961176187,1683499961176554d,367
1683499961182656,1683499961182964d,308
1683499961183459,1683499961183758d,299
1683499961184244,1683499961184545d,301
1683499961185080,1683499961193081d,8001
1683499961193350,1683499961193949d,599
1683499961200351,1683499961208025d,7674
1683499961208306,1683499961208966d,660
1683499961209277,1683499961209837d,560
1683499961210247,1683499961210678d,431
1683499961211193,1683499961218575d,7382
1683499961219180,1683499961226605d,7425
1683499961226901,1683499961227529d,628
1683499961235568,1683499961236010d,442
1683499961236559,1683499961236951d,392
1683499961237489,1683499961237783d,294
1683499961238338,1683499961244551d,6213
1683499961244837,1683499961249309d,4472
1683499961256058,1683499961256408d,350
1683499961263911,1683499961271910d,7999
1683499961272212,1683499961272942d,730
1683499961280344,1683499961287883d,7539
1683499961288006,1683499961288871d,865
1683499961296300,1683499961302705d,6405
1683499961302727,1683499961310720d,7993
1683499961311285,1683499961311801d,516
1683499961312151,1683499961312747d,596
1683499961313049,1683499961313546d,497
1683499961313970,1683499961320028d,6058
1683499961328071,1683499961328439d,368
1683499961329013,1683499961329447d,434
1683499961329859,1683499961330309d,450
1683499961330741,1683499961331118d,377
1683499961331618,1683499961332178d,560
1683499961337333,1683499961337642d,309
1683499961338245,1683499961344335d,6090
1683499961350734,1683499961362720d,11986
1683499961362744,1683499961363713d,969
1683499961363896,1683499961364611d,715
1683499961372503,1683499961372832d,329
1683499961373392,1683499961373720d,328
1683499961374225,1683499961374826d,601
1683499961375350,1683499961375930d,580
1683499961376167,1683499961376745d,578
1683499961377021,1683499961377538d,517
1683499961387992,1683499961388349d,357
1683499961388931,1683499961389333d,402
1683499961389820,1683499961390153d,333
1683499961390617,1683499961390884d,267
1683499961391422,1683499961391736d,314
1683499961399435,1683499961399962d,527
1683499961400466,1683499961400791d,325
1683499961407136,1683499961407503d,367
1683499961408096,1683499961420090d,11994
1683499961427975,1683499961428133d,158
1683499961440064,1683499961440689d,625
1683499961440954,1683499961447194d,6240
1683499961447532,1683499961448211d,679
1683499961448532,1683499961448969d,437
1683499961455881,1683499961455967d,86
1683499961463984,1683499961464555d,571
1683499961464937,1683499961465512d,575
1683499961471979,1683499961472336d,357
1683499961472802,1683499961473188d,386
1683499961480175,1683499961480597d,422
1683499961487941,1683499961488347d,406
1683499961488991,1683499961494483d,5492
1683499961495004,1683499961495365d,361
1683499961495830,1683499961496239d,409
1683499961496674,1683499961496984d,310
1683499961504050,1683499961511158d,7108
1683499961512015,1683499961512443d,428
1683499961523074,1683499961523455d,381
1683499961532116,1683499961532445d,329
1683499961533077,1683499961533409d,332
1683499961533880,1683499961534328d,448
1683499961534759,1683499961542154d,7395
1683499961542791,1683499961543169d,378
1683499961543642,1683499961543969d,327
1683499961544430,1683499961544877d,447
1683499961551146,1683499961551505d,359
1683499961559427,1683499961559848d,421
1683499961567944,1683499961568550d,606
1683499961579990,1683499961580157d,167
1683499961580851,1683499961581199d,348
1683499961581648,1683499961589087d,7439
1683499961589705,1683499961589970d,265
1683499961594710,1683499961602699d,7989
1683499961603125,1683499961603710d,585
1683499961604120,1683499961604514d,394
1683499961614702,1683499961614728d,26
1683499961622713,1683499961623602d,889
1683499961623776,1683499961624445d,669
1683499961624654,1683499961625272d,618
1683499961625507,1683499961626040d,533
1683499961626530,1683499961626787d,257
1683499961627330,1683499961634598d,7268
1683499961642544,1683499961642931d,387
1683499961643337,1683499961643690d,353
1683499961644103,1683499961644610d,507
1683499961644908,1683499961651940d,7032
1683499961652058,1683499961652742d,684
1683499961660524,1683499961670722d,10198
1683499961670751,1683499961671704d,953
1683499961671888,1683499961680160d,8272
1683499961680685,1683499961681064d,379
1683499961687174,1683499961694707d,7533
1683499961694738,1683499961695639d,901
1683499961695837,1683499961696651d,814
1683499961703910,1683499961711952d,8042
1683499961712042,1683499961719157d,7115
1683499961727198,1683499961727595d,397
1683499961728161,1683499961735168d,7007
1683499961735889,1683499961742813d,6924
1683499961750518,1683499961752127d,1609
1683499961752430,1683499961753001d,571
1683499961757084,1683499961762719d,5635
1683499961763330,1683499961767982d,4652
1683499961775926,1683499961783884d,7958
1683499961784007,1683499961784816d,809
1683499961785015,1683499961790110d,5095
1683499961795965,1683499961796112d,147
1683499961802610,1683499961803180d,570
1683499961803536,1683499961804142d,606
1683499961811932,1683499961812303d,371
1683499961812964,1683499961818477d,5513
1683499961818657,1683499961819351d,694
1683499961826505,1683499961826670d,165
1683499961827295,1683499961836087d,8792
1683499961844133,1683499961844249d,116
1683499961851162,1683499961851533d,371
1683499961852042,1683499961852401d,359
1683499961859975,1683499961860483d,508
1683499961867114,1683499961867540d,426
1683499961867958,1683499961876084d,8126
1683499961882466,1683499961882616d,150
1683499961883614,1683499961883934d,320
1683499961891983,1683499961892518d,535
1683499961892936,1683499961893417d,481
1683499961893808,1683499961898134d,4326
1683499961898672,1683499961899161d,489
1683499961899535,1683499961899960d,425
1683499961900243,1683499961900717d,474
1683499961900994,1683499961901474d,480
1683499961901804,1683499961902347d,543
1683499961902602,1683499961903160d,558
1683499961903402,1683499961910090d,6688
1683499961918107,1683499961923912d,5805
1683499961931886,1683499961931998d,112
1683499961932769,1683499961933023d,254
1683499961933518,1683499961938445d,4927
1683499961945393,1683499961956084d,10691
1683499961956485,1683499961957024d,539
