1683499957165642,1683499957181336d,15694
1683499957181457,1683499957182233d,776
1683499957190956,1683499957191137d,181
1683499957196956,1683499957197444d,488
1683499957197867,1683499957198271d,404
1683499957198919,1683499957206982d,8063
1683499957207422,1683499957207818d,396
1683499957214176,1683499957214784d,608
1683499957220231,1683499957220704d,473
1683499957221254,1683499957221624d,370
1683499957222148,1683499957222587d,439
1683499957223045,1683499957223471d,426
1683499957223910,1683499957224341d,431
1683499957224835,1683499957225517d,682
1683499957232461,1683499957232840d,379
1683499957241320,1683499957246970d,5650
1683499957247236,1683499957247938d,702
1683499957248285,1683499957256070d,7785
1683499957256507,1683499957256980d,473
1683499957267042,1683499957274970d,7928
1683499957275170,1683499957275907d,737
1683499957282168,1683499957282583d,415
1683499957283261,1683499957290390d,7129
1683499957290801,1683499957296194d,5393
1683499957296680,1683499957297541d,861
1683499957307125,1683499957308872d,1747
1683499957309050,1683499957309676d,626
1683499957309969,1683499957310589d,620
1683499957310793,1683499957311324d,531
1683499957311672,1683499957312146d,474
1683499957319883,1683499957320211d,328
1683499957328883,1683499957336222d,7339
1683499957336766,1683499957337207d,441
1683499957337610,1683499957338141d,531
1683499957338609,1683499957339227d,618
1683499957339508,1683499957340002d,494
1683499957340286,1683499957340763d,477
1683499957344913,1683499957345285d,372
1683499957353383,1683499957361273d,7890
1683499957361732,1683499957362269d,537
1683499957362674,1683499957363190d,516
1683499957372291,1683499957380172d,7881
1683499957387937,1683499957396003d,8066
1683499957396428,1683499957396807d,379
1683499957397526,1683499957397819d,293
1683499957403077,1683499957403593d,516
1683499957404028,1683499957410395d,6367
1683499957410568,1683499957411179d,611
1683499957411561,1683499957418521d,6960
1683499957418866,1683499957419449d,583
1683499957419767,1683499957420271d,504
1683499957420634,1683499957421193d,559
1683499957421564,1683499957422006d,442
1683499957422370,1683499957422977d,607
1683499957423159,1683499957423828d,669
1683499957424054,1683499957424573d,519
1683499957424885,1683499957425524d,639
1683499957430984,1683499957438930d,7946
1683499957439097,1683499957439832d,735
1683499957440042,1683499957447237d,7195
1683499957448097,1683499957448354d,257
1683499957448945,1683499957456943d,7998
1683499957457370,1683499957457950d,580
1683499957458291,1683499957458887d,596
1683499957459222,1683499957459877d,655
1683499957460201,1683499957471092d,10891
1683499957483095,1683499957483526d,431
1683499957483950,1683499957492134d,8184
1683499957500041,1683499957500692d,651
1683499957501490,1683499957501980d,490
1683499957509050,1683499957509446d,396
1683499957517311,1683499957517691d,380
1683499957518103,1683499957518764d,661
1683499957519142,1683499957525007d,5865
1683499957525347,1683499957525977d,630
1683499957526356,1683499957527925d,1569
1683499957538943,1683499957546174d,7231
1683499957546475,1683499957547289d,814
1683499957547690,1683499957548352d,662
1683499957548641,1683499957549326d,685
1683499957549523,1683499957550127d,604
1683499957550493,1683499957551040d,547
1683499957559166,1683499957559833d,667
1683499957560110,1683499957560818d,708
1683499957561107,1683499957561895d,788
1683499957562247,1683499957562967d,720
1683499957563261,1683499957563932d,671
1683499957564238,1683499957564809d,571
1683499957572150,1683499957572690d,540
1683499957573040,1683499957573615d,575
1683499957573992,1683499957574446d,454
1683499957574800,1683499957580430d,5630
1683499957581029,1683499957587128d,6099
1683499957588437,1683499957588900d,463
1683499957589342,1683499957589690d,348
1683499957590229,1683499957595890d,5661
1683499957596303,1683499957596880d,577
1683499957597330,1683499957597771d,441
1683499957598143,1683499957598644d,501
1683499957606170,1683499957606565d,395
1683499957607235,1683499957614335d,7100
1683499957614731,1683499957615931d,1200
1683499957616429,1683499957616955d,526
1683499957617448,1683499957626482d,9034
1683499957634518,1683499957642169d,7651
1683499957642560,1683499957643295d,735
1683499957650168,1683499957655898d,5730
1683499957656249,1683499957656929d,680
1683499957657268,1683499957657996d,728
1683499957663170,1683499957663537d,367
1683499957664137,1683499957670976d,6839
1683499957671145,1683499957671784d,639
1683499957683003,1683499957683497d,494
1683499957690237,1683499957690785d,548
1683499957702951,1683499957703461d,510
1683499957704040,1683499957704497d,457
1683499957705011,1683499957705538d,527
1683499957706123,1683499957706597d,474
1683499957707103,1683499957707495d,392
1683499957714481,1683499957714922d,441
1683499957721189,1683499957728287d,7098
1683499957736048,1683499957736343d,295
1683499957743040,1683499957744014d,974
1683499957750469,1683499957750961d,492
1683499957759199,1683499957759466d,267
1683499957767051,1683499957767704d,653
1683499957774425,1683499957774978d,553
1683499957775297,1683499957775715d,418
1683499957776050,1683499957776453d,403
1683499957776838,1683499957777304d,466
1683499957777707,1683499957778153d,446
1683499957783956,1683499957784385d,429
1683499957792253,1683499957792756d,503
1683499957800990,1683499957801935d,945
1683499957802468,1683499957803015d,547
1683499957803439,1683499957804033d,594
1683499957810596,1683499957810862d,266
1683499957811394,1683499957811751d,357
1683499957812200,1683499957812511d,311
1683499957812979,1683499957818166d,5187
1683499957820000,1683499957820456d,456
1683499957828386,1683499957834154d,5768
1683499957834512,1683499957835562d,1050
1683499957842162,1683499957842780d,618
1683499957843244,1683499957848095d,4851
1683499957848572,1683499957849038d,466
1683499957849423,1683499957858999d,9576
1683499957866973,1683499957879083d,12110
1683499957879871,1683499957880865d,994
1683499957881153,1683499957882130d,977
1683499957888239,1683499957888436d,197
1683499957889028,1683499957889328d,300
1683499957889771,1683499957890061d,290
1683499957890510,1683499957890986d,476
1683499957897347,1683499957897608d,261
1683499957903882,1683499957904225d,343
1683499957904855,1683499957905178d,323
1683499957913019,1683499957913040d,21
1683499957914015,1683499957922933d,8918
1683499957923093,1683499957923860d,767
1683499957930951,1683499957931118d,167
1683499957936920,1683499957937347d,427
1683499957939668,1683499957940018d,350
1683499957940595,1683499957940914d,319
1683499957941482,1683499957948352d,6870
1683499957956221,1683499957956712d,491
1683499957957154,1683499957963870d,6716
1683499957964194,1683499957964923d,729
1683499957965301,1683499957965813d,512
1683499957970170,1683499957978185d,8015
1683499957978538,1683499957979227d,689
1683499957979573,1683499957980101d,528
1683499957980478,1683499957980972d,494
1683499957981364,1683499957981984d,620
1683499957987866,1683499957988208d,342
1683499957988939,1683499957997046d,8107
1683499958003181,1683499958003473d,292
1683499958004032,1683499958004366d,334
1683499958004817,1683499958005185d,368
1683499958005704,1683499958006183d,479
1683499958007832,1683499958015062d,7230
1683499958016243,1683499958023988d,7745
1683499958024471,1683499958024820d,349
1683499958025253,1683499958030181d,4928
1683499958030812,1683499958031249d,437
1683499958031710,1683499958032135d,425
1683499958032627,1683499958033015d,388
1683499958041474,1683499958041609d,135
1683499958042202,1683499958051036d,8834
1683499958051417,1683499958055919d,4502
1683499958056280,1683499958057042d,762
1683499958057368,1683499958057994d,626
1683499958062430,1683499958062771d,341
1683499958070952,1683499958078177d,7225
1683499958078541,1683499958079274d,733
1683499958084152,1683499958084605d,453
1683499958085112,1683499958085640d,528
1683499958088384,1683499958088604d,220
1683499958089322,1683499958089634d,312
1683499958090242,1683499958090657d,415
1683499958091110,1683499958091543d,433
1683499958099161,1683499958099445d,284
1683499958100046,1683499958105412d,5366
1683499958105841,1683499958106265d,424
1683499958106791,1683499958107160d,369
1683499958107744,1683499958108183d,439
1683499958108646,1683499958109017d,371
1683499958109523,1683499958109874d,351
1683499958110350,1683499958118368d,8018
1683499958119103,1683499958119754d,651
1683499958120207,1683499958120700d,493
1683499958121175,1683499958121647d,472
1683499958122095,1683499958122508d,413
1683499958122974,1683499958123492d,518
1683499958123859,1683499958129246d,5387
1683499958130008,1683499958130286d,278
1683499958130934,1683499958139030d,8096
1683499958150971,1683499958151476d,505
1683499958151967,1683499958159028d,7061
1683499958159416,1683499958159974d,558
1683499958165395,1683499958165568d,173
1683499958166323,1683499958170968d,4645
1683499958171071,1683499958178346d,7275
1683499958179017,1683499958179518d,501
1683499958179959,1683499958180478d,519
1683499958180922,1683499958187831d,6909
1683499958188196,1683499958188735d,539
1683499958189071,1683499958189538d,467
1683499958189985,1683499958190367d,382
1683499958191632,1683499958198155d,6523
1683499958198604,1683499958199118d,514
1683499958199455,1683499958207834d,8379
1683499958215819,1683499958216243d,424
1683499958216824,1683499958217261d,437
1683499958217622,1683499958218153d,531
1683499958218479,1683499958219028d,549
1683499958219489,1683499958227000d,7511
1683499958239046,1683499958239544d,498
1683499958247393,1683499958248109d,716
1683499958254954,1683499958255079d,125
1683499958255727,1683499958256095d,368
1683499958256523,1683499958256969d,446
1683499958257404,1683499958257749d,345
1683499958258408,1683499958258896d,488
1683499958259308,1683499958259713d,405
1683499958260228,1683499958267328d,7100
1683499958267983,1683499958268356d,373
1683499958268901,1683499958275897d,6996
1683499958276326,1683499958277060d,734
1683499958282989,1683499958294941d,11952
1683499958295114,1683499958295826d,712
1683499958296156,1683499958296620d,464
1683499958296946,1683499958303047d,6101
1683499958304016,1683499958316098d,12082
1683499958316513,1683499958316984d,471
1683499958317419,1683499958317854d,435
1683499958318358,1683499958318781d,423
1683499958319310,1683499958324403d,5093
1683499958332170,1683499958340258d,8088
1683499958340763,1683499958341212d,449
1683499958341755,1683499958347079d,5324
1683499958347363,1683499958348102d,739
1683499958356103,1683499958356383d,280
1683499958364371,1683499958364673d,302
1683499958365187,1683499958371908d,6721
1683499958372304,1683499958372914d,610
1683499958373270,1683499958373756d,486
1683499958380382,1683499958387894d,7512
1683499958388223,1683499958388887d,664
1683499958389279,1683499958389936d,657
1683499958390303,1683499958390855d,552
1683499958391169,1683499958391612d,443
1683499958392035,1683499958392541d,506
1683499958392954,1683499958393464d,510
1683499958400418,1683499958400767d,349
1683499958407179,1683499958407838d,659
1683499958414625,1683499958414836d,211
1683499958422527,1683499958423003d,476
1683499958423386,1683499958423818d,432
1683499958424292,1683499958424639d,347
1683499958432181,1683499958432533d,352
1683499958433117,1683499958433380d,263
1683499958433898,1683499958442989d,9091
1683499958450183,1683499958458172d,7989
1683499958458513,1683499958459179d,666
1683499958459502,1683499958459972d,470
1683499958460326,1683499958460956d,630
1683499958468918,1683499958469264d,346
1683499958469889,1683499958476905d,7016
1683499958477313,1683499958483148d,5835
1683499958483453,1683499958484052d,599
1683499958491690,1683499958492296d,606
1683499958500178,1683499958500640d,462
1683499958506957,1683499958514936d,7979
1683499958515090,1683499958522187d,7097
1683499958523009,1683499958523448d,439
1683499958523865,1683499958524198d,333
1683499958524775,1683499958525045d,270
1683499958535663,1683499958536299d,636
1683499958548383,1683499958560255d,11872
1683499958570932,1683499958571837d,905
1683499958572444,1683499958579369d,6925
1683499958580357,1683499958580739d,382
1683499958581170,1683499958581485d,315
1683499958582182,1683499958583394d,1212
1683499958583581,1683499958591907d,8326
1683499958599897,1683499958600242d,345
1683499958608111,1683499958608603d,492
1683499958614166,1683499958614575d,409
1683499958615171,1683499958615487d,316
1683499958615933,1683499958616291d,358
1683499958622166,1683499958622739d,573
1683499958623224,1683499958623733d,509
1683499958624134,1683499958632124d,7990
1683499958632645,1683499958640101d,7456
1683499958640716,1683499958641123d,407
1683499958641464,1683499958641910d,446
1683499958642207,1683499958642705d,498
1683499958643048,1683499958643453d,405
1683499958643907,1683499958644217d,310
1683499958650173,1683499958658178d,8005
1683499958658201,1683499958659138d,937
1683499958666954,1683499958667077d,123
1683499958667761,1683499958675153d,7392
1683499958675460,1683499958677618d,2158
1683499958683690,1683499958684318d,628
1683499958696227,1683499958696513d,286
1683499958697079,1683499958697417d,338
1683499958697821,1683499958698199d,378
1683499958703884,1683499958704270d,386
1683499958712185,1683499958713410d,1225
1683499958719104,1683499958719417d,313
1683499958719955,1683499958720406d,451
1683499958720830,1683499958721258d,428
1683499958721688,1683499958722001d,313
1683499958722521,1683499958722763d,242
1683499958723439,1683499958723598d,159
1683499958724246,1683499958724547d,301
1683499958725066,1683499958725373d,307
1683499958725899,1683499958726266d,367
1683499958726647,1683499958727123d,476
1683499958727430,1683499958734157d,6727
1683499958734184,1683499958742163d,7979
1683499958742684,1683499958743141d,457
1683499958750362,1683499958755836d,5474
1683499958756174,1683499958767728d,11554
1683499958768296,1683499958778953d,10657
1683499958781466,1683499958781984d,518
1683499958782363,1683499958782962d,599
1683499958783255,1683499958783791d,536
1683499958792177,1683499958792527d,350
1683499958799857,1683499958800233d,376
1683499958808159,1683499958808595d,436
1683499958816033,1683499958817198d,1165
1683499958817616,1683499958822183d,4567
1683499958822741,1683499958823201d,460
1683499958830382,1683499958830756d,374
1683499958831320,1683499958831542d,222
1683499958832175,1683499958832341d,166
1683499958833052,1683499958833243d,191
1683499958833754,1683499958834140d,386
1683499958838928,1683499958839021d,93
1683499958839952,1683499958840064d,112
1683499958846158,1683499958846728d,570
1683499958852861,1683499958860863d,8002
1683499958861378,1683499958867044d,5666
1683499958867537,1683499958874930d,7393
1683499958875104,1683499958875838d,734
1683499958876049,1683499958882172d,6123
1683499958882758,1683499958891003d,8245
1683499958891452,1683499958892027d,575
1683499958898964,1683499958911003d,12039
1683499958911052,1683499958915918d,4866
1683499958919301,1683499958920057d,756
1683499958920581,1683499958921145d,564
1683499958926511,1683499958926826d,315
1683499958927414,1683499958934391d,6977
1683499958934769,1683499958935402d,633
1683499958943121,1683499958951109d,7988
1683499958951262,1683499958951965d,703
1683499958952204,1683499958952857d,653
1683499958958196,1683499958958803d,607
1683499958959260,1683499958964061d,4801
1683499958964601,1683499958964936d,335
1683499958965444,1683499958965883d,439
1683499958974957,1683499958987048d,12091
1683499958987239,1683499958987819d,580
1683499958988086,1683499958988649d,563
1683499958988941,1683499958989670d,729
1683499958989883,1683499958995896d,6013
1683499958996232,1683499958996855d,623
1683499959002465,1683499959002772d,307
1683499959003321,1683499959003641d,320
1683499959004241,1683499959004544d,303
1683499959005268,1683499959005563d,295
1683499959006264,1683499959006439d,175
1683499959012429,1683499959019865d,7436
1683499959020169,1683499959020842d,673
1683499959026492,1683499959026808d,316
1683499959038964,1683499959039121d,157
1683499959043917,1683499959044223d,306
1683499959044832,1683499959050516d,5684
1683499959050704,1683499959058163d,7459
1683499959058727,1683499959063963d,5236
1683499959066359,1683499959066665d,306
1683499959071191,1683499959079300d,8109
1683499959079526,1683499959080096d,570
1683499959080439,1683499959080940d,501
1683499959081336,1683499959081867d,531
1683499959082125,1683499959082672d,547
1683499959082966,1683499959083547d,581
1683499959083877,1683499959084442d,565
1683499959084772,1683499959085248d,476
1683499959085647,1683499959086020d,373
1683499959090170,1683499959098154d,7984
1683499959098510,1683499959099148d,638
1683499959099545,1683499959100043d,498
1683499959100368,1683499959100855d,487
1683499959101358,1683499959101750d,392
1683499959102279,1683499959102604d,325
1683499959103029,1683499959103613d,584
1683499959110970,1683499959118934d,7964
1683499959119101,1683499959119893d,792
1683499959120050,1683499959120769d,719
1683499959131014,1683499959139002d,7988
1683499959139126,1683499959139804d,678
1683499959140028,1683499959140748d,720
1683499959147979,1683499959148761d,782
1683499959149036,1683499959149540d,504
1683499959149916,1683499959150366d,450
1683499959150791,1683499959156356d,5565
1683499959164097,1683499959164745d,648
1683499959165130,1683499959165545d,415
1683499959165869,1683499959171175d,5306
1683499959179198,1683499959179786d,588
1683499959180156,1683499959180567d,411
1683499959181673,1683499959191114d,9441
1683499959191421,1683499959196071d,4650
1683499959196494,1683499959203941d,7447
1683499959211907,1683499959212351d,444
1683499959212934,1683499959219879d,6945
1683499959228016,1683499959228766d,750
1683499959229072,1683499959229690d,618
1683499959236039,1683499959236577d,538
1683499959236969,1683499959237504d,535
1683499959237822,1683499959238342d,520
1683499959238623,1683499959239113d,490
1683499959239417,1683499959239948d,531
1683499959246163,1683499959246183d,20
1683499959247083,1683499959247274d,191
1683499959254474,1683499959262688d,8214
1683499959263095,1683499959263605d,510
1683499959263921,1683499959264486d,565
1683499959271892,1683499959272216d,324
1683499959280137,1683499959280607d,470
1683499959280978,1683499959281404d,426
1683499959281772,1683499959282266d,494
1683499959288533,1683499959288835d,302
1683499959289353,1683499959296052d,6699
1683499959304102,1683499959304427d,325
1683499959310178,1683499959310735d,557
1683499959317369,1683499959323136d,5767
1683499959325007,1683499959325481d,474
1683499959325829,1683499959326163d,334
1683499959326575,1683499959335061d,8486
1683499959347004,1683499959347488d,484
1683499959348097,1683499959348465d,368
1683499959355886,1683499959357274d,1388
1683499959357417,1683499959358053d,636
1683499959365462,1683499959376030d,10568
1683499959376315,1683499959376982d,667
1683499959377315,1683499959377745d,430
1683499959378060,1683499959378562d,502
1683499959378777,1683499959379290d,513
1683499959379602,1683499959380180d,578
1683499959380444,1683499959381016d,572
1683499959381411,1683499959381806d,395
1683499959382295,1683499959390559d,8264
1683499959398415,1683499959403868d,5453
1683499959411868,1683499959412192d,324
1683499959420194,1683499959420673d,479
1683499959421215,1683499959421563d,348
1683499959421948,1683499959428509d,6561
1683499959428657,1683499959429401d,744
1683499959429552,1683499959430275d,723
1683499959435124,1683499959435428d,304
1683499959442351,1683499959442528d,177
1683499959447178,1683499959455153d,7975
1683499959455873,1683499959457279d,1406
1683499959457871,1683499959467100d,9229
1683499959467475,1683499959474162d,6687
1683499959474718,1683499959475166d,448
1683499959479823,1683499959487891d,8068
1683499959494190,1683499959494536d,346
1683499959495290,1683499959495593d,303
1683499959496234,1683499959496587d,353
1683499959497137,1683499959497460d,323
1683499959503063,1683499959515009d,11946
1683499959515560,1683499959519732d,4172
1683499959526973,1683499959527531d,558
1683499959534171,1683499959534538d,367
1683499959535176,1683499959535566d,390
1683499959536036,1683499959536459d,423
1683499959536995,1683499959537365d,370
1683499959546910,1683499959547091d,181
1683499959547803,1683499959552898d,5095
1683499959553299,1683499959558909d,5610
1683499959567157,1683499959567237d,80
1683499959568071,1683499959568338d,267
1683499959568893,1683499959569108d,215
1683499959569723,1683499959576053d,6330
1683499959584107,1683499959584429d,322
1683499959592181,1683499959592609d,428
1683499959593138,1683499959593535d,397
1683499959600004,1683499959607995d,7991
1683499959614175,1683499959614728d,553
1683499959626955,1683499959627124d,169
1683499959627920,1683499959628130d,210
1683499959628813,1683499959629400d,587
1683499959637098,1683499959638938d,1840
1683499959645337,1683499959645669d,332
1683499959646231,1683499959646731d,500
1683499959653216,1683499959659164d,5948
1683499959659381,1683499959660060d,679
1683499959660305,1683499959660761d,456
1683499959661159,1683499959661473d,314
1683499959661873,1683499959662335d,462
1683499959662697,1683499959663123d,426
1683499959663462,1683499959663907d,445
1683499959672165,1683499959672555d,390
1683499959673062,1683499959678401d,5339
1683499959678566,1683499959683025d,4459
1683499959690965,1683499959691411d,446
1683499959691896,1683499959692400d,504
1683499959692781,1683499959693277d,496
1683499959700134,1683499959700572d,438
1683499959706937,1683499959718914d,11977
1683499959719109,1683499959719712d,603
1683499959719997,1683499959720411d,414
1683499959720801,1683499959726171d,5370
1683499959726725,1683499959732102d,5377
1683499959739925,1683499959740555d,630
1683499959740868,1683499959741400d,532
1683499959741766,1683499959742185d,419
1683499959742658,1683499959743000d,342
1683499959749183,1683499959757198d,8015
1683499959757413,1683499959758019d,606
1683499959764135,1683499959764392d,257
1683499959765019,1683499959765327d,308
1683499959765889,1683499959766322d,433
1683499959766725,1683499959772380d,5655
1683499959772725,1683499959773282d,557
1683499959773628,1683499959774337d,709
1683499959780357,1683499959780699d,342
1683499959781251,1683499959781571d,320
1683499959782052,1683499959782477d,425
1683499959782977,1683499959783379d,402
1683499959783839,1683499959784212d,373
1683499959784628,1683499959790165d,5537
1683499959795031,1683499959795660d,629
1683499959795982,1683499959796443d,461
1683499959796790,1683499959797205d,415
1683499959797576,1683499959798113d,537
1683499959798449,1683499959798921d,472
1683499959804107,1683499959804665d,558
1683499959811912,1683499959812215d,303
1683499959812867,1683499959813212d,345
1683499959813834,1683499959814148d,314
1683499959814695,1683499959815037d,342
1683499959815569,1683499959822462d,6893
1683499959822849,1683499959823383d,534
1683499959823654,1683499959824176d,522
1683499959824496,1683499959825058d,562
1683499959835018,1683499959835041d,23
1683499959835853,1683499959842149d,6296
1683499959842524,1683499959850160d,7636
1683499959850679,1683499959851154d,475
1683499959851700,1683499959863134d,11434
1683499959871123,1683499959879083d,7960
1683499959879213,1683499959879918d,705
1683499959880118,1683499959880656d,538
1683499959880964,1683499959888297d,7333
1683499959896114,1683499959896647d,533
1683499959897147,1683499959902918d,5771
1683499959903062,1683499959905336d,2274
1683499959905552,1683499959906149d,597
1683499959906357,1683499959907108d,751
1683499959916046,1683499959916455d,409
1683499959923680,1683499959924351d,671
1683499959924719,1683499959925234d,515
1683499959925493,1683499959926027d,534
1683499959926377,1683499959926864d,487
1683499959927143,1683499959927739d,596
1683499959932061,1683499959932438d,377
1683499959932969,1683499959939145d,6176
1683499959939479,1683499959940055d,576
1683499959940499,1683499959940850d,351
1683499959945312,1683499959954038d,8726
1683499959954188,1683499959954908d,720
1683499959961288,1683499959969941d,8653
1683499959970308,1683499959970810d,502
1683499959971961,1683499959971989d,28
1683499959978405,1683499959982954d,4549
1683499959983316,1683499959988083d,4767
1683499959988572,1683499959995918d,7346
1683499959996588,1683499960004063d,7475
1683499960004450,1683499960012434d,7984
1683499960012838,1683499960022941d,10103
1683499960031212,1683499960031234d,22
1683499960039198,1683499960039990d,792
1683499960040327,1683499960040875d,548
1683499960046398,1683499960046801d,403
1683499960047399,1683499960058946d,11547
1683499960066973,1683499960069262d,2289
1683499960069728,1683499960070143d,415
1683499960070542,1683499960071102d,560
1683499960071372,1683499960072027d,655
1683499960079200,1683499960079467d,267
1683499960080107,1683499960088207d,8100
1683499960088690,1683499960089102d,412
1683499960096123,1683499960104173d,8050
1683499960104737,1683499960112277d,7540
1683499960119911,1683499960120585d,674
1683499960121040,1683499960126485d,5445
1683499960126852,1683499960127362d,510
1683499960127664,1683499960128257d,593
1683499960128479,1683499960129138d,659
1683499960129289,1683499960129884d,595
1683499960130159,1683499960130692d,533
1683499960131049,1683499960139259d,8210
1683499960146923,1683499960147060d,137
1683499960148295,1683499960148452d,157
1683499960155997,1683499960156663d,666
1683499960156935,1683499960157468d,533
1683499960157818,1683499960158281d,463
1683499960158603,1683499960159106d,503
1683499960171056,1683499960171487d,431
1683499960179134,1683499960179258d,124
1683499960180117,1683499960180264d,147
1683499960180968,1683499960186962d,5994
1683499960187133,1683499960187742d,609
1683499960188013,1683499960188512d,499
1683499960188861,1683499960189295d,434
1683499960189720,1683499960190057d,337
1683499960194458,1683499960200105d,5647
1683499960206181,1683499960206842d,661
1683499960207317,1683499960212058d,4741
1683499960212672,1683499960213070d,398
1683499960220058,1683499960220640d,582
1683499960228207,1683499960235674d,7467
1683499960236316,1683499960236918d,602
1683499960237306,1683499960237792d,486
1683499960238103,1683499960238659d,556
1683499960238970,1683499960239550d,580
1683499960239872,1683499960245304d,5432
1683499960246822,1683499960247157d,335
1683499960248744,1683499960254978d,6234
1683499960263049,1683499960263575d,526
1683499960268124,1683499960268613d,489
1683499960269005,1683499960269376d,371
1683499960269885,1683499960270229d,344
1683499960270751,1683499960271060d,309
1683499960271541,1683499960276238d,4697
1683499960276699,1683499960277132d,433
1683499960277573,1683499960284320d,6747
1683499960284722,1683499960285265d,543
1683499960285721,1683499960291973d,6252
1683499960292284,1683499960292953d,669
1683499960298404,1683499960298716d,312
1683499960299376,1683499960299743d,367
1683499960300437,1683499960307917d,7480
1683499960308265,1683499960308896d,631
1683499960309244,1683499960309689d,445
1683499960316951,1683499960317302d,351
1683499960325339,1683499960325694d,355
1683499960330177,1683499960338160d,7983
1683499960338545,1683499960339416d,871
1683499960339705,1683499960340362d,657
1683499960346154,1683499960346795d,641
1683499960347780,1683499960347916d,136
1683499960355132,1683499960355857d,725
1683499960362160,1683499960362517d,357
1683499960363216,1683499960363562d,346
1683499960364176,1683499960370390d,6214
1683499960375131,1683499960383091d,7960
1683499960383202,1683499960384130d,928
1683499960388922,1683499960389353d,431
1683499960389700,1683499960390179d,479
1683499960390528,1683499960391073d,545
1683499960391371,1683499960399112d,7741
1683499960399432,1683499960400023d,591
1683499960400398,1683499960400800d,402
1683499960405279,1683499960411135d,5856
1683499960411460,1683499960423061d,11601
1683499960430986,1683499960442980d,11994
1683499960443080,1683499960443919d,839
1683499960451175,1683499960459115d,7940
1683499960459415,1683499960460181d,766
1683499960466154,1683499960474152d,7998
1683499960474171,1683499960475181d,1010
1683499960475521,1683499960476076d,555
1683499960476587,1683499960476965d,378
1683499960477647,1683499960486936d,9289
1683499960494906,1683499960495085d,179
1683499960503799,1683499960504370d,571
1683499960512169,1683499960520121d,7952
1683499960528012,1683499960536090d,8078
1683499960536423,1683499960542180d,5757
1683499960542790,1683499960543279d,489
1683499960543684,1683499960544265d,581
1683499960550159,1683499960550678d,519
1683499960551301,1683499960551808d,507
1683499960552255,1683499960552663d,408
1683499960553015,1683499960560336d,7321
1683499960560669,1683499960568233d,7564
1683499960575894,1683499960576582d,688
1683499960584066,1683499960585875d,1809
1683499960586122,1683499960586696d,574
1683499960587092,1683499960587472d,380
1683499960588038,1683499960588318d,280
1683499960589037,1683499960595041d,6004
1683499960603066,1683499960603238d,172
1683499960603930,1683499960604240d,310
1683499960604865,1683499960613041d,8176
1683499960613431,1683499960614065d,634
1683499960619083,1683499960619536d,453
1683499960620000,1683499960620465d,465
1683499960620887,1683499960621381d,494
1683499960629438,1683499960629764d,326
1683499960630287,1683499960630661d,374
1683499960631017,1683499960631438d,421
1683499960631889,1683499960632290d,401
1683499960632774,1683499960633201d,427
1683499960639203,1683499960639386d,183
1683499960640023,1683499960640333d,310
1683499960640811,1683499960647906d,7095
1683499960648419,1683499960648972d,553
1683499960656908,1683499960657254d,346
1683499960665385,1683499960671102d,5717
1683499960671407,1683499960671928d,521
1683499960672425,1683499960672873d,448
1683499960673220,1683499960680199d,6979
1683499960680620,1683499960681042d,422
1683499960681564,1683499960689014d,7450
1683499960689359,1683499960696025d,6666
1683499960696517,1683499960696943d,426
1683499960697324,1683499960697708d,384
1683499960698205,1683499960698534d,329
1683499960699090,1683499960699419d,329
1683499960710892,1683499960711083d,191
1683499960711724,1683499960715966d,4242
1683499960716534,1683499960717049d,515
1683499960717463,1683499960717762d,299
1683499960718292,1683499960718590d,298
1683499960719167,1683499960719405d,238
1683499960726176,1683499960728203d,2027
1683499960734148,1683499960734485d,337
1683499960735142,1683499960740367d,5225
1683499960746157,1683499960746521d,364
1683499960747122,1683499960755106d,7984
1683499960755516,1683499960756193d,677
1683499960762163,1683499960762480d,317
1683499960770159,1683499960770182d,23
1683499960771109,1683499960771261d,152
1683499960778166,1683499960786161d,7995
1683499960786529,1683499960787265d,736
1683499960787462,1683499960788208d,746
1683499960795938,1683499960803970d,8032
1683499960804292,1683499960811161d,6869
1683499960811899,1683499960812166d,267
1683499960812812,1683499960813009d,197
1683499960813693,1683499960813913d,220
1683499960814488,1683499960814801d,313
1683499960815256,1683499960815756d,500
1683499960816013,1683499960816541d,528
1683499960821337,1683499960821519d,182
1683499960822107,1683499960822433d,326
1683499960823001,1683499960823289d,288
1683499960827863,1683499960831003d,3140
1683499960832333,1683499960832681d,348
1683499960833270,1683499960833514d,244
1683499960834122,1683499960834322d,200
1683499960834968,1683499960835160d,192
1683499960840287,1683499960848324d,8037
1683499960848706,1683499960849525d,819
1683499960849880,1683499960856321d,6441
1683499960856731,1683499960857229d,498
1683499960863860,1683499960864469d,609
1683499960864789,1683499960865275d,486
1683499960865731,1683499960866129d,398
1683499960866530,1683499960867065d,535
1683499960867352,1683499960874173d,6821
1683499960874733,1683499960875233d,500
1683499960875664,1683499960876049d,385
1683499960876442,1683499960876923d,481
1683499960877243,1683499960877788d,545
1683499960884909,1683499960885307d,398
1683499960891185,1683499960899153d,7968
1683499960899430,1683499960906161d,6731
1683499960906226,1683499960907003d,777
1683499960907311,1683499960915671d,8360
1683499960916325,1683499960916676d,351
1683499960928054,1683499960928604d,550
1683499960928993,1683499960929536d,543
1683499960929898,1683499960930615d,717
1683499960938160,1683499960938586d,426
1683499960939317,1683499960939609d,292
1683499960940131,1683499960940536d,405
1683499960940983,1683499960941436d,453
1683499960948507,1683499960949587d,1080
1683499960950221,1683499960950536d,315
1683499960951091,1683499960956505d,5414
1683499960956872,1683499960957340d,468
1683499960957703,1683499960958208d,505
1683499960958772,1683499960959278d,506
1683499960967189,1683499960967407d,218
1683499960976075,1683499960987056d,10981
1683499960995051,1683499960995248d,197
1683499960995899,1683499961001213d,5314
1683499961001608,1683499961002036d,428
1683499961002462,1683499961002980d,518
1683499961003354,1683499961003942d,588
1683499961004337,1683499961004968d,631
1683499961005370,1683499961005864d,494
1683499961010966,1683499961018921d,7955
1683499961019079,1683499961026184d,7105
1683499961026793,1683499961031166d,4373
1683499961042982,1683499961043159d,177
1683499961055025,1683499961057499d,2474
1683499961063904,1683499961064263d,359
1683499961064834,1683499961070409d,5575
1683499961070473,1683499961071327d,854
1683499961078947,1683499961090985d,12038
1683499961091078,1683499961091812d,734
1683499961092083,1683499961098990d,6907
1683499961106971,1683499961107441d,470
1683499961115664,1683499961116280d,616
1683499961121267,1683499961121654d,387
1683499961122072,1683499961122614d,542
1683499961130511,1683499961131308d,797
1683499961135175,1683499961135701d,526
1683499961136050,1683499961136643d,593
1683499961144080,1683499961151839d,7759
1683499961158233,1683499961163006d,4773
1683499961163102,1683499961164161d,1059
1683499961164648,1683499961165230d,582
1683499961165762,1683499961166201d,439
1683499961166657,1683499961167158d,501
1683499961176171,1683499961176489d,318
1683499961182512,1683499961182982d,470
1683499961183357,1683499961183772d,415
1683499961184212,1683499961184544d,332
1683499961185105,1683499961192974d,7869
1683499961193346,1683499961193972d,626
1683499961200079,1683499961207959d,7880
1683499961208297,1683499961208922d,625
1683499961209241,1683499961209838d,597
1683499961210252,1683499961210810d,558
1683499961218197,1683499961218589d,392
1683499961219148,1683499961226562d,7414
1683499961226903,1683499961235216d,8313
1683499961235269,1683499961236188d,919
1683499961236549,1683499961236927d,378
1683499961237350,1683499961237740d,390
1683499961238207,1683499961244465d,6258
1683499961244831,1683499961249289d,4458
1683499961256015,1683499961256385d,370
1683499961263885,1683499961271877d,7992
1683499961272182,1683499961272942d,760
1683499961280070,1683499961280577d,507
1683499961288187,1683499961288604d,417
1683499961296046,1683499961296571d,525
1683499961302997,1683499961310930d,7933
1683499961311077,1683499961311790d,713
1683499961312097,1683499961312665d,568
1683499961313044,1683499961313542d,498
1683499961314013,1683499961320013d,6000
1683499961328050,1683499961328415d,365
1683499961329013,1683499961329444d,431
1683499961329822,1683499961330361d,539
1683499961330665,1683499961331275d,610
1683499961331642,1683499961332370d,728
1683499961337224,1683499961337608d,384
1683499961338146,1683499961344209d,6063
1683499961344610,1683499961351039d,6429
1683499961363050,1683499961363544d,494
1683499961364031,1683499961364370d,339
1683499961372456,1683499961372872d,416
1683499961373322,1683499961373746d,424
1683499961374491,1683499961374686d,195
1683499961375523,1683499961375671d,148
1683499961376319,1683499961376569d,250
1683499961377201,1683499961377428d,227
1683499961387946,1683499961388337d,391
1683499961388943,1683499961389246d,303
1683499961389765,1683499961390100d,335
1683499961390548,1683499961390941d,393
1683499961391390,1683499961399090d,7700
1683499961399186,1683499961400012d,826
1683499961400324,1683499961400903d,579
1683499961407129,1683499961407433d,304
1683499961408087,1683499961420067d,11980
1683499961427671,1683499961428261d,590
1683499961440256,1683499961440501d,245
1683499961441068,1683499961447204d,6136
1683499961447482,1683499961448159d,677
1683499961448612,1683499961449001d,389
1683499961449467,1683499961456195d,6728
1683499961463953,1683499961464548d,595
1683499961464920,1683499961465381d,461
1683499961471947,1683499961472356d,409
1683499961472839,1683499961473153d,314
1683499961480221,1683499961480564d,343
1683499961487913,1683499961488369d,456
1683499961488971,1683499961494460d,5489
1683499961495039,1683499961495441d,402
1683499961495821,1683499961496177d,356
1683499961496643,1683499961496987d,344
1683499961503988,1683499961511201d,7213
1683499961511952,1683499961512580d,628
1683499961523126,1683499961523374d,248
1683499961532059,1683499961532438d,379
1683499961533026,1683499961533325d,299
1683499961533958,1683499961534165d,207
1683499961534882,1683499961542440d,7558
1683499961542578,1683499961543238d,660
1683499961543475,1683499961544076d,601
1683499961544256,1683499961545026d,770
1683499961551098,1683499961559063d,7965
1683499961559174,1683499961560024d,850
1683499961567892,1683499961568489d,597
1683499961579671,1683499961580210d,539
1683499961580759,1683499961581167d,408
1683499961581567,1683499961589244d,7677
1683499961589445,1683499961590138d,693
1683499961594894,1683499961594982d,88
1683499961603047,1683499961603653d,606
1683499961604084,1683499961604467d,383
1683499961605073,1683499961614972d,9899
1683499961622931,1683499961623367d,436
1683499961623809,1683499961624282d,473
1683499961624684,1683499961625129d,445
1683499961625478,1683499961626028d,550
1683499961626328,1683499961626744d,416
1683499961627173,1683499961634445d,7272
1683499961642411,1683499961642935d,524
1683499961643200,1683499961643679d,479
1683499961644041,1683499961644437d,396
1683499961644876,1683499961645259d,383
1683499961652144,1683499961652511d,367
1683499961660230,1683499961660738d,508
1683499961670971,1683499961671462d,491
1683499961671945,1683499961680297d,8352
1683499961680524,1683499961681142d,618
1683499961687217,1683499961687469d,252
1683499961694938,1683499961695343d,405
1683499961695857,1683499961696631d,774
1683499961703848,1683499961704220d,372
1683499961712260,1683499961719136d,6876
1683499961727181,1683499961727577d,396
1683499961728119,1683499961735145d,7026
1683499961735747,1683499961742433d,6686
1683499961750173,1683499961751708d,1535
1683499961752415,1683499961752798d,383
1683499961757214,1683499961762982d,5768
1683499961763088,1683499961767907d,4819
1683499961775838,1683499961776213d,375
1683499961784107,1683499961784573d,466
1683499961785045,1683499961790284d,5239
1683499961795623,1683499961802193d,6570
1683499961802520,1683499961803166d,646
1683499961803447,1683499961804066d,619
1683499961811891,1683499961812229d,338
1683499961812900,1683499961818162d,5262
1683499961818688,1683499961819081d,393
1683499961826166,1683499961826727d,561
1683499961827139,1683499961836002d,8863
1683499961843806,1683499961844361d,555
1683499961851161,1683499961851452d,291
1683499961852011,1683499961852447d,436
1683499961859935,1683499961860445d,510
1683499961867125,1683499961867370d,245
1683499961868102,1683499961876032d,7930
1683499961882174,1683499961882686d,512
1683499961883369,1683499961883912d,543
1683499961892009,1683499961892517d,508
1683499961892834,1683499961893417d,583
1683499961893687,1683499961898332d,4645
1683499961898519,1683499961899092d,573
1683499961899390,1683499961899906d,516
1683499961900222,1683499961900670d,448
1683499961900963,1683499961901411d,448
1683499961901788,1683499961902251d,463
1683499961902581,1683499961902979d,398
1683499961903428,1683499961910291d,6863
1683499961918366,1683499961918547d,181
1683499961924211,1683499961932211d,8000
1683499961932571,1683499961933089d,518
1683499961933413,1683499961938167d,4754
1683499961945368,1683499961956029d,10661
1683499961956422,1683499961956995d,573
