1683499914082936,1683499914083062d,126
1683499914083145,1683499914083501d,356
1683499914083620,1683499914083948d,328
1683499914084028,1683499914084376d,348
1683499914084442,1683499914084798d,356
1683499914084881,1683499914085243d,362
1683499914085334,1683499914085733d,399
1683499914085856,1683499914086198d,342
1683499914086263,1683499914086724d,461
1683499914086796,1683499914087151d,355
1683499914087612,1683499914087803d,191
1683499914087881,1683499914088254d,373
1683499914088355,1683499914088681d,326
1683499914088755,1683499914089112d,357
1683499914089197,1683499914089588d,391
1683499914089598,1683499914090052d,454
1683499914090089,1683499914090517d,428
1683499914090559,1683499914090981d,422
1683499914091068,1683499914091587d,519
1683499914091656,1683499914092043d,387
1683499914092108,1683499914092498d,390
1683499914092560,1683499914092929d,369
1683499914093217,1683499914093431d,214
1683499914093482,1683499914093877d,395
1683499914093968,1683499914094332d,364
1683499914094412,1683499914094765d,353
1683499914094929,1683499914095239d,310
1683499914095322,1683499914095714d,392
1683499914095796,1683499914096172d,376
1683499914096247,1683499914096757d,510
1683499914096773,1683499914097209d,436
1683499914097307,1683499914097754d,447
1683499914097879,1683499914098226d,347
1683499914098302,1683499914098669d,367
1683499914098751,1683499914099128d,377
1683499914099206,1683499914099590d,384
1683499914099672,1683499914100049d,377
1683499914100137,1683499914100529d,392
1683499914100621,1683499914100989d,368
1683499914101075,1683499914101434d,359
1683499914101513,1683499914101889d,376
1683499914101968,1683499914102337d,369
1683499914102406,1683499914102779d,373
1683499914102856,1683499914103203d,347
1683499914103283,1683499914103648d,365
1683499914103724,1683499914104077d,353
1683499914104154,1683499914104511d,357
1683499914104585,1683499914110689d,6104
1683499914110704,1683499914111235d,531
1683499914111264,1683499914111711d,447
1683499914111781,1683499914112181d,400
1683499914112279,1683499914112631d,352
1683499914112730,1683499914113096d,366
1683499914113165,1683499914113538d,373
1683499914113630,1683499914113982d,352
1683499914114050,1683499914114465d,415
1683499914114560,1683499914114903d,343
1683499914114978,1683499914115455d,477
1683499914115537,1683499914115936d,399
1683499914115991,1683499914116377d,386
1683499914116451,1683499914116830d,379
1683499914116919,1683499914117265d,346
1683499914117369,1683499914117717d,348
1683499914117807,1683499914118205d,398
1683499914118261,1683499914118625d,364
1683499914118726,1683499914119135d,409
1683499914119209,1683499914119567d,358
1683499914119666,1683499914120017d,351
1683499914120077,1683499914120548d,471
1683499914120638,1683499914120988d,350
1683499914121041,1683499914121431d,390
1683499914121503,1683499914121899d,396
1683499914122015,1683499914122335d,320
1683499914122413,1683499914122756d,343
1683499914122806,1683499914123217d,411
1683499914123290,1683499914123660d,370
1683499914123732,1683499914124085d,353
1683499914124131,1683499914124522d,391
1683499914124581,1683499914124948d,367
1683499914125019,1683499914125382d,363
1683499914125469,1683499914125814d,345
1683499914125890,1683499914126235d,345
1683499914126335,1683499914126694d,359
1683499914126812,1683499914127144d,332
1683499914127186,1683499914127646d,460
1683499914127712,1683499914128119d,407
1683499914128190,1683499914128561d,371
1683499914128632,1683499914128978d,346
1683499914129054,1683499914129404d,350
1683499914129472,1683499914129860d,388
1683499914129988,1683499914130306d,318
1683499914130376,1683499914130769d,393
1683499914130844,1683499914131291d,447
1683499914131427,1683499914131735d,308
1683499914131809,1683499914132177d,368
1683499914132245,1683499914132641d,396
1683499914132705,1683499914133090d,385
1683499914133153,1683499914133560d,407
1683499914134795,1683499914135034d,239
1683499914135175,1683499914135465d,290
1683499914135543,1683499914135910d,367
1683499914135984,1683499914136507d,523
1683499914136632,1683499914137029d,397
1683499914137119,1683499914137518d,399
1683499914137591,1683499914138076d,485
1683499914138128,1683499914138526d,398
1683499914138634,1683499914139021d,387
1683499914139118,1683499914139508d,390
1683499914139582,1683499914140013d,431
1683499914140108,1683499914140451d,343
1683499914140527,1683499914140863d,336
1683499914140951,1683499914141355d,404
1683499914141451,1683499914141812d,361
1683499914141886,1683499914142243d,357
1683499914142340,1683499914142694d,354
1683499914142773,1683499914143188d,415
1683499914143257,1683499914143654d,397
1683499914143742,1683499914144134d,392
1683499914144252,1683499914144616d,364
1683499914144706,1683499914145156d,450
1683499914145257,1683499914150681d,5424
1683499914150697,1683499914151191d,494
1683499914151278,1683499914151671d,393
1683499914151762,1683499914152154d,392
1683499914152233,1683499914152625d,392
1683499914152693,1683499914153137d,444
1683499914153222,1683499914153567d,345
1683499914153658,1683499914154047d,389
1683499914154144,1683499914154554d,410
1683499914154676,1683499914155058d,382
1683499914155125,1683499914155492d,367
1683499914155570,1683499914155984d,414
1683499914156084,1683499914156524d,440
1683499914156580,1683499914157049d,469
1683499914157102,1683499914157547d,445
1683499914157628,1683499914158062d,434
1683499914158153,1683499914158550d,397
1683499914158630,1683499914159091d,461
1683499914159197,1683499914159602d,405
1683499914159688,1683499914160129d,441
1683499914160193,1683499914160744d,551
1683499914160851,1683499914161237d,386
1683499914161294,1683499914161771d,477
1683499914161846,1683499914162322d,476
1683499914162385,1683499914162838d,453
1683499914162880,1683499914163341d,461
1683499914163418,1683499914163843d,425
1683499914163921,1683499914164338d,417
1683499914164393,1683499914164801d,408
1683499914164887,1683499914165368d,481
1683499914165442,1683499914165890d,448
1683499914165976,1683499914166403d,427
1683499914166535,1683499914166903d,368
1683499914166994,1683499914167380d,386
1683499914167454,1683499914167832d,378
1683499914167899,1683499914168306d,407
1683499914168374,1683499914168752d,378
1683499914168842,1683499914169203d,361
1683499914169271,1683499914169654d,383
1683499914169749,1683499914170144d,395
1683499914170204,1683499914170665d,461
1683499914170715,1683499914171133d,418
1683499914171226,1683499914171601d,375
1683499914171687,1683499914172134d,447
1683499914172187,1683499914172660d,473
1683499914172727,1683499914173106d,379
1683499914173178,1683499914173592d,414
1683499914173677,1683499914174023d,346
1683499914174085,1683499914174451d,366
1683499914174527,1683499914174949d,422
1683499914175036,1683499914175412d,376
1683499914175487,1683499914175843d,356
1683499914175916,1683499914176267d,351
1683499914176335,1683499914176741d,406
1683499914176782,1683499914177221d,439
1683499914177277,1683499914177656d,379
1683499914177732,1683499914178130d,398
1683499914178200,1683499914178575d,375
1683499914178689,1683499914179018d,329
1683499914179088,1683499914179495d,407
1683499914179569,1683499914179954d,385
1683499914180030,1683499914180390d,360
1683499914180485,1683499914180832d,347
1683499914180908,1683499914181279d,371
1683499914181353,1683499914181705d,352
1683499914181780,1683499914182150d,370
1683499914182221,1683499914182612d,391
1683499914182703,1683499914183112d,409
1683499914183189,1683499914183539d,350
1683499914183608,1683499914183986d,378
1683499914184065,1683499914184443d,378
1683499914184529,1683499914184894d,365
1683499914184972,1683499914185322d,350
1683499914185425,1683499914185771d,346
1683499914185857,1683499914186196d,339
1683499914186314,1683499914186631d,317
1683499914186729,1683499914187059d,330
1683499914187163,1683499914187482d,319
1683499914187582,1683499914187957d,375
1683499914188072,1683499914188442d,370
1683499914188520,1683499914188931d,411
1683499914189034,1683499914189360d,326
1683499914189452,1683499914189801d,349
1683499914189889,1683499914190275d,386
1683499914190345,1683499914190719d,374
1683499914190793,1683499914191138d,345
1683499914191216,1683499914191578d,362
1683499914191659,1683499914192008d,349
1683499914192089,1683499914192446d,357
1683499914192528,1683499914192877d,349
1683499914192958,1683499914193345d,387
1683499914193444,1683499914193774d,330
1683499914193857,1683499914194216d,359
1683499914194316,1683499914194715d,399
1683499914194801,1683499914195206d,405
1683499914195286,1683499914195631d,345
1683499914195720,1683499914202682d,6962
1683499914202699,1683499914203255d,556
1683499914203265,1683499914203702d,437
1683499914203772,1683499914204116d,344
1683499914204224,1683499914204553d,329
1683499914204669,1683499914204993d,324
1683499914205063,1683499914205429d,366
1683499914205486,1683499914205880d,394
1683499914205960,1683499914206316d,356
1683499914206414,1683499914206737d,323
1683499914206817,1683499914207190d,373
1683499914207257,1683499914207698d,441
1683499914207749,1683499914208203d,454
1683499914208261,1683499914208666d,405
1683499914208741,1683499914209122d,381
1683499914209176,1683499914209577d,401
1683499914209661,1683499914210020d,359
1683499914210093,1683499914210494d,401
1683499914210590,1683499914210927d,337
1683499914210995,1683499914211376d,381
1683499914211433,1683499914211813d,380
1683499914211915,1683499914212265d,350
1683499914212332,1683499914212709d,377
1683499914212786,1683499914213156d,370
1683499914213243,1683499914213594d,351
1683499914213661,1683499914214025d,364
1683499914214109,1683499914214459d,350
1683499914214522,1683499914214894d,372
1683499914214956,1683499914215357d,401
1683499914215416,1683499914215809d,393
1683499914215872,1683499914216265d,393
1683499914216349,1683499914216707d,358
1683499914216749,1683499914217160d,411
1683499914217209,1683499914217613d,404
1683499914217679,1683499914218049d,370
1683499914218131,1683499914218491d,360
1683499914218585,1683499914218940d,355
1683499914219009,1683499914219368d,359
1683499914219433,1683499914219808d,375
1683499914219879,1683499914220235d,356
1683499914220307,1683499914220710d,403
1683499914220780,1683499914221159d,379
1683499914221231,1683499914221665d,434
1683499914221723,1683499914222138d,415
1683499914222261,1683499914222579d,318
1683499914222657,1683499914223052d,395
1683499914223116,1683499914223512d,396
1683499914223618,1683499914223985d,367
1683499914224024,1683499914224471d,447
1683499914224530,1683499914224997d,467
1683499914225050,1683499914226655d,1605
1683499914226713,1683499914227128d,415
1683499914227219,1683499914227638d,419
1683499914227717,1683499914228116d,399
1683499914228191,1683499914228561d,370
1683499914228629,1683499914228984d,355
1683499914229058,1683499914229443d,385
1683499914229523,1683499914229903d,380
1683499914229967,1683499914230384d,417
1683499914230480,1683499914230846d,366
1683499914230904,1683499914231283d,379
1683499914231340,1683499914231719d,379
1683499914231800,1683499914232177d,377
1683499914232236,1683499914232715d,479
1683499914232764,1683499914233185d,421
1683499914233245,1683499914233664d,419
1683499914233772,1683499914234139d,367
1683499914234229,1683499914234586d,357
1683499914234667,1683499914235061d,394
1683499914235149,1683499914235523d,374
1683499914235594,1683499914235978d,384
1683499914236053,1683499914236410d,357
1683499914236471,1683499914236866d,395
1683499914236922,1683499914237299d,377
1683499914237358,1683499914237734d,376
1683499914237794,1683499914238189d,395
1683499914238229,1683499914238625d,396
1683499914238702,1683499914239098d,396
1683499914239161,1683499914239545d,384
1683499914239626,1683499914240009d,383
1683499914240097,1683499914240485d,388
1683499914240657,1683499914240921d,264
1683499914241005,1683499914241367d,362
1683499914241434,1683499914241818d,384
1683499914242011,1683499914242252d,241
1683499914242359,1683499914242712d,353
1683499914242771,1683499914243160d,389
1683499914243232,1683499914243664d,432
1683499914243775,1683499914244141d,366
1683499914244207,1683499914244606d,399
1683499914244709,1683499914245077d,368
1683499914245161,1683499914245566d,405
1683499914245637,1683499914246125d,488
1683499914246199,1683499914246600d,401
1683499914246665,1683499914247101d,436
1683499914247183,1683499914247618d,435
1683499914247701,1683499914248069d,368
1683499914248159,1683499914248517d,358
1683499914248597,1683499914248954d,357
1683499914249046,1683499914249417d,371
1683499914249507,1683499914249933d,426
1683499914250332,1683499914250559d,227
1683499914250623,1683499914251025d,402
1683499914251117,1683499914251482d,365
1683499914251564,1683499914251958d,394
1683499914252068,1683499914252434d,366
1683499914252588,1683499914252878d,290
1683499914252970,1683499914253332d,362
1683499914253414,1683499914253771d,357
1683499914253887,1683499914254203d,316
1683499914254279,1683499914254688d,409
1683499914254808,1683499914255190d,382
1683499914255312,1683499914255734d,422
1683499914255831,1683499914256263d,432
1683499914256337,1683499914256729d,392
1683499914256825,1683499914257198d,373
1683499914257280,1683499914257684d,404
1683499914257794,1683499914258183d,389
1683499914258271,1683499914258635d,364
1683499914258715,1683499914259118d,403
1683499914259203,1683499914259550d,347
1683499914259620,1683499914260041d,421
1683499914260114,1683499914260503d,389
1683499914260596,1683499914260950d,354
1683499914261027,1683499914261415d,388
1683499914261491,1683499914261866d,375
1683499914261948,1683499914262396d,448
1683499914262471,1683499914262862d,391
1683499914262948,1683499914263304d,356
1683499914263380,1683499914263756d,376
1683499914263837,1683499914264217d,380
1683499914264295,1683499914264699d,404
1683499914264850,1683499914265168d,318
1683499914265240,1683499914265627d,387
1683499914265691,1683499914266125d,434
1683499914266202,1683499914266598d,396
1683499914266671,1683499914267062d,391
1683499914267139,1683499914267542d,403
1683499914267611,1683499914268018d,407
1683499914268091,1683499914268499d,408
1683499914268575,1683499914268983d,408
1683499914269051,1683499914269464d,413
1683499914269536,1683499914269966d,430
1683499914270038,1683499914270446d,408
1683499914270524,1683499914270920d,396
1683499914270990,1683499914271394d,404
1683499914271462,1683499914271868d,406
1683499914271947,1683499914272378d,431
1683499914272459,1683499914272826d,367
1683499914272907,1683499914273310d,403
1683499914273389,1683499914273779d,390
1683499914273868,1683499914274219d,351
1683499914274353,1683499914274803d,450
1683499914274886,1683499914275312d,426
1683499914275418,1683499914275834d,416
1683499914275871,1683499914276323d,452
1683499914276394,1683499914276812d,418
1683499914276904,1683499914277274d,370
1683499914277352,1683499914277742d,390
1683499914277816,1683499914278208d,392
1683499914278301,1683499914278657d,356
1683499914278722,1683499914279144d,422
1683499914279235,1683499914279604d,369
1683499914279674,1683499914280097d,423
1683499914280163,1683499914280580d,417
1683499914280668,1683499914281027d,359
1683499914281093,1683499914281473d,380
1683499914281552,1683499914281929d,377
1683499914281995,1683499914282402d,407
1683499914282535,1683499914282884d,349
1683499914282948,1683499914283377d,429
1683499914283425,1683499914283825d,400
1683499914283896,1683499914284287d,391
1683499914284352,1683499914284771d,419
1683499914284808,1683499914285268d,460
1683499914285364,1683499914285763d,399
1683499914285832,1683499914286224d,392
1683499914286284,1683499914286690d,406
1683499914286753,1683499914287160d,407
1683499914287214,1683499914287626d,412
1683499914287736,1683499914288121d,385
1683499914288152,1683499914288575d,423
1683499914288640,1683499914289060d,420
1683499914289121,1683499914289543d,422
1683499914289600,1683499914289984d,384
1683499914290074,1683499914290456d,382
1683499914290493,1683499914290934d,441
1683499914291005,1683499914291383d,378
1683499914291453,1683499914291833d,380
1683499914291923,1683499914292265d,342
1683499914292339,1683499914292729d,390
1683499914292768,1683499914293194d,426
1683499914293227,1683499914293638d,411
1683499914293700,1683499914294090d,390
1683499914294170,1683499914294574d,404
1683499914294682,1683499914295049d,367
1683499914295083,1683499914295519d,436
1683499914295550,1683499914295993d,443
1683499914296028,1683499914296482d,454
1683499914296544,1683499914296958d,414
1683499914297012,1683499914297408d,396
1683499914297481,1683499914297901d,420
1683499914297986,1683499914298402d,416
1683499914298429,1683499914298869d,440
1683499914298930,1683499914299325d,395
1683499914299387,1683499914299756d,369
1683499914299813,1683499914300177d,364
1683499914300251,1683499914300610d,359
1683499914300673,1683499914301077d,404
1683499914301155,1683499914301586d,431
1683499914301662,1683499914302035d,373
1683499914302093,1683499914302508d,415
1683499914302595,1683499914303003d,408
1683499914303054,1683499914303474d,420
1683499914303534,1683499914303940d,406
1683499914303998,1683499914304410d,412
1683499914304466,1683499914304837d,371
1683499914304900,1683499914305327d,427
1683499914305396,1683499914305854d,458
1683499914305864,1683499914306321d,457
1683499914306358,1683499914306763d,405
1683499914306818,1683499914307196d,378
1683499914307258,1683499914307654d,396
1683499914307753,1683499914308141d,388
1683499914308177,1683499914308595d,418
1683499914308649,1683499914309056d,407
1683499914309106,1683499914309491d,385
1683499914309564,1683499914309954d,390
1683499914309998,1683499914310401d,403
1683499914310460,1683499914310871d,411
1683499914310947,1683499914311384d,437
1683499914311476,1683499914311874d,398
1683499914311961,1683499914312355d,394
1683499914312405,1683499914312831d,426
1683499914312897,1683499914313344d,447
1683499914313358,1683499914313787d,429
1683499914313837,1683499914314334d,497
1683499914314384,1683499914314816d,432
1683499914314883,1683499914315321d,438
1683499914315394,1683499914315840d,446
1683499914315884,1683499914316363d,479
1683499914316389,1683499914316823d,434
1683499914316934,1683499914317377d,443
1683499914317410,1683499914317889d,479
1683499914317964,1683499914318388d,424
1683499914318508,1683499914318916d,408
1683499914319046,1683499914319429d,383
1683499914319566,1683499914319964d,398
1683499914320042,1683499914320453d,411
1683499914320537,1683499914320942d,405
1683499914321082,1683499914321431d,349
1683499914321535,1683499914321935d,400
1683499914322016,1683499914322451d,435
1683499914322571,1683499914323021d,450
1683499914323125,1683499914323576d,451
1683499914323678,1683499914324113d,435
1683499914324227,1683499914324666d,439
1683499914324806,1683499914325250d,444
1683499914325354,1683499914325768d,414
1683499914325854,1683499914326324d,470
1683499914326423,1683499914326867d,444
1683499914326961,1683499914327337d,376
1683499914327421,1683499914327852d,431
1683499914327939,1683499914328392d,453
1683499914328467,1683499914328912d,445
1683499914329003,1683499914329459d,456
1683499914329543,1683499914330036d,493
1683499914330126,1683499914330545d,419
1683499914330654,1683499914331040d,386
1683499914331139,1683499914331551d,412
1683499914331668,1683499914332202d,534
1683499914332329,1683499914332686d,357
1683499914332809,1683499914333212d,403
1683499914333314,1683499914333724d,410
1683499914333848,1683499914334220d,372
1683499914334341,1683499914334722d,381
1683499914334828,1683499914335221d,393
1683499914335335,1683499914335724d,389
1683499914335849,1683499914336208d,359
1683499914336319,1683499914336747d,428
1683499914336851,1683499914337267d,416
1683499914337375,1683499914337770d,395
1683499914337883,1683499914338295d,412
1683499914338419,1683499914338726d,307
1683499914338838,1683499914339272d,434
1683499914339535,1683499914339816d,281
1683499914339931,1683499914340311d,380
1683499914340414,1683499914340868d,454
1683499914340991,1683499914341368d,377
1683499914341480,1683499914341865d,385
1683499914341978,1683499914342354d,376
1683499914342456,1683499914342822d,366
1683499914342929,1683499914343325d,396
1683499914343437,1683499914343765d,328
1683499914343866,1683499914344193d,327
1683499914344402,1683499914344693d,291
1683499914344796,1683499914345190d,394
1683499914345300,1683499914345703d,403
1683499914345813,1683499914346137d,324
1683499914346243,1683499914346628d,385
1683499914346732,1683499914347076d,344
1683499914347141,1683499914347532d,391
1683499914347605,1683499914348047d,442
1683499914348142,1683499914348522d,380
1683499914348629,1683499914349072d,443
1683499914349147,1683499914349595d,448
1683499914349679,1683499914350163d,484
1683499914350230,1683499914350662d,432
1683499914350752,1683499914351146d,394
1683499914351219,1683499914351633d,414
1683499914351696,1683499914352122d,426
1683499914352198,1683499914352654d,456
1683499914352765,1683499914353145d,380
1683499914353214,1683499914353623d,409
1683499914353685,1683499914354102d,417
1683499914354172,1683499914354608d,436
1683499914354688,1683499914355128d,440
1683499914355186,1683499914355626d,440
1683499914355726,1683499914356114d,388
1683499914356190,1683499914356611d,421
1683499914356692,1683499914357103d,411
1683499914357170,1683499914357638d,468
1683499914357732,1683499914358176d,444
1683499914358225,1683499914358648d,423
1683499914358729,1683499914359157d,428
1683499914359220,1683499914359608d,388
1683499914359687,1683499914360112d,425
1683499914360209,1683499914360601d,392
1683499914360676,1683499914361113d,437
1683499914361175,1683499914361601d,426
1683499914361683,1683499914362120d,437
1683499914362194,1683499914362608d,414
1683499914362680,1683499914363147d,467
1683499914363218,1683499914363568d,350
1683499914363666,1683499914363981d,315
1683499914364077,1683499914364423d,346
1683499914364498,1683499914364860d,362
1683499914364931,1683499914365299d,368
1683499914365373,1683499914365717d,344
1683499914365822,1683499914366140d,318
1683499914366214,1683499914366560d,346
1683499914366669,1683499914367019d,350
1683499914367112,1683499914367457d,345
1683499914367522,1683499914367887d,365
1683499914367952,1683499914368362d,410
1683499914368434,1683499914368783d,349
1683499914368887,1683499914369211d,324
1683499914369287,1683499914369636d,349
1683499914369716,1683499914370098d,382
1683499914370154,1683499914374685d,4531
1683499914374700,1683499914375170d,470
1683499914375227,1683499914375607d,380
1683499914375757,1683499914376141d,384
1683499914376201,1683499914376698d,497
1683499914376765,1683499914377200d,435
1683499914377281,1683499914377662d,381
1683499914377768,1683499914378185d,417
1683499914378261,1683499914378676d,415
1683499914378743,1683499914379188d,445
1683499914379239,1683499914379684d,445
1683499914379759,1683499914380169d,410
1683499914380243,1683499914380684d,441
1683499914380764,1683499914381173d,409
1683499914381262,1683499914381672d,410
1683499914381766,1683499914382146d,380
1683499914382230,1683499914382672d,442
1683499914382763,1683499914383165d,402
1683499914383265,1683499914383679d,414
1683499914383754,1683499914384173d,419
1683499914384234,1683499914384703d,469
1683499914384751,1683499914385213d,462
1683499914385302,1683499914385722d,420
1683499914385799,1683499914386238d,439
1683499914386315,1683499914386727d,412
1683499914386893,1683499914387210d,317
1683499914387288,1683499914387786d,498
1683499914387854,1683499914388289d,435
1683499914388406,1683499914389765d,1359
1683499914389861,1683499914390300d,439
1683499914390381,1683499914390797d,416
1683499914390875,1683499914391320d,445
1683499914391386,1683499914391828d,442
1683499914391888,1683499914398682d,6794
1683499914398698,1683499914399217d,519
1683499914399282,1683499914399728d,446
1683499914399759,1683499914400231d,472
1683499914400265,1683499914400759d,494
1683499914400839,1683499914401251d,412
1683499914401299,1683499914401823d,524
1683499914401831,1683499914402289d,458
1683499914402329,1683499914402828d,499
1683499914402862,1683499914403381d,519
1683499914403440,1683499914403938d,498
1683499914404003,1683499914404445d,442
1683499914404482,1683499914404992d,510
1683499914405046,1683499914405488d,442
1683499914405524,1683499914405969d,445
1683499914406030,1683499914406460d,430
1683499914406529,1683499914406978d,449
1683499914407073,1683499914407499d,426
1683499914407565,1683499914408036d,471
1683499914408117,1683499914408508d,391
1683499914408595,1683499914408991d,396
1683499914409082,1683499914409498d,416
1683499914409576,1683499914409971d,395
1683499914410057,1683499914410458d,401
1683499914410538,1683499914410972d,434
1683499914411034,1683499914411434d,400
1683499914411511,1683499914411920d,409
1683499914412052,1683499914412401d,349
1683499914412485,1683499914412897d,412
1683499914412960,1683499914413395d,435
1683499914413460,1683499914413865d,405
1683499914413946,1683499914414352d,406
1683499914414431,1683499914414889d,458
1683499914414973,1683499914415383d,410
1683499914415479,1683499914415874d,395
1683499914415955,1683499914416358d,403
1683499914416423,1683499914416843d,420
1683499914416916,1683499914417339d,423
1683499914417458,1683499914417835d,377
1683499914417922,1683499914418321d,399
1683499914418402,1683499914418807d,405
1683499914418893,1683499914419312d,419
1683499914419393,1683499914419843d,450
1683499914419912,1683499914420362d,450
1683499914420427,1683499914420884d,457
1683499914420961,1683499914421360d,399
1683499914421433,1683499914421870d,437
1683499914421948,1683499914422364d,416
1683499914422449,1683499914422879d,430
1683499914422967,1683499914423336d,369
1683499914423429,1683499914423779d,350
1683499914423849,1683499914424228d,379
1683499914424308,1683499914424654d,346
1683499914424722,1683499914425081d,359
1683499914425164,1683499914425540d,376
1683499914425625,1683499914426006d,381
1683499914426074,1683499914426471d,397
1683499914426520,1683499914426966d,446
1683499914427029,1683499914427495d,466
1683499914427575,1683499914428003d,428
1683499914428072,1683499914428509d,437
1683499914428571,1683499914429007d,436
1683499914429076,1683499914429517d,441
1683499914429586,1683499914430003d,417
1683499914430076,1683499914430533d,457
1683499914430615,1683499914431040d,425
1683499914431120,1683499914431503d,383
1683499914431573,1683499914432040d,467
1683499914432134,1683499914432482d,348
1683499914432544,1683499914432931d,387
1683499914432993,1683499914433452d,459
1683499914433462,1683499914433901d,439
1683499914433936,1683499914434364d,428
1683499914434450,1683499914434848d,398
1683499914434935,1683499914435296d,361
1683499914435387,1683499914435728d,341
1683499914435798,1683499914436174d,376
1683499914436241,1683499914436678d,437
1683499914436763,1683499914437183d,420
1683499914437262,1683499914437675d,413
1683499914437754,1683499914438178d,424
1683499914438292,1683499914438738d,446
1683499914438783,1683499914439198d,415
1683499914439283,1683499914439664d,381
1683499914439761,1683499914440377d,616
1683499914440439,1683499914440846d,407
1683499914440914,1683499914441273d,359
1683499914441355,1683499914441708d,353
1683499914441786,1683499914442163d,377
1683499914442260,1683499914442673d,413
1683499914442762,1683499914443147d,385
1683499914443218,1683499914443578d,360
1683499914443672,1683499914444034d,362
1683499914444117,1683499914444465d,348
1683499914444539,1683499914444881d,342
1683499914445014,1683499914445311d,297
1683499914445408,1683499914445746d,338
1683499914445833,1683499914446198d,365
1683499914446273,1683499914446638d,365
1683499914446699,1683499914447068d,369
1683499914447161,1683499914447520d,359
1683499914447632,1683499914448000d,368
1683499914448099,1683499914448479d,380
1683499914448565,1683499914448944d,379
1683499914449017,1683499914449362d,345
1683499914449448,1683499914449830d,382
1683499914449906,1683499914450292d,386
1683499914450356,1683499914450731d,375
1683499914450792,1683499914451169d,377
1683499914451242,1683499914451605d,363
1683499914451677,1683499914452061d,384
1683499914452129,1683499914452499d,370
1683499914452569,1683499914452937d,368
1683499914453041,1683499914453416d,375
1683499914453479,1683499914453861d,382
1683499914453933,1683499914454285d,352
1683499914454394,1683499914454778d,384
1683499914454862,1683499914455231d,369
1683499914455308,1683499914455694d,386
1683499914455783,1683499914456279d,496
1683499914456361,1683499914456711d,350
1683499914456831,1683499914457151d,320
1683499914457240,1683499914457596d,356
1683499914457758,1683499914458019d,261
1683499914458106,1683499914458459d,353
1683499914458545,1683499914459058d,513
1683499914459158,1683499914459533d,375
1683499914459619,1683499914459983d,364
1683499914460099,1683499914460417d,318
1683499914461063,1683499914461321d,258
1683499914461410,1683499914461782d,372
1683499914461864,1683499914462502d,638
1683499914462590,1683499914463019d,429
1683499914463092,1683499914463490d,398
1683499914463608,1683499914463946d,338
1683499914464036,1683499914464399d,363
1683499914464473,1683499914464902d,429
1683499914464992,1683499914465346d,354
1683499914465432,1683499914465793d,361
1683499914465868,1683499914466221d,353
1683499914466308,1683499914466689d,381
1683499914466802,1683499914467146d,344
1683499914467236,1683499914467589d,353
1683499914467724,1683499914468034d,310
1683499914468130,1683499914468486d,356
1683499914468578,1683499914468941d,363
1683499914469026,1683499914469377d,351
1683499914469446,1683499914469795d,349
1683499914469870,1683499914470221d,351
1683499914470288,1683499914470653d,365
1683499914470724,1683499914471081d,357
1683499914471154,1683499914471506d,352
1683499914471579,1683499914471933d,354
1683499914472013,1683499914472369d,356
1683499914472424,1683499914472832d,408
1683499914472904,1683499914473269d,365
1683499914473307,1683499914473738d,431
1683499914473805,1683499914474166d,361
1683499914474241,1683499914474594d,353
1683499914474677,1683499914475180d,503
1683499914475268,1683499914475616d,348
1683499914475688,1683499914476050d,362
1683499914476513,1683499914476754d,241
1683499914476818,1683499914477205d,387
1683499914477272,1683499914477635d,363
1683499914477700,1683499914478128d,428
1683499914478224,1683499914478597d,373
1683499914478668,1683499914479023d,355
1683499914479089,1683499914479452d,363
1683499914479530,1683499914479869d,339
1683499914479933,1683499914480308d,375
1683499914480374,1683499914480748d,374
1683499914480818,1683499914481167d,349
1683499914481239,1683499914481600d,361
1683499914481674,1683499914482102d,428
1683499914482182,1683499914482530d,348
1683499914482611,1683499914483012d,401
1683499914483048,1683499914483452d,404
1683499914483522,1683499914483990d,468
1683499914484051,1683499914484456d,405
1683499914484523,1683499914484938d,415
1683499914485008,1683499914485426d,418
1683499914485486,1683499914485888d,402
1683499914485957,1683499914486309d,352
1683499914486374,1683499914486738d,364
1683499914486793,1683499914487187d,394
1683499914487249,1683499914487644d,395
1683499914487710,1683499914488105d,395
1683499914488174,1683499914488562d,388
1683499914488683,1683499914489037d,354
1683499914489082,1683499914489491d,409
1683499914489554,1683499914489985d,431
1683499914490053,1683499914490417d,364
1683499914490484,1683499914490857d,373
1683499914490938,1683499914491303d,365
1683499914491366,1683499914491730d,364
1683499914491804,1683499914492149d,345
1683499914492223,1683499914492601d,378
1683499914492692,1683499914493063d,371
1683499914493129,1683499914493580d,451
1683499914493643,1683499914494018d,375
1683499914494086,1683499914494443d,357
1683499914494510,1683499914494868d,358
1683499914494929,1683499914495301d,372
1683499914495373,1683499914495783d,410
1683499914495849,1683499914496279d,430
1683499914496345,1683499914497179d,834
1683499914497247,1683499914497642d,395
1683499914497699,1683499914498083d,384
1683499914498141,1683499914498804d,663
1683499914498847,1683499914499275d,428
1683499914499335,1683499914499844d,509
1683499914499907,1683499914500331d,424
1683499914500390,1683499914500768d,378
1683499914500825,1683499914501200d,375
1683499914501255,1683499914501633d,378
1683499914501690,1683499914502083d,393
1683499914502139,1683499914502518d,379
1683499914502578,1683499914502946d,368
1683499914503028,1683499914503378d,350
1683499914503452,1683499914503872d,420
1683499914503937,1683499914504299d,362
1683499914504356,1683499914504740d,384
1683499914504804,1683499914505168d,364
1683499914505276,1683499914505598d,322
1683499914505658,1683499914506060d,402
1683499914506146,1683499914506520d,374
1683499914506563,1683499914507004d,441
1683499914507086,1683499914507458d,372
1683499914507512,1683499914507946d,434
1683499914508036,1683499914508423d,387
1683499914508500,1683499914508903d,403
1683499914508979,1683499914509393d,414
1683499914509468,1683499914509845d,377
1683499914509918,1683499914510314d,396
1683499914510390,1683499914510781d,391
1683499914510869,1683499914511268d,399
1683499914511310,1683499914511911d,601
1683499914511960,1683499914512676d,716
1683499914512731,1683499914513154d,423
1683499914513241,1683499914513652d,411
1683499914513674,1683499914514112d,438
1683499914514159,1683499914514584d,425
1683499914514659,1683499914515053d,394
1683499914515120,1683499914515524d,404
1683499914515570,1683499914516026d,456
1683499914516061,1683499914516490d,429
1683499914516530,1683499914516949d,419
1683499914516988,1683499914517408d,420
1683499914517457,1683499914517861d,404
1683499914517892,1683499914518326d,434
1683499914518360,1683499914518784d,424
1683499914518827,1683499914519248d,421
1683499914519292,1683499914519740d,448
1683499914519753,1683499914520200d,447
1683499914520266,1683499914520698d,432
1683499914520744,1683499914521183d,439
1683499914521223,1683499914521640d,417
1683499914521683,1683499914522130d,447
1683499914522177,1683499914522609d,432
1683499914522813,1683499914523294d,481
1683499914523310,1683499914523773d,463
1683499914523781,1683499914524257d,476
1683499914524299,1683499914524762d,463
1683499914524824,1683499914525285d,461
1683499914525348,1683499914525809d,461
1683499914525818,1683499914526321d,503
1683499914526397,1683499914526893d,496
1683499914526951,1683499914527406d,455
1683499914527475,1683499914527970d,495
1683499914528013,1683499914528964d,951
1683499914529031,1683499914529459d,428
1683499914529647,1683499914529952d,305
1683499914530008,1683499914530403d,395
1683499914530458,1683499914530852d,394
1683499914531130,1683499914531359d,229
1683499914531417,1683499914531856d,439
1683499914531933,1683499914532355d,422
1683499914532414,1683499914532840d,426
1683499914532881,1683499914533327d,446
1683499914533383,1683499914533859d,476
1683499914533903,1683499914534343d,440
1683499914534373,1683499914534839d,466
1683499914534864,1683499914535301d,437
1683499914535367,1683499914535796d,429
1683499914535823,1683499914536327d,504
1683499914536336,1683499914536866d,530
1683499914536934,1683499914537371d,437
1683499914537412,1683499914537874d,462
1683499914537925,1683499914538350d,425
1683499914538396,1683499914538829d,433
1683499914538861,1683499914539303d,442
1683499914539349,1683499914539792d,443
1683499914539854,1683499914546683d,6829
1683499914546693,1683499914547252d,559
1683499914547410,1683499914547767d,357
1683499914547863,1683499914548248d,385
1683499914548378,1683499914548711d,333
1683499914548778,1683499914549190d,412
1683499914549240,1683499914549624d,384
1683499914549682,1683499914550091d,409
1683499914550195,1683499914550562d,367
1683499914550620,1683499914551034d,414
1683499914551146,1683499914551525d,379
1683499914551670,1683499914552028d,358
1683499914552075,1683499914552515d,440
1683499914552559,1683499914553025d,466
1683499914553065,1683499914553501d,436
1683499914553610,1683499914554016d,406
1683499914554112,1683499914554500d,388
1683499914554665,1683499914555071d,406
1683499914555171,1683499914555570d,399
1683499914555629,1683499914556032d,403
1683499914556088,1683499914556501d,413
1683499914556593,1683499914556970d,377
1683499914557035,1683499914557437d,402
1683499914557527,1683499914557926d,399
1683499914558010,1683499914558382d,372
1683499914558444,1683499914558848d,404
1683499914558896,1683499914559315d,419
1683499914559343,1683499914559862d,519
1683499914559910,1683499914560339d,429
1683499914560371,1683499914560893d,522
1683499914560928,1683499914561373d,445
1683499914561444,1683499914561836d,392
1683499914561917,1683499914562333d,416
1683499914562426,1683499914562793d,367
1683499914562847,1683499914563273d,426
1683499914563333,1683499914563755d,422
1683499914563812,1683499914564224d,412
1683499914564354,1683499914564684d,330
1683499914564740,1683499914565154d,414
1683499914565207,1683499914565656d,449
1683499914565686,1683499914566132d,446
1683499914566275,1683499914567491d,1216
1683499914567533,1683499914568297d,764
1683499914568323,1683499914568758d,435
1683499914568820,1683499914569211d,391
1683499914569311,1683499914569673d,362
1683499914569734,1683499914570168d,434
1683499914570234,1683499914570656d,422
1683499914570721,1683499914571181d,460
1683499914571244,1683499914571652d,408
1683499914571701,1683499914572127d,426
1683499914572179,1683499914572604d,425
1683499914572654,1683499914573050d,396
1683499914573126,1683499914573548d,422
1683499914573637,1683499914574018d,381
1683499914574128,1683499914574565d,437
1683499914574661,1683499914575035d,374
1683499914575090,1683499914575528d,438
1683499914575585,1683499914576012d,427
1683499914576061,1683499914576502d,441
1683499914576564,1683499914577001d,437
1683499914577056,1683499914577474d,418
1683499914577530,1683499914577996d,466
1683499914578047,1683499914578509d,462
1683499914578596,1683499914578967d,371
1683499914579082,1683499914579413d,331
1683499914579488,1683499914579868d,380
1683499914579943,1683499914580318d,375
1683499914580396,1683499914580773d,377
1683499914580850,1683499914581312d,462
1683499914581390,1683499914581773d,383
1683499914581860,1683499914582222d,362
1683499914582305,1683499914582663d,358
1683499914582748,1683499914583107d,359
1683499914583188,1683499914583667d,479
1683499914583681,1683499914584103d,422
1683499914584162,1683499914584596d,434
1683499914584635,1683499914585041d,406
1683499914585102,1683499914585507d,405
1683499914585581,1683499914586006d,425
1683499914586090,1683499914586481d,391
1683499914586543,1683499914586974d,431
1683499914587045,1683499914587451d,406
1683499914587517,1683499914587928d,411
1683499914588011,1683499914588382d,371
1683499914588491,1683499914588872d,381
1683499914588959,1683499914589337d,378
1683499914589455,1683499914589801d,346
1683499914589901,1683499914590299d,398
1683499914590426,1683499914590766d,340
1683499914590847,1683499914591238d,391
1683499914591363,1683499914591684d,321
1683499914591741,1683499914592128d,387
1683499914592201,1683499914592600d,399
1683499914592639,1683499914593061d,422
1683499914593130,1683499914593520d,390
1683499914593583,1683499914594039d,456
1683499914594070,1683499914594505d,435
1683499914594571,1683499914595011d,440
1683499914595059,1683499914595514d,455
1683499914595615,1683499914595973d,358
1683499914596049,1683499914596443d,394
1683499914596527,1683499914596896d,369
1683499914596978,1683499914597348d,370
1683499914597394,1683499914597833d,439
1683499914597895,1683499914598282d,387
1683499914598323,1683499914598736d,413
1683499914598775,1683499914599192d,417
1683499914599244,1683499914599738d,494
1683499914599782,1683499914600277d,495
