1683499967435592,1683499967435651d,59
1683499967451964,1683499967452021d,57
1683499967464107,1683499967464155d,48
1683499967470346,1683499967470422d,76
1683499967480080,1683499967480149d,69
1683499967481055,1683499967481146d,91
1683499967492077,1683499967492081d,4
1683499967492761,1683499967493112d,351
1683499967498614,1683499967498972d,358
1683499967500499,1683499967500620d,121
1683499967504322,1683499967504624d,302
1683499967505247,1683499967515965d,10718
1683499967516665,1683499967516941d,276
1683499967527931,1683499967527997d,66
1683499967528626,1683499967528846d,220
1683499967529550,1683499967529736d,186
1683499967539435,1683499967539817d,382
1683499967551512,1683499967551724d,212
1683499967563491,1683499967563670d,179
1683499967576069,1683499967576075d,6
1683499967577059,1683499967577309d,250
1683499967587621,1683499967587697d,76
1683499967596091,1683499967596172d,81
1683499967608011,1683499967608098d,87
1683499967616075,1683499967616137d,62
1683499967628024,1683499967628081d,57
1683499967636074,1683499967636135d,61
1683499967636860,1683499967637020d,160
1683499967642325,1683499967642416d,91
1683499967649007,1683499967649326d,319
1683499967650169,1683499967650262d,93
1683499967650920,1683499967651137d,217
1683499967651818,1683499967652005d,187
1683499967652688,1683499967652939d,251
1683499967653608,1683499967653786d,178
1683499967654395,1683499967654657d,262
1683499967655346,1683499967655419d,73
1683499967668866,1683499967669206d,340
1683499967671441,1683499967671643d,202
1683499967679473,1683499967679617d,144
1683499967685173,1683499967685455d,282
1683499967686162,1683499967686340d,178
1683499967703932,1683499967703999d,67
1683499967704651,1683499967704890d,239
1683499967711995,1683499967712284d,289
1683499967716516,1683499967716720d,204
1683499967723907,1683499967724118d,211
1683499967730581,1683499967730850d,269
1683499967738629,1683499967738810d,181
1683499967739617,1683499967739770d,153
1683499967747982,1683499967748190d,208
1683499967748818,1683499967749111d,293
1683499967759413,1683499967759642d,229
1683499967771486,1683499967771700d,214
1683499967783506,1683499967783656d,150
1683499967791512,1683499967791720d,208
1683499967799545,1683499967799724d,179
1683499967806353,1683499967806427d,74
1683499967807161,1683499967807342d,181
1683499967808025,1683499967808276d,251
1683499967808911,1683499967809253d,342
1683499967809973,1683499967810240d,267
1683499967815685,1683499967815868d,183
1683499967824051,1683499967824342d,291
1683499967830515,1683499967830812d,297
1683499967831645,1683499967831853d,208
1683499967832417,1683499967832679d,262
1683499967839455,1683499967839703d,248
1683499967847465,1683499967847711d,246
1683499967859453,1683499967859645d,192
1683499967860197,1683499967860477d,280
1683499967880062,1683499967880068d,6
1683499967892067,1683499967892132d,65
1683499967902457,1683499967902507d,50
1683499967903351,1683499967903620d,269
1683499967904256,1683499967904579d,323
1683499967905125,1683499967905259d,134
1683499967916084,1683499967916131d,47
1683499967928059,1683499967928100d,41
1683499967940047,1683499967940185d,138
1683499967952041,1683499967952098d,57
1683499967964089,1683499967964158d,69
1683499967976092,1683499967976141d,49
1683499967988131,1683499967988146d,15
1683499967988782,1683499967989168d,386
1683499967995979,1683499967996153d,174
1683499968008006,1683499968008297d,291
1683499968019872,1683499968020139d,267
1683499968027999,1683499968028305d,306
1683499968039859,1683499968040143d,284
1683499968052020,1683499968052089d,69
1683499968064129,1683499968064207d,78
1683499968072213,1683499968072229d,16
1683499968072822,1683499968073096d,274
1683499968073622,1683499968073886d,264
1683499968074523,1683499968079628d,5105
1683499968081168,1683499968081452d,284
1683499968094336,1683499968094365d,29
1683499968103633,1683499968103995d,362
1683499968104686,1683499968104947d,261
1683499968105540,1683499968105802d,262
1683499968106407,1683499968106696d,289
1683499968107225,1683499968107501d,276
1683499968114527,1683499968114810d,283
1683499968123827,1683499968124053d,226
1683499968131556,1683499968131832d,276
1683499968139368,1683499968139640d,272
1683499968158283,1683499968158337d,54
1683499968159361,1683499968159646d,285
1683499968167441,1683499968167652d,211
1683499968175467,1683499968175662d,195
1683499968176273,1683499968176549d,276
1683499968184872,1683499968185190d,318
1683499968187980,1683499968188255d,275
1683499968188852,1683499968189141d,289
1683499968199310,1683499968199585d,275
1683499968211446,1683499968211731d,285
1683499968212299,1683499968212629d,330
1683499968218662,1683499968219002d,340
1683499968227840,1683499968228129d,289
1683499968228776,1683499968228995d,219
1683499968236006,1683499968236281d,275
1683499968248261,1683499968248540d,279
1683499968263589,1683499968263593d,4
1683499968268025,1683499968268191d,166
1683499968279975,1683499968280068d,93
1683499968292123,1683499968292194d,71
1683499968300052,1683499968300357d,305
1683499968311919,1683499968312231d,312
1683499968323980,1683499968324255d,275
1683499968324959,1683499968325168d,209
1683499968325868,1683499968326115d,247
1683499968332282,1683499968332559d,277
1683499968340342,1683499968340624d,282
1683499968343907,1683499968344124d,217
1683499968351321,1683499968351654d,333
1683499968352290,1683499968352495d,205
1683499968359899,1683499968360171d,272
1683499968371589,1683499968371742d,153
1683499968372461,1683499968372671d,210
1683499968373324,1683499968373575d,251
1683499968374180,1683499968374453d,273
1683499968382649,1683499968382954d,305
1683499968383672,1683499968383928d,256
1683499968392270,1683499968392586d,316
1683499968393198,1683499968393469d,271
1683499968399484,1683499968399726d,242
1683499968407486,1683499968407730d,244
1683499968419485,1683499968419702d,217
1683499968420274,1683499968420491d,217
1683499968439830,1683499968440172d,342
1683499968441117,1683499968441391d,274
1683499968442156,1683499968442420d,264
1683499968443165,1683499968443303d,138
1683499968443993,1683499968444184d,191
1683499968459628,1683499968460052d,424
1683499968460756,1683499968461021d,265
1683499968461677,1683499968461836d,159
1683499968472096,1683499968472323d,227
1683499968472997,1683499968473271d,274
1683499968487611,1683499968487974d,363
1683499968488608,1683499968488908d,300
1683499968499466,1683499968499784d,318
1683499968507438,1683499968507734d,296
1683499968515404,1683499968515633d,229
1683499968527462,1683499968527736d,274
1683499968528378,1683499968528676d,298
1683499968536866,1683499968537194d,328
1683499968537990,1683499968538252d,262
1683499968542565,1683499968542807d,242
1683499968550555,1683499968550806d,251
1683499968560017,1683499968560067d,50
1683499968572080,1683499968572132d,52
1683499968584049,1683499968584095d,46
1683499968596087,1683499968596155d,68
1683499968596939,1683499968597258d,319
1683499968597950,1683499968598237d,287
1683499968603586,1683499968603887d,301
1683499968604682,1683499968604923d,241
1683499968611421,1683499968611744d,323
1683499968619331,1683499968619635d,304
1683499968620298,1683499968620583d,285
1683499968621152,1683499968621524d,372
1683499968628383,1683499968628454d,71
1683499968640008,1683499968640300d,292
1683499968651892,1683499968652293d,401
1683499968660021,1683499968660320d,299
1683499968660965,1683499968661246d,281
1683499968667217,1683499968667492d,275
1683499968674523,1683499968674799d,276
1683499968682572,1683499968682844d,272
1683499968683454,1683499968683721d,267
1683499968684387,1683499968684702d,315
1683499968685295,1683499968685631d,336
1683499968686293,1683499968686618d,325
1683499968687167,1683499968687395d,228
1683499968695454,1683499968695737d,283
1683499968707388,1683499968707697d,309
1683499968719429,1683499968719763d,334
1683499968727618,1683499968727964d,346
1683499968739842,1683499968739848d,6
1683499968739878,1683499968740452d,574
1683499968750556,1683499968750980d,424
1683499968751774,1683499968752097d,323
1683499968759991,1683499968760225d,234
1683499968767459,1683499968767624d,165
1683499968775369,1683499968775665d,296
1683499968783406,1683499968783747d,341
1683499968784127,1683499968784416d,289
1683499968785077,1683499968785375d,298
1683499968785933,1683499968786206d,273
1683499968786831,1683499968787103d,272
1683499968787685,1683499968799649d,11964
1683499968799676,1683499968807720d,8044
1683499968807760,1683499968819637d,11877
1683499968819663,1683499968820179d,516
1683499968820799,1683499968821001d,202
1683499968831170,1683499968831471d,301
1683499968838666,1683499968838935d,269
1683499968840141,1683499968840341d,200
1683499968840953,1683499968841171d,218
1683499968849137,1683499968849425d,288
1683499968857068,1683499968857381d,313
1683499968858584,1683499968858875d,291
1683499968859448,1683499968859731d,283
1683499968860261,1683499968860520d,259
1683499968868458,1683499968868753d,295
1683499968869354,1683499968869599d,245
1683499968875382,1683499968875651d,269
1683499968883635,1683499968883963d,328
1683499968884506,1683499968884805d,299
1683499968892555,1683499968892839d,284
1683499968893370,1683499968893662d,292
1683499968911332,1683499968911639d,307
1683499968919437,1683499968919622d,185
1683499968920234,1683499968920592d,358
1683499968927615,1683499968927980d,365
1683499968931436,1683499968931653d,217
1683499968939424,1683499968939660d,236
1683499968940262,1683499968940654d,392
1683499968941166,1683499968941339d,173
1683499968941982,1683499968942208d,226
1683499968951611,1683499968951944d,333
1683499968952607,1683499968952867d,260
1683499968962519,1683499968962794d,275
1683499968970533,1683499968970844d,311
1683499968971426,1683499968971717d,291
1683499968972356,1683499968972635d,279
1683499968977156,1683499968977436d,280
1683499968985350,1683499968985641d,291
1683499968986367,1683499968986521d,154
1683499968987170,1683499968987425d,255
1683499968999418,1683499968999687d,269
1683499969010634,1683499969010940d,306
1683499969011961,1683499969012138d,177
1683499969019452,1683499969019756d,304
1683499969020337,1683499969020564d,227
1683499969027748,1683499969028032d,284
1683499969040305,1683499969040387d,82
1683499969051967,1683499969052163d,196
1683499969052872,1683499969053157d,285
1683499969053801,1683499969054169d,368
1683499969054643,1683499969054905d,262
1683499969055518,1683499969055869d,351
1683499969064303,1683499969064628d,325
1683499969075585,1683499969075922d,337
1683499969082602,1683499969082938d,336
1683499969088006,1683499969088310d,304
1683499969099509,1683499969099727d,218
1683499969107411,1683499969107734d,323
1683499969119606,1683499969119659d,53
1683499969127427,1683499969127712d,285
1683499969128415,1683499969128671d,256
1683499969135476,1683499969135745d,269
1683499969136403,1683499969136675d,272
1683499969143973,1683499969144229d,256
1683499969152137,1683499969152372d,235
1683499969159402,1683499969159608d,206
1683499969171625,1683499969171715d,90
1683499969172387,1683499969172717d,330
1683499969173340,1683499969173597d,257
1683499969174190,1683499969174446d,256
1683499969180869,1683499969181176d,307
1683499969182121,1683499969182299d,178
1683499969182869,1683499969183089d,220
1683499969183878,1683499969184083d,205
1683499969194648,1683499969194986d,338
1683499969202663,1683499969202951d,288
1683499969214643,1683499969214930d,287
1683499969220974,1683499969221256d,282
1683499969221892,1683499969222197d,305
1683499969229174,1683499969229451d,277
1683499969235228,1683499969235503d,275
1683499969247787,1683499969248059d,272
1683499969248776,1683499969249057d,281
1683499969255396,1683499969255660d,264
1683499969263424,1683499969263758d,334
1683499969264349,1683499969264636d,287
1683499969275243,1683499969275772d,529
1683499969283875,1683499969284129d,254
1683499969296107,1683499969296167d,60
1683499969311627,1683499969311922d,295
1683499969315342,1683499969315643d,301
1683499969327439,1683499969327694d,255
1683499969339605,1683499969339943d,338
1683499969340524,1683499969340818d,294
1683499969359597,1683499969359937d,340
1683499969360504,1683499969360766d,262
1683499969361377,1683499969361679d,302
1683499969362299,1683499969362599d,300
1683499969363183,1683499969363463d,280
1683499969364008,1683499969364307d,299
1683499969371946,1683499969372247d,301
1683499969372801,1683499969373121d,320
1683499969373683,1683499969373937d,254
1683499969374653,1683499969374925d,272
1683499969380022,1683499969380301d,279
1683499969388009,1683499969388285d,276
1683499969395641,1683499969395913d,272
1683499969403444,1683499969403734d,290
1683499969404424,1683499969404706d,282
1683499969405338,1683499969405608d,270
1683499969412893,1683499969413168d,275
1683499969413908,1683499969414119d,211
1683499969414784,1683499969415056d,272
1683499969427251,1683499969427486d,235
1683499969428276,1683499969428554d,278
1683499969438544,1683499969438893d,349
1683499969448060,1683499969448319d,259
1683499969459935,1683499969460215d,280
1683499969460887,1683499969461172d,285
1683499969467622,1683499969467863d,241
1683499969479508,1683499969479747d,239
1683499969480412,1683499969480711d,299
1683499969488124,1683499969488347d,223
1683499969495638,1683499969495904d,266
1683499969496600,1683499969496852d,252
1683499969497577,1683499969497756d,179
1683499969503669,1683499969503943d,274
1683499969504513,1683499969504778d,265
1683499969505541,1683499969505811d,270
1683499969511463,1683499969511763d,300
1683499969519418,1683499969519640d,222
1683499969520215,1683499969532020d,11805
1683499969532677,1683499969532971d,294
1683499969543925,1683499969544158d,233
1683499969555837,1683499969556163d,326
1683499969563940,1683499969564220d,280
1683499969575652,1683499969575985d,333
1683499969576808,1683499969576889d,81
1683499969577591,1683499969577859d,268
1683499969578560,1683499969578846d,286
1683499969579493,1683499969579747d,254
1683499969580516,1683499969580705d,189
1683499969593060,1683499969593337d,277
1683499969593925,1683499969594170d,245
1683499969599630,1683499969599947d,317
1683499969600668,1683499969600915d,247
1683499969601598,1683499969601875d,277
1683499969607917,1683499969608171d,254
1683499969608743,1683499969609040d,297
1683499969619222,1683499969619593d,371
1683499969620307,1683499969620578d,271
1683499969631448,1683499969631725d,277
1683499969639367,1683499969639649d,282
1683499969646668,1683499969646939d,271
1683499969655155,1683499969655437d,282
1683499969656017,1683499969656306d,289
1683499969663886,1683499969664139d,253
1683499969675897,1683499969676199d,302
1683499969683826,1683499969684121d,295
1683499969695905,1683499969696158d,253
1683499969707454,1683499969707779d,325
1683499969719415,1683499969719705d,290
1683499969731914,1683499969732231d,317
1683499969743918,1683499969744118d,200
1683499969751869,1683499969752171d,302
1683499969767961,1683499969768044d,83
1683499969770621,1683499969770871d,250
1683499969778572,1683499969778815d,243
1683499969786570,1683499969786821d,251
1683499969787398,1683499969787642d,244
1683499969795487,1683499969795781d,294
1683499969796392,1683499969796670d,278
1683499969797342,1683499969797467d,125
1683499969805513,1683499969805819d,306
1683499969806366,1683499969806625d,259
1683499969807263,1683499969807568d,305
1683499969815394,1683499969815671d,277
1683499969827525,1683499969827734d,209
1683499969835461,1683499969835635d,174
1683499969847454,1683499969847700d,246
1683499969848291,1683499969848560d,269
1683499969859431,1683499969859716d,285
1683499969860408,1683499969860624d,216
1683499969871200,1683499969871477d,277
1683499969878591,1683499969878888d,297
1683499969879603,1683499969879948d,345
1683499969886560,1683499969886823d,263
1683499969887471,1683499969887606d,135
1683499969888270,1683499969888558d,288
1683499969889320,1683499969889411d,91
1683499969895159,1683499969895480d,321
1683499969903794,1683499969904114d,320
1683499969904964,1683499969905265d,301
1683499969906006,1683499969906237d,231
1683499969906852,1683499969907104d,252
1683499969907822,1683499969907974d,152
1683499969908580,1683499969908773d,193
1683499969919166,1683499969919474d,308
1683499969925619,1683499969925932d,313
1683499969926698,1683499969926955d,257
1683499969927595,1683499969927828d,233
1683499969928448,1683499969928720d,272
1683499969936021,1683499969936102d,81
1683499969947902,1683499969948155d,253
1683499969964002,1683499969964099d,97
1683499969968023,1683499969968301d,278
1683499969979903,1683499969980174d,271
1683499969991815,1683499969992041d,226
1683499970004000,1683499970004235d,235
1683499970015935,1683499970016212d,277
1683499970032937,1683499970033296d,359
1683499970039502,1683499970039789d,287
1683499970047542,1683499970047722d,180
1683499970059466,1683499970059723d,257
1683499970060526,1683499970060866d,340
1683499970071578,1683499970071927d,349
1683499970072631,1683499970072901d,270
1683499970073734,1683499970074021d,287
1683499970074667,1683499970074880d,213
1683499970083693,1683499970084009d,316
1683499970091578,1683499970091905d,327
1683499970092538,1683499970092817d,279
1683499970102634,1683499970102942d,308
1683499970103588,1683499970103979d,391
1683499970115544,1683499970115792d,248
1683499970123341,1683499970123589d,248
1683499970124258,1683499970124483d,225
1683499970125051,1683499970125319d,268
1683499970135510,1683499970135795d,285
1683499970136429,1683499970136710d,281
1683499970143594,1683499970143923d,329
1683499970144867,1683499970145076d,209
1683499970151454,1683499970151754d,300
1683499970159498,1683499970159666d,168
1683499970171452,1683499970171634d,182
1683499970179470,1683499970179608d,138
1683499970180199,1683499970180461d,262
1683499970181110,1683499970181284d,174
1683499970181869,1683499970182127d,258
1683499970182854,1683499970182940d,86
1683499970188101,1683499970188158d,57
1683499970200092,1683499970200148d,56
1683499970212073,1683499970212115d,42
1683499970218352,1683499970218434d,82
1683499970219048,1683499970219326d,278
1683499970219902,1683499970220172d,270
1683499970220747,1683499970220991d,244
1683499970221539,1683499970221829d,290
1683499970222449,1683499970222678d,229
1683499970223227,1683499970223481d,254
1683499970235417,1683499970235717d,300
1683499970243533,1683499970243680d,147
1683499970248102,1683499970248387d,285
1683499970259529,1683499970259738d,209
1683499970267421,1683499970267696d,275
1683499970274540,1683499970274824d,284
1683499970282643,1683499970282938d,295
1683499970283833,1683499970284110d,277
1683499970291453,1683499970291859d,406
1683499970310320,1683499970310335d,15
1683499970315492,1683499970315726d,234
1683499970323423,1683499970323753d,330
1683499970324407,1683499970324682d,275
1683499970325269,1683499970325561d,292
1683499970326112,1683499970326425d,313
1683499970327142,1683499970327224d,82
1683499970336017,1683499970336075d,58
1683499970348085,1683499970348147d,62
1683499970360083,1683499970360137d,54
1683499970368097,1683499970368160d,63
1683499970374413,1683499970374508d,95
1683499970375382,1683499970375700d,318
1683499970376290,1683499970376630d,340
1683499970383733,1683499970384002d,269
1683499970384687,1683499970384962d,275
1683499970392320,1683499970392638d,318
1683499970403620,1683499970403997d,377
1683499970404700,1683499970404968d,268
1683499970419577,1683499970419880d,303
1683499970420506,1683499970420784d,278
1683499970431612,1683499970432267d,655
1683499970432974,1683499970433311d,337
1683499970439229,1683499970439488d,259
1683499970448216,1683499970448520d,304
1683499970459429,1683499970459696d,267
1683499970460330,1683499970460540d,210
1683499970461217,1683499970461391d,174
1683499970475630,1683499970475984d,354
1683499970480866,1683499970481182d,316
1683499970499392,1683499970499630d,238
1683499970500425,1683499970500701d,276
1683499970501330,1683499970501562d,232
1683499970502146,1683499970502442d,296
1683499970507486,1683499970507754d,268
1683499970508339,1683499970508711d,372
1683499970519949,1683499970520147d,198
1683499970530620,1683499970530791d,171
1683499970542638,1683499970542896d,258
1683499970551615,1683499970551991d,376
1683499970558403,1683499970558486d,83
1683499970559109,1683499970559366d,257
1683499970565053,1683499970565324d,271
1683499970576020,1683499970576190d,170
1683499970576893,1683499970577149d,256
1683499970583722,1683499970583999d,277
1683499970584633,1683499970584907d,274
1683499970594584,1683499970594956d,372
1683499970605030,1683499970605033d,3
1683499970615911,1683499970616243d,332
1683499970624010,1683499970624284d,274
1683499970635866,1683499970636149d,283
1683499970651987,1683499970652073d,86
1683499970659846,1683499970660117d,271
1683499970668077,1683499970668170d,93
1683499970675930,1683499970676157d,227
1683499970686599,1683499970686848d,249
1683499970698712,1683499970698996d,284
1683499970699855,1683499970700091d,236
1683499970711898,1683499970712183d,285
1683499970723863,1683499970724050d,187
1683499970735882,1683499970736155d,273
1683499970743805,1683499970744052d,247
1683499970751940,1683499970752184d,244
1683499970763839,1683499970764072d,233
1683499970774454,1683499970774546d,92
1683499970775202,1683499970775481d,279
1683499970781531,1683499970781860d,329
1683499970788013,1683499970788198d,185
1683499970800137,1683499970800210d,73
1683499970811911,1683499970812111d,200
1683499970819914,1683499970820132d,218
1683499970831621,1683499970831990d,369
1683499970842586,1683499970842887d,301
1683499970847925,1683499970848172d,247
1683499970855595,1683499970855905d,310
1683499970856508,1683499970856780d,272
1683499970857298,1683499970857534d,236
1683499970868162,1683499970868477d,315
1683499970869751,1683499970869927d,176
1683499970870479,1683499970870739d,260
1683499970871320,1683499970871555d,235
1683499970879589,1683499970880037d,448
1683499970884981,1683499970885394d,413
1683499970886006,1683499970886219d,213
1683499970891957,1683499970892163d,206
1683499970903984,1683499970904236d,252
1683499970911936,1683499970912207d,271
1683499970912899,1683499970913139d,240
1683499970913829,1683499970914009d,180
1683499970919601,1683499970919696d,95
1683499970920448,1683499970920604d,156
1683499970921413,1683499970921642d,229
1683499970922397,1683499970922570d,173
1683499970928060,1683499970928298d,238
1683499970939907,1683499970940153d,246
1683499970951951,1683499970952243d,292
1683499970963923,1683499970964197d,274
1683499970976141,1683499970976210d,69
1683499970995607,1683499970995974d,367
1683499971004263,1683499971004579d,316
1683499971012272,1683499971012620d,348
1683499971019939,1683499971020237d,298
1683499971030611,1683499971030942d,331
1683499971041454,1683499971041541d,87
1683499971047578,1683499971047831d,253
1683499971048579,1683499971048773d,194
1683499971063581,1683499971063892d,311
1683499971064650,1683499971064936d,286
1683499971065594,1683499971065861d,267
1683499971066531,1683499971066726d,195
1683499971078683,1683499971079019d,336
1683499971079845,1683499971080022d,177
1683499971091527,1683499971091849d,322
1683499971099448,1683499971099778d,330
1683499971100352,1683499971100613d,261
1683499971108120,1683499971108215d,95
1683499971119982,1683499971120275d,293
1683499971131867,1683499971132248d,381
1683499971144016,1683499971144219d,203
1683499971155975,1683499971156144d,169
1683499971169465,1683499971169554d,89
1683499971176209,1683499971176508d,299
1683499971177125,1683499971177394d,269
1683499971183439,1683499971183741d,302
1683499971191440,1683499971191669d,229
1683499971202688,1683499971202967d,279
1683499971204120,1683499971204256d,136
1683499971211991,1683499971212271d,280
1683499971212885,1683499971213160d,275
1683499971213842,1683499971213978d,136
1683499971214673,1683499971214776d,103
1683499971227625,1683499971227950d,325
1683499971234763,1683499971234965d,202
1683499971235793,1683499971235871d,78
1683499971246793,1683499971247103d,310
1683499971251922,1683499971252257d,335
1683499971252788,1683499971253081d,293
1683499971253701,1683499971253887d,186
1683499971254513,1683499971254832d,319
1683499971255438,1683499971255724d,286
1683499971256391,1683499971256600d,209
1683499971267526,1683499971267745d,219
1683499971268389,1683499971268671d,282
1683499971269335,1683499971269515d,180
1683499971270130,1683499971270414d,284
1683499971271129,1683499971271290d,161
1683499971276910,1683499971277011d,101
1683499971277689,1683499971277853d,164
1683499971287454,1683499971287751d,297
1683499971299554,1683499971299859d,305
1683499971310747,1683499971311038d,291
1683499971318572,1683499971318809d,237
1683499971319705,1683499971319980d,275
1683499971324859,1683499971325209d,350
1683499971325786,1683499971325981d,195
1683499971326934,1683499971327205d,271
1683499971327833,1683499971328114d,281
1683499971328960,1683499971329241d,281
1683499971347373,1683499971347664d,291
1683499971354510,1683499971354782d,272
1683499971366641,1683499971366790d,149
1683499971378689,1683499971378971d,282
1683499971387417,1683499971387736d,319
1683499971399359,1683499971399589d,230
1683499971400197,1683499971400450d,253
1683499971401011,1683499971401280d,269
1683499971401844,1683499971402116d,272
1683499971402678,1683499971402857d,179
1683499971403428,1683499971403658d,230
1683499971409188,1683499971409475d,287
1683499971416834,1683499971417162d,328
1683499971428118,1683499971428255d,137
1683499971435502,1683499971435807d,305
1683499971436370,1683499971436592d,222
1683499971443623,1683499971443870d,247
1683499971455415,1683499971455679d,264
1683499971467514,1683499971467771d,257
1683499971479421,1683499971479652d,231
1683499971480211,1683499971480435d,224
1683499971491303,1683499971491455d,152
1683499971500180,1683499971500183d,3
1683499971512066,1683499971512124d,58
1683499971520068,1683499971520109d,41
1683499971524182,1683499971524276d,94
1683499971531869,1683499971532068d,199
1683499971543959,1683499971544066d,107
1683499971556113,1683499971556179d,66
1683499971568078,1683499971568115d,37
1683499971574391,1683499971574434d,43
1683499971584054,1683499971584123d,69
1683499971594341,1683499971594425d,84
1683499971595475,1683499971595757d,282
1683499971603495,1683499971611947d,8452
1683499971623885,1683499971623950d,65
1683499971624731,1683499971625015d,284
1683499971625630,1683499971625785d,155
1683499971636064,1683499971636372d,308
1683499971647400,1683499971647708d,308
1683499971659494,1683499971659793d,299
1683499971671603,1683499971671882d,279
1683499971672641,1683499971672731d,90
1683499971673429,1683499971673684d,255
1683499971674604,1683499971674690d,86
1683499971679638,1683499971679845d,207
1683499971691557,1683499971691759d,202
1683499971699674,1683499971700010d,336
1683499971711732,1683499971712021d,289
1683499971719432,1683499971719621d,189
1683499971731401,1683499971735642d,4241
1683499971735670,1683499971736218d,548
1683499971736914,1683499971737196d,282
1683499971748056,1683499971748315d,259
1683499971755458,1683499971755614d,156
1683499971756249,1683499971756514d,265
1683499971757165,1683499971757375d,210
1683499971763627,1683499971763959d,332
1683499971775434,1683499971775690d,256
1683499971787438,1683499971787734d,296
1683499971795466,1683499971795721d,255
1683499971803398,1683499971803676d,278
1683499971804338,1683499971804665d,327
1683499971811480,1683499971811739d,259
1683499971823488,1683499971823726d,238
1683499971831465,1683499971831614d,149
1683499971839626,1683499971839957d,331
1683499971843930,1683499971844151d,221
1683499971856203,1683499971856283d,80
1683499971867988,1683499971868281d,293
1683499971875858,1683499971876104d,246
1683499971889027,1683499971889080d,53
1683499971899860,1683499971900108d,248
1683499971900761,1683499971900909d,148
1683499971912091,1683499971912380d,289
1683499971923842,1683499971924052d,210
1683499971935887,1683499971936164d,277
1683499971942645,1683499971942910d,265
1683499971954558,1683499971954814d,256
1683499971955512,1683499971955746d,234
1683499971956379,1683499971956648d,269
1683499971963419,1683499971963708d,289
1683499971975439,1683499971975699d,260
1683499971976254,1683499971976525d,271
1683499971988055,1683499971988298d,243
1683499971988917,1683499971989099d,182
1683499971989739,1683499971989935d,196
1683499971999414,1683499971999689d,275
1683499972011454,1683499972011663d,209
1683499972012372,1683499972012421d,49
1683499972013066,1683499972013352d,286
1683499972021126,1683499972021429d,303
1683499972029099,1683499972029370d,271
1683499972029922,1683499972030187d,265
1683499972032520,1683499972032592d,72
1683499972037213,1683499972037487d,274
1683499972038072,1683499972038316d,244
1683499972038844,1683499972039144d,300
1683499972039756,1683499972040016d,260
1683499972040611,1683499972040796d,185
1683499972051599,1683499972055983d,4384
1683499972056600,1683499972056868d,268
1683499972062581,1683499972062862d,281
1683499972067917,1683499972068223d,306
1683499972079915,1683499972080107d,192
1683499972087403,1683499972087658d,255
1683499972095438,1683499972095693d,255
1683499972096288,1683499972096544d,256
1683499972102560,1683499972102830d,270
1683499972115994,1683499972116085d,91
1683499972119811,1683499972120054d,243
1683499972120694,1683499972121009d,315
1683499972127374,1683499972127644d,270
1683499972135377,1683499972135641d,264
1683499972136257,1683499972136554d,297
1683499972137168,1683499972137359d,191
1683499972144857,1683499972145138d,281
1683499972145795,1683499972146027d,232
1683499972159592,1683499972159953d,361
1683499972162521,1683499972162834d,313
1683499972163369,1683499972163630d,261
1683499972164317,1683499972164598d,281
1683499972172116,1683499972172222d,106
1683499972183927,1683499972184116d,189
1683499972188855,1683499972189150d,295
1683499972195914,1683499972196233d,319
1683499972207939,1683499972208236d,297
1683499972220053,1683499972220224d,171
1683499972227947,1683499972228031d,84
1683499972235893,1683499972236183d,290
1683499972236760,1683499972236985d,225
1683499972244043,1683499972244126d,83
1683499972254616,1683499972254867d,251
1683499972264023,1683499972264084d,61
1683499972264791,1683499972265215d,424
1683499972265670,1683499972265996d,326
1683499972274647,1683499972274953d,306
1683499972275582,1683499972275907d,325
1683499972276533,1683499972276739d,206
1683499972277398,1683499972277669d,271
1683499972283542,1683499972283716d,174
1683499972296151,1683499972296255d,104
1683499972304841,1683499972305157d,316
1683499972310653,1683499972310906d,253
1683499972319126,1683499972319422d,296
1683499972320001,1683499972320276d,275
1683499972331448,1683499972331748d,300
1683499972339465,1683499972339822d,357
1683499972343948,1683499972344257d,309
1683499972355494,1683499972355735d,241
1683499972363411,1683499972363672d,261
1683499972374574,1683499972374849d,275
1683499972386538,1683499972386793d,255
1683499972387546,1683499972387819d,273
1683499972388436,1683499972388728d,292
1683499972389325,1683499972389610d,285
1683499972390320,1683499972390607d,287
1683499972391207,1683499972391483d,276
1683499972399395,1683499972399657d,262
1683499972411513,1683499972411764d,251
1683499972423431,1683499972423700d,269
1683499972424363,1683499972424647d,284
1683499972436331,1683499972436707d,376
1683499972437411,1683499972437589d,178
1683499972454312,1683499972454373d,61
1683499972455398,1683499972455672d,274
1683499972460864,1683499972461191d,327
1683499972468964,1683499972469251d,287
1683499972469841,1683499972470120d,279
1683499972470683,1683499972470970d,287
1683499972482606,1683499972482892d,286
1683499972490480,1683499972490753d,273
1683499972491412,1683499972491724d,312
1683499972492263,1683499972492541d,278
1683499972493245,1683499972493528d,283
1683499972502607,1683499972502900d,293
1683499972526450,1683499972526510d,60
1683499972532903,1683499972533215d,312
1683499972533838,1683499972534168d,330
1683499972534737,1683499972535015d,278
1683499972540809,1683499972541005d,196
1683499972541564,1683499972541876d,312
1683499972542472,1683499972542784d,312
1683499972551954,1683499972552208d,254
1683499972563420,1683499972563635d,215
1683499972564197,1683499972564482d,285
1683499972572287,1683499972572611d,324
1683499972573278,1683499972573490d,212
1683499972574077,1683499972574290d,213
1683499972583517,1683499972583800d,283
1683499972595419,1683499972595723d,304
1683499972596248,1683499972596529d,281
1683499972606731,1683499972607029d,298
1683499972612683,1683499972613012d,329
1683499972613628,1683499972613891d,263
1683499972623996,1683499972624059d,63
1683499972632170,1683499972632226d,56
1683499972644124,1683499972644212d,88
1683499972644849,1683499972645052d,203
1683499972645665,1683499972645938d,273
1683499972646510,1683499972646747d,237
1683499972647310,1683499972647591d,281
1683499972648251,1683499972648524d,273
1683499972649105,1683499972649369d,264
1683499972649941,1683499972650144d,203
1683499972659836,1683499972660090d,254
1683499972679618,1683499972679974d,356
1683499972680624,1683499972680915d,291
1683499972681536,1683499972681814d,278
1683499972691873,1683499972692069d,196
1683499972699922,1683499972700060d,138
1683499972700815,1683499972701093d,278
1683499972711887,1683499972719975d,8088
1683499972723914,1683499972724069d,155
1683499972736102,1683499972736180d,78
1683499972743441,1683499972743737d,296
1683499972744388,1683499972744646d,258
1683499972751679,1683499972751965d,286
1683499972760653,1683499972760744d,91
1683499972767409,1683499972767707d,298
1683499972779376,1683499972779641d,265
1683499972780320,1683499972780586d,266
1683499972787952,1683499972788222d,270
1683499972803608,1683499972804146d,538
1683499972804794,1683499972805079d,285
1683499972805665,1683499972805947d,282
1683499972806576,1683499972806847d,271
1683499972807566,1683499972807867d,301
1683499972812572,1683499972812861d,289
1683499972813502,1683499972813765d,263
1683499972814325,1683499972814601d,276
1683499972826620,1683499972826905d,285
1683499972838720,1683499972838997d,277
1683499972839704,1683499972839958d,254
1683499972840593,1683499972840884d,291
1683499972841522,1683499972841796d,274
1683499972851675,1683499972851936d,261
1683499972856840,1683499972857144d,304
1683499972871666,1683499972872106d,440
1683499972880909,1683499972881242d,333
1683499972887961,1683499972888015d,54
1683499972900116,1683499972900186d,70
1683499972912146,1683499972912190d,44
1683499972920170,1683499972920245d,75
1683499972924167,1683499972924259d,92
1683499972932307,1683499972932586d,279
1683499972951578,1683499972951952d,374
1683499972963580,1683499972964006d,426
1683499972964903,1683499972965180d,277
1683499972972364,1683499972972682d,318
1683499972973370,1683499972973636d,266
1683499972974346,1683499972974556d,210
1683499972975191,1683499972975504d,313
1683499972983316,1683499972983593d,277
1683499972991549,1683499972991722d,173
1683499973003900,1683499973004128d,228
1683499973011868,1683499973012153d,285
1683499973013078,1683499973013191d,113
1683499973023937,1683499973024093d,156
1683499973031847,1683499973032130d,283
1683499973042659,1683499973043084d,425
1683499973054558,1683499973054864d,306
1683499973063991,1683499973064108d,117
1683499973071196,1683499973071527d,331
1683499973072122,1683499973072447d,325
1683499973073048,1683499973073353d,305
1683499973074029,1683499973074208d,179
1683499973074798,1683499973075060d,262
1683499973075721,1683499973075938d,217
1683499973076539,1683499973076776d,237
1683499973077414,1683499973077751d,337
1683499973087608,1683499973087894d,286
1683499973094381,1683499973094411d,30
1683499973100133,1683499973100204d,71
1683499973108114,1683499973108179d,65
1683499973116139,1683499973116202d,63
1683499973124129,1683499973124207d,78
1683499973136136,1683499973136199d,63
1683499973144112,1683499973144181d,69
1683499973144796,1683499973145055d,259
1683499973145592,1683499973145878d,286
1683499973146499,1683499973146784d,285
1683499973155264,1683499973155574d,310
1683499973162779,1683499973163045d,266
1683499973174594,1683499973174882d,288
1683499973179884,1683499973179986d,102
1683499973180529,1683499973180820d,291
1683499973181366,1683499973181662d,296
1683499973182220,1683499973182475d,255
1683499973186624,1683499973186890d,266
1683499973199349,1683499973199616d,267
1683499973200236,1683499973200558d,322
1683499973201156,1683499973201315d,159
1683499973209983,1683499973210109d,126
1683499973216112,1683499973216222d,110
1683499973232889,1683499973233181d,292
1683499973239531,1683499973239651d,120
1683499973243924,1683499973244252d,328
1683499973244874,1683499973245266d,392
1683499973245880,1683499973246197d,317
1683499973251940,1683499973252211d,271
1683499973263858,1683499973264174d,316
1683499973271934,1683499973272205d,271
1683499973272889,1683499973273016d,127
1683499973273594,1683499973273750d,156
1683499973274377,1683499973274549d,172
1683499973283975,1683499973284300d,325
1683499973284836,1683499973285081d,245
1683499973285610,1683499973285942d,332
1683499973292681,1683499973292940d,259
1683499973298828,1683499973299115d,287
1683499973299822,1683499973300022d,200
1683499973307241,1683499973307496d,255
1683499973308124,1683499973308242d,118
1683499973308969,1683499973309163d,194
1683499973309710,1683499973309981d,271
1683499973316491,1683499973316713d,222
1683499973317243,1683499973317532d,289
1683499973318180,1683499973318364d,184
1683499973324012,1683499973324297d,285
1683499973331814,1683499973332068d,254
1683499973344519,1683499973344608d,89
1683499973349356,1683499973349614d,258
1683499973350312,1683499973350576d,264
1683499973359831,1683499973360168d,337
1683499973367848,1683499973368162d,314
1683499973379962,1683499973380232d,270
1683499973387443,1683499973387679d,236
1683499973388271,1683499973388459d,188
1683499973389139,1683499973389398d,259
1683499973390063,1683499973390320d,257
1683499973403585,1683499973403867d,282
1683499973411972,1683499973412030d,58
1683499973412886,1683499973412974d,88
1683499973413509,1683499973413797d,288
1683499973419806,1683499973420074d,268
1683499973427506,1683499973427689d,183
1683499973435524,1683499973435751d,227
1683499973436300,1683499973436575d,275
1683499973444930,1683499973445295d,365
1683499973445844,1683499973446040d,196
1683499973456090,1683499973456263d,173
1683499973463940,1683499973464121d,181
1683499973471147,1683499973471341d,194
1683499973471964,1683499973472148d,184
1683499973472746,1683499973473088d,342
1683499973473692,1683499973473951d,259
1683499973483431,1683499973483514d,83
1683499973494059,1683499973494142d,83
1683499973499465,1683499973499797d,332
1683499973500403,1683499973500601d,198
1683499973505217,1683499973505527d,310
1683499973512887,1683499973513160d,273
1683499973513727,1683499973513988d,261
1683499973518593,1683499973518973d,380
1683499973530524,1683499973530863d,339
1683499973531457,1683499973531706d,249
1683499973539971,1683499973540067d,96
1683499973540655,1683499973547952d,7297
1683499973548581,1683499973548787d,206
1683499973549322,1683499973549561d,239
1683499973550183,1683499973550363d,180
1683499973550846,1683499973551114d,268
1683499973563225,1683499973563412d,187
1683499973563939,1683499973564203d,264
1683499973564891,1683499973565043d,152
1683499973565576,1683499973565834d,258
1683499973574533,1683499973574805d,272
1683499973586567,1683499973586780d,213
1683499973587930,1683499973588122d,192
1683499973598247,1683499973598310d,63
