1683499974624997,1683499974628032d,3035
1683499974634472,1683499974635000d,528
1683499974644220,1683499974644985d,765
1683499974656966,1683499974657233d,267
1683499974668913,1683499974668994d,81
1683499974679826,1683499974679834d,8
1683499974680964,1683499974681062d,98
1683499974693047,1683499974693157d,110
1683499974699616,1683499974704992d,5376
1683499974705752,1683499974706141d,389
1683499974706961,1683499974707349d,388
1683499974716211,1683499974716555d,344
1683499974723484,1683499974724055d,571
1683499974735500,1683499974735886d,386
1683499974736555,1683499974736995d,440
1683499974744175,1683499974744580d,405
1683499974755272,1683499974755347d,75
1683499974767385,1683499974767480d,95
1683499974779328,1683499974783580d,4252
1683499974786750,1683499974787181d,431
1683499974792124,1683499974799330d,7206
1683499974803608,1683499974807390d,3782
1683499974817081,1683499974817169d,88
1683499974824248,1683499974824683d,435
1683499974825480,1683499974831797d,6317
1683499974832549,1683499974843216d,10667
1683499974843767,1683499974844204d,437
1683499974852061,1683499974852498d,437
1683499974853213,1683499974853991d,778
1683499974854643,1683499974855193d,550
1683499974862364,1683499974863637d,1273
1683499974872886,1683499974872956d,70
1683499974883771,1683499974883786d,15
1683499974891694,1683499974891702d,8
1683499974892269,1683499974893606d,1337
1683499974894101,1683499974894693d,592
1683499974900207,1683499974900691d,484
1683499974912211,1683499974912734d,523
1683499974923972,1683499974924378d,406
1683499974936255,1683499974936448d,193
1683499974937326,1683499974942596d,5270
1683499974950560,1683499974950660d,100
1683499974959713,1683499974959725d,12
1683499974960414,1683499974967286d,6872
1683499974979385,1683499974979496d,111
1683499974991667,1683499974991676d,9
1683499974992361,1683499974992768d,407
1683499974993510,1683499974993964d,454
1683499974994610,1683499974999314d,4704
1683499974999957,1683499975000392d,435
1683499975007991,1683499975007998d,7
1683499975008539,1683499975008897d,358
1683499975015692,1683499975015700d,8
1683499975016287,1683499975016657d,370
1683499975017413,1683499975027577d,10164
1683499975028023,1683499975028507d,484
1683499975035657,1683499975035664d,7
1683499975044258,1683499975044545d,287
1683499975056228,1683499975056590d,362
1683499975068334,1683499975079722d,11388
1683499975086329,1683499975092932d,6603
1683499975096184,1683499975096305d,121
1683499975097161,1683499975102531d,5370
1683499975111677,1683499975111684d,7
1683499975115501,1683499975115778d,277
1683499975120284,1683499975124605d,4321
1683499975136102,1683499975136544d,442
1683499975144130,1683499975144515d,385
1683499975155616,1683499975156437d,821
1683499975168172,1683499975168630d,458
1683499975169570,1683499975180385d,10815
1683499975192116,1683499975192583d,467
1683499975193293,1683499975203871d,10578
1683499975212145,1683499975212549d,404
1683499975220145,1683499975224378d,4233
1683499975232149,1683499975242516d,10367
1683499975243180,1683499975244289d,1109
1683499975246098,1683499975246558d,460
1683499975256337,1683499975256764d,427
1683499975268135,1683499975268518d,383
1683499975269310,1683499975269670d,360
1683499975274654,1683499975275091d,437
1683499975275800,1683499975276259d,459
1683499975292011,1683499975292285d,274
1683499975295310,1683499975295480d,170
1683499975296135,1683499975303062d,6927
1683499975313014,1683499975319585d,6571
1683499975320232,1683499975324228d,3996
1683499975324892,1683499975325521d,629
1683499975326007,1683499975326386d,379
1683499975327155,1683499975331709d,4554
1683499975332446,1683499975332844d,398
1683499975345091,1683499975345203d,112
1683499975351687,1683499975356398d,4711
1683499975368286,1683499975368419d,133
1683499975374495,1683499975379351d,4856
1683499975380107,1683499975387638d,7531
1683499975411650,1683499975411657d,7
1683499975423752,1683499975423759d,7
1683499975424399,1683499975431356d,6957
1683499975443377,1683499975443617d,240
1683499975451755,1683499975451763d,8
1683499975458300,1683499975459333d,1033
1683499975459952,1683499975460339d,387
1683499975469465,1683499975469875d,410
1683499975480155,1683499975480612d,457
1683499975492280,1683499975492664d,384
1683499975500309,1683499975507577d,7268
1683499975508239,1683499975508683d,444
1683499975515461,1683499975515748d,287
1683499975523752,1683499975523757d,5
1683499975529146,1683499975529190d,44
1683499975536067,1683499975536345d,278
1683499975548248,1683499975548603d,355
1683499975556294,1683499975560225d,3931
1683499975571914,1683499975571921d,7
1683499975572524,1683499975572851d,327
1683499975585041,1683499975585133d,92
1683499975597044,1683499975597307d,263
1683499975607683,1683499975607694d,11
1683499975619672,1683499975619683d,11
1683499975620302,1683499975620728d,426
1683499975632281,1683499975632971d,690
1683499975643510,1683499975643831d,321
1683499975644532,1683499975644958d,426
1683499975652167,1683499975652520d,353
1683499975659662,1683499975664148d,4486
1683499975664804,1683499975676259d,11455
1683499975676902,1683499975678416d,1514
1683499975679018,1683499975679456d,438
1683499975680093,1683499975680481d,388
1683499975688049,1683499975688848d,799
1683499975699442,1683499975699803d,361
1683499975711426,1683499975711855d,429
1683499975724025,1683499975724665d,640
1683499975735423,1683499975736303d,880
1683499975747953,1683499975747961d,8
1683499975750365,1683499975759604d,9239
1683499975760020,1683499975760558d,538
1683499975768064,1683499975768635d,571
1683499975779512,1683499975779740d,228
1683499975791413,1683499975791760d,347
1683499975803405,1683499975803681d,276
1683499975804336,1683499975814825d,10489
1683499975824087,1683499975824502d,415
1683499975825218,1683499975837275d,12057
1683499975838093,1683499975838432d,339
1683499975846722,1683499975846759d,37
1683499975847378,1683499975856308d,8930
1683499975863629,1683499975867662d,4033
1683499975876189,1683499975876603d,414
1683499975885521,1683499975891590d,6069
1683499975892297,1683499975892666d,369
1683499975893376,1683499975893748d,372
1683499975899319,1683499975899424d,105
1683499975911682,1683499975911690d,8
1683499975919781,1683499975919789d,8
1683499975922484,1683499975922587d,103
1683499975927390,1683499975927766d,376
1683499975935673,1683499975935812d,139
1683499975944159,1683499975946575d,2416
1683499975947121,1683499975956513d,9392
1683499975964060,1683499975964711d,651
1683499975975993,1683499975976536d,543
1683499975987576,1683499975987952d,376
1683499975997138,1683499975997188d,50
1683499976008888,1683499976009085d,197
1683499976020945,1683499976021166d,221
1683499976031785,1683499976031794d,9
1683499976032366,1683499976038791d,6425
1683499976047781,1683499976047788d,7
1683499976059663,1683499976059672d,9
1683499976071691,1683499976071699d,8
1683499976079762,1683499976079769d,7
1683499976080397,1683499976080813d,416
1683499976081441,1683499976081903d,462
1683499976088338,1683499976088722d,384
1683499976096288,1683499976096842d,554
1683499976111883,1683499976111891d,8
1683499976117117,1683499976117188d,71
1683499976128045,1683499976128053d,8
1683499976138445,1683499976138667d,222
1683499976147676,1683499976147684d,8
1683499976155697,1683499976155705d,8
1683499976167784,1683499976167792d,8
1683499976168351,1683499976168698d,347
1683499976176998,1683499976179265d,2267
1683499976189080,1683499976189192d,112
1683499976199660,1683499976203370d,3710
1683499976207620,1683499976214807d,7187
1683499976225089,1683499976225211d,122
1683499976227372,1683499976236916d,9544
1683499976243777,1683499976243787d,10
1683499976244434,1683499976244995d,561
1683499976245571,1683499976257115d,11544
1683499976257906,1683499976258214d,308
1683499976269537,1683499976269926d,389
1683499976281090,1683499976281136d,46
1683499976292907,1683499976293145d,238
1683499976299721,1683499976299728d,7
1683499976307783,1683499976307790d,7
1683499976308361,1683499976314546d,6185
1683499976315187,1683499976315777d,590
1683499976325166,1683499976331583d,6417
1683499976335330,1683499976339379d,4049
1683499976339960,1683499976340361d,401
1683499976351509,1683499976352390d,881
1683499976364170,1683499976364657d,487
1683499976371324,1683499976371388d,64
1683499976380329,1683499976383709d,3380
1683499976392143,1683499976392562d,419
1683499976401347,1683499976403462d,2115
1683499976404193,1683499976410894d,6701
1683499976411510,1683499976411898d,388
1683499976424176,1683499976424614d,438
1683499976436324,1683499976436832d,508
1683499976443453,1683499976454470d,11017
1683499976455183,1683499976456006d,823
1683499976459450,1683499976463323d,3873
1683499976471724,1683499976471738d,14
1683499976472436,1683499976476296d,3860
1683499976488276,1683499976488405d,129
1683499976507798,1683499976507809d,11
1683499976508364,1683499976508745d,381
1683499976519425,1683499976519817d,392
1683499976531522,1683499976531821d,299
1683499976539446,1683499976539846d,400
1683499976540552,1683499976541115d,563
1683499976553120,1683499976553189d,69
1683499976564979,1683499976565138d,159
1683499976576851,1683499976577108d,257
1683499976588019,1683499976599593d,11574
1683499976600108,1683499976600454d,346
1683499976601249,1683499976601612d,363
1683499976602473,1683499976603073d,600
1683499976611509,1683499976611900d,391
1683499976612585,1683499976612959d,374
1683499976624523,1683499976625078d,555
1683499976631528,1683499976632381d,853
1683499976643799,1683499976643808d,9
1683499976651500,1683499976651807d,307
1683499976652470,1683499976652952d,482
1683499976653628,1683499976653979d,351
1683499976665063,1683499976665155d,92
1683499976665873,1683499976666293d,420
1683499976676281,1683499976676695d,414
1683499976687314,1683499976687426d,112
1683499976699324,1683499976699798d,474
1683499976711725,1683499976711734d,9
1683499976712288,1683499976712680d,392
1683499976720252,1683499976720807d,555
1683499976731574,1683499976731787d,213
1683499976739457,1683499976739743d,286
1683499976749086,1683499976749178d,92
1683499976761079,1683499976761271d,192
1683499976772087,1683499976772555d,468
1683499976783308,1683499976783466d,158
1683499976792095,1683499976792550d,455
1683499976811785,1683499976811794d,9
1683499976823753,1683499976823766d,13
1683499976824246,1683499976824723d,477
1683499976825399,1683499976826183d,784
1683499976831407,1683499976835405d,3998
1683499976851772,1683499976851783d,11
1683499976852303,1683499976855134d,2831
1683499976864185,1683499976864661d,476
1683499976865399,1683499976865883d,484
1683499976866699,1683499976867065d,366
1683499976879300,1683499976879489d,189
1683499976888310,1683499976899605d,11295
1683499976900069,1683499976900640d,571
1683499976901360,1683499976901740d,380
1683499976913468,1683499976913864d,396
1683499976919344,1683499976919407d,63
1683499976931369,1683499976931512d,143
1683499976943764,1683499976943771d,7
1683499976944359,1683499976944727d,368
1683499976953527,1683499976954217d,690
1683499976958509,1683499976958648d,139
1683499976959316,1683499976966755d,7439
1683499976976127,1683499976976587d,460
1683499976977335,1683499976977699d,364
1683499976988240,1683499976988639d,399
1683499976999343,1683499976999522d,179
1683499977007562,1683499977011074d,3512
1683499977011599,1683499977012084d,485
1683499977021026,1683499977021268d,242
1683499977024308,1683499977024680d,372
1683499977043987,1683499977043995d,8
1683499977046496,1683499977046893d,397
1683499977055419,1683499977055745d,326
1683499977066539,1683499977075641d,9102
1683499977076113,1683499977076569d,456
1683499977077226,1683499977077676d,450
1683499977088423,1683499977088971d,548
1683499977089615,1683499977107595d,17980
1683499977108219,1683499977118477d,10258
1683499977130514,1683499977139591d,9077
1683499977142549,1683499977142637d,88
1683499977143224,1683499977143745d,521
1683499977155806,1683499977155812d,6
1683499977156278,1683499977156772d,494
1683499977163496,1683499977168400d,4904
1683499977175454,1683499977175714d,260
1683499977188202,1683499977188607d,405
1683499977196287,1683499977196741d,454
1683499977208249,1683499977208734d,485
1683499977220241,1683499977220781d,540
1683499977232319,1683499977232838d,519
1683499977239484,1683499977239798d,314
1683499977251910,1683499977251917d,7
1683499977259779,1683499977259786d,7
1683499977264320,1683499977264666d,346
1683499977276238,1683499977276681d,443
1683499977277727,1683499977288219d,10492
1683499977300099,1683499977300533d,434
1683499977301220,1683499977301690d,470
1683499977302446,1683499977302833d,387
1683499977310460,1683499977315590d,5130
1683499977316104,1683499977316493d,389
1683499977328119,1683499977328560d,441
1683499977329402,1683499977335589d,6187
1683499977336205,1683499977336537d,332
1683499977345090,1683499977345170d,80
1683499977352107,1683499977352524d,417
1683499977363633,1683499977363907d,274
1683499977371696,1683499977371713d,17
1683499977379786,1683499977379794d,8
1683499977380360,1683499977386533d,6173
1683499977395685,1683499977395692d,7
1683499977401063,1683499977408335d,7272
1683499977416086,1683499977416545d,459
1683499977427722,1683499977427730d,8
1683499977435782,1683499977435791d,9
1683499977447716,1683499977447726d,10
1683499977459928,1683499977459951d,23
1683499977464180,1683499977464680d,500
1683499977465317,1683499977465819d,502
1683499977477091,1683499977483590d,6499
1683499977484153,1683499977484607d,454
1683499977496221,1683499977496694d,473
1683499977506542,1683499977506551d,9
1683499977518316,1683499977518549d,233
1683499977530318,1683499977530493d,175
1683499977542273,1683499977542457d,184
1683499977550502,1683499977550692d,190
1683499977555686,1683499977555704d,18
1683499977563748,1683499977563886d,138
1683499977564559,1683499977583592d,19033
1683499977584217,1683499977584836d,619
1683499977585656,1683499977586222d,566
1683499977591465,1683499977591723d,258
1683499977592478,1683499977601205d,8727
1683499977611716,1683499977611723d,7
1683499977623695,1683499977623712d,17
1683499977635772,1683499977635780d,8
1683499977636314,1683499977636769d,455
1683499977649058,1683499977649130d,72
1683499977660894,1683499977661129d,235
1683499977670805,1683499977678328d,7523
1683499977683397,1683499977683531d,134
1683499977694809,1683499977695188d,379
1683499977712102,1683499977712120d,18
1683499977712674,1683499977713109d,435
1683499977724338,1683499977724739d,401
1683499977731490,1683499977731849d,359
1683499977741069,1683499977741164d,95
1683499977752914,1683499977753148d,234
1683499977753854,1683499977754239d,385
1683499977762517,1683499977767600d,5083
1683499977768094,1683499977768450d,356
1683499977777086,1683499977777168d,82
1683499977783736,1683499977783788d,52
1683499977784505,1683499977796851d,12346
1683499977797380,1683499977797793d,413
1683499977807263,1683499977807421d,158
1683499977808153,1683499977808526d,373
1683499977818452,1683499977818505d,53
1683499977819136,1683499977819496d,360
1683499977830492,1683499977830627d,135
1683499977842350,1683499977842554d,204
1683499977854370,1683499977854541d,171
1683499977866295,1683499977866547d,252
1683499977867130,1683499977867521d,391
1683499977878602,1683499977890380d,11778
1683499977902280,1683499977902620d,340
1683499977903255,1683499977914799d,11544
1683499977919716,1683499977919729d,13
1683499977931803,1683499977931810d,7
1683499977940316,1683499977940864d,548
1683499977952301,1683499977952681d,380
1683499977964332,1683499977965012d,680
1683499977975599,1683499977975868d,269
1683499977988115,1683499977989644d,1529
1683499977999467,1683499977999711d,244
1683499978000328,1683499978000877d,549
1683499978009062,1683499978011315d,2253
1683499978012199,1683499978012726d,527
1683499978024170,1683499978024865d,695
1683499978036188,1683499978043581d,7393
1683499978045064,1683499978045202d,138
1683499978055461,1683499978055794d,333
1683499978060337,1683499978065073d,4736
1683499978072097,1683499978072527d,430
1683499978079453,1683499978079792d,339
1683499978092444,1683499978093149d,705
1683499978104294,1683499978104719d,425
1683499978105332,1683499978105784d,452
1683499978115471,1683499978116031d,560
1683499978123451,1683499978123778d,327
1683499978124469,1683499978124850d,381
1683499978125608,1683499978126017d,409
1683499978136078,1683499978136644d,566
1683499978137226,1683499978137841d,615
1683499978138333,1683499978138724d,391
1683499978139424,1683499978139805d,381
1683499978152022,1683499978152030d,8
1683499978158286,1683499978158505d,219
1683499978170314,1683499978170501d,187
1683499978175805,1683499978175811d,6
1683499978176342,1683499978176763d,421
1683499978184273,1683499978184626d,353
1683499978192281,1683499978192870d,589
1683499978204255,1683499978211835d,7580
1683499978216262,1683499978216836d,574
1683499978227712,1683499978227725d,13
1683499978239697,1683499978239704d,7
1683499978251776,1683499978251782d,6
1683499978252294,1683499978252716d,422
1683499978263793,1683499978263801d,8
1683499978264312,1683499978264848d,536
1683499978275688,1683499978275696d,8
1683499978287806,1683499978287813d,7
1683499978288409,1683499978288845d,436
1683499978289523,1683499978294829d,5306
1683499978304338,1683499978304806d,468
1683499978305534,1683499978306014d,480
1683499978324060,1683499978324071d,11
1683499978324744,1683499978325199d,455
1683499978325896,1683499978326315d,419
1683499978327034,1683499978327461d,427
1683499978339789,1683499978339801d,12
1683499978340333,1683499978340969d,636
1683499978351597,1683499978351607d,10
1683499978363366,1683499978363517d,151
1683499978370261,1683499978370498d,237
1683499978379609,1683499978382803d,3194
1683499978383559,1683499978383969d,410
1683499978395571,1683499978395773d,202
1683499978407480,1683499978407976d,496
1683499978408571,1683499978408978d,407
1683499978409668,1683499978410113d,445
1683499978422470,1683499978422547d,77
1683499978423188,1683499978427334d,4146
1683499978439366,1683499978439514d,148
1683499978449131,1683499978449138d,7
1683499978460927,1683499978467587d,6660
1683499978473131,1683499978473274d,143
1683499978483727,1683499978483734d,7
1683499978484296,1683499978484790d,494
1683499978485565,1683499978486173d,608
1683499978486889,1683499978487272d,383
1683499978496080,1683499978496620d,540
1683499978502378,1683499978511746d,9368
1683499978512249,1683499978512742d,493
1683499978513415,1683499978514047d,632
1683499978514554,1683499978514910d,356
1683499978515658,1683499978516016d,358
1683499978539754,1683499978539760d,6
1683499978540278,1683499978540712d,434
1683499978541430,1683499978541791d,361
1683499978542512,1683499978552309d,9797
1683499978553098,1683499978553524d,426
1683499978564075,1683499978564594d,519
1683499978565239,1683499978576416d,11177
1683499978584118,1683499978584542d,424
1683499978585203,1683499978596407d,11204
1683499978603144,1683499978603514d,370
1683499978611290,1683499978615582d,4292
1683499978616150,1683499978616661d,511
1683499978628164,1683499978628666d,502
1683499978629351,1683499978635785d,6434
1683499978636419,1683499978636904d,485
1683499978637567,1683499978637970d,403
1683499978643417,1683499978643959d,542
1683499978651402,1683499978651768d,366
1683499978658308,1683499978658510d,202
1683499978667761,1683499978667767d,6
1683499978671481,1683499978671749d,268
1683499978672349,1683499978672827d,478
1683499978679293,1683499978679499d,206
1683499978687371,1683499978687384d,13
1683499978696119,1683499978696600d,481
1683499978704077,1683499978704451d,374
1683499978705115,1683499978705649d,534
1683499978716112,1683499978723739d,7627
1683499978731600,1683499978731625d,25
1683499978732370,1683499978732761d,391
1683499978741106,1683499978741217d,111
1683499978751780,1683499978751791d,11
1683499978752299,1683499978762940d,10641
1683499978763699,1683499978764271d,572
1683499978775798,1683499978775809d,11
1683499978780238,1683499978780537d,299
1683499978792174,1683499978792853d,679
1683499978793292,1683499978793731d,439
1683499978803315,1683499978803435d,120
1683499978811772,1683499978811778d,6
1683499978812325,1683499978819393d,7068
1683499978820032,1683499978821318d,1286
1683499978826345,1683499978832395d,6050
1683499978840038,1683499978840427d,389
1683499978851512,1683499978851873d,361
1683499978859774,1683499978859779d,5
1683499978860318,1683499978860790d,472
1683499978868261,1683499978875657d,7396
1683499978876381,1683499978876770d,389
1683499978884071,1683499978884536d,465
1683499978892123,1683499978903400d,11277
1683499978911690,1683499978911697d,7
1683499978919694,1683499978919703d,9
1683499978920277,1683499978920845d,568
1683499978927420,1683499978928263d,843
1683499978947697,1683499978947708d,11
1683499978955759,1683499978955765d,6
1683499978956278,1683499978962873d,6595
1683499978968350,1683499978968774d,424
1683499978987685,1683499978987692d,7
1683499978988279,1683499978988818d,539
1683499979000070,1683499979000711d,641
1683499979001349,1683499979007577d,6228
1683499979013112,1683499979013203d,91
1683499979024987,1683499979025184d,197
1683499979027517,1683499979027827d,310
1683499979028541,1683499979028969d,428
1683499979041117,1683499979041211d,94
1683499979044283,1683499979044740d,457
1683499979056173,1683499979056696d,523
1683499979064172,1683499979064682d,510
1683499979076164,1683499979076651d,487
1683499979087493,1683499979087975d,482
1683499979104083,1683499979104090d,7
1683499979104616,1683499979105038d,422
1683499979105588,1683499979111112d,5524
1683499979112170,1683499979121092d,8922
1683499979132985,1683499979133187d,202
1683499979133787,1683499979138501d,4714
1683499979143519,1683499979143826d,307
1683499979155306,1683499979155557d,251
1683499979156191,1683499979156696d,505
1683499979163554,1683499979175586d,12032
1683499979176276,1683499979177008d,732
1683499979184305,1683499979195726d,11421
1683499979196488,1683499979196800d,312
1683499979208169,1683499979208596d,427
1683499979209344,1683499979210000d,656
1683499979216369,1683499979227665d,11296
1683499979228387,1683499979240475d,12088
1683499979248960,1683499979259585d,10625
1683499979260904,1683499979261131d,227
1683499979272917,1683499979273080d,163
1683499979284930,1683499979285197d,267
1683499979287157,1683499979287558d,401
1683499979296081,1683499979296378d,297
1683499979308059,1683499979308571d,512
1683499979319366,1683499979319545d,179
1683499979320415,1683499979320827d,412
1683499979331472,1683499979331753d,281
1683499979344129,1683499979344518d,389
1683499979350314,1683499979351086d,772
1683499979351631,1683499979351996d,365
1683499979358446,1683499979358590d,144
1683499979359189,1683499979359730d,541
1683499979367689,1683499979367695d,6
1683499979375765,1683499979375772d,7
1683499979384058,1683499979384629d,571
1683499979395281,1683499979395439d,158
1683499979407268,1683499979407433d,165
1683499979419509,1683499979419861d,352
1683499979431525,1683499979431794d,269
1683499979443271,1683499979447587d,4316
1683499979458676,1683499979458784d,108
1683499979459380,1683499979463722d,4342
1683499979475654,1683499979475922d,268
1683499979487514,1683499979487903d,389
1683499979488665,1683499979489065d,400
1683499979501058,1683499979501190d,132
1683499979511704,1683499979511714d,10
1683499979523787,1683499979523795d,8
1683499979524323,1683499979524819d,496
1683499979536317,1683499979536805d,488
1683499979548301,1683499979549192d,891
1683499979559672,1683499979559677d,5
1683499979561389,1683499979561828d,439
1683499979562554,1683499979567586d,5032
1683499979568017,1683499979574919d,6902
1683499979582468,1683499979583160d,692
1683499979587706,1683499979589203d,1497
1683499979598296,1683499979598528d,232
1683499979599160,1683499979599585d,425
1683499979606385,1683499979606479d,94
1683499979614295,1683499979617230d,2935
1683499979617816,1683499979618238d,422
1683499979640851,1683499979641037d,186
1683499979647786,1683499979647792d,6
1683499979648376,1683499979648712d,336
1683499979649485,1683499979649923d,438
1683499979656139,1683499979656485d,346
1683499979663682,1683499979671591d,7909
1683499979672081,1683499979672511d,430
1683499979683750,1683499979683758d,8
1683499979684317,1683499979686447d,2130
1683499979691657,1683499979694473d,2816
1683499979695053,1683499979695475d,422
1683499979703677,1683499979703683d,6
1683499979711748,1683499979711754d,6
1683499979721092,1683499979721164d,72
1683499979732915,1683499979733169d,254
1683499979733814,1683499979734355d,541
1683499979743446,1683499979743799d,353
1683499979756099,1683499979756607d,508
1683499979765361,1683499979768347d,2986
1683499979774527,1683499979774651d,124
1683499979775303,1683499979775755d,452
1683499979785447,1683499979785886d,439
1683499979786608,1683499979787219d,611
1683499979791445,1683499979791774d,329
1683499979800242,1683499979801495d,1253
1683499979819695,1683499979819712d,17
1683499979831775,1683499979831790d,15
1683499979832362,1683499979832795d,433
1683499979840296,1683499979840683d,387
1683499979851524,1683499979851824d,300
1683499979862564,1683499979862574d,10
1683499979871701,1683499979871709d,8
1683499979883802,1683499979883811d,9
1683499979884359,1683499979884821d,462
1683499979895587,1683499979896479d,892
1683499979897268,1683499979898185d,917
1683499979898906,1683499979907837d,8931
1683499979920110,1683499979920756d,646
1683499979921286,1683499979921658d,372
1683499979922511,1683499979922855d,344
1683499979923634,1683499979924165d,531
1683499979935667,1683499979935768d,101
1683499979942480,1683499979942545d,65
1683499979950230,1683499979953011d,2781
1683499979959489,1683499979959725d,236
1683499979969079,1683499979979689d,10610
1683499979980957,1683499979981133d,176
1683499979992126,1683499979992523d,397
1683499980002443,1683499980002488d,45
1683499980007609,1683499980008444d,835
1683499980019359,1683499980019494d,135
1683499980031778,1683499980031789d,11
1683499980032445,1683499980032824d,379
1683499980033648,1683499980034018d,370
1683499980044387,1683499980044900d,513
1683499980057223,1683499980057394d,171
1683499980063627,1683499980063727d,100
1683499980080034,1683499980080043d,9
1683499980080607,1683499980081078d,471
1683499980086381,1683499980091674d,5293
1683499980092178,1683499980092548d,370
1683499980099755,1683499980099762d,7
1683499980111805,1683499980111811d,6
1683499980112546,1683499980112829d,283
1683499980123509,1683499980125049d,1540
1683499980125743,1683499980126184d,441
1683499980135354,1683499980135513d,159
1683499980139612,1683499980140702d,1090
1683499980147934,1683499980147942d,8
1683499980148483,1683499980148972d,489
1683499980155651,1683499980163825d,8174
1683499980175787,1683499980175798d,11
1683499980181024,1683499980182532d,1508
1683499980183195,1683499980190600d,7405
1683499980192292,1683499980192856d,564
1683499980201382,1683499980207601d,6219
1683499980208082,1683499980208837d,755
1683499980209580,1683499980210379d,799
1683499980210932,1683499980211464d,532
1683499980219785,1683499980219793d,8
1683499980223584,1683499980224352d,768
1683499980231716,1683499980231725d,9
1683499980232381,1683499980232925d,544
1683499980244350,1683499980244863d,513
1683499980268854,1683499980269035d,181
1683499980280968,1683499980281101d,133
1683499980292135,1683499980292903d,768
1683499980293258,1683499980311689d,18431
1683499980312201,1683499980312937d,736
1683499980330385,1683499980330570d,185
1683499980335821,1683499980335828d,7
1683499980336498,1683499980337166d,668
1683499980343301,1683499980343562d,261
1683499980355605,1683499980355958d,353
1683499980368183,1683499980375610d,7427
1683499980378313,1683499980378576d,263
1683499980379260,1683499980383949d,4689
1683499980403917,1683499980403931d,14
1683499980406489,1683499980412934d,6445
1683499980424982,1683499980425165d,183
1683499980425725,1683499980426665d,940
1683499980427597,1683499980429001d,1404
1683499980429647,1683499980430123d,476
1683499980430902,1683499980439157d,8255
1683499980450525,1683499980461291d,10766
1683499980461846,1683499980462370d,524
1683499980474389,1683499980483611d,9222
1683499980484046,1683499980484620d,574
1683499980494443,1683499980494573d,130
1683499980498986,1683499980499490d,504
1683499980509103,1683499980509506d,403
1683499980510106,1683499980515494d,5388
1683499980516417,1683499980523658d,7241
1683499980524377,1683499980524884d,507
1683499980525883,1683499980526483d,600
1683499980537651,1683499980547598d,9947
1683499980548522,1683499980549109d,587
1683499980550091,1683499980554915d,4824
1683499980555643,1683499980556076d,433
1683499980567565,1683499980568134d,569
1683499980568859,1683499980569208d,349
1683499980570058,1683499980579016d,8958
1683499980579679,1683499980583566d,3887
1683499980595417,1683499980595577d,160
1683499980607778,1683499980608094d,316
1683499980608902,1683499980609251d,349
1683499980610354,1683499980610700d,346
1683499980621523,1683499980627595d,6072
1683499980633065,1683499980633156d,91
1683499980644914,1683499980645121d,207
1683499980651372,1683499980651459d,87
1683499980663275,1683499980672027d,8752
1683499980672976,1683499980673575d,599
1683499980685061,1683499980685193d,132
1683499980696911,1683499980703608d,6697
1683499980708852,1683499980711612d,2760
1683499980712553,1683499980723024d,10471
1683499980723931,1683499980724246d,315
1683499980736347,1683499980736792d,445
1683499980744811,1683499980745032d,221
1683499980754805,1683499980767609d,12804
1683499980768291,1683499980769294d,1003
1683499980781016,1683499980781102d,86
1683499980792900,1683499980793079d,179
1683499980803758,1683499980803767d,9
1683499980815689,1683499980815696d,7
1683499980817502,1683499980817510d,8
1683499980824365,1683499980831608d,7243
1683499980832669,1683499980842483d,9814
1683499980843990,1683499980844330d,340
1683499980856987,1683499980857831d,844
1683499980859076,1683499980859482d,406
1683499980864386,1683499980865068d,682
1683499980866688,1683499980867150d,462
1683499980868370,1683499980868617d,247
1683499980869347,1683499980869963d,616
1683499980880279,1683499980880873d,594
1683499980888485,1683499980889240d,755
1683499980889758,1683499980890270d,512
1683499980899825,1683499980899836d,11
1683499980900846,1683499980901570d,724
1683499980912900,1683499980913106d,206
1683499980919679,1683499980920098d,419
1683499980920683,1683499980921196d,513
1683499980932278,1683499980933513d,1235
1683499980934033,1683499980934507d,474
1683499980946928,1683499980946944d,16
1683499980954529,1683499980954848d,319
1683499980955617,1683499980955963d,346
1683499980964355,1683499980964836d,481
1683499980965800,1683499980966274d,474
1683499980971565,1683499980971975d,410
1683499980982577,1683499980982601d,24
1683499980987797,1683499980987806d,9
1683499980988457,1683499980988998d,541
1683499981001042,1683499981001143d,101
1683499981001813,1683499981002310d,497
1683499981003029,1683499981014515d,11486
1683499981015154,1683499981015636d,482
1683499981016542,1683499981016954d,412
1683499981027572,1683499981027664d,92
1683499981035507,1683499981035847d,340
1683499981047547,1683499981056981d,9434
1683499981068908,1683499981069176d,268
1683499981075705,1683499981075722d,17
1683499981084796,1683499981085430d,634
1683499981086044,1683499981086694d,650
1683499981094381,1683499981103590d,9209
1683499981104163,1683499981104556d,393
1683499981112031,1683499981112042d,11
1683499981119474,1683499981119604d,130
1683499981127675,1683499981128026d,351
1683499981135719,1683499981135836d,117
1683499981143779,1683499981143785d,6
1683499981144369,1683499981145009d,640
1683499981145669,1683499981146313d,644
1683499981154719,1683499981155152d,433
1683499981159701,1683499981159709d,8
1683499981167785,1683499981167793d,8
1683499981173045,1683499981173156d,111
1683499981184957,1683499981185180d,223
1683499981185905,1683499981186422d,517
1683499981187122,1683499981191456d,4334
1683499981201026,1683499981201347d,321
1683499981212903,1683499981213152d,249
1683499981224942,1683499981225218d,276
1683499981232983,1683499981233219d,236
1683499981240151,1683499981240621d,470
1683499981241468,1683499981242017d,549
1683499981254400,1683499981254662d,262
1683499981255775,1683499981256478d,703
1683499981257042,1683499981257761d,719
1683499981258492,1683499981271602d,13110
1683499981278784,1683499981278792d,8
1683499981290453,1683499981290742d,289
1683499981291520,1683499981300226d,8706
1683499981311726,1683499981311737d,11
1683499981323861,1683499981323873d,12
1683499981335716,1683499981335732d,16
1683499981336696,1683499981337136d,440
1683499981338018,1683499981338658d,640
1683499981339597,1683499981340316d,719
1683499981347709,1683499981347717d,8
1683499981359840,1683499981359853d,13
1683499981371737,1683499981371749d,12
1683499981379638,1683499981383785d,4147
1683499981396339,1683499981396829d,490
1683499981408906,1683499981409138d,232
1683499981411248,1683499981411509d,261
1683499981412330,1683499981419589d,7259
1683499981420437,1683499981420800d,363
1683499981433044,1683499981433113d,69
1683499981444614,1683499981445206d,592
1683499981446026,1683499981446494d,468
1683499981455741,1683499981455751d,10
1683499981463478,1683499981463485d,7
1683499981475489,1683499981487527d,12038
1683499981498677,1683499981499039d,362
1683499981509216,1683499981509317d,101
1683499981510025,1683499981510714d,689
1683499981515653,1683499981516187d,534
1683499981524393,1683499981524908d,515
1683499981536961,1683499981537178d,217
1683499981549037,1683499981549221d,184
1683499981550140,1683499981550917d,777
1683499981562576,1683499981562617d,41
1683499981563312,1683499981564004d,692
1683499981575739,1683499981576094d,355
1683499981588418,1683499981589091d,673
1683499981600969,1683499981601361d,392
1683499981613457,1683499981613466d,9
1683499981624946,1683499981625349d,403
1683499981626272,1683499981626781d,509
1683499981635381,1683499981635595d,214
1683499981644371,1683499981644891d,520
1683499981657024,1683499981657358d,334
1683499981658310,1683499981658976d,666
1683499981666382,1683499981666621d,239
1683499981667466,1683499981668032d,566
1683499981669097,1683499981669886d,789
1683499981681120,1683499981681174d,54
1683499981691724,1683499981691734d,10
1683499981692579,1683499981700290d,7711
1683499981701293,1683499981701681d,388
1683499981711566,1683499981711983d,417
1683499981723489,1683499981723904d,415
1683499981735716,1683499981735728d,12
1683499981746302,1683499981746548d,246
1683499981747253,1683499981747902d,649
1683499981748788,1683499981749483d,695
1683499981758552,1683499981758990d,438
1683499981759855,1683499981760227d,372
1683499981768225,1683499981772353d,4128
1683499981784228,1683499981784422d,194
1683499981795717,1683499981795726d,9
1683499981797019,1683499981808982d,11963
1683499981809972,1683499981810570d,598
1683499981811385,1683499981812027d,642
1683499981812780,1683499981813316d,536
1683499981824075,1683499981824085d,10
1683499981830408,1683499981830506d,98
1683499981831981,1683499981832426d,445
1683499981840298,1683499981840817d,519
1683499981841686,1683499981847587d,5901
1683499981859291,1683499981859512d,221
1683499981860249,1683499981860722d,473
1683499981867580,1683499981868426d,846
1683499981869308,1683499981869743d,435
1683499981879915,1683499981879922d,7
1683499981884934,1683499981885188d,254
1683499981885890,1683499981895926d,10036
1683499981896418,1683499981896953d,535
1683499981908927,1683499981909188d,261
1683499981909969,1683499981910724d,755
1683499981915689,1683499981915695d,6
1683499981923522,1683499981924126d,604
1683499981924811,1683499981925299d,488
1683499981926063,1683499981935595d,9532
1683499981936350,1683499981937720d,1370
1683499981938497,1683499981938982d,485
1683499981948909,1683499981949221d,312
1683499981960959,1683499981961144d,185
1683499981962058,1683499981962445d,387
1683499981971794,1683499981971801d,7
1683499981972624,1683499981973024d,400
1683499981980222,1683499981980669d,447
1683499981987760,1683499981987767d,7
1683499981990557,1683499981990655d,98
1683499981995705,1683499981995714d,9
1683499981996506,1683499981997097d,591
1683499981997869,1683499981998572d,703
1683499982003740,1683499982004091d,351
1683499982011637,1683499982012037d,400
1683499982012801,1683499982013313d,512
1683499982023821,1683499982023829d,8
1683499982024529,1683499982024987d,458
1683499982031732,1683499982031740d,8
1683499982043796,1683499982044918d,1122
1683499982045564,1683499982054909d,9345
1683499982060250,1683499982060724d,474
1683499982071581,1683499982071625d,44
1683499982072461,1683499982084291d,11830
1683499982096369,1683499982096926d,557
1683499982107576,1683499982107913d,337
1683499982109012,1683499982109348d,336
1683499982120261,1683499982120710d,449
1683499982127638,1683499982128046d,408
1683499982139651,1683499982140263d,612
1683499982141054,1683499982141558d,504
1683499982142141,1683499982150910d,8769
1683499982158437,1683499982158905d,468
1683499982170444,1683499982171007d,563
1683499982172191,1683499982180286d,8095
1683499982181288,1683499982191490d,10202
1683499982203456,1683499982203550d,94
1683499982214778,1683499982215477d,699
1683499982225217,1683499982225318d,101
1683499982236962,1683499982237208d,246
1683499982237872,1683499982238278d,406
1683499982239056,1683499982239527d,471
1683499982244271,1683499982245033d,762
1683499982256326,1683499982257113d,787
1683499982268374,1683499982268787d,413
1683499982276248,1683499982277364d,1116
1683499982277885,1683499982278382d,497
1683499982283736,1683499982283743d,7
1683499982284429,1683499982284868d,439
1683499982296484,1683499982297045d,561
1683499982309151,1683499982309313d,162
1683499982310920,1683499982310931d,11
1683499982311632,1683499982312167d,535
1683499982323491,1683499982324172d,681
1683499982335608,1683499982336023d,415
1683499982336903,1683499982337562d,659
1683499982338254,1683499982338753d,499
1683499982348274,1683499982348725d,451
1683499982349671,1683499982349947d,276
1683499982360363,1683499982360725d,362
1683499982372538,1683499982372990d,452
1683499982384232,1683499982384830d,598
1683499982392349,1683499982392961d,612
1683499982393619,1683499982394045d,426
1683499982405090,1683499982415594d,10504
1683499982416879,1683499982417186d,307
1683499982427793,1683499982427801d,8
1683499982428630,1683499982429159d,529
1683499982430043,1683499982430510d,467
1683499982439526,1683499982447602d,8076
1683499982448235,1683499982452457d,4222
1683499982453276,1683499982453589d,313
1683499982465119,1683499982465160d,41
1683499982477007,1683499982477290d,283
1683499982488947,1683499982489115d,168
1683499982500917,1683499982501124d,207
1683499982512900,1683499982513313d,413
1683499982525026,1683499982525369d,343
1683499982526191,1683499982531601d,5410
1683499982532050,1683499982532490d,440
1683499982539463,1683499982539767d,304
1683499982548300,1683499982548733d,433
1683499982556074,1683499982556242d,168
1683499982567935,1683499982567951d,16
1683499982568575,1683499982568958d,383
1683499982576126,1683499982576680d,554
1683499982584157,1683499982589073d,4916
1683499982591606,1683499982591985d,379
1683499982604422,1683499982604585d,163
1683499982616284,1683499982616655d,371
1683499982617345,1683499982617716d,371
1683499982618471,1683499982619091d,620
1683499982619674,1683499982620310d,636
1683499982621105,1683499982621590d,485
1683499982622425,1683499982622875d,450
1683499982628081,1683499982628737d,656
1683499982629291,1683499982629690d,399
1683499982639199,1683499982639348d,149
1683499982647504,1683499982647890d,386
1683499982659600,1683499982659897d,297
