1683499974625168,1683499974627561d,2393
1683499974634552,1683499974634642d,90
1683499974644697,1683499974644705d,8
1683499974656737,1683499974656746d,9
1683499974668723,1683499974668732d,9
1683499974669646,1683499974669858d,212
1683499974680667,1683499974680729d,62
1683499974692704,1683499974692712d,8
1683499974704689,1683499974704692d,3
1683499974705756,1683499974705915d,159
1683499974706945,1683499974707116d,171
1683499974716189,1683499974716363d,174
1683499974723563,1683499974723687d,124
1683499974735601,1683499974735605d,4
1683499974736551,1683499974736789d,238
1683499974744171,1683499974744337d,166
1683499974755044,1683499974755095d,51
1683499974767214,1683499974767218d,4
1683499974779253,1683499974779260d,7
1683499974786757,1683499974786971d,214
1683499974792143,1683499974799084d,6941
1683499974800055,1683499974807038d,6983
1683499974816703,1683499974816711d,8
1683499974824262,1683499974824494d,232
1683499974825476,1683499974831471d,5995
1683499974832514,1683499974842688d,10174
1683499974843781,1683499974843983d,202
1683499974852064,1683499974852275d,211
1683499974853696,1683499974853700d,4
1683499974854874,1683499974854878d,4
1683499974862144,1683499974863441d,1297
1683499974872682,1683499974872686d,4
1683499974879290,1683499974879294d,4
1683499974887249,1683499974887258d,9
1683499974893354,1683499974893357d,3
1683499974894168,1683499974894423d,255
1683499974900275,1683499974900502d,227
1683499974912282,1683499974912430d,148
1683499974913391,1683499974924041d,10650
1683499974935943,1683499974936119d,176
1683499974942172,1683499974942176d,4
1683499974950368,1683499974950371d,3
1683499974958401,1683499974958405d,4
1683499974960491,1683499974966983d,6492
1683499974979213,1683499974979233d,20
1683499974980108,1683499974980303d,195
1683499974992373,1683499974992631d,258
1683499974993494,1683499974993673d,179
1683499974994553,1683499974999015d,4462
1683499974999903,1683499975000175d,272
1683499975006193,1683499975006197d,4
1683499975008488,1683499975008714d,226
1683499975009562,1683499975009788d,226
1683499975016336,1683499975016457d,121
1683499975017392,1683499975017548d,156
1683499975028020,1683499975028190d,170
1683499975029253,1683499975040619d,11366
1683499975044190,1683499975044352d,162
1683499975056212,1683499975056348d,136
1683499975068378,1683499975079405d,11027
1683499975092616,1683499975092624d,8
1683499975095879,1683499975096107d,228
1683499975102117,1683499975102121d,4
1683499975103482,1683499975103588d,106
1683499975115531,1683499975115540d,9
1683499975120248,1683499975124280d,4032
1683499975136113,1683499975136317d,204
1683499975144103,1683499975144321d,218
1683499975155544,1683499975156120d,576
1683499975168210,1683499975168393d,183
1683499975169529,1683499975180086d,10557
1683499975192169,1683499975192335d,166
1683499975193237,1683499975203597d,10360
1683499975212141,1683499975212392d,251
1683499975220120,1683499975224108d,3988
1683499975232163,1683499975232483d,320
1683499975243209,1683499975244028d,819
1683499975246076,1683499975246316d,240
1683499975256327,1683499975256547d,220
1683499975268112,1683499975268290d,178
1683499975269277,1683499975269459d,182
1683499975274634,1683499975274833d,199
1683499975275925,1683499975275930d,5
1683499975291999,1683499975292003d,4
1683499975295104,1683499975295107d,3
1683499975296071,1683499975302769d,6698
1683499975312679,1683499975312688d,9
1683499975320208,1683499975323962d,3754
1683499975324867,1683499975325084d,217
1683499975325978,1683499975326264d,286
1683499975327174,1683499975331461d,4287
1683499975332415,1683499975332638d,223
1683499975344714,1683499975344721d,7
1683499975345857,1683499975356096d,10239
1683499975367896,1683499975368149d,253
1683499975374613,1683499975379121d,4508
1683499975380123,1683499975387414d,7291
1683499975400145,1683499975400454d,309
1683499975412468,1683499975412517d,49
1683499975424404,1683499975431085d,6681
1683499975443162,1683499975443233d,71
1683499975450297,1683499975450301d,4
1683499975458203,1683499975459055d,852
1683499975459978,1683499975460151d,173
1683499975469456,1683499975469725d,269
1683499975480205,1683499975480353d,148
1683499975492303,1683499975492451d,148
1683499975500317,1683499975500508d,191
1683499975508294,1683499975508434d,140
1683499975515492,1683499975515545d,53
1683499975516499,1683499975516684d,185
1683499975528700,1683499975528706d,6
1683499975535852,1683499975536041d,189
1683499975547955,1683499975548128d,173
1683499975556650,1683499975559920d,3270
1683499975564233,1683499975564432d,199
1683499975572477,1683499975572674d,197
1683499975584723,1683499975584727d,4
1683499975596677,1683499975596682d,5
1683499975597961,1683499975598169d,208
1683499975608292,1683499975608483d,191
1683499975620331,1683499975620548d,217
1683499975632666,1683499975632675d,9
1683499975643509,1683499975643537d,28
1683499975644663,1683499975644769d,106
1683499975652222,1683499975652323d,101
1683499975659604,1683499975663903d,4299
1683499975664826,1683499975675944d,11118
1683499975678181,1683499975678185d,4
1683499975679000,1683499975679231d,231
1683499975680090,1683499975680293d,203
1683499975688129,1683499975688390d,261
1683499975699567,1683499975699586d,19
1683499975711502,1683499975711611d,109
1683499975724073,1683499975724304d,231
1683499975735505,1683499975736037d,532
1683499975742198,1683499975742201d,3
1683499975750267,1683499975750270d,3
1683499975760066,1683499975760379d,313
1683499975768079,1683499975768361d,282
1683499975779493,1683499975779566d,73
1683499975791507,1683499975791557d,50
1683499975803432,1683499975803506d,74
1683499975804356,1683499975814532d,10176
1683499975824080,1683499975824308d,228
1683499975825199,1683499975836095d,10896
1683499975838165,1683499975838258d,93
1683499975846484,1683499975846488d,4
1683499975847385,1683499975856080d,8695
1683499975857058,1683499975867401d,10343
1683499975876168,1683499975876404d,236
1683499975885447,1683499975885653d,206
1683499975892269,1683499975892454d,185
1683499975893391,1683499975893607d,216
1683499975899149,1683499975899153d,4
1683499975900104,1683499975900309d,205
1683499975912191,1683499975912468d,277
1683499975922291,1683499975922295d,4
1683499975927528,1683499975927558d,30
1683499975935487,1683499975935591d,104
1683499975946313,1683499975946320d,7
1683499975947149,1683499975956243d,9094
1683499975964117,1683499975964433d,316
1683499975976027,1683499975976256d,229
1683499975987648,1683499975987648d,0
1683499975996677,1683499975996683d,6
1683499976008726,1683499976008732d,6
1683499976020675,1683499976020682d,7
1683499976026228,1683499976026231d,3
1683499976032399,1683499976038574d,6175
1683499976039392,1683499976039596d,204
1683499976048351,1683499976048564d,213
1683499976060297,1683499976060509d,212
1683499976072429,1683499976072630d,201
1683499976080414,1683499976080605d,191
1683499976081406,1683499976081671d,265
1683499976088359,1683499976088495d,136
1683499976096253,1683499976096412d,159
1683499976106952,1683499976107063d,111
1683499976116716,1683499976116725d,9
1683499976126088,1683499976126092d,4
1683499976138385,1683499976138389d,4
1683499976139530,1683499976139585d,55
1683499976148689,1683499976148693d,4
1683499976156335,1683499976156547d,212
1683499976168340,1683499976168531d,191
1683499976176655,1683499976179043d,2388
1683499976188692,1683499976188699d,7
1683499976191479,1683499976199025d,7546
1683499976207613,1683499976214546d,6933
1683499976224665,1683499976224675d,10
1683499976236602,1683499976236618d,16
1683499976237577,1683499976237741d,164
1683499976244377,1683499976244669d,292
1683499976256675,1683499976256681d,6
1683499976257818,1683499976257975d,157
1683499976269582,1683499976269716d,134
1683499976280691,1683499976280703d,12
1683499976292711,1683499976292721d,10
1683499976293911,1683499976294286d,375
1683499976300424,1683499976300598d,174
1683499976308326,1683499976308532d,206
1683499976315201,1683499976315394d,193
1683499976324668,1683499976324675d,7
1683499976335130,1683499976335139d,9
1683499976339936,1683499976340129d,193
1683499976351547,1683499976352112d,565
1683499976364165,1683499976364408d,243
1683499976371128,1683499976371159d,31
1683499976380325,1683499976383468d,3143
1683499976392126,1683499976400619d,8493
1683499976401360,1683499976403166d,1806
1683499976404202,1683499976410515d,6313
1683499976411495,1683499976411698d,203
1683499976424178,1683499976424408d,230
1683499976436314,1683499976436532d,218
1683499976454140,1683499976454144d,4
1683499976455606,1683499976455622d,16
1683499976459493,1683499976463104d,3611
1683499976464231,1683499976464407d,176
1683499976472449,1683499976475980d,3531
1683499976487927,1683499976488125d,198
1683499976500184,1683499976500382d,198
1683499976508362,1683499976508554d,192
1683499976519569,1683499976519573d,4
1683499976531585,1683499976531596d,11
1683499976539440,1683499976539596d,156
1683499976540596,1683499976540782d,186
1683499976552684,1683499976552691d,7
1683499976564699,1683499976564707d,8
1683499976576725,1683499976576738d,13
1683499976577635,1683499976592013d,14378
1683499976600102,1683499976600247d,145
1683499976601288,1683499976601432d,144
1683499976602482,1683499976602683d,201
1683499976611630,1683499976611634d,4
1683499976612605,1683499976612744d,139
1683499976624512,1683499976624708d,196
1683499976632124,1683499976632128d,4
1683499976640242,1683499976640379d,137
1683499976651548,1683499976651634d,86
1683499976652470,1683499976652625d,155
1683499976653560,1683499976653802d,242
1683499976664727,1683499976664730d,3
1683499976665868,1683499976666085d,217
1683499976676398,1683499976676490d,92
1683499976687076,1683499976687189d,113
1683499976699127,1683499976699310d,183
1683499976700326,1683499976700611d,285
1683499976712279,1683499976712533d,254
1683499976720190,1683499976720483d,293
1683499976731533,1683499976731537d,4
1683499976739481,1683499976739535d,54
1683499976748704,1683499976748707d,3
1683499976760693,1683499976760700d,7
1683499976772120,1683499976772343d,223
1683499976783223,1683499976783230d,7
1683499976792108,1683499976792364d,256
1683499976800197,1683499976800439d,242
1683499976812369,1683499976812601d,232
1683499976824340,1683499976824536d,196
1683499976825454,1683499976825731d,277
1683499976831465,1683499976835128d,3663
1683499976844258,1683499976844423d,165
1683499976852304,1683499976854680d,2376
1683499976864280,1683499976864470d,190
1683499976865433,1683499976865729d,296
1683499976866771,1683499976866918d,147
1683499976879210,1683499976879225d,15
1683499976888330,1683499976888574d,244
1683499976900136,1683499976900360d,224
1683499976901382,1683499976912613d,11231
1683499976913613,1683499976913683d,70
1683499976919142,1683499976919148d,6
1683499976931211,1683499976931226d,15
1683499976932203,1683499976938688d,6485
1683499976944388,1683499976952624d,8236
1683499976953501,1683499976953776d,275
1683499976958320,1683499976958324d,4
1683499976959277,1683499976966498d,7221
1683499976976121,1683499976976372d,251
1683499976977294,1683499976977488d,194
1683499976988200,1683499976988415d,215
1683499976999186,1683499976999195d,9
1683499977007587,1683499977010578d,2991
1683499977011554,1683499977011814d,260
1683499977020686,1683499977020693d,7
1683499977024291,1683499977024457d,166
1683499977036290,1683499977036478d,188
1683499977046428,1683499977046614d,186
1683499977055495,1683499977055542d,47
1683499977066716,1683499977066723d,7
1683499977076082,1683499977076287d,205
1683499977077194,1683499977077477d,283
1683499977088450,1683499977088611d,161
1683499977089634,1683499977099053d,9419
1683499977108253,1683499977108548d,295
1683499977130640,1683499977130829d,189
1683499977142339,1683499977142343d,4
1683499977143212,1683499977143533d,321
1683499977144345,1683499977144624d,279
1683499977156336,1683499977156570d,234
1683499977163513,1683499977168040d,4527
1683499977175479,1683499977175502d,23
1683499977188226,1683499977188389d,163
1683499977196276,1683499977196524d,248
1683499977208250,1683499977208476d,226
1683499977220265,1683499977220507d,242
1683499977232304,1683499977232566d,262
1683499977239490,1683499977239570d,80
1683499977240664,1683499977240778d,114
1683499977252530,1683499977252786d,256
1683499977264269,1683499977264460d,191
1683499977276191,1683499977276498d,307
1683499977277687,1683499977287992d,10305
1683499977300102,1683499977300353d,251
1683499977301235,1683499977301471d,236
1683499977302448,1683499977302645d,197
1683499977310248,1683499977310252d,4
1683499977316070,1683499977316300d,230
1683499977328140,1683499977328373d,233
1683499977329369,1683499977329604d,235
1683499977336121,1683499977336338d,217
1683499977344680,1683499977344688d,8
1683499977352101,1683499977352284d,183
1683499977363585,1683499977363589d,4
1683499977364605,1683499977364817d,212
1683499977372303,1683499977372523d,220
1683499977380343,1683499977380549d,206
1683499977387209,1683499977392060d,4851
1683499977400648,1683499977407925d,7277
1683499977416109,1683499977416291d,182
1683499977424677,1683499977424684d,7
1683499977428355,1683499977434557d,6202
1683499977436476,1683499977443110d,6634
1683499977448314,1683499977452070d,3756
1683499977464205,1683499977464476d,271
1683499977465309,1683499977465631d,322
1683499977476690,1683499977476698d,8
1683499977484226,1683499977484396d,170
1683499977496252,1683499977496509d,257
1683499977506186,1683499977506190d,4
1683499977518269,1683499977518273d,4
1683499977530213,1683499977530232d,19
1683499977542159,1683499977542163d,4
1683499977550392,1683499977550396d,4
1683499977551298,1683499977551628d,330
1683499977563660,1683499977563664d,4
1683499977564596,1683499977571409d,6813
1683499977584266,1683499977584561d,295
1683499977585721,1683499977585907d,186
1683499977591487,1683499977591548d,61
1683499977600659,1683499977600663d,4
1683499977601796,1683499977601968d,172
1683499977612343,1683499977612718d,375
1683499977624312,1683499977624546d,234
1683499977636396,1683499977636570d,174
1683499977648673,1683499977648681d,8
1683499977660698,1683499977660706d,8
1683499977678040,1683499977678048d,8
1683499977683185,1683499977683195d,10
1683499977694742,1683499977695013d,271
1683499977706271,1683499977706288d,17
1683499977712712,1683499977712879d,167
1683499977724380,1683499977724512d,132
1683499977731538,1683499977731543d,5
1683499977740699,1683499977740712d,13
1683499977752689,1683499977752697d,8
1683499977753834,1683499977754032d,198
1683499977762555,1683499977762678d,123
1683499977768078,1683499977768255d,177
1683499977776684,1683499977776695d,11
1683499977783489,1683499977783540d,51
1683499977784534,1683499977784771d,237
1683499977797357,1683499977797599d,242
1683499977807180,1683499977807187d,7
1683499977808244,1683499977808339d,95
1683499977818196,1683499977818200d,4
1683499977819121,1683499977819327d,206
1683499977830281,1683499977830285d,4
1683499977842240,1683499977842243d,3
1683499977854244,1683499977854248d,4
1683499977866256,1683499977866259d,3
1683499977867163,1683499977867321d,158
1683499977890100,1683499977890104d,4
1683499977902270,1683499977902273d,3
1683499977903273,1683499977914514d,11241
1683499977915509,1683499977915757d,248
1683499977928108,1683499977928361d,253
1683499977940330,1683499977940523d,193
1683499977952246,1683499977952482d,236
1683499977964280,1683499977964622d,342
1683499977975508,1683499977975573d,65
1683499977989346,1683499977989350d,4
1683499977999442,1683499977999535d,93
1683499978000310,1683499978000682d,372
1683499978008701,1683499978011009d,2308
1683499978012185,1683499978012504d,319
1683499978024182,1683499978024439d,257
1683499978036303,1683499978036505d,202
1683499978044729,1683499978044738d,9
1683499978055508,1683499978055513d,5
1683499978064659,1683499978064665d,6
1683499978072109,1683499978072272d,163
1683499978079427,1683499978079545d,118
1683499978092454,1683499978092774d,320
1683499978104252,1683499978104453d,201
1683499978105300,1683499978105505d,205
1683499978115742,1683499978115762d,20
1683499978123517,1683499978123618d,101
1683499978124440,1683499978124655d,215
1683499978125617,1683499978125767d,150
1683499978136103,1683499978136328d,225
1683499978137212,1683499978137453d,241
1683499978138305,1683499978138532d,227
1683499978139420,1683499978139606d,186
1683499978146192,1683499978146196d,4
1683499978158198,1683499978158202d,4
1683499978170165,1683499978170169d,4
1683499978171046,1683499978171286d,240
1683499978176382,1683499978176548d,166
1683499978184256,1683499978184417d,161
1683499978192294,1683499978192457d,163
1683499978204236,1683499978211458d,7222
1683499978216530,1683499978216534d,4
1683499978224251,1683499978224463d,212
1683499978228348,1683499978228494d,146
1683499978240281,1683499978240461d,180
1683499978252328,1683499978252518d,190
1683499978253360,1683499978253607d,247
1683499978264322,1683499978264576d,254
1683499978271606,1683499978271606d,0
1683499978280735,1683499978280743d,8
1683499978288390,1683499978288606d,216
1683499978289501,1683499978294534d,5033
1683499978304338,1683499978304569d,231
1683499978305484,1683499978305764d,280
1683499978314257,1683499978314260d,3
1683499978324700,1683499978324932d,232
1683499978325885,1683499978326170d,285
1683499978326999,1683499978327247d,248
1683499978328128,1683499978328340d,212
1683499978340359,1683499978340710d,351
1683499978351188,1683499978351198d,10
1683499978363223,1683499978363241d,18
1683499978370190,1683499978370194d,4
1683499978378204,1683499978382541d,4337
1683499978383559,1683499978383715d,156
1683499978395490,1683499978395496d,6
1683499978407664,1683499978407668d,4
1683499978408570,1683499978408738d,168
1683499978409651,1683499978409931d,280
1683499978422253,1683499978422257d,4
1683499978423205,1683499978427088d,3883
1683499978439146,1683499978439153d,7
1683499978448720,1683499978448722d,2
1683499978460681,1683499978460684d,3
1683499978472675,1683499978472682d,7
1683499978478289,1683499978478293d,4
1683499978484372,1683499978484557d,185
1683499978485493,1683499978485720d,227
1683499978486916,1683499978487090d,174
1683499978496106,1683499978496375d,269
1683499978502182,1683499978502186d,4
1683499978512350,1683499978512498d,148
1683499978513427,1683499978513642d,215
1683499978514543,1683499978514733d,190
1683499978515668,1683499978515805d,137
1683499978528233,1683499978528407d,174
1683499978540298,1683499978540572d,274
1683499978541414,1683499978541612d,198
1683499978542587,1683499978551998d,9411
1683499978553151,1683499978553328d,177
1683499978564105,1683499978564294d,189
1683499978565320,1683499978576124d,10804
1683499978584126,1683499978584319d,193
1683499978585164,1683499978596114d,10950
1683499978603002,1683499978603174d,172
1683499978611143,1683499978611211d,68
1683499978616122,1683499978616425d,303
1683499978628142,1683499978628410d,268
1683499978629383,1683499978635526d,6143
1683499978636490,1683499978636684d,194
1683499978637609,1683499978637799d,190
1683499978643640,1683499978643644d,4
1683499978651498,1683499978651512d,14
1683499978658225,1683499978658242d,17
1683499978659160,1683499978659346d,186
1683499978671483,1683499978671587d,104
1683499978672382,1683499978672669d,287
1683499978679157,1683499978679161d,4
1683499978687144,1683499978687154d,10
1683499978696115,1683499978696301d,186
1683499978704079,1683499978704254d,175
1683499978705123,1683499978705319d,196
1683499978716161,1683499978716358d,197
1683499978724242,1683499978724484d,242
1683499978732324,1683499978732546d,222
1683499978740672,1683499978740678d,6
1683499978741798,1683499978742011d,213
1683499978752385,1683499978762660d,10275
1683499978763732,1683499978763938d,206
1683499978771567,1683499978771568d,1
1683499978780221,1683499978780356d,135
1683499978792175,1683499978792426d,251
1683499978793382,1683499978793569d,187
1683499978803102,1683499978803111d,9
1683499978811193,1683499978811200d,7
1683499978812339,1683499978819052d,6713
1683499978821058,1683499978821070d,12
1683499978826152,1683499978832134d,5982
1683499978840075,1683499978840265d,190
1683499978851624,1683499978851634d,10
1683499978852645,1683499978852852d,207
1683499978860372,1683499978860550d,178
1683499978868275,1683499978875405d,7130
1683499978876408,1683499978876602d,194
1683499978884091,1683499978884291d,200
1683499978892126,1683499978903066d,10940
1683499978904024,1683499978904375d,351
1683499978912285,1683499978912547d,262
1683499978920297,1683499978920626d,329
1683499978927448,1683499978928043d,595
1683499978936121,1683499978936272d,151
1683499978948286,1683499978948523d,237
1683499978956271,1683499978962555d,6284
1683499978968384,1683499978968490d,106
1683499978979628,1683499978979632d,4
1683499978988332,1683499978988555d,223
1683499979000078,1683499979000344d,266
1683499979001357,1683499979001593d,236
1683499979012703,1683499979012709d,6
1683499979024694,1683499979024699d,5
1683499979027567,1683499979027597d,30
1683499979028565,1683499979028760d,195
1683499979040700,1683499979040710d,10
1683499979044400,1683499979044488d,88
1683499979056258,1683499979056454d,196
1683499979064227,1683499979064477d,250
1683499979076231,1683499979076478d,247
1683499979087655,1683499979087662d,7
1683499979094312,1683499979094316d,4
1683499979104659,1683499979104835d,176
1683499979105600,1683499979110500d,4900
1683499979120675,1683499979120685d,10
1683499979132701,1683499979132707d,6
1683499979133828,1683499979133997d,169
1683499979143573,1683499979143582d,9
1683499979155189,1683499979155231d,42
1683499979156307,1683499979156373d,66
1683499979163545,1683499979163572d,27
1683499979176274,1683499979176540d,266
1683499979184259,1683499979195433d,11174
1683499979196437,1683499979196617d,180
1683499979208162,1683499979208365d,203
1683499979209300,1683499979209552d,252
1683499979216313,1683499979227405d,11092
1683499979228443,1683499979240089d,11646
1683499979248702,1683499979248710d,8
1683499979260722,1683499979260730d,8
1683499979272683,1683499979272687d,4
1683499979284704,1683499979284712d,8
1683499979286957,1683499979287336d,379
1683499979295868,1683499979296103d,235
1683499979308066,1683499979308239d,173
1683499979319271,1683499979319275d,4
1683499979320389,1683499979320604d,215
1683499979331497,1683499979331572d,75
1683499979344094,1683499979344298d,204
1683499979350211,1683499979350614d,403
1683499979351581,1683499979351770d,189
1683499979358231,1683499979358235d,4
1683499979359180,1683499979359351d,171
1683499979360232,1683499979360457d,225
1683499979368354,1683499979368536d,182
1683499979384045,1683499979384358d,313
1683499979395065,1683499979395219d,154
1683499979407163,1683499979407172d,9
1683499979419612,1683499979419617d,5
1683499979431535,1683499979431563d,28
1683499979443148,1683499979443152d,4
1683499979458484,1683499979458488d,4
1683499979459378,1683499979463479d,4101
1683499979475615,1683499979475619d,4
1683499979487588,1683499979487751d,163
1683499979488666,1683499979488898d,232
1683499979500691,1683499979500701d,10
1683499979501936,1683499979502120d,184
1683499979512373,1683499979512636d,263
1683499979524424,1683499979524619d,195
1683499979536339,1683499979536647d,308
1683499979548641,1683499979548646d,5
1683499979549868,1683499979549979d,111
1683499979561450,1683499979561615d,165
1683499979562591,1683499979562829d,238
1683499979568071,1683499979574709d,6638
1683499979582574,1683499979582754d,180
1683499979588927,1683499979588944d,17
1683499979598248,1683499979598251d,3
1683499979599169,1683499979599385d,216
1683499979606190,1683499979606201d,11
1683499979616661,1683499979616668d,7
1683499979617855,1683499979618000d,145
1683499979640703,1683499979640715d,12
1683499979641647,1683499979641848d,201
1683499979648443,1683499979648571d,128
1683499979649476,1683499979649649d,173
1683499979656162,1683499979656286d,124
1683499979657211,1683499979657452d,241
1683499979672117,1683499979672300d,183
1683499979679197,1683499979679213d,16
1683499979686159,1683499979686164d,5
1683499979686978,1683499979687121d,143
1683499979695063,1683499979695260d,197
1683499979699633,1683499979699637d,4
1683499979707524,1683499979710584d,3060
1683499979720726,1683499979720729d,3
1683499979732689,1683499979732701d,12
1683499979733843,1683499979734129d,286
1683499979743548,1683499979743576d,28
1683499979756137,1683499979764624d,8487
1683499979765351,1683499979768140d,2789
1683499979774332,1683499979774336d,4
1683499979775316,1683499979775495d,179
1683499979785511,1683499979785701d,190
1683499979786615,1683499979786826d,211
1683499979791557,1683499979791586d,29
1683499979800269,1683499979801249d,980
1683499979812261,1683499979812471d,210
1683499979823497,1683499979823562d,65
1683499979832391,1683499979832618d,227
1683499979840321,1683499979840516d,195
1683499979851585,1683499979851589d,4
1683499979862285,1683499979862291d,6
1683499979863423,1683499979863512d,89
1683499979872343,1683499979872617d,274
1683499979884357,1683499979884619d,262
1683499979885534,1683499979896186d,10652
1683499979897878,1683499979897882d,4
1683499979899208,1683499979907533d,8325
1683499979920189,1683499979920387d,198
1683499979921285,1683499979921477d,192
1683499979922431,1683499979922697d,266
1683499979923626,1683499979923898d,272
1683499979935516,1683499979935526d,10
1683499979942210,1683499979942214d,4
1683499979952667,1683499979952671d,4
1683499979959436,1683499979959523d,87
1683499979968711,1683499979968715d,4
1683499979980696,1683499979980705d,9
1683499979992100,1683499979992334d,234
1683499980002199,1683499980002203d,4
1683499980008187,1683499980008194d,7
1683499980019117,1683499980019247d,130
1683499980029181,1683499980029186d,5
1683499980032453,1683499980032665d,212
1683499980033657,1683499980033796d,139
1683499980044424,1683499980044629d,205
1683499980056713,1683499980056726d,13
1683499980063192,1683499980063216d,24
1683499980074557,1683499980074792d,235
1683499980080625,1683499980080881d,256
1683499980086186,1683499980086522d,336
1683499980092124,1683499980092351d,227
1683499980093280,1683499980093592d,312
1683499980104697,1683499980104706d,9
1683499980112513,1683499980112712d,199
1683499980124705,1683499980124715d,10
1683499980125674,1683499980126037d,363
1683499980135207,1683499980135211d,4
1683499980136100,1683499980140286d,4186
1683499980141312,1683499980141540d,228
1683499980148471,1683499980148688d,217
1683499980155673,1683499980163517d,7844
1683499980164328,1683499980171571d,7243
1683499980180713,1683499980180721d,8
1683499980183264,1683499980183536d,272
1683499980192291,1683499980192637d,346
1683499980200701,1683499980200706d,5
1683499980208128,1683499980208490d,362
1683499980209663,1683499980209807d,144
1683499980210959,1683499980211273d,314
1683499980212317,1683499980212571d,254
1683499980223551,1683499980223899d,348
1683499980224825,1683499980225201d,376
1683499980232407,1683499980232708d,301
1683499980244339,1683499980244644d,305
1683499980268672,1683499980268679d,7
1683499980280700,1683499980280703d,3
1683499980292158,1683499980292451d,293
1683499980293278,1683499980302771d,9493
1683499980312192,1683499980312643d,451
1683499980330254,1683499980330257d,3
1683499980331165,1683499980331449d,284
1683499980336472,1683499980336745d,273
1683499980343124,1683499980343188d,64
1683499980355653,1683499980355729d,76
1683499980368157,1683499980368431d,274
1683499980378232,1683499980378237d,5
1683499980379232,1683499980383495d,4263
1683499980396116,1683499980396477d,361
1683499980412653,1683499980412661d,8
1683499980424693,1683499980424701d,8
1683499980425727,1683499980426058d,331
1683499980427578,1683499980428734d,1156
1683499980429672,1683499980430054d,382
1683499980430929,1683499980438648d,7719
1683499980450539,1683499980450716d,177
1683499980461853,1683499980462143d,290
1683499980474279,1683499980475453d,1174
1683499980484091,1683499980484409d,318
1683499980494258,1683499980494262d,4
1683499980498987,1683499980499211d,224
1683499980508735,1683499980508741d,6
1683499980510099,1683499980515226d,5127
1683499980516486,1683499980523059d,6573
1683499980524556,1683499980524609d,53
1683499980525875,1683499980526224d,349
1683499980537641,1683499980537891d,250
1683499980548599,1683499980548794d,195
1683499980550045,1683499980554661d,4616
1683499980555642,1683499980555888d,246
1683499980567847,1683499980567852d,5
1683499980568835,1683499980569032d,197
1683499980570012,1683499980578520d,8508
1683499980579723,1683499980583280d,3557
1683499980595273,1683499980595276d,3
1683499980607853,1683499980607860d,7
1683499980608915,1683499980609055d,140
1683499980610306,1683499980610535d,229
1683499980621520,1683499980621760d,240
1683499980632686,1683499980632690d,4
1683499980644718,1683499980644728d,10
1683499980651170,1683499980651284d,114
1683499980663245,1683499980671019d,7774
1683499980672817,1683499980673386d,569
1683499980684681,1683499980684688d,7
1683499980696719,1683499980696727d,8
1683499980708668,1683499980711502d,2834
1683499980712522,1683499980722773d,10251
1683499980723771,1683499980724106d,335
1683499980736341,1683499980736660d,319
1683499980744421,1683499980744752d,331
1683499980754723,1683499980755808d,1085
1683499980768292,1683499980769019d,727
1683499980780709,1683499980780717d,8
1683499980792729,1683499980792740d,11
1683499980793776,1683499980793967d,191
1683499980804831,1683499980805011d,180
1683499980816681,1683499980816716d,35
1683499980824365,1683499980831437d,7072
1683499980832378,1683499980832538d,160
1683499980843928,1683499980844086d,158
1683499980856282,1683499980857618d,1336
1683499980859102,1683499980859305d,203
1683499980864387,1683499980864737d,350
1683499980866743,1683499980867038d,295
1683499980868373,1683499980868386d,13
1683499980869345,1683499980869530d,185
1683499980880302,1683499980880613d,311
1683499980888514,1683499980888884d,370
1683499980889904,1683499980890162d,258
1683499980891101,1683499980891428d,327
1683499980900910,1683499980901501d,591
1683499980912746,1683499980912751d,5
1683499980919560,1683499980919857d,297
1683499980920715,1683499980921181d,466
1683499980932372,1683499980933209d,837
1683499980934089,1683499980934339d,250
1683499980946198,1683499980946202d,4
1683499980954503,1683499980954507d,4
1683499980955538,1683499980955833d,295
1683499980964454,1683499980964722d,268
1683499980965817,1683499980966158d,341
1683499980971652,1683499980971662d,10
1683499980982293,1683499980982297d,4
1683499980983182,1683499980983543d,361
1683499980988511,1683499980988746d,235
1683499981000696,1683499981000703d,7
1683499981001849,1683499981002084d,235
1683499981003051,1683499981003368d,317
1683499981015212,1683499981015531d,319
1683499981016629,1683499981016874d,245
1683499981027339,1683499981027343d,4
1683499981035287,1683499981035290d,3
1683499981056662,1683499981056664d,2
1683499981068706,1683499981068715d,9
1683499981069876,1683499981075574d,5698
1683499981084771,1683499981085126d,355
1683499981086060,1683499981086355d,295
1683499981094238,1683499981094737d,499
1683499981104166,1683499981104432d,266
1683499981111223,1683499981111226d,3
1683499981119351,1683499981119355d,4
1683499981127767,1683499981127771d,4
1683499981135511,1683499981135516d,5
1683499981136503,1683499981136738d,235
1683499981144463,1683499981144715d,252
1683499981145694,1683499981146024d,330
1683499981154641,1683499981155037d,396
1683499981156052,1683499981156294d,242
1683499981160515,1683499981160631d,116
1683499981172704,1683499981172713d,9
1683499981184714,1683499981184724d,10
1683499981185849,1683499981186132d,283
1683499981187175,1683499981191125d,3950
1683499981200724,1683499981200732d,8
1683499981212701,1683499981212707d,6
1683499981224698,1683499981224714d,16
1683499981232744,1683499981232750d,6
1683499981240182,1683499981240501d,319
1683499981241463,1683499981241755d,292
1683499981254306,1683499981254310d,4
1683499981255755,1683499981256102d,347
1683499981257025,1683499981257415d,390
1683499981258501,1683499981266818d,8317
1683499981278337,1683499981278341d,4
1683499981290421,1683499981290429d,8
1683499981292028,1683499981299998d,7970
1683499981301181,1683499981301580d,399
1683499981312468,1683499981312735d,267
1683499981324637,1683499981325043d,406
1683499981336642,1683499981336999d,357
1683499981338009,1683499981338345d,336
1683499981340002,1683499981340006d,4
1683499981346301,1683499981346305d,4
1683499981348531,1683499981348800d,269
1683499981360715,1683499981360930d,215
1683499981372510,1683499981383467d,10957
1683499981396318,1683499981396898d,580
1683499981408680,1683499981408683d,3
1683499981411011,1683499981411212d,201
1683499981412375,1683499981412686d,311
1683499981420400,1683499981420690d,290
1683499981432670,1683499981432858d,188
1683499981444633,1683499981444980d,347
1683499981446056,1683499981446397d,341
1683499981455347,1683499981455357d,10
1683499981463224,1683499981463374d,150
1683499981475146,1683499981487565d,12419
1683499981498644,1683499981498933d,289
1683499981508698,1683499981508705d,7
1683499981510007,1683499981510614d,607
1683499981515662,1683499981516077d,415
1683499981524416,1683499981524804d,388
1683499981536685,1683499981537004d,319
1683499981548667,1683499981549078d,411
1683499981550036,1683499981550550d,514
1683499981562277,1683499981562281d,4
1683499981563309,1683499981563820d,511
1683499981575609,1683499981575869d,260
1683499981588412,1683499981588962d,550
1683499981600691,1683499981600706d,15
1683499981612692,1683499981612700d,8
1683499981624739,1683499981624747d,8
1683499981626159,1683499981626476d,317
1683499981634806,1683499981635231d,425
1683499981644598,1683499981644801d,203
1683499981656684,1683499981656693d,9
1683499981658281,1683499981658576d,295
1683499981666217,1683499981666221d,4
1683499981667514,1683499981667826d,312
1683499981669242,1683499981669608d,366
1683499981680762,1683499981680771d,9
1683499981690922,1683499981691034d,112
1683499981692664,1683499981700027d,7363
1683499981701372,1683499981701504d,132
1683499981711659,1683499981711666d,7
1683499981723518,1683499981723692d,174
1683499981734240,1683499981734244d,4
1683499981746238,1683499981746245d,7
1683499981747263,1683499981747752d,489
1683499981748784,1683499981749262d,478
1683499981758406,1683499981758710d,304
1683499981759852,1683499981759989d,137
1683499981768203,1683499981771992d,3789
1683499981783913,1683499981784068d,155
1683499981785284,1683499981785472d,188
1683499981808662,1683499981808673d,11
1683499981810209,1683499981810213d,4
1683499981811397,1683499981811665d,268
1683499981812788,1683499981812972d,184
1683499981823816,1683499981823820d,4
1683499981830214,1683499981830221d,7
1683499981831950,1683499981832104d,154
1683499981840306,1683499981840602d,296
1683499981841702,1683499981847234d,5532
1683499981859169,1683499981859188d,19
1683499981860336,1683499981860599d,263
1683499981868146,1683499981868150d,4
1683499981869354,1683499981869622d,268
1683499981875241,1683499981875445d,204
1683499981884766,1683499981884774d,8
1683499981886085,1683499981895437d,9352
1683499981896556,1683499981896892d,336
1683499981908745,1683499981908753d,8
1683499981910054,1683499981910419d,365
1683499981911362,1683499981911708d,346
1683499981923898,1683499981923902d,4
1683499981924941,1683499981925056d,115
1683499981926147,1683499981926345d,198
1683499981937394,1683499981937420d,26
1683499981938491,1683499981938762d,271
1683499981948688,1683499981948694d,6
1683499981960745,1683499981960750d,5
1683499981961942,1683499981962161d,219
1683499981963414,1683499981963450d,36
1683499981972570,1683499981972761d,191
1683499981980205,1683499981980384d,179
1683499981981605,1683499981981814d,209
1683499981990306,1683499981990324d,18
1683499981991364,1683499981995033d,3669
1683499981996461,1683499981996859d,398
1683499981997890,1683499981998077d,187
1683499982003831,1683499982003850d,19
1683499982011706,1683499982011709d,3
1683499982012790,1683499982013035d,245
1683499982014146,1683499982019660d,5514
1683499982024586,1683499982024753d,167
1683499982025943,1683499982026168d,225
1683499982032596,1683499982043961d,11365
1683499982045519,1683499982054641d,9122
1683499982060272,1683499982060398d,126
1683499982071218,1683499982071257d,39
1683499982072304,1683499982083980d,11676
1683499982096337,1683499982096627d,290
1683499982107628,1683499982107640d,12
1683499982108944,1683499982109128d,184
1683499982120342,1683499982120562d,220
1683499982127758,1683499982127763d,5
1683499982130493,1683499982140001d,9508
1683499982140967,1683499982141258d,291
1683499982142121,1683499982150547d,8426
1683499982158471,1683499982158601d,130
1683499982170521,1683499982170686d,165
1683499982172160,1683499982180014d,7854
1683499982181198,1683499982191151d,9953
1683499982203177,1683499982203266d,89
1683499982214749,1683499982214976d,227
1683499982224687,1683499982224693d,6
1683499982236744,1683499982236747d,3
1683499982237887,1683499982238095d,208
1683499982239253,1683499982239283d,30
1683499982244299,1683499982244549d,250
1683499982256841,1683499982256860d,19
1683499982268302,1683499982268542d,240
1683499982276247,1683499982276499d,252
1683499982277903,1683499982278163d,260
1683499982279174,1683499982279416d,242
1683499982284386,1683499982284654d,268
1683499982296438,1683499982296729d,291
1683499982308678,1683499982308694d,16
1683499982309957,1683499982310275d,318
1683499982311642,1683499982311873d,231
1683499982323584,1683499982323589d,5
1683499982335628,1683499982335635d,7
1683499982336864,1683499982337215d,351
1683499982338265,1683499982338552d,287
1683499982348266,1683499982348518d,252
1683499982349546,1683499982349768d,222
1683499982360284,1683499982360537d,253
1683499982372518,1683499982372739d,221
1683499982384246,1683499982384538d,292
1683499982392316,1683499982392612d,296
1683499982393642,1683499982393861d,219
1683499982404703,1683499982404711d,8
1683499982416733,1683499982416747d,14
1683499982417943,1683499982418240d,297
1683499982428599,1683499982428884d,285
1683499982430006,1683499982430396d,390
1683499982439560,1683499982439564d,4
1683499982448252,1683499982452125d,3873
1683499982453285,1683499982453438d,153
1683499982464718,1683499982464727d,9
1683499982476691,1683499982476707d,16
1683499982488698,1683499982488705d,7
1683499982500724,1683499982500731d,7
1683499982512692,1683499982512703d,11
1683499982524688,1683499982524697d,9
1683499982526147,1683499982526293d,146
1683499982532100,1683499982532253d,153
1683499982539503,1683499982539528d,25
1683499982548294,1683499982548511d,217
1683499982555863,1683499982556051d,188
1683499982564681,1683499982564689d,8
1683499982568668,1683499982568772d,104
1683499982576163,1683499982576374d,211
1683499982588651,1683499982588658d,7
1683499982591612,1683499982591765d,153
1683499982604300,1683499982604411d,111
1683499982616259,1683499982616469d,210
1683499982617340,1683499982617537d,197
1683499982618457,1683499982618663d,206
1683499982619747,1683499982620066d,319
1683499982621108,1683499982621378d,270
1683499982622469,1683499982622655d,186
1683499982628123,1683499982628330d,207
1683499982629301,1683499982629459d,158
1683499982639014,1683499982639102d,88
1683499982647637,1683499982647648d,11
1683499982659599,1683499982659636d,37
