1683499929851003,1683499929851020d,17
1683499929851785,1683499929851798d,13
1683499929852465,1683499929852476d,11
1683499929853164,1683499929853175d,11
1683499929853875,1683499929853885d,10
1683499929854566,1683499929854577d,11
1683499929855237,1683499929855248d,11
1683499929855946,1683499929855957d,11
1683499929856608,1683499929856618d,10
1683499929857273,1683499929857284d,11
1683499929857944,1683499929857955d,11
1683499929858612,1683499929858623d,11
1683499929859337,1683499929859347d,10
1683499929860039,1683499929860050d,11
1683499929868162,1683499929868175d,13
1683499929868837,1683499929868848d,11
1683499929869528,1683499929869538d,10
1683499929870197,1683499929870208d,11
1683499929870874,1683499929870884d,10
1683499929871537,1683499929871550d,13
1683499929872266,1683499929872277d,11
1683499929872959,1683499929872969d,10
1683499929873668,1683499929873678d,10
1683499929874365,1683499929874375d,10
1683499929875059,1683499929875069d,10
1683499929880157,1683499929880170d,13
1683499929880890,1683499929880903d,13
1683499929881609,1683499929881620d,11
1683499929882360,1683499929882370d,10
1683499929883074,1683499929883083d,9
1683499929883766,1683499929883778d,12
1683499929884503,1683499929884513d,10
1683499929885207,1683499929885217d,10
1683499929885909,1683499929885919d,10
1683499929886610,1683499929886621d,11
1683499929887376,1683499929887387d,11
1683499929888117,1683499929888128d,11
1683499929888819,1683499929888829d,10
1683499929889589,1683499929889599d,10
1683499929890308,1683499929890319d,11
1683499929891020,1683499929891030d,10
1683499929891738,1683499929891749d,11
1683499929892470,1683499929892480d,10
1683499929893157,1683499929893167d,10
1683499929893911,1683499929893921d,10
1683499929894596,1683499929894606d,10
1683499929895319,1683499929895329d,10
1683499929896018,1683499929896029d,11
1683499929896714,1683499929896724d,10
1683499929897405,1683499929897416d,11
1683499929898100,1683499929898110d,10
1683499929898790,1683499929898800d,10
1683499929899531,1683499929899541d,10
1683499929900223,1683499929900233d,10
1683499929900904,1683499929900914d,10
1683499929901592,1683499929901602d,10
1683499929902292,1683499929902302d,10
1683499929902990,1683499929903000d,10
1683499929903674,1683499929903685d,11
1683499929904360,1683499929904371d,11
1683499929905041,1683499929905051d,10
1683499929905732,1683499929905743d,11
1683499929906434,1683499929906444d,10
1683499929907162,1683499929907172d,10
1683499929907852,1683499929907863d,11
1683499929908541,1683499929908551d,10
1683499929909224,1683499929909234d,10
1683499929909969,1683499929909980d,11
1683499929910728,1683499929910739d,11
1683499929911422,1683499929911432d,10
1683499929912102,1683499929912113d,11
1683499929912781,1683499929912791d,10
1683499929913454,1683499929913464d,10
1683499929914122,1683499929914132d,10
1683499929914802,1683499929914813d,11
1683499929915481,1683499929915491d,10
1683499929916199,1683499929916210d,11
1683499929916889,1683499929916900d,11
1683499929917586,1683499929917597d,11
1683499929918265,1683499929918278d,13
1683499929918956,1683499929918966d,10
1683499929919632,1683499929919643d,11
1683499929920423,1683499929920433d,10
1683499929921156,1683499929921167d,11
1683499929921902,1683499929921913d,11
1683499929922607,1683499929922618d,11
1683499929923294,1683499929923304d,10
1683499929923970,1683499929923981d,11
1683499929924632,1683499929924642d,10
1683499929925329,1683499929925339d,10
1683499929926006,1683499929926017d,11
1683499929926715,1683499929926725d,10
1683499929927383,1683499929927394d,11
1683499929928082,1683499929928093d,11
1683499929928742,1683499929928752d,10
1683499929929413,1683499929929424d,11
1683499929930080,1683499929930091d,11
1683499929930765,1683499929930776d,11
1683499929931464,1683499929931475d,11
1683499929932155,1683499929932165d,10
1683499929932882,1683499929932892d,10
1683499929933573,1683499929933583d,10
1683499929934237,1683499929934247d,10
1683499929934914,1683499929934925d,11
1683499929935607,1683499929935618d,11
1683499929936320,1683499929936331d,11
1683499929936979,1683499929936990d,11
1683499929937664,1683499929937675d,11
1683499929938312,1683499929938323d,11
1683499929939003,1683499929939014d,11
1683499929939701,1683499929939712d,11
1683499929940390,1683499929940400d,10
1683499929941043,1683499929941053d,10
1683499929941733,1683499929941744d,11
1683499929942405,1683499929942416d,11
1683499929943098,1683499929943109d,11
1683499929943780,1683499929943792d,12
1683499929944448,1683499929944459d,11
1683499929945186,1683499929945197d,11
1683499929945843,1683499929945853d,10
1683499929946514,1683499929946525d,11
1683499929947253,1683499929947263d,10
1683499929947965,1683499929947976d,11
1683499929956128,1683499929956141d,13
1683499929956847,1683499929956858d,11
1683499929957543,1683499929957554d,11
1683499929958219,1683499929958230d,11
1683499929958889,1683499929958899d,10
1683499929959621,1683499929959632d,11
1683499929960281,1683499929960292d,11
1683499929960958,1683499929960968d,10
1683499929961617,1683499929961628d,11
1683499929962334,1683499929962343d,9
1683499929962999,1683499929963010d,11
1683499929963704,1683499929963715d,11
1683499929964449,1683499929964460d,11
1683499929965078,1683499929965089d,11
1683499929965721,1683499929965732d,11
1683499929966372,1683499929966382d,10
1683499929967030,1683499929967041d,11
1683499929967762,1683499929967777d,15
1683499929968437,1683499929968448d,11
1683499929969170,1683499929969181d,11
1683499929969843,1683499929969853d,10
1683499929970567,1683499929970578d,11
1683499929971230,1683499929971240d,10
1683499929971899,1683499929971910d,11
1683499929972573,1683499929972583d,10
1683499929973251,1683499929973261d,10
1683499929973930,1683499929973940d,10
1683499929974607,1683499929974618d,11
1683499929975283,1683499929975294d,11
1683499929975974,1683499929975985d,11
1683499929976679,1683499929976690d,11
1683499929977359,1683499929977370d,11
1683499929978026,1683499929978036d,10
1683499929978721,1683499929978731d,10
1683499929979379,1683499929979390d,11
1683499929980021,1683499929980032d,11
1683499929980703,1683499929980714d,11
1683499929981345,1683499929981355d,10
1683499929982025,1683499929982035d,10
1683499929982690,1683499929982700d,10
1683499929983391,1683499929983401d,10
1683499929984082,1683499929984093d,11
1683499929984755,1683499929984765d,10
1683499929985441,1683499929985451d,10
1683499929991224,1683499929991235d,11
1683499929992009,1683499929992020d,11
1683499929992723,1683499929992734d,11
1683499929993391,1683499929993401d,10
1683499929994039,1683499929994049d,10
1683499929994732,1683499929994743d,11
1683499929995412,1683499929995423d,11
1683499929996103,1683499929996114d,11
1683499929996782,1683499929996793d,11
1683499929997459,1683499929997470d,11
1683499929998132,1683499929998143d,11
1683499929998823,1683499929998834d,11
1683499929999479,1683499929999489d,10
1683499930000128,1683499930000138d,10
1683499930000818,1683499930000828d,10
1683499930001506,1683499930001516d,10
1683499930002231,1683499930002241d,10
1683499930002885,1683499930002896d,11
1683499930003595,1683499930003605d,10
1683499930004243,1683499930004254d,11
1683499930004932,1683499930004942d,10
1683499930005672,1683499930005683d,11
1683499930006341,1683499930006352d,11
1683499930007042,1683499930007052d,10
1683499930007797,1683499930007808d,11
1683499930008466,1683499930008477d,11
1683499930009158,1683499930009168d,10
1683499930009829,1683499930009839d,10
1683499930010501,1683499930010512d,11
1683499930011153,1683499930011163d,10
1683499930011814,1683499930011828d,14
1683499930012477,1683499930012488d,11
1683499930013187,1683499930013198d,11
1683499930013914,1683499930013924d,10
1683499930014601,1683499930014612d,11
1683499930015298,1683499930015309d,11
1683499930016044,1683499930016055d,11
1683499930016742,1683499930016753d,11
1683499930017417,1683499930017428d,11
1683499930018064,1683499930018075d,11
1683499930018739,1683499930018749d,10
1683499930019448,1683499930019458d,10
1683499930020126,1683499930020136d,10
1683499930021398,1683499930021409d,11
1683499930022066,1683499930022077d,11
1683499930022748,1683499930022758d,10
1683499930023469,1683499930023480d,11
1683499930024148,1683499930024159d,11
1683499930024819,1683499930024829d,10
1683499930025493,1683499930025503d,10
1683499930026188,1683499930026198d,10
1683499930026846,1683499930026857d,11
1683499930027527,1683499930027538d,11
1683499930028316,1683499930028326d,10
1683499930029049,1683499930029059d,10
1683499930029739,1683499930029749d,10
1683499930030442,1683499930030452d,10
1683499930031100,1683499930031111d,11
1683499930031809,1683499930031825d,16
1683499930032468,1683499930032479d,11
1683499930033132,1683499930033142d,10
1683499930033816,1683499930033826d,10
1683499930034489,1683499930034499d,10
1683499930035177,1683499930035187d,10
1683499930035889,1683499930035900d,11
1683499930036556,1683499930036567d,11
1683499930037231,1683499930037241d,10
1683499930037884,1683499930037894d,10
1683499930038592,1683499930038603d,11
1683499930039323,1683499930039334d,11
1683499930040003,1683499930040014d,11
1683499930040661,1683499930040671d,10
1683499930041305,1683499930041315d,10
1683499930041978,1683499930041989d,11
1683499930042699,1683499930042710d,11
1683499930043365,1683499930043376d,11
1683499930044042,1683499930044053d,11
1683499930044721,1683499930044732d,11
1683499930045393,1683499930045404d,11
1683499930046078,1683499930046089d,11
1683499930046733,1683499930046743d,10
1683499930047391,1683499930047401d,10
1683499930048072,1683499930048083d,11
1683499930048744,1683499930048755d,11
1683499930049426,1683499930049436d,10
1683499930050069,1683499930050079d,10
1683499930050747,1683499930050757d,10
1683499930051403,1683499930051414d,11
1683499930052082,1683499930052093d,11
1683499930052775,1683499930052785d,10
1683499930053469,1683499930053479d,10
1683499930054143,1683499930054153d,10
1683499930054823,1683499930054834d,11
1683499930055517,1683499930055527d,10
1683499930056223,1683499930056233d,10
1683499930056915,1683499930056925d,10
1683499930057587,1683499930057597d,10
1683499930058240,1683499930058250d,10
1683499930058920,1683499930058930d,10
1683499930059610,1683499930059620d,10
1683499930060304,1683499930060314d,10
1683499930061002,1683499930061012d,10
1683499930061645,1683499930061656d,11
1683499930062302,1683499930062312d,10
1683499930062977,1683499930062987d,10
1683499930063662,1683499930063673d,11
1683499930064365,1683499930064375d,10
1683499930065017,1683499930065028d,11
1683499930065692,1683499930065702d,10
1683499930066386,1683499930066397d,11
1683499930067085,1683499930067096d,11
1683499930067803,1683499930067815d,12
1683499930068477,1683499930068487d,10
1683499930069142,1683499930069153d,11
1683499930069829,1683499930069839d,10
1683499930070511,1683499930070522d,11
1683499930071189,1683499930071200d,11
1683499930071897,1683499930071911d,14
1683499930072587,1683499930072597d,10
1683499930073328,1683499930073338d,10
1683499930074026,1683499930074036d,10
1683499930074700,1683499930074710d,10
1683499930075390,1683499930075401d,11
1683499930076083,1683499930076094d,11
1683499930076789,1683499930076799d,10
1683499930077519,1683499930077529d,10
1683499930078232,1683499930078242d,10
1683499930078916,1683499930078927d,11
1683499930079590,1683499930079600d,10
1683499930080264,1683499930080274d,10
1683499930080940,1683499930080950d,10
1683499930081640,1683499930081650d,10
1683499930082318,1683499930082328d,10
1683499930083057,1683499930083068d,11
1683499930083772,1683499930083783d,11
1683499930084454,1683499930084464d,10
1683499930085154,1683499930085164d,10
1683499930085845,1683499930085855d,10
1683499930086572,1683499930086583d,11
1683499930087236,1683499930087247d,11
1683499930087907,1683499930087918d,11
1683499930096112,1683499930096124d,12
1683499930096810,1683499930096820d,10
1683499930097468,1683499930097479d,11
1683499930098170,1683499930098180d,10
1683499930098838,1683499930098848d,10
1683499930099565,1683499930099575d,10
1683499930100251,1683499930100261d,10
1683499930100926,1683499930100936d,10
1683499930101584,1683499930101594d,10
1683499930102255,1683499930102266d,11
1683499930102959,1683499930102969d,10
1683499930103617,1683499930103627d,10
1683499930104294,1683499930104305d,11
1683499930104992,1683499930105002d,10
1683499930105658,1683499930105668d,10
1683499930106333,1683499930106344d,11
1683499930107089,1683499930107101d,12
1683499930107794,1683499930107805d,11
1683499930108506,1683499930108516d,10
1683499930109214,1683499930109224d,10
1683499930109940,1683499930109951d,11
1683499930110653,1683499930110663d,10
1683499930111328,1683499930111338d,10
1683499930112028,1683499930112039d,11
1683499930112728,1683499930112738d,10
1683499930113406,1683499930113417d,11
1683499930114072,1683499930114083d,11
1683499930114775,1683499930114785d,10
1683499930115449,1683499930115460d,11
1683499930116115,1683499930116126d,11
1683499930116804,1683499930116814d,10
1683499930117516,1683499930117526d,10
1683499930118191,1683499930118202d,11
1683499930118846,1683499930118857d,11
1683499930119526,1683499930119536d,10
1683499930120217,1683499930120227d,10
1683499930120884,1683499930120894d,10
1683499930121538,1683499930121549d,11
1683499930122222,1683499930122232d,10
1683499930122920,1683499930122930d,10
1683499930123583,1683499930123594d,11
1683499930124248,1683499930124259d,11
1683499930124970,1683499930124980d,10
1683499930125732,1683499930125742d,10
1683499930126404,1683499930126415d,11
1683499930127069,1683499930127080d,11
1683499930127771,1683499930127782d,11
1683499930128432,1683499930128443d,11
1683499930129108,1683499930129118d,10
1683499930129761,1683499930129772d,11
1683499930130453,1683499930130464d,11
1683499930131115,1683499930131125d,10
1683499930131797,1683499930131808d,11
1683499930132472,1683499930132482d,10
1683499930133143,1683499930133154d,11
1683499930133824,1683499930133834d,10
1683499930134496,1683499930134507d,11
1683499930135147,1683499930135157d,10
1683499930135818,1683499930135829d,11
1683499930136472,1683499930136482d,10
1683499930137157,1683499930137168d,11
1683499930137836,1683499930137848d,12
1683499930138512,1683499930138523d,11
1683499930139173,1683499930139184d,11
1683499930139846,1683499930139856d,10
1683499930140552,1683499930140563d,11
1683499930141249,1683499930141260d,11
1683499930141938,1683499930141948d,10
1683499930142633,1683499930142644d,11
1683499930143328,1683499930143339d,11
1683499930143994,1683499930144004d,10
1683499930144670,1683499930144681d,11
1683499930145450,1683499930145460d,10
1683499930146176,1683499930146186d,10
1683499930146925,1683499930146936d,11
1683499930147587,1683499930147598d,11
1683499930148268,1683499930148278d,10
1683499930148959,1683499930148969d,10
1683499930149693,1683499930149704d,11
1683499930150351,1683499930150362d,11
1683499930151049,1683499930151060d,11
1683499930151736,1683499930151747d,11
1683499930152423,1683499930152433d,10
1683499930153115,1683499930153127d,12
1683499930153791,1683499930153801d,10
1683499930154500,1683499930154511d,11
1683499930155170,1683499930155180d,10
1683499930155856,1683499930155869d,13
1683499930156541,1683499930156552d,11
1683499930157221,1683499930157232d,11
1683499930157924,1683499930157935d,11
1683499930158637,1683499930158648d,11
1683499930159289,1683499930159299d,10
1683499930159960,1683499930159971d,11
1683499930160638,1683499930160649d,11
1683499930161348,1683499930161359d,11
1683499930161995,1683499930162005d,10
1683499930162698,1683499930162711d,13
1683499930163354,1683499930163365d,11
1683499930164029,1683499930164040d,11
1683499930164715,1683499930164725d,10
1683499930165407,1683499930165418d,11
1683499930166051,1683499930166061d,10
1683499930166694,1683499930166704d,10
1683499930167355,1683499930167365d,10
1683499930168080,1683499930168091d,11
1683499930168792,1683499930168803d,11
1683499930169458,1683499930169469d,11
1683499930170106,1683499930170117d,11
1683499930170906,1683499930170917d,11
1683499930171594,1683499930171604d,10
1683499930172293,1683499930172304d,11
1683499930172992,1683499930173002d,10
1683499930173695,1683499930173705d,10
1683499930174406,1683499930174417d,11
1683499930175088,1683499930175099d,11
1683499930175788,1683499930175799d,11
1683499930176450,1683499930176461d,11
1683499930177150,1683499930177161d,11
1683499930177888,1683499930177898d,10
1683499930178656,1683499930178667d,11
1683499930179326,1683499930179336d,10
1683499930180041,1683499930180052d,11
1683499930180730,1683499930180740d,10
1683499930182209,1683499930182220d,11
1683499930182939,1683499930182951d,12
1683499930183682,1683499930183694d,12
1683499930184350,1683499930184362d,12
1683499930185030,1683499930185040d,10
1683499930185838,1683499930185848d,10
1683499930186519,1683499930186530d,11
1683499930187225,1683499930187236d,11
1683499930188028,1683499930188039d,11
1683499930196086,1683499930196101d,15
1683499930196906,1683499930196917d,11
1683499930197587,1683499930197597d,10
1683499930198269,1683499930198279d,10
1683499930198996,1683499930199007d,11
1683499930199667,1683499930199678d,11
1683499930200322,1683499930200333d,11
1683499930201018,1683499930201029d,11
1683499930201712,1683499930201722d,10
1683499930202417,1683499930202427d,10
1683499930203085,1683499930203096d,11
1683499930203781,1683499930203793d,12
1683499930204460,1683499930204470d,10
1683499930205127,1683499930205151d,24
1683499930205830,1683499930205841d,11
1683499930206497,1683499930206508d,11
1683499930207191,1683499930207201d,10
1683499930207896,1683499930207907d,11
1683499930208566,1683499930208577d,11
1683499930209273,1683499930209284d,11
1683499930209969,1683499930209980d,11
1683499930210656,1683499930210666d,10
1683499930211297,1683499930211308d,11
1683499930211960,1683499930211970d,10
1683499930212630,1683499930212641d,11
1683499930213281,1683499930213293d,12
1683499930213968,1683499930213979d,11
1683499930214609,1683499930214619d,10
1683499930215312,1683499930215322d,10
1683499930216011,1683499930216022d,11
1683499930216758,1683499930216768d,10
1683499930217433,1683499930217444d,11
1683499930218101,1683499930218111d,10
1683499930218770,1683499930218781d,11
1683499930219426,1683499930219436d,10
1683499930220093,1683499930220104d,11
1683499930220774,1683499930220784d,10
1683499930221417,1683499930221428d,11
1683499930222120,1683499930222130d,10
1683499930222785,1683499930222795d,10
1683499930224483,1683499930224488d,5
1683499930225180,1683499930225190d,10
1683499930225833,1683499930225843d,10
1683499930226529,1683499930226540d,11
1683499930227205,1683499930227215d,10
1683499930227869,1683499930227879d,10
1683499930228554,1683499930228565d,11
1683499930229215,1683499930229225d,10
1683499930229862,1683499930229866d,4
1683499930230525,1683499930230536d,11
1683499930231180,1683499930231191d,11
1683499930231877,1683499930231888d,11
1683499930232542,1683499930232553d,11
1683499930233205,1683499930233215d,10
1683499930233919,1683499930233930d,11
1683499930234584,1683499930234594d,10
1683499930235287,1683499930235298d,11
1683499930236072,1683499930236082d,10
1683499930236711,1683499930236722d,11
1683499930237376,1683499930237386d,10
1683499930238028,1683499930238038d,10
1683499930238682,1683499930238693d,11
1683499930239334,1683499930239344d,10
1683499930239974,1683499930239985d,11
1683499930240672,1683499930240683d,11
1683499930241321,1683499930241332d,11
1683499930242078,1683499930242089d,11
1683499930242735,1683499930242745d,10
1683499930243413,1683499930243424d,11
1683499930244059,1683499930244069d,10
1683499930244700,1683499930244711d,11
1683499930245421,1683499930245432d,11
1683499930246077,1683499930246087d,10
1683499930246731,1683499930246741d,10
1683499930247428,1683499930247438d,10
1683499930248073,1683499930248083d,10
1683499930248791,1683499930248802d,11
1683499930249444,1683499930249454d,10
1683499930250117,1683499930250128d,11
1683499930250765,1683499930250775d,10
1683499930251404,1683499930251414d,10
1683499930252058,1683499930252069d,11
1683499930252716,1683499930252727d,11
1683499930253380,1683499930253390d,10
1683499930254091,1683499930254102d,11
1683499930254757,1683499930254768d,11
1683499930255434,1683499930255445d,11
1683499930256071,1683499930256082d,11
1683499930256718,1683499930256728d,10
1683499930258214,1683499930258219d,5
1683499930258918,1683499930258929d,11
1683499930259578,1683499930259588d,10
1683499930260231,1683499930260242d,11
1683499930260871,1683499930260881d,10
1683499930261540,1683499930261551d,11
1683499930262226,1683499930262236d,10
1683499930262855,1683499930262868d,13
1683499930263522,1683499930263533d,11
1683499930264191,1683499930264205d,14
1683499930264859,1683499930264870d,11
1683499930265541,1683499930265551d,10
1683499930266254,1683499930266265d,11
1683499930266890,1683499930266901d,11
1683499930267555,1683499930267565d,10
1683499930268247,1683499930268257d,10
1683499930268993,1683499930269003d,10
1683499930269689,1683499930269700d,11
1683499930270350,1683499930270360d,10
1683499930270993,1683499930271003d,10
1683499930271687,1683499930271699d,12
1683499930272393,1683499930272403d,10
1683499930273037,1683499930273047d,10
1683499930273716,1683499930273726d,10
1683499930274355,1683499930274365d,10
1683499930275042,1683499930275053d,11
1683499930275705,1683499930275716d,11
1683499930276388,1683499930276398d,10
1683499930277088,1683499930277099d,11
1683499930277727,1683499930277738d,11
1683499930278372,1683499930278382d,10
1683499930279032,1683499930279043d,11
1683499930279727,1683499930279738d,11
1683499930280399,1683499930280410d,11
1683499930281114,1683499930281124d,10
1683499930281779,1683499930281790d,11
1683499930282486,1683499930282497d,11
1683499930283164,1683499930283174d,10
1683499930283832,1683499930283843d,11
1683499930284509,1683499930284520d,11
1683499930285166,1683499930285177d,11
1683499930285860,1683499930285871d,11
1683499930286550,1683499930286560d,10
1683499930287239,1683499930287249d,10
1683499930287883,1683499930287893d,10
1683499930288560,1683499930288571d,11
1683499930289231,1683499930289241d,10
1683499930289871,1683499930289881d,10
1683499930290516,1683499930290526d,10
1683499930291168,1683499930291179d,11
1683499930291837,1683499930291848d,11
1683499930292524,1683499930292535d,11
1683499930293188,1683499930293198d,10
1683499930293850,1683499930293861d,11
1683499930294519,1683499930294530d,11
1683499930295183,1683499930295193d,10
1683499930295848,1683499930295859d,11
1683499930296515,1683499930296525d,10
1683499930297184,1683499930297194d,10
1683499930297875,1683499930297886d,11
1683499930298525,1683499930298536d,11
1683499930299208,1683499930299219d,11
1683499930299873,1683499930299883d,10
1683499930300576,1683499930300587d,11
1683499930301241,1683499930301251d,10
1683499930301904,1683499930301914d,10
1683499930302623,1683499930302634d,11
1683499930303289,1683499930303299d,10
1683499930303945,1683499930303956d,11
1683499930304587,1683499930304597d,10
1683499930305270,1683499930305280d,10
1683499930305960,1683499930305970d,10
1683499930306660,1683499930306671d,11
1683499930307355,1683499930307366d,11
1683499930308040,1683499930308050d,10
1683499930308714,1683499930308725d,11
1683499930309359,1683499930309369d,10
1683499930310028,1683499930310039d,11
1683499930310701,1683499930310712d,11
1683499930311363,1683499930311373d,10
1683499930312021,1683499930312031d,10
1683499930312718,1683499930312729d,11
1683499930313465,1683499930313476d,11
1683499930314130,1683499930314141d,11
1683499930314797,1683499930314807d,10
1683499930315471,1683499930315482d,11
1683499930316125,1683499930316135d,10
1683499930316794,1683499930316805d,11
1683499930317460,1683499930317470d,10
1683499930318120,1683499930318130d,10
1683499930318814,1683499930318824d,10
1683499930319525,1683499930319535d,10
1683499930320243,1683499930320253d,10
1683499930320908,1683499930320919d,11
1683499930321589,1683499930321600d,11
1683499930322297,1683499930322307d,10
1683499930322959,1683499930322969d,10
1683499930323621,1683499930323631d,10
1683499930324376,1683499930324387d,11
1683499930325057,1683499930325068d,11
1683499930325747,1683499930325757d,10
1683499930326426,1683499930326436d,10
1683499930327106,1683499930327117d,11
1683499930327838,1683499930327849d,11
1683499930328572,1683499930328583d,11
1683499930329367,1683499930329377d,10
1683499930330059,1683499930330069d,10
1683499930330732,1683499930330743d,11
1683499930331421,1683499930331432d,11
1683499930332145,1683499930332155d,10
1683499930332869,1683499930332880d,11
1683499930333538,1683499930333548d,10
1683499930334215,1683499930334226d,11
1683499930334886,1683499930334897d,11
1683499930335603,1683499930335614d,11
1683499930336302,1683499930336313d,11
1683499930337017,1683499930337028d,11
1683499930337671,1683499930337682d,11
1683499930338365,1683499930338375d,10
1683499930339059,1683499930339070d,11
1683499930339758,1683499930339770d,12
1683499930340419,1683499930340430d,11
1683499930341107,1683499930341117d,10
1683499930341771,1683499930341782d,11
1683499930342447,1683499930342458d,11
1683499930343157,1683499930343167d,10
1683499930343829,1683499930343840d,11
1683499930344482,1683499930344493d,11
1683499930345151,1683499930345162d,11
1683499930345826,1683499930345837d,11
1683499930346538,1683499930346549d,11
1683499930347206,1683499930347216d,10
1683499930348396,1683499930348407d,11
1683499930349030,1683499930349041d,11
1683499930349724,1683499930349735d,11
1683499930350380,1683499930350391d,11
1683499930351041,1683499930351052d,11
1683499930351778,1683499930351789d,11
1683499930352444,1683499930352455d,11
1683499930353121,1683499930353131d,10
1683499930353789,1683499930353800d,11
1683499930354461,1683499930354471d,10
1683499930355136,1683499930355147d,11
1683499930355813,1683499930355825d,12
1683499930356477,1683499930356488d,11
1683499930357184,1683499930357195d,11
1683499930357878,1683499930357889d,11
1683499930358557,1683499930358567d,10
1683499930359224,1683499930359234d,10
1683499930359933,1683499930359943d,10
1683499930360594,1683499930360604d,10
1683499930361250,1683499930361260d,10
1683499930361924,1683499930361934d,10
1683499930362604,1683499930362615d,11
1683499930363320,1683499930363331d,11
1683499930363983,1683499930363993d,10
1683499930364760,1683499930364770d,10
1683499930365416,1683499930365426d,10
1683499930366073,1683499930366084d,11
1683499930366730,1683499930366741d,11
1683499930367456,1683499930367466d,10
1683499930368144,1683499930368154d,10
1683499930368863,1683499930368874d,11
1683499930369538,1683499930369549d,11
1683499930370242,1683499930370253d,11
1683499930370894,1683499930370905d,11
1683499930371551,1683499930371562d,11
1683499930372202,1683499930372213d,11
1683499930372850,1683499930372861d,11
1683499930373493,1683499930373504d,11
1683499930374152,1683499930374163d,11
1683499930374817,1683499930374828d,11
1683499930375480,1683499930375490d,10
1683499930376182,1683499930376192d,10
1683499930376888,1683499930376899d,11
1683499930377541,1683499930377551d,10
1683499930378201,1683499930378211d,10
1683499930378892,1683499930378903d,11
1683499930379586,1683499930379596d,10
1683499930380258,1683499930380268d,10
1683499930380926,1683499930380936d,10
1683499930381630,1683499930381641d,11
1683499930382306,1683499930382316d,10
1683499930382951,1683499930382962d,11
1683499930383612,1683499930383623d,11
1683499930384274,1683499930384284d,10
1683499930384950,1683499930384960d,10
1683499930385622,1683499930385633d,11
1683499930386299,1683499930386310d,11
1683499930386986,1683499930386997d,11
1683499930387684,1683499930387695d,11
1683499930388351,1683499930388364d,13
1683499930389055,1683499930389066d,11
1683499930389752,1683499930389763d,11
1683499930390534,1683499930390545d,11
1683499930391178,1683499930391189d,11
1683499930391867,1683499930391878d,11
1683499930392569,1683499930392580d,11
1683499930393240,1683499930393250d,10
1683499930393938,1683499930393948d,10
1683499930394686,1683499930394697d,11
1683499930395404,1683499930395415d,11
1683499930396166,1683499930396177d,11
1683499930396811,1683499930396822d,11
1683499930397477,1683499930397487d,10
1683499930398164,1683499930398174d,10
1683499930398863,1683499930398874d,11
1683499930399560,1683499930399571d,11
1683499930400202,1683499930400213d,11
1683499930400901,1683499930400911d,10
1683499930402099,1683499930402109d,10
1683499930402754,1683499930402764d,10
1683499930403407,1683499930403418d,11
1683499930404066,1683499930404077d,11
1683499930404743,1683499930404754d,11
1683499930405398,1683499930405408d,10
1683499930406068,1683499930406078d,10
1683499930406733,1683499930406743d,10
1683499930407419,1683499930407430d,11
1683499930408095,1683499930408106d,11
1683499930408788,1683499930408799d,11
1683499930409460,1683499930409470d,10
1683499930410142,1683499930410152d,10
1683499930410844,1683499930410854d,10
1683499930411496,1683499930411506d,10
1683499930412238,1683499930412248d,10
1683499930412932,1683499930412943d,11
1683499930413619,1683499930413629d,10
1683499930414263,1683499930414273d,10
1683499930414922,1683499930414933d,11
1683499930415576,1683499930415586d,10
1683499930416204,1683499930416214d,10
1683499930416847,1683499930416857d,10
1683499930417481,1683499930417492d,11
1683499930418130,1683499930418141d,11
1683499930418790,1683499930418800d,10
1683499930419451,1683499930419461d,10
1683499930420163,1683499930420173d,10
1683499930420805,1683499930420815d,10
1683499930421439,1683499930421450d,11
1683499930422103,1683499930422114d,11
1683499930422759,1683499930422770d,11
1683499930423443,1683499930423454d,11
1683499930424101,1683499930424112d,11
1683499930424797,1683499930424808d,11
1683499930425447,1683499930425457d,10
1683499930426090,1683499930426100d,10
1683499930426747,1683499930426758d,11
1683499930427403,1683499930427413d,10
1683499930428063,1683499930428073d,10
1683499930428713,1683499930428724d,11
1683499930429366,1683499930429376d,10
1683499930430035,1683499930430046d,11
1683499930430713,1683499930430723d,10
1683499930431424,1683499930431435d,11
1683499930432124,1683499930432135d,11
1683499930432845,1683499930432856d,11
1683499930433513,1683499930433523d,10
1683499930434229,1683499930434240d,11
1683499930434929,1683499930434939d,10
1683499930435602,1683499930435613d,11
1683499930436288,1683499930436299d,11
1683499930437601,1683499930437612d,11
1683499930438240,1683499930438249d,9
1683499930438910,1683499930438920d,10
1683499930439599,1683499930439609d,10
1683499930440258,1683499930440268d,10
1683499930440931,1683499930440941d,10
1683499930441614,1683499930441624d,10
1683499930442258,1683499930442267d,9
1683499930442911,1683499930442921d,10
1683499930443545,1683499930443555d,10
1683499930444190,1683499930444200d,10
1683499930444844,1683499930444854d,10
1683499930445545,1683499930445555d,10
1683499930446193,1683499930446203d,10
1683499930446874,1683499930446884d,10
1683499930447517,1683499930447527d,10
1683499930448179,1683499930448190d,11
1683499930449794,1683499930449804d,10
1683499930450535,1683499930450547d,12
1683499930451203,1683499930451215d,12
1683499930451895,1683499930451906d,11
1683499930452582,1683499930452593d,11
1683499930453279,1683499930453292d,13
1683499930453961,1683499930453971d,10
1683499930454655,1683499930454666d,11
1683499930455425,1683499930455436d,11
1683499930456165,1683499930456176d,11
1683499930456891,1683499930456901d,10
1683499930457662,1683499930457673d,11
1683499930458359,1683499930458370d,11
1683499930459116,1683499930459130d,14
1683499930459845,1683499930459856d,11
1683499930460591,1683499930460602d,11
1683499930461274,1683499930461284d,10
1683499930462078,1683499930462089d,11
1683499930462794,1683499930462805d,11
1683499930463498,1683499930463508d,10
1683499930464228,1683499930464239d,11
1683499930464958,1683499930464968d,10
1683499930465675,1683499930465686d,11
1683499930466352,1683499930466362d,10
1683499930467031,1683499930467042d,11
1683499930467790,1683499930467801d,11
1683499930468489,1683499930468499d,10
1683499930469201,1683499930469212d,11
1683499930469875,1683499930469886d,11
1683499930470565,1683499930470576d,11
1683499930471247,1683499930471259d,12
1683499930471902,1683499930471912d,10
1683499930472566,1683499930472576d,10
1683499930473256,1683499930473267d,11
1683499930473928,1683499930473938d,10
1683499930474624,1683499930474635d,11
1683499930475298,1683499930475308d,10
1683499930475957,1683499930475968d,11
1683499930476679,1683499930476689d,10
1683499930477361,1683499930477371d,10
1683499930478023,1683499930478033d,10
1683499930478668,1683499930478679d,11
1683499930479360,1683499930479371d,11
1683499930480082,1683499930480093d,11
1683499930480724,1683499930480734d,10
1683499930481368,1683499930481379d,11
1683499930482078,1683499930482089d,11
1683499930482778,1683499930482789d,11
1683499930483458,1683499930483468d,10
1683499930484093,1683499930484104d,11
1683499930484756,1683499930484767d,11
1683499930485427,1683499930485438d,11
1683499930486113,1683499930486124d,11
1683499930486770,1683499930486781d,11
1683499930487456,1683499930487467d,11
1683499930488096,1683499930488107d,11
1683499930488771,1683499930488782d,11
1683499930489482,1683499930489493d,11
1683499930490129,1683499930490139d,10
1683499930490879,1683499930490889d,10
1683499930491604,1683499930491614d,10
1683499930492275,1683499930492285d,10
1683499930492929,1683499930492939d,10
1683499930493594,1683499930493604d,10
1683499930494274,1683499930494285d,11
1683499930494902,1683499930494913d,11
1683499930495595,1683499930495606d,11
1683499930496298,1683499930496308d,10
1683499930496977,1683499930496988d,11
1683499930497627,1683499930497637d,10
1683499930498333,1683499930498344d,11
1683499930499001,1683499930499012d,11
1683499930499704,1683499930499716d,12
1683499930500404,1683499930500414d,10
1683499930501071,1683499930501081d,10
1683499930501796,1683499930501807d,11
1683499930502496,1683499930502507d,11
1683499930503217,1683499930503228d,11
1683499930503915,1683499930503926d,11
1683499930504625,1683499930504635d,10
1683499930505322,1683499930505332d,10
1683499930505990,1683499930506000d,10
1683499930506683,1683499930506694d,11
1683499930507390,1683499930507401d,11
1683499930508058,1683499930508068d,10
1683499930508782,1683499930508793d,11
1683499930509512,1683499930509522d,10
1683499930510219,1683499930510230d,11
1683499930511483,1683499930511494d,11
1683499930512195,1683499930512206d,11
1683499930512887,1683499930512897d,10
1683499930515124,1683499930515134d,10
1683499930515842,1683499930515853d,11
1683499930517110,1683499930517120d,10
1683499930517846,1683499930517857d,11
1683499930518552,1683499930518563d,11
1683499930519297,1683499930519307d,10
1683499930519997,1683499930520007d,10
1683499930520709,1683499930520719d,10
1683499930521411,1683499930521421d,10
1683499930522111,1683499930522122d,11
1683499930522839,1683499930522849d,10
1683499930523507,1683499930523517d,10
1683499930524179,1683499930524190d,11
1683499930524858,1683499930524868d,10
1683499930525578,1683499930525589d,11
1683499930526301,1683499930526312d,11
1683499930527001,1683499930527012d,11
1683499930527736,1683499930527746d,10
1683499930528387,1683499930528397d,10
1683499930529102,1683499930529113d,11
1683499930529790,1683499930529799d,9
1683499930530591,1683499930530601d,10
1683499930531273,1683499930531283d,10
1683499930531978,1683499930531989d,11
1683499930532737,1683499930532750d,13
1683499930533395,1683499930533405d,10
1683499930534098,1683499930534109d,11
1683499930534811,1683499930534821d,10
1683499930535485,1683499930535496d,11
1683499930536170,1683499930536180d,10
1683499930536865,1683499930536876d,11
1683499930537545,1683499930537555d,10
1683499930538225,1683499930538235d,10
1683499930538907,1683499930538917d,10
1683499930539677,1683499930539685d,8
1683499930540931,1683499930540942d,11
1683499930541598,1683499930541609d,11
1683499930542437,1683499930542447d,10
1683499930543140,1683499930543151d,11
1683499930543824,1683499930543835d,11
1683499930544476,1683499930544486d,10
1683499930545159,1683499930545169d,10
1683499930545826,1683499930545837d,11
1683499930546512,1683499930546522d,10
1683499930547200,1683499930547210d,10
1683499930547969,1683499930547979d,10
1683499930548948,1683499930548958d,10
1683499930549614,1683499930549624d,10
1683499930550715,1683499930550726d,11
1683499930551396,1683499930551407d,11
1683499930552074,1683499930552085d,11
1683499930552772,1683499930552783d,11
1683499930553432,1683499930553442d,10
1683499930554155,1683499930554165d,10
1683499930554814,1683499930554825d,11
1683499930555582,1683499930555592d,10
1683499930556313,1683499930556323d,10
1683499930557009,1683499930557020d,11
1683499930557654,1683499930557664d,10
1683499930558310,1683499930558321d,11
1683499930559025,1683499930559036d,11
1683499930559685,1683499930559696d,11
1683499930560370,1683499930560380d,10
1683499930561056,1683499930561066d,10
1683499930561781,1683499930561791d,10
1683499930562437,1683499930562447d,10
1683499930563142,1683499930563153d,11
1683499930563820,1683499930563832d,12
1683499930564457,1683499930564468d,11
1683499930565143,1683499930565153d,10
1683499930565815,1683499930565825d,10
1683499930566464,1683499930566474d,10
1683499930567176,1683499930567186d,10
1683499930567888,1683499930567899d,11
1683499930568537,1683499930568547d,10
1683499930569221,1683499930569232d,11
1683499930569903,1683499930569914d,11
1683499930570564,1683499930570575d,11
1683499930575182,1683499930575195d,13
1683499930575943,1683499930575954d,11
1683499930576663,1683499930576673d,10
1683499930577333,1683499930577344d,11
1683499930578047,1683499930578058d,11
1683499930578742,1683499930578753d,11
1683499930579435,1683499930579446d,11
1683499930580129,1683499930580139d,10
1683499930580809,1683499930580819d,10
1683499930581475,1683499930581485d,10
1683499930582168,1683499930582178d,10
1683499930582847,1683499930582857d,10
1683499930583551,1683499930583561d,10
1683499930584231,1683499930584241d,10
1683499930584944,1683499930584954d,10
1683499930585600,1683499930585610d,10
1683499930586246,1683499930586255d,9
1683499930586956,1683499930586966d,10
1683499930587671,1683499930587682d,11
1683499930588350,1683499930588360d,10
1683499930589010,1683499930589020d,10
1683499930589688,1683499930589699d,11
1683499930590370,1683499930590381d,11
