1683499995870559,1683499995879389d,8830
1683499995884169,1683499995884657d,488
1683499995892029,1683499995892609d,580
1683499995904032,1683499995904688d,656
1683499995913713,1683499995913776d,63
1683499995914324,1683499995914803d,479
1683499995923920,1683499995926422d,2502
1683499995931279,1683499995931511d,232
1683499995939648,1683499995939659d,11
1683499995946441,1683499995946907d,466
1683499995956137,1683499995956764d,627
1683499995962281,1683499995962481d,200
1683499995962998,1683499995963608d,610
1683499995972037,1683499995972858d,821
1683499995973245,1683499995983743d,10498
1683499995984270,1683499995984914d,644
1683499995992286,1683499996003600d,11314
1683499996004021,1683499996004611d,590
1683499996012214,1683499996012864d,650
1683499996023665,1683499996023671d,6
1683499996024244,1683499996024794d,550
1683499996025419,1683499996031303d,5884
1683499996039919,1683499996040585d,666
1683499996049065,1683499996049158d,93
1683499996056209,1683499996067601d,11392
1683499996068193,1683499996069056d,863
1683499996076021,1683499996076602d,581
1683499996083991,1683499996084513d,522
1683499996092156,1683499996092769d,613
1683499996100309,1683499996100920d,611
1683499996107259,1683499996107582d,323
1683499996114188,1683499996123815d,9627
1683499996124302,1683499996124940d,638
1683499996131847,1683499996131863d,16
1683499996139748,1683499996139757d,9
1683499996140318,1683499996140931d,613
1683499996141353,1683499996146435d,5082
1683499996148249,1683499996148835d,586
1683499996156254,1683499996156849d,595
1683499996163639,1683499996163650d,11
1683499996171730,1683499996171740d,10
1683499996178289,1683499996178417d,128
1683499996186298,1683499996186488d,190
1683499996186950,1683499996198507d,11557
1683499996210440,1683499996211172d,732
1683499996222448,1683499996231616d,9168
1683499996232067,1683499996232579d,512
1683499996243572,1683499996243904d,332
1683499996250437,1683499996250504d,67
1683499996258311,1683499996263727d,5416
1683499996271636,1683499996272916d,1280
1683499996273447,1683499996274053d,606
1683499996274573,1683499996275202d,629
1683499996283298,1683499996283396d,98
1683499996295474,1683499996296245d,771
1683499996303462,1683499996304002d,540
1683499996312018,1683499996312697d,679
1683499996323484,1683499996323930d,446
1683499996331985,1683499996332490d,505
1683499996333073,1683499996333529d,456
1683499996340102,1683499996340642d,540
1683499996341209,1683499996348995d,7786
1683499996359756,1683499996359764d,8
1683499996360257,1683499996365008d,4751
1683499996376942,1683499996377182d,240
1683499996377736,1683499996378214d,478
1683499996388250,1683499996389166d,916
1683499996396256,1683499996396845d,589
1683499996402410,1683499996403390d,980
1683499996412866,1683499996413083d,217
1683499996423776,1683499996423785d,9
1683499996424306,1683499996434865d,10559
1683499996443780,1683499996443786d,6
1683499996452108,1683499996452852d,744
1683499996459668,1683499996459678d,10
1683499996471751,1683499996471778d,27
1683499996472477,1683499996473283d,806
1683499996473897,1683499996474528d,631
1683499996475089,1683499996487594d,12505
1683499996488134,1683499996488733d,599
1683499996499680,1683499996499689d,9
1683499996500296,1683499996500876d,580
1683499996501412,1683499996502043d,631
1683499996507999,1683499996519660d,11661
1683499996520163,1683499996520971d,808
1683499996531945,1683499996543598d,11653
1683499996544121,1683499996544799d,678
1683499996552096,1683499996556971d,4875
1683499996564957,1683499996565085d,128
1683499996576943,1683499996577289d,346
1683499996588890,1683499996589074d,184
1683499996589778,1683499996600925d,11147
1683499996601575,1683499996602079d,504
1683499996615586,1683499996615604d,18
1683499996620906,1683499996621513d,607
1683499996628217,1683499996628884d,667
1683499996636257,1683499996636901d,644
1683499996637435,1683499996638049d,614
1683499996638637,1683499996639387d,750
1683499996639765,1683499996640440d,675
1683499996652145,1683499996652584d,439
1683499996664048,1683499996664622d,574
1683499996672191,1683499996672851d,660
1683499996684207,1683499996695587d,11380
1683499996696202,1683499996696783d,581
1683499996704262,1683499996704897d,635
1683499996705385,1683499996712390d,7005
1683499996721050,1683499996728084d,7034
1683499996739717,1683499996751593d,11876
1683499996759833,1683499996759845d,12
1683499996768061,1683499996768400d,339
1683499996775465,1683499996775780d,315
1683499996787650,1683499996787668d,18
1683499996799665,1683499996799677d,12
1683499996811749,1683499996811754d,5
1683499996823664,1683499996823678d,14
1683499996831656,1683499996843698d,12042
1683499996844326,1683499996844835d,509
1683499996855596,1683499996855896d,300
1683499996863382,1683499996863393d,11
1683499996871254,1683499996871439d,185
1683499996883275,1683499996883433d,158
1683499996895456,1683499996895471d,15
1683499996903636,1683499996903889d,253
1683499996915670,1683499996915730d,60
1683499996928003,1683499996928473d,470
1683499996929066,1683499996929605d,539
1683499996930161,1683499996939653d,9492
1683499996940100,1683499996940607d,507
1683499996948230,1683499996948687d,457
1683499996956291,1683499996956871d,580
1683499996964218,1683499996964775d,557
1683499996976248,1683499996976773d,525
1683499996985157,1683499996985211d,54
1683499996996312,1683499996996793d,481
1683499997003652,1683499997003662d,10
1683499997011768,1683499997011779d,11
1683499997019678,1683499997019692d,14
1683499997031737,1683499997031749d,12
1683499997043665,1683499997043695d,30
1683499997045092,1683499997045190d,98
1683499997052367,1683499997059598d,7231
1683499997060416,1683499997063851d,3435
1683499997075993,1683499997076615d,622
1683499997077281,1683499997089054d,11773
1683499997100003,1683499997100532d,529
1683499997108333,1683499997109031d,698
1683499997119726,1683499997119735d,9
1683499997131672,1683499997131686d,14
1683499997139663,1683499997139687d,24
1683499997151729,1683499997151739d,10
1683499997159673,1683499997159680d,7
1683499997171741,1683499997171753d,12
1683499997172473,1683499997172954d,481
1683499997180117,1683499997180755d,638
1683499997181275,1683499997187751d,6476
1683499997188550,1683499997189119d,569
1683499997201402,1683499997202033d,631
1683499997213080,1683499997213124d,44
1683499997219666,1683499997219681d,15
1683499997220917,1683499997221278d,361
1683499997231733,1683499997231748d,15
1683499997232348,1683499997232906d,558
1683499997237044,1683499997237077d,33
1683499997243639,1683499997244272d,633
1683499997256133,1683499997263593d,7460
1683499997267646,1683499997267935d,289
1683499997268549,1683499997268941d,392
1683499997269682,1683499997270356d,674
1683499997281348,1683499997281423d,75
1683499997282222,1683499997282606d,384
1683499997283228,1683499997283720d,492
1683499997291658,1683499997291665d,7
1683499997292326,1683499997292801d,475
1683499997299658,1683499997302759d,3101
1683499997313293,1683499997315801d,2508
1683499997321028,1683499997321103d,75
1683499997324353,1683499997335602d,11249
1683499997343695,1683499997343706d,11
1683499997355694,1683499997355706d,12
1683499997367743,1683499997367755d,12
1683499997376217,1683499997376623d,406
1683499997387463,1683499997387774d,311
1683499997392300,1683499997392740d,440
1683499997403642,1683499997403656d,14
1683499997416003,1683499997416445d,442
1683499997417100,1683499997417604d,504
1683499997423483,1683499997426896d,3413
1683499997438448,1683499997438977d,529
1683499997447902,1683499997450917d,3015
1683499997451459,1683499997462845d,11386
1683499997463693,1683499997464228d,535
1683499997464943,1683499997465385d,442
1683499997466129,1683499997466595d,466
1683499997467249,1683499997467797d,548
1683499997468426,1683499997468907d,481
1683499997479441,1683499997479767d,326
1683499997492150,1683499997492766d,616
1683499997493382,1683499997499590d,6208
1683499997508089,1683499997508680d,591
1683499997519662,1683499997519672d,10
1683499997531693,1683499997531698d,5
1683499997532421,1683499997532804d,383
1683499997533499,1683499997540251d,6752
1683499997551684,1683499997551691d,7
1683499997560013,1683499997560767d,754
1683499997561404,1683499997567693d,6289
1683499997579904,1683499997580586d,682
1683499997591987,1683499997592574d,587
1683499997601141,1683499997601148d,7
1683499997611766,1683499997611777d,11
1683499997612313,1683499997622489d,10176
1683499997623157,1683499997623780d,623
1683499997624262,1683499997624874d,612
1683499997636271,1683499997643601d,7330
1683499997644139,1683499997644662d,523
1683499997655580,1683499997655930d,350
1683499997664211,1683499997671602d,7391
1683499997672840,1683499997673327d,487
1683499997683671,1683499997683679d,8
1683499997695693,1683499997695701d,8
1683499997696545,1683499997704229d,7684
1683499997704947,1683499997705483d,536
1683499997717113,1683499997717120d,7
1683499997728979,1683499997729097d,118
1683499997736152,1683499997736705d,553
1683499997747544,1683499997756982d,9438
1683499997770228,1683499997770440d,212
1683499997775680,1683499997775695d,15
1683499997787759,1683499997787769d,10
1683499997788328,1683499997788854d,526
1683499997796232,1683499997798861d,2629
1683499997808307,1683499997815598d,7291
1683499997820295,1683499997820788d,493
1683499997832207,1683499997832808d,601
1683499997844370,1683499997851728d,7358
1683499997859675,1683499997859702d,27
1683499997860464,1683499997860905d,441
1683499997861487,1683499997867607d,6120
1683499997868111,1683499997879596d,11485
1683499997880239,1683499997880904d,665
1683499997881487,1683499997888365d,6878
1683499997896029,1683499997896585d,556
1683499997904232,1683499997904684d,452
1683499997911482,1683499997911894d,412
1683499997923442,1683499997923940d,498
1683499997931730,1683499997931736d,6
1683499997939619,1683499997943657d,4038
1683499997944321,1683499997951654d,7333
1683499997952267,1683499997952810d,543
1683499997964279,1683499997964842d,563
1683499997975498,1683499997975842d,344
1683499997976578,1683499997977093d,515
1683499997983583,1683499997991599d,8016
1683499997995380,1683499997995391d,11
1683499997996473,1683499997996949d,476
1683499998008904,1683499998009118d,214
1683499998016952,1683499998017090d,138
1683499998028089,1683499998028604d,515
1683499998034498,1683499998034505d,7
1683499998042513,1683499998042651d,138
1683499998052008,1683499998052018d,10
1683499998052565,1683499998053095d,530
1683499998053644,1683499998054247d,603
1683499998059466,1683499998060450d,984
1683499998067566,1683499998067884d,318
1683499998068409,1683499998069118d,709
1683499998080310,1683499998080866d,556
1683499998091512,1683499998099593d,8081
1683499998100329,1683499998100721d,392
1683499998111267,1683499998111449d,182
1683499998123568,1683499998123843d,275
1683499998124498,1683499998128315d,3817
1683499998139737,1683499998139746d,9
1683499998151655,1683499998151667d,12
1683499998160132,1683499998160144d,12
1683499998164393,1683499998164978d,585
1683499998176069,1683499998184902d,8833
1683499998185430,1683499998185964d,534
1683499998191508,1683499998191806d,298
1683499998199438,1683499998199937d,499
1683499998211666,1683499998211671d,5
1683499998223748,1683499998223756d,8
1683499998231833,1683499998231845d,12
1683499998239765,1683499998239775d,10
1683499998242520,1683499998242526d,6
1683499998243759,1683499998244047d,288
1683499998250508,1683499998250524d,16
1683499998251778,1683499998251964d,186
1683499998259364,1683499998259470d,106
1683499998271313,1683499998271414d,101
1683499998272092,1683499998282874d,10782
1683499998290548,1683499998290925d,377
1683499998300251,1683499998301614d,1363
1683499998311688,1683499998311698d,10
1683499998319770,1683499998319782d,12
1683499998327572,1683499998327849d,277
1683499998339572,1683499998339897d,325
1683499998351755,1683499998351766d,11
1683499998360540,1683499998361085d,545
1683499998361771,1683499998362319d,548
1683499998371746,1683499998371756d,10
1683499998379663,1683499998379696d,33
1683499998384272,1683499998384825d,553
1683499998385376,1683499998385892d,516
1683499998397080,1683499998397172d,92
1683499998397852,1683499998398377d,525
1683499998398965,1683499998399518d,553
1683499998400158,1683499998409045d,8887
1683499998420970,1683499998421171d,201
1683499998421829,1683499998428321d,6492
1683499998428999,1683499998429555d,556
1683499998435695,1683499998435717d,22
1683499998443854,1683499998443861d,7
1683499998447476,1683499998447906d,430
1683499998448540,1683499998449031d,491
1683499998455483,1683499998458774d,3291
1683499998467633,1683499998467652d,19
1683499998479710,1683499998479721d,11
1683499998491653,1683499998491665d,12
1683499998503733,1683499998503742d,9
1683499998504282,1683499998511592d,7310
1683499998514281,1683499998519585d,5304
1683499998527584,1683499998527891d,307
1683499998535445,1683499998536197d,752
1683499998542333,1683499998542448d,115
1683499998550297,1683499998550477d,180
1683499998550991,1683499998551480d,489
1683499998559989,1683499998560500d,511
1683499998561145,1683499998561694d,549
1683499998573327,1683499998573359d,32
1683499998584890,1683499998585311d,421
1683499998586023,1683499998586475d,452
1683499998587167,1683499998595592d,8425
1683499998596202,1683499998596668d,466
1683499998597358,1683499998604317d,6959
1683499998604989,1683499998605618d,629
1683499998616372,1683499998627610d,11238
1683499998628171,1683499998628609d,438
1683499998639637,1683499998640146d,509
1683499998646561,1683499998647065d,504
1683499998652644,1683499998652654d,10
1683499998653201,1683499998653837d,636
1683499998660228,1683499998660831d,603
1683499998672215,1683499998672680d,465
1683499998684351,1683499998685066d,715
1683499998696432,1683499998697032d,600
1683499998707566,1683499998708353d,787
1683499998720252,1683499998720913d,661
1683499998728036,1683499998728044d,8
1683499998740173,1683499998740671d,498
1683499998751751,1683499998751758d,7
1683499998752338,1683499998753002d,664
1683499998764274,1683499998764752d,478
1683499998770467,1683499998770489d,22
1683499998779673,1683499998779682d,9
1683499998780304,1683499998780885d,581
1683499998791572,1683499998791900d,328
1683499998804049,1683499998804618d,569
1683499998815712,1683499998815955d,243
1683499998827454,1683499998828092d,638
1683499998828468,1683499998828986d,518
1683499998839745,1683499998839755d,10
1683499998842575,1683499998843141d,566
1683499998849336,1683499998849934d,598
1683499998858398,1683499998858443d,45
1683499998871302,1683499998871310d,8
1683499998871810,1683499998872319d,509
1683499998883502,1683499998883820d,318
1683499998891406,1683499998891880d,474
1683499998903505,1683499998903857d,352
1683499998920136,1683499998920149d,13
1683499998920828,1683499998926299d,5471
1683499998927006,1683499998931586d,4580
1683499998935588,1683499998935994d,406
1683499998936696,1683499998946936d,10240
1683499998948305,1683499998948779d,474
1683499998960416,1683499998960947d,531
1683499998966427,1683499998966434d,7
1683499998972111,1683499998978446d,6335
1683499998978954,1683499998979458d,504
1683499998983746,1683499998983756d,10
1683499998984485,1683499998985021d,536
1683499998992220,1683499998992227d,7
1683499998999251,1683499998999503d,252
1683499999007611,1683499999011658d,4047
1683499999023686,1683499999023695d,9
1683499999031729,1683499999034474d,2745
1683499999035596,1683499999046518d,10922
1683499999055674,1683499999055685d,11
1683499999063735,1683499999063746d,11
1683499999069070,1683499999069114d,44
1683499999086303,1683499999086408d,105
1683499999098351,1683499999098399d,48
1683499999107652,1683499999107666d,14
1683499999108339,1683499999108891d,552
1683499999116327,1683499999123587d,7260
1683499999124475,1683499999124897d,422
1683499999125657,1683499999126143d,486
1683499999126780,1683499999127381d,601
1683499999135637,1683499999135646d,9
1683499999147750,1683499999147761d,11
1683499999159681,1683499999159693d,12
1683499999167747,1683499999167761d,14
1683499999168291,1683499999171482d,3191
1683499999175925,1683499999175932d,7
1683499999180995,1683499999183782d,2787
1683499999195492,1683499999195804d,312
1683499999207948,1683499999218417d,10469
1683499999223736,1683499999224006d,270
1683499999235687,1683499999235694d,7
1683499999247992,1683499999248643d,651
1683499999260053,1683499999260060d,7
1683499999260549,1683499999261004d,455
1683499999261563,1683499999262184d,621
1683499999272034,1683499999272632d,598
1683499999273119,1683499999273470d,351
1683499999284284,1683499999284790d,506
1683499999285542,1683499999286171d,629
1683499999295644,1683499999296989d,1345
1683499999303266,1683499999303419d,153
1683499999310243,1683499999315792d,5549
1683499999316288,1683499999316712d,424
1683499999324013,1683499999324632d,619
1683499999328868,1683499999334933d,6065
1683499999339986,1683499999342840d,2854
1683499999348083,1683499999348748d,665
1683499999349226,1683499999349664d,438
1683499999360101,1683499999367765d,7664
1683499999376883,1683499999377084d,201
1683499999377857,1683499999383361d,5504
1683499999383933,1683499999384386d,453
1683499999388287,1683499999388798d,511
1683499999399514,1683499999399897d,383
1683499999408921,1683499999409066d,145
1683499999419628,1683499999419637d,9
1683499999432000,1683499999432659d,659
1683499999444111,1683499999455563d,11452
1683499999456000,1683499999456600d,600
1683499999457229,1683499999457973d,744
1683499999458492,1683499999459108d,616
1683499999467672,1683499999467678d,6
1683499999468303,1683499999479649d,11346
1683499999480179,1683499999480864d,685
1683499999496062,1683499999496071d,9
1683499999496744,1683499999499326d,2582
1683499999510547,1683499999510880d,333
1683499999511606,1683499999523702d,12096
1683499999524234,1683499999524713d,479
1683499999530379,1683499999543591d,13212
1683499999544101,1683499999544635d,534
1683499999553082,1683499999553150d,68
1683499999560197,1683499999560315d,118
1683499999572191,1683499999572681d,490
1683499999581105,1683499999581112d,7
1683499999588135,1683499999588585d,450
1683499999589148,1683499999596391d,7243
1683499999608103,1683499999618858d,10755
1683499999619594,1683499999626946d,7352
1683499999636084,1683499999636575d,491
1683499999643881,1683499999644527d,646
1683499999645081,1683499999645735d,654
1683499999656295,1683499999657087d,792
1683499999657792,1683499999664122d,6330
1683499999664737,1683499999665274d,537
1683499999670477,1683499999670500d,23
1683499999675602,1683499999682860d,7258
1683499999691957,1683499999695976d,4019
1683499999704075,1683499999711601d,7526
1683499999712142,1683499999712652d,510
1683499999718607,1683499999720344d,1737
1683499999721065,1683499999721533d,468
1683499999732117,1683499999732622d,505
1683499999742410,1683499999742488d,78
1683499999743085,1683499999755622d,12537
1683499999756270,1683499999756855d,585
1683499999763521,1683499999763850d,329
1683499999774294,1683499999774389d,95
1683499999782397,1683499999782584d,187
1683499999790233,1683499999790716d,483
1683499999795626,1683499999798906d,3280
1683499999810515,1683499999810935d,420
1683499999821206,1683499999821280d,74
1683499999831684,1683499999831695d,11
1683499999840270,1683499999847750d,7480
1683499999848541,1683499999848987d,446
1683499999855453,1683499999863597d,8144
1683499999871592,1683499999871606d,14
1683499999876897,1683499999877072d,175
1683499999884298,1683499999884750d,452
1683499999896340,1683499999903617d,7277
1683499999904052,1683499999904475d,423
1683499999915955,1683499999915969d,14
1683499999916600,1683499999917200d,600
1683499999923408,1683499999923824d,416
1683499999935580,1683499999935775d,195
1683499999947636,1683499999947856d,220
1683499999948500,1683499999949044d,544
1683499999949567,1683499999950037d,470
1683499999961115,1683499999961170d,55
1683499999980143,1683499999980450d,307
1683499999987809,1683499999987819d,10
1683499999998304,1683499999998453d,149
1683500000015990,1683500000015998d,8
1683500000016641,1683500000017141d,500
1683500000028476,1683500000029073d,597
1683500000035690,1683500000035978d,288
1683500000047476,1683500000059592d,12116
1683500000060262,1683500000061005d,743
1683500000068440,1683500000068925d,485
1683500000081120,1683500000081152d,32
1683500000081926,1683500000082438d,512
1683500000091733,1683500000091744d,11
1683500000099491,1683500000099838d,347
1683500000110618,1683500000111016d,398
1683500000121099,1683500000121218d,119
1683500000122330,1683500000122529d,199
1683500000123295,1683500000123798d,503
1683500000131585,1683500000131820d,235
1683500000138435,1683500000138506d,71
1683500000146375,1683500000146421d,46
1683500000154316,1683500000154432d,116
1683500000159691,1683500000159707d,16
1683500000167778,1683500000167790d,12
1683500000168424,1683500000169109d,685
1683500000179695,1683500000179707d,12
1683500000191786,1683500000191799d,13
1683500000192427,1683500000193011d,584
1683500000205108,1683500000205266d,158
1683500000215962,1683500000215983d,21
1683500000228131,1683500000228785d,654
1683500000240233,1683500000247614d,7381
1683500000260174,1683500000260541d,367
1683500000271679,1683500000272004d,325
1683500000283793,1683500000283799d,6
1683500000286427,1683500000286439d,12
1683500000295580,1683500000295875d,295
1683500000303610,1683500000311641d,8031
1683500000312296,1683500000312809d,513
1683500000323820,1683500000323831d,11
1683500000335938,1683500000335956d,18
1683500000336519,1683500000336964d,445
1683500000344348,1683500000344821d,473
1683500000356323,1683500000363604d,7281
1683500000365760,1683500000366306d,546
1683500000378459,1683500000383306d,4847
1683500000387395,1683500000387648d,253
1683500000388091,1683500000388522d,431
1683500000389174,1683500000397159d,7985
1683500000408062,1683500000408563d,501
1683500000416190,1683500000416859d,669
1683500000417384,1683500000417869d,485
1683500000428049,1683500000428514d,465
1683500000435621,1683500000439464d,3843
1683500000447993,1683500000448585d,592
1683500000460071,1683500000460579d,508
1683500000471604,1683500000471622d,18
1683500000483660,1683500000483674d,14
1683500000495457,1683500000495464d,7
1683500000503366,1683500000507588d,4222
1683500000510509,1683500000510528d,19
1683500000511155,1683500000515836d,4681
1683500000527409,1683500000527866d,457
1683500000528512,1683500000529904d,1392
1683500000530584,1683500000531126d,542
1683500000531756,1683500000532246d,490
1683500000543863,1683500000543873d,10
1683500000555759,1683500000555777d,18
1683500000556474,1683500000556966d,492
1683500000563959,1683500000564491d,532
1683500000573053,1683500000573131d,78
1683500000573858,1683500000574318d,460
1683500000580383,1683500000580847d,464
1683500000588310,1683500000607603d,19293
1683500000608136,1683500000608587d,451
1683500000614520,1683500000614532d,12
1683500000626339,1683500000626522d,183
1683500000634326,1683500000634435d,109
1683500000642332,1683500000642460d,128
1683500000650327,1683500000650539d,212
1683500000659667,1683500000659679d,12
1683500000667744,1683500000667757d,13
1683500000679679,1683500000679685d,6
1683500000680458,1683500000681030d,572
1683500000692061,1683500000692700d,639
1683500000700492,1683500000701004d,512
1683500000707733,1683500000712221d,4488
1683500000713069,1683500000723818d,10749
1683500000724585,1683500000725076d,491
1683500000736476,1683500000742369d,5893
1683500000743086,1683500000743584d,498
1683500000756097,1683500000756814d,717
1683500000764066,1683500000775612d,11546
1683500000776064,1683500000776524d,460
1683500000787910,1683500000788561d,651
1683500000795595,1683500000795877d,282
1683500000807668,1683500000807676d,8
1683500000810693,1683500000810729d,36
1683500000811313,1683500000811838d,525
1683500000817053,1683500000817124d,71
1683500000829006,1683500000829051d,45
1683500000840938,1683500000841096d,158
1683500000841764,1683500000842291d,527
1683500000853034,1683500000853069d,35
1683500000864949,1683500000865061d,112
1683500000865760,1683500000866254d,494
1683500000876286,1683500000876989d,703
1683500000888322,1683500000888798d,476
1683500000897051,1683500000897070d,19
1683500000908316,1683500000908918d,602
1683500000917059,1683500000917101d,42
1683500000928317,1683500000928900d,583
1683500000941134,1683500000941194d,60
1683500000951667,1683500000951688d,21
1683500000953060,1683500000953120d,60
1683500000965000,1683500000965166d,166
1683500000965947,1683500000966694d,747
1683500000973126,1683500000973138d,12
1683500000984898,1683500000985020d,122
1683500000996959,1683500000997123d,164
1683500001003184,1683500001003395d,211
1683500001015427,1683500001015470d,43
1683500001027403,1683500001027643d,240
1683500001035681,1683500001035701d,20
1683500001043688,1683500001043700d,12
1683500001051761,1683500001051771d,10
1683500001056257,1683500001056862d,605
1683500001068260,1683500001068841d,581
1683500001075802,1683500001075816d,14
1683500001087612,1683500001087640d,28
1683500001099768,1683500001099779d,11
1683500001100321,1683500001101027d,706
1683500001101534,1683500001111348d,9814
1683500001111836,1683500001112352d,516
1683500001123996,1683500001124611d,615
1683500001132112,1683500001139596d,7484
1683500001142487,1683500001142493d,6
1683500001154226,1683500001154411d,185
1683500001166405,1683500001166488d,83
1683500001178370,1683500001178519d,149
1683500001190360,1683500001190497d,137
1683500001199762,1683500001199769d,7
1683500001200344,1683500001201004d,660
1683500001209055,1683500001209115d,60
1683500001217015,1683500001217163d,148
1683500001223649,1683500001223660d,11
1683500001235694,1683500001235705d,11
1683500001247752,1683500001247766d,14
1683500001248398,1683500001249070d,672
1683500001249585,1683500001255639d,6054
1683500001268124,1683500001268702d,578
1683500001278267,1683500001278385d,118
1683500001283746,1683500001283766d,20
1683500001284307,1683500001288030d,3723
1683500001295552,1683500001295844d,292
1683500001303899,1683500001304556d,657
1683500001316107,1683500001316117d,10
1683500001326364,1683500001326498d,134
1683500001336280,1683500001336726d,446
1683500001348291,1683500001348776d,485
1683500001360340,1683500001360989d,649
1683500001361574,1683500001368348d,6774
1683500001375633,1683500001375650d,17
1683500001383906,1683500001383912d,6
1683500001392183,1683500001392680d,497
1683500001400115,1683500001400828d,713
1683500001412175,1683500001412861d,686
1683500001413462,1683500001414055d,593
1683500001422494,1683500001431594d,9100
1683500001432190,1683500001438462d,6272
1683500001438948,1683500001439418d,470
1683500001444092,1683500001451056d,6964
1683500001455728,1683500001455740d,12
1683500001459510,1683500001459821d,311
1683500001479962,1683500001479969d,7
1683500001486346,1683500001486481d,135
1683500001494289,1683500001494481d,192
1683500001503765,1683500001503774d,9
1683500001507453,1683500001507733d,280
1683500001519411,1683500001519904d,493
1683500001527751,1683500001527763d,12
1683500001528318,1683500001528831d,513
1683500001536262,1683500001543598d,7336
1683500001544299,1683500001544950d,651
1683500001552016,1683500001552444d,428
1683500001553071,1683500001553659d,588
1683500001563521,1683500001563883d,362
1683500001571571,1683500001572032d,461
1683500001579746,1683500001579752d,6
1683500001591891,1683500001591902d,11
1683500001603678,1683500001603728d,50
1683500001615732,1683500001615749d,17
1683500001616363,1683500001622767d,6404
1683500001623484,1683500001624078d,594
1683500001629065,1683500001629100d,35
1683500001640902,1683500001641086d,184
1683500001648285,1683500001649118d,833
1683500001649766,1683500001650306d,540
1683500001650885,1683500001651470d,585
1683500001657219,1683500001657291d,72
1683500001657953,1683500001658507d,554
1683500001667660,1683500001667669d,9
1683500001675721,1683500001675728d,7
1683500001676244,1683500001684905d,8661
1683500001686441,1683500001686476d,35
1683500001692074,1683500001692549d,475
1683500001703650,1683500001703655d,5
1683500001715661,1683500001715668d,7
1683500001723774,1683500001723793d,19
1683500001731699,1683500001731731d,32
1683500001732446,1683500001732860d,414
1683500001733617,1683500001734080d,463
1683500001744947,1683500001745136d,189
1683500001745897,1683500001746377d,480
1683500001757211,1683500001758780d,1569
1683500001763662,1683500001763669d,7
1683500001775743,1683500001775754d,11
1683500001783653,1683500001783712d,59
1683500001784301,1683500001784807d,506
1683500001792265,1683500001792736d,471
1683500001803425,1683500001814459d,11034
1683500001826329,1683500001826491d,162
1683500001831682,1683500001831688d,6
1683500001839668,1683500001839827d,159
1683500001840350,1683500001840903d,553
1683500001852293,1683500001852709d,416
1683500001864470,1683500001864877d,407
1683500001872179,1683500001872633d,454
1683500001873280,1683500001873785d,505
1683500001884946,1683500001885360d,414
1683500001896835,1683500001897050d,215
1683500001908876,1683500001909037d,161
1683500001922351,1683500001922446d,95
1683500001934319,1683500001934513d,194
1683500001935188,1683500001935613d,425
1683500001943643,1683500001943953d,310
1683500001955440,1683500001955807d,367
1683500001968051,1683500001968607d,556
1683500001976328,1683500001976746d,418
1683500001977463,1683500001978044d,581
1683500001989103,1683500001989145d,42
1683500001999762,1683500001999767d,5
1683500002000358,1683500002000925d,567
1683500002008371,1683500002008923d,552
1683500002020375,1683500002020949d,574
1683500002021824,1683500002022433d,609
1683500002028186,1683500002039589d,11403
1683500002040130,1683500002040694d,564
1683500002052382,1683500002063580d,11198
1683500002065082,1683500002065116d,34
1683500002065789,1683500002071598d,5809
1683500002083739,1683500002083749d,10
1683500002095682,1683500002095696d,14
1683500002107662,1683500002107674d,12
1683500002108279,1683500002108843d,564
1683500002117034,1683500002117239d,205
1683500002124243,1683500002124691d,448
1683500002132270,1683500002133408d,1138
1683500002140258,1683500002140760d,502
1683500002141452,1683500002142008d,556
1683500002142583,1683500002147811d,5228
1683500002155653,1683500002155668d,15
1683500002167732,1683500002167751d,19
1683500002168292,1683500002179815d,11523
1683500002187930,1683500002188690d,760
1683500002189243,1683500002189748d,505
1683500002196048,1683500002200900d,4852
1683500002201493,1683500002202113d,620
1683500002208336,1683500002208837d,501
1683500002219746,1683500002220047d,301
1683500002220704,1683500002230767d,10063
1683500002232313,1683500002232812d,499
1683500002240254,1683500002241081d,827
1683500002248232,1683500002248793d,561
1683500002259659,1683500002259669d,10
1683500002268051,1683500002268058d,7
1683500002274315,1683500002274450d,135
1683500002282305,1683500002282587d,282
1683500002294338,1683500002294455d,117
1683500002302293,1683500002302469d,176
1683500002314344,1683500002314442d,98
1683500002319668,1683500002319676d,8
1683500002332840,1683500002332977d,137
1683500002339926,1683500002344122d,4196
1683500002344924,1683500002345533d,609
1683500002357070,1683500002357102d,32
1683500002367688,1683500002367694d,6
1683500002368333,1683500002368798d,465
1683500002380220,1683500002380817d,597
1683500002387466,1683500002387808d,342
1683500002399406,1683500002399475d,69
1683500002410557,1683500002411277d,720
1683500002422418,1683500002422471d,53
1683500002430272,1683500002431240d,968
1683500002435649,1683500002435664d,15
1683500002443759,1683500002443765d,6
1683500002444381,1683500002444949d,568
1683500002445507,1683500002446088d,581
1683500002456270,1683500002456857d,587
1683500002467454,1683500002479593d,12139
1683500002480098,1683500002480641d,543
1683500002491708,1683500002499589d,7881
1683500002512079,1683500002512087d,8
1683500002514451,1683500002514463d,12
1683500002514938,1683500002519595d,4657
1683500002528010,1683500002528664d,654
1683500002529149,1683500002529836d,687
1683500002530273,1683500002530848d,575
1683500002539658,1683500002540158d,500
1683500002547613,1683500002547888d,275
1683500002555658,1683500002555669d,11
1683500002556211,1683500002564992d,8781
1683500002568303,1683500002568711d,408
1683500002580219,1683500002580783d,564
1683500002588271,1683500002596294d,8023
1683500002603749,1683500002603756d,7
1683500002607267,1683500002607364d,97
1683500002618495,1683500002618508d,13
1683500002630413,1683500002630479d,66
1683500002642336,1683500002642451d,115
1683500002654323,1683500002654478d,155
1683500002666307,1683500002666403d,96
1683500002678290,1683500002678483d,193
1683500002687756,1683500002687763d,7
1683500002688500,1683500002689036d,536
1683500002695514,1683500002703597d,8083
1683500002707457,1683500002707903d,446
1683500002715645,1683500002715658d,13
1683500002727730,1683500002727737d,7
1683500002728363,1683500002738856d,10493
1683500002749094,1683500002749100d,6
1683500002758871,1683500002767596d,8725
1683500002768148,1683500002774416d,6268
1683500002779513,1683500002779950d,437
1683500002787731,1683500002787740d,9
1683500002788498,1683500002789145d,647
1683500002795678,1683500002795683d,5
1683500002796315,1683500002796886d,571
1683500002806300,1683500002806447d,147
1683500002818270,1683500002818449d,179
1683500002819045,1683500002819522d,477
1683500002820170,1683500002820670d,500
1683500002835963,1683500002836174d,211
1683500002847929,1683500002848540d,611
1683500002859663,1683500002859674d,11
1683500002867727,1683500002867736d,9
1683500002868336,1683500002868870d,534
1683500002876318,1683500002876778d,460
1683500002888348,1683500002888837d,489
1683500002900022,1683500002900604d,582
1683500002901188,1683500002901825d,637
1683500002908330,1683500002908860d,530
1683500002909493,1683500002910075d,582
1683500002910568,1683500002911210d,642
1683500002919625,1683500002931601d,11976
1683500002932046,1683500002932564d,518
1683500002939956,1683500002940555d,599
1683500002946495,1683500002946507d,12
1683500002955649,1683500002955659d,10
1683500002967728,1683500002967735d,7
1683500002968330,1683500002968895d,565
1683500002976409,1683500002979708d,3299
1683500002980286,1683500002980648d,362
1683500002988291,1683500002990906d,2615
1683500002998495,1683500002999019d,524
1683500002999631,1683500003000161d,530
1683500003000766,1683500003001264d,498
1683500003011301,1683500003011777d,476
1683500003019314,1683500003019477d,163
1683500003029136,1683500003029169d,33
1683500003029925,1683500003030411d,486
1683500003030951,1683500003031564d,613
1683500003043658,1683500003043667d,9
1683500003055884,1683500003055897d,13
1683500003056409,1683500003064986d,8577
1683500003068259,1683500003079357d,11098
1683500003079889,1683500003080511d,622
1683500003088069,1683500003088671d,602
1683500003095547,1683500003095861d,314
1683500003096548,1683500003097045d,497
1683500003103552,1683500003103894d,342
1683500003115684,1683500003116254d,570
1683500003116981,1683500003123593d,6612
1683500003123981,1683500003124442d,461
1683500003146368,1683500003146402d,34
1683500003164068,1683500003164077d,9
1683500003176137,1683500003176144d,7
1683500003186257,1683500003186369d,112
1683500003191606,1683500003198765d,7159
1683500003203608,1683500003211458d,7850
1683500003215612,1683500003223439d,7827
1683500003227629,1683500003234418d,6789
1683500003246329,1683500003246466d,137
1683500003254279,1683500003254463d,184
1683500003264251,1683500003264740d,489
1683500003271731,1683500003271741d,10
1683500003280115,1683500003280445d,330
1683500003287630,1683500003290453d,2823
1683500003295424,1683500003296034d,610
1683500003303507,1683500003311601d,8094
1683500003315520,1683500003323712d,8192
1683500003326402,1683500003326413d,11
1683500003327066,1683500003327491d,425
1683500003338384,1683500003338641d,257
1683500003339307,1683500003339767d,460
1683500003340442,1683500003340936d,494
1683500003351604,1683500003351929d,325
1683500003362314,1683500003362458d,144
1683500003374333,1683500003374463d,130
1683500003379752,1683500003379762d,10
1683500003380373,1683500003380924d,551
1683500003388334,1683500003389066d,732
1683500003398458,1683500003398487d,29
1683500003404040,1683500003404399d,359
1683500003405135,1683500003405592d,457
1683500003415665,1683500003415673d,8
1683500003423663,1683500003423669d,6
1683500003435728,1683500003435740d,12
1683500003436349,1683500003436865d,516
1683500003448336,1683500003448867d,531
1683500003460002,1683500003460307d,305
1683500003471853,1683500003471865d,12
1683500003476860,1683500003477100d,240
1683500003487645,1683500003487651d,6
1683500003495669,1683500003495679d,10
1683500003507761,1683500003507772d,11
1683500003515680,1683500003515694d,14
1683500003523682,1683500003523696d,14
1683500003535759,1683500003535769d,10
1683500003536359,1683500003536903d,544
1683500003544303,1683500003551589d,7286
1683500003556318,1683500003563591d,7273
1683500003567367,1683500003567784d,417
1683500003575590,1683500003575608d,18
1683500003583257,1683500003583489d,232
1683500003590381,1683500003595595d,5214
1683500003608045,1683500003608054d,9
1683500003608616,1683500003609097d,481
1683500003616035,1683500003616042d,7
1683500003624189,1683500003624731d,542
1683500003633049,1683500003633082d,33
1683500003644059,1683500003644071d,12
1683500003644696,1683500003651993d,7297
1683500003652540,1683500003662688d,10148
1683500003672049,1683500003672742d,693
1683500003683876,1683500003685006d,1130
1683500003692039,1683500003692047d,8
1683500003692640,1683500003693110d,470
1683500003693735,1683500003694178d,443
1683500003705059,1683500003705147d,88
1683500003715738,1683500003715748d,10
1683500003723677,1683500003723684d,7
1683500003724317,1683500003731750d,7433
1683500003732239,1683500003732780d,541
1683500003743871,1683500003744553d,682
1683500003745093,1683500003745599d,506
1683500003755719,1683500003755730d,11
1683500003767652,1683500003767659d,7
1683500003779736,1683500003779743d,7
1683500003780310,1683500003786736d,6426
1683500003787393,1683500003787994d,601
1683500003797044,1683500003797081d,37
1683500003808943,1683500003809106d,163
1683500003819672,1683500003819678d,6
1683500003827764,1683500003827774d,10
1683500003828335,1683500003828797d,462
1683500003836258,1683500003836704d,446
1683500003848258,1683500003848927d,669
1683500003849512,1683500003850100d,588
1683500003850724,1683500003855594d,4870
1683500003856109,1683500003856612d,503
1683500003863651,1683500003863658d,7
1683500003875317,1683500003875434d,117
1683500003879892,1683500003886895d,7003
1683500003892838,1683500003893070d,232
1683500003893704,1683500003903596d,9892
1683500003904245,1683500003906848d,2603
1683500003918260,1683500003935654d,17394
1683500003940175,1683500003940844d,669
1683500003941288,1683500003941863d,575
1683500003952299,1683500003952928d,629
1683500003953404,1683500003958410d,5006
1683500003968142,1683500003968156d,14
1683500003968717,1683500003979637d,10920
1683500003991666,1683500003991683d,17
1683500003999632,1683500003999648d,16
1683500004000351,1683500004011302d,10951
1683500004012255,1683500004012878d,623
1683500004020261,1683500004020734d,473
1683500004032266,1683500004032913d,647
1683500004033359,1683500004033945d,586
1683500004043738,1683500004043749d,11
1683500004047557,1683500004047909d,352
1683500004048542,1683500004049094d,552
1683500004060251,1683500004060819d,568
1683500004067667,1683500004067673d,6
1683500004079696,1683500004079711d,15
1683500004091762,1683500004091772d,10
1683500004092452,1683500004099737d,7285
1683500004111675,1683500004111682d,7
1683500004123684,1683500004123695d,11
