1683499953220443,1683499953229022d,8579
1683499953230612,1683499953231122d,510
1683499953235421,1683499953235888d,467
1683499953242295,1683499953242360d,65
1683499953242686,1683499953243165d,479
1683499953243561,1683499953243920d,359
1683499953251714,1683499953251719d,5
1683499953256883,1683499953257055d,172
1683499953264894,1683499953264991d,97
1683499953265454,1683499953265840d,386
1683499953266201,1683499953266679d,478
1683499953267006,1683499953267405d,399
1683499953276855,1683499953276992d,137
1683499953277379,1683499953277924d,545
1683499953278265,1683499953278755d,490
1683499953284143,1683499953284596d,453
1683499953291609,1683499953291615d,6
1683499953292109,1683499953292634d,525
1683499953299442,1683499953299726d,284
1683499953300074,1683499953300480d,406
1683499953300838,1683499953301322d,484
1683499953301747,1683499953302209d,462
1683499953302595,1683499953303049d,454
1683499953303433,1683499953303874d,441
1683499953304258,1683499953304712d,454
1683499953305156,1683499953305546d,390
1683499953305873,1683499953310429d,4556
1683499953310800,1683499953311308d,508
1683499953311624,1683499953312029d,405
1683499953319942,1683499953320533d,591
1683499953320889,1683499953321273d,384
1683499953327611,1683499953327626d,15
1683499953335616,1683499953335637d,21
1683499953336104,1683499953336549d,445
1683499953336937,1683499953337501d,564
1683499953337851,1683499953338307d,456
1683499953338657,1683499953339122d,465
1683499953339488,1683499953339928d,440
1683499953340264,1683499953340733d,469
1683499953341146,1683499953341525d,379
1683499953348956,1683499953349022d,66
1683499953349411,1683499953349797d,386
1683499953355609,1683499953355628d,19
1683499953356131,1683499953356655d,524
1683499953364155,1683499953364613d,458
1683499953364975,1683499953365461d,486
1683499953365836,1683499953366242d,406
1683499953372116,1683499953372620d,504
1683499953376976,1683499953377061d,85
1683499953388883,1683499953388960d,77
1683499953389684,1683499953389836d,152
1683499953390213,1683499953390746d,533
1683499953391106,1683499953391613d,507
1683499953399601,1683499953399620d,19
1683499953400061,1683499953400525d,464
1683499953400848,1683499953401436d,588
1683499953401828,1683499953402335d,507
1683499953407608,1683499953407614d,6
1683499953408081,1683499953408532d,451
1683499953415414,1683499953415766d,352
1683499953416182,1683499953416682d,500
1683499953417071,1683499953417525d,454
1683499953417900,1683499953418277d,377
1683499953423943,1683499953424460d,517
1683499953424909,1683499953425356d,447
1683499953425748,1683499953426151d,403
1683499953431611,1683499953431697d,86
1683499953432087,1683499953432583d,496
1683499953432938,1683499953433338d,400
1683499953440114,1683499953440569d,455
1683499953440907,1683499953441386d,479
1683499953441785,1683499953442232d,447
1683499953442674,1683499953443027d,353
1683499953443416,1683499953443827d,411
1683499953444190,1683499953444628d,438
1683499953444988,1683499953445403d,415
1683499953451368,1683499953451688d,320
1683499953458488,1683499953458494d,6
1683499953458854,1683499953459259d,405
1683499953463383,1683499953466448d,3065
1683499953466779,1683499953467211d,432
1683499953467655,1683499953468042d,387
1683499953468403,1683499953468835d,432
1683499953469259,1683499953469632d,373
1683499953470058,1683499953470496d,438
1683499953470853,1683499953471275d,422
1683499953471635,1683499953472059d,424
1683499953479614,1683499953479631d,17
1683499953480045,1683499953483221d,3176
1683499953483585,1683499953484028d,443
1683499953484403,1683499953484809d,406
1683499953485205,1683499953491191d,5986
1683499953491566,1683499953491963d,397
1683499953492345,1683499953492770d,425
1683499953493092,1683499953493517d,425
1683499953500071,1683499953500573d,502
1683499953508045,1683499953508551d,506
1683499953516097,1683499953516672d,575
1683499953524102,1683499953524547d,445
1683499953532209,1683499953532624d,415
1683499953533080,1683499953533648d,568
1683499953534014,1683499953534402d,388
1683499953534715,1683499953535217d,502
1683499953540090,1683499953540555d,465
1683499953540926,1683499953541338d,412
1683499953541696,1683499953542172d,476
1683499953547343,1683499953550400d,3057
1683499953550816,1683499953551195d,379
1683499953558424,1683499953558948d,524
1683499953559344,1683499953559737d,393
1683499953560132,1683499953560534d,402
1683499953560905,1683499953561358d,453
1683499953561747,1683499953562398d,651
1683499953562863,1683499953563266d,403
1683499953567939,1683499953568412d,473
1683499953575616,1683499953575622d,6
1683499953576061,1683499953576503d,442
1683499953576870,1683499953582415d,5545
1683499953582878,1683499953583387d,509
1683499953583787,1683499953584219d,432
1683499953584627,1683499953585106d,479
1683499953591766,1683499953591849d,83
1683499953592272,1683499953592787d,515
1683499953593139,1683499953593530d,391
1683499953593896,1683499953594377d,481
1683499953594754,1683499953595212d,458
1683499953595573,1683499953596103d,530
1683499953596461,1683499953596953d,492
1683499953603613,1683499953603619d,6
1683499953604115,1683499953604646d,531
1683499953611942,1683499953612603d,661
1683499953612980,1683499953613511d,531
1683499953613956,1683499953614378d,422
1683499953622356,1683499953622361d,5
1683499953622771,1683499953623315d,544
1683499953627607,1683499953627629d,22
1683499953630240,1683499953630267d,27
1683499953630639,1683499953631263d,624
1683499953635600,1683499953635623d,23
1683499953639414,1683499953639721d,307
1683499953640068,1683499953640523d,455
1683499953646441,1683499953646943d,502
1683499953651427,1683499953651703d,276
1683499953652111,1683499953652693d,582
1683499953653050,1683499953653542d,492
1683499953653893,1683499953654377d,484
1683499953660107,1683499953662374d,2267
1683499953668064,1683499953668756d,692
1683499953676138,1683499953676770d,632
1683499953677127,1683499953677522d,395
1683499953677895,1683499953678414d,519
1683499953683610,1683499953683632d,22
1683499953691616,1683499953691644d,28
1683499953692078,1683499953692514d,436
1683499953692908,1683499953693383d,475
1683499953693731,1683499953694150d,419
1683499953694636,1683499953695081d,445
1683499953695473,1683499953695933d,460
1683499953696297,1683499953696691d,394
1683499953697082,1683499953697510d,428
1683499953697854,1683499953698397d,543
1683499953704103,1683499953704645d,542
1683499953711640,1683499953711646d,6
1683499953712119,1683499953712609d,490
1683499953719604,1683499953719627d,23
1683499953727604,1683499953727709d,105
1683499953728137,1683499953728605d,468
1683499953728966,1683499953729421d,455
1683499953729791,1683499953730149d,358
1683499953735598,1683499953735615d,17
1683499953743606,1683499953743705d,99
1683499953744089,1683499953744609d,520
1683499953744945,1683499953745421d,476
1683499953745810,1683499953746221d,411
1683499953746583,1683499953747090d,507
1683499953747447,1683499953747912d,465
1683499953748275,1683499953748707d,432
1683499953755412,1683499953755706d,294
1683499953756084,1683499953756553d,469
1683499953763398,1683499953763690d,292
1683499953771615,1683499953771621d,6
1683499953772062,1683499953772540d,478
1683499953772897,1683499953773305d,408
1683499953780147,1683499953780566d,419
1683499953788069,1683499953788628d,559
1683499953788969,1683499953789352d,383
1683499953795610,1683499953795615d,5
1683499953797006,1683499953797012d,6
1683499953797377,1683499953797784d,407
1683499953798205,1683499953798648d,443
1683499953799009,1683499953799493d,484
1683499953799871,1683499953800303d,432
1683499953801438,1683499953801517d,79
1683499953801932,1683499953802380d,448
1683499953802748,1683499953803203d,455
1683499953803556,1683499953804005d,449
1683499953804358,1683499953804812d,454
1683499953805193,1683499953805667d,474
1683499953806031,1683499953806499d,468
1683499953812063,1683499953812526d,463
1683499953820134,1683499953820655d,521
1683499953821065,1683499953821446d,381
1683499953821815,1683499953822308d,493
1683499953828988,1683499953829024d,36
1683499953829469,1683499953829933d,464
1683499953830309,1683499953830699d,390
1683499953835624,1683499953835629d,5
1683499953836119,1683499953836580d,461
1683499953843610,1683499953843705d,95
1683499953844124,1683499953844605d,481
1683499953844959,1683499953845411d,452
1683499953845777,1683499953846240d,463
1683499953852061,1683499953852550d,489
1683499953860054,1683499953860555d,501
1683499953868149,1683499953868619d,470
1683499953868997,1683499953869387d,390
1683499953869765,1683499953870270d,505
1683499953870672,1683499953871129d,457
1683499953875618,1683499953875625d,7
1683499953876069,1683499953876535d,466
1683499953876860,1683499953877348d,488
1683499953884095,1683499953884526d,431
1683499953892138,1683499953892570d,432
1683499953899632,1683499953899645d,13
1683499953900126,1683499953900614d,488
1683499953907619,1683499953907716d,97
1683499953908118,1683499953908677d,559
1683499953916990,1683499953916995d,5
1683499953917451,1683499953917926d,475
1683499953918294,1683499953918724d,430
1683499953923397,1683499953923641d,244
1683499953924006,1683499953924590d,584
1683499953924981,1683499953925518d,537
1683499953925941,1683499953926367d,426
1683499953926734,1683499953927182d,448
1683499953932930,1683499953933050d,120
1683499953944861,1683499953944946d,85
1683499953945403,1683499953945816d,413
1683499953951504,1683499953951786d,282
1683499953952213,1683499953952586d,373
1683499953952999,1683499953953641d,642
1683499953959551,1683499953959759d,208
1683499953967638,1683499953967642d,4
1683499953968109,1683499953968667d,558
1683499953974418,1683499953974871d,453
1683499953982455,1683499953982895d,440
1683499953983232,1683499953993033d,9801
1683499953993436,1683499953993872d,436
1683499953994249,1683499953994669d,420
1683499953995080,1683499953995527d,447
1683499953995983,1683499953996376d,393
1683499953996781,1683499953997227d,446
1683499953997653,1683499953998015d,362
1683499954004975,1683499954005127d,152
1683499954011973,1683499954012472d,499
1683499954013060,1683499954013555d,495
1683499954013941,1683499954014695d,754
1683499954015051,1683499954015519d,468
1683499954015917,1683499954016382d,465
1683499954016791,1683499954017265d,474
1683499954023619,1683499954023641d,22
1683499954031653,1683499954031678d,25
1683499954039625,1683499954039646d,21
1683499954040110,1683499954040638d,528
1683499954040996,1683499954041410d,414
1683499954049089,1683499954049094d,5
1683499954049513,1683499954049942d,429
1683499954056132,1683499954056574d,442
1683499954056919,1683499954057349d,430
1683499954057710,1683499954058284d,574
1683499954058704,1683499954059190d,486
1683499954059587,1683499954059999d,412
1683499954067524,1683499954067817d,293
1683499954068210,1683499954068579d,369
1683499954075457,1683499954075697d,240
1683499954076059,1683499954076477d,418
1683499954076896,1683499954077373d,477
1683499954077785,1683499954078271d,486
1683499954083624,1683499954083667d,43
1683499954091610,1683499954091718d,108
1683499954092146,1683499954092642d,496
1683499954100165,1683499954100632d,467
1683499954101030,1683499954101398d,368
1683499954101780,1683499954102253d,473
1683499954102647,1683499954103088d,441
1683499954103468,1683499954103932d,464
1683499954104299,1683499954104744d,445
1683499954112106,1683499954112560d,454
1683499954120124,1683499954120580d,456
1683499954128152,1683499954128569d,417
1683499954128951,1683499954129380d,429
1683499954129769,1683499954136217d,6448
1683499954136651,1683499954137038d,387
1683499954143619,1683499954143625d,6
1683499954144082,1683499954144549d,467
1683499954151594,1683499954151690d,96
1683499954152084,1683499954152475d,391
1683499954152860,1683499954153381d,521
1683499954153755,1683499954154135d,380
1683499954159428,1683499954159722d,294
1683499954160085,1683499954160520d,435
1683499954167608,1683499954167947d,339
1683499954168314,1683499954168743d,429
1683499954176134,1683499954176553d,419
1683499954176907,1683499954177303d,396
1683499954183719,1683499954183723d,4
1683499954191302,1683499954191383d,81
1683499954191740,1683499954192152d,412
1683499954199305,1683499954199398d,93
1683499954207251,1683499954207315d,64
1683499954207714,1683499954208087d,373
1683499954208474,1683499954208934d,460
1683499954209317,1683499954209762d,445
1683499954210135,1683499954210561d,426
1683499954210937,1683499954211344d,407
1683499954216115,1683499954216557d,442
1683499954216913,1683499954217410d,497
1683499954217817,1683499954218218d,401
1683499954218588,1683499954219088d,500
1683499954219455,1683499954219899d,444
1683499954220253,1683499954220721d,468
1683499954221074,1683499954221535d,461
1683499954228059,1683499954228568d,509
1683499954228964,1683499954229376d,412
1683499954235614,1683499954235632d,18
1683499954236159,1683499954236574d,415
1683499954236944,1683499954237423d,479
1683499954237875,1683499954243252d,5377
1683499954243691,1683499954244137d,446
1683499954251614,1683499954251715d,101
1683499954252128,1683499954252630d,502
1683499954260121,1683499954260642d,521
1683499954268194,1683499954268570d,376
1683499954276071,1683499954276601d,530
1683499954284205,1683499954284555d,350
1683499954284977,1683499954285426d,449
1683499954285876,1683499954286292d,416
1683499954286677,1683499954287103d,426
1683499954287500,1683499954287930d,430
1683499954288344,1683499954288697d,353
1683499954289450,1683499954289557d,107
1683499954296167,1683499954296561d,394
1683499954303459,1683499954303784d,325
1683499954304171,1683499954304557d,386
1683499954304950,1683499954305408d,458
1683499954305757,1683499954306122d,365
1683499954306485,1683499954306954d,469
1683499954307422,1683499954307896d,474
1683499954308256,1683499954308686d,430
1683499954309034,1683499954309522d,488
1683499954309906,1683499954310373d,467
1683499954315338,1683499954315349d,11
1683499954315697,1683499954316135d,438
1683499954316533,1683499954316950d,417
1683499954317362,1683499954317800d,438
1683499954318174,1683499954318668d,494
1683499954319075,1683499954319599d,524
1683499954324107,1683499954324560d,453
1683499954332084,1683499954332504d,420
1683499954340174,1683499954340599d,425
1683499954348181,1683499954348605d,424
1683499954348986,1683499954349496d,510
1683499954349857,1683499954350368d,511
1683499954350707,1683499954351172d,465
1683499954351541,1683499954351992d,451
1683499954356081,1683499954358318d,2237
1683499954366309,1683499954366390d,81
1683499954366973,1683499954367239d,266
1683499954367652,1683499954368037d,385
1683499954375964,1683499954376496d,532
1683499954376925,1683499954377362d,437
1683499954377790,1683499954378304d,514
1683499954384107,1683499954384584d,477
1683499954392148,1683499954392607d,459
1683499954393011,1683499954393409d,398
1683499954393794,1683499954399659d,5865
1683499954400068,1683499954400503d,435
1683499954400910,1683499954401318d,408
1683499954401715,1683499954402167d,452
1683499954407611,1683499954407631d,20
1683499954415635,1683499954415666d,31
1683499954416127,1683499954416610d,483
1683499954416996,1683499954417421d,425
1683499954423556,1683499954423805d,249
1683499954424243,1683499954424735d,492
1683499954425234,1683499954425704d,470
1683499954426167,1683499954426552d,385
1683499954426987,1683499954427406d,419
1683499954432102,1683499954432561d,459
1683499954432986,1683499954433468d,482
1683499954433899,1683499954434357d,458
1683499954434793,1683499954435249d,456
1683499954435763,1683499954436186d,423
1683499954436669,1683499954437169d,500
1683499954437627,1683499954438015d,388
1683499954443510,1683499954443738d,228
1683499954444159,1683499954444626d,467
1683499954445062,1683499954445593d,531
1683499954445979,1683499954446442d,463
1683499954446851,1683499954447268d,417
1683499954447736,1683499954448180d,444
1683499954455524,1683499954455744d,220
1683499954456125,1683499954456543d,418
1683499954457030,1683499954457466d,436
1683499954457867,1683499954458323d,456
1683499954458681,1683499954459147d,466
1683499954459553,1683499954459997d,444
1683499954460342,1683499954460814d,472
1683499954461190,1683499954461653d,463
1683499954468183,1683499954468664d,481
1683499954476077,1683499954476628d,551
1683499954484102,1683499954484540d,438
1683499954484926,1683499954496917d,11991
1683499954497427,1683499954497909d,482
1683499954498297,1683499954498739d,442
1683499954499126,1683499954499560d,434
1683499954506613,1683499954507023d,410
1683499954507393,1683499954507851d,458
1683499954508241,1683499954508764d,523
1683499954509147,1683499954509621d,474
1683499954510016,1683499954516280d,6264
1683499954516714,1683499954517251d,537
1683499954523450,1683499954523786d,336
1683499954530292,1683499954530390d,98
1683499954530726,1683499954531314d,588
1683499954531855,1683499954532354d,499
1683499954532687,1683499954533132d,445
1683499954533519,1683499954533949d,430
1683499954534352,1683499954534863d,511
1683499954535277,1683499954535764d,487
1683499954536098,1683499954536575d,477
1683499954536936,1683499954537477d,541
1683499954537825,1683499954538350d,525
1683499954544068,1683499954544587d,519
1683499954544953,1683499954545378d,425
1683499954545733,1683499954546201d,468
1683499954551626,1683499954551643d,17
1683499954552068,1683499954552527d,459
1683499954552890,1683499954553343d,453
1683499954553727,1683499954554268d,541
1683499954561305,1683499954561311d,6
1683499954568089,1683499954568622d,533
1683499954568942,1683499954569403d,461
1683499954569740,1683499954570227d,487
1683499954570556,1683499954580921d,10365
1683499954581321,1683499954581816d,495
1683499954587606,1683499954588137d,531
1683499954588588,1683499954589094d,506
1683499954589444,1683499954589894d,450
1683499954590239,1683499954590798d,559
1683499954591139,1683499954591677d,538
1683499954592080,1683499954592546d,466
1683499954592940,1683499954593382d,442
1683499954593758,1683499954600198d,6440
1683499954600586,1683499954601057d,471
1683499954601408,1683499954601918d,510
1683499954608077,1683499954608567d,490
1683499954616154,1683499954616596d,442
1683499954623347,1683499954623647d,300
1683499954632966,1683499954633046d,80
1683499954634157,1683499954634581d,424
1683499954634975,1683499954635397d,422
1683499954635758,1683499954636191d,433
1683499954636621,1683499954637098d,477
1683499954637466,1683499954637880d,414
1683499954638276,1683499954638764d,488
1683499954639145,1683499954639597d,452
1683499954640015,1683499954640458d,443
1683499954640868,1683499954641315d,447
1683499954648092,1683499954648518d,426
1683499954656180,1683499954656667d,487
1683499954656995,1683499954657405d,410
1683499954663891,1683499954664473d,582
1683499954664850,1683499954665301d,451
1683499954665676,1683499954666140d,464
1683499954666482,1683499954666925d,443
1683499954667267,1683499954667698d,431
1683499954668072,1683499954668533d,461
1683499954676117,1683499954676608d,491
1683499954683518,1683499954683758d,240
1683499954684148,1683499954684486d,338
1683499954684936,1683499954685438d,502
1683499954685782,1683499954686236d,454
1683499954691613,1683499954691618d,5
1683499954692018,1683499954692555d,537
1683499954692936,1683499954693387d,451
1683499954698462,1683499954698878d,416
1683499954699215,1683499954699708d,493
1683499954700040,1683499954700527d,487
1683499954700904,1683499954701331d,427
1683499954707609,1683499954707627d,18
1683499954708084,1683499954708570d,486
1683499954715621,1683499954715688d,67
1683499954716169,1683499954716695d,526
1683499954720906,1683499954727600d,6694
1683499954727995,1683499954728969d,974
1683499954735607,1683499954735612d,5
1683499954736068,1683499954736527d,459
1683499954736936,1683499954737307d,371
1683499954737687,1683499954738109d,422
1683499954744903,1683499954745006d,103
1683499954745472,1683499954745897d,425
1683499954746776,1683499954747209d,433
1683499954747647,1683499954748081d,434
1683499954748425,1683499954748916d,491
1683499954755619,1683499954755624d,5
1683499954763635,1683499954763658d,23
1683499954764093,1683499954764571d,478
1683499954764936,1683499954765345d,409
1683499954772145,1683499954772586d,441
1683499954773011,1683499954773411d,400
1683499954773781,1683499954774223d,442
1683499954774579,1683499954775102d,523
1683499954775515,1683499954775973d,458
1683499954783624,1683499954783714d,90
1683499954784146,1683499954784576d,430
1683499954784945,1683499954785440d,495
1683499954791607,1683499954791612d,5
1683499954792037,1683499954792652d,615
1683499954798767,1683499954799171d,404
1683499954799515,1683499954800026d,511
1683499954807496,1683499954807765d,269
1683499954808114,1683499954808601d,487
1683499954808991,1683499954809468d,477
1683499954809815,1683499954810291d,476
1683499954810651,1683499954811155d,504
1683499954818373,1683499954818379d,6
1683499954818753,1683499954819172d,419
1683499954819524,1683499954820101d,577
1683499954820458,1683499954820851d,393
1683499954821171,1683499954821683d,512
1683499954828166,1683499954828645d,479
1683499954828982,1683499954829509d,527
1683499954829915,1683499954830691d,776
1683499954831029,1683499954831655d,626
1683499954836117,1683499954836599d,482
1683499954836969,1683499954837524d,555
1683499954837933,1683499954838416d,483
1683499954838809,1683499954839235d,426
1683499954839741,1683499954840172d,431
1683499954840531,1683499954840967d,436
1683499954847956,1683499954848886d,930
1683499954849321,1683499954849713d,392
1683499954855611,1683499954858421d,2810
1683499954858818,1683499954859349d,531
1683499954863606,1683499954863626d,20
1683499954871625,1683499954871647d,22
1683499954872066,1683499954872652d,586
1683499954873012,1683499954873569d,557
1683499954873914,1683499954874494d,580
1683499954874898,1683499954875463d,565
1683499954875826,1683499954876321d,495
1683499954876698,1683499954877135d,437
1683499954877497,1683499954877969d,472
1683499954883612,1683499954883617d,5
1683499954884062,1683499954884554d,492
1683499954884889,1683499954885398d,509
1683499954885789,1683499954886295d,506
1683499954886673,1683499954887285d,612
1683499954887638,1683499954888083d,445
1683499954888437,1683499954888997d,560
1683499954889404,1683499954889850d,446
1683499954890228,1683499954890692d,464
1683499954891043,1683499954891551d,508
1683499954896052,1683499954896537d,485
1683499954904080,1683499954904539d,459
1683499954912129,1683499954912683d,554
1683499954913041,1683499954913520d,479
1683499954913887,1683499954914343d,456
1683499954914685,1683499954915201d,516
1683499954915566,1683499954916028d,462
1683499954916365,1683499954916861d,496
1683499954923924,1683499954924542d,618
1683499954924904,1683499954925424d,520
1683499954925795,1683499954926272d,477
1683499954931599,1683499954931618d,19
1683499954939612,1683499954939635d,23
1683499954940164,1683499954940648d,484
1683499954940967,1683499954941407d,440
1683499954948103,1683499954948586d,483
1683499954956171,1683499954956685d,514
1683499954957024,1683499954957488d,464
1683499954963605,1683499954963622d,17
1683499954964060,1683499954964546d,486
1683499954964903,1683499954965370d,467
1683499954965723,1683499954966245d,522
1683499954972119,1683499954972613d,494
1683499954972981,1683499954973429d,448
1683499954973785,1683499954974261d,476
1683499954979613,1683499954979620d,7
1683499954980074,1683499954980580d,506
1683499954988152,1683499954988625d,473
1683499954996104,1683499954996587d,483
1683499955004144,1683499955004665d,521
1683499955010566,1683499955010572d,6
1683499955018405,1683499955018411d,6
1683499955018805,1683499955019274d,469
1683499955019667,1683499955024196d,4529
1683499955024609,1683499955025065d,456
1683499955025436,1683499955025922d,486
1683499955026333,1683499955026728d,395
1683499955032134,1683499955032653d,519
1683499955040123,1683499955040836d,713
1683499955041245,1683499955041699d,454
1683499955042142,1683499955042624d,482
1683499955043000,1683499955043493d,493
1683499955043839,1683499955044353d,514
1683499955048202,1683499955048621d,419
1683499955055624,1683499955055630d,6
1683499955056135,1683499955056672d,537
1683499955057097,1683499955057514d,417
1683499955063605,1683499955071595d,7990
1683499955072027,1683499955072585d,558
1683499955072953,1683499955073441d,488
1683499955073769,1683499955078406d,4637
1683499955078774,1683499955079325d,551
1683499955079665,1683499955080103d,438
1683499955080458,1683499955081006d,548
1683499955088099,1683499955088641d,542
1683499955096081,1683499955096611d,530
1683499955104204,1683499955104629d,425
1683499955104967,1683499955105545d,578
1683499955105890,1683499955106295d,405
1683499955106665,1683499955107194d,529
1683499955112103,1683499955112581d,478
1683499955120090,1683499955120554d,464
1683499955120953,1683499955122885d,1932
1683499955123217,1683499955123682d,465
1683499955124089,1683499955124604d,515
1683499955124977,1683499955125471d,494
1683499955125817,1683499955126292d,475
1683499955126676,1683499955127183d,507
1683499955131614,1683499955131621d,7
1683499955139612,1683499955139630d,18
1683499955140145,1683499955140663d,518
1683499955141009,1683499955141467d,458
1683499955141855,1683499955142462d,607
1683499955142795,1683499955143213d,418
1683499955143572,1683499955144370d,798
1683499955144719,1683499955145247d,528
1683499955145672,1683499955146119d,447
1683499955146499,1683499955146972d,473
1683499955151601,1683499955151629d,28
1683499955152038,1683499955152752d,714
1683499955153100,1683499955153503d,403
1683499955153850,1683499955154284d,434
1683499955154627,1683499955155388d,761
1683499955155796,1683499955156217d,421
1683499955163630,1683499955163648d,18
1683499955164059,1683499955164502d,443
1683499955164865,1683499955165266d,401
1683499955165633,1683499955166085d,452
1683499955172115,1683499955172589d,474
1683499955180141,1683499955180586d,445
1683499955180958,1683499955181464d,506
1683499955181909,1683499955182310d,401
1683499955182688,1683499955183176d,488
1683499955183961,1683499955184411d,450
1683499955184775,1683499955185305d,530
1683499955191640,1683499955191662d,22
1683499955192098,1683499955192653d,555
1683499955192993,1683499955193442d,449
1683499955193806,1683499955194313d,507
1683499955194682,1683499955195120d,438
1683499955195535,1683499955196016d,481
1683499955196382,1683499955196750d,368
1683499955197124,1683499955197629d,505
1683499955197976,1683499955198572d,596
1683499955198934,1683499955199442d,508
1683499955203635,1683499955203640d,5
1683499955211632,1683499955211651d,19
1683499955212104,1683499955212648d,544
1683499955213132,1683499955213557d,425
1683499955213953,1683499955214478d,525
1683499955219604,1683499955219623d,19
1683499955227651,1683499955227666d,15
1683499955235622,1683499955235642d,20
1683499955236089,1683499955236598d,509
1683499955236949,1683499955237475d,526
1683499955237876,1683499955238328d,452
1683499955238703,1683499955239178d,475
1683499955239528,1683499955239932d,404
1683499955240280,1683499955240763d,483
1683499955247595,1683499955247692d,97
1683499955248133,1683499955248679d,546
1683499955249065,1683499955249561d,496
1683499955249961,1683499955250380d,419
1683499955255757,1683499955255776d,19
1683499955263612,1683499955263709d,97
1683499955264139,1683499955264578d,439
1683499955271327,1683499955271379d,52
1683499955278347,1683499955278413d,66
1683499955286335,1683499955286402d,67
1683499955286805,1683499955287422d,617
1683499955287824,1683499955288267d,443
1683499955292842,1683499955292979d,137
1683499955293409,1683499955293895d,486
1683499955294267,1683499955294684d,417
1683499955299972,1683499955300508d,536
1683499955300927,1683499955301342d,415
1683499955301744,1683499955302211d,467
1683499955307614,1683499955307632d,18
1683499955315623,1683499955315646d,23
1683499955316073,1683499955316525d,452
1683499955316875,1683499955317368d,493
1683499955324148,1683499955324662d,514
1683499955331623,1683499955331630d,7
1683499955332070,1683499955332562d,492
1683499955332917,1683499955333332d,415
1683499955339606,1683499955339625d,19
1683499955340057,1683499955340589d,532
1683499955340982,1683499955348279d,7297
1683499955348713,1683499955349162d,449
1683499955349568,1683499955350008d,440
1683499955350424,1683499955350912d,488
1683499955355614,1683499955355720d,106
1683499955359385,1683499955359639d,254
1683499955360026,1683499955361430d,1404
1683499955361814,1683499955362202d,388
1683499955362577,1683499955362970d,393
1683499955363349,1683499955363780d,431
1683499955371612,1683499955371720d,108
1683499955372175,1683499955372691d,516
1683499955373086,1683499955373680d,594
1683499955374042,1683499955374461d,419
1683499955374831,1683499955375277d,446
1683499955375742,1683499955376251d,509
1683499955376670,1683499955377111d,441
1683499955377558,1683499955378032d,474
1683499955378377,1683499955378840d,463
1683499955379220,1683499955384901d,5681
1683499955385359,1683499955385942d,583
1683499955386342,1683499955386778d,436
1683499955392936,1683499955392988d,52
1683499955404918,1683499955404989d,71
1683499955411650,1683499955411670d,20
1683499955412246,1683499955412646d,400
1683499955413027,1683499955413475d,448
1683499955413866,1683499955414300d,434
1683499955414730,1683499955415148d,418
1683499955415521,1683499955416047d,526
1683499955416375,1683499955416871d,496
1683499955417252,1683499955417720d,468
1683499955418143,1683499955418601d,458
1683499955418974,1683499955419426d,452
1683499955419852,1683499955420278d,426
1683499955420664,1683499955421101d,437
1683499955427614,1683499955427716d,102
1683499955428147,1683499955428740d,593
1683499955429077,1683499955429511d,434
1683499955429934,1683499955430367d,433
1683499955435933,1683499955436664d,731
1683499955444948,1683499955444963d,15
1683499955445473,1683499955445945d,472
1683499955446377,1683499955446861d,484
1683499955447233,1683499955447726d,493
1683499955455660,1683499955455678d,18
1683499955456172,1683499955456688d,516
1683499955463786,1683499955463894d,108
1683499955464391,1683499955464793d,402
1683499955465196,1683499955465690d,494
1683499955477055,1683499955477131d,76
1683499955477558,1683499955478221d,663
1683499955478665,1683499955479042d,377
1683499955483603,1683499955483702d,99
1683499955491605,1683499955491634d,29
1683499955492085,1683499955492627d,542
1683499955493011,1683499955493491d,480
1683499955499607,1683499955499624d,17
1683499955500920,1683499955501004d,84
1683499955501414,1683499955501869d,455
1683499955502271,1683499955502757d,486
1683499955507603,1683499955510405d,2802
1683499955510852,1683499955511379d,527
1683499955511816,1683499955512309d,493
1683499955512748,1683499955513213d,465
1683499955513653,1683499955514069d,416
1683499955514474,1683499955514942d,468
1683499955515342,1683499955515783d,441
1683499955523283,1683499955523344d,61
1683499955531391,1683499955531396d,5
1683499955531803,1683499955532261d,458
1683499955532653,1683499955533104d,451
1683499955533530,1683499955534005d,475
1683499955534419,1683499955534835d,416
1683499955535259,1683499955535677d,418
1683499955536108,1683499955536608d,500
1683499955537023,1683499955542330d,5307
1683499955542746,1683499955543196d,450
1683499955543598,1683499955544047d,449
1683499955544428,1683499955544849d,421
1683499955551403,1683499955551684d,281
1683499955552074,1683499955552494d,420
1683499955552934,1683499955553399d,465
1683499955559621,1683499955559643d,22
1683499955560074,1683499955560541d,467
1683499955560925,1683499955561402d,477
1683499955568129,1683499955568590d,461
1683499955576148,1683499955576711d,563
1683499955577152,1683499955577660d,508
1683499955578073,1683499955578565d,492
1683499955585093,1683499955585171d,78
1683499955585666,1683499955586024d,358
1683499955586497,1683499955586979d,482
1683499955587391,1683499955587899d,508
1683499955588267,1683499955588693d,426
1683499955593083,1683499955593240d,157
1683499955593614,1683499955598484d,4870
1683499955598925,1683499955599372d,447
1683499955599809,1683499955601302d,1493
1683499955607622,1683499955607645d,23
1683499955615620,1683499955615644d,24
1683499955623620,1683499955623718d,98
1683499955624164,1683499955624620d,456
1683499955631613,1683499955631634d,21
1683499955632057,1683499955632499d,442
1683499955632872,1683499955633309d,437
1683499955633702,1683499955634197d,495
1683499955634666,1683499955635073d,407
1683499955644939,1683499955644992d,53
1683499955645532,1683499955645960d,428
1683499955646416,1683499955646848d,432
1683499955647289,1683499955655599d,8310
1683499955656017,1683499955656427d,410
1683499955656870,1683499955657332d,462
1683499955664052,1683499955664533d,481
1683499955672061,1683499955672558d,497
1683499955676933,1683499955677008d,75
1683499955677494,1683499955677856d,362
1683499955678332,1683499955678688d,356
1683499955679064,1683499955679555d,491
1683499955679927,1683499955680411d,484
1683499955680776,1683499955681148d,372
1683499955688930,1683499955688996d,66
1683499955689473,1683499955689833d,360
1683499955690195,1683499955690633d,438
1683499955700947,1683499955707636d,6689
1683499955708077,1683499955708497d,420
1683499955708929,1683499955709426d,497
1683499955709846,1683499955710325d,479
1683499955716939,1683499955717051d,112
1683499955717493,1683499955717939d,446
1683499955718361,1683499955718727d,366
1683499955719196,1683499955719667d,471
1683499955720067,1683499955720544d,477
1683499955720981,1683499955721431d,450
1683499955721911,1683499955722436d,525
1683499955722856,1683499955727165d,4309
1683499955727622,1683499955728134d,512
1683499955728552,1683499955728957d,405
1683499955729357,1683499955729864d,507
1683499955736932,1683499955737019d,87
1683499955737409,1683499955737823d,414
1683499955738237,1683499955738643d,406
1683499955739031,1683499955739555d,524
1683499955744160,1683499955744558d,398
1683499955744982,1683499955745352d,370
1683499955745705,1683499955746155d,450
1683499955746622,1683499955746995d,373
1683499955747359,1683499955747835d,476
1683499955755613,1683499955755636d,23
1683499955756097,1683499955756558d,461
1683499955756960,1683499955757406d,446
1683499955757854,1683499955758331d,477
1683499955758773,1683499955759146d,373
1683499955764974,1683499955765045d,71
1683499955765513,1683499955765921d,408
1683499955772191,1683499955774417d,2226
1683499955774769,1683499955775256d,487
1683499955775626,1683499955776145d,519
1683499955776539,1683499955777012d,473
1683499955777465,1683499955777955d,490
1683499955784950,1683499955785104d,154
1683499955791611,1683499955791633d,22
1683499955792066,1683499955792519d,453
1683499955792890,1683499955793363d,473
1683499955794494,1683499955795014d,520
1683499955795399,1683499955795820d,421
1683499955796276,1683499955796719d,443
1683499955804105,1683499955804594d,489
1683499955812163,1683499955812584d,421
1683499955813092,1683499955813547d,455
1683499955813969,1683499955814382d,413
1683499955814811,1683499955815301d,490
1683499955824165,1683499955824686d,521
1683499955826265,1683499955826722d,457
1683499955827232,1683499955827693d,461
1683499955828161,1683499955828620d,459
1683499955829044,1683499955829466d,422
1683499955835614,1683499955835714d,100
1683499955836905,1683499955836942d,37
1683499955843994,1683499955844539d,545
1683499955844889,1683499955845366d,477
1683499955845784,1683499955846222d,438
1683499955851425,1683499955851681d,256
1683499955858544,1683499955858604d,60
1683499955866259,1683499955866409d,150
1683499955871600,1683499955871607d,7
1683499955872053,1683499955872504d,451
1683499955872833,1683499955873285d,452
1683499955873655,1683499955874108d,453
1683499955880980,1683499955881015d,35
1683499955881440,1683499955881864d,424
1683499955882279,1683499955882747d,468
1683499955883164,1683499955883621d,457
1683499955891610,1683499955891739d,129
1683499955892156,1683499955892571d,415
1683499955899947,1683499955900598d,651
1683499955900978,1683499955901414d,436
1683499955908116,1683499955908591d,475
1683499955916141,1683499955916545d,404
1683499955916913,1683499955917392d,479
1683499955917824,1683499955918237d,413
1683499955923402,1683499955923817d,415
1683499955924165,1683499955924597d,432
1683499955924983,1683499955925515d,532
1683499955931339,1683499955931346d,7
1683499955938400,1683499955938927d,527
1683499955939319,1683499955939740d,421
1683499955940202,1683499955940652d,450
1683499955941109,1683499955941502d,393
1683499955941963,1683499955942345d,382
1683499955942812,1683499955943232d,420
1683499955948932,1683499955948958d,26
1683499955949476,1683499955949829d,353
1683499955950258,1683499955950691d,433
1683499955956220,1683499955956670d,450
1683499955957090,1683499955957487d,397
1683499955957907,1683499955958266d,359
1683499955958766,1683499955959196d,430
1683499955964119,1683499955964610d,491
1683499955964967,1683499955965380d,413
1683499955965837,1683499955966252d,415
1683499955966680,1683499955967120d,440
1683499955967555,1683499955967993d,438
1683499955975518,1683499955975806d,288
1683499955980881,1683499955981023d,142
1683499955981569,1683499955981915d,346
1683499955982364,1683499955984153d,1789
1683499955984602,1683499955984988d,386
1683499955985503,1683499955985921d,418
1683499955986374,1683499955986847d,473
1683499955987271,1683499955987694d,423
1683499955995618,1683499955995717d,99
1683499955996154,1683499955996590d,436
1683499955997038,1683499955997552d,514
1683499956003607,1683499956003629d,22
1683499956011616,1683499956011637d,21
1683499956019608,1683499956019632d,24
1683499956020142,1683499956020548d,406
1683499956021233,1683499956021690d,457
1683499956022086,1683499956022536d,450
1683499956022945,1683499956023389d,444
1683499956023815,1683499956024282d,467
1683499956028165,1683499956028655d,490
1683499956036203,1683499956036715d,512
1683499956037178,1683499956037611d,433
1683499956043612,1683499956043635d,23
1683499956044236,1683499956044627d,391
1683499956051990,1683499956052506d,516
1683499956052961,1683499956053404d,443
1683499956053892,1683499956054309d,417
1683499956054829,1683499956055339d,510
1683499956055771,1683499956056258d,487
1683499956063615,1683499956063635d,20
1683499956064130,1683499956064651d,521
1683499956071990,1683499956071997d,7
1683499956072471,1683499956073013d,542
1683499956073458,1683499956074000d,542
1683499956074439,1683499956074903d,464
1683499956075432,1683499956075941d,509
1683499956084878,1683499956085016d,138
1683499956085528,1683499956085978d,450
1683499956086456,1683499956086893d,437
1683499956087332,1683499956095309d,7977
1683499956095807,1683499956096300d,493
1683499956096727,1683499956097213d,486
1683499956103647,1683499956103665d,18
1683499956104205,1683499956104660d,455
1683499956105065,1683499956105520d,455
1683499956112917,1683499956112979d,62
1683499956120881,1683499956121074d,193
1683499956121607,1683499956122035d,428
1683499956122511,1683499956122986d,475
1683499956123416,1683499956123887d,471
1683499956128869,1683499956128962d,93
1683499956136919,1683499956137036d,117
1683499956139250,1683499956139312d,62
1683499956139757,1683499956140209d,452
1683499956140620,1683499956141007d,387
1683499956141436,1683499956141930d,494
1683499956147612,1683499956147630d,18
1683499956148156,1683499956148678d,522
1683499956149071,1683499956154398d,5327
1683499956154846,1683499956160085d,5239
1683499956160575,1683499956161010d,435
1683499956161457,1683499956161909d,452
1683499956162348,1683499956162715d,367
1683499956163134,1683499956163624d,490
1683499956164074,1683499956164454d,380
1683499956164894,1683499956165376d,482
