1683500017780090,1683500017785575d,5485
1683500017792462,1683500017796653d,4191
1683500017804349,1683500017805977d,1628
1683500017816938,1683500017818990d,2052
1683500017832448,1683500017834159d,1711
1683500017843819,1683500017845830d,2011
1683500017855343,1683500017857204d,1861
1683500017859872,1683500017861550d,1678
1683500017863877,1683500017865553d,1676
1683500017867855,1683500017869577d,1722
1683500017871872,1683500017873556d,1684
1683500017875906,1683500017877728d,1822
1683500017880162,1683500017886876d,6714
1683500017889519,1683500017891273d,1754
1683500017893556,1683500017902968d,9412
1683500017905468,1683500017907174d,1706
1683500017909471,1683500017911110d,1639
1683500017913360,1683500017915101d,1741
1683500017917354,1683500017919015d,1661
1683500017921162,1683500017922942d,1780
1683500017929041,1683500017930602d,1561
1683500017932916,1683500017940016d,7100
1683500017948963,1683500017950605d,1642
1683500017952898,1683500017954505d,1607
1683500017956928,1683500017958615d,1687
1683500017971871,1683500017973764d,1893
1683500017976109,1683500017977760d,1651
1683500017987924,1683500017989661d,1737
1683500018002676,1683500018014988d,12312
1683500018017370,1683500018019070d,1700
1683500018021441,1683500018023290d,1849
1683500018032813,1683500018034603d,1790
1683500018047664,1683500018049337d,1673
1683500018051636,1683500018053451d,1815
1683500018055838,1683500018057518d,1680
1683500018059721,1683500018061462d,1741
1683500018063882,1683500018065460d,1578
1683500018067851,1683500018086149d,18298
1683500018088969,1683500018090596d,1627
1683500018092899,1683500018099493d,6594
1683500018107329,1683500018109100d,1771
1683500018115338,1683500018117165d,1827
1683500018119926,1683500018121692d,1766
1683500018123949,1683500018125694d,1745
1683500018128016,1683500018129653d,1637
1683500018136336,1683500018138079d,1743
1683500018147424,1683500018149198d,1774
1683500018151647,1683500018160001d,8354
1683500018171851,1683500018173576d,1725
1683500018175987,1683500018177766d,1779
1683500018188424,1683500018190300d,1876
1683500018192617,1683500018194407d,1790
1683500018208113,1683500018209918d,1805
1683500018212389,1683500018214665d,2276
1683500018217029,1683500018219031d,2002
1683500018221318,1683500018223040d,1722
1683500018225491,1683500018227246d,1755
1683500018229515,1683500018239988d,10473
1683500018242364,1683500018244212d,1848
1683500018256878,1683500018263931d,7053
1683500018277116,1683500018278990d,1874
1683500018292397,1683500018298144d,5747
1683500018300682,1683500018302398d,1716
1683500018304778,1683500018306448d,1670
1683500018319396,1683500018321117d,1721
1683500018323423,1683500018332056d,8633
1683500018344461,1683500018346270d,1809
1683500018348539,1683500018355457d,6918
1683500018357938,1683500018359560d,1622
1683500018361782,1683500018363718d,1936
1683500018366295,1683500018368009d,1714
1683500018375499,1683500018377286d,1787
1683500018389172,1683500018399952d,10780
1683500018412398,1683500018414275d,1877
1683500018420035,1683500018421904d,1869
1683500018424330,1683500018435559d,11229
1683500018449115,1683500018450932d,1817
1683500018460886,1683500018462744d,1858
1683500018468378,1683500018479996d,11618
1683500018482375,1683500018484313d,1938
1683500018486670,1683500018488372d,1702
1683500018500397,1683500018502287d,1890
1683500018504693,1683500018506503d,1810
1683500018508925,1683500018510729d,1804
1683500018514848,1683500018517225d,2377
1683500018559853,1683500018577523d,17670
1683500018586642,1683500018588308d,1666
1683500018590702,1683500018599498d,8796
1683500018601960,1683500018603707d,1747
1683500018605978,1683500018607908d,1930
1683500018621150,1683500018622933d,1783
1683500018625280,1683500018626984d,1704
1683500018642623,1683500018644419d,1796
1683500018656391,1683500018658269d,1878
1683500018660695,1683500018662457d,1762
1683500018673979,1683500018675769d,1790
1683500018678180,1683500018679860d,1680
1683500018691845,1683500018693762d,1917
1683500018696089,1683500018697818d,1729
1683500018700174,1683500018701849d,1675
1683500018711820,1683500018713628d,1808
1683500018727867,1683500018729856d,1989
1683500018732243,1683500018733991d,1748
1683500018739869,1683500018741776d,1907
1683500018747929,1683500018749630d,1701
1683500018755652,1683500018757427d,1775
1683500018759881,1683500018761718d,1837
1683500018764097,1683500018765909d,1812
1683500018768314,1683500018770030d,1716
1683500018772301,1683500018773981d,1680
1683500018776361,1683500018778127d,1766
1683500018780444,1683500018782231d,1787
1683500018784781,1683500018791920d,7139
1683500018794357,1683500018796184d,1827
1683500018798740,1683500018800596d,1856
1683500018811801,1683500018819905d,8104
1683500018822643,1683500018834943d,12300
1683500018843050,1683500018844537d,1487
1683500018859012,1683500018863943d,4931
1683500018866370,1683500018868181d,1811
1683500018871529,1683500018873298d,1769
1683500018883878,1683500018885765d,1887
1683500018888121,1683500018890232d,2111
1683500018895840,1683500018899936d,4096
1683500018902385,1683500018904098d,1713
1683500018912892,1683500018914603d,1711
1683500018917074,1683500018918759d,1685
1683500018928902,1683500018930710d,1808
1683500018939325,1683500018941245d,1920
1683500018943596,1683500018955504d,11908
1683500018957989,1683500018959816d,1827
1683500018962116,1683500018963890d,1774
1683500018966254,1683500018968023d,1769
1683500018975290,1683500018977127d,1837
1683500018983339,1683500018985121d,1782
1683500018987435,1683500018995885d,8450
1683500018998417,1683500019000108d,1691
1683500019018144,1683500019020040d,1896
1683500019026132,1683500019027864d,1732
1683500019030291,1683500019032140d,1849
1683500019034487,1683500019043491d,9004
1683500019045851,1683500019047520d,1669
1683500019049855,1683500019051528d,1673
1683500019059673,1683500019061452d,1779
1683500019063848,1683500019065604d,1756
1683500019075730,1683500019077718d,1988
1683500019080442,1683500019082218d,1776
1683500019091472,1683500019093343d,1871
1683500019095748,1683500019102877d,7129
1683500019105323,1683500019107010d,1687
1683500019116477,1683500019118259d,1782
1683500019120566,1683500019122347d,1781
1683500019135397,1683500019137146d,1749
1683500019139452,1683500019141148d,1696
1683500019143601,1683500019145389d,1788
1683500019147661,1683500019149453d,1792
1683500019156951,1683500019158711d,1760
1683500019171391,1683500019173451d,2060
1683500019175954,1683500019177665d,1711
1683500019187366,1683500019189218d,1852
1683500019191633,1683500019193445d,1812
1683500019195657,1683500019197487d,1830
1683500019199875,1683500019201534d,1659
1683500019203770,1683500019205597d,1827
1683500019207980,1683500019210028d,2048
1683500019212485,1683500019214279d,1794
1683500019227796,1683500019235538d,7742
1683500019238128,1683500019250157d,12029
1683500019252854,1683500019254567d,1713
1683500019263839,1683500019265737d,1898
1683500019268037,1683500019269771d,1734
1683500019281987,1683500019287939d,5952
1683500019300443,1683500019302168d,1725
1683500019304351,1683500019306074d,1723
1683500019308348,1683500019310088d,1740
1683500019318144,1683500019319759d,1615
1683500019327965,1683500019336082d,8117
1683500019347929,1683500019349909d,1980
1683500019352350,1683500019359514d,7164
1683500019361922,1683500019363713d,1791
1683500019366197,1683500019367951d,1754
1683500019370253,1683500019372001d,1748
1683500019384177,1683500019394948d,10771
1683500019397517,1683500019399436d,1919
1683500019401940,1683500019403610d,1670
1683500019405951,1683500019407716d,1765
1683500019417060,1683500019418980d,1920
1683500019421294,1683500019422975d,1681
1683500019425311,1683500019427080d,1769
1683500019429272,1683500019438899d,9627
1683500019441350,1683500019443082d,1732
1683500019451315,1683500019453112d,1797
1683500019455492,1683500019457239d,1747
1683500019459667,1683500019461324d,1657
1683500019463594,1683500019465182d,1588
1683500019467410,1683500019469136d,1726
1683500019471486,1683500019473219d,1733
1683500019486023,1683500019487753d,1730
1683500019490016,1683500019491716d,1700
1683500019503297,1683500019505043d,1746
1683500019507516,1683500019509249d,1733
1683500019511416,1683500019523009d,11593
1683500019525469,1683500019527189d,1720
1683500019529493,1683500019531186d,1693
1683500019533409,1683500019538882d,5473
1683500019541212,1683500019542936d,1724
1683500019550152,1683500019551849d,1697
1683500019559595,1683500019561284d,1689
1683500019563548,1683500019565168d,1620
1683500019578069,1683500019579943d,1874
1683500019582182,1683500019583925d,1743
1683500019591900,1683500019593736d,1836
1683500019595986,1683500019597855d,1869
1683500019607827,1683500019609912d,2085
1683500019622076,1683500019623800d,1724
1683500019626032,1683500019627764d,1732
1683500019640051,1683500019641936d,1885
1683500019649023,1683500019650779d,1756
1683500019653214,1683500019658154d,4940
1683500019660514,1683500019662158d,1644
1683500019671631,1683500019679568d,7937
1683500019682250,1683500019684011d,1761
1683500019686696,1683500019688490d,1794
1683500019690764,1683500019692392d,1628
1683500019694817,1683500019696385d,1568
1683500019698604,1683500019700301d,1697
1683500019702578,1683500019704324d,1746
1683500019711285,1683500019713189d,1904
1683500019727823,1683500019729861d,2038
1683500019732122,1683500019733825d,1703
1683500019736340,1683500019748045d,11705
1683500019750392,1683500019752063d,1671
1683500019754581,1683500019756269d,1688
1683500019758648,1683500019760388d,1740
1683500019767303,1683500019769053d,1750
1683500019782138,1683500019784067d,1929
1683500019786555,1683500019788243d,1688
1683500019790656,1683500019792496d,1840
1683500019800429,1683500019802165d,1736
1683500019808940,1683500019819555d,10615
1683500019821988,1683500019823797d,1809
1683500019826227,1683500019828074d,1847
1683500019841118,1683500019843034d,1916
1683500019845471,1683500019847172d,1701
1683500019849447,1683500019855596d,6149
1683500019857908,1683500019859711d,1803
1683500019862061,1683500019863840d,1779
1683500019866125,1683500019867951d,1826
1683500019876436,1683500019886928d,10492
1683500019889294,1683500019890928d,1634
1683500019893191,1683500019894857d,1666
1683500019897367,1683500019904443d,7076
1683500019906976,1683500019908729d,1753
1683500019911118,1683500019912805d,1687
1683500019915116,1683500019916844d,1728
1683500019919179,1683500019920907d,1728
1683500019932912,1683500019934730d,1818
1683500019937101,1683500019938804d,1703
1683500019941141,1683500019947799d,6658
1683500019961078,1683500019962878d,1800
1683500019971805,1683500019973636d,1831
1683500019976039,1683500019977794d,1755
1683500019991058,1683500019992531d,1473
1683500020002145,1683500020003834d,1689
1683500020006258,1683500020008017d,1759
1683500020010583,1683500020012195d,1612
1683500020023962,1683500020025801d,1839
1683500020028129,1683500020029804d,1675
1683500020032103,1683500020033796d,1693
1683500020043902,1683500020045931d,2029
1683500020048420,1683500020050169d,1749
1683500020052580,1683500020054333d,1753
1683500020056562,1683500020058275d,1713
1683500020060524,1683500020062147d,1623
1683500020064409,1683500020066065d,1656
1683500020068298,1683500020069959d,1661
1683500020072184,1683500020083540d,11356
1683500020094141,1683500020096046d,1905
1683500020098440,1683500020108021d,9581
1683500020110391,1683500020115485d,5094
1683500020117894,1683500020119583d,1689
1683500020131949,1683500020133811d,1862
1683500020136101,1683500020137795d,1694
1683500020150037,1683500020151858d,1821
1683500020154172,1683500020155827d,1655
1683500020158056,1683500020159736d,1680
1683500020169949,1683500020171643d,1694
1683500020174100,1683500020175933d,1833
1683500020178329,1683500020180082d,1753
1683500020182383,1683500020184014d,1631
1683500020196002,1683500020197831d,1829
1683500020200279,1683500020202016d,1737
1683500020204464,1683500020206229d,1765
1683500020208456,1683500020210095d,1639
1683500020220484,1683500020222320d,1836
1683500020224512,1683500020226303d,1791
1683500020228598,1683500020230197d,1599
1683500020232389,1683500020234063d,1674
1683500020236342,1683500020237940d,1598
1683500020240225,1683500020241941d,1716
1683500020244239,1683500020245925d,1686
1683500020255853,1683500020257919d,2066
1683500020267840,1683500020271928d,4088
1683500020274332,1683500020275965d,1633
1683500020278350,1683500020290970d,12620
1683500020293359,1683500020302158d,8799
1683500020304674,1683500020306320d,1646
1683500020308569,1683500020310203d,1634
1683500020312450,1683500020314167d,1717
1683500020316379,1683500020318070d,1691
1683500020320309,1683500020321975d,1666
1683500020324270,1683500020325929d,1659
1683500020328219,1683500020329943d,1724
1683500020332191,1683500020333944d,1753
1683500020336177,1683500020337850d,1673
1683500020340072,1683500020341700d,1628
1683500020344085,1683500020354901d,10816
1683500020357384,1683500020359049d,1665
1683500020361517,1683500020363216d,1699
1683500020365487,1683500020367221d,1734
1683500020369606,1683500020378952d,9346
1683500020381257,1683500020383016d,1759
1683500020385248,1683500020391482d,6234
1683500020393933,1683500020395765d,1832
1683500020419054,1683500020420585d,1531
1683500020428802,1683500020430693d,1891
1683500020439357,1683500020441149d,1792
1683500020443381,1683500020445095d,1714
1683500020451026,1683500020452409d,1383
1683500020454772,1683500020456533d,1761
1683500020466128,1683500020467931d,1803
1683500020470304,1683500020472078d,1774
1683500020485011,1683500020486911d,1900
1683500020489312,1683500020491145d,1833
1683500020493539,1683500020495251d,1712
1683500020497626,1683500020499381d,1755
1683500020501742,1683500020503548d,1806
1683500020505834,1683500020507517d,1683
1683500020519406,1683500020521282d,1876
1683500020528975,1683500020535913d,6938
1683500020542662,1683500020544449d,1787
1683500020546840,1683500020548621d,1781
1683500020551023,1683500020552965d,1942
1683500020555558,1683500020557361d,1803
1683500020559827,1683500020561582d,1755
1683500020564016,1683500020565813d,1797
1683500020568175,1683500020570015d,1840
1683500020575886,1683500020577578d,1692
1683500020584851,1683500020586790d,1939
1683500020590096,1683500020592361d,2265
1683500020606136,1683500020607812d,1676
1683500020610294,1683500020612038d,1744
1683500020614557,1683500020616195d,1638
1683500020618571,1683500020620287d,1716
1683500020622573,1683500020630877d,8304
1683500020633326,1683500020642902d,9576
1683500020650148,1683500020651656d,1508
1683500020653974,1683500020655605d,1631
1683500020657935,1683500020659608d,1673
1683500020671610,1683500020673522d,1912
1683500020680860,1683500020682575d,1715
1683500020684790,1683500020686837d,2047
1683500020689178,1683500020694863d,5685
1683500020707341,1683500020709208d,1867
1683500020711577,1683500020723912d,12335
1683500020730128,1683500020731726d,1598
1683500020734078,1683500020735752d,1674
1683500020738114,1683500020739916d,1802
1683500020742289,1683500020743997d,1708
1683500020755622,1683500020757358d,1736
1683500020763589,1683500020765432d,1843
1683500020778132,1683500020779852d,1720
1683500020782312,1683500020784157d,1845
1683500020786523,1683500020788353d,1830
1683500020790742,1683500020792514d,1772
1683500020794828,1683500020796570d,1742
1683500020807747,1683500020809439d,1692
1683500020811909,1683500020823465d,11556
1683500020825968,1683500020827699d,1731
1683500020829942,1683500020839529d,9587
1683500020848363,1683500020850037d,1674
1683500020852256,1683500020854065d,1809
1683500020856430,1683500020858167d,1737
1683500020864355,1683500020866052d,1697
1683500020868361,1683500020870235d,1874
1683500020872667,1683500020874383d,1716
1683500020883405,1683500020885151d,1746
1683500020887814,1683500020895530d,7716
1683500020902691,1683500020904466d,1775
1683500020906875,1683500020908596d,1721
1683500020920455,1683500020922176d,1721
1683500020928439,1683500020939544d,11105
1683500020947319,1683500020958878d,11559
1683500020961412,1683500020963071d,1659
1683500020976004,1683500020977993d,1989
1683500020984354,1683500020986151d,1797
1683500020988642,1683500020990547d,1905
1683500020992909,1683500020994732d,1823
1683500021006700,1683500021008562d,1862
1683500021010837,1683500021012589d,1752
1683500021015091,1683500021016901d,1810
1683500021023866,1683500021025795d,1929
1683500021028133,1683500021029765d,1632
1683500021035857,1683500021037887d,2030
1683500021040308,1683500021041978d,1670
1683500021051985,1683500021053835d,1850
1683500021056346,1683500021058040d,1694
1683500021060270,1683500021061973d,1703
1683500021064265,1683500021066037d,1772
1683500021075986,1683500021077846d,1860
1683500021080230,1683500021081924d,1694
1683500021084341,1683500021086172d,1831
1683500021099080,1683500021100616d,1536
1683500021102869,1683500021104731d,1862
1683500021118125,1683500021119941d,1816
1683500021122503,1683500021124259d,1756
1683500021126743,1683500021128441d,1698
1683500021139645,1683500021141538d,1893
1683500021143980,1683500021145683d,1703
1683500021147950,1683500021149743d,1793
1683500021152165,1683500021153992d,1827
1683500021156334,1683500021158112d,1778
1683500021160414,1683500021162184d,1770
1683500021183062,1683500021184625d,1563
1683500021187191,1683500021189076d,1885
1683500021198137,1683500021199820d,1683
1683500021211641,1683500021213408d,1767
1683500021215792,1683500021217680d,1888
1683500021219990,1683500021221746d,1756
1683500021224073,1683500021225883d,1810
1683500021228268,1683500021230119d,1851
1683500021232460,1683500021239883d,7423
1683500021242235,1683500021244029d,1794
1683500021246400,1683500021252078d,5678
1683500021254564,1683500021256310d,1746
1683500021258692,1683500021260580d,1888
1683500021262980,1683500021264841d,1861
1683500021267123,1683500021269090d,1967
1683500021282062,1683500021283894d,1832
1683500021286367,1683500021288143d,1776
1683500021290551,1683500021292481d,1930
1683500021294896,1683500021296682d,1786
1683500021310056,1683500021311965d,1909
1683500021323823,1683500021325851d,2028
1683500021331921,1683500021333818d,1897
1683500021336196,1683500021338073d,1877
1683500021340513,1683500021342293d,1780
1683500021344659,1683500021346459d,1800
1683500021348798,1683500021350623d,1825
1683500021352909,1683500021354688d,1779
1683500021357032,1683500021358892d,1860
1683500021369958,1683500021371735d,1777
1683500021381046,1683500021382747d,1701
1683500021388736,1683500021390501d,1765
1683500021392921,1683500021399510d,6589
1683500021402020,1683500021403814d,1794
1683500021414041,1683500021415865d,1824
1683500021418123,1683500021419809d,1686
1683500021427063,1683500021428530d,1467
1683500021430877,1683500021438924d,8047
1683500021441561,1683500021447529d,5968
1683500021450022,1683500021451980d,1958
1683500021454354,1683500021456118d,1764
1683500021458450,1683500021460217d,1767
1683500021462664,1683500021475483d,12819
1683500021483828,1683500021494147d,10319
1683500021507374,1683500021509594d,2220
1683500021511836,1683500021513657d,1821
1683500021516041,1683500021523538d,7497
1683500021525888,1683500021531449d,5561
1683500021533916,1683500021535692d,1776
1683500021547870,1683500021549776d,1906
1683500021552074,1683500021553796d,1722
1683500021556064,1683500021557827d,1763
1683500021560242,1683500021562066d,1824
1683500021564553,1683500021567200d,2647
1683500021572860,1683500021580005d,7145
1683500021598653,1683500021600558d,1905
1683500021602915,1683500021607983d,5068
1683500021610332,1683500021612186d,1854
1683500021614772,1683500021616970d,2198
1683500021623393,1683500021625190d,1797
1683500021627511,1683500021629268d,1757
1683500021631643,1683500021633422d,1779
1683500021643998,1683500021645924d,1926
1683500021648280,1683500021650072d,1792
1683500021659838,1683500021670157d,10319
1683500021672696,1683500021674415d,1719
1683500021683775,1683500021685583d,1808
1683500021687861,1683500021689599d,1738
1683500021700434,1683500021702307d,1873
1683500021712937,1683500021723572d,10635
1683500021725974,1683500021735497d,9523
1683500021749017,1683500021750827d,1810
1683500021753238,1683500021755053d,1815
1683500021757351,1683500021759199d,1848
1683500021761674,1683500021763479d,1805
1683500021776925,1683500021778688d,1763
1683500021781096,1683500021782822d,1726
1683500021785078,1683500021786838d,1760
1683500021797060,1683500021798932d,1872
1683500021801196,1683500021810925d,9729
1683500021813336,1683500021815060d,1724
1683500021817291,1683500021818962d,1671
1683500021821417,1683500021827479d,6062
1683500021830643,1683500021832411d,1768
1683500021844937,1683500021851456d,6519
1683500021853966,1683500021855799d,1833
1683500021866115,1683500021867894d,1779
1683500021870184,1683500021871924d,1740
1683500021881949,1683500021891957d,10008
1683500021894447,1683500021896133d,1686
1683500021898517,1683500021900373d,1856
1683500021907956,1683500021909966d,2010
1683500021920856,1683500021922614d,1758
1683500021924874,1683500021931920d,7046
1683500021942136,1683500021943781d,1645
1683500021951603,1683500021953336d,1733
1683500021960304,1683500021962020d,1716
1683500021964371,1683500021966401d,2030
1683500021968861,1683500021970500d,1639
1683500021983944,1683500021985684d,1740
1683500021987969,1683500021989696d,1727
1683500021992021,1683500021993812d,1791
1683500022004949,1683500022006698d,1749
1683500022017929,1683500022019654d,1725
1683500022022021,1683500022023703d,1682
1683500022025993,1683500022027771d,1778
1683500022030100,1683500022038951d,8851
1683500022041321,1683500022043036d,1715
1683500022045367,1683500022047154d,1787
1683500022049480,1683500022051297d,1817
1683500022059972,1683500022061912d,1940
1683500022064367,1683500022071515d,7148
1683500022073995,1683500022075730d,1735
1683500022077934,1683500022080012d,2078
1683500022082269,1683500022084076d,1807
1683500022086635,1683500022088387d,1752
1683500022096907,1683500022098575d,1668
1683500022110141,1683500022111847d,1706
1683500022114322,1683500022115954d,1632
1683500022118285,1683500022121148d,2863
1683500022123598,1683500022125392d,1794
1683500022127727,1683500022135624d,7897
1683500022144452,1683500022146332d,1880
1683500022157026,1683500022158908d,1882
1683500022171327,1683500022173075d,1748
1683500022175518,1683500022177280d,1762
1683500022179901,1683500022187506d,7605
1683500022195953,1683500022206162d,10209
1683500022208787,1683500022210611d,1824
1683500022212991,1683500022214790d,1799
1683500022217181,1683500022219095d,1914
1683500022231865,1683500022233898d,2033
1683500022236348,1683500022243910d,7562
1683500022256365,1683500022258124d,1759
1683500022260353,1683500022262092d,1739
1683500022268884,1683500022270586d,1702
1683500022272954,1683500022274791d,1837
1683500022277059,1683500022278805d,1746
1683500022281173,1683500022282886d,1713
1683500022285244,1683500022286943d,1699
1683500022295341,1683500022297111d,1770
1683500022299402,1683500022301179d,1777
1683500022303444,1683500022305123d,1679
1683500022307345,1683500022309106d,1761
1683500022311430,1683500022313140d,1710
1683500022323832,1683500022325851d,2019
1683500022328146,1683500022329757d,1611
1683500022340984,1683500022342796d,1812
1683500022345221,1683500022346921d,1700
1683500022349115,1683500022350753d,1638
1683500022353007,1683500022359872d,6865
1683500022362180,1683500022367842d,5662
1683500022370339,1683500022372100d,1761
1683500022383663,1683500022390144d,6481
1683500022392817,1683500022394549d,1732
1683500022396870,1683500022398647d,1777
1683500022411361,1683500022413455d,2094
1683500022419956,1683500022421750d,1794
1683500022432473,1683500022434267d,1794
1683500022436681,1683500022439519d,2838
1683500022441884,1683500022443749d,1865
1683500022453899,1683500022462946d,9047
1683500022465524,1683500022467277d,1753
1683500022477080,1683500022482953d,5873
1683500022485527,1683500022487216d,1689
1683500022495648,1683500022497528d,1880
1683500022499924,1683500022511518d,11594
1683500022514042,1683500022515740d,1698
1683500022518048,1683500022530989d,12941
1683500022533537,1683500022535341d,1804
1683500022537860,1683500022539707d,1847
1683500022542103,1683500022543958d,1855
1683500022546295,1683500022555534d,9239
1683500022558149,1683500022566151d,8002
1683500022568702,1683500022570483d,1781
1683500022572816,1683500022574481d,1665
1683500022576889,1683500022578633d,1744
1683500022587617,1683500022589436d,1819
1683500022591888,1683500022593629d,1741
1683500022595936,1683500022606901d,10965
1683500022609440,1683500022611182d,1742
1683500022613584,1683500022615353d,1769
1683500022621941,1683500022623861d,1920
1683500022635702,1683500022637495d,1793
1683500022639883,1683500022641627d,1744
1683500022647336,1683500022649157d,1821
1683500022651682,1683500022653532d,1850
1683500022655873,1683500022657640d,1767
1683500022659940,1683500022661730d,1790
1683500022672954,1683500022674756d,1802
1683500022677176,1683500022683965d,6789
1683500022686341,1683500022688073d,1732
1683500022690427,1683500022692274d,1847
1683500022699650,1683500022702114d,2464
1683500022704486,1683500022706197d,1711
1683500022719760,1683500022721484d,1724
1683500022728284,1683500022730065d,1781
1683500022743337,1683500022745147d,1810
1683500022747545,1683500022749623d,2078
1683500022759906,1683500022761975d,2069
1683500022779844,1683500022781696d,1852
1683500022787801,1683500022798981d,11180
1683500022801653,1683500022803566d,1913
1683500022805970,1683500022807853d,1883
1683500022810154,1683500022811823d,1669
1683500022814078,1683500022815845d,1767
1683500022818181,1683500022819959d,1778
1683500022838131,1683500022840075d,1944
1683500022842647,1683500022844446d,1799
1683500022846844,1683500022848866d,2022
1683500022851450,1683500022853165d,1715
1683500022855754,1683500022858211d,2457
1683500022860742,1683500022862440d,1698
1683500022864761,1683500022866459d,1698
1683500022872245,1683500022873972d,1727
1683500022876456,1683500022884936d,8480
1683500022887720,1683500022889451d,1731
1683500022891738,1683500022893473d,1735
1683500022906639,1683500022908585d,1946
1683500022919927,1683500022921723d,1796
1683500022924131,1683500022930897d,6766
1683500022933361,1683500022935139d,1778
1683500022946602,1683500022960036d,13434
1683500022962534,1683500022964335d,1801
1683500022971850,1683500022973710d,1860
1683500022976118,1683500022977952d,1834
1683500022980253,1683500022981998d,1745
1683500022988289,1683500022990061d,1772
1683500022992394,1683500022994046d,1652
1683500022999818,1683500023001652d,1834
1683500023004025,1683500023005676d,1651
1683500023007974,1683500023010077d,2103
1683500023015953,1683500023028007d,12054
1683500023041119,1683500023042967d,1848
1683500023056440,1683500023058335d,1895
1683500023068345,1683500023070558d,2213
1683500023082141,1683500023083901d,1760
1683500023086188,1683500023088022d,1834
1683500023090411,1683500023096012d,5601
1683500023098499,1683500023100320d,1821
1683500023107843,1683500023109843d,2000
1683500023115924,1683500023124071d,8147
1683500023126356,1683500023128081d,1725
1683500023130374,1683500023132236d,1862
1683500023139700,1683500023141553d,1853
1683500023144070,1683500023145822d,1752
1683500023148092,1683500023149896d,1804
1683500023156362,1683500023158164d,1802
1683500023160617,1683500023167539d,6922
1683500023178137,1683500023180026d,1889
1683500023191476,1683500023193213d,1737
1683500023203650,1683500023205391d,1741
1683500023207761,1683500023209474d,1713
1683500023211773,1683500023213515d,1742
1683500023215877,1683500023217613d,1736
1683500023219890,1683500023221637d,1747
1683500023234139,1683500023244061d,9922
1683500023250134,1683500023251727d,1593
1683500023254214,1683500023255912d,1698
1683500023258389,1683500023266921d,8532
1683500023269556,1683500023271233d,1677
1683500023273409,1683500023275154d,1745
1683500023277674,1683500023279395d,1721
1683500023288445,1683500023290290d,1845
1683500023311952,1683500023313659d,1707
1683500023316108,1683500023317814d,1706
1683500023329102,1683500023330919d,1817
1683500023333259,1683500023335151d,1892
1683500023347696,1683500023349501d,1805
1683500023351815,1683500023353629d,1814
1683500023356146,1683500023357908d,1762
1683500023360413,1683500023362237d,1824
1683500023364637,1683500023366305d,1668
1683500023368780,1683500023370533d,1753
1683500023372888,1683500023374533d,1645
1683500023387863,1683500023389715d,1852
1683500023392050,1683500023393805d,1755
1683500023396354,1683500023398155d,1801
1683500023400992,1683500023402751d,1759
1683500023405278,1683500023407041d,1763
1683500023409380,1683500023415424d,6044
1683500023427057,1683500023428894d,1837
1683500023431318,1683500023433203d,1885
1683500023444369,1683500023446118d,1749
1683500023448422,1683500023450202d,1780
1683500023460929,1683500023462719d,1790
1683500023465043,1683500023471912d,6869
1683500023474364,1683500023476017d,1653
1683500023487764,1683500023489499d,1735
1683500023491839,1683500023500442d,8603
1683500023511753,1683500023513496d,1743
1683500023519316,1683500023521089d,1773
1683500023523493,1683500023525176d,1683
1683500023536313,1683500023538023d,1710
1683500023540438,1683500023547482d,7044
1683500023549884,1683500023558150d,8266
1683500023564514,1683500023566325d,1811
1683500023568635,1683500023570299d,1664
1683500023573016,1683500023574668d,1652
1683500023584905,1683500023587982d,3077
1683500023590280,1683500023600554d,10274
1683500023603067,1683500023604651d,1584
1683500023606894,1683500023608620d,1726
1683500023610872,1683500023616308d,5436
1683500023618730,1683500023627515d,8785
1683500023640058,1683500023641773d,1715
1683500023651923,1683500023653699d,1776
1683500023664804,1683500023666558d,1754
1683500023676351,1683500023678138d,1787
1683500023680426,1683500023682163d,1737
1683500023688939,1683500023690672d,1733
1683500023693037,1683500023710940d,17903
1683500023713287,1683500023715225d,1938
1683500023717386,1683500023727464d,10078
1683500023736407,1683500023738079d,1672
1683500023747878,1683500023755460d,7582
1683500023764631,1683500023766369d,1738
1683500023768655,1683500023770377d,1722
1683500023772733,1683500023774520d,1787
1683500023783257,1683500023785016d,1759
1683500023787491,1683500023789123d,1632
1683500023791285,1683500023800015d,8730
1683500023802393,1683500023804076d,1683
1683500023812339,1683500023820040d,7701
1683500023828336,1683500023830168d,1832
1683500023832393,1683500023834055d,1662
1683500023843279,1683500023854901d,11622
1683500023866129,1683500023867735d,1606
1683500023870257,1683500023879524d,9267
1683500023881876,1683500023883553d,1677
1683500023885824,1683500023891862d,6038
1683500023894274,1683500023895905d,1631
1683500023898186,1683500023899892d,1706
1683500023913125,1683500023923552d,10427
1683500023926205,1683500023927901d,1696
1683500023930449,1683500023932158d,1709
1683500023937973,1683500023939666d,1693
1683500023952390,1683500023954200d,1810
1683500023956625,1683500023958375d,1750
1683500023960707,1683500023962458d,1751
1683500023964870,1683500023971501d,6631
1683500023973792,1683500023975558d,1766
1683500023977957,1683500023979634d,1677
1683500023981894,1683500023983664d,1770
1683500023986058,1683500023987814d,1756
1683500023999875,1683500024001941d,2066
1683500024004364,1683500024006066d,1702
1683500024008436,1683500024010179d,1743
1683500024012566,1683500024014369d,1803
1683500024016665,1683500024018426d,1761
1683500024031849,1683500024033931d,2082
1683500024036894,1683500024038528d,1634
1683500024040796,1683500024042506d,1710
1683500024054142,1683500024055925d,1783
1683500024079105,1683500024080652d,1547
1683500024090025,1683500024091871d,1846
1683500024102130,1683500024122156d,20026
1683500024124741,1683500024126488d,1747
1683500024143413,1683500024145193d,1780
1683500024147555,1683500024149218d,1663
1683500024156338,1683500024158100d,1762
1683500024160376,1683500024162110d,1734
1683500024170587,1683500024172462d,1875
1683500024174891,1683500024176609d,1718
1683500024184494,1683500024186248d,1754
1683500024188493,1683500024190299d,1806
1683500024192584,1683500024194194d,1610
1683500024203649,1683500024205369d,1720
1683500024211903,1683500024219844d,7941
1683500024222217,1683500024223886d,1669
1683500024226258,1683500024227943d,1685
1683500024239902,1683500024241773d,1871
1683500024244114,1683500024245748d,1634
1683500024248151,1683500024249895d,1744
1683500024258138,1683500024259772d,1634
1683500024262263,1683500024263927d,1664
1683500024266269,1683500024275450d,9181
1683500024277960,1683500024279565d,1605
1683500024281964,1683500024283707d,1743
1683500024290610,1683500024292317d,1707
1683500024294653,1683500024296254d,1601
1683500024298557,1683500024300220d,1663
1683500024302512,1683500024304284d,1772
1683500024306657,1683500024308405d,1748
1683500024311043,1683500024312732d,1689
1683500024315008,1683500024316901d,1893
1683500024324824,1683500024326592d,1768
1683500024329025,1683500024330746d,1721
1683500024333050,1683500024334767d,1717
1683500024337004,1683500024338754d,1750
1683500024341404,1683500024343022d,1618
1683500024345273,1683500024347000d,1727
1683500024357972,1683500024359687d,1715
1683500024366132,1683500024367718d,1586
1683500024370035,1683500024371893d,1858
1683500024374235,1683500024375931d,1696
1683500024387808,1683500024394904d,7096
1683500024397354,1683500024407467d,10113
1683500024409976,1683500024422153d,12177
1683500024424616,1683500024426337d,1721
1683500024429077,1683500024430784d,1707
1683500024433060,1683500024434745d,1685
1683500024437131,1683500024438842d,1711
1683500024451335,1683500024453043d,1708
1683500024455600,1683500024457288d,1688
1683500024468834,1683500024470539d,1705
1683500024481891,1683500024483700d,1809
1683500024486174,1683500024502949d,16775
1683500024515864,1683500024517775d,1911
1683500024519967,1683500024528068d,8101
1683500024530396,1683500024532184d,1788
1683500024543301,1683500024545137d,1836
1683500024547476,1683500024549141d,1665
1683500024558601,1683500024567455d,8854
1683500024569882,1683500024571486d,1604
1683500024573729,1683500024575420d,1691
1683500024589117,1683500024595905d,6788
1683500024598234,1683500024599962d,1728
1683500024602309,1683500024607826d,5517
1683500024620946,1683500024622735d,1789
1683500024624986,1683500024631448d,6462
1683500024633707,1683500024635509d,1802
1683500024637908,1683500024646150d,8242
1683500024648478,1683500024650145d,1667
1683500024652504,1683500024654316d,1812
1683500024667828,1683500024669557d,1729
1683500024672146,1683500024673805d,1659
1683500024676165,1683500024677925d,1760
1683500024680328,1683500024682015d,1687
1683500024684238,1683500024686038d,1800
1683500024688323,1683500024690021d,1698
1683500024692295,1683500024694049d,1754
1683500024704954,1683500024706647d,1693
1683500024716973,1683500024718810d,1837
1683500024721335,1683500024723004d,1669
1683500024735714,1683500024737469d,1755
1683500024743287,1683500024744966d,1679
1683500024747216,1683500024748898d,1682
1683500024751229,1683500024752920d,1691
1683500024755230,1683500024767505d,12275
1683500024769963,1683500024771583d,1620
1683500024773882,1683500024775557d,1675
1683500024777967,1683500024779690d,1723
1683500024792907,1683500024794786d,1879
1683500024797137,1683500024798875d,1738
1683500024801110,1683500024802798d,1688
1683500024805087,1683500024806778d,1691
1683500024809072,1683500024810795d,1723
1683500024821895,1683500024823643d,1748
1683500024825944,1683500024831915d,5971
1683500024834374,1683500024836211d,1837
1683500024844334,1683500024846101d,1767
1683500024851890,1683500024853538d,1648
1683500024855797,1683500024867480d,11683
1683500024869988,1683500024871659d,1671
1683500024873937,1683500024875642d,1705
1683500024878009,1683500024879661d,1652
1683500024882535,1683500024884179d,1644
1683500024886575,1683500024888222d,1647
1683500024890510,1683500024892235d,1725
1683500024899942,1683500024901654d,1712
1683500024913960,1683500024915721d,1761
1683500024917992,1683500024919665d,1673
1683500024921972,1683500024923671d,1699
1683500024926099,1683500024927758d,1659
1683500024930098,1683500024931741d,1643
1683500024942137,1683500024943741d,1604
1683500024956945,1683500024958706d,1761
1683500024961053,1683500024962712d,1659
1683500024964981,1683500024966687d,1706
1683500024969042,1683500024970683d,1641
1683500024983983,1683500024985716d,1733
1683500024988142,1683500024989760d,1618
1683500024992000,1683500024993628d,1628
1683500024995886,1683500024997607d,1721
1683500024999900,1683500025001635d,1735
1683500025003940,1683500025005600d,1660
1683500025007919,1683500025009709d,1790
1683500025012017,1683500025014053d,2036
1683500025016417,1683500025018066d,1649
1683500025020320,1683500025022050d,1730
1683500025024365,1683500025026156d,1791
1683500025028461,1683500025035539d,7078
1683500025037981,1683500025039777d,1796
1683500025042074,1683500025051548d,9474
1683500025053923,1683500025055738d,1815
1683500025069068,1683500025076024d,6956
1683500025078453,1683500025080223d,1770
1683500025082496,1683500025091547d,9051
1683500025093937,1683500025095677d,1740
1683500025098049,1683500025099934d,1885
1683500025102215,1683500025103924d,1709
1683500025106225,1683500025111550d,5325
1683500025113979,1683500025115709d,1730
1683500025118099,1683500025128507d,10408
1683500025130945,1683500025143505d,12560
1683500025146172,1683500025147918d,1746
1683500025150317,1683500025152029d,1712
1683500025154376,1683500025156227d,1851
1683500025168384,1683500025170222d,1838
1683500025176501,1683500025178294d,1793
1683500025183826,1683500025185615d,1789
1683500025187914,1683500025189628d,1714
1683500025191966,1683500025193723d,1757
1683500025195990,1683500025197673d,1683
1683500025208989,1683500025215977d,6988
1683500025218390,1683500025220030d,1640
1683500025222383,1683500025224101d,1718
1683500025226438,1683500025228089d,1651
1683500025236279,1683500025238022d,1743
1683500025240533,1683500025242327d,1794
1683500025244642,1683500025251979d,7337
1683500025254295,1683500025255992d,1697
1683500025258333,1683500025260120d,1787
1683500025262474,1683500025270148d,7674
1683500025275891,1683500025277646d,1755
1683500025279939,1683500025281794d,1855
1683500025284091,1683500025285834d,1743
1683500025288224,1683500025289964d,1740
1683500025296920,1683500025298706d,1786
1683500025307986,1683500025320040d,12054
1683500025322461,1683500025324285d,1824
1683500025335884,1683500025347464d,11580
1683500025350004,1683500025351725d,1721
1683500025354223,1683500025355863d,1640
1683500025366133,1683500025370917d,4784
1683500025373284,1683500025376035d,2751
1683500025378356,1683500025383461d,5105
1683500025385977,1683500025387640d,1663
1683500025389864,1683500025391665d,1801
1683500025393950,1683500025395792d,1842
1683500025399262,1683500025401037d,1775
1683500025403383,1683500025405186d,1803
1683500025415819,1683500025417786d,1967
1683500025420211,1683500025421920d,1709
1683500025424103,1683500025425879d,1776
1683500025428128,1683500025439492d,11364
1683500025441812,1683500025443563d,1751
1683500025451478,1683500025453347d,1869
1683500025455668,1683500025457399d,1731
1683500025459683,1683500025462918d,3235
1683500025475887,1683500025478050d,2163
1683500025487745,1683500025489983d,2238
1683500025492266,1683500025494074d,1808
1683500025518141,1683500025527724d,9583
1683500025530127,1683500025539929d,9802
1683500025542321,1683500025544009d,1688
1683500025546572,1683500025548410d,1838
1683500025550670,1683500025553475d,2805
1683500025555686,1683500025574920d,19234
1683500025577654,1683500025579357d,1703
1683500025581646,1683500025586930d,5284
1683500025589316,1683500025590967d,1651
1683500025593235,1683500025594909d,1674
1683500025600866,1683500025602565d,1699
1683500025604944,1683500025606634d,1690
1683500025609035,1683500025610726d,1691
1683500025613003,1683500025614748d,1745
1683500025617020,1683500025618728d,1708
1683500025620897,1683500025622600d,1703
1683500025624903,1683500025626521d,1618
1683500025628798,1683500025635472d,6674
1683500025648456,1683500025650224d,1768
1683500025652595,1683500025654385d,1790
1683500025656893,1683500025658608d,1715
1683500025664204,1683500025666054d,1850
1683500025679416,1683500025681339d,1923
1683500025687990,1683500025689719d,1729
1683500025692238,1683500025693982d,1744
1683500025701005,1683500025702713d,1708
1683500025708930,1683500025710737d,1807
1683500025713029,1683500025714812d,1783
1683500025728016,1683500025729745d,1729
1683500025733898,1683500025735678d,1780
1683500025738115,1683500025739904d,1789
1683500025752070,1683500025753801d,1731
1683500025756060,1683500025757811d,1751
1683500025769091,1683500025770808d,1717
1683500025773324,1683500025780021d,6697
