1683499921883826,1683499921884785d,959
1683499921884911,1683499921885459d,548
1683499921885577,1683499921886150d,573
1683499921886265,1683499921886863d,598
1683499921886910,1683499921887469d,559
1683499921887568,1683499921888223d,655
1683499921888317,1683499921888902d,585
1683499921888977,1683499921889820d,843
1683499921889886,1683499921890482d,596
1683499921890566,1683499921891259d,693
1683499921891334,1683499921891869d,535
1683499921891920,1683499921892689d,769
1683499921892767,1683499921893837d,1070
1683499921894141,1683499921895017d,876
1683499921895028,1683499921895853d,825
1683499921895937,1683499921903297d,7360
1683499921903367,1683499921904030d,663
1683499921904094,1683499921905803d,1709
1683499921905871,1683499921906657d,786
1683499921906755,1683499921907412d,657
1683499921907477,1683499921908382d,905
1683499921908392,1683499921909149d,757
1683499921909226,1683499921909813d,587
1683499921909920,1683499921910765d,845
1683499921910827,1683499921911479d,652
1683499921911607,1683499921912309d,702
1683499921912375,1683499921913080d,705
1683499921913144,1683499921913945d,801
1683499921914032,1683499921914710d,678
1683499921914788,1683499921919291d,4503
1683499921919357,1683499921920160d,803
1683499921920228,1683499921920881d,653
1683499921920949,1683499921921578d,629
1683499921921640,1683499921922287d,647
1683499921922352,1683499921922957d,605
1683499921923012,1683499921924400d,1388
1683499921924464,1683499921925321d,857
1683499921925383,1683499921926116d,733
1683499921926203,1683499921926820d,617
1683499921926887,1683499921927526d,639
1683499921927593,1683499921928200d,607
1683499921928313,1683499921928992d,679
1683499921929020,1683499921929677d,657
1683499921929796,1683499921930368d,572
1683499921930476,1683499921931027d,551
1683499921931136,1683499921931712d,576
1683499921931835,1683499921932398d,563
1683499921932464,1683499921933047d,583
1683499921933186,1683499921933685d,499
1683499921933803,1683499921934345d,542
1683499921934467,1683499921935026d,559
1683499921935146,1683499921935751d,605
1683499921935905,1683499921936471d,566
1683499921936554,1683499921937177d,623
1683499921937256,1683499921937888d,632
1683499921937962,1683499921938674d,712
1683499921938741,1683499921939377d,636
1683499921939456,1683499921940254d,798
1683499921940390,1683499921941001d,611
1683499921941065,1683499921941702d,637
1683499921941787,1683499921942415d,628
1683499921942489,1683499921943120d,631
1683499921943217,1683499921943813d,596
1683499921943984,1683499921944479d,495
1683499921944539,1683499921945125d,586
1683499921945182,1683499921945789d,607
1683499921945824,1683499921946427d,603
1683499921946498,1683499921947156d,658
1683499921947219,1683499921947884d,665
1683499921947997,1683499921948783d,786
1683499921948898,1683499921949507d,609
1683499921949608,1683499921950397d,789
1683499921950488,1683499921951147d,659
1683499921951203,1683499921951886d,683
1683499921951947,1683499921952579d,632
1683499921952638,1683499921953264d,626
1683499921953324,1683499921954027d,703
1683499921954082,1683499921954755d,673
1683499921954819,1683499921955468d,649
1683499921955529,1683499921956884d,1355
1683499921956970,1683499921957576d,606
1683499921957631,1683499921958288d,657
1683499921958349,1683499921958998d,649
1683499921959066,1683499921959691d,625
1683499921959763,1683499921960361d,598
1683499921960430,1683499921961119d,689
1683499921961185,1683499921961851d,666
1683499921961976,1683499921962547d,571
1683499921962624,1683499921963256d,632
1683499921963326,1683499921963996d,670
1683499921964068,1683499921964769d,701
1683499921964835,1683499921965566d,731
1683499921965655,1683499921966314d,659
1683499921966391,1683499921967111d,720
1683499921967181,1683499921967915d,734
1683499921968005,1683499921968780d,775
1683499921968858,1683499921969640d,782
1683499921969736,1683499921970407d,671
1683499921970477,1683499921971146d,669
1683499921971206,1683499921971939d,733
1683499921972065,1683499921972715d,650
1683499921972789,1683499921973445d,656
1683499921973509,1683499921974217d,708
1683499921974286,1683499921975000d,714
1683499921975061,1683499921975732d,671
1683499921975812,1683499921976561d,749
1683499921976617,1683499921977316d,699
1683499921977378,1683499921978093d,715
1683499921978153,1683499921978794d,641
1683499921978855,1683499921979588d,733
1683499921979760,1683499921980346d,586
1683499921980385,1683499921981040d,655
1683499921981097,1683499921981749d,652
1683499921981816,1683499921982532d,716
1683499921982591,1683499921983233d,642
1683499921983290,1683499921984037d,747
1683499921984291,1683499921984772d,481
1683499921984823,1683499921985482d,659
1683499921985537,1683499921986174d,637
1683499921986220,1683499921986968d,748
1683499921987026,1683499921987724d,698
1683499921987783,1683499921989691d,1908
1683499921989799,1683499921990409d,610
1683499921990494,1683499921991243d,749
1683499921991306,1683499921991983d,677
1683499921992053,1683499921992864d,811
1683499921992924,1683499921993703d,779
1683499921993799,1683499921994462d,663
1683499921994533,1683499921995212d,679
1683499921995282,1683499921996009d,727
1683499921996099,1683499921996907d,808
1683499921996980,1683499921997684d,704
1683499921997753,1683499921998472d,719
1683499921998557,1683499921999225d,668
1683499921999307,1683499921999917d,610
1683499922000012,1683499922000897d,885
1683499922000969,1683499922001709d,740
1683499922001784,1683499922002527d,743
1683499922002616,1683499922003285d,669
1683499922003373,1683499922004041d,668
1683499922004120,1683499922004862d,742
1683499922004937,1683499922005587d,650
1683499922005648,1683499922006338d,690
1683499922006428,1683499922007222d,794
1683499922007310,1683499922008058d,748
1683499922008157,1683499922008925d,768
1683499922008992,1683499922009648d,656
1683499922009843,1683499922010581d,738
1683499922010669,1683499922011287d,618
1683499922011370,1683499922012088d,718
1683499922012190,1683499922012861d,671
1683499922012933,1683499922013625d,692
1683499922013730,1683499922014490d,760
1683499922014553,1683499922015286d,733
1683499922015349,1683499922016030d,681
1683499922016094,1683499922016770d,676
1683499922016841,1683499922017726d,885
1683499922017800,1683499922018441d,641
1683499922018529,1683499922019196d,667
1683499922019278,1683499922019935d,657
1683499922020010,1683499922020640d,630
1683499922020705,1683499922021353d,648
1683499922021443,1683499922022076d,633
1683499922022173,1683499922022920d,747
1683499922023001,1683499922023878d,877
1683499922023961,1683499922024680d,719
1683499922024762,1683499922025472d,710
1683499922025553,1683499922026321d,768
1683499922026387,1683499922027061d,674
1683499922027123,1683499922027987d,864
1683499922028031,1683499922028746d,715
1683499922028839,1683499922029469d,630
1683499922029565,1683499922030220d,655
1683499922030295,1683499922030944d,649
1683499922031031,1683499922031668d,637
1683499922031753,1683499922032612d,859
1683499922032728,1683499922033508d,780
1683499922033568,1683499922034205d,637
1683499922034259,1683499922035090d,831
1683499922035130,1683499922035835d,705
1683499922035887,1683499922036578d,691
1683499922036641,1683499922037779d,1138
1683499922037862,1683499922038513d,651
1683499922038652,1683499922039236d,584
1683499922039312,1683499922039934d,622
1683499922040034,1683499922040731d,697
1683499922040793,1683499922041440d,647
1683499922041521,1683499922042301d,780
1683499922042454,1683499922042965d,511
1683499922043029,1683499922044062d,1033
1683499922044130,1683499922044724d,594
1683499922044814,1683499922045461d,647
1683499922045538,1683499922046305d,767
1683499922046366,1683499922047139d,773
1683499922047221,1683499922047958d,737
1683499922048029,1683499922048684d,655
1683499922048746,1683499922049660d,914
1683499922049732,1683499922050387d,655
1683499922050455,1683499922051073d,618
1683499922051143,1683499922051812d,669
1683499922051872,1683499922052496d,624
1683499922052550,1683499922053259d,709
1683499922053319,1683499922054090d,771
1683499922054155,1683499922054791d,636
1683499922054874,1683499922055603d,729
1683499922055671,1683499922056310d,639
1683499922056377,1683499922057141d,764
1683499922057246,1683499922057890d,644
1683499922058003,1683499922063307d,5304
1683499922063390,1683499922064228d,838
1683499922064312,1683499922064954d,642
1683499922065026,1683499922065732d,706
1683499922065755,1683499922066537d,782
1683499922066621,1683499922067420d,799
1683499922067689,1683499922068148d,459
1683499922068206,1683499922068824d,618
1683499922068901,1683499922069581d,680
1683499922069629,1683499922070289d,660
1683499922070365,1683499922071109d,744
1683499922071136,1683499922071854d,718
1683499922071907,1683499922072559d,652
1683499922072636,1683499922073415d,779
1683499922073499,1683499922074176d,677
1683499922074227,1683499922074940d,713
1683499922075021,1683499922075658d,637
1683499922075720,1683499922076527d,807
1683499922076589,1683499922077310d,721
1683499922077367,1683499922078115d,748
1683499922078168,1683499922078827d,659
1683499922078900,1683499922080355d,1455
1683499922080365,1683499922081141d,776
1683499922081221,1683499922081884d,663
1683499922081964,1683499922082632d,668
1683499922082668,1683499922083392d,724
1683499922083556,1683499922084118d,562
1683499922084382,1683499922086237d,1855
1683499922086370,1683499922087207d,837
1683499922087295,1683499922088365d,1070
1683499922088449,1683499922089215d,766
1683499922089309,1683499922090042d,733
1683499922090124,1683499922090713d,589
1683499922090787,1683499922091399d,612
1683499922091490,1683499922092170d,680
1683499922092256,1683499922092905d,649
1683499922093000,1683499922093633d,633
1683499922093723,1683499922094395d,672
1683499922094489,1683499922095170d,681
1683499922095277,1683499922095917d,640
1683499922096010,1683499922096635d,625
1683499922096769,1683499922097470d,701
1683499922097548,1683499922098260d,712
1683499922098323,1683499922099143d,820
1683499922099226,1683499922099975d,749
1683499922100059,1683499922100783d,724
1683499922100840,1683499922101489d,649
1683499922101609,1683499922102249d,640
1683499922102323,1683499922103069d,746
1683499922103155,1683499922103801d,646
1683499922103872,1683499922104733d,861
1683499922104793,1683499922105495d,702
1683499922105544,1683499922106205d,661
1683499922106284,1683499922106945d,661
1683499922106996,1683499922107734d,738
1683499922107759,1683499922108482d,723
1683499922108586,1683499922109170d,584
1683499922109233,1683499922109859d,626
1683499922109912,1683499922110727d,815
1683499922110788,1683499922111409d,621
1683499922111472,1683499922112192d,720
1683499922112238,1683499922112920d,682
1683499922112988,1683499922113596d,608
1683499922113670,1683499922114294d,624
1683499922114369,1683499922115003d,634
1683499922115079,1683499922115777d,698
1683499922115892,1683499922118263d,2371
1683499922118361,1683499922119054d,693
1683499922119128,1683499922119737d,609
1683499922119816,1683499922120476d,660
1683499922120553,1683499922121231d,678
1683499922121315,1683499922122232d,917
1683499922122315,1683499922122894d,579
1683499922122980,1683499922123545d,565
1683499922123630,1683499922124304d,674
1683499922124384,1683499922125098d,714
1683499922125184,1683499922125816d,632
1683499922125899,1683499922126499d,600
1683499922126577,1683499922127162d,585
1683499922127237,1683499922127882d,645
1683499922127969,1683499922128577d,608
1683499922128656,1683499922129277d,621
1683499922129362,1683499922130017d,655
1683499922130128,1683499922130758d,630
1683499922130828,1683499922131477d,649
1683499922131558,1683499922132209d,651
1683499922132284,1683499922132889d,605
1683499922132963,1683499922133666d,703
1683499922133741,1683499922134427d,686
1683499922134509,1683499922135213d,704
1683499922135252,1683499922135934d,682
1683499922136042,1683499922136622d,580
1683499922136701,1683499922137383d,682
1683499922137459,1683499922138111d,652
1683499922138144,1683499922142677d,4533
1683499922142692,1683499922143363d,671
1683499922143420,1683499922144071d,651
1683499922144125,1683499922144729d,604
1683499922144794,1683499922145394d,600
1683499922145466,1683499922146155d,689
1683499922146228,1683499922146880d,652
1683499922146935,1683499922147570d,635
1683499922147642,1683499922148296d,654
1683499922148392,1683499922148984d,592
1683499922149069,1683499922149664d,595
1683499922149751,1683499922150404d,653
1683499922150492,1683499922151850d,1358
1683499922151905,1683499922152635d,730
1683499922152678,1683499922153353d,675
1683499922153408,1683499922153983d,575
1683499922154042,1683499922159274d,5232
1683499922159390,1683499922159946d,556
1683499922159986,1683499922160612d,626
1683499922160687,1683499922161276d,589
1683499922161362,1683499922161972d,610
1683499922162047,1683499922162664d,617
1683499922162736,1683499922163369d,633
1683499922163443,1683499922164059d,616
1683499922164130,1683499922164712d,582
1683499922164756,1683499922165520d,764
1683499922165597,1683499922167024d,1427
1683499922167128,1683499922167758d,630
1683499922167826,1683499922168457d,631
1683499922168512,1683499922175269d,6757
1683499922175342,1683499922176066d,724
1683499922176141,1683499922176832d,691
1683499922176917,1683499922177619d,702
1683499922177717,1683499922178355d,638
1683499922178404,1683499922179034d,630
1683499922179109,1683499922179757d,648
1683499922179832,1683499922180445d,613
1683499922180563,1683499922181196d,633
1683499922181283,1683499922181924d,641
1683499922181990,1683499922182948d,958
1683499922183023,1683499922183620d,597
1683499922183692,1683499922184302d,610
1683499922184352,1683499922184981d,629
1683499922185049,1683499922185630d,581
1683499922185700,1683499922187260d,1560
1683499922187311,1683499922187981d,670
1683499922188047,1683499922189976d,1929
1683499922190050,1683499922190732d,682
1683499922190805,1683499922191435d,630
1683499922191539,1683499922199319d,7780
1683499922199395,1683499922200049d,654
1683499922200117,1683499922200781d,664
1683499922200823,1683499922206677d,5854
1683499922206686,1683499922207491d,805
1683499922207564,1683499922208210d,646
1683499922208263,1683499922208934d,671
1683499922209016,1683499922209726d,710
1683499922209777,1683499922210478d,701
1683499922210555,1683499922211180d,625
1683499922211253,1683499922212032d,779
1683499922212099,1683499922212743d,644
1683499922212841,1683499922213575d,734
1683499922213659,1683499922214366d,707
1683499922214442,1683499922215025d,583
1683499922215104,1683499922215715d,611
1683499922215778,1683499922216382d,604
1683499922216460,1683499922217133d,673
1683499922217208,1683499922217867d,659
1683499922217954,1683499922218572d,618
1683499922218625,1683499922219231d,606
1683499922219301,1683499922219900d,599
1683499922219949,1683499922220570d,621
1683499922220632,1683499922227304d,6672
1683499922227372,1683499922228890d,1518
1683499922228955,1683499922229696d,741
1683499922229776,1683499922230392d,616
1683499922230449,1683499922230991d,542
1683499922231045,1683499922231650d,605
1683499922231732,1683499922232440d,708
1683499922232485,1683499922233109d,624
1683499922233190,1683499922233842d,652
1683499922233953,1683499922234717d,764
1683499922234815,1683499922235529d,714
1683499922235599,1683499922236317d,718
1683499922236388,1683499922237054d,666
1683499922237125,1683499922243315d,6190
1683499922243386,1683499922244050d,664
1683499922244117,1683499922244744d,627
1683499922244815,1683499922245471d,656
1683499922245568,1683499922246178d,610
1683499922246256,1683499922246815d,559
1683499922246883,1683499922247478d,595
1683499922247563,1683499922248151d,588
1683499922248214,1683499922248818d,604
1683499922248878,1683499922249557d,679
1683499922249599,1683499922250215d,616
1683499922250241,1683499922250853d,612
1683499922250916,1683499922251617d,701
1683499922251669,1683499922252226d,557
1683499922252287,1683499922252913d,626
1683499922252958,1683499922254662d,1704
1683499922254711,1683499922256103d,1392
1683499922256158,1683499922256798d,640
1683499922256856,1683499922257630d,774
1683499922257726,1683499922258342d,616
1683499922258396,1683499922259049d,653
1683499922259106,1683499922259743d,637
1683499922259806,1683499922260455d,649
1683499922260521,1683499922261153d,632
1683499922261225,1683499922261864d,639
1683499922261929,1683499922262821d,892
1683499922262881,1683499922267270d,4389
1683499922267342,1683499922267984d,642
1683499922268037,1683499922268693d,656
1683499922268768,1683499922269375d,607
1683499922269426,1683499922270401d,975
1683499922270467,1683499922271111d,644
1683499922271202,1683499922271867d,665
1683499922271971,1683499922273339d,1368
1683499922273414,1683499922274055d,641
1683499922274127,1683499922274726d,599
1683499922274825,1683499922275474d,649
1683499922275557,1683499922283264d,7707
1683499922283334,1683499922284057d,723
1683499922284088,1683499922285080d,992
1683499922285146,1683499922285829d,683
1683499922285869,1683499922286628d,759
1683499922286723,1683499922287340d,617
1683499922287414,1683499922287984d,570
1683499922288046,1683499922288642d,596
1683499922288716,1683499922289274d,558
1683499922289346,1683499922289928d,582
1683499922290002,1683499922290601d,599
1683499922290663,1683499922291290d,627
1683499922291361,1683499922291990d,629
1683499922292075,1683499922292655d,580
1683499922292713,1683499922293295d,582
1683499922293332,1683499922293985d,653
1683499922294063,1683499922294608d,545
1683499922294671,1683499922295297d,626
1683499922295369,1683499922295969d,600
1683499922296048,1683499922296666d,618
1683499922296745,1683499922297412d,667
1683499922297481,1683499922298093d,612
1683499922298184,1683499922298775d,591
1683499922298885,1683499922299478d,593
1683499922299566,1683499922300113d,547
1683499922300196,1683499922300839d,643
1683499922300921,1683499922301495d,574
1683499922301592,1683499922302237d,645
1683499922302352,1683499922302891d,539
1683499922302970,1683499922303559d,589
1683499922303622,1683499922304229d,607
1683499922304289,1683499922304911d,622
1683499922304962,1683499922305538d,576
1683499922305607,1683499922306280d,673
1683499922306352,1683499922306991d,639
1683499922307050,1683499922307630d,580
1683499922307691,1683499922308343d,652
1683499922308402,1683499922309012d,610
1683499922309075,1683499922309756d,681
1683499922309791,1683499922310413d,622
1683499922310552,1683499922315244d,4692
1683499922315300,1683499922315940d,640
1683499922315993,1683499922316680d,687
1683499922316741,1683499922317420d,679
1683499922317539,1683499922318135d,596
1683499922318208,1683499922319166d,958
1683499922319229,1683499922319846d,617
1683499922319903,1683499922320509d,606
1683499922320574,1683499922321181d,607
1683499922321245,1683499922321859d,614
1683499922321937,1683499922322824d,887
1683499922322886,1683499922323458d,572
1683499922323520,1683499922324199d,679
1683499922324287,1683499922324894d,607
1683499922324951,1683499922325583d,632
1683499922325620,1683499922326307d,687
1683499922326344,1683499922326982d,638
1683499922327020,1683499922327661d,641
1683499922327738,1683499922328367d,629
1683499922328419,1683499922329066d,647
1683499922329103,1683499922329801d,698
1683499922329870,1683499922330532d,662
1683499922330601,1683499922331241d,640
1683499922331298,1683499922331995d,697
1683499922332095,1683499922332722d,627
1683499922332816,1683499922333535d,719
1683499922333576,1683499922334324d,748
1683499922334418,1683499922335079d,661
1683499922335161,1683499922335897d,736
1683499922335962,1683499922336576d,614
1683499922336812,1683499922337281d,469
1683499922337357,1683499922337972d,615
1683499922338047,1683499922338990d,943
1683499922339070,1683499922341137d,2067
1683499922341263,1683499922341848d,585
1683499922341946,1683499922343588d,1642
1683499922343667,1683499922344317d,650
1683499922344396,1683499922345093d,697
1683499922345170,1683499922345762d,592
1683499922345846,1683499922346452d,606
1683499922346533,1683499922351236d,4703
1683499922351306,1683499922352019d,713
1683499922352089,1683499922352699d,610
1683499922352830,1683499922353400d,570
1683499922353483,1683499922354136d,653
1683499922354205,1683499922354810d,605
1683499922354891,1683499922355469d,578
1683499922355595,1683499922356176d,581
1683499922356245,1683499922356857d,612
1683499922356975,1683499922357534d,559
1683499922357607,1683499922358217d,610
1683499922358295,1683499922359748d,1453
1683499922359822,1683499922360412d,590
1683499922360471,1683499922361125d,654
1683499922361224,1683499922361812d,588
1683499922361906,1683499922362541d,635
1683499922362640,1683499922363231d,591
1683499922363297,1683499922363923d,626
1683499922363998,1683499922364610d,612
1683499922364652,1683499922371244d,6592
1683499922371339,1683499922371981d,642
1683499922372071,1683499922372725d,654
1683499922372815,1683499922373444d,629
1683499922373525,1683499922374131d,606
1683499922374982,1683499922375151d,169
1683499922375240,1683499922375834d,594
1683499922375907,1683499922376792d,885
1683499922376867,1683499922377512d,645
1683499922377590,1683499922378219d,629
1683499922378287,1683499922379249d,962
1683499922379338,1683499922379926d,588
1683499922379999,1683499922380608d,609
1683499922380698,1683499922381299d,601
1683499922381377,1683499922382037d,660
1683499922382128,1683499922382670d,542
1683499922382761,1683499922383358d,597
1683499922383460,1683499922391261d,7801
1683499922391339,1683499922391967d,628
1683499922392040,1683499922392585d,545
1683499922392657,1683499922393245d,588
1683499922393334,1683499922393932d,598
1683499922394027,1683499922394824d,797
1683499922394922,1683499922395544d,622
1683499922395606,1683499922396302d,696
1683499922396375,1683499922396989d,614
1683499922397059,1683499922397738d,679
1683499922397802,1683499922398543d,741
1683499922398794,1683499922399316d,522
1683499922399406,1683499922400057d,651
1683499922400149,1683499922400792d,643
1683499922400862,1683499922401450d,588
1683499922401522,1683499922402183d,661
1683499922402303,1683499922402897d,594
1683499922402978,1683499922403611d,633
1683499922403712,1683499922404650d,938
1683499922404729,1683499922405306d,577
1683499922405434,1683499922405995d,561
1683499922406076,1683499922406826d,750
1683499922406916,1683499922408825d,1909
1683499922408912,1683499922409485d,573
1683499922409578,1683499922410222d,644
1683499922410329,1683499922410906d,577
1683499922411002,1683499922411576d,574
1683499922411681,1683499922412268d,587
1683499922412331,1683499922412939d,608
1683499922413013,1683499922413608d,595
1683499922413699,1683499922414249d,550
1683499922414317,1683499922419292d,4975
1683499922419350,1683499922420033d,683
1683499922420101,1683499922420753d,652
1683499922420819,1683499922421472d,653
1683499922421562,1683499922422227d,665
1683499922422300,1683499922422935d,635
1683499922422989,1683499922423690d,701
1683499922424390,1683499922424590d,200
1683499922424645,1683499922425434d,789
1683499922425511,1683499922426105d,594
1683499922426226,1683499922426823d,597
1683499922426933,1683499922427528d,595
1683499922427613,1683499922428253d,640
1683499922428335,1683499922428996d,661
1683499922429081,1683499922429871d,790
1683499922429944,1683499922430582d,638
1683499922430665,1683499922431288d,623
1683499922431440,1683499922432046d,606
1683499922432134,1683499922432727d,593
1683499922432803,1683499922433382d,579
1683499922433488,1683499922435159d,1671
1683499922435234,1683499922435824d,590
1683499922435943,1683499922436502d,559
1683499922436567,1683499922437173d,606
1683499922437240,1683499922437854d,614
1683499922437925,1683499922438554d,629
1683499922438667,1683499922439262d,595
1683499922439348,1683499922439954d,606
1683499922440007,1683499922440710d,703
1683499922440812,1683499922441842d,1030
1683499922441917,1683499922442576d,659
1683499922442685,1683499922443250d,565
1683499922443318,1683499922443969d,651
1683499922444085,1683499922444703d,618
1683499922444809,1683499922445409d,600
1683499922445483,1683499922446936d,1453
1683499922447002,1683499922447764d,762
1683499922447830,1683499922455229d,7399
1683499922455300,1683499922455898d,598
1683499922455988,1683499922456560d,572
1683499922456624,1683499922457260d,636
1683499922457338,1683499922457871d,533
1683499922457945,1683499922458532d,587
1683499922458617,1683499922459157d,540
1683499922459228,1683499922459789d,561
1683499922459863,1683499922460461d,598
1683499922460534,1683499922461102d,568
1683499922461179,1683499922461735d,556
1683499922461809,1683499922462453d,644
1683499922462577,1683499922464412d,1835
1683499922464483,1683499922465147d,664
1683499922465225,1683499922465860d,635
1683499922465957,1683499922466582d,625
1683499922466693,1683499922467228d,535
1683499922467302,1683499922467932d,630
1683499922468014,1683499922468622d,608
1683499922468710,1683499922469358d,648
1683499922469479,1683499922470028d,549
1683499922470092,1683499922470715d,623
1683499922470786,1683499922471392d,606
1683499922471487,1683499922472109d,622
1683499922472179,1683499922472803d,624
1683499922472869,1683499922473563d,694
1683499922473647,1683499922474261d,614
1683499922474330,1683499922474924d,594
1683499922474990,1683499922475648d,658
1683499922475719,1683499922476382d,663
1683499922476444,1683499922477102d,658
1683499922477135,1683499922478963d,1828
1683499922479035,1683499922479626d,591
1683499922479689,1683499922480265d,576
1683499922480336,1683499922480907d,571
1683499922480971,1683499922481580d,609
1683499922481641,1683499922482248d,607
1683499922482317,1683499922482907d,590
1683499922482977,1683499922483596d,619
1683499922483658,1683499922484256d,598
1683499922484337,1683499922484879d,542
1683499922484942,1683499922485528d,586
1683499922485730,1683499922486173d,443
1683499922486256,1683499922486853d,597
1683499922486927,1683499922487563d,636
1683499922487632,1683499922488203d,571
1683499922488279,1683499922488881d,602
1683499922488954,1683499922489530d,576
1683499922489611,1683499922490236d,625
1683499922490308,1683499922490901d,593
1683499922490978,1683499922491568d,590
1683499922491637,1683499922492236d,599
1683499922492387,1683499922492842d,455
1683499922492917,1683499922495477d,2560
1683499922495551,1683499922496474d,923
1683499922496537,1683499922497357d,820
1683499922497444,1683499922498001d,557
1683499922498090,1683499922498700d,610
1683499922498776,1683499922499371d,595
1683499922499453,1683499922500082d,629
1683499922500140,1683499922500846d,706
1683499922500917,1683499922501559d,642
1683499922501627,1683499922502296d,669
1683499922502418,1683499922503002d,584
1683499922503080,1683499922503736d,656
1683499922503811,1683499922504367d,556
1683499922504443,1683499922505031d,588
1683499922505097,1683499922505728d,631
1683499922505848,1683499922506393d,545
1683499922506471,1683499922507070d,599
1683499922507185,1683499922507725d,540
1683499922507818,1683499922508487d,669
1683499922508609,1683499922509895d,1286
1683499922510025,1683499922510571d,546
1683499922510679,1683499922511236d,557
1683499922511355,1683499922512514d,1159
1683499922512649,1683499922513194d,545
1683499922513298,1683499922513881d,583
1683499922514007,1683499922514543d,536
1683499922514659,1683499922515218d,559
1683499922515323,1683499922515863d,540
1683499922515941,1683499922523225d,7284
1683499922523307,1683499922523869d,562
1683499922523945,1683499922524585d,640
1683499922524661,1683499922525253d,592
1683499922525333,1683499922526013d,680
1683499922526113,1683499922526690d,577
1683499922526794,1683499922528138d,1344
1683499922528266,1683499922528780d,514
1683499922528876,1683499922529448d,572
1683499922529574,1683499922530145d,571
1683499922530248,1683499922530822d,574
1683499922530949,1683499922531560d,611
1683499922531643,1683499922532210d,567
1683499922532288,1683499922532901d,613
1683499922532934,1683499922539284d,6350
1683499922539342,1683499922539961d,619
1683499922540019,1683499922540618d,599
1683499922540684,1683499922541314d,630
1683499922541382,1683499922542030d,648
1683499922542126,1683499922542673d,547
1683499922542747,1683499922543340d,593
1683499922543414,1683499922543994d,580
1683499922544049,1683499922544653d,604
1683499922544733,1683499922545273d,540
1683499922545343,1683499922545927d,584
1683499922545997,1683499922546567d,570
1683499922546631,1683499922547328d,697
1683499922547400,1683499922547984d,584
1683499922548042,1683499922548646d,604
1683499922548716,1683499922549327d,611
1683499922549386,1683499922550015d,629
1683499922550081,1683499922550689d,608
1683499922550744,1683499922551319d,575
1683499922551393,1683499922551933d,540
1683499922552011,1683499922552641d,630
1683499922552750,1683499922553330d,580
1683499922553426,1683499922554009d,583
1683499922554089,1683499922554718d,629
1683499922554782,1683499922555416d,634
1683499922555495,1683499922563287d,7792
1683499922563389,1683499922563947d,558
1683499922564023,1683499922564638d,615
1683499922564719,1683499922565307d,588
1683499922565385,1683499922565944d,559
1683499922566019,1683499922566706d,687
1683499922566786,1683499922568038d,1252
1683499922568099,1683499922568763d,664
1683499922568867,1683499922569387d,520
1683499922569483,1683499922570060d,577
1683499922570142,1683499922570705d,563
1683499922570754,1683499922571311d,557
1683499922571361,1683499922571952d,591
1683499922572034,1683499922572572d,538
1683499922572648,1683499922573275d,627
1683499922573320,1683499922573913d,593
1683499922573981,1683499922575234d,1253
1683499922575302,1683499922575956d,654
1683499922576043,1683499922576707d,664
1683499922576820,1683499922577350d,530
1683499922577424,1683499922577970d,546
1683499922578054,1683499922578605d,551
1683499922578682,1683499922579238d,556
1683499922579306,1683499922579851d,545
1683499922579926,1683499922580563d,637
1683499922580665,1683499922581286d,621
1683499922581372,1683499922582112d,740
1683499922582258,1683499922582821d,563
1683499922582907,1683499922583532d,625
1683499922583611,1683499922584198d,587
1683499922584287,1683499922584847d,560
1683499922584954,1683499922585544d,590
1683499922585637,1683499922586267d,630
1683499922586355,1683499922586923d,568
1683499922587012,1683499922587532d,520
1683499922587639,1683499922588172d,533
1683499922588247,1683499922588832d,585
1683499922588920,1683499922589526d,606
1683499922589607,1683499922590255d,648
1683499922590290,1683499922591102d,812
1683499922591185,1683499922591747d,562
1683499922591824,1683499922592424d,600
1683499922592482,1683499922593069d,587
1683499922593149,1683499922593716d,567
1683499922593807,1683499922594366d,559
1683499922594455,1683499922595021d,566
1683499922595133,1683499922595675d,542
1683499922595757,1683499922596360d,603
1683499922596448,1683499922597079d,631
1683499922597156,1683499922597816d,660
1683499922597882,1683499922598578d,696
1683499922598665,1683499922599244d,579
1683499922599338,1683499922600007d,669
1683499922600096,1683499922600723d,627
1683499922600794,1683499922601403d,609
1683499922601471,1683499922602037d,566
1683499922602144,1683499922602667d,523
1683499922602738,1683499922603302d,564
1683499922603379,1683499922603880d,501
1683499922603952,1683499922611285d,7333
1683499922611382,1683499922612028d,646
1683499922612102,1683499922612918d,816
1683499922613018,1683499922613620d,602
1683499922613681,1683499922614286d,605
1683499922614365,1683499922614913d,548
1683499922615060,1683499922615549d,489
1683499922615629,1683499922616271d,642
1683499922616331,1683499922616899d,568
1683499922616994,1683499922617548d,554
1683499922617617,1683499922618315d,698
1683499922618436,1683499922619058d,622
1683499922619122,1683499922619707d,585
1683499922619815,1683499922620628d,813
1683499922620703,1683499922622003d,1300
1683499922622095,1683499922622673d,578
1683499922622751,1683499922623359d,608
1683499922623436,1683499922623979d,543
1683499922624051,1683499922624627d,576
1683499922624703,1683499922625224d,521
1683499922625301,1683499922625865d,564
1683499922625943,1683499922626529d,586
1683499922626603,1683499922627188d,585
1683499922627274,1683499922627823d,549
1683499922627904,1683499922628450d,546
1683499922628531,1683499922629084d,553
1683499922629195,1683499922630838d,1643
1683499922630920,1683499922631490d,570
1683499922631562,1683499922632140d,578
1683499922632221,1683499922632832d,611
1683499922632916,1683499922633498d,582
1683499922633581,1683499922634125d,544
1683499922634207,1683499922635269d,1062
1683499922635347,1683499922636298d,951
1683499922636404,1683499922636964d,560
1683499922637042,1683499922637797d,755
1683499922637868,1683499922638419d,551
1683499922638492,1683499922639023d,531
1683499922639098,1683499922639660d,562
1683499922639739,1683499922640321d,582
1683499922640405,1683499922641017d,612
1683499922641126,1683499922641696d,570
1683499922641774,1683499922647332d,5558
1683499922647422,1683499922648038d,616
1683499922648088,1683499922648704d,616
1683499922648789,1683499922649471d,682
1683499922649549,1683499922650123d,574
1683499922650219,1683499922650812d,593
1683499922650877,1683499922651491d,614
1683499922651569,1683499922652132d,563
1683499922652209,1683499922652794d,585
1683499922652866,1683499922654057d,1191
1683499922654134,1683499922654770d,636
1683499922654869,1683499922655536d,667
1683499922655610,1683499922656164d,554
1683499922656241,1683499922656909d,668
1683499922656984,1683499922657603d,619
1683499922657766,1683499922658303d,537
1683499922658379,1683499922659020d,641
1683499922659100,1683499922659683d,583
1683499922659779,1683499922660306d,527
1683499922660400,1683499922661414d,1014
1683499922661500,1683499922662061d,561
1683499922662138,1683499922662795d,657
1683499922662904,1683499922663463d,559
1683499922663562,1683499922664104d,542
1683499922664180,1683499922664772d,592
1683499922664854,1683499922665423d,569
1683499922665497,1683499922666076d,579
1683499922666152,1683499922666710d,558
1683499922666787,1683499922667376d,589
1683499922667455,1683499922668018d,563
1683499922668098,1683499922668647d,549
1683499922668718,1683499922669346d,628
1683499922669429,1683499922670276d,847
1683499922670358,1683499922670947d,589
1683499922671017,1683499922671941d,924
1683499922672021,1683499922672573d,552
1683499922672653,1683499922673389d,736
1683499922673470,1683499922674072d,602
1683499922674142,1683499922674703d,561
1683499922674805,1683499922675305d,500
1683499922675413,1683499922675968d,555
1683499922676026,1683499922676610d,584
1683499922676723,1683499922677283d,560
1683499922677364,1683499922677906d,542
1683499922678012,1683499922678569d,557
1683499922678663,1683499922679240d,577
1683499922679323,1683499922679916d,593
1683499922679980,1683499922680599d,619
1683499922680650,1683499922681251d,601
1683499922681349,1683499922681909d,560
1683499922681990,1683499922682544d,554
1683499922682624,1683499922683299d,675
1683499922683370,1683499922684032d,662
1683499922684102,1683499922684670d,568
1683499922684749,1683499922685303d,554
1683499922685386,1683499922686804d,1418
1683499922686868,1683499922687504d,636
1683499922687568,1683499922688128d,560
1683499922688208,1683499922688711d,503
1683499922688766,1683499922689487d,721
1683499922689540,1683499922690144d,604
1683499922690262,1683499922691440d,1178
1683499922691478,1683499922692048d,570
1683499922692108,1683499922692827d,719
1683499922692935,1683499922693424d,489
1683499922693503,1683499922694127d,624
1683499922694179,1683499922694760d,581
1683499922694825,1683499922695420d,595
1683499922695460,1683499922696055d,595
1683499922696127,1683499922696711d,584
1683499922696749,1683499922697335d,586
1683499922697394,1683499922697983d,589
1683499922698045,1683499922698660d,615
1683499922698719,1683499922699248d,529
1683499922699311,1683499922699911d,600
1683499922699970,1683499922700502d,532
1683499922700562,1683499922701142d,580
1683499922701226,1683499922701845d,619
1683499922701854,1683499922702439d,585
1683499922702508,1683499922703044d,536
1683499922703100,1683499922703678d,578
1683499922703739,1683499922704283d,544
1683499922704330,1683499922704904d,574
1683499922704955,1683499922705536d,581
1683499922705608,1683499922706199d,591
1683499922706420,1683499922707087d,667
1683499922707097,1683499922707718d,621
1683499922707762,1683499922708340d,578
1683499922708442,1683499922708994d,552
1683499922709093,1683499922709616d,523
1683499922709687,1683499922710271d,584
1683499922710343,1683499922710998d,655
1683499922711109,1683499922711626d,517
1683499922711689,1683499922712257d,568
1683499922712319,1683499922712852d,533
1683499922712990,1683499922713490d,500
1683499922713587,1683499922714101d,514
1683499922714179,1683499922714700d,521
1683499922714768,1683499922715292d,524
1683499922715356,1683499922715923d,567
1683499922715976,1683499922716548d,572
1683499922716616,1683499922723249d,6633
1683499922723302,1683499922723886d,584
1683499922723947,1683499922724487d,540
1683499922724542,1683499922725096d,554
1683499922725153,1683499922725834d,681
1683499922725904,1683499922726423d,519
1683499922726480,1683499922727055d,575
1683499922727148,1683499922727699d,551
1683499922727744,1683499922728305d,561
1683499922728360,1683499922728974d,614
1683499922729026,1683499922735216d,6190
1683499922735283,1683499922735851d,568
1683499922735928,1683499922736491d,563
1683499922736545,1683499922737089d,544
1683499922737140,1683499922737661d,521
1683499922737731,1683499922738287d,556
1683499922738344,1683499922738893d,549
1683499922738938,1683499922739488d,550
1683499922739547,1683499922740140d,593
1683499922740192,1683499922747348d,7156
1683499922747404,1683499922747943d,539
1683499922747999,1683499922748632d,633
1683499922748688,1683499922749254d,566
1683499922749296,1683499922749901d,605
1683499922749958,1683499922750478d,520
1683499922750551,1683499922751133d,582
1683499922751185,1683499922751799d,614
1683499922751858,1683499922752411d,553
1683499922752468,1683499922753028d,560
1683499922753103,1683499922753638d,535
1683499922753698,1683499922754239d,541
1683499922754293,1683499922754847d,554
1683499922754909,1683499922755530d,621
1683499922755611,1683499922756179d,568
1683499922756254,1683499922756982d,728
1683499922757050,1683499922757569d,519
1683499922757630,1683499922758261d,631
1683499922758317,1683499922758917d,600
1683499922759025,1683499922759539d,514
1683499922759623,1683499922760155d,532
1683499922760211,1683499922760738d,527
1683499922760800,1683499922761367d,567
1683499922761428,1683499922762036d,608
1683499922762089,1683499922767245d,5156
1683499922767305,1683499922767893d,588
1683499922767935,1683499922768562d,627
1683499922768618,1683499922769202d,584
1683499922769248,1683499922769864d,616
1683499922769927,1683499922770493d,566
1683499922770555,1683499922771189d,634
1683499922771246,1683499922771803d,557
1683499922771851,1683499922772421d,570
1683499922772481,1683499922773061d,580
1683499922773117,1683499922773720d,603
1683499922773785,1683499922774381d,596
1683499922774437,1683499922775028d,591
1683499922775087,1683499922775669d,582
1683499922775733,1683499922776674d,941
1683499922776741,1683499922777360d,619
1683499922777427,1683499922778101d,674
1683499922778156,1683499922778712d,556
1683499922778768,1683499922779379d,611
1683499922779447,1683499922780028d,581
1683499922780082,1683499922780695d,613
1683499922780782,1683499922781334d,552
1683499922781419,1683499922781991d,572
1683499922782064,1683499922782589d,525
1683499922782655,1683499922783180d,525
1683499922783242,1683499922783758d,516
1683499922783821,1683499922784357d,536
1683499922784419,1683499922784953d,534
