1683499962944450,1683499962952587d,8137
1683499962957136,1683499962957813d,677
1683499962959368,1683499962959963d,595
1683499962961472,1683499962962077d,605
1683499962963642,1683499962964266d,624
1683499962965780,1683499962966388d,608
1683499962967960,1683499962968612d,652
1683499962970100,1683499962970754d,654
1683499962972431,1683499962973083d,652
1683499962974647,1683499962975315d,668
1683499962976909,1683499962977548d,639
1683499962979042,1683499962982928d,3886
1683499962984584,1683499962985176d,592
1683499962986745,1683499962990931d,4186
1683499962992823,1683499962993426d,603
1683499963004180,1683499963004886d,706
1683499963006561,1683499963007150d,589
1683499963008602,1683499963014949d,6347
1683499963016846,1683499963017509d,663
1683499963019042,1683499963019662d,620
1683499963021213,1683499963021801d,588
1683499963027584,1683499963028361d,777
1683499963030010,1683499963030604d,594
1683499963032054,1683499963038965d,6911
1683499963040570,1683499963041214d,644
1683499963042790,1683499963043421d,631
1683499963051499,1683499963052259d,760
1683499963053797,1683499963054461d,664
1683499963056069,1683499963056660d,591
1683499963058145,1683499963058735d,590
1683499963060281,1683499963066963d,6682
1683499963068565,1683499963069151d,586
1683499963070722,1683499963074908d,4186
1683499963080206,1683499963080925d,719
1683499963082621,1683499963083270d,649
1683499963084830,1683499963085421d,591
1683499963086969,1683499963087560d,591
1683499963089185,1683499963095596d,6411
1683499963097369,1683499963098034d,665
1683499963099552,1683499963100206d,654
1683499963101718,1683499963106958d,5240
1683499963108483,1683499963114946d,6463
1683499963116544,1683499963117164d,620
1683499963122808,1683499963123548d,740
1683499963125220,1683499963125785d,565
1683499963127304,1683499963127916d,612
1683499963129431,1683499963130012d,581
1683499963134813,1683499963135478d,665
1683499963137263,1683499963137837d,574
1683499963139377,1683499963139964d,587
1683499963141495,1683499963142083d,588
1683499963143552,1683499963144150d,598
1683499963145652,1683499963146244d,592
1683499963147756,1683499963148358d,602
1683499963150385,1683499963151074d,689
1683499963152588,1683499963153187d,599
1683499963154828,1683499963155448d,620
1683499963156942,1683499963157543d,601
1683499963159247,1683499963159841d,594
1683499963167553,1683499963168230d,677
1683499963176145,1683499963176894d,749
1683499963184111,1683499963184806d,695
1683499963186347,1683499963186926d,579
1683499963188381,1683499963188986d,605
1683499963190624,1683499963191199d,575
1683499963192729,1683499963193347d,618
1683499963194966,1683499963195770d,804
1683499963197225,1683499963197810d,585
1683499963199435,1683499963199999d,564
1683499963201500,1683499963202090d,590
1683499963207520,1683499963208115d,595
1683499963209577,1683499963210167d,590
1683499963211710,1683499963212327d,617
1683499963213881,1683499963214521d,640
1683499963216171,1683499963216760d,589
1683499963218212,1683499963218798d,586
1683499963220297,1683499963220915d,618
1683499963222381,1683499963223038d,657
1683499963224578,1683499963225190d,612
1683499963226747,1683499963230921d,4174
1683499963232516,1683499963239617d,7101
1683499963241222,1683499963241840d,618
1683499963243368,1683499963250924d,7556
1683499963252519,1683499963253137d,618
1683499963254696,1683499963255351d,655
1683499963256913,1683499963257564d,651
1683499963259125,1683499963259688d,563
1683499963261204,1683499963261801d,597
1683499963263325,1683499963263902d,577
1683499963265422,1683499963266010d,588
1683499963267628,1683499963268196d,568
1683499963269643,1683499963270236d,593
1683499963271840,1683499963272563d,723
1683499963274076,1683499963274704d,628
1683499963276244,1683499963276809d,565
1683499963278308,1683499963278886d,578
1683499963280503,1683499963281074d,571
1683499963282707,1683499963283304d,597
1683499963284871,1683499963285730d,859
1683499963287320,1683499963287913d,593
1683499963289537,1683499963290102d,565
1683499963298839,1683499963299555d,716
1683499963301124,1683499963301715d,591
1683499963303194,1683499963303806d,612
1683499963305334,1683499963305935d,601
1683499963307429,1683499963308108d,679
1683499963309669,1683499963310275d,606
1683499963311810,1683499963312420d,610
1683499963320113,1683499963320916d,803
1683499963322525,1683499963323178d,653
1683499963324753,1683499963325330d,577
1683499963326863,1683499963327505d,642
1683499963329198,1683499963329811d,613
1683499963331331,1683499963332032d,701
1683499963333658,1683499963334273d,615
1683499963340050,1683499963346977d,6927
1683499963348739,1683499963349359d,620
1683499963350827,1683499963351452d,625
1683499963353038,1683499963359061d,6023
1683499963360712,1683499963366936d,6224
1683499963368694,1683499963369310d,616
1683499963370820,1683499963371432d,612
1683499963372982,1683499963373623d,641
1683499963375069,1683499963375663d,594
1683499963377237,1683499963377875d,638
1683499963379448,1683499963380040d,592
1683499963381606,1683499963382211d,605
1683499963383717,1683499963384376d,659
1683499963385970,1683499963386600d,630
1683499963388132,1683499963388771d,639
1683499963390377,1683499963390967d,590
1683499963392537,1683499963393130d,593
1683499963394688,1683499963402884d,8196
1683499963405088,1683499963405756d,668
1683499963407259,1683499963407882d,623
1683499963409394,1683499963410001d,607
1683499963411566,1683499963412152d,586
1683499963413811,1683499963414429d,618
1683499963415991,1683499963416579d,588
1683499963424086,1683499963424847d,761
1683499963426598,1683499963427190d,592
1683499963434947,1683499963435696d,749
1683499963437424,1683499963442938d,5514
1683499963444498,1683499963445081d,583
1683499963446685,1683499963447261d,576
1683499963448733,1683499963449345d,612
1683499963451073,1683499963451748d,675
1683499963453346,1683499963453993d,647
1683499963455561,1683499963456179d,618
1683499963457643,1683499963458289d,646
1683499963459876,1683499963460500d,624
1683499963466765,1683499963467465d,700
1683499963469051,1683499963470178d,1127
1683499963471787,1683499963472458d,671
1683499963474190,1683499963474775d,585
1683499963476326,1683499963476970d,644
1683499963478503,1683499963479074d,571
1683499963480594,1683499963481191d,597
1683499963482720,1683499963483296d,576
1683499963484750,1683499963485341d,591
1683499963486851,1683499963487435d,584
1683499963488940,1683499963489535d,595
1683499963495591,1683499963496252d,661
1683499963503553,1683499963510975d,7422
1683499963519581,1683499963520238d,657
1683499963521746,1683499963526961d,5215
1683499963528760,1683499963529336d,576
1683499963535493,1683499963536161d,668
1683499963537890,1683499963542930d,5040
1683499963544573,1683499963545249d,676
1683499963552145,1683499963552849d,704
1683499963554418,1683499963554994d,576
1683499963556618,1683499963557204d,586
1683499963558741,1683499963559397d,656
1683499963561104,1683499963561704d,600
1683499963563317,1683499963563927d,610
1683499963569255,1683499963569864d,609
1683499963575499,1683499963576251d,752
1683499963577826,1683499963578422d,596
1683499963579985,1683499963580585d,600
1683499963582283,1683499963582900d,617
1683499963588043,1683499963588720d,677
1683499963590330,1683499963590929d,599
1683499963599550,1683499963600259d,709
1683499963601897,1683499963602516d,619
1683499963604206,1683499963604832d,626
1683499963606404,1683499963607020d,616
1683499963608571,1683499963609185d,614
1683499963610735,1683499963611354d,619
1683499963612914,1683499963613565d,651
1683499963615164,1683499963615790d,626
1683499963624162,1683499963624792d,630
1683499963632162,1683499963632889d,727
1683499963639502,1683499963640256d,754
1683499963641949,1683499963642569d,620
1683499963644156,1683499963645586d,1430
1683499963647263,1683499963648324d,1061
1683499963649886,1683499963650529d,643
1683499963656177,1683499963656901d,724
1683499963658573,1683499963659257d,684
1683499963660981,1683499963661679d,698
1683499963663254,1683499963667562d,4308
1683499963669314,1683499963669974d,660
1683499963674638,1683499963675414d,776
1683499963677121,1683499963677805d,684
1683499963679427,1683499963683552d,4125
1683499963685364,1683499963690915d,5551
1683499963692520,1683499963693226d,706
1683499963694864,1683499963698903d,4039
1683499963700626,1683499963701330d,704
1683499963708167,1683499963708819d,652
1683499963715433,1683499963716189d,756
1683499963717800,1683499963718382d,582
1683499963720209,1683499963720834d,625
1683499963722395,1683499963723054d,659
1683499963724528,1683499963725099d,571
1683499963726645,1683499963727268d,623
1683499963728801,1683499963735541d,6740
1683499963737159,1683499963737724d,565
1683499963739351,1683499963739979d,628
1683499963748102,1683499963748788d,686
1683499963750292,1683499963755568d,5276
1683499963757287,1683499963762894d,5607
1683499963768596,1683499963769321d,725
1683499963770845,1683499963772893d,2048
1683499963774391,1683499963775019d,628
1683499963776633,1683499963777234d,601
1683499963778757,1683499963782883d,4126
1683499963784528,1683499963785156d,628
1683499963786701,1683499963787407d,706
1683499963789069,1683499963794889d,5820
1683499963796427,1683499963797099d,672
1683499963798627,1683499963799226d,599
1683499963800746,1683499963801360d,614
1683499963802885,1683499963803503d,618
1683499963811478,1683499963812189d,711
1683499963813767,1683499963814467d,700
1683499963815969,1683499963816553d,584
1683499963822765,1683499963823380d,615
1683499963824907,1683499963825493d,586
1683499963827202,1683499963827826d,624
1683499963829416,1683499963830028d,612
1683499963831602,1683499963832252d,650
1683499963833715,1683499963834282d,567
1683499963835790,1683499963842895d,7105
1683499963850772,1683499963851517d,745
1683499963853049,1683499963853679d,630
1683499963855169,1683499963858932d,3763
1683499963860497,1683499963861093d,596
1683499963862623,1683499963863240d,617
1683499963864867,1683499963865495d,628
1683499963866986,1683499963867603d,617
1683499963869149,1683499963869751d,602
1683499963871240,1683499963871880d,640
1683499963873454,1683499963874093d,639
1683499963875585,1683499963876221d,636
1683499963877809,1683499963878429d,620
1683499963879991,1683499963880628d,637
1683499963888100,1683499963888809d,709
1683499963890510,1683499963891132d,622
1683499963892742,1683499963893345d,603
1683499963894911,1683499963895563d,652
1683499963897153,1683499963897744d,591
1683499963899298,1683499963899920d,622
1683499963901449,1683499963902110d,661
1683499963903626,1683499963904242d,616
1683499963905790,1683499963906412d,622
1683499963907877,1683499963914941d,7064
1683499963916668,1683499963922900d,6232
1683499963924559,1683499963925157d,598
1683499963931565,1683499963932217d,652
1683499963933745,1683499963934392d,647
1683499963935936,1683499963936562d,626
1683499963943524,1683499963944260d,736
1683499963945841,1683499963950910d,5069
1683499963952583,1683499963958929d,6346
1683499963960529,1683499963961233d,704
1683499963962844,1683499963963485d,641
1683499963971498,1683499963972135d,637
1683499963973741,1683499963974346d,605
1683499963979466,1683499963980108d,642
1683499963988236,1683499963988988d,752
1683499963990500,1683499963991099d,599
1683499963992647,1683499963993265d,618
1683499963994841,1683499963995445d,604
1683499964003524,1683499964004294d,770
1683499964006022,1683499964006841d,819
1683499964008322,1683499964008967d,645
1683499964010532,1683499964014925d,4393
1683499964016528,1683499964022897d,6369
1683499964025065,1683499964025756d,691
1683499964027272,1683499964027913d,641
1683499964029527,1683499964030125d,598
1683499964031876,1683499964032631d,755
1683499964040322,1683499964040989d,667
1683499964042649,1683499964043276d,627
1683499964044966,1683499964045577d,611
1683499964047140,1683499964047735d,595
1683499964049353,1683499964049999d,646
1683499964051481,1683499964058983d,7502
1683499964060556,1683499964061245d,689
1683499964062742,1683499964063333d,591
1683499964064921,1683499964065510d,589
1683499964067039,1683499964067637d,598
1683499964069242,1683499964069848d,606
1683499964071332,1683499964071938d,606
1683499964073657,1683499964074249d,592
1683499964075759,1683499964076371d,612
1683499964078114,1683499964078724d,610
1683499964080187,1683499964080783d,596
1683499964082322,1683499964086760d,4438
1683499964088410,1683499964089017d,607
1683499964090806,1683499964091408d,602
1683499964092916,1683499964093513d,597
1683499964095142,1683499964095718d,576
1683499964097224,1683499964097873d,649
1683499964099413,1683499964106766d,7353
1683499964108746,1683499964109136d,390
1683499964110752,1683499964112153d,1401
1683499964113734,1683499964114324d,590
1683499964115898,1683499964116507d,609
1683499964118060,1683499964118751d,691
1683499964127591,1683499964128285d,694
1683499964129879,1683499964130498d,619
1683499964135569,1683499964136263d,694
1683499964137765,1683499964138373d,608
1683499964139953,1683499964140568d,615
1683499964142067,1683499964147573d,5506
1683499964149335,1683499964150005d,670
1683499964151512,1683499964152101d,589
1683499964153764,1683499964154366d,602
1683499964155810,1683499964156546d,736
1683499964158090,1683499964158700d,610
1683499964160155,1683499964160790d,635
1683499964162362,1683499964163161d,799
1683499964164757,1683499964165410d,653
1683499964167239,1683499964167805d,566
1683499964169361,1683499964169991d,630
1683499964171612,1683499964172244d,632
1683499964179516,1683499964180211d,695
1683499964181763,1683499964186957d,5194
1683499964188449,1683499964189103d,654
1683499964190679,1683499964194904d,4225
1683499964196361,1683499964196947d,586
1683499964198499,1683499964199218d,719
1683499964200723,1683499964201317d,594
1683499964208098,1683499964214959d,6861
1683499964216514,1683499964217171d,657
1683499964218892,1683499964219494d,602
1683499964221176,1683499964221832d,656
1683499964223562,1683499964224172d,610
1683499964225798,1683499964226477d,679
1683499964228098,1683499964228710d,612
1683499964230217,1683499964230913d,696
1683499964232507,1683499964233094d,587
1683499964234762,1683499964238913d,4151
1683499964240702,1683499964241320d,618
1683499964242870,1683499964243638d,768
1683499964245306,1683499964245936d,630
1683499964247478,1683499964248124d,646
1683499964249776,1683499964254846d,5070
1683499964256416,1683499964257037d,621
1683499964258623,1683499964259258d,635
1683499964268090,1683499964268814d,724
1683499964270630,1683499964271280d,650
1683499964272900,1683499964273627d,727
1683499964275218,1683499964275862d,644
1683499964277464,1683499964278099d,635
1683499964279652,1683499964280264d,612
1683499964281888,1683499964282573d,685
1683499964284272,1683499964284930d,658
1683499964286498,1683499964287149d,651
1683499964288788,1683499964289400d,612
1683499964290952,1683499964291571d,619
1683499964293340,1683499964293949d,609
1683499964295524,1683499964296173d,649
1683499964297735,1683499964298313d,578
1683499964299883,1683499964300503d,620
1683499964308195,1683499964308861d,666
1683499964310438,1683499964311086d,648
1683499964319553,1683499964320382d,829
1683499964321945,1683499964322561d,616
1683499964324165,1683499964324797d,632
1683499964333225,1683499964333918d,693
1683499964335583,1683499964336157d,574
1683499964341188,1683499964347548d,6360
1683499964349247,1683499964349806d,559
1683499964351402,1683499964351983d,581
1683499964353571,1683499964354170d,599
1683499964355776,1683499964356427d,651
1683499964358082,1683499964358686d,604
1683499964360207,1683499964360906d,699
1683499964362478,1683499964363137d,659
1683499964364770,1683499964365462d,692
1683499964367245,1683499964367913d,668
1683499964369489,1683499964370111d,622
1683499964371761,1683499964372361d,600
1683499964373881,1683499964374540d,659
1683499964376143,1683499964376748d,605
1683499964378327,1683499964379003d,676
1683499964380597,1683499964381328d,731
1683499964382840,1683499964383471d,631
1683499964385063,1683499964390951d,5888
1683499964392676,1683499964393350d,674
1683499964395075,1683499964395692d,617
1683499964397258,1683499964398009d,751
1683499964399663,1683499964400262d,599
1683499964407525,1683499964408184d,659
1683499964409827,1683499964410490d,663
1683499964412101,1683499964412725d,624
1683499964414358,1683499964415014d,656
1683499964416699,1683499964417384d,685
1683499964418978,1683499964419612d,634
1683499964421194,1683499964422045d,851
1683499964423631,1683499964424307d,676
1683499964425880,1683499964426615d,735
1683499964428231,1683499964428832d,601
1683499964432016,1683499964432465d,449
1683499964434168,1683499964438915d,4747
1683499964440710,1683499964441354d,644
1683499964442993,1683499964443608d,615
1683499964445193,1683499964445932d,739
1683499964447549,1683499964448218d,669
1683499964449827,1683499964450513d,686
1683499964452122,1683499964452755d,633
1683499964454547,1683499964458912d,4365
1683499964460596,1683499964461239d,643
1683499964462874,1683499964463556d,682
1683499964465214,1683499964465857d,643
1683499964467382,1683499964468034d,652
1683499964469693,1683499964474931d,5238
1683499964476538,1683499964477187d,649
1683499964478749,1683499964479340d,591
1683499964480884,1683499964481519d,635
1683499964483199,1683499964483830d,631
1683499964485388,1683499964486024d,636
1683499964487605,1683499964488221d,616
1683499964489740,1683499964490380d,640
1683499964491956,1683499964492554d,598
1683499964494055,1683499964494684d,629
1683499964496355,1683499964496938d,583
1683499964498462,1683499964499077d,615
1683499964500622,1683499964501258d,636
1683499964502786,1683499964503407d,621
1683499964505057,1683499964505698d,641
1683499964511470,1683499964512189d,719
1683499964513791,1683499964514427d,636
1683499964515930,1683499964516531d,601
1683499964518138,1683499964518771d,633
1683499964524010,1683499964524711d,701
1683499964526300,1683499964526940d,640
1683499964528467,1683499964534903d,6436
1683499964536501,1683499964537102d,601
1683499964538565,1683499964539252d,687
1683499964540843,1683499964541419d,576
1683499964542879,1683499964543496d,617
1683499964545131,1683499964545741d,610
1683499964547314,1683499964547945d,631
1683499964549519,1683499964550180d,661
1683499964551771,1683499964552419d,648
1683499964554034,1683499964558881d,4847
1683499964560631,1683499964561266d,635
1683499964562880,1683499964567581d,4701
1683499964569169,1683499964569812d,643
1683499964571327,1683499964571928d,601
1683499964573500,1683499964574140d,640
1683499964575756,1683499964576362d,606
1683499964577834,1683499964578485d,651
1683499964580098,1683499964580735d,637
1683499964582150,1683499964582755d,605
1683499964584247,1683499964590876d,6629
1683499964592489,1683499964593147d,658
1683499964594742,1683499964595395d,653
1683499964596919,1683499964597521d,602
1683499964599101,1683499964599685d,584
1683499964601151,1683499964601786d,635
1683499964603383,1683499964603989d,606
1683499964605424,1683499964611501d,6077
1683499964613048,1683499964618897d,5849
1683499964620397,1683499964621107d,710
1683499964622630,1683499964623222d,592
1683499964624692,1683499964625357d,665
1683499964626856,1683499964627500d,644
1683499964629057,1683499964629721d,664
1683499964631247,1683499964638906d,7659
1683499964640468,1683499964641106d,638
1683499964642651,1683499964643335d,684
1683499964651442,1683499964652137d,695
1683499964653678,1683499964654279d,601
1683499964655886,1683499964656520d,634
1683499964658029,1683499964658736d,707
1683499964660186,1683499964666899d,6713
1683499964668554,1683499964669246d,692
1683499964670803,1683499964671432d,629
1683499964673079,1683499964678910d,5831
1683499964680529,1683499964686891d,6362
1683499964688626,1683499964689264d,638
1683499964691763,1683499964692385d,622
1683499964694164,1683499964698892d,4728
1683499964700420,1683499964701152d,732
1683499964702854,1683499964703444d,590
1683499964705071,1683499964710882d,5811
1683499964712680,1683499964713313d,633
1683499964714926,1683499964715561d,635
1683499964717158,1683499964717773d,615
1683499964719263,1683499964719907d,644
1683499964721451,1683499964722054d,603
1683499964723554,1683499964724156d,602
1683499964725769,1683499964731563d,5794
1683499964733147,1683499964733737d,590
1683499964735404,1683499964735997d,593
1683499964742825,1683499964743561d,736
1683499964745248,1683499964745894d,646
1683499964747556,1683499964748184d,628
1683499964749765,1683499964750361d,596
1683499964751903,1683499964752568d,665
1683499964758856,1683499964759585d,729
1683499964761245,1683499964761895d,650
1683499964763530,1683499964764186d,656
1683499964765748,1683499964770886d,5138
1683499964772472,1683499964773077d,605
1683499964774677,1683499964775283d,606
1683499964776837,1683499964777476d,639
1683499964779120,1683499964779774d,654
1683499964781398,1683499964786888d,5490
1683499964788637,1683499964789298d,661
1683499964790914,1683499964791519d,605
1683499964793020,1683499964793647d,627
1683499964795236,1683499964795838d,602
1683499964797342,1683499964797990d,648
1683499964799642,1683499964800244d,602
1683499964807569,1683499964808300d,731
1683499964810085,1683499964810794d,709
1683499964812291,1683499964812943d,652
1683499964814552,1683499964819488d,4936
1683499964821127,1683499964821787d,660
1683499964823572,1683499964830905d,7333
1683499964832592,1683499964833244d,652
1683499964839589,1683499964840411d,822
1683499964842076,1683499964842742d,666
1683499964844336,1683499964844972d,636
1683499964852040,1683499964852857d,817
1683499964854432,1683499964855042d,610
1683499964856699,1683499964857314d,615
1683499964863534,1683499964864276d,742
1683499964865952,1683499964866597d,645
1683499964868325,1683499964868998d,673
1683499964876153,1683499964876881d,728
1683499964878603,1683499964879252d,649
1683499964880726,1683499964881363d,637
1683499964887563,1683499964888262d,699
1683499964889871,1683499964890590d,719
1683499964892299,1683499964892973d,674
1683499964900122,1683499964900762d,640
1683499964902490,1683499964903091d,601
1683499964904787,1683499964905420d,633
1683499964907113,1683499964907806d,693
1683499964909359,1683499964910008d,649
1683499964911770,1683499964912429d,659
1683499964913984,1683499964918894d,4910
1683499964920671,1683499964921315d,644
1683499964922883,1683499964923580d,697
1683499964925285,1683499964930874d,5589
1683499964932489,1683499964933116d,627
1683499964941215,1683499964941978d,763
1683499964943561,1683499964950908d,7347
1683499964952664,1683499964953257d,593
1683499964954875,1683499964955501d,626
1683499964957230,1683499964962908d,5678
1683499964964586,1683499964970949d,6363
1683499964978834,1683499964979564d,730
1683499964981215,1683499964981901d,686
1683499964983664,1683499964984310d,646
1683499964985914,1683499964986555d,641
1683499964988142,1683499964988766d,624
1683499964995565,1683499964996409d,844
1683499964998040,1683499964998755d,715
1683499965000456,1683499965001137d,681
1683499965002794,1683499965003603d,809
1683499965005134,1683499965005750d,616
1683499965007310,1683499965014865d,7555
1683499965016512,1683499965022903d,6391
1683499965024780,1683499965025542d,762
1683499965027152,1683499965027761d,609
1683499965029458,1683499965030085d,627
1683499965036213,1683499965036879d,666
1683499965038504,1683499965039162d,658
1683499965040721,1683499965041333d,612
1683499965042943,1683499965043583d,640
1683499965045255,1683499965045897d,642
1683499965052146,1683499965052910d,764
1683499965054458,1683499965055062d,604
1683499965056702,1683499965057315d,613
1683499965058870,1683499965062922d,4052
1683499965064559,1683499965065163d,604
1683499965066681,1683499965067352d,671
1683499965068974,1683499965069621d,647
1683499965071192,1683499965071917d,725
1683499965073589,1683499965074239d,650
1683499965075795,1683499965076511d,716
1683499965078105,1683499965082841d,4736
1683499965084388,1683499965085036d,648
1683499965086602,1683499965087240d,638
1683499965088840,1683499965089468d,628
1683499965091098,1683499965091708d,610
1683499965093240,1683499965093942d,702
1683499965095575,1683499965096223d,648
1683499965104182,1683499965104915d,733
1683499965112121,1683499965112892d,771
1683499965114612,1683499965115240d,628
1683499965117073,1683499965117677d,604
1683499965119245,1683499965119853d,608
1683499965121428,1683499965122020d,592
1683499965123525,1683499965124173d,648
1683499965125805,1683499965126406d,601
1683499965132058,1683499965132846d,788
1683499965139658,1683499965140444d,786
1683499965142076,1683499965142747d,671
1683499965144315,1683499965144899d,584
1683499965146406,1683499965147080d,674
1683499965148743,1683499965149423d,680
1683499965150969,1683499965151597d,628
1683499965153318,1683499965158923d,5605
1683499965164134,1683499965164812d,678
1683499965166531,1683499965167108d,577
1683499965168608,1683499965169215d,607
1683499965177267,1683499965177897d,630
1683499965179363,1683499965179935d,572
1683499965181518,1683499965182084d,566
1683499965183667,1683499965190940d,7273
1683499965192530,1683499965193099d,569
1683499965194653,1683499965195230d,577
1683499965196888,1683499965197504d,616
1683499965199044,1683499965199658d,614
1683499965201245,1683499965206919d,5674
1683499965208480,1683499965209100d,620
1683499965210571,1683499965214922d,4351
1683499965216500,1683499965222912d,6412
1683499965224494,1683499965230966d,6472
1683499965232605,1683499965233288d,683
1683499965234809,1683499965235429d,620
1683499965236913,1683499965237558d,645
1683499965239054,1683499965239653d,599
1683499965247503,1683499965248300d,797
1683499965249916,1683499965250495d,579
1683499965255588,1683499965256409d,821
1683499965257918,1683499965258554d,636
1683499965263430,1683499965264162d,732
1683499965265764,1683499965266335d,571
1683499965267927,1683499965268569d,642
1683499965274855,1683499965275666d,811
1683499965277219,1683499965277847d,628
1683499965279428,1683499965280002d,574
1683499965281495,1683499965282107d,612
1683499965283661,1683499965284223d,562
1683499965285734,1683499965286309d,575
1683499965287833,1683499965288417d,584
1683499965289967,1683499965290614d,647
1683499965292134,1683499965292725d,591
1683499965294477,1683499965295052d,575
1683499965296644,1683499965297221d,577
1683499965303543,1683499965304164d,621
1683499965305670,1683499965306294d,624
1683499965307852,1683499965308455d,603
1683499965310108,1683499965310599d,491
1683499965316160,1683499965316779d,619
1683499965318439,1683499965319024d,585
1683499965320622,1683499965327585d,6963
1683499965329294,1683499965329903d,609
1683499965331481,1683499965332099d,618
1683499965333676,1683499965334311d,635
1683499965342842,1683499965343507d,665
1683499965345097,1683499965345681d,584
1683499965347155,1683499965347920d,765
1683499965349602,1683499965350180d,578
1683499965351727,1683499965352293d,566
1683499965353866,1683499965354452d,586
1683499965355969,1683499965356640d,671
1683499965358289,1683499965358907d,618
1683499965360463,1683499965361071d,608
1683499965362642,1683499965363354d,712
1683499965364946,1683499965365607d,661
1683499965367281,1683499965367916d,635
1683499965369465,1683499965370094d,629
1683499965371646,1683499965372282d,636
1683499965373834,1683499965374457d,623
1683499965376011,1683499965376676d,665
1683499965378276,1683499965382940d,4664
1683499965384605,1683499965385255d,650
1683499965386744,1683499965387405d,661
1683499965388955,1683499965389569d,614
1683499965391089,1683499965391738d,649
1683499965393292,1683499965393917d,625
1683499965395415,1683499965396115d,700
1683499965398184,1683499965398829d,645
1683499965400557,1683499965407590d,7033
1683499965409358,1683499965409967d,609
1683499965416043,1683499965416802d,759
1683499965418422,1683499965419112d,690
1683499965420798,1683499965421442d,644
1683499965423089,1683499965423794d,705
1683499965432137,1683499965438958d,6821
1683499965440763,1683499965441447d,684
1683499965443012,1683499965446923d,3911
1683499965448544,1683499965449168d,624
1683499965450788,1683499965451475d,687
1683499965453058,1683499965453761d,703
1683499965455298,1683499965459587d,4289
1683499965461172,1683499965461867d,695
1683499965463476,1683499965464183d,707
1683499965465864,1683499965466483d,619
1683499965468077,1683499965468708d,631
1683499965470377,1683499965471001d,624
1683499965472581,1683499965473385d,804
1683499965475151,1683499965475860d,709
1683499965477435,1683499965478053d,618
1683499965479662,1683499965480321d,659
1683499965481871,1683499965482490d,619
1683499965484075,1683499965484666d,591
1683499965486247,1683499965486964d,717
1683499965488600,1683499965489190d,590
1683499965490769,1683499965491450d,681
1683499965493024,1683499965493660d,636
1683499965495160,1683499965495853d,693
1683499965497414,1683499965502872d,5458
1683499965504476,1683499965505114d,638
1683499965506765,1683499965507418d,653
1683499965508974,1683499965509591d,617
1683499965511179,1683499965511806d,627
1683499965513337,1683499965513939d,602
1683499965515477,1683499965516104d,627
1683499965517797,1683499965518404d,607
1683499965520066,1683499965520641d,575
1683499965522126,1683499965522844d,718
1683499965524424,1683499965525007d,583
1683499965526583,1683499965527218d,635
1683499965528876,1683499965529454d,578
1683499965531000,1683499965534880d,3880
1683499965536586,1683499965537208d,622
1683499965538783,1683499965539399d,616
1683499965541022,1683499965541647d,625
1683499965543190,1683499965543851d,661
1683499965545462,1683499965546047d,585
1683499965547584,1683499965548185d,601
1683499965549842,1683499965550450d,608
1683499965551912,1683499965552528d,616
1683499965559582,1683499965560252d,670
1683499965561894,1683499965562559d,665
1683499965564109,1683499965564703d,594
1683499965566374,1683499965566984d,610
1683499965568642,1683499965574856d,6214
1683499965576395,1683499965577082d,687
1683499965578754,1683499965579425d,671
1683499965580917,1683499965581534d,617
1683499965583173,1683499965583779d,606
1683499965585288,1683499965585902d,614
1683499965587630,1683499965588265d,635
1683499965589788,1683499965590407d,619
1683499965592007,1683499965592812d,805
1683499965594303,1683499965595019d,716
1683499965596636,1683499965597247d,611
1683499965598793,1683499965599426d,633
1683499965608061,1683499965608747d,686
1683499965610294,1683499965610963d,669
1683499965612596,1683499965613190d,594
1683499965614674,1683499965615332d,658
1683499965616870,1683499965617522d,652
1683499965619046,1683499965619727d,681
1683499965626843,1683499965627547d,704
1683499965629028,1683499965629682d,654
1683499965636114,1683499965636788d,674
1683499965638314,1683499965638970d,656
1683499965644116,1683499965644816d,700
1683499965646329,1683499965646967d,638
1683499965648514,1683499965649122d,608
1683499965650613,1683499965651252d,639
1683499965652820,1683499965653408d,588
1683499965654893,1683499965655541d,648
1683499965657201,1683499965657882d,681
1683499965662753,1683499965663465d,712
1683499965665119,1683499965665811d,692
1683499965672079,1683499965672815d,736
1683499965674580,1683499965675272d,692
1683499965676823,1683499965677474d,651
1683499965679101,1683499965679698d,597
1683499965681236,1683499965681891d,655
1683499965683413,1683499965684014d,601
1683499965685576,1683499965686239d,663
1683499965687867,1683499965694912d,7045
1683499965696462,1683499965697175d,713
1683499965698731,1683499965699825d,1094
1683499965707463,1683499965708236d,773
1683499965709867,1683499965710467d,600
1683499965716141,1683499965716856d,715
1683499965718571,1683499965719209d,638
1683499965720828,1683499965721463d,635
1683499965723081,1683499965723671d,590
1683499965725148,1683499965725759d,611
1683499965727324,1683499965727955d,631
1683499965729542,1683499965730223d,681
1683499965731803,1683499965732433d,630
1683499965733971,1683499965734648d,677
1683499965736298,1683499965736917d,619
1683499965738406,1683499965739078d,672
1683499965740637,1683499965741224d,587
1683499965748105,1683499965748819d,714
1683499965750346,1683499965751000d,654
1683499965752523,1683499965753102d,579
1683499965754655,1683499965755251d,596
1683499965756682,1683499965757264d,582
1683499965762789,1683499965763417d,628
1683499965764931,1683499965765576d,645
1683499965767079,1683499965767722d,643
1683499965775489,1683499965776260d,771
1683499965777813,1683499965778406d,593
1683499965779977,1683499965780595d,618
1683499965786787,1683499965787466d,679
1683499965789031,1683499965789671d,640
1683499965791223,1683499965791856d,633
1683499965793350,1683499965793969d,619
1683499965795595,1683499965796211d,616
1683499965797683,1683499965798310d,627
1683499965799798,1683499965800398d,600
1683499965801984,1683499965802601d,617
1683499965804127,1683499965804785d,658
1683499965810820,1683499965811480d,660
1683499965813087,1683499965818860d,5773
1683499965820363,1683499965821015d,652
1683499965822552,1683499965823158d,606
1683499965824657,1683499965825292d,635
1683499965826891,1683499965827497d,606
1683499965828967,1683499965829585d,618
1683499965831072,1683499965831649d,577
1683499965833090,1683499965833758d,668
1683499965838767,1683499965839477d,710
1683499965840994,1683499965841615d,621
1683499965843160,1683499965847598d,4438
1683499965849202,1683499965849870d,668
1683499965851489,1683499965852105d,616
1683499965853608,1683499965854216d,608
1683499965855706,1683499965856334d,628
1683499965864088,1683499965864773d,685
1683499965866393,1683499965867033d,640
1683499965868489,1683499965869113d,624
1683499965870704,1683499965871277d,573
1683499965872745,1683499965873383d,638
1683499965874894,1683499965875504d,610
1683499965877039,1683499965877689d,650
1683499965883545,1683499965884197d,652
1683499965885699,1683499965890907d,5208
1683499965892648,1683499965893294d,646
1683499965894796,1683499965895426d,630
1683499965897074,1683499965902852d,5778
1683499965904415,1683499965905111d,696
1683499965906808,1683499965907416d,608
1683499965909069,1683499965909747d,678
1683499965911325,1683499965911898d,573
1683499965913440,1683499965914075d,635
1683499965915603,1683499965916367d,764
1683499965917870,1683499965918501d,631
1683499965920066,1683499965920692d,626
1683499965922246,1683499965922902d,656
1683499965924490,1683499965925079d,589
1683499965926678,1683499965927276d,598
1683499965928851,1683499965935602d,6751
1683499965937202,1683499965942947d,5745
1683499965944735,1683499965945363d,628
1683499965946945,1683499965947566d,621
1683499965949126,1683499965949748d,622
1683499965951302,1683499965951914d,612
1683499965953478,1683499965954051d,573
1683499965955519,1683499965956113d,594
1683499965957710,1683499965958298d,588
1683499965965130,1683499965965811d,681
1683499965967333,1683499965967967d,634
1683499965969602,1683499965970211d,609
1683499965971755,1683499965972363d,608
1683499965973922,1683499965974499d,577
1683499965976084,1683499965976683d,599
1683499965978234,1683499965978887d,653
1683499965980470,1683499965981080d,610
1683499965982552,1683499965983206d,654
1683499965984725,1683499965985311d,586
1683499965986811,1683499965994920d,8109
1683499965996705,1683499965997326d,621
1683499965998842,1683499965999474d,632
1683499966001067,1683499966001693d,626
1683499966008150,1683499966008890d,740
1683499966010503,1683499966011167d,664
1683499966012616,1683499966013239d,623
1683499966014846,1683499966015503d,657
1683499966023647,1683499966024346d,699
1683499966032233,1683499966032887d,654
1683499966038726,1683499966039561d,835
1683499966041215,1683499966041873d,658
1683499966043444,1683499966044037d,593
1683499966045556,1683499966050916d,5360
1683499966052604,1683499966053248d,644
1683499966054739,1683499966055329d,590
1683499966056836,1683499966057464d,628
1683499966059085,1683499966059814d,729
1683499966061252,1683499966066940d,5688
1683499966068552,1683499966069196d,644
1683499966074768,1683499966075440d,672
1683499966076987,1683499966077601d,614
1683499966079184,1683499966079790d,606
1683499966081334,1683499966086955d,5621
1683499966088862,1683499966089472d,610
1683499966091014,1683499966094925d,3911
1683499966096431,1683499966097055d,624
1683499966098560,1683499966099165d,605
1683499966107505,1683499966108230d,725
1683499966109760,1683499966110379d,619
1683499966112036,1683499966112623d,587
1683499966119575,1683499966120244d,669
1683499966121795,1683499966122380d,585
1683499966123947,1683499966124507d,560
1683499966125993,1683499966126581d,588
1683499966128146,1683499966128711d,565
1683499966130214,1683499966130818d,604
1683499966138897,1683499966139635d,738
1683499966141181,1683499966141897d,716
1683499966143496,1683499966144062d,566
1683499966145574,1683499966150920d,5346
1683499966152606,1683499966153233d,627
1683499966154839,1683499966155471d,632
1683499966158361,1683499966158944d,583
1683499966160422,1683499966161127d,705
1683499966162745,1683499966163339d,594
1683499966164826,1683499966165413d,587
1683499966172110,1683499966172924d,814
1683499966174613,1683499966175286d,673
1683499966176829,1683499966177474d,645
1683499966179032,1683499966179664d,632
1683499966181212,1683499966186924d,5712
1683499966188587,1683499966189349d,762
1683499966190955,1683499966191585d,630
1683499966193210,1683499966193802d,592
1683499966195515,1683499966196188d,673
1683499966198176,1683499966198803d,627
1683499966200382,1683499966201033d,651
1683499966202570,1683499966203175d,605
1683499966204858,1683499966205451d,593
1683499966206949,1683499966207565d,616
1683499966209149,1683499966209759d,610
1683499966211281,1683499966211900d,619
1683499966213539,1683499966214197d,658
1683499966215740,1683499966216339d,599
1683499966218100,1683499966218652d,552
1683499966220203,1683499966220787d,584
1683499966222354,1683499966222984d,630
1683499966224530,1683499966225163d,633
1683499966226760,1683499966227411d,651
1683499966228935,1683499966229555d,620
1683499966231134,1683499966231799d,665
1683499966233290,1683499966233963d,673
1683499966235492,1683499966236143d,651
1683499966237669,1683499966238348d,679
1683499966240010,1683499966240700d,690
1683499966242284,1683499966242890d,606
1683499966244443,1683499966245068d,625
1683499966248182,1683499966254944d,6762
1683499966256532,1683499966257149d,617
1683499966258624,1683499966259256d,632
1683499966260862,1683499966261524d,662
1683499966263177,1683499966263883d,706
1683499966265441,1683499966266027d,586
1683499966267531,1683499966268191d,660
1683499966271300,1683499966271954d,654
1683499966273458,1683499966274154d,696
1683499966279522,1683499966280166d,644
1683499966281835,1683499966282566d,731
1683499966284199,1683499966284828d,629
1683499966292135,1683499966292816d,681
1683499966298899,1683499966299538d,639
1683499966307503,1683499966308218d,715
1683499966309972,1683499966310611d,639
1683499966312096,1683499966312698d,602
1683499966314319,1683499966314899d,580
1683499966317858,1683499966318449d,591
1683499966319962,1683499966320574d,612
1683499966322105,1683499966327561d,5456
1683499966329145,1683499966329764d,619
1683499966331377,1683499966331967d,590
1683499966333526,1683499966334075d,549
1683499966335797,1683499966342941d,7144
1683499966344595,1683499966345163d,568
1683499966352055,1683499966352715d,660
1683499966354368,1683499966354999d,631
1683499966358015,1683499966358674d,659
1683499966360235,1683499966360828d,593
1683499966367481,1683499966368298d,817
1683499966370007,1683499966370627d,620
1683499966372133,1683499966372781d,648
1683499966374325,1683499966374975d,650
1683499966376615,1683499966377256d,641
1683499966378876,1683499966379515d,639
1683499966381029,1683499966381674d,645
1683499966383340,1683499966383978d,638
1683499966385534,1683499966386192d,658
1683499966387782,1683499966388370d,588
