1683500017780246,1683500017782016d,1770
1683500017792635,1683500017793314d,679
1683500017804516,1683500017805095d,579
1683500017817144,1683500017817800d,656
1683500017832593,1683500017833293d,700
1683500017844106,1683500017844832d,726
1683500017855568,1683500017856248d,680
1683500017860023,1683500017860601d,578
1683500017864051,1683500017864611d,560
1683500017868050,1683500017868666d,616
1683500017872031,1683500017872599d,568
1683500017876045,1683500017876693d,648
1683500017880278,1683500017880892d,614
1683500017889621,1683500017890223d,602
1683500017893672,1683500017894302d,630
1683500017905579,1683500017906179d,600
1683500017909589,1683500017910212d,623
1683500017913519,1683500017914120d,601
1683500017917538,1683500017918131d,593
1683500017921304,1683500017921933d,629
1683500017929152,1683500017929750d,598
1683500017933048,1683500017938882d,5834
1683500017949103,1683500017949714d,611
1683500017953034,1683500017953636d,602
1683500017957153,1683500017957722d,569
1683500017972082,1683500017972746d,664
1683500017976286,1683500017976875d,589
1683500017988065,1683500017988700d,635
1683500018002858,1683500018003476d,618
1683500018017495,1683500018018106d,611
1683500018021605,1683500018022381d,776
1683500018032957,1683500018033643d,686
1683500018047833,1683500018048454d,621
1683500018051772,1683500018052508d,736
1683500018056043,1683500018056610d,567
1683500018059902,1683500018060497d,595
1683500018064048,1683500018064609d,561
1683500018068047,1683500018078899d,10852
1683500018089090,1683500018089739d,649
1683500018093107,1683500018093725d,618
1683500018107541,1683500018108187d,646
1683500018115512,1683500018116174d,662
1683500018120134,1683500018120715d,581
1683500018124111,1683500018124714d,603
1683500018128171,1683500018128752d,581
1683500018136476,1683500018137099d,623
1683500018147548,1683500018148226d,678
1683500018151839,1683500018158931d,7092
1683500018171968,1683500018172597d,629
1683500018176167,1683500018176819d,652
1683500018188617,1683500018189249d,632
1683500018192838,1683500018193428d,590
1683500018208268,1683500018208909d,641
1683500018212573,1683500018213199d,626
1683500018217219,1683500018217825d,606
1683500018221526,1683500018222105d,579
1683500018225687,1683500018226334d,647
1683500018229690,1683500018238995d,9305
1683500018242578,1683500018243224d,646
1683500018257065,1683500018262918d,5853
1683500018277336,1683500018278020d,684
1683500018292607,1683500018293228d,621
1683500018300891,1683500018301479d,588
1683500018304929,1683500018305528d,599
1683500018319504,1683500018320238d,734
1683500018323562,1683500018330951d,7389
1683500018344687,1683500018345308d,621
1683500018348736,1683500018349323d,587
1683500018358098,1683500018358669d,571
1683500018361993,1683500018362630d,637
1683500018366483,1683500018367034d,551
1683500018375720,1683500018376329d,609
1683500018389348,1683500018398914d,9566
1683500018412566,1683500018413220d,654
1683500018420221,1683500018420882d,661
1683500018424465,1683500018425037d,572
1683500018449299,1683500018449920d,621
1683500018461082,1683500018461707d,625
1683500018468589,1683500018478934d,10345
1683500018482546,1683500018483209d,663
1683500018486868,1683500018487427d,559
1683500018500555,1683500018501244d,689
1683500018504872,1683500018505474d,602
1683500018509086,1683500018509702d,616
1683500018515015,1683500018516215d,1200
1683500018560010,1683500018562629d,2619
1683500018586777,1683500018587374d,597
1683500018590882,1683500018591494d,612
1683500018602104,1683500018602721d,617
1683500018606213,1683500018606886d,673
1683500018621315,1683500018621926d,611
1683500018625443,1683500018626031d,588
1683500018642805,1683500018643472d,667
1683500018656561,1683500018657244d,683
1683500018660843,1683500018661493d,650
1683500018674154,1683500018674762d,608
1683500018678340,1683500018678902d,562
1683500018692076,1683500018692763d,687
1683500018696245,1683500018696853d,608
1683500018700315,1683500018700914d,599
1683500018712073,1683500018712700d,627
1683500018728138,1683500018728816d,678
1683500018732414,1683500018733079d,665
1683500018740091,1683500018740742d,651
1683500018748085,1683500018748710d,625
1683500018755812,1683500018756453d,641
1683500018760075,1683500018760697d,622
1683500018764313,1683500018764932d,619
1683500018768517,1683500018769102d,585
1683500018772493,1683500018773088d,595
1683500018776543,1683500018777167d,624
1683500018780592,1683500018781290d,698
1683500018784975,1683500018790897d,5922
1683500018794512,1683500018795133d,621
1683500018798967,1683500018799582d,615
1683500018811932,1683500018818895d,6963
1683500018822779,1683500018826878d,4099
1683500018837591,1683500018843512d,5921
1683500018858784,1683500018862894d,4110
1683500018866579,1683500018867213d,634
1683500018871698,1683500018872284d,586
1683500018884095,1683500018884713d,618
1683500018888268,1683500018888851d,583
1683500018895967,1683500018898907d,2940
1683500018902495,1683500018903139d,644
1683500018913005,1683500018913603d,598
1683500018917211,1683500018917809d,598
1683500018929025,1683500018929696d,671
1683500018939464,1683500018940215d,751
1683500018943786,1683500018944420d,634
1683500018958191,1683500018958823d,632
1683500018962278,1683500018962937d,659
1683500018966410,1683500018967012d,602
1683500018975516,1683500018976181d,665
1683500018983516,1683500018984186d,670
1683500018987739,1683500018994905d,7166
1683500018998574,1683500018999180d,606
1683500019010972,1683500019018883d,7911
1683500019026240,1683500019026892d,652
1683500019030498,1683500019031233d,735
1683500019034701,1683500019035298d,597
1683500019045992,1683500019046615d,623
1683500019050038,1683500019050615d,577
1683500019059829,1683500019060452d,623
1683500019064066,1683500019064649d,583
1683500019075928,1683500019076658d,730
1683500019080626,1683500019081219d,593
1683500019091595,1683500019092377d,782
1683500019095859,1683500019096459d,600
1683500019105470,1683500019106077d,607
1683500019116632,1683500019117263d,631
1683500019120771,1683500019121375d,604
1683500019135558,1683500019136225d,667
1683500019139607,1683500019140206d,599
1683500019143765,1683500019144415d,650
1683500019147848,1683500019148497d,649
1683500019157097,1683500019157699d,602
1683500019171501,1683500019172287d,786
1683500019176110,1683500019176701d,591
1683500019187500,1683500019188136d,636
1683500019191787,1683500019192449d,662
1683500019195851,1683500019196453d,602
1683500019200001,1683500019200598d,597
1683500019203971,1683500019204635d,664
1683500019208130,1683500019209033d,903
1683500019212634,1683500019213264d,630
1683500019227935,1683500019228612d,677
1683500019238203,1683500019238838d,635
1683500019252985,1683500019253610d,625
1683500019264094,1683500019264781d,687
1683500019268164,1683500019268851d,687
1683500019282183,1683500019286907d,4724
1683500019300591,1683500019301216d,625
1683500019304536,1683500019305125d,589
1683500019308535,1683500019309111d,576
1683500019312533,1683500019318785d,6252
1683500019328153,1683500019334931d,6778
1683500019348173,1683500019348889d,716
1683500019352514,1683500019353151d,637
1683500019362115,1683500019362738d,623
1683500019366334,1683500019366956d,622
1683500019370411,1683500019371038d,627
1683500019384337,1683500019385012d,675
1683500019397700,1683500019398455d,755
1683500019402077,1683500019402651d,574
1683500019406107,1683500019406717d,610
1683500019417265,1683500019417986d,721
1683500019421437,1683500019422047d,610
1683500019425484,1683500019426111d,627
1683500019429473,1683500019430089d,616
1683500019441555,1683500019442161d,606
1683500019451483,1683500019452119d,636
1683500019455698,1683500019456325d,627
1683500019459817,1683500019460394d,577
1683500019463757,1683500019464322d,565
1683500019467605,1683500019468207d,602
1683500019471728,1683500019472298d,570
1683500019486156,1683500019486757d,601
1683500019490217,1683500019490784d,567
1683500019503446,1683500019504093d,647
1683500019507711,1683500019508348d,637
1683500019511608,1683500019512206d,598
1683500019525591,1683500019526218d,627
1683500019529700,1683500019530293d,593
1683500019533604,1683500019534191d,587
1683500019541403,1683500019542014d,611
1683500019545400,1683500019550802d,5402
1683500019559764,1683500019560397d,633
1683500019563698,1683500019564270d,572
1683500019578247,1683500019578936d,689
1683500019582363,1683500019582957d,594
1683500019592091,1683500019592757d,666
1683500019596227,1683500019596872d,645
1683500019608103,1683500019608933d,830
1683500019622251,1683500019622872d,621
1683500019626227,1683500019626842d,615
1683500019640171,1683500019640974d,803
1683500019649157,1683500019649768d,611
1683500019653394,1683500019654009d,615
1683500019660716,1683500019661302d,586
1683500019671771,1683500019672496d,725
1683500019682391,1683500019682969d,578
1683500019686850,1683500019687478d,628
1683500019690920,1683500019691490d,570
1683500019694955,1683500019695509d,554
1683500019698793,1683500019699373d,580
1683500019702778,1683500019703342d,564
1683500019711490,1683500019712147d,657
1683500019728080,1683500019728898d,818
1683500019732333,1683500019732904d,571
1683500019736558,1683500019746919d,10361
1683500019750548,1683500019751143d,595
1683500019754786,1683500019755368d,582
1683500019758844,1683500019759424d,580
1683500019767488,1683500019768096d,608
1683500019771750,1683500019782866d,11116
1683500019786751,1683500019787347d,596
1683500019790845,1683500019791406d,561
1683500019800578,1683500019801240d,662
1683500019809150,1683500019809784d,634
1683500019822184,1683500019822825d,641
1683500019826429,1683500019827006d,577
1683500019841292,1683500019842095d,803
1683500019845664,1683500019846289d,625
1683500019849655,1683500019850228d,573
1683500019858068,1683500019858719d,651
1683500019862227,1683500019862882d,655
1683500019866312,1683500019867001d,689
1683500019876577,1683500019877217d,640
1683500019889413,1683500019889983d,570
1683500019893315,1683500019893934d,619
1683500019897499,1683500019898090d,591
1683500019907119,1683500019907744d,625
1683500019911250,1683500019911815d,565
1683500019915289,1683500019915885d,596
1683500019919353,1683500019919944d,591
1683500019933119,1683500019933767d,648
1683500019937270,1683500019937868d,598
1683500019941304,1683500019946897d,5593
1683500019961252,1683500019961890d,638
1683500019971992,1683500019972645d,653
1683500019976255,1683500019976896d,641
1683500019985117,1683500019991563d,6446
1683500019995110,1683500020002793d,7683
1683500020006419,1683500020007045d,626
1683500020010724,1683500020011293d,569
1683500020024102,1683500020024789d,687
1683500020028292,1683500020028892d,600
1683500020032270,1683500020032849d,579
1683500020044192,1683500020044947d,755
1683500020048585,1683500020049238d,653
1683500020052760,1683500020053421d,661
1683500020056790,1683500020057377d,587
1683500020060679,1683500020061243d,564
1683500020064595,1683500020065154d,559
1683500020068460,1683500020069047d,587
1683500020072356,1683500020072945d,589
1683500020086032,1683500020094932d,8900
1683500020098655,1683500020106998d,8343
1683500020110576,1683500020111145d,569
1683500020118050,1683500020118599d,549
1683500020132120,1683500020132800d,680
1683500020136300,1683500020136902d,602
1683500020150168,1683500020150738d,570
1683500020154317,1683500020154881d,564
1683500020158205,1683500020158779d,574
1683500020170184,1683500020170749d,565
1683500020174240,1683500020174859d,619
1683500020178486,1683500020179160d,674
1683500020182537,1683500020183118d,581
1683500020196241,1683500020196868d,627
1683500020200443,1683500020201042d,599
1683500020204633,1683500020205247d,614
1683500020208617,1683500020209223d,606
1683500020220679,1683500020221363d,684
1683500020224764,1683500020225398d,634
1683500020228754,1683500020229327d,573
1683500020232552,1683500020233200d,648
1683500020236468,1683500020237020d,552
1683500020240416,1683500020240981d,565
1683500020244432,1683500020245007d,575
1683500020256081,1683500020256812d,731
1683500020268047,1683500020270997d,2950
1683500020274485,1683500020275073d,588
1683500020278543,1683500020279135d,592
1683500020293520,1683500020294209d,689
1683500020304847,1683500020305432d,585
1683500020308724,1683500020309308d,584
1683500020312611,1683500020313231d,620
1683500020316529,1683500020317129d,600
1683500020320469,1683500020321046d,577
1683500020324444,1683500020325044d,600
1683500020328399,1683500020329021d,622
1683500020332374,1683500020332962d,588
1683500020336370,1683500020336960d,590
1683500020340225,1683500020340829d,604
1683500020344280,1683500020344834d,554
1683500020357462,1683500020358050d,588
1683500020361692,1683500020362297d,605
1683500020365684,1683500020366286d,602
1683500020369743,1683500020370370d,627
1683500020381457,1683500020382080d,623
1683500020385392,1683500020385984d,592
1683500020394099,1683500020394740d,641
1683500020409582,1683500020419520d,9938
1683500020429005,1683500020429706d,701
1683500020439546,1683500020440224d,678
1683500020443565,1683500020444191d,626
1683500020447699,1683500020451505d,3806
1683500020454955,1683500020455597d,642
1683500020466315,1683500020466963d,648
1683500020470495,1683500020471105d,610
1683500020485194,1683500020485905d,711
1683500020489517,1683500020490155d,638
1683500020493666,1683500020494308d,642
1683500020497808,1683500020498468d,660
1683500020501938,1683500020502569d,631
1683500020506014,1683500020506618d,604
1683500020519568,1683500020520238d,670
1683500020529145,1683500020534902d,5757
1683500020542813,1683500020543469d,656
1683500020546982,1683500020547618d,636
1683500020551221,1683500020551866d,645
1683500020555700,1683500020556361d,661
1683500020559981,1683500020560613d,632
1683500020564221,1683500020564842d,621
1683500020568329,1683500020569016d,687
1683500020576063,1683500020576680d,617
1683500020585043,1683500020585747d,704
1683500020590290,1683500020591246d,956
1683500020594955,1683500020606877d,11922
1683500020610460,1683500020611112d,652
1683500020614661,1683500020615303d,642
1683500020618769,1683500020619374d,605
1683500020622783,1683500020623408d,625
1683500020633485,1683500020634137d,652
1683500020645413,1683500020650750d,5337
1683500020654102,1683500020654693d,591
1683500020658100,1683500020658699d,599
1683500020671823,1683500020672537d,714
1683500020681040,1683500020681643d,603
1683500020685039,1683500020685783d,744
1683500020689390,1683500020689989d,599
1683500020707502,1683500020708214d,712
1683500020711747,1683500020722876d,11129
1683500020726493,1683500020730785d,4292
1683500020734236,1683500020734833d,597
1683500020738313,1683500020738941d,628
1683500020742457,1683500020743078d,621
1683500020755784,1683500020756393d,609
1683500020763795,1683500020764425d,630
1683500020772587,1683500020778746d,6159
1683500020782494,1683500020783142d,648
1683500020786652,1683500020787293d,641
1683500020790896,1683500020791513d,617
1683500020794998,1683500020795645d,647
1683500020807873,1683500020808516d,643
1683500020812105,1683500020812712d,607
1683500020826142,1683500020826739d,597
1683500020830115,1683500020830790d,675
1683500020848537,1683500020849127d,590
1683500020852486,1683500020853093d,607
1683500020856640,1683500020857281d,641
1683500020864482,1683500020865112d,630
1683500020868518,1683500020869160d,642
1683500020872862,1683500020873444d,582
1683500020883558,1683500020884181d,623
1683500020888038,1683500020888666d,628
1683500020902822,1683500020903487d,665
1683500020906990,1683500020907589d,599
1683500020920625,1683500020921229d,604
1683500020928564,1683500020929146d,582
1683500020947508,1683500020948126d,618
1683500020961545,1683500020962149d,604
1683500020976250,1683500020976883d,633
1683500020984572,1683500020985192d,620
1683500020988846,1683500020989547d,701
1683500020993051,1683500020993764d,713
1683500021006868,1683500021007555d,687
1683500021011042,1683500021011641d,599
1683500021015352,1683500021015922d,570
1683500021024062,1683500021024747d,685
1683500021028296,1683500021028880d,584
1683500021036131,1683500021036866d,735
1683500021040478,1683500021041072d,594
1683500021052143,1683500021052789d,646
1683500021056514,1683500021057129d,615
1683500021060463,1683500021061047d,584
1683500021064416,1683500021065036d,620
1683500021076147,1683500021076813d,666
1683500021080372,1683500021080962d,590
1683500021084500,1683500021085115d,615
1683500021088825,1683500021099582d,10757
1683500021103036,1683500021103704d,668
1683500021107293,1683500021118798d,11505
1683500021122609,1683500021123240d,631
1683500021126865,1683500021127483d,618
1683500021139792,1683500021140464d,672
1683500021144148,1683500021144746d,598
1683500021148144,1683500021148768d,624
1683500021152350,1683500021152995d,645
1683500021156531,1683500021157147d,616
1683500021160609,1683500021161220d,611
1683500021173047,1683500021183563d,10516
1683500021187358,1683500021188022d,664
1683500021191578,1683500021198786d,7208
1683500021211806,1683500021212443d,637
1683500021215985,1683500021216668d,683
1683500021220185,1683500021220773d,588
1683500021224254,1683500021224925d,671
1683500021228452,1683500021229097d,645
1683500021232638,1683500021238902d,6264
1683500021242439,1683500021243053d,614
1683500021246541,1683500021250915d,4374
1683500021254715,1683500021255347d,632
1683500021258869,1683500021259520d,651
1683500021263164,1683500021263875d,711
1683500021267375,1683500021267977d,602
1683500021282198,1683500021282914d,716
1683500021286524,1683500021287184d,660
1683500021290782,1683500021291448d,666
1683500021295050,1683500021295721d,671
1683500021310221,1683500021310938d,717
1683500021324111,1683500021324803d,692
1683500021332138,1683500021332799d,661
1683500021336343,1683500021337033d,690
1683500021340702,1683500021341307d,605
1683500021344845,1683500021345501d,656
1683500021349025,1683500021349636d,611
1683500021353095,1683500021353694d,599
1683500021357264,1683500021357890d,626
1683500021370142,1683500021370750d,608
1683500021381161,1683500021381780d,619
1683500021388865,1683500021389480d,615
1683500021393099,1683500021393744d,645
1683500021402189,1683500021402807d,618
1683500021414238,1683500021414872d,634
1683500021418277,1683500021418848d,571
1683500021422473,1683500021427484d,5011
1683500021431021,1683500021431618d,597
1683500021441713,1683500021442319d,606
1683500021450211,1683500021450882d,671
1683500021454520,1683500021455100d,580
1683500021458643,1683500021459247d,604
1683500021462835,1683500021463437d,602
1683500021484029,1683500021484611d,582
1683500021507603,1683500021508416d,813
1683500021512100,1683500021512690d,590
1683500021516246,1683500021516916d,670
1683500021526077,1683500021526704d,627
1683500021534080,1683500021534661d,581
1683500021548124,1683500021548736d,612
1683500021552235,1683500021552834d,599
1683500021556270,1683500021556869d,599
1683500021560437,1683500021561100d,663
1683500021564719,1683500021566202d,1483
1683500021573014,1683500021578911d,5897
1683500021598765,1683500021599542d,777
1683500021603086,1683500021606917d,3831
1683500021610574,1683500021611175d,601
1683500021614887,1683500021615462d,575
1683500021623547,1683500021624203d,656
1683500021627672,1683500021628270d,598
1683500021631831,1683500021632472d,641
1683500021644181,1683500021644909d,728
1683500021648469,1683500021649087d,618
1683500021660070,1683500021660772d,702
1683500021672864,1683500021673466d,602
1683500021683922,1683500021684610d,688
1683500021688044,1683500021688647d,603
1683500021700600,1683500021701247d,647
1683500021713083,1683500021713726d,643
1683500021726193,1683500021726825d,632
1683500021749225,1683500021749859d,634
1683500021753456,1683500021754048d,592
1683500021757546,1683500021758206d,660
1683500021761873,1683500021762494d,621
1683500021777061,1683500021777724d,663
1683500021781285,1683500021781868d,583
1683500021785246,1683500021785850d,604
1683500021797220,1683500021797896d,676
1683500021801354,1683500021801936d,582
1683500021813544,1683500021814151d,607
1683500021817451,1683500021818044d,593
1683500021821570,1683500021822196d,626
1683500021830793,1683500021831403d,610
1683500021845063,1683500021845671d,608
1683500021854133,1683500021854805d,672
1683500021866207,1683500021866855d,648
1683500021870365,1683500021871011d,646
1683500021882092,1683500021890885d,8793
1683500021894559,1683500021895167d,608
1683500021898762,1683500021899367d,605
1683500021908181,1683500021908847d,666
1683500021920979,1683500021921640d,661
1683500021925023,1683500021930894d,5871
1683500021934387,1683500021942818d,8431
1683500021951760,1683500021952369d,609
1683500021960453,1683500021961063d,610
1683500021964566,1683500021965246d,680
1683500021969044,1683500021969616d,572
1683500021984090,1683500021984700d,610
1683500021988161,1683500021988771d,610
1683500021992214,1683500021992806d,592
1683500022005099,1683500022005755d,656
1683500022018083,1683500022018704d,621
1683500022022179,1683500022022770d,591
1683500022026220,1683500022026802d,582
1683500022030294,1683500022030911d,617
1683500022041485,1683500022042089d,604
1683500022045571,1683500022046201d,630
1683500022049672,1683500022050310d,638
1683500022060196,1683500022060878d,682
1683500022064495,1683500022065086d,591
1683500022074168,1683500022074820d,652
1683500022078148,1683500022079090d,942
1683500022082485,1683500022083129d,644
1683500022086837,1683500022087486d,649
1683500022097063,1683500022097668d,605
1683500022101078,1683500022110846d,9768
1683500022114480,1683500022115050d,570
1683500022118484,1683500022119068d,584
1683500022123752,1683500022124398d,646
1683500022127912,1683500022128529d,617
1683500022144643,1683500022145269d,626
1683500022157176,1683500022157840d,664
1683500022171472,1683500022172081d,609
1683500022175688,1683500022176333d,645
1683500022180112,1683500022180699d,587
1683500022196163,1683500022196796d,633
1683500022208979,1683500022209586d,607
1683500022213169,1683500022213756d,587
1683500022217502,1683500022218139d,637
1683500022232159,1683500022232839d,680
1683500022236482,1683500022242923d,6441
1683500022256540,1683500022257163d,623
1683500022260559,1683500022261143d,584
1683500022269025,1683500022269659d,634
1683500022273109,1683500022273734d,625
1683500022277275,1683500022277880d,605
1683500022281343,1683500022281940d,597
1683500022285398,1683500022285982d,584
1683500022295484,1683500022296131d,647
1683500022299591,1683500022300221d,630
1683500022303632,1683500022304211d,579
1683500022307576,1683500022308157d,581
1683500022311607,1683500022312230d,623
1683500022324114,1683500022324750d,636
1683500022328303,1683500022328875d,572
1683500022341146,1683500022341838d,692
1683500022345409,1683500022346006d,597
1683500022349269,1683500022349847d,578
1683500022353233,1683500022358931d,5698
1683500022362338,1683500022366901d,4563
1683500022370553,1683500022371153d,600
1683500022383810,1683500022384385d,575
1683500022392984,1683500022393584d,600
1683500022397066,1683500022397731d,665
1683500022411549,1683500022412487d,938
1683500022420113,1683500022420732d,619
1683500022432627,1683500022433239d,612
1683500022436879,1683500022437535d,656
1683500022442066,1683500022442679d,613
1683500022454044,1683500022454637d,593
1683500022465729,1683500022466328d,599
1683500022477253,1683500022477973d,720
1683500022485654,1683500022486253d,599
1683500022495815,1683500022496495d,680
1683500022500087,1683500022500692d,605
1683500022514194,1683500022514808d,614
1683500022518265,1683500022518878d,613
1683500022533671,1683500022534312d,641
1683500022538086,1683500022538675d,589
1683500022542274,1683500022542879d,605
1683500022546510,1683500022550902d,4392
1683500022558269,1683500022558905d,636
1683500022568866,1683500022569500d,634
1683500022572972,1683500022573561d,589
1683500022577102,1683500022577699d,597
1683500022587816,1683500022588462d,646
1683500022592039,1683500022592647d,608
1683500022596159,1683500022596836d,677
1683500022609591,1683500022610213d,622
1683500022613722,1683500022614380d,658
1683500022622160,1683500022622798d,638
1683500022635870,1683500022636517d,647
1683500022640046,1683500022640658d,612
1683500022647504,1683500022648175d,671
1683500022651896,1683500022652552d,656
1683500022656062,1683500022656667d,605
1683500022660137,1683500022660736d,599
1683500022673114,1683500022673771d,657
1683500022677337,1683500022682877d,5540
1683500022686494,1683500022687120d,626
1683500022690679,1683500022691294d,615
1683500022699817,1683500022700486d,669
1683500022704648,1683500022705236d,588
1683500022719853,1683500022720506d,653
1683500022728438,1683500022729059d,621
1683500022743499,1683500022744221d,722
1683500022747708,1683500022748671d,963
1683500022760099,1683500022760884d,785
1683500022780077,1683500022780772d,695
1683500022788065,1683500022788828d,763
1683500022801875,1683500022802549d,674
1683500022806119,1683500022806791d,672
1683500022810306,1683500022810920d,614
1683500022814233,1683500022814906d,673
1683500022818368,1683500022818966d,598
1683500022827804,1683500022839008d,11204
1683500022842779,1683500022843397d,618
1683500022847058,1683500022847615d,557
1683500022851593,1683500022852229d,636
1683500022855907,1683500022856510d,603
1683500022860885,1683500022861502d,617
1683500022864954,1683500022865537d,583
1683500022872408,1683500022873051d,643
1683500022876587,1683500022882871d,6284
1683500022887806,1683500022888390d,584
1683500022891920,1683500022892499d,579
1683500022906865,1683500022907576d,711
1683500022920079,1683500022920708d,629
1683500022924287,1683500022924970d,683
1683500022933486,1683500022934130d,644
1683500022946793,1683500022947480d,687
1683500022962730,1683500022963384d,654
1683500022972093,1683500022972784d,691
1683500022976280,1683500022976970d,690
1683500022980416,1683500022981057d,641
1683500022988467,1683500022989069d,602
1683500022992568,1683500022993134d,566
1683500023000051,1683500023000653d,602
1683500023004192,1683500023004762d,570
1683500023008202,1683500023008800d,598
1683500023016136,1683500023027002d,10866
1683500023041241,1683500023041981d,740
1683500023056625,1683500023057335d,710
1683500023068506,1683500023069551d,1045
1683500023076559,1683500023082806d,6247
1683500023086359,1683500023087010d,651
1683500023090572,1683500023094922d,4350
1683500023098631,1683500023099352d,721
1683500023108094,1683500023108808d,714
1683500023116102,1683500023122975d,6873
1683500023126517,1683500023127153d,636
1683500023130554,1683500023131187d,633
1683500023139858,1683500023140484d,626
1683500023144220,1683500023144818d,598
1683500023148327,1683500023148932d,605
1683500023156553,1683500023157144d,591
1683500023160802,1683500023161378d,576
1683500023170094,1683500023178853d,8759
1683500023191604,1683500023192261d,657
1683500023203803,1683500023204412d,609
1683500023207921,1683500023208562d,641
1683500023211976,1683500023212579d,603
1683500023216067,1683500023216673d,606
1683500023220082,1683500023220707d,625
1683500023234279,1683500023242946d,8667
1683500023246578,1683500023250734d,4156
1683500023254419,1683500023254998d,579
1683500023258558,1683500023259142d,584
1683500023269682,1683500023270327d,645
1683500023273592,1683500023274161d,569
1683500023277837,1683500023278427d,590
1683500023288595,1683500023289289d,694
1683500023312082,1683500023312748d,666
1683500023316241,1683500023316857d,616
1683500023329252,1683500023329914d,662
1683500023333424,1683500023334071d,647
1683500023347841,1683500023348558d,717
1683500023351979,1683500023352636d,657
1683500023356323,1683500023356912d,589
1683500023360546,1683500023361167d,621
1683500023364792,1683500023365355d,563
1683500023368974,1683500023369603d,629
1683500023373039,1683500023373645d,606
1683500023388095,1683500023388784d,689
1683500023392206,1683500023392859d,653
1683500023396492,1683500023397131d,639
1683500023401146,1683500023401791d,645
1683500023405474,1683500023406133d,659
1683500023409549,1683500023410189d,640
1683500023418169,1683500023427664d,9495
1683500023431575,1683500023432234d,659
1683500023444471,1683500023445125d,654
1683500023448610,1683500023449231d,621
1683500023461074,1683500023461748d,674
1683500023465210,1683500023470980d,5770
1683500023474534,1683500023475115d,581
1683500023487922,1683500023488546d,624
1683500023492022,1683500023492605d,583
1683500023511907,1683500023512525d,618
1683500023519527,1683500023520138d,611
1683500023523647,1683500023524244d,597
1683500023536499,1683500023537121d,622
1683500023540545,1683500023541168d,623
1683500023550017,1683500023550629d,612
1683500023564669,1683500023565360d,691
1683500023568772,1683500023569353d,581
1683500023573179,1683500023573752d,573
1683500023585082,1683500023586210d,1128
1683500023590488,1683500023591083d,595
1683500023603104,1683500023603730d,626
1683500023607094,1683500023607712d,618
1683500023611137,1683500023614878d,3741
1683500023618923,1683500023619491d,568
1683500023640180,1683500023640809d,629
1683500023652100,1683500023652770d,670
1683500023664915,1683500023665560d,645
1683500023676490,1683500023677128d,638
1683500023680573,1683500023681159d,586
1683500023689142,1683500023689738d,596
1683500023693183,1683500023698873d,5690
1683500023713492,1683500023714263d,771
1683500023717533,1683500023718142d,609
1683500023736555,1683500023737163d,608
1683500023748068,1683500023748714d,646
1683500023764815,1683500023765466d,651
1683500023768835,1683500023769453d,618
1683500023772941,1683500023773546d,605
1683500023783430,1683500023784066d,636
1683500023787645,1683500023788212d,567
1683500023791455,1683500023798877d,7422
1683500023802542,1683500023803132d,590
1683500023812490,1683500023818942d,6452
1683500023828515,1683500023829182d,667
1683500023832567,1683500023833155d,588
1683500023843440,1683500023844139d,699
1683500023857417,1683500023866765d,9348
1683500023870412,1683500023871023d,611
1683500023882028,1683500023882615d,587
1683500023886000,1683500023890878d,4878
1683500023894391,1683500023894965d,574
1683500023898340,1683500023898929d,589
1683500023913241,1683500023913936d,695
1683500023926302,1683500023926898d,596
1683500023930556,1683500023931133d,577
1683500023938044,1683500023938655d,611
1683500023952540,1683500023953189d,649
1683500023956807,1683500023957414d,607
1683500023960892,1683500023961491d,599
1683500023965038,1683500023965634d,596
1683500023973984,1683500023974615d,631
1683500023978119,1683500023978732d,613
1683500023982013,1683500023982678d,665
1683500023986226,1683500023986806d,580
1683500024000144,1683500024000848d,704
1683500024004499,1683500024005059d,560
1683500024008615,1683500024009196d,581
1683500024012731,1683500024013349d,618
1683500024016835,1683500024017453d,618
1683500024032151,1683500024032896d,745
1683500024037020,1683500024037608d,588
1683500024040989,1683500024041561d,572
1683500024044938,1683500024054847d,9909
1683500024069392,1683500024079626d,10234
1683500024090235,1683500024090880d,645
1683500024102200,1683500024110910d,8710
1683500024124881,1683500024125528d,647
1683500024143544,1683500024144200d,656
1683500024147711,1683500024148290d,579
1683500024156504,1683500024157147d,643
1683500024160521,1683500024161108d,587
1683500024170751,1683500024171516d,765
1683500024175007,1683500024175629d,622
1683500024184634,1683500024185301d,667
1683500024188659,1683500024189366d,707
1683500024192736,1683500024193301d,565
1683500024203820,1683500024204476d,656
1683500024212067,1683500024218911d,6844
1683500024222375,1683500024222998d,623
1683500024226410,1683500024227017d,607
1683500024240055,1683500024240804d,749
1683500024244261,1683500024244856d,595
1683500024248288,1683500024248918d,630
1683500024252394,1683500024258797d,6403
1683500024262460,1683500024263031d,571
1683500024266442,1683500024267029d,587
1683500024278100,1683500024278666d,566
1683500024282110,1683500024282699d,589
1683500024290751,1683500024291360d,609
1683500024294777,1683500024295358d,581
1683500024298694,1683500024299284d,590
1683500024302706,1683500024303280d,574
1683500024306778,1683500024307365d,587
1683500024311191,1683500024311784d,593
1683500024315199,1683500024315824d,625
1683500024325033,1683500024325660d,627
1683500024329164,1683500024329775d,611
1683500024333208,1683500024333806d,598
1683500024337231,1683500024337829d,598
1683500024341467,1683500024342033d,566
1683500024345486,1683500024346083d,597
1683500024358096,1683500024358787d,691
1683500024362361,1683500024366740d,4379
1683500024370206,1683500024370854d,648
1683500024374406,1683500024374990d,584
1683500024388059,1683500024388682d,623
1683500024397552,1683500024398222d,670
1683500024410084,1683500024410677d,593
1683500024424748,1683500024425352d,604
1683500024429225,1683500024429810d,585
1683500024433233,1683500024433839d,606
1683500024437309,1683500024437902d,593
1683500024451491,1683500024452108d,617
1683500024455769,1683500024456380d,611
1683500024468980,1683500024469545d,565
1683500024482085,1683500024482642d,557
1683500024486332,1683500024490943d,4611
1683500024516101,1683500024516752d,651
1683500024520153,1683500024527016d,6863
1683500024530544,1683500024531134d,590
1683500024543480,1683500024544159d,679
1683500024547645,1683500024548237d,592
1683500024558742,1683500024562879d,4137
1683500024569997,1683500024570573d,576
1683500024573916,1683500024574493d,577
1683500024589288,1683500024594897d,5609
1683500024598399,1683500024599048d,649
1683500024602458,1683500024606877d,4419
1683500024621074,1683500024621767d,693
1683500024625147,1683500024625815d,668
1683500024633862,1683500024634507d,645
1683500024638062,1683500024638712d,650
1683500024648621,1683500024649209d,588
1683500024652662,1683500024653368d,706
1683500024667936,1683500024668560d,624
1683500024672284,1683500024672891d,607
1683500024676308,1683500024676925d,617
1683500024680463,1683500024681059d,596
1683500024684425,1683500024685100d,675
1683500024688513,1683500024689115d,602
1683500024692496,1683500024693112d,616
1683500024705109,1683500024705717d,608
1683500024717142,1683500024717779d,637
1683500024721475,1683500024722075d,600
1683500024735831,1683500024736465d,634
1683500024743462,1683500024744062d,600
1683500024747408,1683500024748011d,603
1683500024751408,1683500024752006d,598
1683500024755366,1683500024756016d,650
1683500024770092,1683500024770671d,579
1683500024774008,1683500024774629d,621
1683500024778146,1683500024778748d,602
1683500024793152,1683500024793872d,720
1683500024797295,1683500024797940d,645
1683500024801257,1683500024801888d,631
1683500024805253,1683500024805866d,613
1683500024809160,1683500024809764d,604
1683500024822046,1683500024822748d,702
1683500024826117,1683500024830900d,4783
1683500024834540,1683500024835181d,641
1683500024844504,1683500024845115d,611
1683500024852026,1683500024852612d,586
1683500024855956,1683500024856525d,569
1683500024870180,1683500024870771d,591
1683500024874092,1683500024874654d,562
1683500024878087,1683500024878661d,574
1683500024882565,1683500024883160d,595
1683500024886682,1683500024887253d,571
1683500024890663,1683500024891239d,576
1683500024900109,1683500024900693d,584
1683500024914080,1683500024914708d,628
1683500024918151,1683500024918715d,564
1683500024922084,1683500024922648d,564
1683500024926166,1683500024926744d,578
1683500024930232,1683500024930781d,549
1683500024934240,1683500024942758d,8518
1683500024957084,1683500024957683d,599
1683500024961202,1683500024961803d,601
1683500024965144,1683500024965722d,578
1683500024969188,1683500024969769d,581
1683500024984140,1683500024984818d,678
1683500024988282,1683500024988872d,590
1683500024992147,1683500024992733d,586
1683500024996117,1683500024996687d,570
1683500025000059,1683500025000686d,627
1683500025004096,1683500025004655d,559
1683500025008108,1683500025008707d,599
1683500025012164,1683500025012715d,551
1683500025016578,1683500025017171d,593
1683500025020509,1683500025021097d,588
1683500025024534,1683500025025118d,584
1683500025028633,1683500025029204d,571
1683500025038157,1683500025038708d,551
1683500025042253,1683500025042807d,554
1683500025054083,1683500025054683d,600
1683500025069234,1683500025074913d,5679
1683500025078657,1683500025079238d,581
1683500025082695,1683500025083299d,604
1683500025094168,1683500025094746d,578
1683500025098273,1683500025098932d,659
1683500025102440,1683500025102987d,547
1683500025106387,1683500025106954d,567
1683500025114117,1683500025114672d,555
1683500025118273,1683500025118847d,574
1683500025131102,1683500025131677d,575
1683500025146331,1683500025146959d,628
1683500025150419,1683500025151038d,619
1683500025154576,1683500025155242d,666
1683500025168556,1683500025169233d,677
1683500025176715,1683500025177269d,554
1683500025184021,1683500025184644d,623
1683500025188095,1683500025188672d,577
1683500025192151,1683500025192807d,656
1683500025196197,1683500025196749d,552
1683500025209120,1683500025214895d,5775
1683500025218536,1683500025219105d,569
1683500025222581,1683500025223145d,564
1683500025226604,1683500025227194d,590
1683500025236419,1683500025237087d,668
1683500025240735,1683500025241335d,600
1683500025244962,1683500025250946d,5984
1683500025254462,1683500025255048d,586
1683500025258540,1683500025259170d,630
1683500025262698,1683500025263308d,610
1683500025276071,1683500025276687d,616
1683500025280202,1683500025280892d,690
1683500025284238,1683500025284835d,597
1683500025288380,1683500025288997d,617
1683500025297085,1683500025297700d,615
1683500025308159,1683500025318940d,10781
1683500025322637,1683500025323303d,666
1683500025336007,1683500025336609d,602
1683500025350142,1683500025350754d,612
1683500025354350,1683500025354924d,574
1683500025358267,1683500025366821d,8554
1683500025373505,1683500025374118d,613
1683500025378506,1683500025379077d,571
1683500025386143,1683500025386736d,593
1683500025390125,1683500025390736d,611
1683500025394167,1683500025394770d,603
1683500025399454,1683500025400054d,600
1683500025403585,1683500025404173d,588
1683500025416088,1683500025416783d,695
1683500025420389,1683500025420989d,600
1683500025424276,1683500025424861d,585
1683500025428330,1683500025434945d,6615
1683500025441989,1683500025442583d,594
1683500025451617,1683500025452340d,723
1683500025455820,1683500025456429d,609
1683500025459858,1683500025461277d,1419
1683500025476206,1683500025476997d,791
1683500025487907,1683500025488602d,695
1683500025492458,1683500025493059d,601
1683500025507971,1683500025518867d,10896
1683500025530285,1683500025538918d,8633
1683500025542496,1683500025543091d,595
1683500025546761,1683500025547377d,616
1683500025551781,1683500025552473d,692
1683500025555913,1683500025562905d,6992
1683500025577806,1683500025578456d,650
1683500025581850,1683500025582476d,626
1683500025589504,1683500025590092d,588
1683500025593436,1683500025594007d,571
1683500025601019,1683500025601611d,592
1683500025605127,1683500025605718d,591
1683500025609177,1683500025609797d,620
1683500025613197,1683500025613813d,616
1683500025617178,1683500025617749d,571
1683500025621097,1683500025621677d,580
1683500025625049,1683500025625618d,569
1683500025628955,1683500025629601d,646
1683500025648619,1683500025649233d,614
1683500025652846,1683500025653445d,599
1683500025657063,1683500025657663d,600
1683500025664410,1683500025665072d,662
1683500025679571,1683500025680225d,654
1683500025688124,1683500025688754d,630
1683500025692372,1683500025693039d,667
1683500025701130,1683500025701720d,590
1683500025709087,1683500025709726d,639
1683500025713187,1683500025713797d,610
1683500025728167,1683500025728793d,626
1683500025734031,1683500025734633d,602
1683500025738291,1683500025738913d,622
1683500025752185,1683500025752832d,647
1683500025756204,1683500025756882d,678
1683500025769208,1683500025769863d,655
1683500025773539,1683500025778868d,5329
