1683499962950922,1683499962951570d,648
1683499962957057,1683499962957256d,199
1683499962959380,1683499962959476d,96
1683499962961432,1683499962961579d,147
1683499962963622,1683499962963768d,146
1683499962965718,1683499962965891d,173
1683499962967938,1683499962968110d,172
1683499962970039,1683499962970187d,148
1683499962972402,1683499962972552d,150
1683499962974588,1683499962974760d,172
1683499962976850,1683499962977061d,211
1683499962978990,1683499962979136d,146
1683499962984519,1683499962984670d,151
1683499962986665,1683499962986891d,226
1683499962992756,1683499962992939d,183
1683499963004066,1683499963004320d,254
1683499963006516,1683499963006651d,135
1683499963008539,1683499963008717d,178
1683499963016740,1683499963016981d,241
1683499963018889,1683499963019153d,264
1683499963021169,1683499963021305d,136
1683499963027438,1683499963027772d,334
1683499963029960,1683499963030117d,157
1683499963032001,1683499963032159d,158
1683499963040511,1683499963040726d,215
1683499963042690,1683499963042920d,230
1683499963051469,1683499963051662d,193
1683499963053741,1683499963053903d,162
1683499963056029,1683499963056185d,156
1683499963058052,1683499963058229d,177
1683499963060195,1683499963060386d,191
1683499963068513,1683499963068660d,147
1683499963070614,1683499963070834d,220
1683499963080133,1683499963080388d,255
1683499963082504,1683499963082771d,267
1683499963084769,1683499963084922d,153
1683499963086872,1683499963087072d,200
1683499963094950,1683499963094958d,8
1683499963097374,1683499963097465d,91
1683499963099500,1683499963099691d,191
1683499963101623,1683499963101824d,201
1683499963114316,1683499963114327d,11
1683499963116555,1683499963116685d,130
1683499963122864,1683499963122944d,80
1683499963125187,1683499963125313d,126
1683499963127264,1683499963127401d,137
1683499963129361,1683499963129522d,161
1683499963134747,1683499963134943d,196
1683499963137197,1683499963137356d,159
1683499963139340,1683499963139476d,136
1683499963141400,1683499963141594d,194
1683499963143486,1683499963143647d,161
1683499963145586,1683499963145745d,159
1683499963147697,1683499963147850d,153
1683499963150322,1683499963150486d,164
1683499963152505,1683499963152678d,173
1683499963154804,1683499963154964d,160
1683499963156862,1683499963157048d,186
1683499963159176,1683499963159361d,185
1683499963167493,1683499963167693d,200
1683499963176020,1683499963176374d,354
1683499963184081,1683499963184298d,217
1683499963186302,1683499963186436d,134
1683499963188293,1683499963188471d,178
1683499963190676,1683499963190715d,39
1683499963192606,1683499963192829d,223
1683499963194911,1683499963195089d,178
1683499963197166,1683499963197324d,158
1683499963199370,1683499963199529d,159
1683499963201405,1683499963201614d,209
1683499963207476,1683499963207643d,167
1683499963209523,1683499963209668d,145
1683499963211657,1683499963211831d,174
1683499963213804,1683499963213991d,187
1683499963216100,1683499963216275d,175
1683499963218156,1683499963218306d,150
1683499963220247,1683499963220409d,162
1683499963222312,1683499963222491d,179
1683499963224505,1683499963224684d,179
1683499963226679,1683499963226874d,195
1683499963239014,1683499963239022d,8
1683499963241113,1683499963241324d,211
1683499963243249,1683499963243463d,214
1683499963252450,1683499963252650d,200
1683499963254615,1683499963254829d,214
1683499963256810,1683499963257078d,268
1683499963259038,1683499963259213d,175
1683499963261146,1683499963261289d,143
1683499963263232,1683499963263409d,177
1683499963265316,1683499963265512d,196
1683499963267556,1683499963267733d,177
1683499963269584,1683499963269731d,147
1683499963271761,1683499963271935d,174
1683499963274019,1683499963274189d,170
1683499963276174,1683499963276329d,155
1683499963278212,1683499963278390d,178
1683499963280437,1683499963280596d,159
1683499963282592,1683499963282795d,203
1683499963284764,1683499963284966d,202
1683499963287244,1683499963287417d,173
1683499963289439,1683499963289640d,201
1683499963298721,1683499963298983d,262
1683499963301053,1683499963301235d,182
1683499963303166,1683499963303283d,117
1683499963305244,1683499963305448d,204
1683499963307369,1683499963307515d,146
1683499963309552,1683499963309754d,202
1683499963311707,1683499963311903d,196
1683499963320059,1683499963320349d,290
1683499963322565,1683499963322672d,107
1683499963324743,1683499963324890d,147
1683499963326827,1683499963326984d,157
1683499963329159,1683499963329333d,174
1683499963331309,1683499963331468d,159
1683499963333602,1683499963333816d,214
1683499963340058,1683499963340240d,182
1683499963348765,1683499963348919d,154
1683499963350774,1683499963351001d,227
1683499963353055,1683499963353192d,137
1683499963360694,1683499963360919d,225
1683499963368637,1683499963368871d,234
1683499963370759,1683499963370954d,195
1683499963372968,1683499963373161d,193
1683499963375062,1683499963375202d,140
1683499963377189,1683499963377376d,187
1683499963379390,1683499963379575d,185
1683499963381553,1683499963381740d,187
1683499963383645,1683499963383919d,274
1683499963385918,1683499963386144d,226
1683499963388108,1683499963388284d,176
1683499963390330,1683499963390514d,184
1683499963392475,1683499963392664d,189
1683499963402327,1683499963402338d,11
1683499963405120,1683499963405279d,159
1683499963407237,1683499963407410d,173
1683499963409392,1683499963409517d,125
1683499963411542,1683499963411701d,159
1683499963413753,1683499963413959d,206
1683499963415994,1683499963416139d,145
1683499963424012,1683499963424357d,345
1683499963426629,1683499963426726d,97
1683499963434871,1683499963435215d,344
1683499963437580,1683499963437590d,10
1683499963444466,1683499963444633d,167
1683499963446646,1683499963446813d,167
1683499963448691,1683499963448859d,168
1683499963450990,1683499963451274d,284
1683499963453300,1683499963453499d,199
1683499963455544,1683499963455745d,201
1683499963457623,1683499963457811d,188
1683499963459849,1683499963460038d,189
1683499963466767,1683499963466920d,153
1683499963469063,1683499963469173d,110
1683499963471753,1683499963471948d,195
1683499963474194,1683499963474314d,120
1683499963476312,1683499963476458d,146
1683499963478462,1683499963478630d,168
1683499963480570,1683499963480732d,162
1683499963482683,1683499963482860d,177
1683499963484738,1683499963484873d,135
1683499963486828,1683499963486986d,158
1683499963488920,1683499963489081d,161
1683499963495564,1683499963495762d,198
1683499963510370,1683499963510381d,11
1683499963519597,1683499963519761d,164
1683499963521739,1683499963521943d,204
1683499963528717,1683499963528901d,184
1683499963535454,1683499963535685d,231
1683499963537832,1683499963538020d,188
1683499963544522,1683499963544722d,200
1683499963552128,1683499963552320d,192
1683499963554436,1683499963554542d,106
1683499963556639,1683499963556749d,110
1683499963558730,1683499963558908d,178
1683499963561097,1683499963561259d,162
1683499963563325,1683499963563461d,136
1683499963569373,1683499963569411d,38
1683499963575581,1683499963575700d,119
1683499963577833,1683499963577954d,121
1683499963579989,1683499963580104d,115
1683499963582239,1683499963582437d,198
1683499963588032,1683499963588212d,180
1683499963590331,1683499963590474d,143
1683499963599506,1683499963599733d,227
1683499963601894,1683499963602058d,164
1683499963604183,1683499963604361d,178
1683499963606413,1683499963606526d,113
1683499963608538,1683499963608706d,168
1683499963610724,1683499963610870d,146
1683499963612883,1683499963613090d,207
1683499963615166,1683499963615308d,142
1683499963624168,1683499963624298d,130
1683499963632077,1683499963632381d,304
1683499963639527,1683499963639674d,147
1683499963642006,1683499963642092d,86
1683499963644136,1683499963644293d,157
1683499963647253,1683499963647827d,574
1683499963649867,1683499963650031d,164
1683499963656216,1683499963656373d,157
1683499963658601,1683499963658729d,128
1683499963660971,1683499963661188d,217
1683499963666970,1683499963666976d,6
1683499963669233,1683499963669459d,226
1683499963674579,1683499963674912d,333
1683499963677040,1683499963677291d,251
1683499963682968,1683499963682975d,7
1683499963685324,1683499963685546d,222
1683499963692497,1683499963692755d,258
1683499963694813,1683499963695002d,189
1683499963700714,1683499963700878d,164
1683499963708266,1683499963708372d,106
1683499963715456,1683499963715587d,131
1683499963717843,1683499963717932d,89
1683499963720210,1683499963720356d,146
1683499963722409,1683499963722595d,186
1683499963724502,1683499963724649d,147
1683499963726587,1683499963726795d,208
1683499963734952,1683499963734959d,7
1683499963737127,1683499963737286d,159
1683499963739403,1683499963739500d,97
1683499963748117,1683499963748316d,199
1683499963755008,1683499963755015d,7
1683499963757298,1683499963757440d,142
1683499963768550,1683499963768812d,262
1683499963770853,1683499963770967d,114
1683499963774324,1683499963774523d,199
1683499963776656,1683499963776779d,123
1683499963778710,1683499963778881d,171
1683499963784460,1683499963784679d,219
1683499963786666,1683499963786919d,253
1683499963789009,1683499963789213d,204
1683499963796428,1683499963796586d,158
1683499963798631,1683499963798753d,122
1683499963800751,1683499963800873d,122
1683499963802847,1683499963803028d,181
1683499963811488,1683499963811638d,150
1683499963813772,1683499963813947d,175
1683499963815959,1683499963816105d,146
1683499963822772,1683499963822942d,170
1683499963824900,1683499963825036d,136
1683499963827258,1683499963827355d,97
1683499963829333,1683499963829541d,208
1683499963831586,1683499963831756d,170
1683499963833679,1683499963833839d,160
1683499963835773,1683499963835955d,182
1683499963850792,1683499963851026d,234
1683499963853052,1683499963853247d,195
1683499963855171,1683499963855320d,149
1683499963860493,1683499963860635d,142
1683499963862609,1683499963862760d,151
1683499963864817,1683499963865042d,225
1683499963867004,1683499963867140d,136
1683499963869083,1683499963869284d,201
1683499963871236,1683499963871405d,169
1683499963873389,1683499963873626d,237
1683499963875566,1683499963875740d,174
1683499963877769,1683499963877951d,182
1683499963879929,1683499963880140d,211
1683499963888059,1683499963888292d,233
1683499963890500,1683499963890649d,149
1683499963892757,1683499963892898d,141
1683499963894835,1683499963895079d,244
1683499963897100,1683499963897281d,181
1683499963899278,1683499963899462d,184
1683499963901419,1683499963901626d,207
1683499963903600,1683499963903765d,165
1683499963905731,1683499963905937d,206
1683499963907818,1683499963908021d,203
1683499963916621,1683499963916812d,191
1683499963924546,1683499963924685d,139
1683499963931555,1683499963931771d,216
1683499963933794,1683499963933877d,83
1683499963935897,1683499963936066d,169
1683499963943506,1683499963943711d,205
1683499963945814,1683499963945948d,134
1683499963952497,1683499963952689d,192
1683499963960511,1683499963960678d,167
1683499963962822,1683499963962984d,162
1683499963971548,1683499963971656d,108
1683499963973720,1683499963973866d,146
1683499963979481,1683499963979608d,127
1683499963988188,1683499963988442d,254
1683499963990466,1683499963990603d,137
1683499963992633,1683499963992753d,120
1683499963994746,1683499963994961d,215
1683499964003446,1683499964003771d,325
1683499964005992,1683499964006203d,211
1683499964008240,1683499964008442d,202
1683499964010438,1683499964010632d,194
1683499964016454,1683499964016650d,196
1683499964024994,1683499964025224d,230
1683499964027262,1683499964027419d,157
1683499964029450,1683499964029651d,201
1683499964031782,1683499964032066d,284
1683499964040282,1683499964040477d,195
1683499964042607,1683499964042778d,171
1683499964044887,1683499964045090d,203
1683499964047063,1683499964047241d,178
1683499964049250,1683499964049489d,239
1683499964051458,1683499964051591d,133
1683499964060557,1683499964060725d,168
1683499964062713,1683499964062833d,120
1683499964064876,1683499964065010d,134
1683499964067008,1683499964067137d,129
1683499964069179,1683499964069344d,165
1683499964071339,1683499964071423d,84
1683499964073653,1683499964073745d,92
1683499964075713,1683499964075866d,153
1683499964078068,1683499964078221d,153
1683499964080129,1683499964080298d,169
1683499964086271,1683499964086283d,12
1683499964088373,1683499964088529d,156
1683499964090744,1683499964090927d,183
1683499964092833,1683499964093034d,201
1683499964095064,1683499964095255d,191
1683499964097205,1683499964097348d,143
1683499964106253,1683499964106265d,12
1683499964108248,1683499964108653d,405
1683499964110673,1683499964110861d,188
1683499964113646,1683499964113836d,190
1683499964115876,1683499964116023d,147
1683499964118019,1683499964118248d,229
1683499964127562,1683499964127745d,183
1683499964129795,1683499964129994d,199
1683499964135551,1683499964135703d,152
1683499964137730,1683499964137875d,145
1683499964139854,1683499964140084d,230
1683499964146962,1683499964146969d,7
1683499964149237,1683499964149449d,212
1683499964151485,1683499964151615d,130
1683499964153677,1683499964153899d,222
1683499964155760,1683499964155938d,178
1683499964158009,1683499964158227d,218
1683499964160098,1683499964160285d,187
1683499964162321,1683499964162508d,187
1683499964164722,1683499964164875d,153
1683499964167085,1683499964167295d,210
1683499964169330,1683499964169453d,123
1683499964171582,1683499964171740d,158
1683499964179512,1683499964179699d,187
1683499964186349,1683499964186361d,12
1683499964188435,1683499964188614d,179
1683499964190632,1683499964190812d,180
1683499964196305,1683499964196462d,157
1683499964198447,1683499964198605d,158
1683499964200668,1683499964200835d,167
1683499964208035,1683499964208248d,213
1683499964216492,1683499964216656d,164
1683499964218794,1683499964218994d,200
1683499964221084,1683499964221298d,214
1683499964223452,1683499964223694d,242
1683499964225712,1683499964225906d,194
1683499964228040,1683499964228200d,160
1683499964230167,1683499964230404d,237
1683499964232523,1683499964232614d,91
1683499964234707,1683499964234878d,171
1683499964240718,1683499964240826d,108
1683499964242812,1683499964243005d,193
1683499964245271,1683499964245433d,162
1683499964247446,1683499964247614d,168
1683499964254277,1683499964254288d,11
1683499964256362,1683499964256532d,170
1683499964258582,1683499964258756d,174
1683499964267986,1683499964268214d,228
1683499964270576,1683499964270759d,183
1683499964272842,1683499964273091d,249
1683499964275169,1683499964275328d,159
1683499964277439,1683499964277576d,137
1683499964279624,1683499964279782d,158
1683499964281795,1683499964282010d,215
1683499964284231,1683499964284420d,189
1683499964286443,1683499964286621d,178
1683499964288718,1683499964288899d,181
1683499964290923,1683499964291057d,134
1683499964293331,1683499964293459d,128
1683499964295511,1683499964295632d,121
1683499964297702,1683499964297834d,132
1683499964299861,1683499964299988d,127
1683499964308175,1683499964308324d,149
1683499964310337,1683499964310540d,203
1683499964319499,1683499964319858d,359
1683499964321904,1683499964322102d,198
1683499964324103,1683499964324325d,222
1683499964333158,1683499964333403d,245
1683499964335535,1683499964335718d,183
1683499964346963,1683499964346972d,9
1683499964349188,1683499964349384d,196
1683499964351343,1683499964351527d,184
1683499964353501,1683499964353733d,232
1683499964355633,1683499964355940d,307
1683499964358027,1683499964358239d,212
1683499964360207,1683499964360354d,147
1683499964362446,1683499964362629d,183
1683499964364758,1683499964364934d,176
1683499964367274,1683499964367421d,147
1683499964369438,1683499964369641d,203
1683499964371755,1683499964371903d,148
1683499964373821,1683499964374050d,229
1683499964376118,1683499964376298d,180
1683499964378244,1683499964378475d,231
1683499964380536,1683499964380745d,209
1683499964382773,1683499964382990d,217
1683499964385011,1683499964385276d,265
1683499964392590,1683499964392881d,291
1683499964395013,1683499964395225d,212
1683499964397190,1683499964397412d,222
1683499964399607,1683499964399809d,202
1683499964407498,1683499964407698d,200
1683499964409729,1683499964409999d,270
1683499964412031,1683499964412273d,242
1683499964414333,1683499964414542d,209
1683499964416651,1683499964416888d,237
1683499964418953,1683499964419142d,189
1683499964421140,1683499964421355d,215
1683499964423643,1683499964423818d,175
1683499964425877,1683499964426078d,201
1683499964428216,1683499964428369d,153
1683499964430419,1683499964431963d,1544
1683499964434179,1683499964434321d,142
1683499964440667,1683499964440852d,185
1683499964443006,1683499964443139d,133
1683499964445199,1683499964445353d,154
1683499964447541,1683499964447726d,185
1683499964449760,1683499964450007d,247
1683499964452118,1683499964452279d,161
1683499964454542,1683499964454700d,158
1683499964460594,1683499964460752d,158
1683499964462840,1683499964463053d,213
1683499964465231,1683499964465351d,120
1683499964467317,1683499964467532d,215
1683499964469686,1683499964469846d,160
1683499964476554,1683499964476672d,118
1683499964478744,1683499964478870d,126
1683499964480949,1683499964481046d,97
1683499964483043,1683499964483310d,267
1683499964485412,1683499964485532d,120
1683499964487576,1683499964487730d,154
1683499964489723,1683499964489867d,144
1683499964491923,1683499964492094d,171
1683499964494082,1683499964494179d,97
1683499964496314,1683499964496480d,166
1683499964498431,1683499964498589d,158
1683499964500543,1683499964500769d,226
1683499964502747,1683499964502921d,174
1683499964505062,1683499964505222d,160
1683499964511443,1683499964511651d,208
1683499964513734,1683499964513950d,216
1683499964515902,1683499964516048d,146
1683499964518141,1683499964518281d,140
1683499964523980,1683499964524209d,229
1683499964526244,1683499964526445d,201
1683499964528388,1683499964528589d,201
1683499964536481,1683499964536637d,156
1683499964538534,1683499964538723d,189
1683499964540803,1683499964540947d,144
1683499964542876,1683499964543007d,131
1683499964545063,1683499964545254d,191
1683499964547328,1683499964547457d,129
1683499964549518,1683499964549695d,177
1683499964551777,1683499964551927d,150
1683499964554017,1683499964554175d,158
1683499964560670,1683499964560778d,108
1683499964567009,1683499964567016d,7
1683499964569173,1683499964569311d,138
1683499964571322,1683499964571467d,145
1683499964573474,1683499964573652d,178
1683499964575758,1683499964575890d,132
1683499964577831,1683499964577971d,140
1683499964580084,1683499964580249d,165
1683499964582205,1683499964582278d,73
1683499964584249,1683499964584397d,148
1683499964592465,1683499964592660d,195
1683499964594693,1683499964594941d,248
1683499964596962,1683499964597061d,99
1683499964599074,1683499964599243d,169
1683499964601126,1683499964601284d,158
1683499964603422,1683499964603561d,139
1683499964610992,1683499964611002d,10
1683499964613021,1683499964613190d,169
1683499964620402,1683499964620547d,145
1683499964622606,1683499964622779d,173
1683499964624681,1683499964624873d,192
1683499964626838,1683499964627034d,196
1683499964629016,1683499964629271d,255
1683499964638338,1683499964638349d,11
1683499964640474,1683499964640612d,138
1683499964642642,1683499964642783d,141
1683499964651469,1683499964651639d,170
1683499964653677,1683499964653823d,146
1683499964655900,1683499964656026d,126
1683499964658010,1683499964658246d,236
1683499964666327,1683499964666338d,11
1683499964668555,1683499964668708d,153
1683499964670787,1683499964670947d,160
1683499964673077,1683499964673214d,137
1683499964680481,1683499964680673d,192
1683499964688671,1683499964688784d,113
1683499964691694,1683499964691889d,195
1683499964694089,1683499964694311d,222
1683499964700367,1683499964700575d,208
1683499964702824,1683499964702988d,164
1683499964705035,1683499964705212d,177
1683499964712650,1683499964712857d,207
1683499964714908,1683499964715061d,153
1683499964717131,1683499964717286d,155
1683499964719263,1683499964719395d,132
1683499964721418,1683499964721607d,189
1683499964723492,1683499964723689d,197
1683499964730962,1683499964730969d,7
1683499964733068,1683499964733269d,201
1683499964735361,1683499964735543d,182
1683499964742774,1683499964743026d,252
1683499964745183,1683499964745374d,191
1683499964747487,1683499964747692d,205
1683499964749702,1683499964749890d,188
1683499964751873,1683499964752103d,230
1683499964758766,1683499964759072d,306
1683499964761282,1683499964761383d,101
1683499964763489,1683499964763664d,175
1683499964765714,1683499964765878d,164
1683499964772462,1683499964772615d,153
1683499964774636,1683499964774809d,173
1683499964776803,1683499964776972d,169
1683499964779074,1683499964779265d,191
1683499964786363,1683499964786374d,11
1683499964788568,1683499964788792d,224
1683499964790834,1683499964791041d,207
1683499964792994,1683499964793181d,187
1683499964795220,1683499964795378d,158
1683499964797315,1683499964797470d,155
1683499964799618,1683499964799773d,155
1683499964807533,1683499964807763d,230
1683499964810071,1683499964810255d,184
1683499964812242,1683499964812420d,178
1683499964818963,1683499964818970d,7
1683499964821048,1683499964821270d,222
1683499964823576,1683499964823706d,130
1683499964832505,1683499964832735d,230
1683499964839560,1683499964839888d,328
1683499964842024,1683499964842213d,189
1683499964844275,1683499964844521d,246
1683499964851977,1683499964852309d,332
1683499964854440,1683499964854585d,145
1683499964856623,1683499964856823d,200
1683499964863520,1683499964863758d,238
1683499964865899,1683499964866114d,215
1683499964868280,1683499964868481d,201
1683499964876112,1683499964876300d,188
1683499964878558,1683499964878748d,190
1683499964880742,1683499964880868d,126
1683499964887504,1683499964887772d,268
1683499964889824,1683499964890071d,247
1683499964892304,1683499964892500d,196
1683499964900159,1683499964900258d,99
1683499964902527,1683499964902630d,103
1683499964904742,1683499964904918d,176
1683499964907234,1683499964907241d,7
1683499964909312,1683499964909479d,167
1683499964911709,1683499964911906d,197
1683499964913973,1683499964914133d,160
1683499964920593,1683499964920822d,229
1683499964922914,1683499964923040d,126
1683499964930273,1683499964930288d,15
1683499964932487,1683499964932625d,138
1683499964941211,1683499964941397d,186
1683499964950300,1683499964950311d,11
1683499964952627,1683499964952782d,155
1683499964954828,1683499964954993d,165
1683499964957117,1683499964957352d,235
1683499964964564,1683499964964723d,159
1683499964978800,1683499964979014d,214
1683499964981164,1683499964981340d,176
1683499964983652,1683499964983808d,156
1683499964985881,1683499964986039d,158
1683499964988095,1683499964988245d,150
1683499964995563,1683499964995824d,261
1683499964998042,1683499964998172d,130
1683499965000358,1683499965000562d,204
1683499965002765,1683499965002919d,154
1683499965005075,1683499965005251d,176
1683499965014301,1683499965014312d,11
1683499965016502,1683499965016635d,133
1683499965024705,1683499965025028d,323
1683499965027150,1683499965027259d,109
1683499965029391,1683499965029587d,196
1683499965036225,1683499965036342d,117
1683499965038455,1683499965038653d,198
1683499965040655,1683499965040822d,167
1683499965042878,1683499965043084d,206
1683499965045074,1683499965045372d,298
1683499965051966,1683499965052302d,336
1683499965054401,1683499965054556d,155
1683499965056640,1683499965056815d,175
1683499965058803,1683499965059016d,213
1683499965064485,1683499965064683d,198
1683499965066602,1683499965066832d,230
1683499965068890,1683499965069100d,210
1683499965071130,1683499965071288d,158
1683499965073524,1683499965073723d,199
1683499965075714,1683499965075932d,218
1683499965082317,1683499965082328d,11
1683499965084297,1683499965084521d,224
1683499965086556,1683499965086706d,150
1683499965088801,1683499965088948d,147
1683499965091016,1683499965091197d,181
1683499965093195,1683499965093377d,182
1683499965095467,1683499965095726d,259
1683499965103977,1683499965104353d,376
1683499965111989,1683499965112311d,322
1683499965114579,1683499965114724d,145
1683499965117021,1683499965117191d,170
1683499965119211,1683499965119351d,140
1683499965121348,1683499965121533d,185
1683499965123425,1683499965123640d,215
1683499965125756,1683499965125917d,161
1683499965131949,1683499965132328d,379
1683499965139620,1683499965139878d,258
1683499965142045,1683499965142237d,192
1683499965144216,1683499965144428d,212
1683499965146347,1683499965146567d,220
1683499965148666,1683499965148882d,216
1683499965150907,1683499965151076d,169
1683499965153297,1683499965153458d,161
1683499965164041,1683499965164293d,252
1683499965166489,1683499965166656d,167
1683499965168517,1683499965168756d,239
1683499965177172,1683499965177422d,250
1683499965179344,1683499965179461d,117
1683499965181408,1683499965181614d,206
1683499965183564,1683499965183771d,207
1683499965192465,1683499965192639d,174
1683499965194527,1683499965194754d,227
1683499965196827,1683499965197016d,189
1683499965198956,1683499965199162d,206
1683499965201155,1683499965201350d,195
1683499965208390,1683499965208597d,207
1683499965210542,1683499965210687d,145
1683499965216460,1683499965216613d,153
1683499965224446,1683499965224632d,186
1683499965232535,1683499965232720d,185
1683499965234696,1683499965234923d,227
1683499965236813,1683499965237023d,210
1683499965239009,1683499965239155d,146
1683499965247414,1683499965247701d,287
1683499965249840,1683499965250014d,174
1683499965255553,1683499965255811d,258
1683499965257910,1683499965258055d,145
1683499965263424,1683499965263581d,157
1683499965265680,1683499965265866d,186
1683499965267920,1683499965268050d,130
1683499965274811,1683499965275125d,314
1683499965277163,1683499965277339d,176
1683499965279317,1683499965279535d,218
1683499965281504,1683499965281618d,114
1683499965283610,1683499965283759d,149
1683499965285669,1683499965285828d,159
1683499965287795,1683499965287942d,147
1683499965289871,1683499965290132d,261
1683499965292060,1683499965292252d,192
1683499965294360,1683499965294578d,218
1683499965296606,1683499965296749d,143
1683499965303476,1683499965303671d,195
1683499965305644,1683499965305839d,195
1683499965307779,1683499965307955d,176
1683499965309974,1683499965310144d,170
1683499965316090,1683499965316311d,221
1683499965318398,1683499965318591d,193
1683499965327006,1683499965327014d,8
1683499965329241,1683499965329447d,206
1683499965331420,1683499965331611d,191
1683499965333674,1683499965333863d,189
1683499965342787,1683499965343037d,250
1683499965345094,1683499965345233d,139
1683499965347185,1683499965347383d,198
1683499965349547,1683499965349745d,198
1683499965351712,1683499965351854d,142
1683499965353821,1683499965354005d,184
1683499965355926,1683499965356100d,174
1683499965358221,1683499965358421d,200
1683499965360411,1683499965360615d,204
1683499965362624,1683499965362809d,185
1683499965364899,1683499965365129d,230
1683499965367298,1683499965367418d,120
1683499965369404,1683499965369604d,200
1683499965371659,1683499965371792d,133
1683499965373795,1683499965373977d,182
1683499965375953,1683499965376164d,211
1683499965378256,1683499965378425d,169
1683499965384588,1683499965384749d,161
1683499965386778,1683499965386874d,96
1683499965388955,1683499965389096d,141
1683499965391031,1683499965391220d,189
1683499965393227,1683499965393417d,190
1683499965395360,1683499965395576d,216
1683499965398177,1683499965398332d,155
1683499965406953,1683499965406960d,7
1683499965409355,1683499965409500d,145
1683499965416070,1683499965416260d,190
1683499965418369,1683499965418600d,231
1683499965420769,1683499965420957d,188
1683499965423086,1683499965423230d,144
1683499965432101,1683499965432361d,260
1683499965440731,1683499965440992d,261
1683499965442987,1683499965443150d,163
1683499965448546,1683499965448721d,175
1683499965450772,1683499965450967d,195
1683499965453039,1683499965453193d,154
1683499965458953,1683499965458960d,7
1683499965461178,1683499965461311d,133
1683499965463408,1683499965463679d,271
1683499965465800,1683499965466021d,221
1683499965468011,1683499965468233d,222
1683499965470300,1683499965470535d,235
1683499965472514,1683499965472748d,234
1683499965475068,1683499965475319d,251
1683499965477337,1683499965477585d,248
1683499965479624,1683499965479806d,182
1683499965481798,1683499965482020d,222
1683499965484005,1683499965484214d,209
1683499965486157,1683499965486394d,237
1683499965488527,1683499965488741d,214
1683499965490699,1683499965490948d,249
1683499965492977,1683499965493180d,203
1683499965495131,1683499965495292d,161
1683499965502342,1683499965502353d,11
1683499965504444,1683499965504599d,155
1683499965506747,1683499965506938d,191
1683499965508921,1683499965509103d,182
1683499965511161,1683499965511301d,140
1683499965513313,1683499965513467d,154
1683499965515394,1683499965515637d,243
1683499965517775,1683499965517929d,154
1683499965520012,1683499965520188d,176
1683499965522034,1683499965522323d,289
1683499965524388,1683499965524543d,155
1683499965526527,1683499965526703d,176
1683499965528815,1683499965528995d,180
1683499965530964,1683499965531119d,155
1683499965536536,1683499965536747d,211
1683499965538708,1683499965538924d,216
1683499965540972,1683499965541150d,178
1683499965543151,1683499965543307d,156
1683499965545408,1683499965545600d,192
1683499965547522,1683499965547700d,178
1683499965549776,1683499965549949d,173
1683499965551855,1683499965552046d,191
1683499965559562,1683499965559762d,200
1683499965561850,1683499965562043d,193
1683499965564075,1683499965564239d,164
1683499965566201,1683499965566520d,319
1683499965574339,1683499965574351d,12
1683499965576356,1683499965576574d,218
1683499965578712,1683499965578960d,248
1683499965580883,1683499965581072d,189
1683499965583111,1683499965583312d,201
1683499965585251,1683499965585430d,179
1683499965587636,1683499965587782d,146
1683499965589766,1683499965589914d,148
1683499965592001,1683499965592193d,192
1683499965594284,1683499965594448d,164
1683499965596578,1683499965596775d,197
1683499965598706,1683499965598947d,241
1683499965608058,1683499965608267d,209
1683499965610259,1683499965610436d,177
1683499965612579,1683499965612732d,153
1683499965614702,1683499965614806d,104
1683499965616879,1683499965616991d,112
1683499965618986,1683499965619210d,224
1683499965626777,1683499965627065d,288
1683499965628995,1683499965629172d,177
1683499965636122,1683499965636303d,181
1683499965638303,1683499965638451d,148
1683499965644134,1683499965644352d,218
1683499965646339,1683499965646472d,133
1683499965648462,1683499965648641d,179
1683499965650547,1683499965650741d,194
1683499965652837,1683499965652963d,126
1683499965654852,1683499965655043d,191
1683499965657180,1683499965657360d,180
1683499965662757,1683499965662909d,152
1683499965665187,1683499965665285d,98
1683499965672107,1683499965672266d,159
1683499965674537,1683499965674770d,233
1683499965676775,1683499965676995d,220
1683499965679061,1683499965679228d,167
1683499965681207,1683499965681374d,167
1683499965683394,1683499965683555d,161
1683499965685508,1683499965685750d,242
1683499965687845,1683499965688007d,162
1683499965696449,1683499965696649d,200
1683499965698744,1683499965698866d,122
1683499965707459,1683499965707693d,234
1683499965709807,1683499965709983d,176
1683499965716081,1683499965716317d,236
1683499965718563,1683499965718714d,151
1683499965720807,1683499965720971d,164
1683499965723042,1683499965723206d,164
1683499965725088,1683499965725279d,191
1683499965727280,1683499965727459d,179
1683499965729449,1683499965729698d,249
1683499965731810,1683499965731933d,123
1683499965733901,1683499965734123d,222
1683499965736191,1683499965736429d,238
1683499965738364,1683499965738543d,179
1683499965740566,1683499965740776d,210
1683499965748080,1683499965748330d,250
1683499965750320,1683499965750518d,198
1683499965752470,1683499965752656d,186
1683499965754623,1683499965754811d,188
1683499965756619,1683499965756813d,194
1683499965762769,1683499965762952d,183
1683499965764925,1683499965765086d,161
1683499965767024,1683499965767226d,202
1683499965775626,1683499965775699d,73
1683499965777814,1683499965777962d,148
1683499965779951,1683499965780142d,191
1683499965786763,1683499965786949d,186
1683499965789059,1683499965789171d,112
1683499965791171,1683499965791390d,219
1683499965793334,1683499965793493d,159
1683499965795537,1683499965795765d,228
1683499965797572,1683499965797815d,243
1683499965799724,1683499965799942d,218
1683499965801865,1683499965802139d,274
1683499965804063,1683499965804354d,291
1683499965810795,1683499965810970d,175
1683499965818317,1683499965818328d,11
1683499965820343,1683499965820567d,224
1683499965822524,1683499965822691d,167
1683499965824610,1683499965824804d,194
1683499965826842,1683499965827056d,214
1683499965828916,1683499965829092d,176
1683499965831049,1683499965831202d,153
1683499965833037,1683499965833270d,233
1683499965838755,1683499965838958d,203
1683499965840972,1683499965841152d,180
1683499965846965,1683499965846972d,7
1683499965849192,1683499965849334d,142
1683499965851458,1683499965851618d,160
1683499965853621,1683499965853738d,117
1683499965855670,1683499965855888d,218
1683499965864119,1683499965864267d,148
1683499965866374,1683499965866577d,203
1683499965868429,1683499965868646d,217
1683499965870678,1683499965870829d,151
1683499965872762,1683499965872905d,143
1683499965874843,1683499965875023d,180
1683499965876952,1683499965877191d,239
1683499965883559,1683499965883714d,155
1683499965885686,1683499965885863d,177
1683499965892650,1683499965892812d,162
1683499965894786,1683499965894934d,148
1683499965902307,1683499965902319d,12
1683499965904409,1683499965904565d,156
1683499965906811,1683499965906939d,128
1683499965909045,1683499965909254d,209
1683499965911312,1683499965911455d,143
1683499965913380,1683499965913604d,224
1683499965915908,1683499965915918d,10
1683499965917854,1683499965918016d,162
1683499965919994,1683499965920210d,216
1683499965922260,1683499965922396d,136
1683499965924422,1683499965924620d,198
1683499965926695,1683499965926805d,110
1683499965934979,1683499965934989d,10
1683499965937143,1683499965937319d,176
1683499965944619,1683499965944878d,259
1683499965946875,1683499965947078d,203
1683499965949063,1683499965949247d,184
1683499965951256,1683499965951420d,164
1683499965953387,1683499965953583d,196
1683499965955463,1683499965955624d,161
1683499965957648,1683499965957838d,190
1683499965965089,1683499965965255d,166
1683499965967284,1683499965967466d,182
1683499965969490,1683499965969706d,216
1683499965971709,1683499965971861d,152
1683499965973875,1683499965974034d,159
1683499965975994,1683499965976213d,219
1683499965978233,1683499965978360d,127
1683499965980413,1683499965980587d,174
1683499965982526,1683499965982677d,151
1683499965984637,1683499965984842d,205
1683499965994312,1683499965994323d,11
1683499965996596,1683499965996843d,247
1683499965998863,1683499965998999d,136
1683499966001083,1683499966001224d,141
1683499966008083,1683499966008298d,215
1683499966010444,1683499966010646d,202
1683499966012569,1683499966012728d,159
1683499966014861,1683499966014954d,93
1683499966023620,1683499966023798d,178
1683499966032223,1683499966032365d,142
1683499966038781,1683499966038945d,164
1683499966041139,1683499966041386d,247
1683499966043352,1683499966043564d,212
1683499966045489,1683499966045699d,210
1683499966052542,1683499966052715d,173
1683499966054703,1683499966054858d,155
1683499966056759,1683499966056963d,204
1683499966058988,1683499966059268d,280
1683499966061178,1683499966061375d,197
1683499966068491,1683499966068676d,185
1683499966074724,1683499966074919d,195
1683499966076981,1683499966077125d,144
1683499966079096,1683499966079296d,200
1683499966081271,1683499966081447d,176
1683499966088704,1683499966088997d,293
1683499966090954,1683499966091154d,200
1683499966096404,1683499966096563d,159
1683499966098505,1683499966098692d,187
1683499966107498,1683499966107674d,176
1683499966109691,1683499966109867d,176
1683499966111944,1683499966112130d,186
1683499966119523,1683499966119711d,188
1683499966121678,1683499966121913d,235
1683499966123876,1683499966124048d,172
1683499966125963,1683499966126100d,137
1683499966128084,1683499966128257d,173
1683499966130178,1683499966130321d,143
1683499966138876,1683499966139072d,196
1683499966141076,1683499966141314d,238
1683499966143417,1683499966143597d,180
1683499966145497,1683499966145687d,190
1683499966152530,1683499966152728d,198
1683499966154758,1683499966154949d,191
1683499966158275,1683499966158471d,196
1683499966160373,1683499966160571d,198
1683499966162705,1683499966162855d,150
1683499966164754,1683499966164931d,177
1683499966171993,1683499966172325d,332
1683499966174574,1683499966174729d,155
1683499966176773,1683499966176990d,217
1683499966178953,1683499966179133d,180
1683499966181149,1683499966181315d,166
1683499966188510,1683499966188836d,326
1683499966190889,1683499966191079d,190
1683499966193129,1683499966193323d,194
1683499966195478,1683499966195640d,162
1683499966198096,1683499966198294d,198
1683499966200304,1683499966200500d,196
1683499966202537,1683499966202687d,150
1683499966204872,1683499966204981d,109
1683499966206912,1683499966207062d,150
1683499966209046,1683499966209260d,214
1683499966211253,1683499966211402d,149
1683499966213456,1683499966213650d,194
1683499966215656,1683499966215838d,182
1683499966218030,1683499966218190d,160
1683499966220110,1683499966220300d,190
1683499966222247,1683499966222479d,232
1683499966224443,1683499966224671d,228
1683499966226727,1683499966226872d,145
1683499966228918,1683499966229045d,127
1683499966231048,1683499966231254d,206
1683499966233201,1683499966233426d,225
1683499966235422,1683499966235626d,204
1683499966237677,1683499966237835d,158
1683499966239976,1683499966240142d,166
1683499966242240,1683499966242398d,158
1683499966244406,1683499966244560d,154
1683499966248164,1683499966248294d,130
1683499966256454,1683499966256648d,194
1683499966258573,1683499966258745d,172
1683499966260790,1683499966261056d,266
1683499966263159,1683499966263293d,134
1683499966265355,1683499966265559d,204
1683499966267432,1683499966267642d,210
1683499966271237,1683499966271434d,197
1683499966273366,1683499966273565d,199
1683499966279461,1683499966279625d,164
1683499966281843,1683499966281957d,114
1683499966284163,1683499966284324d,161
1683499966292018,1683499966292276d,258
1683499966298809,1683499966299012d,203
1683499966307522,1683499966307671d,149
1683499966309918,1683499966310101d,183
1683499966312060,1683499966312186d,126
1683499966314329,1683499966314414d,85
1683499966317838,1683499966317981d,143
1683499966319922,1683499966320110d,188
1683499966326966,1683499966326974d,8
1683499966329136,1683499966329270d,134
1683499966331355,1683499966331515d,160
1683499966333483,1683499966333636d,153
1683499966335691,1683499966335929d,238
1683499966344531,1683499966344724d,193
1683499966352031,1683499966352216d,185
1683499966354374,1683499966354508d,134
1683499966357953,1683499966358139d,186
1683499966360242,1683499966360361d,119
1683499966367478,1683499966367638d,160
1683499966369997,1683499966370161d,164
1683499966372099,1683499966372280d,181
1683499966374301,1683499966374496d,195
1683499966376572,1683499966376774d,202
1683499966378827,1683499966379039d,212
1683499966381016,1683499966381180d,164
1683499966383292,1683499966383485d,193
1683499966385449,1683499966385683d,234
1683499966387736,1683499966387908d,172
