1683499928087298,1683499928088053d,755
1683499928096367,1683499928096767d,400
1683499928103996,1683499928104080d,84
1683499928104449,1683499928104791d,342
1683499928105126,1683499928105503d,377
1683499928105805,1683499928106118d,313
1683499928106433,1683499928106718d,285
1683499928112971,1683499928113307d,336
1683499928113649,1683499928113942d,293
1683499928114312,1683499928114565d,253
1683499928114870,1683499928115200d,330
1683499928115554,1683499928115934d,380
1683499928116268,1683499928116598d,330
1683499928116936,1683499928117249d,313
1683499928117595,1683499928117902d,307
1683499928118285,1683499928118581d,296
1683499928118940,1683499928119175d,235
1683499928119503,1683499928119783d,280
1683499928120087,1683499928120393d,306
1683499928120741,1683499928121066d,325
1683499928121419,1683499928121673d,254
1683499928121985,1683499928122283d,298
1683499928122805,1683499928123115d,310
1683499928123434,1683499928123793d,359
1683499928124107,1683499928124421d,314
1683499928124757,1683499928125071d,314
1683499928125376,1683499928125682d,306
1683499928125979,1683499928126268d,289
1683499928126567,1683499928126893d,326
1683499928127189,1683499928127574d,385
1683499928127831,1683499928128144d,313
1683499928128468,1683499928128792d,324
1683499928129102,1683499928129387d,285
1683499928129702,1683499928130000d,298
1683499928130321,1683499928130635d,314
1683499928130948,1683499928131246d,298
1683499928131567,1683499928131872d,305
1683499928132192,1683499928132516d,324
1683499928132846,1683499928133143d,297
1683499928133478,1683499928133788d,310
1683499928134166,1683499928134374d,208
1683499928134700,1683499928135003d,303
1683499928135331,1683499928135634d,303
1683499928136217,1683499928136492d,275
1683499928136811,1683499928137110d,299
1683499928137436,1683499928137733d,297
1683499928138066,1683499928138362d,296
1683499928138726,1683499928139039d,313
1683499928139388,1683499928139778d,390
1683499928140004,1683499928140305d,301
1683499928140593,1683499928140874d,281
1683499928141179,1683499928141469d,290
1683499928141772,1683499928142210d,438
1683499928142393,1683499928142717d,324
1683499928143149,1683499928143438d,289
1683499928143739,1683499928144045d,306
1683499928144353,1683499928144644d,291
1683499928144958,1683499928145263d,305
1683499928145692,1683499928145987d,295
1683499928146310,1683499928146616d,306
1683499928146978,1683499928147263d,285
1683499928147574,1683499928147877d,303
1683499928148229,1683499928148530d,301
1683499928148879,1683499928149163d,284
1683499928149535,1683499928149758d,223
1683499928150048,1683499928150331d,283
1683499928150664,1683499928150943d,279
1683499928151353,1683499928151544d,191
1683499928151856,1683499928152159d,303
1683499928152488,1683499928152810d,322
1683499928153154,1683499928153399d,245
1683499928153726,1683499928154007d,281
1683499928160904,1683499928161247d,343
1683499928161577,1683499928161858d,281
1683499928162162,1683499928162482d,320
1683499928162768,1683499928163055d,287
1683499928163406,1683499928163725d,319
1683499928164046,1683499928164345d,299
1683499928164663,1683499928164941d,278
1683499928165333,1683499928165535d,202
1683499928165908,1683499928166206d,298
1683499928166531,1683499928166812d,281
1683499928167126,1683499928167426d,300
1683499928167760,1683499928168004d,244
1683499928168321,1683499928168605d,284
1683499928168908,1683499928169204d,296
1683499928169543,1683499928169800d,257
1683499928170109,1683499928170412d,303
1683499928170760,1683499928171011d,251
1683499928171322,1683499928171617d,295
1683499928171964,1683499928172253d,289
1683499928172569,1683499928172860d,291
1683499928173164,1683499928173443d,279
1683499928173762,1683499928174041d,279
1683499928174426,1683499928174652d,226
1683499928174962,1683499928175291d,329
1683499928175637,1683499928175955d,318
1683499928176266,1683499928176590d,324
1683499928176919,1683499928177227d,308
1683499928177547,1683499928177860d,313
1683499928178203,1683499928178451d,248
1683499928178773,1683499928179082d,309
1683499928179383,1683499928179664d,281
1683499928179965,1683499928180297d,332
1683499928180610,1683499928180912d,302
1683499928181229,1683499928181548d,319
1683499928181868,1683499928182148d,280
1683499928182473,1683499928182770d,297
1683499928183091,1683499928183394d,303
1683499928183735,1683499928184052d,317
1683499928184379,1683499928184681d,302
1683499928185023,1683499928185327d,304
1683499928185688,1683499928185978d,290
1683499928186314,1683499928186572d,258
1683499928186891,1683499928187190d,299
1683499928187483,1683499928187772d,289
1683499928188115,1683499928188389d,274
1683499928189148,1683499928189259d,111
1683499928189596,1683499928189911d,315
1683499928190244,1683499928190514d,270
1683499928190852,1683499928191109d,257
1683499928191458,1683499928191728d,270
1683499928192057,1683499928192325d,268
1683499928192632,1683499928192901d,269
1683499928193234,1683499928193494d,260
1683499928193808,1683499928194127d,319
1683499928194466,1683499928194769d,303
1683499928195095,1683499928195402d,307
1683499928195756,1683499928196048d,292
1683499928196393,1683499928196644d,251
1683499928196982,1683499928197301d,319
1683499928197609,1683499928197890d,281
1683499928198336,1683499928198631d,295
1683499928198938,1683499928199219d,281
1683499928199577,1683499928199864d,287
1683499928200239,1683499928200509d,270
1683499928200834,1683499928201162d,328
1683499928201444,1683499928201735d,291
1683499928202050,1683499928202385d,335
1683499928202727,1683499928203022d,295
1683499928203338,1683499928203618d,280
1683499928203963,1683499928204264d,301
1683499928204588,1683499928204891d,303
1683499928205262,1683499928205575d,313
1683499928205891,1683499928206232d,341
1683499928206543,1683499928206848d,305
1683499928207168,1683499928207509d,341
1683499928207890,1683499928208180d,290
1683499928208548,1683499928208781d,233
1683499928209096,1683499928209404d,308
1683499928209724,1683499928210004d,280
1683499928210325,1683499928210614d,289
1683499928210924,1683499928211228d,304
1683499928211588,1683499928211895d,307
1683499928212223,1683499928212527d,304
1683499928212916,1683499928213174d,258
1683499928213569,1683499928213811d,242
1683499928214181,1683499928214434d,253
1683499928214868,1683499928215043d,175
1683499928215382,1683499928215689d,307
1683499928216045,1683499928216314d,269
1683499928216669,1683499928216976d,307
1683499928217324,1683499928217581d,257
1683499928223215,1683499928223515d,300
1683499928223851,1683499928224126d,275
1683499928224448,1683499928224747d,299
1683499928225053,1683499928225370d,317
1683499928226480,1683499928226595d,115
1683499928226949,1683499928227269d,320
1683499928227608,1683499928227912d,304
1683499928228244,1683499928228557d,313
1683499928228870,1683499928229186d,316
1683499928229511,1683499928229840d,329
1683499928230116,1683499928230446d,330
1683499928230729,1683499928231048d,319
1683499928231354,1683499928231722d,368
1683499928231969,1683499928232272d,303
1683499928232601,1683499928232918d,317
1683499928233250,1683499928233572d,322
1683499928233899,1683499928234185d,286
1683499928234499,1683499928234822d,323
1683499928235126,1683499928235455d,329
1683499928235949,1683499928236149d,200
1683499928236465,1683499928236776d,311
1683499928237087,1683499928237393d,306
1683499928237702,1683499928238020d,318
1683499928238489,1683499928238675d,186
1683499928238981,1683499928239281d,300
1683499928239605,1683499928239938d,333
1683499928240259,1683499928240564d,305
1683499928240892,1683499928241215d,323
1683499928241540,1683499928241924d,384
1683499928242184,1683499928242553d,369
1683499928242866,1683499928243192d,326
1683499928243500,1683499928243877d,377
1683499928244196,1683499928244570d,374
1683499928244899,1683499928245249d,350
1683499928245610,1683499928246018d,408
1683499928246382,1683499928246623d,241
1683499928247024,1683499928247363d,339
1683499928247669,1683499928248011d,342
1683499928248369,1683499928248660d,291
1683499928255953,1683499928256058d,105
1683499928256402,1683499928256715d,313
1683499928257030,1683499928257422d,392
1683499928257797,1683499928258094d,297
1683499928258405,1683499928258721d,316
1683499928259107,1683499928259325d,218
1683499928259680,1683499928260014d,334
1683499928260316,1683499928260647d,331
1683499928260956,1683499928261235d,279
1683499928261555,1683499928261821d,266
1683499928262275,1683499928262431d,156
1683499928262713,1683499928262997d,284
1683499928264852,1683499928264963d,111
1683499928265362,1683499928265677d,315
1683499928266023,1683499928266311d,288
1683499928266635,1683499928266895d,260
1683499928267217,1683499928267501d,284
1683499928267808,1683499928268097d,289
1683499928268422,1683499928268681d,259
1683499928269000,1683499928269284d,284
1683499928269591,1683499928269857d,266
1683499928270461,1683499928270581d,120
1683499928270885,1683499928271176d,291
1683499928271484,1683499928271780d,296
1683499928272075,1683499928272383d,308
1683499928272724,1683499928272954d,230
1683499928273252,1683499928273533d,281
1683499928273837,1683499928274127d,290
1683499928274429,1683499928274710d,281
1683499928275006,1683499928275317d,311
1683499928275651,1683499928275999d,348
1683499928276300,1683499928276605d,305
1683499928276959,1683499928277213d,254
1683499928277502,1683499928277801d,299
1683499928278114,1683499928278445d,331
1683499928278748,1683499928279064d,316
1683499928279374,1683499928279656d,282
1683499928280145,1683499928280268d,123
1683499928280550,1683499928280865d,315
1683499928281168,1683499928281484d,316
1683499928281807,1683499928282121d,314
1683499928282453,1683499928282744d,291
1683499928283045,1683499928283357d,312
1683499928283664,1683499928283972d,308
1683499928284287,1683499928284792d,505
1683499928284940,1683499928285253d,313
1683499928285582,1683499928285999d,417
1683499928286299,1683499928286675d,376
1683499928287027,1683499928287430d,403
1683499928287770,1683499928288119d,349
1683499928288431,1683499928288747d,316
1683499928289088,1683499928289423d,335
1683499928289756,1683499928290046d,290
1683499928290401,1683499928290709d,308
1683499928291015,1683499928291347d,332
1683499928291663,1683499928291973d,310
1683499928292289,1683499928292613d,324
1683499928292994,1683499928293215d,221
1683499928293535,1683499928293817d,282
1683499928294131,1683499928294413d,282
1683499928294736,1683499928295058d,322
1683499928295381,1683499928295704d,323
1683499928296051,1683499928296367d,316
1683499928296682,1683499928296982d,300
1683499928297310,1683499928297615d,305
1683499928297941,1683499928298316d,375
1683499928298637,1683499928298930d,293
1683499928299237,1683499928299605d,368
1683499928299871,1683499928300172d,301
1683499928300545,1683499928300878d,333
1683499928301243,1683499928301511d,268
1683499928301783,1683499928302102d,319
1683499928302408,1683499928302740d,332
1683499928303085,1683499928303338d,253
1683499928303652,1683499928303964d,312
1683499928304499,1683499928304820d,321
1683499928305121,1683499928305436d,315
1683499928305741,1683499928306045d,304
1683499928306351,1683499928306684d,333
1683499928306994,1683499928307274d,280
1683499928307563,1683499928307876d,313
1683499928308175,1683499928308464d,289
1683499928308770,1683499928309054d,284
1683499928309456,1683499928309767d,311
1683499928310077,1683499928310359d,282
1683499928310743,1683499928311043d,300
1683499928311397,1683499928311695d,298
1683499928312005,1683499928312280d,275
1683499928312586,1683499928312881d,295
1683499928313195,1683499928313524d,329
1683499928313828,1683499928314135d,307
1683499928314451,1683499928314764d,313
1683499928315084,1683499928315399d,315
1683499928315715,1683499928316035d,320
1683499928316350,1683499928316659d,309
1683499928316983,1683499928317286d,303
1683499928317620,1683499928317932d,312
1683499928318565,1683499928318867d,302
1683499928319216,1683499928319550d,334
1683499928319807,1683499928320114d,307
1683499928320431,1683499928320758d,327
1683499928321121,1683499928321450d,329
1683499928321776,1683499928322084d,308
1683499928322436,1683499928322724d,288
1683499928323019,1683499928323333d,314
1683499928323638,1683499928324008d,370
1683499928324320,1683499928324634d,314
1683499928324964,1683499928325300d,336
1683499928325625,1683499928325958d,333
1683499928326314,1683499928326576d,262
1683499928326879,1683499928327183d,304
1683499928327543,1683499928327794d,251
1683499928328092,1683499928328387d,295
1683499928328693,1683499928329031d,338
1683499928329323,1683499928329628d,305
1683499928329942,1683499928330263d,321
1683499928330565,1683499928330872d,307
1683499928331239,1683499928331549d,310
1683499928331869,1683499928332195d,326
1683499928332502,1683499928332827d,325
1683499928333138,1683499928333469d,331
1683499928333776,1683499928334115d,339
1683499928334413,1683499928334731d,318
1683499928335074,1683499928335407d,333
1683499928335725,1683499928336032d,307
1683499928336354,1683499928336646d,292
1683499928336982,1683499928337285d,303
1683499928337602,1683499928337883d,281
1683499928338281,1683499928338516d,235
1683499928338877,1683499928339127d,250
1683499928339452,1683499928339734d,282
1683499928340079,1683499928340375d,296
1683499928340703,1683499928341056d,353
1683499928341399,1683499928341687d,288
1683499928342054,1683499928342331d,277
1683499928342662,1683499928342965d,303
1683499928343265,1683499928343585d,320
1683499928343947,1683499928344265d,318
1683499928344604,1683499928344933d,329
1683499928345325,1683499928345571d,246
1683499928345894,1683499928346193d,299
1683499928346501,1683499928346814d,313
1683499928347154,1683499928347488d,334
1683499928347810,1683499928348167d,357
1683499928348452,1683499928348811d,359
1683499928349167,1683499928349423d,256
1683499928349751,1683499928350072d,321
1683499928350382,1683499928350690d,308
1683499928350994,1683499928351380d,386
1683499928351716,1683499928351991d,275
1683499928352304,1683499928352633d,329
1683499928352996,1683499928353270d,274
1683499928353575,1683499928353897d,322
1683499928354215,1683499928354557d,342
1683499928354863,1683499928355222d,359
1683499928355528,1683499928355867d,339
1683499928356183,1683499928356535d,352
1683499928356919,1683499928357186d,267
1683499928357495,1683499928357818d,323
1683499928358212,1683499928358449d,237
1683499928358799,1683499928359132d,333
1683499928359450,1683499928359773d,323
1683499928360105,1683499928360415d,310
1683499928360735,1683499928361037d,302
1683499928361330,1683499928361690d,360
1683499928361958,1683499928362304d,346
1683499928362608,1683499928362926d,318
1683499928363230,1683499928363730d,500
1683499928363873,1683499928364186d,313
1683499928364477,1683499928364790d,313
1683499928365141,1683499928365431d,290
1683499928365746,1683499928366037d,291
1683499928366340,1683499928366641d,301
1683499928366968,1683499928367270d,302
1683499928367591,1683499928367927d,336
1683499928368226,1683499928368563d,337
1683499928368861,1683499928369182d,321
1683499928369498,1683499928369817d,319
1683499928370138,1683499928370438d,300
1683499928370741,1683499928371054d,313
1683499928371381,1683499928371728d,347
1683499928372007,1683499928372315d,308
1683499928372626,1683499928372953d,327
1683499928373261,1683499928373611d,350
1683499928373914,1683499928374280d,366
1683499928374540,1683499928374873d,333
1683499928375177,1683499928375508d,331
1683499928375832,1683499928376193d,361
1683499928376522,1683499928376860d,338
1683499928384098,1683499928384474d,376
1683499928384765,1683499928385116d,351
1683499928385471,1683499928385772d,301
1683499928386082,1683499928386410d,328
1683499928386781,1683499928387002d,221
1683499928387343,1683499928387618d,275
1683499928387916,1683499928388244d,328
1683499928388633,1683499928388962d,329
1683499928389287,1683499928389608d,321
1683499928389965,1683499928390232d,267
1683499928390518,1683499928390855d,337
1683499928391153,1683499928391489d,336
1683499928391804,1683499928392131d,327
1683499928392431,1683499928392752d,321
1683499928393053,1683499928393373d,320
1683499928393727,1683499928394014d,287
1683499928394316,1683499928394637d,321
1683499928394949,1683499928395328d,379
1683499928395659,1683499928396012d,353
1683499928396340,1683499928396625d,285
1683499928396942,1683499928397265d,323
1683499928397587,1683499928397891d,304
1683499928398218,1683499928398500d,282
1683499928398879,1683499928399105d,226
1683499928399408,1683499928399699d,291
1683499928400019,1683499928400337d,318
1683499928400653,1683499928400955d,302
1683499928401283,1683499928401596d,313
1683499928401916,1683499928402231d,315
1683499928402613,1683499928402815d,202
1683499928403113,1683499928403418d,305
1683499928403752,1683499928404025d,273
1683499928404335,1683499928404637d,302
1683499928404961,1683499928405305d,344
1683499928412085,1683499928412430d,345
1683499928412754,1683499928413051d,297
1683499928413405,1683499928413686d,281
1683499928413983,1683499928414287d,304
1683499928414593,1683499928414898d,305
1683499928415289,1683499928415616d,327
1683499928415960,1683499928416279d,319
1683499928416645,1683499928416947d,302
1683499928417265,1683499928417578d,313
1683499928417884,1683499928418282d,398
1683499928418700,1683499928419004d,304
1683499928419322,1683499928419634d,312
1683499928419938,1683499928420251d,313
1683499928420556,1683499928420867d,311
1683499928421205,1683499928421489d,284
1683499928421796,1683499928422107d,311
1683499928422443,1683499928422765d,322
1683499928423068,1683499928423396d,328
1683499928423794,1683499928424017d,223
1683499928424331,1683499928424644d,313
1683499928424963,1683499928425392d,429
1683499928425650,1683499928425950d,300
1683499928426264,1683499928426606d,342
1683499928426934,1683499928427260d,326
1683499928427586,1683499928427910d,324
1683499928428231,1683499928428562d,331
1683499928428884,1683499928429206d,322
1683499928429502,1683499928429805d,303
1683499928430125,1683499928430414d,289
1683499928430711,1683499928431032d,321
1683499928431331,1683499928431665d,334
1683499928431963,1683499928432278d,315
1683499928432563,1683499928432880d,317
1683499928433245,1683499928433503d,258
1683499928433827,1683499928434154d,327
1683499928434468,1683499928434828d,360
1683499928435139,1683499928435551d,412
1683499928435788,1683499928436091d,303
1683499928436392,1683499928436702d,310
1683499928437016,1683499928437321d,305
1683499928437614,1683499928437953d,339
1683499928438216,1683499928438540d,324
1683499928438856,1683499928439178d,322
1683499928439489,1683499928439781d,292
1683499928440106,1683499928440418d,312
1683499928440734,1683499928441052d,318
1683499928441356,1683499928441676d,320
1683499928442033,1683499928442300d,267
1683499928442580,1683499928442881d,301
1683499928443198,1683499928443548d,350
1683499928443848,1683499928444191d,343
1683499928444493,1683499928444792d,299
1683499928445097,1683499928445502d,405
1683499928451605,1683499928451922d,317
1683499928452278,1683499928452598d,320
1683499928452927,1683499928453244d,317
1683499928453560,1683499928453873d,313
1683499928454242,1683499928454511d,269
1683499928454803,1683499928455111d,308
1683499928455426,1683499928455752d,326
1683499928456080,1683499928456409d,329
1683499928456732,1683499928457032d,300
1683499928457337,1683499928457664d,327
1683499928457981,1683499928458299d,318
1683499928458633,1683499928458938d,305
1683499928459236,1683499928459573d,337
1683499928459876,1683499928460190d,314
1683499928460479,1683499928460793d,314
1683499928461104,1683499928461458d,354
1683499928461748,1683499928461988d,240
1683499928462283,1683499928462600d,317
1683499928462893,1683499928463224d,331
1683499928463522,1683499928463866d,344
1683499928464151,1683499928464479d,328
1683499928464781,1683499928465089d,308
1683499928465419,1683499928465720d,301
1683499928472913,1683499928473281d,368
1683499928473696,1683499928474016d,320
1683499928474330,1683499928474658d,328
1683499928474974,1683499928475276d,302
1683499928475595,1683499928475891d,296
1683499928476287,1683499928476492d,205
1683499928476798,1683499928477111d,313
1683499928477533,1683499928477742d,209
1683499928478102,1683499928478358d,256
1683499928478641,1683499928478978d,337
1683499928479269,1683499928479624d,355
1683499928479935,1683499928480301d,366
1683499928480591,1683499928480913d,322
1683499928481239,1683499928481542d,303
1683499928481949,1683499928482171d,222
1683499928482497,1683499928482811d,314
1683499928483126,1683499928483428d,302
1683499928483776,1683499928484056d,280
1683499928484363,1683499928484683d,320
1683499928485060,1683499928485337d,277
1683499928491947,1683499928492058d,111
1683499928492387,1683499928492746d,359
1683499928493088,1683499928493397d,309
1683499928493718,1683499928494012d,294
1683499928494393,1683499928494728d,335
1683499928495047,1683499928495373d,326
1683499928495704,1683499928496009d,305
1683499928496317,1683499928496637d,320
1683499928496956,1683499928497285d,329
1683499928497578,1683499928497913d,335
1683499928498210,1683499928498539d,329
1683499928498868,1683499928499193d,325
1683499928499505,1683499928499804d,299
1683499928504912,1683499928505269d,357
1683499928505580,1683499928505891d,311
1683499928506191,1683499928506481d,290
1683499928506834,1683499928507089d,255
1683499928507388,1683499928507714d,326
1683499928508072,1683499928508385d,313
1683499928508668,1683499928508992d,324
1683499928509369,1683499928509695d,326
1683499928510010,1683499928510320d,310
1683499928510648,1683499928510959d,311
1683499928511264,1683499928511565d,301
1683499928511863,1683499928512185d,322
1683499928512484,1683499928512808d,324
1683499928513137,1683499928513437d,300
1683499928513746,1683499928514049d,303
1683499928514360,1683499928514671d,311
1683499928514980,1683499928515277d,297
1683499928515582,1683499928515814d,232
1683499928516142,1683499928516360d,218
1683499928523911,1683499928523968d,57
1683499928524414,1683499928524618d,204
1683499928531682,1683499928531986d,304
1683499928532344,1683499928532749d,405
1683499928533004,1683499928533317d,313
1683499928533635,1683499928533968d,333
1683499928534281,1683499928534601d,320
1683499928534905,1683499928535221d,316
1683499928535542,1683499928535854d,312
1683499928542798,1683499928542923d,125
1683499928543236,1683499928543570d,334
1683499928544009,1683499928544211d,202
1683499928544537,1683499928544839d,302
1683499928545144,1683499928545447d,303
1683499928545881,1683499928546050d,169
1683499928546362,1683499928546688d,326
1683499928546988,1683499928547319d,331
1683499928547629,1683499928547977d,348
1683499928548271,1683499928548612d,341
1683499928548983,1683499928549203d,220
1683499928549489,1683499928549805d,316
1683499928550112,1683499928550444d,332
1683499928550757,1683499928551072d,315
1683499928551412,1683499928551743d,331
1683499928552037,1683499928552371d,334
1683499928552688,1683499928552988d,300
1683499928553272,1683499928553592d,320
1683499928553892,1683499928554217d,325
1683499928554535,1683499928554860d,325
1683499928555166,1683499928555490d,324
1683499928555851,1683499928556165d,314
1683499928556481,1683499928556786d,305
1683499928557086,1683499928557384d,298
1683499928557679,1683499928558019d,340
1683499928558307,1683499928558621d,314
1683499928559056,1683499928559240d,184
1683499928559533,1683499928559857d,324
1683499928560157,1683499928560474d,317
1683499928560810,1683499928561119d,309
1683499928561435,1683499928561735d,300
1683499928562016,1683499928562329d,313
1683499928562657,1683499928562967d,310
1683499928563251,1683499928563569d,318
1683499928563927,1683499928564252d,325
1683499928564545,1683499928564899d,354
1683499928565189,1683499928565535d,346
1683499928565821,1683499928566134d,313
1683499928566452,1683499928566753d,301
1683499928567094,1683499928567381d,287
1683499928567676,1683499928568037d,361
1683499928568335,1683499928568651d,316
1683499928569064,1683499928569271d,207
1683499928569575,1683499928569903d,328
1683499928570208,1683499928570534d,326
1683499928570879,1683499928571167d,288
1683499928571443,1683499928571768d,325
1683499928572099,1683499928572340d,241
1683499928572640,1683499928573018d,378
1683499928573167,1683499928573404d,237
1683499928573760,1683499928573945d,185
1683499928574249,1683499928574611d,362
1683499928574923,1683499928575269d,346
1683499928575622,1683499928575876d,254
1683499928576188,1683499928576501d,313
1683499928576820,1683499928577161d,341
1683499928577513,1683499928577826d,313
1683499928578142,1683499928578475d,333
1683499928578863,1683499928579209d,346
1683499928579530,1683499928579836d,306
1683499928580147,1683499928580459d,312
1683499928580783,1683499928581110d,327
1683499928581440,1683499928581761d,321
1683499928582097,1683499928582429d,332
1683499928582769,1683499928583062d,293
1683499928583373,1683499928583716d,343
1683499928584029,1683499928584351d,322
1683499928584671,1683499928584995d,324
1683499928585317,1683499928585631d,314
1683499928585957,1683499928586256d,299
1683499928586608,1683499928586912d,304
1683499928587219,1683499928587562d,343
1683499928587908,1683499928588230d,322
1683499928588653,1683499928588909d,256
1683499928589290,1683499928589535d,245
1683499928589888,1683499928590138d,250
1683499928590497,1683499928590779d,282
1683499928591112,1683499928591363d,251
1683499928591682,1683499928592016d,334
1683499928592346,1683499928592637d,291
1683499928592954,1683499928593284d,330
1683499928593585,1683499928593931d,346
1683499928594215,1683499928594550d,335
1683499928594953,1683499928595293d,340
1683499928595634,1683499928596003d,369
1683499928596307,1683499928596645d,338
1683499928596989,1683499928597306d,317
1683499928597635,1683499928597969d,334
1683499928598329,1683499928598667d,338
1683499928598982,1683499928599274d,292
1683499928599632,1683499928599966d,334
1683499928600293,1683499928600621d,328
1683499928600950,1683499928601283d,333
1683499928608950,1683499928609288d,338
1683499928609617,1683499928609957d,340
1683499928610266,1683499928610645d,379
1683499928610923,1683499928611227d,304
1683499928611545,1683499928611863d,318
1683499928616869,1683499928617214d,345
1683499928617549,1683499928617869d,320
1683499928618172,1683499928618506d,334
1683499928618798,1683499928619128d,330
1683499928619421,1683499928619737d,316
1683499928620063,1683499928620407d,344
1683499928620718,1683499928621036d,318
1683499928621342,1683499928621718d,376
1683499928621981,1683499928622307d,326
1683499928622605,1683499928622921d,316
1683499928623250,1683499928623547d,297
1683499928624344,1683499928624463d,119
1683499928624773,1683499928625100d,327
1683499928625444,1683499928625716d,272
1683499928626016,1683499928626368d,352
1683499928626681,1683499928626982d,301
1683499928627333,1683499928627668d,335
1683499928628011,1683499928628301d,290
1683499928628621,1683499928628949d,328
1683499928629258,1683499928629573d,315
1683499928629939,1683499928630160d,221
1683499928630490,1683499928630792d,302
1683499928631113,1683499928631412d,299
1683499928631714,1683499928632098d,384
1683499928632375,1683499928632654d,279
1683499928632962,1683499928633302d,340
1683499928633588,1683499928633891d,303
1683499928634215,1683499928634510d,295
1683499928634850,1683499928635184d,334
1683499928635548,1683499928635813d,265
1683499928636128,1683499928636420d,292
1683499928636740,1683499928637067d,327
1683499928637394,1683499928637721d,327
1683499928638067,1683499928638383d,316
1683499928638719,1683499928639015d,296
1683499928639359,1683499928639690d,331
1683499928640017,1683499928640340d,323
1683499928640660,1683499928640979d,319
1683499928641299,1683499928641607d,308
1683499928641908,1683499928642308d,400
1683499928642588,1683499928642969d,381
1683499928643237,1683499928643595d,358
1683499928643909,1683499928644217d,308
1683499928644540,1683499928644858d,318
1683499928645185,1683499928645540d,355
1683499928645821,1683499928646184d,363
1683499928646530,1683499928646805d,275
1683499928647143,1683499928647503d,360
1683499928647843,1683499928648191d,348
1683499928648513,1683499928648833d,320
1683499928649141,1683499928649469d,328
1683499928649793,1683499928650122d,329
1683499928650416,1683499928650740d,324
1683499928651033,1683499928651352d,319
1683499928651659,1683499928651988d,329
1683499928652327,1683499928652731d,404
1683499928652947,1683499928653273d,326
1683499928653574,1683499928653904d,330
1683499928654241,1683499928654565d,324
1683499928654868,1683499928655248d,380
1683499928655543,1683499928655874d,331
1683499928656170,1683499928656504d,334
1683499928656848,1683499928657177d,329
1683499928657471,1683499928657810d,339
1683499928658129,1683499928658527d,398
1683499928658782,1683499928659086d,304
1683499928659410,1683499928659744d,334
1683499928660075,1683499928660405d,330
1683499928660709,1683499928661036d,327
1683499928661332,1683499928661690d,358
1683499928662111,1683499928662487d,376
1683499928662794,1683499928663212d,418
1683499928663442,1683499928663739d,297
1683499928664097,1683499928664360d,263
1683499928664738,1683499928664992d,254
1683499928665343,1683499928665619d,276
1683499928665987,1683499928666259d,272
1683499928666551,1683499928666891d,340
1683499928667223,1683499928667518d,295
1683499928667838,1683499928668205d,367
1683499928668479,1683499928668796d,317
1683499928669092,1683499928669443d,351
1683499928669761,1683499928670127d,366
1683499928670441,1683499928670759d,318
1683499928671075,1683499928671889d,814
1683499928671904,1683499928672262d,358
1683499928672582,1683499928672896d,314
1683499928673219,1683499928673610d,391
1683499928673860,1683499928674193d,333
1683499928674794,1683499928675164d,370
1683499928675461,1683499928675795d,334
1683499928676146,1683499928676443d,297
1683499928676752,1683499928677101d,349
1683499928677421,1683499928677765d,344
1683499928678094,1683499928678370d,276
1683499928678704,1683499928679006d,302
1683499928679343,1683499928679648d,305
1683499928679926,1683499928680250d,324
1683499928680526,1683499928680855d,329
1683499928681201,1683499928681447d,246
1683499928681854,1683499928682190d,336
1683499928682589,1683499928682825d,236
1683499928683146,1683499928683445d,299
1683499928683782,1683499928684161d,379
1683499928684518,1683499928685128d,610
1683499928685143,1683499928685522d,379
1683499928685847,1683499928686140d,293
1683499928686448,1683499928687014d,566
1683499928687067,1683499928687426d,359
1683499928687763,1683499928687998d,235
1683499928688346,1683499928688570d,224
1683499928688903,1683499928689180d,277
1683499928689477,1683499928689786d,309
1683499928690106,1683499928690432d,326
1683499928690790,1683499928691093d,303
1683499928691380,1683499928691584d,204
1683499928691900,1683499928692127d,227
1683499928692474,1683499928692662d,188
1683499928692977,1683499928693193d,216
1683499928693507,1683499928693791d,284
1683499928694060,1683499928694276d,216
1683499928694586,1683499928694810d,224
1683499928695111,1683499928695373d,262
1683499928695702,1683499928695922d,220
1683499928696231,1683499928696488d,257
1683499928696805,1683499928697043d,238
1683499928697336,1683499928697566d,230
1683499928697867,1683499928698088d,221
1683499928698396,1683499928698679d,283
1683499928698993,1683499928699312d,319
1683499928699634,1683499928699946d,312
1683499928700286,1683499928700619d,333
1683499928700967,1683499928701410d,443
1683499928701629,1683499928701941d,312
1683499928702217,1683499928702543d,326
1683499928702789,1683499928703195d,406
1683499928703427,1683499928703745d,318
1683499928704115,1683499928704412d,297
1683499928704697,1683499928705025d,328
1683499928705361,1683499928705673d,312
1683499928705991,1683499928706270d,279
1683499928706674,1683499928707026d,352
1683499928707344,1683499928707651d,307
1683499928707957,1683499928708284d,327
1683499928708643,1683499928708948d,305
1683499928709257,1683499928709577d,320
1683499928709889,1683499928710226d,337
1683499928710540,1683499928710877d,337
1683499928711200,1683499928711543d,343
1683499928711876,1683499928712255d,379
1683499928712573,1683499928712930d,357
1683499928713228,1683499928713656d,428
1683499928713922,1683499928714268d,346
1683499928714569,1683499928714905d,336
1683499928715249,1683499928715568d,319
1683499928715878,1683499928716189d,311
1683499928716538,1683499928716836d,298
1683499928717146,1683499928717471d,325
1683499928717748,1683499928718093d,345
1683499928718401,1683499928718712d,311
1683499928719022,1683499928719352d,330
1683499928719777,1683499928719990d,213
1683499928720312,1683499928720647d,335
1683499928720939,1683499928721257d,318
1683499928721594,1683499928721970d,376
1683499928722303,1683499928722661d,358
1683499928722976,1683499928723317d,341
1683499928723610,1683499928724029d,419
1683499928724265,1683499928724621d,356
1683499928724945,1683499928725342d,397
1683499928725681,1683499928726005d,324
1683499928726386,1683499928726753d,367
1683499928727144,1683499928727433d,289
1683499928727766,1683499928728090d,324
1683499928728421,1683499928728751d,330
1683499928729083,1683499928729358d,275
1683499928729672,1683499928729973d,301
1683499928730284,1683499928730601d,317
1683499928731220,1683499928731592d,372
1683499928731939,1683499928732253d,314
1683499928732580,1683499928732909d,329
1683499928733220,1683499928733536d,316
1683499928734083,1683499928734312d,229
1683499928734639,1683499928734957d,318
1683499928735264,1683499928735575d,311
1683499928735913,1683499928736197d,284
1683499928736490,1683499928736811d,321
1683499928737109,1683499928737459d,350
1683499928737750,1683499928738088d,338
1683499928738401,1683499928738712d,311
1683499928739016,1683499928739341d,325
1683499928739632,1683499928739972d,340
1683499928740269,1683499928740572d,303
1683499928740871,1683499928741218d,347
1683499928741528,1683499928741842d,314
1683499928742180,1683499928742466d,286
1683499928742777,1683499928743104d,327
1683499928743401,1683499928743731d,330
1683499928744026,1683499928744368d,342
1683499928744664,1683499928744965d,301
1683499928745350,1683499928745689d,339
1683499928746001,1683499928746295d,294
1683499928751368,1683499928751450d,82
1683499928758235,1683499928758339d,104
1683499928758690,1683499928759026d,336
1683499928759342,1683499928759660d,318
1683499928759980,1683499928760272d,292
1683499928760579,1683499928760880d,301
1683499928761217,1683499928761548d,331
1683499928761888,1683499928762197d,309
1683499928762488,1683499928762802d,314
1683499928763172,1683499928763472d,300
1683499928763799,1683499928764131d,332
1683499928764452,1683499928764759d,307
1683499928765091,1683499928765397d,306
1683499928765707,1683499928766031d,324
1683499928766367,1683499928766653d,286
1683499928766961,1683499928767262d,301
1683499928767636,1683499928767946d,310
1683499928768254,1683499928768582d,328
1683499928768889,1683499928769189d,300
1683499928769502,1683499928769805d,303
1683499928770109,1683499928770419d,310
1683499928770724,1683499928771037d,313
1683499928771364,1683499928771663d,299
1683499928771951,1683499928772259d,308
1683499928772564,1683499928772927d,363
1683499928773221,1683499928773541d,320
1683499928773848,1683499928774172d,324
1683499928782252,1683499928782353d,101
1683499928782711,1683499928782971d,260
1683499928783283,1683499928783580d,297
1683499928783907,1683499928784205d,298
1683499928784515,1683499928784815d,300
1683499928785153,1683499928785440d,287
1683499928785751,1683499928786050d,299
1683499928786380,1683499928786697d,317
1683499928787019,1683499928787333d,314
1683499928787667,1683499928787952d,285
1683499928788273,1683499928788559d,286
1683499928788859,1683499928789165d,306
1683499928789481,1683499928789766d,285
1683499928790131,1683499928790374d,243
1683499928790759,1683499928790972d,213
1683499928791270,1683499928791569d,299
1683499928791878,1683499928792192d,314
1683499928792513,1683499928792796d,283
1683499928793073,1683499928793381d,308
1683499928793694,1683499928793971d,277
1683499928794276,1683499928794567d,291
1683499928794880,1683499928795213d,333
1683499928795525,1683499928795864d,339
1683499928796168,1683499928796483d,315
1683499928796816,1683499928797128d,312
1683499928797470,1683499928797784d,314
1683499928798120,1683499928798432d,312
1683499928798748,1683499928799074d,326
1683499928799410,1683499928799690d,280
1683499928800034,1683499928800287d,253
1683499928800685,1683499928800916d,231
1683499928801243,1683499928801535d,292
1683499928801847,1683499928802172d,325
1683499928802499,1683499928802797d,298
1683499928803128,1683499928803426d,298
1683499928803753,1683499928804034d,281
1683499928804375,1683499928804622d,247
1683499928804927,1683499928805237d,310
1683499928805568,1683499928805866d,298
1683499928806207,1683499928806473d,266
1683499928806826,1683499928807127d,301
1683499928807465,1683499928807759d,294
1683499928808098,1683499928808354d,256
1683499928808693,1683499928808929d,236
1683499928809239,1683499928809542d,303
1683499928809863,1683499928810158d,295
1683499928810448,1683499928810761d,313
1683499928811077,1683499928811382d,305
1683499928811711,1683499928812006d,295
1683499928812317,1683499928812634d,317
1683499928812937,1683499928813232d,295
1683499928813542,1683499928813847d,305
1683499928814169,1683499928814497d,328
1683499928814820,1683499928815113d,293
1683499928815442,1683499928815764d,322
1683499928816066,1683499928816389d,323
1683499928816683,1683499928817011d,328
1683499928817362,1683499928817610d,248
1683499928817906,1683499928818193d,287
1683499928818498,1683499928818793d,295
1683499928819106,1683499928819408d,302
1683499928819812,1683499928820006d,194
1683499928820393,1683499928820579d,186
1683499928820933,1683499928821240d,307
1683499928821572,1683499928821838d,266
1683499928822161,1683499928822542d,381
1683499928822790,1683499928823103d,313
1683499928823489,1683499928823746d,257
1683499928824057,1683499928824355d,298
1683499928824670,1683499928824953d,283
1683499928825277,1683499928825561d,284
1683499928825887,1683499928826210d,323
1683499928826530,1683499928826823d,293
1683499928827174,1683499928827450d,276
1683499928827761,1683499928828059d,298
1683499928828380,1683499928828694d,314
1683499928828987,1683499928829293d,306
1683499928829612,1683499928829927d,315
1683499928830264,1683499928830543d,279
1683499928830877,1683499928831205d,328
1683499928831544,1683499928831861d,317
1683499928832261,1683499928832476d,215
1683499928832782,1683499928833102d,320
1683499928833416,1683499928833732d,316
1683499928834055,1683499928834415d,360
1683499928834740,1683499928835047d,307
1683499928835368,1683499928835686d,318
1683499928837019,1683499928837135d,116
1683499928837460,1683499928837733d,273
1683499928838063,1683499928838434d,371
1683499928838721,1683499928839024d,303
1683499928839347,1683499928839629d,282
1683499928840015,1683499928840297d,282
1683499928840683,1683499928840954d,271
1683499928841271,1683499928841584d,313
1683499928841931,1683499928842227d,296
1683499928842590,1683499928842880d,290
1683499928843253,1683499928843545d,292
1683499928843830,1683499928844235d,405
1683499928844649,1683499928844937d,288
1683499928845262,1683499928845667d,405
1683499928845985,1683499928846365d,380
1683499928846683,1683499928847022d,339
1683499928847322,1683499928847613d,291
1683499928847977,1683499928848241d,264
1683499928848569,1683499928848845d,276
1683499928849157,1683499928849448d,291
1683499928849748,1683499928850036d,288
1683499928850378,1683499928850674d,296
1683499928850990,1683499928851303d,313
1683499928851609,1683499928851913d,304
1683499928852270,1683499928852568d,298
