1683499944657339,1683499944669865d,12526
1683499944670101,1683499944670555d,454
1683499944670838,1683499944676138d,5300
1683499944676399,1683499944677032d,633
1683499944677361,1683499944684321d,6960
1683499944684579,1683499944685262d,683
1683499944685495,1683499944686075d,580
1683499944686319,1683499944696178d,9859
1683499944704026,1683499944704301d,275
1683499944704574,1683499944705198d,624
1683499944705430,1683499944716229d,10799
1683499944728121,1683499944728252d,131
1683499944736055,1683499944736286d,231
1683499944748116,1683499944748196d,80
1683499944756110,1683499944756210d,100
1683499944764054,1683499944764213d,159
1683499944776146,1683499944776272d,126
1683499944788028,1683499944788255d,227
1683499944796074,1683499944796221d,147
1683499944808092,1683499944808308d,216
1683499944816114,1683499944816224d,110
1683499944824098,1683499944824239d,141
1683499944834865,1683499944834866d,1
1683499944835213,1683499944835907d,694
1683499944842822,1683499944842823d,1
1683499944852086,1683499944852193d,107
1683499944860101,1683499944860268d,167
1683499944872169,1683499944872242d,73
1683499944880087,1683499944880201d,114
1683499944888119,1683499944888202d,83
1683499944896077,1683499944896350d,273
1683499944904074,1683499944904197d,123
1683499944912079,1683499944912242d,163
1683499944920053,1683499944920201d,148
1683499944932152,1683499944932280d,128
1683499944940071,1683499944940212d,141
1683499944952142,1683499944952254d,112
1683499944960094,1683499944960227d,133
1683499944968092,1683499944968210d,118
1683499944978396,1683499944978397d,1
1683499944984067,1683499944984193d,126
1683499944992104,1683499944992203d,99
1683499945000088,1683499945000206d,118
1683499945012091,1683499945012243d,152
1683499945024090,1683499945024345d,255
1683499945036109,1683499945036256d,147
1683499945044117,1683499945044270d,153
1683499945052074,1683499945052274d,200
1683499945060194,1683499945060316d,122
1683499945068051,1683499945068195d,144
1683499945080166,1683499945080321d,155
1683499945088141,1683499945088237d,96
1683499945100219,1683499945100284d,65
1683499945112141,1683499945112290d,149
1683499945112534,1683499945113124d,590
1683499945124121,1683499945124213d,92
1683499945131816,1683499945131817d,1
1683499945131842,1683499945132666d,824
1683499945132973,1683499945133444d,471
1683499945133760,1683499945140301d,6541
1683499945140491,1683499945141215d,724
1683499945141447,1683499945148304d,6857
1683499945160152,1683499945160186d,34
1683499945168102,1683499945168218d,116
1683499945180106,1683499945180183d,77
1683499945188111,1683499945188220d,109
1683499945196063,1683499945196241d,178
1683499945196498,1683499945196991d,493
1683499945203751,1683499945204183d,432
1683499945212142,1683499945212143d,1
1683499945220149,1683499945220245d,96
1683499945228110,1683499945228228d,118
1683499945236066,1683499945236155d,89
1683499945244008,1683499945244147d,139
1683499945256086,1683499945256232d,146
1683499945268058,1683499945268120d,62
1683499945280077,1683499945280209d,132
1683499945288098,1683499945288253d,155
1683499945296052,1683499945296285d,233
1683499945304057,1683499945304172d,115
1683499945312075,1683499945312289d,214
1683499945320134,1683499945320214d,80
1683499945320496,1683499945320979d,483
1683499945321269,1683499945332172d,10903
1683499945344098,1683499945344196d,98
1683499945352101,1683499945352188d,87
1683499945352456,1683499945352984d,528
1683499945353232,1683499945360109d,6877
1683499945368058,1683499945368227d,169
1683499945376121,1683499945376269d,148
1683499945384099,1683499945384207d,108
1683499945392057,1683499945392210d,153
1683499945400099,1683499945400282d,183
1683499945400547,1683499945401038d,491
1683499945401330,1683499945408211d,6881
1683499945416065,1683499945416415d,350
1683499945424038,1683499945424191d,153
1683499945432076,1683499945432182d,106
1683499945440122,1683499945440274d,152
1683499945440499,1683499945441196d,697
1683499945441460,1683499945448263d,6803
1683499945448514,1683499945449026d,512
1683499945449280,1683499945456261d,6981
1683499945464116,1683499945464211d,95
1683499945472044,1683499945472139d,95
1683499945480035,1683499945480301d,266
1683499945488071,1683499945488169d,98
1683499945496144,1683499945496145d,1
1683499945504101,1683499945504191d,90
1683499945504487,1683499945504993d,506
1683499945505287,1683499945512228d,6941
1683499945520063,1683499945520173d,110
1683499945532152,1683499945532250d,98
1683499945544081,1683499945544172d,91
1683499945552062,1683499945552241d,179
1683499945560054,1683499945560158d,104
1683499945568087,1683499945568212d,125
1683499945568517,1683499945568949d,432
1683499945569179,1683499945576336d,7157
1683499945584024,1683499945584331d,307
1683499945584514,1683499945585077d,563
1683499945585318,1683499945596232d,10914
1683499945604077,1683499945604237d,160
1683499945616071,1683499945616218d,147
1683499945624070,1683499945624198d,128
1683499945624468,1683499945625034d,566
1683499945625312,1683499945625779d,467
1683499945626072,1683499945632222d,6150
1683499945632419,1683499945633013d,594
1683499945633237,1683499945640182d,6945
1683499945648068,1683499945648155d,87
1683499945656068,1683499945656190d,122
1683499945664009,1683499945664214d,205
1683499945672055,1683499945672266d,211
1683499945672489,1683499945672969d,480
1683499945673233,1683499945680209d,6976
1683499945688036,1683499945688229d,193
1683499945700113,1683499945700114d,1
1683499945708065,1683499945708200d,135
1683499945716088,1683499945716271d,183
1683499945728108,1683499945728184d,76
1683499945736106,1683499945736217d,111
1683499945736482,1683499945736971d,489
1683499945744067,1683499945744213d,146
1683499945752081,1683499945752170d,89
1683499945760124,1683499945760152d,28
1683499945768066,1683499945768154d,88
1683499945776049,1683499945776137d,88
1683499945784078,1683499945784148d,70
1683499945792093,1683499945792185d,92
1683499945799763,1683499945800206d,443
1683499945800524,1683499945801023d,499
1683499945801389,1683499945809313d,7924
1683499945809593,1683499945816187d,6594
1683499945816447,1683499945816880d,433
1683499945817198,1683499945817572d,374
1683499945823995,1683499945824084d,89
1683499945832095,1683499945832230d,135
1683499945844135,1683499945844306d,171
1683499945856165,1683499945856359d,194
1683499945864138,1683499945864272d,134
1683499945864488,1683499945865094d,606
1683499945865329,1683499945872334d,7005
1683499945872561,1683499945873222d,661
1683499945873453,1683499945881463d,8010
1683499945881678,1683499945888232d,6554
1683499945898863,1683499945898864d,1
1683499945903987,1683499945904256d,269
1683499945910287,1683499945910808d,521
1683499945918257,1683499945920209d,1952
1683499945928091,1683499945928259d,168
1683499945936047,1683499945936228d,181
1683499945944048,1683499945944220d,172
1683499945952090,1683499945952218d,128
1683499945960105,1683499945960199d,94
1683499945968069,1683499945968166d,97
1683499945976064,1683499945976195d,131
1683499945988110,1683499945988222d,112
1683499945996108,1683499945996233d,125
1683499945996503,1683499945997097d,594
1683499946006329,1683499946008265d,1936
1683499946020156,1683499946020318d,162
1683499946020549,1683499946021172d,623
1683499946021458,1683499946032208d,10750
1683499946044115,1683499946044264d,149
1683499946052087,1683499946052229d,142
1683499946064083,1683499946064226d,143
1683499946076117,1683499946076255d,138
1683499946076536,1683499946077148d,612
1683499946077419,1683499946088224d,10805
1683499946096057,1683499946096201d,144
1683499946104119,1683499946104231d,112
1683499946112114,1683499946112247d,133
1683499946120160,1683499946120366d,206
1683499946128019,1683499946128259d,240
1683499946128522,1683499946129141d,619
1683499946129364,1683499946136106d,6742
1683499946144029,1683499946144119d,90
1683499946152002,1683499946152089d,87
1683499946160064,1683499946160065d,1
1683499946167988,1683499946168088d,100
1683499946168361,1683499946168841d,480
1683499946176074,1683499946176075d,1
1683499946188043,1683499946188044d,1
1683499946188356,1683499946188962d,606
1683499946189134,1683499946196199d,7065
1683499946204119,1683499946204253d,134
1683499946212145,1683499946212275d,130
1683499946220094,1683499946220213d,119
1683499946232116,1683499946232242d,126
1683499946240088,1683499946240269d,181
1683499946248079,1683499946248186d,107
1683499946256137,1683499946256238d,101
1683499946262262,1683499946262860d,598
1683499946267726,1683499946268246d,520
1683499946276072,1683499946276262d,190
1683499946288127,1683499946288250d,123
1683499946300101,1683499946300312d,211
1683499946312111,1683499946312208d,97
1683499946320102,1683499946320307d,205
1683499946332130,1683499946332265d,135
1683499946340122,1683499946340244d,122
1683499946348065,1683499946348257d,192
1683499946356019,1683499946356219d,200
1683499946364099,1683499946364316d,217
1683499946372081,1683499946372239d,158
1683499946380050,1683499946380231d,181
1683499946388043,1683499946388258d,215
1683499946396102,1683499946396327d,225
1683499946404056,1683499946404208d,152
1683499946416051,1683499946416259d,208
1683499946428029,1683499946428357d,328
1683499946440065,1683499946440314d,249
1683499946448062,1683499946448176d,114
1683499946460181,1683499946460337d,156
1683499946472152,1683499946472291d,139
1683499946480063,1683499946480323d,260
1683499946492104,1683499946492255d,151
1683499946500092,1683499946500258d,166
1683499946512073,1683499946512305d,232
1683499946520190,1683499946520191d,1
1683499946520483,1683499946520951d,468
1683499946526846,1683499946528183d,1337
1683499946540121,1683499946540129d,8
1683499946552307,1683499946552308d,1
1683499946560108,1683499946560182d,74
1683499946568049,1683499946568278d,229
1683499946580084,1683499946580157d,73
1683499946588067,1683499946588208d,141
1683499946596058,1683499946596197d,139
1683499946604103,1683499946604229d,126
1683499946612100,1683499946612226d,126
1683499946620090,1683499946620223d,133
1683499946628112,1683499946628230d,118
1683499946638834,1683499946639476d,642
1683499946639820,1683499946640304d,484
1683499946640544,1683499946641172d,628
1683499946641385,1683499946648216d,6831
1683499946656131,1683499946656280d,149
1683499946657124,1683499946657482d,358
1683499946657795,1683499946664218d,6423
1683499946672055,1683499946672187d,132
1683499946680099,1683499946680235d,136
1683499946688099,1683499946688212d,113
1683499946700095,1683499946700197d,102
1683499946712103,1683499946712256d,153
1683499946724085,1683499946724317d,232
1683499946724461,1683499946736203d,11742
1683499946736467,1683499946737130d,663
1683499946737344,1683499946744184d,6840
1683499946752072,1683499946752246d,174
1683499946764125,1683499946764259d,134
1683499946764467,1683499946765241d,774
1683499946765455,1683499946776206d,10751
1683499946788088,1683499946788209d,121
1683499946796101,1683499946796316d,215
1683499946808152,1683499946808298d,146
1683499946816066,1683499946816254d,188
1683499946823991,1683499946824197d,206
1683499946832000,1683499946832225d,225
1683499946840119,1683499946840277d,158
1683499946848150,1683499946848299d,149
1683499946855288,1683499946855628d,340
1683499946863271,1683499946863638d,367
1683499946867989,1683499946868225d,236
1683499946880090,1683499946880324d,234
1683499946880531,1683499946881310d,779
1683499946881477,1683499946882079d,602
1683499946882344,1683499946888207d,5863
1683499946896060,1683499946896237d,177
1683499946908047,1683499946908163d,116
1683499946916067,1683499946916185d,118
1683499946928093,1683499946928235d,142
1683499946928440,1683499946929015d,575
1683499946936047,1683499946936187d,140
1683499946944062,1683499946944210d,148
1683499946944494,1683499946944987d,493
1683499946945280,1683499946952188d,6908
1683499946960115,1683499946960219d,104
1683499946968035,1683499946968151d,116
1683499946968443,1683499946968912d,469
1683499946969191,1683499946976165d,6974
1683499946984085,1683499946984183d,98
1683499946992063,1683499946992180d,117
1683499947004070,1683499947004302d,232
1683499947012069,1683499947012169d,100
1683499947012488,1683499947013059d,571
1683499947013347,1683499947013763d,416
1683499947014007,1683499947024177d,10170
1683499947036095,1683499947036311d,216
1683499947036581,1683499947037171d,590
1683499947037403,1683499947044201d,6798
1683499947044461,1683499947044999d,538
1683499947045240,1683499947052186d,6946
1683499947064087,1683499947064195d,108
1683499947072027,1683499947072171d,144
1683499947080069,1683499947080320d,251
1683499947086318,1683499947086758d,440
1683499947087030,1683499947087575d,545
1683499947087860,1683499947092200d,4340
1683499947104027,1683499947104205d,178
1683499947112054,1683499947112136d,82
1683499947120057,1683499947120058d,1
1683499947128065,1683499947128067d,2
1683499947136094,1683499947136096d,2
1683499947144133,1683499947144134d,1
1683499947144510,1683499947144862d,352
1683499947156151,1683499947156152d,1
1683499947168064,1683499947168263d,199
1683499947168500,1683499947169158d,658
1683499947169332,1683499947180228d,10896
1683499947188114,1683499947188256d,142
1683499947196063,1683499947196236d,173
1683499947204022,1683499947204224d,202
1683499947212039,1683499947212188d,149
1683499947212470,1683499947220193d,7723
1683499947220487,1683499947220904d,417
1683499947232073,1683499947232075d,2
1683499947239265,1683499947239267d,2
1683499947244093,1683499947244095d,2
1683499947252127,1683499947252128d,1
1683499947260064,1683499947260065d,1
1683499947268049,1683499947268143d,94
1683499947276056,1683499947276057d,1
1683499947284064,1683499947284066d,2
1683499947292068,1683499947292315d,247
1683499947304081,1683499947304206d,125
1683499947316124,1683499947316198d,74
1683499947324029,1683499947324207d,178
1683499947336068,1683499947336276d,208
1683499947344063,1683499947344286d,223
1683499947352086,1683499947352216d,130
1683499947364104,1683499947364249d,145
1683499947364473,1683499947365075d,602
1683499947365317,1683499947376326d,11009
1683499947382270,1683499947382629d,359
1683499947388052,1683499947389462d,1410
1683499947389767,1683499947396284d,6517
1683499947396586,1683499947402568d,5982
1683499947412092,1683499947412207d,115
1683499947412518,1683499947413049d,531
1683499947418912,1683499947424237d,5325
1683499947438874,1683499947438876d,2
1683499947439056,1683499947439759d,703
1683499947440015,1683499947448279d,8264
1683499947460080,1683499947460279d,199
1683499947460461,1683499947461060d,599
1683499947461303,1683499947468155d,6852
1683499947476110,1683499947476333d,223
1683499947484095,1683499947484139d,44
1683499947496119,1683499947496171d,52
1683499947508074,1683499947508166d,92
1683499947520120,1683499947520241d,121
1683499947528087,1683499947528338d,251
1683499947528561,1683499947534549d,5988
1683499947540096,1683499947540317d,221
1683499947540572,1683499947541185d,613
1683499947541489,1683499947552246d,10757
1683499947552510,1683499947553077d,567
1683499947553357,1683499947564310d,10953
1683499947564507,1683499947565317d,810
1683499947565481,1683499947566122d,641
1683499947566361,1683499947566910d,549
1683499947567149,1683499947572221d,5072
1683499947572461,1683499947572985d,524
1683499947573247,1683499947580182d,6935
1683499947580649,1683499947582143d,1494
1683499947588087,1683499947588260d,173
1683499947588453,1683499947589036d,583
1683499947589284,1683499947596778d,7494
1683499947596796,1683499947603718d,6922
1683499947603746,1683499947604693d,947
1683499947604983,1683499947606997d,2014
1683499947607267,1683499947612180d,4913
1683499947612430,1683499947613017d,587
1683499947613275,1683499947620169d,6894
1683499947628099,1683499947628195d,96
1683499947636003,1683499947636181d,178
1683499947644073,1683499947644215d,142
1683499947644481,1683499947645081d,600
1683499947645369,1683499947652187d,6818
1683499947660071,1683499947660161d,90
1683499947668079,1683499947668222d,143
1683499947668499,1683499947668975d,476
1683499947669251,1683499947676293d,7042
1683499947684096,1683499947684110d,14
1683499947692084,1683499947692181d,97
1683499947704106,1683499947704126d,20
1683499947712068,1683499947712227d,159
1683499947720060,1683499947720233d,173
1683499947720460,1683499947721039d,579
1683499947721263,1683499947728231d,6968
1683499947740154,1683499947740252d,98
1683499947748089,1683499947748149d,60
1683499947760107,1683499947760223d,116
1683499947772085,1683499947772149d,64
1683499947780072,1683499947780193d,121
1683499947788068,1683499947788159d,91
1683499947800155,1683499947800420d,265
1683499947808157,1683499947808297d,140
1683499947808521,1683499947809161d,640
1683499947809437,1683499947816303d,6866
1683499947828146,1683499947828259d,113
1683499947836055,1683499947836149d,94
1683499947844110,1683499947844241d,131
1683499947844465,1683499947845109d,644
1683499947852093,1683499947852307d,214
1683499947852515,1683499947853049d,534
1683499947853291,1683499947860158d,6867
1683499947868083,1683499947868168d,85
1683499947876031,1683499947876193d,162
1683499947888065,1683499947888161d,96
1683499947900120,1683499947900138d,18
1683499947912166,1683499947912194d,28
1683499947912462,1683499947913057d,595
1683499947913268,1683499947920170d,6902
1683499947932105,1683499947932230d,125
1683499947940123,1683499947940166d,43
1683499947952076,1683499947952216d,140
1683499947964105,1683499947964231d,126
1683499947976113,1683499947976260d,147
1683499947976544,1683499947977207d,663
1683499947977479,1683499947977983d,504
1683499947978265,1683499947978906d,641
1683499947984020,1683499947984095d,75
1683499947996191,1683499947996226d,35
1683499948004091,1683499948004182d,91
1683499948012088,1683499948012175d,87
1683499948024105,1683499948024345d,240
1683499948024570,1683499948025145d,575
1683499948025404,1683499948036226d,10822
1683499948036464,1683499948037091d,627
1683499948037291,1683499948044252d,6961
1683499948052040,1683499948052133d,93
1683499948064096,1683499948064177d,81
1683499948076146,1683499948076195d,49
1683499948084080,1683499948084249d,169
1683499948096125,1683499948096321d,196
1683499948108222,1683499948108322d,100
1683499948120139,1683499948120403d,264
1683499948128136,1683499948128422d,286
1683499948140170,1683499948140256d,86
1683499948152103,1683499948152261d,158
1683499948152518,1683499948153053d,535
1683499948153336,1683499948164255d,10919
1683499948172175,1683499948172262d,87
1683499948180120,1683499948180261d,141
1683499948192151,1683499948192245d,94
1683499948200168,1683499948200268d,100
1683499948208080,1683499948208188d,108
1683499948220122,1683499948220308d,186
1683499948232112,1683499948232285d,173
1683499948240130,1683499948240272d,142
1683499948248103,1683499948248273d,170
1683499948248581,1683499948249105d,524
1683499948249399,1683499948256236d,6837
1683499948268113,1683499948268210d,97
1683499948280160,1683499948280357d,197
1683499948280572,1683499948281248d,676
1683499948281462,1683499948292361d,10899
1683499948304179,1683499948304311d,132
1683499948316176,1683499948316286d,110
1683499948328143,1683499948328378d,235
1683499948328603,1683499948334602d,5999
1683499948340115,1683499948340329d,214
1683499948340606,1683499948341209d,603
1683499948346727,1683499948348315d,1588
1683499948360091,1683499948360326d,235
1683499948372085,1683499948372327d,242
1683499948380046,1683499948380240d,194
1683499948388066,1683499948388328d,262
1683499948396072,1683499948396369d,297
1683499948396649,1683499948397259d,610
1683499948397518,1683499948408332d,10814
1683499948416119,1683499948416266d,147
1683499948424131,1683499948424341d,210
1683499948432096,1683499948432354d,258
1683499948440072,1683499948440309d,237
1683499948448052,1683499948448427d,375
1683499948448648,1683499948449253d,605
1683499948449540,1683499948460433d,10893
1683499948472091,1683499948472289d,198
1683499948484136,1683499948484333d,197
1683499948496071,1683499948496339d,268
1683499948496574,1683499948504307d,7733
1683499948504518,1683499948512308d,7790
1683499948524117,1683499948524421d,304
1683499948530255,1683499948532218d,1963
1683499948532466,1683499948533084d,618
1683499948533319,1683499948544307d,10988
1683499948552132,1683499948552323d,191
1683499948560033,1683499948560318d,285
1683499948560552,1683499948561170d,618
1683499948561430,1683499948568264d,6834
1683499948576068,1683499948576385d,317
1683499948576632,1683499948577227d,595
1683499948577477,1683499948588289d,10812
1683499948596087,1683499948596295d,208
1683499948608135,1683499948608335d,200
1683499948620176,1683499948620270d,94
1683499948632163,1683499948632314d,151
1683499948644135,1683499948644303d,168
1683499948656117,1683499948656409d,292
1683499948656843,1683499948657433d,590
1683499948657680,1683499948658254d,574
1683499948658683,1683499948664336d,5653
1683499948664572,1683499948669449d,4877
1683499948669703,1683499948670356d,653
1683499948670588,1683499948671264d,676
1683499948676100,1683499948676264d,164
1683499948688109,1683499948688207d,98
1683499948700089,1683499948700174d,85
1683499948712115,1683499948712175d,60
1683499948718314,1683499948718657d,343
1683499948718863,1683499948719451d,588
1683499948719679,1683499948724183d,4504
1683499948732108,1683499948732256d,148
1683499948744115,1683499948744203d,88
1683499948756119,1683499948756258d,139
1683499948764126,1683499948764239d,113
1683499948776163,1683499948776307d,144
1683499948776516,1683499948777132d,616
1683499948777399,1683499948788190d,10791
1683499948796168,1683499948796218d,50
1683499948804183,1683499948804304d,121
1683499948804537,1683499948805145d,608
1683499948805377,1683499948812257d,6880
1683499948820062,1683499948820194d,132
1683499948826253,1683499948826563d,310
1683499948834253,1683499948834546d,293
1683499948844116,1683499948844157d,41
1683499948856147,1683499948856216d,69
1683499948868164,1683499948868208d,44
1683499948876115,1683499948876163d,48
1683499948888207,1683499948888209d,2
1683499948900154,1683499948900185d,31
1683499948912133,1683499948912162d,29
1683499948924107,1683499948924204d,97
1683499948936061,1683499948936206d,145
1683499948936462,1683499948937013d,551
1683499948937311,1683499948948193d,10882
1683499948960144,1683499948960250d,106
1683499948968091,1683499948968227d,136
1683499948976069,1683499948976241d,172
1683499948988099,1683499948988225d,126
1683499949000137,1683499949000281d,144
1683499949008076,1683499949008078d,2
1683499949016220,1683499949016222d,2
1683499949026918,1683499949026920d,2
1683499949026956,1683499949027680d,724
1683499949036102,1683499949036112d,10
1683499949044049,1683499949044050d,1
1683499949056044,1683499949056045d,1
1683499949068063,1683499949068065d,2
1683499949078849,1683499949078851d,2
1683499949090901,1683499949090903d,2
1683499949096067,1683499949096162d,95
1683499949096394,1683499949096933d,539
1683499949097193,1683499949108188d,10995
1683499949120170,1683499949120215d,45
1683499949120460,1683499949128246d,7786
1683499949128501,1683499949129926d,1425
1683499949134866,1683499949134867d,1
1683499949135179,1683499949136163d,984
1683499949146856,1683499949146857d,1
1683499949147091,1683499949147674d,583
1683499949156092,1683499949156206d,114
1683499949168126,1683499949168246d,120
1683499949168490,1683499949173416d,4926
1683499949173692,1683499949184243d,10551
1683499949184503,1683499949185223d,720
1683499949188984,1683499949196316d,7332
1683499949196476,1683499949197083d,607
1683499949197334,1683499949208213d,10879
1683499949208469,1683499949209123d,654
1683499949209366,1683499949220208d,10842
1683499949228066,1683499949228270d,204
1683499949236064,1683499949236158d,94
1683499949244073,1683499949244234d,161
1683499949244449,1683499949245491d,1042
1683499949245721,1683499949252315d,6594
1683499949252552,1683499949253066d,514
1683499949253351,1683499949260165d,6814
1683499949268146,1683499949268239d,93
1683499949276109,1683499949276185d,76
1683499949288126,1683499949288162d,36
1683499949300135,1683499949300365d,230
1683499949312097,1683499949312318d,221
1683499949312530,1683499949313062d,532
1683499949313431,1683499949324169d,10738
1683499949336106,1683499949336417d,311
1683499949348105,1683499949348240d,135
1683499949356104,1683499949356241d,137
1683499949356472,1683499949357012d,540
1683499949357311,1683499949368299d,10988
1683499949376057,1683499949376164d,107
1683499949384072,1683499949384205d,133
1683499949396111,1683499949396168d,57
1683499949396426,1683499949397012d,586
1683499949397312,1683499949397845d,533
1683499949398088,1683499949404177d,6089
1683499949416161,1683499949416170d,9
1683499949428221,1683499949428250d,29
1683499949440185,1683499949440246d,61
1683499949452179,1683499949452305d,126
1683499949452594,1683499949453185d,591
1683499949453454,1683499949453999d,545
1683499949454240,1683499949460270d,6030
1683499949460523,1683499949461122d,599
1683499949468106,1683499949468224d,118
1683499949480163,1683499949480269d,106
1683499949488175,1683499949488209d,34
1683499949496132,1683499949496362d,230
1683499949504148,1683499949504288d,140
1683499949512066,1683499949512191d,125
1683499949520122,1683499949520242d,120
1683499949528224,1683499949528226d,2
1683499949536080,1683499949536194d,114
1683499949544028,1683499949544199d,171
1683499949552018,1683499949552230d,212
1683499949564087,1683499949564185d,98
1683499949572119,1683499949572208d,89
1683499949580109,1683499949580223d,114
1683499949580470,1683499949588135d,7665
1683499949596110,1683499949596152d,42
1683499949604186,1683499949604209d,23
1683499949604475,1683499949605081d,606
1683499949605326,1683499949612292d,6966
1683499949620134,1683499949620288d,154
1683499949628077,1683499949628269d,192
1683499949636114,1683499949636352d,238
1683499949648131,1683499949648312d,181
1683499949648602,1683499949649202d,600
1683499949649437,1683499949660340d,10903
1683499949668097,1683499949668388d,291
1683499949676089,1683499949676282d,193
1683499949684119,1683499949684286d,167
1683499949696153,1683499949696314d,161
1683499949708126,1683499949708366d,240
1683499949720182,1683499949720314d,132
1683499949730852,1683499949730853d,1
1683499949731105,1683499949731871d,766
1683499949732099,1683499949736337d,4238
1683499949744133,1683499949744253d,120
1683499949752120,1683499949752318d,198
1683499949760128,1683499949760266d,138
1683499949768049,1683499949768318d,269
1683499949776130,1683499949776265d,135
1683499949788180,1683499949788325d,145
1683499949796082,1683499949796247d,165
1683499949804080,1683499949804335d,255
1683499949812077,1683499949812329d,252
1683499949820043,1683499949820390d,347
1683499949828175,1683499949828325d,150
1683499949836108,1683499949836348d,240
1683499949844088,1683499949844229d,141
1683499949852127,1683499949852336d,209
1683499949860132,1683499949860351d,219
1683499949868043,1683499949868296d,253
1683499949880214,1683499949880344d,130
1683499949892096,1683499949892357d,261
1683499949892588,1683499949904244d,11656
1683499949912173,1683499949912310d,137
1683499949920139,1683499949920275d,136
1683499949920584,1683499949921175d,591
1683499949921416,1683499949928314d,6898
1683499949936087,1683499949936312d,225
1683499949936506,1683499949937174d,668
1683499949946810,1683499949946811d,1
1683499949956203,1683499949956339d,136
1683499949956561,1683499949957284d,723
1683499949957471,1683499949964307d,6836
1683499949972105,1683499949972319d,214
1683499949972550,1683499949973182d,632
1683499949978726,1683499949980330d,1604
1683499949992132,1683499949992310d,178
1683499950000137,1683499950000269d,132
1683499950008061,1683499950008313d,252
1683499950016030,1683499950016318d,288
1683499950024134,1683499950024290d,156
1683499950024539,1683499950025160d,621
1683499950025408,1683499950032280d,6872
1683499950040104,1683499950040333d,229
1683499950048047,1683499950048361d,314
1683499950056050,1683499950056241d,191
1683499950068212,1683499950068300d,88
1683499950076206,1683499950076350d,144
1683499950076621,1683499950077247d,626
1683499950077508,1683499950084316d,6808
1683499950092099,1683499950092316d,217
1683499950098828,1683499950099459d,631
1683499950110959,1683499950111675d,716
1683499950116049,1683499950116409d,360
1683499950116555,1683499950117317d,762
1683499950123817,1683499950128313d,4496
1683499950136035,1683499950136255d,220
1683499950144035,1683499950144296d,261
1683499950156147,1683499950156274d,127
1683499950164092,1683499950164297d,205
1683499950172076,1683499950172239d,163
1683499950184145,1683499950184324d,179
1683499950192070,1683499950192353d,283
1683499950192580,1683499950193187d,607
1683499950193431,1683499950200265d,6834
1683499950208029,1683499950208335d,306
1683499950216035,1683499950216327d,292
1683499950216543,1683499950217304d,761
1683499950217523,1683499950228332d,10809
1683499950236075,1683499950236284d,209
1683499950248213,1683499950248276d,63
1683499950256153,1683499950256288d,135
1683499950264115,1683499950264231d,116
1683499950272118,1683499950272324d,206
1683499950280135,1683499950280289d,154
1683499950288106,1683499950288281d,175
1683499950296193,1683499950296372d,179
1683499950303311,1683499950303313d,2
1683499950303540,1683499950304313d,773
1683499950310882,1683499950312347d,1465
1683499950318384,1683499950318386d,2
1683499950318696,1683499950319448d,752
1683499950319675,1683499950324248d,4573
1683499950332096,1683499950332349d,253
1683499950340087,1683499950340322d,235
1683499950340514,1683499950341246d,732
1683499950341491,1683499950348337d,6846
1683499950356092,1683499950356347d,255
1683499950364057,1683499950364272d,215
1683499950372051,1683499950372319d,268
1683499950380083,1683499950380315d,232
1683499950380549,1683499950381203d,654
1683499950381434,1683499950388274d,6840
1683499950396023,1683499950396276d,253
1683499950404162,1683499950404317d,155
1683499950412052,1683499950412347d,295
1683499950420093,1683499950420263d,170
1683499950430887,1683499950436212d,5325
1683499950436465,1683499950437098d,633
1683499950437320,1683499950444326d,7006
1683499950452054,1683499950452261d,207
1683499950460080,1683499950460368d,288
1683499950472111,1683499950472332d,221
1683499950484072,1683499950484353d,281
1683499950484589,1683499950486146d,1557
1683499950498362,1683499950498364d,2
1683499950504079,1683499950504274d,195
1683499950516094,1683499950516329d,235
1683499950524131,1683499950524309d,178
1683499950536187,1683499950536327d,140
1683499950548044,1683499950548325d,281
1683499950554286,1683499950554709d,423
1683499950562224,1683499950562715d,491
1683499950570888,1683499950571699d,811
1683499950578871,1683499950579544d,673
1683499950579765,1683499950580465d,700
1683499950586622,1683499950588423d,1801
1683499950598621,1683499950599159d,538
1683499950599408,1683499950608322d,8914
1683499950608562,1683499950609162d,600
1683499950609467,1683499950616350d,6883
1683499950628098,1683499950628383d,285
1683499950628600,1683499950629250d,650
1683499950629486,1683499950636361d,6875
1683499950643995,1683499950644238d,243
1683499950652070,1683499950652407d,337
1683499950652618,1683499950653362d,744
1683499950653565,1683499950654256d,691
1683499950654478,1683499950660279d,5801
1683499950670833,1683499950670834d,1
1683499950680163,1683499950680325d,162
1683499950680541,1683499950681275d,734
1683499950681559,1683499950699785d,18226
1683499950704077,1683499950704314d,237
1683499950712099,1683499950712328d,229
1683499950724079,1683499950724314d,235
1683499950732091,1683499950732377d,286
1683499950732625,1683499950733285d,660
1683499950733516,1683499950740273d,6757
1683499950748123,1683499950748403d,280
1683499950748687,1683499950749301d,614
1683499950749511,1683499950756325d,6814
1683499950764123,1683499950764279d,156
1683499950772119,1683499950772323d,204
1683499950772603,1683499950784309d,11706
1683499950784515,1683499950789448d,4933
1683499950789777,1683499950800336d,10559
1683499950812203,1683499950812356d,153
1683499950820099,1683499950820176d,77
1683499950828138,1683499950828386d,248
1683499950836106,1683499950836199d,93
1683499950844192,1683499950844246d,54
1683499950852122,1683499950852185d,63
1683499950860153,1683499950860277d,124
1683499950868108,1683499950868175d,67
1683499950876136,1683499950876236d,100
1683499950884078,1683499950884152d,74
1683499950892112,1683499950892262d,150
1683499950900073,1683499950900170d,97
1683499950908107,1683499950908256d,149
1683499950920141,1683499950920216d,75
1683499950928150,1683499950928246d,96
1683499950936113,1683499950936225d,112
1683499950936521,1683499950944114d,7593
1683499950944379,1683499950944940d,561
1683499950951264,1683499950952147d,883
1683499950960063,1683499950960216d,153
1683499950968026,1683499950968273d,247
1683499950968508,1683499950969085d,577
1683499950969372,1683499950976217d,6845
1683499950984136,1683499950984194d,58
1683499950992202,1683499950992318d,116
1683499950992572,1683499950993147d,575
1683499950993429,1683499951000230d,6801
1683499951012110,1683499951012216d,106
1683499951024093,1683499951024238d,145
1683499951032091,1683499951032185d,94
1683499951040099,1683499951040199d,100
1683499951048056,1683499951048219d,163
1683499951056118,1683499951056366d,248
1683499951064047,1683499951064213d,166
1683499951072104,1683499951072265d,161
1683499951072494,1683499951073081d,587
1683499951073338,1683499951084220d,10882
1683499951092154,1683499951092227d,73
1683499951100052,1683499951100223d,171
1683499951112126,1683499951112317d,191
1683499951112506,1683499951113159d,653
1683499951113495,1683499951124244d,10749
1683499951132096,1683499951132340d,244
1683499951140157,1683499951140268d,111
1683499951148078,1683499951148171d,93
1683499951156121,1683499951156171d,50
1683499951164121,1683499951164225d,104
1683499951172172,1683499951172208d,36
1683499951184177,1683499951184222d,45
1683499951192093,1683499951192175d,82
1683499951200098,1683499951200315d,217
1683499951200552,1683499951201170d,618
1683499951201447,1683499951208186d,6739
1683499951216087,1683499951216213d,126
1683499951224147,1683499951224263d,116
1683499951232114,1683499951232182d,68
1683499951244145,1683499951244240d,95
1683499951252143,1683499951252274d,131
1683499951260078,1683499951260204d,126
1683499951268125,1683499951268236d,111
1683499951276069,1683499951276193d,124
1683499951288153,1683499951288304d,151
1683499951296116,1683499951296144d,28
1683499951296425,1683499951296859d,434
1683499951304050,1683499951304051d,1
1683499951316073,1683499951316075d,2
1683499951324080,1683499951324081d,1
1683499951332079,1683499951332081d,2
1683499951332429,1683499951332928d,499
1683499951333243,1683499951340179d,6936
1683499951348118,1683499951348257d,139
1683499951356115,1683499951356167d,52
1683499951364150,1683499951364228d,78
1683499951372077,1683499951372155d,78
1683499951380091,1683499951380190d,99
1683499951392121,1683499951392174d,53
1683499951400099,1683499951400226d,127
1683499951408091,1683499951408188d,97
1683499951416100,1683499951416212d,112
1683499951424097,1683499951424124d,27
1683499951424467,1683499951424909d,442
1683499951425219,1683499951425845d,626
1683499951426067,1683499951436244d,10177
1683499951448118,1683499951448318d,200
1683499951454294,1683499951454724d,430
1683499951454957,1683499951455737d,780
1683499951455900,1683499951464252d,8352
1683499951472012,1683499951472291d,279
1683499951472494,1683499951473215d,721
1683499951473397,1683499951480240d,6843
1683499951488082,1683499951488306d,224
1683499951488553,1683499951489060d,507
1683499951489410,1683499951496281d,6871
1683499951496496,1683499951497110d,614
1683499951497361,1683499951508312d,10951
1683499951516011,1683499951516332d,321
1683499951516493,1683499951517155d,662
1683499951517412,1683499951524272d,6860
1683499951532060,1683499951532310d,250
1683499951532688,1683499951533245d,557
1683499951533455,1683499951544237d,10782
1683499951552068,1683499951552274d,206
1683499951560084,1683499951560252d,168
1683499951568087,1683499951568322d,235
1683499951576104,1683499951576219d,115
1683499951584080,1683499951584304d,224
1683499951584564,1683499951585124d,560
1683499951585354,1683499951592234d,6880
1683499951600152,1683499951600399d,247
1683499951600641,1683499951601414d,773
1683499951601640,1683499951602359d,719
1683499951602544,1683499951608231d,5687
1683499951616048,1683499951616276d,228
1683499951624139,1683499951624255d,116
1683499951632087,1683499951632217d,130
1683499951640105,1683499951640292d,187
1683499951640518,1683499951641117d,599
1683499951641342,1683499951648203d,6861
1683499951656065,1683499951656259d,194
1683499951656507,1683499951657103d,596
1683499951657385,1683499951664308d,6923
1683499951672098,1683499951672207d,109
1683499951680152,1683499951680315d,163
1683499951688112,1683499951688188d,76
1683499951696185,1683499951696228d,43
1683499951708114,1683499951708344d,230
1683499951708553,1683499951709178d,625
1683499951709422,1683499951720246d,10824
1683499951720504,1683499951721150d,646
1683499951721436,1683499951732257d,10821
1683499951740072,1683499951740236d,164
1683499951748036,1683499951748203d,167
1683499951756115,1683499951756315d,200
1683499951764085,1683499951764188d,103
1683499951772077,1683499951772244d,167
1683499951780155,1683499951780238d,83
1683499951780493,1683499951781084d,591
1683499951781325,1683499951788252d,6927
1683499951796133,1683499951796268d,135
1683499951804130,1683499951804230d,100
1683499951812128,1683499951812466d,338
1683499951812485,1683499951813329d,844
1683499951813532,1683499951820321d,6789
1683499951820576,1683499951828233d,7657
1683499951828494,1683499951829152d,658
1683499951829356,1683499951836235d,6879
1683499951844081,1683499951844218d,137
1683499951852099,1683499951852252d,153
1683499951852553,1683499951853053d,500
1683499951853274,1683499951860205d,6931
1683499951868061,1683499951868261d,200
1683499951876139,1683499951876320d,181
1683499951884105,1683499951884228d,123
1683499951892091,1683499951892209d,118
1683499951900075,1683499951900292d,217
1683499951908046,1683499951908397d,351
1683499951916120,1683499951916276d,156
1683499951924092,1683499951924205d,113
1683499951936068,1683499951936175d,107
1683499951948212,1683499951948214d,2
1683499951956064,1683499951956352d,288
1683499951964057,1683499951964186d,129
1683499951972085,1683499951972185d,100
1683499951980099,1683499951980227d,128
1683499951988082,1683499951988263d,181
1683499951988473,1683499951996209d,7736
1683499951996478,1683499951997079d,601
1683499951997354,1683499952008228d,10874
1683499952016133,1683499952016301d,168
1683499952028119,1683499952028211d,92
1683499952040118,1683499952040236d,118
1683499952052069,1683499952052236d,167
1683499952060065,1683499952060162d,97
1683499952068123,1683499952068149d,26
1683499952076133,1683499952076168d,35
1683499952084089,1683499952084152d,63
1683499952094845,1683499952094847d,2
1683499952106805,1683499952106807d,2
1683499952107006,1683499952107729d,723
1683499952108036,1683499952116208d,8172
1683499952128167,1683499952128311d,144
1683499952136077,1683499952136142d,65
1683499952144101,1683499952144240d,139
1683499952144520,1683499952152215d,7695
1683499952160158,1683499952160305d,147
1683499952160563,1683499952161166d,603
1683499952161426,1683499952162039d,613
1683499952162283,1683499952168269d,5986
1683499952168593,1683499952169194d,601
1683499952169427,1683499952170017d,590
1683499952170250,1683499952176276d,6026
1683499952184149,1683499952184232d,83
1683499952196113,1683499952196236d,123
1683499952208133,1683499952208172d,39
1683499952220118,1683499952220171d,53
