1683499928094408,1683499928095963d,1555
1683499928096236,1683499928096638d,402
1683499928096934,1683499928104060d,7126
1683499928104319,1683499928104753d,434
1683499928104996,1683499928105440d,444
1683499928105696,1683499928106057d,361
1683499928106306,1683499928106663d,357
1683499928112841,1683499928113264d,423
1683499928113505,1683499928113873d,368
1683499928114141,1683499928114503d,362
1683499928114768,1683499928115142d,374
1683499928115405,1683499928115897d,492
1683499928116219,1683499928116548d,329
1683499928116796,1683499928117178d,382
1683499928117449,1683499928117849d,400
1683499928118113,1683499928118523d,410
1683499928118775,1683499928119115d,340
1683499928119375,1683499928119730d,355
1683499928119968,1683499928120349d,381
1683499928120589,1683499928121019d,430
1683499928121244,1683499928121610d,366
1683499928121869,1683499928122220d,351
1683499928122450,1683499928123059d,609
1683499928123325,1683499928123740d,415
1683499928124023,1683499928124373d,350
1683499928124621,1683499928125016d,395
1683499928125277,1683499928125612d,335
1683499928125859,1683499928126209d,350
1683499928126450,1683499928126821d,371
1683499928127059,1683499928127455d,396
1683499928127741,1683499928128091d,350
1683499928128334,1683499928128721d,387
1683499928128977,1683499928129320d,343
1683499928129560,1683499928129942d,382
1683499928130180,1683499928130585d,405
1683499928130827,1683499928131190d,363
1683499928131433,1683499928131815d,382
1683499928132060,1683499928132476d,416
1683499928132712,1683499928133088d,376
1683499928133333,1683499928133731d,398
1683499928133982,1683499928134304d,322
1683499928134547,1683499928134952d,405
1683499928135210,1683499928135589d,379
1683499928136067,1683499928136449d,382
1683499928136676,1683499928137049d,373
1683499928137300,1683499928137689d,389
1683499928137934,1683499928138312d,378
1683499928138554,1683499928138998d,444
1683499928139245,1683499928139634d,389
1683499928139899,1683499928140235d,336
1683499928140479,1683499928140811d,332
1683499928141056,1683499928141415d,359
1683499928141645,1683499928142022d,377
1683499928142318,1683499928142673d,355
1683499928142919,1683499928143372d,453
1683499928143628,1683499928143999d,371
1683499928144219,1683499928144581d,362
1683499928144831,1683499928145211d,380
1683499928145464,1683499928145925d,461
1683499928146178,1683499928146570d,392
1683499928146823,1683499928147201d,378
1683499928147442,1683499928147865d,423
1683499928148058,1683499928148469d,411
1683499928148710,1683499928149096d,386
1683499928149342,1683499928149668d,326
1683499928149917,1683499928150273d,356
1683499928150511,1683499928150881d,370
1683499928151167,1683499928151471d,304
1683499928151705,1683499928152103d,398
1683499928152336,1683499928152754d,418
1683499928152980,1683499928153348d,368
1683499928153592,1683499928153950d,358
1683499928160770,1683499928161175d,405
1683499928161436,1683499928161791d,355
1683499928162102,1683499928162404d,302
1683499928162661,1683499928163001d,340
1683499928163256,1683499928163668d,412
1683499928163933,1683499928164276d,343
1683499928164522,1683499928164873d,351
1683499928165113,1683499928165473d,360
1683499928165708,1683499928166146d,438
1683499928166409,1683499928166764d,355
1683499928166996,1683499928167355d,359
1683499928167606,1683499928167951d,345
1683499928168183,1683499928168540d,357
1683499928168783,1683499928169142d,359
1683499928169384,1683499928169728d,344
1683499928169975,1683499928170350d,375
1683499928170588,1683499928170942d,354
1683499928171190,1683499928171554d,364
1683499928171786,1683499928172184d,398
1683499928172437,1683499928172798d,361
1683499928173034,1683499928173386d,352
1683499928173646,1683499928173981d,335
1683499928174218,1683499928174590d,372
1683499928174844,1683499928175243d,399
1683499928175476,1683499928175899d,423
1683499928176143,1683499928176526d,383
1683499928176758,1683499928177169d,411
1683499928177412,1683499928177806d,394
1683499928178045,1683499928178380d,335
1683499928178621,1683499928179008d,387
1683499928179239,1683499928179593d,354
1683499928179849,1683499928180246d,397
1683499928180486,1683499928180851d,365
1683499928181085,1683499928181484d,399
1683499928181719,1683499928182088d,369
1683499928182325,1683499928182722d,397
1683499928182976,1683499928183335d,359
1683499928183602,1683499928184003d,401
1683499928184238,1683499928184639d,401
1683499928184879,1683499928185270d,391
1683499928185509,1683499928185925d,416
1683499928186166,1683499928186525d,359
1683499928186757,1683499928187104d,347
1683499928187356,1683499928187711d,355
1683499928187944,1683499928188327d,383
1683499928188782,1683499928189210d,428
1683499928189445,1683499928189842d,397
1683499928190098,1683499928190456d,358
1683499928190699,1683499928191050d,351
1683499928191331,1683499928191657d,326
1683499928191904,1683499928192254d,350
1683499928192495,1683499928192837d,342
1683499928193102,1683499928193430d,328
1683499928193709,1683499928194082d,373
1683499928194328,1683499928194717d,389
1683499928194961,1683499928195340d,379
1683499928195570,1683499928195994d,424
1683499928196240,1683499928196590d,350
1683499928196834,1683499928197240d,406
1683499928197478,1683499928197993d,515
1683499928198195,1683499928198568d,373
1683499928198831,1683499928199181d,350
1683499928199426,1683499928199825d,399
1683499928200084,1683499928200456d,372
1683499928200717,1683499928201068d,351
1683499928201337,1683499928201693d,356
1683499928201937,1683499928202331d,394
1683499928202593,1683499928202965d,372
1683499928203204,1683499928203577d,373
1683499928203846,1683499928204219d,373
1683499928204470,1683499928204862d,392
1683499928205112,1683499928205532d,420
1683499928205772,1683499928206171d,399
1683499928206440,1683499928206804d,364
1683499928207490,1683499928207491d,1
1683499928207712,1683499928208128d,416
1683499928208373,1683499928208724d,351
1683499928208977,1683499928209350d,373
1683499928209598,1683499928209948d,350
1683499928210206,1683499928210542d,336
1683499928210801,1683499928211141d,340
1683499928211415,1683499928211852d,437
1683499928212098,1683499928212474d,376
1683499928212730,1683499928213122d,392
1683499928213358,1683499928213766d,408
1683499928214056,1683499928214369d,313
1683499928214638,1683499928214988d,350
1683499928215246,1683499928215622d,376
1683499928215877,1683499928216242d,365
1683499928216476,1683499928216929d,453
1683499928222782,1683499928222784d,2
1683499928222925,1683499928223471d,546
1683499928223736,1683499928224078d,342
1683499928224335,1683499928224684d,349
1683499928224960,1683499928225311d,351
1683499928226099,1683499928226556d,457
1683499928226851,1683499928227217d,366
1683499928227474,1683499928227868d,394
1683499928228120,1683499928228500d,380
1683499928228757,1683499928229138d,381
1683499928229374,1683499928229748d,374
1683499928229993,1683499928230368d,375
1683499928230596,1683499928230984d,388
1683499928231250,1683499928231602d,352
1683499928231847,1683499928232210d,363
1683499928232478,1683499928232886d,408
1683499928233150,1683499928233527d,377
1683499928233767,1683499928234120d,353
1683499928234377,1683499928234779d,402
1683499928235046,1683499928235411d,365
1683499928235666,1683499928236090d,424
1683499928236353,1683499928236734d,381
1683499928236976,1683499928237343d,367
1683499928237581,1683499928237967d,386
1683499928238224,1683499928238603d,379
1683499928238891,1683499928239245d,354
1683499928239478,1683499928239879d,401
1683499928240169,1683499928240531d,362
1683499928240782,1683499928241174d,392
1683499928241429,1683499928241785d,356
1683499928242038,1683499928242487d,449
1683499928242743,1683499928243144d,401
1683499928243407,1683499928243837d,430
1683499928244096,1683499928244515d,419
1683499928244766,1683499928245195d,429
1683499928245468,1683499928245954d,486
1683499928246174,1683499928246690d,516
1683499928246905,1683499928247293d,388
1683499928247549,1683499928247946d,397
1683499928248383,1683499928248555d,172
1683499928256021,1683499928256023d,2
1683499928256285,1683499928256672d,387
1683499928256933,1683499928257378d,445
1683499928257618,1683499928258034d,416
1683499928258298,1683499928258627d,329
1683499928258896,1683499928259267d,371
1683499928259556,1683499928259951d,395
1683499928260286,1683499928260594d,308
1683499928260850,1683499928261177d,327
1683499928261433,1683499928261757d,324
1683499928262230,1683499928262353d,123
1683499928262623,1683499928262928d,305
1683499928264693,1683499928264894d,201
1683499928265166,1683499928265638d,472
1683499928265884,1683499928266242d,358
1683499928266510,1683499928266848d,338
1683499928267104,1683499928267438d,334
1683499928267700,1683499928268029d,329
1683499928268292,1683499928268627d,335
1683499928268878,1683499928269222d,344
1683499928269461,1683499928269812d,351
1683499928270069,1683499928270529d,460
1683499928270791,1683499928271092d,301
1683499928271346,1683499928271712d,366
1683499928271975,1683499928272309d,334
1683499928272571,1683499928272890d,319
1683499928273142,1683499928273470d,328
1683499928273726,1683499928274059d,333
1683499928274394,1683499928274647d,253
1683499928274951,1683499928275252d,301
1683499928275518,1683499928275946d,428
1683499928276205,1683499928276551d,346
1683499928276807,1683499928277143d,336
1683499928277409,1683499928277746d,337
1683499928278021,1683499928278393d,372
1683499928278647,1683499928279007d,360
1683499928279266,1683499928279604d,338
1683499928279880,1683499928280212d,332
1683499928280463,1683499928280816d,353
1683499928281073,1683499928281442d,369
1683499928281698,1683499928282066d,368
1683499928282327,1683499928282691d,364
1683499928282947,1683499928283312d,365
1683499928283567,1683499928283932d,365
1683499928284176,1683499928284565d,389
1683499928284889,1683499928285211d,322
1683499928285543,1683499928285946d,403
1683499928286202,1683499928286673d,471
1683499928286908,1683499928287379d,471
1683499928287640,1683499928288075d,435
1683499928288337,1683499928288694d,357
1683499928288959,1683499928289357d,398
1683499928289624,1683499928289983d,359
1683499928290246,1683499928290664d,418
1683499928290916,1683499928291292d,376
1683499928291567,1683499928291931d,364
1683499928292180,1683499928292556d,376
1683499928292818,1683499928293170d,352
1683499928293422,1683499928293759d,337
1683499928294030,1683499928294354d,324
1683499928294627,1683499928295004d,377
1683499928295275,1683499928295671d,396
1683499928295923,1683499928296320d,397
1683499928296583,1683499928296932d,349
1683499928297178,1683499928297561d,383
1683499928297838,1683499928298262d,424
1683499928298543,1683499928298874d,331
1683499928299131,1683499928299507d,376
1683499928299733,1683499928300118d,385
1683499928300382,1683499928300820d,438
1683499928301081,1683499928301422d,341
1683499928301707,1683499928302050d,343
1683499928302359,1683499928302667d,308
1683499928302939,1683499928303283d,344
1683499928303530,1683499928303917d,387
1683499928304175,1683499928304771d,596
1683499928305102,1683499928305383d,281
1683499928305655,1683499928305988d,333
1683499928306289,1683499928306616d,327
1683499928306889,1683499928307205d,316
1683499928307486,1683499928307810d,324
1683499928308078,1683499928308396d,318
1683499928308630,1683499928309003d,373
1683499928309279,1683499928309713d,434
1683499928309983,1683499928310310d,327
1683499928310584,1683499928310988d,404
1683499928311252,1683499928311625d,373
1683499928311902,1683499928312222d,320
1683499928312498,1683499928312822d,324
1683499928313092,1683499928313472d,380
1683499928313732,1683499928314064d,332
1683499928314342,1683499928314722d,380
1683499928314976,1683499928315357d,381
1683499928315612,1683499928315983d,371
1683499928316248,1683499928316600d,352
1683499928316869,1683499928317258d,389
1683499928318134,1683499928318136d,2
1683499928318497,1683499928318822d,325
1683499928319087,1683499928319454d,367
1683499928319727,1683499928320075d,348
1683499928320344,1683499928320701d,357
1683499928320964,1683499928321401d,437
1683499928321665,1683499928322024d,359
1683499928322287,1683499928322667d,380
1683499928322917,1683499928323272d,355
1683499928323529,1683499928323931d,402
1683499928324192,1683499928324574d,382
1683499928324857,1683499928325259d,402
1683499928325519,1683499928325890d,371
1683499928326159,1683499928326525d,366
1683499928326785,1683499928327116d,331
1683499928327389,1683499928327731d,342
1683499928327994,1683499928328324d,330
1683499928328629,1683499928328967d,338
1683499928329237,1683499928329580d,343
1683499928329814,1683499928330216d,402
1683499928330464,1683499928330825d,361
1683499928331078,1683499928331514d,436
1683499928331791,1683499928332142d,351
1683499928332396,1683499928332792d,396
1683499928333105,1683499928333416d,311
1683499928333667,1683499928334079d,412
1683499928334307,1683499928334688d,381
1683499928334917,1683499928335352d,435
1683499928335585,1683499928335981d,396
1683499928336240,1683499928336641d,401
1683499928336852,1683499928337231d,379
1683499928337482,1683499928337838d,356
1683499928338071,1683499928338459d,388
1683499928338730,1683499928339100d,370
1683499928339332,1683499928339706d,374
1683499928339943,1683499928340338d,395
1683499928340572,1683499928341019d,447
1683499928341246,1683499928341644d,398
1683499928341889,1683499928342286d,397
1683499928342581,1683499928342924d,343
1683499928343160,1683499928343564d,404
1683499928343783,1683499928344224d,441
1683499928344473,1683499928344895d,422
1683499928345156,1683499928345518d,362
1683499928345754,1683499928346133d,379
1683499928346388,1683499928346777d,389
1683499928347012,1683499928347453d,441
1683499928347696,1683499928348104d,408
1683499928348350,1683499928348760d,410
1683499928349041,1683499928349383d,342
1683499928349609,1683499928350017d,408
1683499928350267,1683499928350647d,380
1683499928350905,1683499928351284d,379
1683499928351511,1683499928351953d,442
1683499928352187,1683499928352592d,405
1683499928352836,1683499928353231d,395
1683499928353466,1683499928353856d,390
1683499928354100,1683499928354519d,419
1683499928354758,1683499928355176d,418
1683499928355401,1683499928355831d,430
1683499928356065,1683499928356497d,432
1683499928356740,1683499928357138d,398
1683499928357378,1683499928357788d,410
1683499928358037,1683499928358417d,380
1683499928358663,1683499928359096d,433
1683499928359354,1683499928359757d,403
1683499928359981,1683499928360375d,394
1683499928360632,1683499928361001d,369
1683499928361233,1683499928361598d,365
1683499928361821,1683499928362262d,441
1683499928362500,1683499928362882d,382
1683499928363122,1683499928363506d,384
1683499928363836,1683499928364140d,304
1683499928364372,1683499928364750d,378
1683499928364989,1683499928365377d,388
1683499928365616,1683499928365985d,369
1683499928366230,1683499928366602d,372
1683499928366833,1683499928367243d,410
1683499928367483,1683499928367876d,393
1683499928368141,1683499928368520d,379
1683499928368760,1683499928369145d,385
1683499928369378,1683499928369774d,396
1683499928370005,1683499928370395d,390
1683499928370623,1683499928371017d,394
1683499928371243,1683499928371625d,382
1683499928371875,1683499928372279d,404
1683499928372524,1683499928372902d,378
1683499928373151,1683499928373565d,414
1683499928373820,1683499928374190d,370
1683499928374449,1683499928374819d,370
1683499928375062,1683499928375468d,406
1683499928375715,1683499928376172d,457
1683499928383717,1683499928383719d,2
1683499928383744,1683499928384400d,656
1683499928384627,1683499928385076d,449
1683499928385319,1683499928385727d,408
1683499928386090,1683499928386358d,268
1683499928386619,1683499928386961d,342
1683499928387230,1683499928387565d,335
1683499928387824,1683499928388212d,388
1683499928388449,1683499928388922d,473
1683499928389167,1683499928389561d,394
1683499928389786,1683499928390162d,376
1683499928390408,1683499928390790d,382
1683499928391038,1683499928391432d,394
1683499928391670,1683499928392066d,396
1683499928392307,1683499928392702d,395
1683499928392943,1683499928393339d,396
1683499928393557,1683499928393933d,376
1683499928394179,1683499928394595d,416
1683499928394810,1683499928395291d,481
1683499928395505,1683499928395971d,466
1683499928396198,1683499928396581d,383
1683499928396799,1683499928397224d,425
1683499928397438,1683499928397835d,397
1683499928398076,1683499928398441d,365
1683499928398683,1683499928399038d,355
1683499928399250,1683499928399681d,431
1683499928399857,1683499928400287d,430
1683499928400528,1683499928400911d,383
1683499928401140,1683499928401550d,410
1683499928401802,1683499928402170d,368
1683499928402406,1683499928402760d,354
1683499928402964,1683499928403366d,402
1683499928403590,1683499928403976d,386
1683499928404198,1683499928404592d,394
1683499928411713,1683499928411715d,2
1683499928411734,1683499928412356d,622
1683499928412606,1683499928413014d,408
1683499928413264,1683499928413631d,367
1683499928413882,1683499928414227d,345
1683499928414506,1683499928414849d,343
1683499928415087,1683499928415584d,497
1683499928415809,1683499928416258d,449
1683499928416484,1683499928416907d,423
1683499928417148,1683499928417534d,386
1683499928417812,1683499928418267d,455
1683499928418514,1683499928418971d,457
1683499928419207,1683499928419584d,377
1683499928419799,1683499928420213d,414
1683499928420464,1683499928420835d,371
1683499928421061,1683499928421448d,387
1683499928421656,1683499928422061d,405
1683499928422305,1683499928422725d,420
1683499928422964,1683499928423343d,379
1683499928423571,1683499928423986d,415
1683499928424227,1683499928424597d,370
1683499928424825,1683499928425283d,458
1683499928425528,1683499928425901d,373
1683499928426129,1683499928426581d,452
1683499928426799,1683499928427224d,425
1683499928427462,1683499928427884d,422
1683499928428096,1683499928428510d,414
1683499928428780,1683499928429153d,373
1683499928429364,1683499928429752d,388
1683499928429979,1683499928430363d,384
1683499928430569,1683499928430983d,414
1683499928431245,1683499928431613d,368
1683499928431819,1683499928432213d,394
1683499928432432,1683499928432835d,403
1683499928433036,1683499928433450d,414
1683499928433738,1683499928434093d,355
1683499928434309,1683499928434778d,469
1683499928435033,1683499928435420d,387
1683499928435671,1683499928436032d,361
1683499928436309,1683499928436659d,350
1683499928436885,1683499928437252d,367
1683499928437506,1683499928437859d,353
1683499928438086,1683499928438471d,385
1683499928438685,1683499928439108d,423
1683499928439313,1683499928439726d,413
1683499928439935,1683499928440390d,455
1683499928440601,1683499928441002d,401
1683499928441277,1683499928441635d,358
1683499928441863,1683499928442231d,368
1683499928442443,1683499928442849d,406
1683499928443075,1683499928443491d,416
1683499928443726,1683499928444135d,409
1683499928444390,1683499928444732d,342
1683499928445007,1683499928445342d,335
1683499928445610,1683499928451914d,6304
1683499928452121,1683499928452550d,429
1683499928452790,1683499928453181d,391
1683499928453450,1683499928453846d,396
1683499928454035,1683499928454449d,414
1683499928454680,1683499928455076d,396
1683499928455333,1683499928455704d,371
1683499928455976,1683499928456352d,376
1683499928456611,1683499928456967d,356
1683499928457190,1683499928457612d,422
1683499928457826,1683499928458242d,416
1683499928458477,1683499928458874d,397
1683499928459101,1683499928459521d,420
1683499928459748,1683499928460131d,383
1683499928460342,1683499928460741d,399
1683499928461005,1683499928461341d,336
1683499928461580,1683499928461936d,356
1683499928462192,1683499928462549d,357
1683499928462809,1683499928463166d,357
1683499928463424,1683499928463797d,373
1683499928464015,1683499928464428d,413
1683499928464650,1683499928465039d,389
1683499928465293,1683499928465657d,364
1683499928472794,1683499928473282d,488
1683499928473561,1683499928473978d,417
1683499928474213,1683499928474608d,395
1683499928474857,1683499928475206d,349
1683499928475462,1683499928475831d,369
1683499928476050,1683499928476444d,394
1683499928476689,1683499928477064d,375
1683499928477277,1683499928477686d,409
1683499928477934,1683499928478280d,346
1683499928478501,1683499928478920d,419
1683499928479177,1683499928479568d,391
1683499928479781,1683499928480233d,452
1683499928480499,1683499928480865d,366
1683499928481082,1683499928481494d,412
1683499928481714,1683499928482122d,408
1683499928482340,1683499928482752d,412
1683499928483006,1683499928483360d,354
1683499928483631,1683499928483985d,354
1683499928484215,1683499928484621d,406
1683499928484898,1683499928485292d,394
1683499928485554,1683499928492036d,6482
1683499928492301,1683499928492686d,385
1683499928492937,1683499928493349d,412
1683499928493574,1683499928493958d,384
1683499928494205,1683499928494662d,457
1683499928494901,1683499928495332d,431
1683499928495559,1683499928495960d,401
1683499928496212,1683499928496603d,391
1683499928496836,1683499928497223d,387
1683499928497440,1683499928497841d,401
1683499928498094,1683499928498492d,398
1683499928498738,1683499928499135d,397
1683499928499393,1683499928499753d,360
1683499928504786,1683499928505212d,426
1683499928505451,1683499928505834d,383
1683499928506066,1683499928506428d,362
1683499928506690,1683499928507036d,346
1683499928507294,1683499928507690d,396
1683499928507907,1683499928508312d,405
1683499928508541,1683499928508938d,397
1683499928509195,1683499928509651d,456
1683499928509877,1683499928510273d,396
1683499928510491,1683499928510912d,421
1683499928511159,1683499928511509d,350
1683499928511766,1683499928512118d,352
1683499928512355,1683499928512764d,409
1683499928513018,1683499928513379d,361
1683499928513659,1683499928514008d,349
1683499928514233,1683499928514630d,397
1683499928514866,1683499928515193d,327
1683499928515493,1683499928515731d,238
1683499928516003,1683499928516270d,267
1683499928523980,1683499928523981d,1
1683499928531285,1683499928531287d,2
1683499928531315,1683499928531986d,671
1683499928532207,1683499928532610d,403
1683499928532863,1683499928533239d,376
1683499928533481,1683499928533940d,459
1683499928534135,1683499928534557d,422
1683499928534833,1683499928535191d,358
1683499928535531,1683499928535811d,280
1683499928542618,1683499928542884d,266
1683499928543147,1683499928543534d,387
1683499928543806,1683499928544179d,373
1683499928544411,1683499928544784d,373
1683499928545017,1683499928545390d,373
1683499928545645,1683499928546005d,360
1683499928546250,1683499928546638d,388
1683499928546887,1683499928547271d,384
1683499928547513,1683499928547908d,395
1683499928548164,1683499928548540d,376
1683499928548777,1683499928549137d,360
1683499928549356,1683499928549761d,405
1683499928549976,1683499928550391d,415
1683499928550608,1683499928551045d,437
1683499928551267,1683499928551676d,409
1683499928551881,1683499928552313d,432
1683499928552527,1683499928552928d,401
1683499928553147,1683499928553546d,399
1683499928553759,1683499928554168d,409
1683499928554384,1683499928554810d,426
1683499928555026,1683499928555439d,413
1683499928555717,1683499928556110d,393
1683499928556373,1683499928556723d,350
1683499928556954,1683499928557336d,382
1683499928557570,1683499928557949d,379
1683499928558214,1683499928558572d,358
1683499928558820,1683499928559187d,367
1683499928559421,1683499928559808d,387
1683499928560020,1683499928560441d,421
1683499928560662,1683499928561070d,408
1683499928561309,1683499928561678d,369
1683499928561929,1683499928562286d,357
1683499928562498,1683499928562919d,421
1683499928563153,1683499928563532d,379
1683499928563763,1683499928564179d,416
1683499928564433,1683499928564832d,399
1683499928565058,1683499928565471d,413
1683499928565691,1683499928566094d,403
1683499928566344,1683499928566710d,366
1683499928566959,1683499928567334d,375
1683499928567565,1683499928567976d,411
1683499928568232,1683499928568613d,381
1683499928568830,1683499928569227d,397
1683499928569443,1683499928569874d,431
1683499928570086,1683499928570486d,400
1683499928570744,1683499928571102d,358
1683499928571328,1683499928571705d,377
1683499928571937,1683499928572246d,309
1683499928572527,1683499928572797d,270
1683499928573123,1683499928573344d,221
1683499928573601,1683499928573863d,262
1683499928574142,1683499928574558d,416
1683499928574834,1683499928575206d,372
1683499928575465,1683499928575835d,370
1683499928576087,1683499928576456d,369
1683499928576676,1683499928577156d,480
1683499928577334,1683499928577785d,451
1683499928577996,1683499928578438d,442
1683499928578638,1683499928579173d,535
1683499928579399,1683499928579806d,407
1683499928580050,1683499928580405d,355
1683499928580629,1683499928581076d,447
1683499928581294,1683499928581722d,428
1683499928581976,1683499928582372d,396
1683499928582577,1683499928583007d,430
1683499928583239,1683499928583676d,437
1683499928583920,1683499928584314d,394
1683499928584537,1683499928584956d,419
1683499928585191,1683499928585612d,421
1683499928585833,1683499928586226d,393
1683499928586446,1683499928586848d,402
1683499928587106,1683499928587547d,441
1683499928587743,1683499928588177d,434
1683499928588436,1683499928588858d,422
1683499928589113,1683499928589477d,364
1683499928589722,1683499928590087d,365
1683499928590332,1683499928590711d,379
1683499928590941,1683499928591319d,378
1683499928591528,1683499928591969d,441
1683499928592208,1683499928592588d,380
1683499928592843,1683499928593229d,386
1683499928593472,1683499928593865d,393
1683499928594113,1683499928594502d,389
1683499928594727,1683499928595251d,524
1683499928595484,1683499928595934d,450
1683499928596183,1683499928596593d,410
1683499928596842,1683499928597273d,431
1683499928597503,1683499928597953d,450
1683499928598149,1683499928598619d,470
1683499928598845,1683499928599263d,418
1683499928599482,1683499928599928d,446
1683499928600167,1683499928600574d,407
1683499928600816,1683499928601245d,429
1683499928608829,1683499928609277d,448
1683499928609499,1683499928609920d,421
1683499928610138,1683499928610557d,419
1683499928610781,1683499928611195d,414
1683499928611400,1683499928611822d,422
1683499928616782,1683499928617206d,424
1683499928617426,1683499928617828d,402
1683499928618070,1683499928618450d,380
1683499928618662,1683499928619086d,424
1683499928619293,1683499928619702d,409
1683499928619913,1683499928620367d,454
1683499928620647,1683499928620990d,343
1683499928621213,1683499928621631d,418
1683499928621849,1683499928622258d,409
1683499928622470,1683499928622888d,418
1683499928623128,1683499928623500d,372
1683499928623730,1683499928624440d,710
1683499928624659,1683499928625048d,389
1683499928625270,1683499928625688d,418
1683499928625906,1683499928626327d,421
1683499928626563,1683499928626947d,384
1683499928627197,1683499928627625d,428
1683499928627902,1683499928628263d,361
1683499928628486,1683499928628902d,416
1683499928629145,1683499928629529d,384
1683499928629735,1683499928630115d,380
1683499928630347,1683499928630751d,404
1683499928630967,1683499928631372d,405
1683499928631612,1683499928631990d,378
1683499928632234,1683499928632596d,362
1683499928632818,1683499928633244d,426
1683499928633493,1683499928633861d,368
1683499928634108,1683499928634472d,364
1683499928634742,1683499928635161d,419
1683499928635384,1683499928635772d,388
1683499928636023,1683499928636379d,356
1683499928636631,1683499928637056d,425
1683499928637305,1683499928637694d,389
1683499928637923,1683499928638362d,439
1683499928638595,1683499928638983d,388
1683499928639205,1683499928639668d,463
1683499928639916,1683499928640300d,384
1683499928640558,1683499928640956d,398
1683499928641179,1683499928641565d,386
1683499928641805,1683499928642203d,398
1683499928642417,1683499928642866d,449
1683499928643113,1683499928643558d,445
1683499928643765,1683499928644178d,413
1683499928644408,1683499928644798d,390
1683499928645018,1683499928645486d,468
1683499928645710,1683499928646150d,440
1683499928646357,1683499928646771d,414
1683499928646986,1683499928647462d,476
1683499928647691,1683499928648125d,434
1683499928648340,1683499928648794d,454
1683499928648998,1683499928649425d,427
1683499928649641,1683499928650068d,427
1683499928650275,1683499928650682d,407
1683499928650902,1683499928651309d,407
1683499928651513,1683499928651940d,427
1683499928652146,1683499928652608d,462
1683499928652849,1683499928653224d,375
1683499928653434,1683499928653871d,437
1683499928654095,1683499928654486d,391
1683499928654710,1683499928655156d,446
1683499928655403,1683499928655803d,400
1683499928656020,1683499928656473d,453
1683499928656700,1683499928657120d,420
1683499928657342,1683499928657783d,441
1683499928658007,1683499928658423d,416
1683499928658657,1683499928659055d,398
1683499928659285,1683499928659704d,419
1683499928659914,1683499928660375d,461
1683499928660603,1683499928660988d,385
1683499928661204,1683499928661636d,432
1683499928661856,1683499928662456d,600
1683499928662687,1683499928663089d,402
1683499928663323,1683499928663702d,379
1683499928663900,1683499928664321d,421
1683499928664548,1683499928664940d,392
1683499928665194,1683499928665580d,386
1683499928665782,1683499928666199d,417
1683499928666450,1683499928666826d,376
1683499928667096,1683499928667469d,373
1683499928667720,1683499928668121d,401
1683499928668348,1683499928668751d,403
1683499928669012,1683499928669396d,384
1683499928669637,1683499928670064d,427
1683499928670310,1683499928670714d,404
1683499928670958,1683499928671339d,381
1683499928672009,1683499928672211d,202
1683499928672454,1683499928672833d,379
1683499928673068,1683499928673490d,422
1683499928673726,1683499928674150d,424
1683499928674392,1683499928675107d,715
1683499928675358,1683499928675743d,385
1683499928675991,1683499928676376d,385
1683499928676588,1683499928677049d,461
1683499928677316,1683499928677711d,395
1683499928677964,1683499928678313d,349
1683499928678579,1683499928678955d,376
1683499928679199,1683499928679574d,375
1683499928679829,1683499928680176d,347
1683499928680453,1683499928680790d,337
1683499928681053,1683499928681395d,342
1683499928681641,1683499928682128d,487
1683499928682404,1683499928682775d,371
1683499928683031,1683499928683392d,361
1683499928683664,1683499928684010d,346
1683499928684295,1683499928684616d,321
1683499928685238,1683499928685474d,236
1683499928685725,1683499928686086d,361
1683499928686341,1683499928686712d,371
1683499928687128,1683499928687357d,229
1683499928687632,1683499928687931d,299
1683499928688198,1683499928688496d,298
1683499928688782,1683499928689124d,342
1683499928689375,1683499928689742d,367
1683499928689987,1683499928690387d,400
1683499928690657,1683499928690971d,314
1683499928691269,1683499928691494d,225
1683499928691792,1683499928692016d,224
1683499928692319,1683499928692576d,257
1683499928692849,1683499928693081d,232
1683499928693383,1683499928693628d,245
1683499928693923,1683499928694182d,259
1683499928694456,1683499928694726d,270
1683499928694980,1683499928695289d,309
1683499928695552,1683499928695849d,297
1683499928696134,1683499928696404d,270
1683499928696678,1683499928696944d,266
1683499928697215,1683499928697487d,272
1683499928697766,1683499928698014d,248
1683499928698277,1683499928698633d,356
1683499928698875,1683499928699296d,421
1683499928699524,1683499928699904d,380
1683499928700143,1683499928700584d,441
1683499928700838,1683499928701233d,395
1683499928701532,1683499928701844d,312
1683499928702089,1683499928702451d,362
1683499928702682,1683499928703077d,395
1683499928703323,1683499928703718d,395
1683499928703932,1683499928704358d,426
1683499928704609,1683499928704973d,364
1683499928705217,1683499928705600d,383
1683499928705804,1683499928706214d,410
1683499928706460,1683499928706988d,528
1683499928707228,1683499928707601d,373
1683499928707859,1683499928708305d,446
1683499928708521,1683499928708899d,378
1683499928709144,1683499928709553d,409
1683499928709793,1683499928710185d,392
1683499928710427,1683499928710854d,427
1683499928711096,1683499928711492d,396
1683499928711740,1683499928712226d,486
1683499928712462,1683499928712870d,408
1683499928713120,1683499928713558d,438
1683499928713788,1683499928714222d,434
1683499928714485,1683499928714873d,388
1683499928715138,1683499928715516d,378
1683499928715783,1683499928716139d,356
1683499928716409,1683499928716790d,381
1683499928717005,1683499928717421d,416
1683499928717665,1683499928718026d,361
1683499928718285,1683499928718663d,378
1683499928718911,1683499928719294d,383
1683499928719584,1683499928719938d,354
1683499928720209,1683499928720578d,369
1683499928720834,1683499928721211d,377
1683499928721436,1683499928721932d,496
1683499928722182,1683499928722642d,460
1683499928722873,1683499928723274d,401
1683499928723523,1683499928723906d,383
1683499928724157,1683499928724586d,429
1683499928724800,1683499928725304d,504
1683499928725635,1683499928725996d,361
1683499928726242,1683499928726744d,502
1683499928726982,1683499928727401d,419
1683499928727634,1683499928728068d,434
1683499928728290,1683499928728694d,404
1683499928728924,1683499928729330d,406
1683499928729543,1683499928729941d,398
1683499928730177,1683499928730579d,402
1683499928730867,1683499928731572d,705
1683499928731802,1683499928732220d,418
1683499928732477,1683499928732866d,389
1683499928733114,1683499928733590d,476
1683499928733739,1683499928734276d,537
1683499928734505,1683499928734901d,396
1683499928735140,1683499928735490d,350
1683499928735737,1683499928736143d,406
1683499928736377,1683499928736760d,383
1683499928737003,1683499928737400d,397
1683499928737612,1683499928738034d,422
1683499928738259,1683499928738674d,415
1683499928738919,1683499928739294d,375
1683499928739603,1683499928739911d,308
1683499928740185,1683499928740525d,340
1683499928740773,1683499928741188d,415
1683499928741421,1683499928741793d,372
1683499928742037,1683499928742425d,388
1683499928742646,1683499928743051d,405
1683499928743299,1683499928743672d,373
1683499928743914,1683499928744298d,384
1683499928744540,1683499928744918d,378
1683499928745151,1683499928745644d,493
1683499928745917,1683499928746251d,334
1683499928751224,1683499928751422d,198
1683499928751695,1683499928758322d,6627
1683499928758533,1683499928758965d,432
1683499928759228,1683499928759625d,397
1683499928759888,1683499928760242d,354
1683499928760497,1683499928760848d,351
1683499928761105,1683499928761512d,407
1683499928761738,1683499928762143d,405
1683499928762404,1683499928762760d,356
1683499928763048,1683499928763440d,392
1683499928763681,1683499928764086d,405
1683499928764314,1683499928764725d,411
1683499928764981,1683499928765362d,381
1683499928765602,1683499928765995d,393
1683499928766253,1683499928766614d,361
1683499928766834,1683499928767259d,425
1683499928767472,1683499928767901d,429
1683499928768158,1683499928768551d,393
1683499928768774,1683499928769157d,383
1683499928769427,1683499928769773d,346
1683499928769995,1683499928770382d,387
1683499928770609,1683499928771004d,395
1683499928771253,1683499928771604d,351
1683499928771832,1683499928772223d,391
1683499928772489,1683499928772860d,371
1683499928773129,1683499928773506d,377
1683499928773729,1683499928774130d,401
1683499928774356,1683499928782322d,7966
1683499928782548,1683499928782933d,385
1683499928783190,1683499928783555d,365
1683499928783789,1683499928784161d,372
1683499928784421,1683499928784783d,362
1683499928785037,1683499928785397d,360
1683499928785617,1683499928786022d,405
1683499928786239,1683499928786672d,433
1683499928786878,1683499928787296d,418
1683499928787530,1683499928787902d,372
1683499928788131,1683499928788526d,395
1683499928788744,1683499928789145d,401
1683499928789358,1683499928789733d,375
1683499928789994,1683499928790322d,328
1683499928790641,1683499928790927d,286
1683499928791159,1683499928791525d,366
1683499928791779,1683499928792143d,364
1683499928792380,1683499928792744d,364
1683499928792977,1683499928793342d,365
1683499928793574,1683499928793918d,344
1683499928794185,1683499928794534d,349
1683499928794820,1683499928795172d,352
1683499928795418,1683499928795821d,403
1683499928796031,1683499928796455d,424
1683499928796699,1683499928797109d,410
1683499928797356,1683499928797745d,389
1683499928798002,1683499928798389d,387
1683499928798630,1683499928799022d,392
1683499928799325,1683499928799636d,311
1683499928799926,1683499928800242d,316
1683499928800468,1683499928800873d,405
1683499928801083,1683499928801485d,402
1683499928801720,1683499928802129d,409
1683499928802319,1683499928802748d,429
1683499928803142,1683499928803397d,255
1683499928803653,1683499928803983d,330
1683499928804223,1683499928804579d,356
1683499928804808,1683499928805194d,386
1683499928805428,1683499928805811d,383
1683499928806047,1683499928806438d,391
1683499928806679,1683499928807082d,403
1683499928807304,1683499928807699d,395
1683499928807949,1683499928808291d,342
1683499928808544,1683499928808865d,321
1683499928809133,1683499928809505d,372
1683499928809734,1683499928810101d,367
1683499928810364,1683499928810731d,367
1683499928810944,1683499928811320d,376
1683499928811567,1683499928811953d,386
1683499928812195,1683499928812565d,370
1683499928812809,1683499928813197d,388
1683499928813454,1683499928813769d,315
1683499928814024,1683499928814474d,450
1683499928814683,1683499928815090d,407
1683499928815354,1683499928815703d,349
1683499928815945,1683499928816333d,388
1683499928816582,1683499928816959d,377
1683499928817220,1683499928817534d,314
1683499928817798,1683499928818152d,354
1683499928818392,1683499928818754d,362
1683499928818988,1683499928819359d,371
1683499928819602,1683499928819949d,347
1683499928820193,1683499928820569d,376
1683499928820772,1683499928821197d,425
1683499928821418,1683499928821821d,403
1683499928822055,1683499928822433d,378
1683499928822669,1683499928823070d,401
1683499928823273,1683499928823692d,419
1683499928823901,1683499928824315d,414
1683499928824527,1683499928824903d,376
1683499928825151,1683499928825538d,387
1683499928825780,1683499928826166d,386
1683499928826394,1683499928826809d,415
1683499928827007,1683499928827409d,402
1683499928827724,1683499928828030d,306
1683499928828257,1683499928828640d,383
1683499928828853,1683499928829258d,405
1683499928829495,1683499928829892d,397
1683499928830129,1683499928830528d,399
1683499928830748,1683499928831165d,417
1683499928831406,1683499928831836d,430
1683499928832069,1683499928832434d,365
1683499928832678,1683499928833069d,391
1683499928833278,1683499928833693d,415
1683499928833935,1683499928834374d,439
1683499928834599,1683499928835001d,402
1683499928835268,1683499928835635d,367
1683499928835868,1683499928837077d,1209
1683499928837319,1683499928837711d,392
1683499928837940,1683499928838382d,442
1683499928838621,1683499928838995d,374
1683499928839217,1683499928839584d,367
1683499928839807,1683499928840268d,461
1683499928840495,1683499928840905d,410
1683499928841142,1683499928841579d,437
1683499928841768,1683499928842177d,409
1683499928842419,1683499928842819d,400
1683499928843019,1683499928843490d,471
1683499928843753,1683499928844200d,447
1683499928844441,1683499928844911d,470
1683499928845147,1683499928845638d,491
1683499928845906,1683499928846329d,423
1683499928846577,1683499928846963d,386
1683499928847223,1683499928847571d,348
1683499928847801,1683499928848202d,401
1683499928848417,1683499928848803d,386
1683499928849024,1683499928849416d,392
1683499928849661,1683499928850014d,353
1683499928850259,1683499928850645d,386
1683499928850872,1683499928851257d,385
1683499928851503,1683499928851916d,413
1683499928852112,1683499928852511d,399
