1683499944664967,1683499944667170d,2203
1683499944670146,1683499944670551d,405
1683499944675907,1683499944676102d,195
1683499944676482,1683499944676913d,431
1683499944683969,1683499944684245d,276
1683499944684670,1683499944685066d,396
1683499944685568,1683499944685982d,414
1683499944695980,1683499944696152d,172
1683499944703979,1683499944704202d,223
1683499944704646,1683499944705070d,424
1683499944715910,1683499944716126d,216
1683499944727926,1683499944728132d,206
1683499944735933,1683499944736197d,264
1683499944747969,1683499944748219d,250
1683499944755928,1683499944756144d,216
1683499944763891,1683499944764129d,238
1683499944775956,1683499944776143d,187
1683499944787972,1683499944788174d,202
1683499944795921,1683499944801943d,6022
1683499944807916,1683499944808159d,243
1683499944815953,1683499944816126d,173
1683499944823912,1683499944824156d,244
1683499944831930,1683499944832147d,217
1683499944835480,1683499944835779d,299
1683499944839899,1683499944840134d,235
1683499944851891,1683499944852172d,281
1683499944859927,1683499944860179d,252
1683499944871943,1683499944872135d,192
1683499944879951,1683499944880126d,175
1683499944887941,1683499944888147d,206
1683499944895941,1683499944896325d,384
1683499944903947,1683499944904141d,194
1683499944911872,1683499944912114d,242
1683499944919895,1683499944920108d,213
1683499944931932,1683499944937931d,5999
1683499944939890,1683499944940121d,231
1683499944951948,1683499944952197d,249
1683499944959921,1683499944960162d,241
1683499944967933,1683499944968247d,314
1683499944975900,1683499944976166d,266
1683499944983898,1683499944984187d,289
1683499944991929,1683499944992142d,213
1683499944999903,1683499945000147d,244
1683499945011884,1683499945012139d,255
1683499945023946,1683499945024189d,243
1683499945035912,1683499945042015d,6103
1683499945043925,1683499945044183d,258
1683499945051919,1683499945052147d,228
1683499945059947,1683499945060177d,230
1683499945067909,1683499945068122d,213
1683499945079945,1683499945080172d,227
1683499945087924,1683499945088157d,233
1683499945099944,1683499945105960d,6016
1683499945111925,1683499945112148d,223
1683499945112651,1683499945113101d,450
1683499945123924,1683499945124137d,213
1683499945124635,1683499945125000d,365
1683499945132137,1683499945132593d,456
1683499945133110,1683499945133408d,298
1683499945139980,1683499945140201d,221
1683499945140659,1683499945141177d,518
1683499945147942,1683499945148183d,241
1683499945159899,1683499945160158d,259
1683499945167958,1683499945168175d,217
1683499945179997,1683499945180140d,143
1683499945187979,1683499945188209d,230
1683499945195915,1683499945196117d,202
1683499945196586,1683499945196934d,348
1683499945203989,1683499945209999d,6010
1683499945211939,1683499945212143d,204
1683499945219991,1683499945220180d,189
1683499945227977,1683499945228222d,245
1683499945235936,1683499945236220d,284
1683499945243949,1683499945244139d,190
1683499945255964,1683499945256201d,237
1683499945267938,1683499945268104d,166
1683499945279902,1683499945280145d,243
1683499945287939,1683499945288145d,206
1683499945295967,1683499945296221d,254
1683499945303958,1683499945304154d,196
1683499945311917,1683499945312201d,284
1683499945319936,1683499945320179d,243
1683499945320575,1683499945320974d,399
1683499945331958,1683499945332153d,195
1683499945343904,1683499945344125d,221
1683499945351918,1683499945352144d,226
1683499945352552,1683499945352938d,386
1683499945359928,1683499945360121d,193
1683499945367975,1683499945368209d,234
1683499945375944,1683499945381958d,6014
1683499945389963,1683499945389965d,2
1683499945391912,1683499945392134d,222
1683499945400011,1683499945400261d,250
1683499945400586,1683499945400995d,409
1683499945407921,1683499945408162d,241
1683499945415993,1683499945416322d,329
1683499945423976,1683499945429942d,5966
1683499945431885,1683499945432144d,259
1683499945439922,1683499945440200d,278
1683499945440611,1683499945441205d,594
1683499945448044,1683499945448243d,199
1683499945448662,1683499945449029d,367
1683499945455920,1683499945456198d,278
1683499945463943,1683499945464176d,233
1683499945471909,1683499945472121d,212
1683499945479919,1683499945480167d,248
1683499945488520,1683499945488522d,2
1683499945495936,1683499945496125d,189
1683499945504015,1683499945504191d,176
1683499945504565,1683499945504998d,433
1683499945511925,1683499945512183d,258
1683499945519904,1683499945520109d,205
1683499945531920,1683499945532127d,207
1683499945543936,1683499945549955d,6019
1683499945557988,1683499945557991d,3
1683499945559876,1683499945565995d,6119
1683499945567981,1683499945568173d,192
1683499945568562,1683499945568900d,338
1683499945576014,1683499945576256d,242
1683499945583973,1683499945584176d,203
1683499945584654,1683499945585030d,376
1683499945596010,1683499945596188d,178
1683499945604032,1683499945604209d,177
1683499945615994,1683499945616151d,157
1683499945623905,1683499945624142d,237
1683499945624587,1683499945625019d,432
1683499945625437,1683499945625762d,325
1683499945631899,1683499945632122d,223
1683499945632528,1683499945632943d,415
1683499945639891,1683499945640161d,270
1683499945647878,1683499945648177d,299
1683499945655965,1683499945656147d,182
1683499945664003,1683499945664175d,172
1683499945671939,1683499945672261d,322
1683499945672599,1683499945672933d,334
1683499945679951,1683499945680138d,187
1683499945687911,1683499945693973d,6062
1683499945699908,1683499945700077d,169
1683499945707939,1683499945708129d,190
1683499945715999,1683499945716185d,186
1683499945727948,1683499945733960d,6012
1683499945735932,1683499945736119d,187
1683499945736580,1683499945736956d,376
1683499945743979,1683499945744193d,214
1683499945751942,1683499945752131d,189
1683499945759889,1683499945760147d,258
1683499945767907,1683499945768142d,235
1683499945775893,1683499945776137d,244
1683499945784012,1683499945784259d,247
1683499945791927,1683499945792134d,207
1683499945799976,1683499945800323d,347
1683499945800707,1683499945800972d,265
1683499945808857,1683499945809297d,440
1683499945815888,1683499945816154d,266
1683499945816507,1683499945816954d,447
1683499945817241,1683499945817623d,382
1683499945823912,1683499945824063d,151
1683499945831950,1683499945832153d,203
1683499945843978,1683499945844185d,207
1683499945855936,1683499945856234d,298
1683499945863907,1683499945864166d,259
1683499945864559,1683499945865066d,507
1683499945872012,1683499945872229d,217
1683499945872684,1683499945873146d,462
1683499945880903,1683499945881351d,448
1683499945887921,1683499945893967d,6046
1683499945901954,1683499945901956d,2
1683499945909963,1683499945909965d,2
1683499945917942,1683499945917943d,1
1683499945919894,1683499945920140d,246
1683499945927895,1683499945928177d,282
1683499945935978,1683499945936177d,199
1683499945943876,1683499945944123d,247
1683499945951966,1683499945952178d,212
1683499945959920,1683499945960124d,204
1683499945967901,1683499945968114d,213
1683499945975907,1683499945976109d,202
1683499945987894,1683499945988148d,254
1683499945995899,1683499945996162d,263
1683499945996577,1683499945997002d,425
1683499946007971,1683499946008196d,225
1683499946019904,1683499946020201d,297
1683499946020693,1683499946021082d,389
1683499946031904,1683499946032136d,232
1683499946043929,1683499946044164d,235
1683499946051936,1683499946052305d,369
1683499946063948,1683499946064177d,229
1683499946075905,1683499946076202d,297
1683499946076620,1683499946077052d,432
1683499946087996,1683499946088168d,172
1683499946095904,1683499946096145d,241
1683499946103963,1683499946104167d,204
1683499946111917,1683499946112156d,239
1683499946119966,1683499946120341d,375
1683499946127920,1683499946128204d,284
1683499946128608,1683499946129013d,405
1683499946135894,1683499946136097d,203
1683499946143920,1683499946144103d,183
1683499946152035,1683499946152187d,152
1683499946159899,1683499946160032d,133
1683499946167919,1683499946168052d,133
1683499946168453,1683499946168834d,381
1683499946175964,1683499946176088d,124
1683499946188003,1683499946188010d,7
1683499946188503,1683499946188815d,312
1683499946195894,1683499946196129d,235
1683499946203982,1683499946204180d,198
1683499946211960,1683499946212179d,219
1683499946219891,1683499946220147d,256
1683499946231972,1683499946232160d,188
1683499946239937,1683499946240164d,227
1683499946247897,1683499946253944d,6047
1683499946261944,1683499946261946d,2
1683499946262371,1683499946262785d,414
1683499946267925,1683499946273927d,6002
1683499946275892,1683499946276135d,243
1683499946287930,1683499946288188d,258
1683499946299930,1683499946300139d,209
1683499946311944,1683499946312154d,210
1683499946320000,1683499946320155d,155
1683499946331937,1683499946332199d,262
1683499946339940,1683499946340159d,219
1683499946347906,1683499946348178d,272
1683499946355979,1683499946356149d,170
1683499946363971,1683499946364225d,254
1683499946371938,1683499946377948d,6010
1683499946379909,1683499946380159d,250
1683499946387912,1683499946388131d,219
1683499946395951,1683499946396200d,249
1683499946403896,1683499946404141d,245
1683499946415908,1683499946416196d,288
1683499946427992,1683499946428244d,252
1683499946439963,1683499946440227d,264
1683499946447882,1683499946448120d,238
1683499946460023,1683499946460204d,181
1683499946471960,1683499946472154d,194
1683499946479979,1683499946480217d,238
1683499946491922,1683499946492124d,202
1683499946499929,1683499946500161d,232
1683499946511921,1683499946512269d,348
1683499946519932,1683499946520148d,216
1683499946520608,1683499946520919d,311
1683499946527966,1683499946528143d,177
1683499946539898,1683499946540099d,201
1683499946551945,1683499946552202d,257
1683499946559919,1683499946566016d,6097
1683499946567939,1683499946568163d,224
1683499946579906,1683499946580155d,249
1683499946587893,1683499946588200d,307
1683499946595936,1683499946596162d,226
1683499946603924,1683499946604150d,226
1683499946611912,1683499946612138d,226
1683499946619896,1683499946620131d,235
1683499946627944,1683499946628134d,190
1683499946638865,1683499946639446d,581
1683499946639797,1683499946640186d,389
1683499946640711,1683499946641072d,361
1683499946647891,1683499946648162d,271
1683499946655920,1683499946656213d,293
1683499946657180,1683499946657435d,255
1683499946663905,1683499946664137d,232
1683499946671922,1683499946672111d,189
1683499946679946,1683499946680150d,204
1683499946687887,1683499946688171d,284
1683499946699909,1683499946700123d,214
1683499946711883,1683499946712144d,261
1683499946723885,1683499946724122d,237
1683499946724609,1683499946736131d,11522
1683499946736577,1683499946737053d,476
1683499946743891,1683499946744123d,232
1683499946751933,1683499946752176d,243
1683499946763960,1683499946764152d,192
1683499946764607,1683499946765157d,550
1683499946775938,1683499946776147d,209
1683499946787910,1683499946788148d,238
1683499946795926,1683499946796136d,210
1683499946807927,1683499946808171d,244
1683499946815929,1683499946816125d,196
1683499946823928,1683499946829966d,6038
1683499946831897,1683499946832178d,281
1683499946839912,1683499946840170d,258
1683499946847925,1683499946848176d,251
1683499946855281,1683499946855571d,290
1683499946863398,1683499946863611d,213
1683499946867913,1683499946868124d,211
1683499946879895,1683499946880198d,303
1683499946880696,1683499946881102d,406
1683499946881602,1683499946882050d,448
1683499946887900,1683499946888162d,262
1683499946895882,1683499946896125d,243
1683499946907924,1683499946908126d,202
1683499946915914,1683499946916111d,197
1683499946927947,1683499946928171d,224
1683499946928529,1683499946928968d,439
1683499946935946,1683499946936149d,203
1683499946944016,1683499946944135d,119
1683499946944523,1683499946944945d,422
1683499946951941,1683499946952163d,222
1683499946959997,1683499946965936d,5939
1683499946967871,1683499946968130d,259
1683499946968616,1683499946968897d,281
1683499946975922,1683499946976134d,212
1683499946983967,1683499946984127d,160
1683499946991916,1683499946992115d,199
1683499947003878,1683499947004091d,213
1683499947011906,1683499947012139d,233
1683499947012521,1683499947012942d,421
1683499947013357,1683499947013705d,348
1683499947023917,1683499947029950d,6033
1683499947035941,1683499947036274d,333
1683499947036655,1683499947037046d,391
1683499947043938,1683499947044164d,226
1683499947044530,1683499947044931d,401
1683499947051912,1683499947052130d,218
1683499947063984,1683499947064129d,145
1683499947071946,1683499947072123d,177
1683499947079992,1683499947085961d,5969
1683499947085982,1683499947086696d,714
1683499947087144,1683499947087614d,470
1683499947091982,1683499947092182d,200
1683499947104012,1683499947104222d,210
1683499947111961,1683499947112121d,160
1683499947119896,1683499947120070d,174
1683499947128037,1683499947128038d,1
1683499947135992,1683499947136154d,162
1683499947144002,1683499947144104d,102
1683499947144512,1683499947144826d,314
1683499947155959,1683499947156155d,196
1683499947167918,1683499947168174d,256
1683499947168639,1683499947169044d,405
1683499947179965,1683499947180158d,193
1683499947187925,1683499947188198d,273
1683499947195930,1683499947196188d,258
1683499947203967,1683499947204200d,233
1683499947211911,1683499947212135d,224
1683499947219955,1683499947220175d,220
1683499947220541,1683499947220918d,377
1683499947231944,1683499947232086d,142
1683499947232480,1683499947232773d,293
1683499947243986,1683499947244104d,118
1683499947251969,1683499947252121d,152
1683499947259925,1683499947260039d,114
1683499947267975,1683499947268121d,146
1683499947275898,1683499947276019d,121
1683499947283910,1683499947289938d,6028
1683499947292031,1683499947292230d,199
1683499947303948,1683499947304164d,216
1683499947315917,1683499947316124d,207
1683499947323893,1683499947329935d,6042
1683499947335937,1683499947336216d,279
1683499947343900,1683499947344113d,213
1683499947351917,1683499947352169d,252
1683499947363933,1683499947364178d,245
1683499947364654,1683499947364985d,331
1683499947375948,1683499947381932d,5984
1683499947381951,1683499947382532d,581
1683499947388916,1683499947389376d,460
1683499947395909,1683499947396245d,336
1683499947401962,1683499947402487d,525
1683499947411914,1683499947412175d,261
1683499947412614,1683499947412957d,343
1683499947423937,1683499947424162d,225
1683499947435944,1683499947436183d,239
1683499947439279,1683499947439714d,435
1683499947447964,1683499947448180d,216
1683499947459909,1683499947460150d,241
1683499947460621,1683499947461044d,423
1683499947467931,1683499947468165d,234
1683499947475968,1683499947476234d,266
1683499947483920,1683499947484110d,190
1683499947495983,1683499947496144d,161
1683499947507938,1683499947508107d,169
1683499947519942,1683499947520167d,225
1683499947528007,1683499947528265d,258
1683499947533997,1683499947534506d,509
1683499947540057,1683499947540255d,198
1683499947540632,1683499947541080d,448
1683499947551978,1683499947552202d,224
1683499947552669,1683499947553013d,344
1683499947564020,1683499947564262d,242
1683499947564616,1683499947565163d,547
1683499947565619,1683499947566117d,498
1683499947566507,1683499947566863d,356
1683499947571982,1683499947572154d,172
1683499947572573,1683499947572955d,382
1683499947579875,1683499947580169d,294
1683499947580869,1683499947582136d,1267
1683499947587936,1683499947588138d,202
1683499947588557,1683499947588973d,416
1683499947596182,1683499947596440d,258
1683499947597116,1683499947597713d,597
1683499947604144,1683499947604676d,532
1683499947605124,1683499947606958d,1834
1683499947611945,1683499947612147d,202
1683499947612557,1683499947613056d,499
1683499947619948,1683499947620127d,179
1683499947627914,1683499947628160d,246
1683499947635972,1683499947636158d,186
1683499947644006,1683499947644169d,163
1683499947644558,1683499947644971d,413
1683499947651907,1683499947652155d,248
1683499947659905,1683499947660152d,247
1683499947667998,1683499947668174d,176
1683499947668592,1683499947668946d,354
1683499947675972,1683499947676229d,257
1683499947683886,1683499947684118d,232
1683499947691926,1683499947692231d,305
1683499947703898,1683499947704178d,280
1683499947711985,1683499947712192d,207
1683499947719958,1683499947720146d,188
1683499947720610,1683499947720958d,348
1683499947727907,1683499947728157d,250
1683499947739946,1683499947740184d,238
1683499947747908,1683499947748140d,232
1683499947759989,1683499947760188d,199
1683499947771962,1683499947772140d,178
1683499947779915,1683499947780173d,258
1683499947787937,1683499947788117d,180
1683499947799894,1683499947800160d,266
1683499947808047,1683499947808269d,222
1683499947808688,1683499947809113d,425
1683499947815913,1683499947816182d,269
1683499947827928,1683499947828207d,279
1683499947835929,1683499947836121d,192
1683499947843950,1683499947844149d,199
1683499947844610,1683499947845049d,439
1683499947851968,1683499947852178d,210
1683499947852660,1683499947853027d,367
1683499947859909,1683499947860142d,233
1683499947867934,1683499947868120d,186
1683499947875939,1683499947876193d,254
1683499947887924,1683499947888135d,211
1683499947899919,1683499947900126d,207
1683499947911942,1683499947912166d,224
1683499947912685,1683499947913015d,330
1683499947919917,1683499947920116d,199
1683499947931907,1683499947932166d,259
1683499947939948,1683499947940145d,197
1683499947951928,1683499947952169d,241
1683499947963925,1683499947964180d,255
1683499947975949,1683499947976164d,215
1683499947976686,1683499947977177d,491
1683499947977663,1683499947977902d,239
1683499947978472,1683499947978850d,378
1683499947983927,1683499947984070d,143
1683499947995974,1683499947996157d,183
1683499948003907,1683499948004161d,254
1683499948011975,1683499948012129d,154
1683499948024056,1683499948024267d,211
1683499948024762,1683499948025092d,330
1683499948035963,1683499948036169d,206
1683499948036640,1683499948037054d,414
1683499948043947,1683499948044202d,255
1683499948051976,1683499948052139d,163
1683499948063919,1683499948064168d,249
1683499948075980,1683499948076173d,193
1683499948084023,1683499948084192d,169
1683499948095967,1683499948096181d,214
1683499948107958,1683499948108203d,245
1683499948119962,1683499948120358d,396
1683499948128003,1683499948128390d,387
1683499948140081,1683499948140312d,231
1683499948151950,1683499948152203d,253
1683499948152644,1683499948153006d,362
1683499948164028,1683499948164179d,151
1683499948172029,1683499948172333d,304
1683499948179969,1683499948180191d,222
1683499948191954,1683499948197973d,6019
1683499948200026,1683499948200208d,182
1683499948207987,1683499948208168d,181
1683499948219990,1683499948220223d,233
1683499948232047,1683499948232307d,260
1683499948239981,1683499948240233d,252
1683499948247996,1683499948248208d,212
1683499948248657,1683499948249077d,420
1683499948255931,1683499948256150d,219
1683499948267963,1683499948268138d,175
1683499948279986,1683499948280267d,281
1683499948280726,1683499948281145d,419
1683499948291938,1683499948292227d,289
1683499948303923,1683499948304213d,290
1683499948315907,1683499948316203d,296
1683499948327943,1683499948328245d,302
1683499948333950,1683499948334550d,600
1683499948339929,1683499948340284d,355
1683499948340689,1683499948341112d,423
1683499948347971,1683499948353925d,5954
1683499948359938,1683499948360332d,394
1683499948371955,1683499948372243d,288
1683499948379932,1683499948380193d,261
1683499948387919,1683499948393959d,6040
1683499948396012,1683499948396287d,275
1683499948396747,1683499948397161d,414
1683499948407955,1683499948408241d,286
1683499948415909,1683499948416185d,276
1683499948424028,1683499948424291d,263
1683499948432003,1683499948432286d,283
1683499948439971,1683499948445977d,6006
1683499948447994,1683499948448255d,261
1683499948448770,1683499948449241d,471
1683499948459978,1683499948465946d,5968
1683499948471898,1683499948472192d,294
1683499948483950,1683499948484290d,340
1683499948495944,1683499948496256d,312
1683499948503892,1683499948504209d,317
1683499948511964,1683499948512210d,246
1683499948524090,1683499948529966d,5876
1683499948531802,1683499948532157d,355
1683499948532587,1683499948533014d,427
1683499948543988,1683499948544273d,285
1683499948551962,1683499948552193d,231
1683499948559994,1683499948560240d,246
1683499948560660,1683499948561077d,417
1683499948567945,1683499948568178d,233
1683499948575974,1683499948576304d,330
1683499948576789,1683499948577153d,364
1683499948587973,1683499948588196d,223
1683499948595920,1683499948596237d,317
1683499948607954,1683499948608256d,302
1683499948619951,1683499948620200d,249
1683499948631915,1683499948632201d,286
1683499948643957,1683499948644213d,256
1683499948655967,1683499948656319d,352
1683499948656854,1683499948657315d,461
1683499948657768,1683499948658187d,419
1683499948663898,1683499948664260d,362
1683499948668891,1683499948669326d,435
1683499948669779,1683499948670277d,498
1683499948670849,1683499948671117d,268
1683499948675961,1683499948676208d,247
1683499948687932,1683499948688150d,218
1683499948699885,1683499948700117d,232
1683499948711904,1683499948718018d,6114
1683499948718036,1683499948718569d,533
1683499948719040,1683499948719428d,388
1683499948723880,1683499948724126d,246
1683499948731951,1683499948732132d,181
1683499948743943,1683499948744201d,258
1683499948755935,1683499948756162d,227
1683499948763936,1683499948764161d,225
1683499948775979,1683499948776205d,226
1683499948776735,1683499948777128d,393
1683499948787929,1683499948788168d,239
1683499948795979,1683499948796174d,195
1683499948803988,1683499948804236d,248
1683499948804634,1683499948805067d,433
1683499948811996,1683499948812204d,208
1683499948819962,1683499948825970d,6008
1683499948825986,1683499948833943d,7957
1683499948833979,1683499948834531d,552
1683499948843943,1683499948844126d,183
1683499948855939,1683499948856190d,251
1683499948867963,1683499948868172d,209
1683499948875914,1683499948876146d,232
1683499948887939,1683499948888114d,175
1683499948899902,1683499948900173d,271
1683499948911918,1683499948912158d,240
1683499948924022,1683499948924184d,162
1683499948935914,1683499948936181d,267
1683499948936586,1683499948936966d,380
1683499948947944,1683499948948140d,196
1683499948960004,1683499948960202d,198
1683499948967897,1683499948968177d,280
1683499948975969,1683499948976181d,212
1683499948987894,1683499948988165d,271
1683499948999952,1683499949000213d,261
1683499949007937,1683499949013955d,6018
1683499949015925,1683499949016047d,122
1683499949016638,1683499949016962d,324
1683499949027295,1683499949027676d,381
1683499949035980,1683499949041949d,5969
1683499949043890,1683499949044028d,138
1683499949055956,1683499949056223d,267
1683499949067942,1683499949068118d,176
1683499949075959,1683499949076119d,160
1683499949087999,1683499949088165d,166
1683499949095904,1683499949096155d,251
1683499949096562,1683499949096889d,327
1683499949107969,1683499949108172d,203
1683499949119921,1683499949120195d,274
1683499949127890,1683499949128177d,287
1683499949129646,1683499949129925d,279
1683499949130336,1683499949130704d,368
1683499949135906,1683499949136139d,233
1683499949136586,1683499949136922d,336
1683499949147396,1683499949147685d,289
1683499949155933,1683499949156149d,216
1683499949167955,1683499949168173d,218
1683499949172926,1683499949173363d,437
1683499949183959,1683499949184187d,228
1683499949184699,1683499949185155d,456
1683499949195927,1683499949196190d,263
1683499949196703,1683499949197089d,386
1683499949207978,1683499949208241d,263
1683499949208696,1683499949209053d,357
1683499949219935,1683499949220198d,263
1683499949228023,1683499949233940d,5917
1683499949235885,1683499949236117d,232
1683499949243887,1683499949244115d,228
1683499949244612,1683499949245053d,441
1683499949251976,1683499949252290d,314
1683499949252835,1683499949253117d,282
1683499949259941,1683499949260130d,189
1683499949267947,1683499949268188d,241
1683499949275988,1683499949276159d,171
1683499949288309,1683499949288312d,3
1683499949299931,1683499949300258d,327
1683499949311910,1683499949312221d,311
1683499949312742,1683499949313037d,295
1683499949324010,1683499949324161d,151
1683499949336071,1683499949336259d,188
1683499949347974,1683499949348193d,219
1683499949355889,1683499949356206d,317
1683499949356692,1683499949356977d,285
1683499949367997,1683499949368225d,228
1683499949375886,1683499949376144d,258
1683499949383940,1683499949384170d,230
1683499949395867,1683499949396120d,253
1683499949396530,1683499949396953d,423
1683499949397421,1683499949397798d,377
1683499949403929,1683499949404127d,198
1683499949415923,1683499949416118d,195
1683499949427992,1683499949428305d,313
1683499949439940,1683499949440181d,241
1683499949451970,1683499949452310d,340
1683499949452663,1683499949453090d,427
1683499949453528,1683499949453902d,374
1683499949459883,1683499949460161d,278
1683499949460608,1683499949461080d,472
1683499949467951,1683499949468227d,276
1683499949479938,1683499949480182d,244
1683499949487925,1683499949488136d,211
1683499949495985,1683499949496231d,246
1683499949503975,1683499949510002d,6027
1683499949511893,1683499949512175d,282
1683499949519982,1683499949520155d,173
1683499949527947,1683499949528198d,251
1683499949535937,1683499949536152d,215
1683499949543901,1683499949544205d,304
1683499949551921,1683499949552167d,246
1683499949563914,1683499949564149d,235
1683499949571924,1683499949572175d,251
1683499949579962,1683499949580178d,216
1683499949587881,1683499949588156d,275
1683499949595948,1683499949601949d,6001
1683499949603922,1683499949604177d,255
1683499949604637,1683499949605019d,382
1683499949611942,1683499949612205d,263
1683499949619993,1683499949620210d,217
1683499949627915,1683499949628235d,320
1683499949635971,1683499949636260d,289
1683499949647913,1683499949648198d,285
1683499949648660,1683499949649112d,452
1683499949659930,1683499949660267d,337
1683499949667978,1683499949668282d,304
1683499949675934,1683499949682083d,6149
1683499949683907,1683499949684192d,285
1683499949696009,1683499949696188d,179
1683499949708022,1683499949708272d,250
1683499949719986,1683499949720188d,202
1683499949727945,1683499949728211d,266
1683499949731421,1683499949731798d,377
1683499949735922,1683499949736195d,273
1683499949743919,1683499949750044d,6125
1683499949751908,1683499949752191d,283
1683499949760002,1683499949760163d,161
1683499949767959,1683499949768232d,273
1683499949775902,1683499949776178d,276
1683499949787947,1683499949788242d,295
1683499949795946,1683499949796200d,254
1683499949803915,1683499949804226d,311
1683499949811963,1683499949812224d,261
1683499949819952,1683499949820216d,264
1683499949827940,1683499949828257d,317
1683499949836021,1683499949836240d,219
1683499949843927,1683499949844185d,258
1683499949851937,1683499949852250d,313
1683499949859912,1683499949860174d,262
1683499949867919,1683499949868206d,287
1683499949880011,1683499949880287d,276
1683499949891939,1683499949892264d,325
1683499949903859,1683499949904149d,290
1683499949911943,1683499949912208d,265
1683499949919939,1683499949920191d,252
1683499949920705,1683499949921099d,394
1683499949927967,1683499949933936d,5969
1683499949935889,1683499949936157d,268
1683499949936652,1683499949937141d,489
1683499949943913,1683499949944187d,274
1683499949956018,1683499949956251d,233
1683499949956749,1683499949957137d,388
1683499949963902,1683499949964172d,270
1683499949971932,1683499949972188d,256
1683499949972685,1683499949973084d,399
1683499949980069,1683499949980239d,170
1683499949991935,1683499949992194d,259
1683499949999937,1683499950000187d,250
1683499950007917,1683499950008198d,281
1683499950015930,1683499950016242d,312
1683499950023890,1683499950024246d,356
1683499950024743,1683499950025105d,362
1683499950031869,1683499950032189d,320
1683499950039945,1683499950040249d,304
1683499950047984,1683499950048285d,301
1683499950055885,1683499950056180d,295
1683499950067943,1683499950068217d,274
1683499950075949,1683499950076252d,303
1683499950076712,1683499950077182d,470
1683499950083916,1683499950084193d,277
1683499950091916,1683499950092216d,300
1683499950098835,1683499950099354d,519
1683499950110953,1683499950111566d,613
1683499950115915,1683499950116231d,316
1683499950116761,1683499950117229d,468
1683499950128429,1683499950128430d,1
1683499950135923,1683499950136180d,257
1683499950143935,1683499950144202d,267
1683499950155979,1683499950156215d,236
1683499950163913,1683499950164200d,287
1683499950171950,1683499950172164d,214
1683499950183981,1683499950184228d,247
1683499950192037,1683499950192214d,177
1683499950192656,1683499950193116d,460
1683499950199958,1683499950200194d,236
1683499950207937,1683499950208244d,307
1683499950215913,1683499950216217d,304
1683499950216680,1683499950217197d,517
1683499950227952,1683499950233920d,5968
1683499950235927,1683499950236171d,244
1683499950247917,1683499950248166d,249
1683499950255934,1683499950256187d,253
1683499950263927,1683499950264260d,333
1683499950271933,1683499950272195d,262
1683499950279902,1683499950280209d,307
1683499950287915,1683499950288163d,248
1683499950295973,1683499950296212d,239
1683499950296697,1683499950297157d,460
1683499950303741,1683499950304192d,451
1683499950311960,1683499950312237d,277
1683499950312674,1683499950313151d,477
1683499950318885,1683499950319350d,465
1683499950323939,1683499950324197d,258
1683499950331960,1683499950332241d,281
1683499950339926,1683499950340182d,256
1683499950340688,1683499950341166d,478
1683499950347981,1683499950348219d,238
1683499950355974,1683499950356247d,273
1683499950364033,1683499950364232d,199
1683499950371963,1683499950372225d,262
1683499950379983,1683499950380211d,228
1683499950380728,1683499950381119d,391
1683499950387972,1683499950388217d,245
1683499950395914,1683499950396236d,322
1683499950404051,1683499950404220d,169
1683499950411998,1683499950412262d,264
1683499950419969,1683499950426005d,6036
1683499950430908,1683499950436146d,5238
1683499950436605,1683499950437076d,471
1683499950443893,1683499950444213d,320
1683499950451911,1683499950452207d,296
1683499950459937,1683499950460224d,287
1683499950471994,1683499950472302d,308
1683499950483919,1683499950484346d,427
1683499950484673,1683499950486130d,1457
1683499950495954,1683499950496357d,403
1683499950503889,1683499950504202d,313
1683499950515919,1683499950516216d,297
1683499950523907,1683499950524208d,301
1683499950535992,1683499950536250d,258
1683499950547912,1683499950553976d,6064
1683499950553996,1683499950561962d,7966
1683499950561991,1683499950562624d,633
1683499950570981,1683499950571606d,625
1683499950578866,1683499950579496d,630
1683499950580001,1683499950580390d,389
1683499950587989,1683499950588272d,283
1683499950598832,1683499950599080d,248
1683499950607953,1683499950608216d,263
1683499950608642,1683499950609185d,543
1683499950615999,1683499950616251d,252
1683499950627996,1683499950628252d,256
1683499950628696,1683499950629197d,501
1683499950635962,1683499950641958d,5996
1683499950643944,1683499950644172d,228
1683499950651936,1683499950652184d,248
1683499950652735,1683499950653268d,533
1683499950653679,1683499950654192d,513
1683499950659957,1683499950660236d,279
1683499950667918,1683499950668213d,295
1683499950679899,1683499950680225d,326
1683499950680730,1683499950681228d,498
1683499950692020,1683499950697949d,5929
1683499950706010,1683499950706012d,2
1683499950712035,1683499950712233d,198
1683499950723996,1683499950729935d,5939
1683499950731997,1683499950732247d,250
1683499950732708,1683499950733216d,508
1683499950739941,1683499950740217d,276
1683499950748013,1683499950748294d,281
1683499950748720,1683499950749237d,517
1683499950755912,1683499950756199d,287
1683499950763923,1683499950764241d,318
1683499950771943,1683499950772245d,302
1683499950783879,1683499950784218d,339
1683499950788868,1683499950789350d,482
1683499950799993,1683499950800228d,235
1683499950812052,1683499950812238d,186
1683499950819978,1683499950820180d,202
1683499950828013,1683499950828361d,348
1683499950835942,1683499950836330d,388
1683499950843982,1683499950844230d,248
1683499950851916,1683499950852144d,228
1683499950860081,1683499950860268d,187
1683499950867915,1683499950868219d,304
1683499950875919,1683499950876345d,426
1683499950883897,1683499950884123d,226
1683499950892037,1683499950892235d,198
1683499950899961,1683499950900218d,257
1683499950907956,1683499950908171d,215
1683499950919941,1683499950920181d,240
1683499950927919,1683499950928176d,257
1683499950935937,1683499950936198d,261
1683499950943879,1683499950944030d,151
1683499950944453,1683499950944845d,392
1683499950951882,1683499950952085d,203
1683499950960039,1683499950960206d,167
1683499950967962,1683499950968213d,251
1683499950968650,1683499950969044d,394
1683499950975967,1683499950976166d,199
1683499950983921,1683499950984177d,256
1683499950992008,1683499950992260d,252
1683499950992717,1683499950993086d,369
1683499950999947,1683499951000172d,225
1683499951011972,1683499951012148d,176
1683499951023972,1683499951024229d,257
1683499951031925,1683499951032186d,261
1683499951039948,1683499951040210d,262
1683499951047994,1683499951048303d,309
1683499951055984,1683499951056291d,307
1683499951063964,1683499951064215d,251
1683499951071888,1683499951072169d,281
1683499951072671,1683499951073066d,395
1683499951083926,1683499951084245d,319
1683499951091959,1683499951097956d,5997
1683499951105950,1683499951105951d,1
1683499951111889,1683499951112228d,339
1683499951112673,1683499951113135d,462
1683499951123965,1683499951129966d,6001
1683499951131988,1683499951132227d,239
1683499951139968,1683499951140207d,239
1683499951147916,1683499951148167d,251
1683499951155965,1683499951156172d,207
1683499951163956,1683499951164258d,302
1683499951171903,1683499951172201d,298
1683499951183906,1683499951184182d,276
1683499951191941,1683499951192138d,197
1683499951199970,1683499951200218d,248
1683499951200718,1683499951201115d,397
1683499951207927,1683499951213990d,6063
1683499951215977,1683499951216150d,173
1683499951223966,1683499951224166d,200
1683499951231968,1683499951232144d,176
1683499951243911,1683499951244170d,259
1683499951251913,1683499951257964d,6051
1683499951266021,1683499951266023d,2
1683499951267915,1683499951268209d,294
1683499951275944,1683499951276162d,218
1683499951287990,1683499951288194d,204
1683499951295975,1683499951296156d,181
1683499951296491,1683499951296836d,345
1683499951303935,1683499951304090d,155
1683499951315890,1683499951316047d,157
1683499951323995,1683499951324149d,154
1683499951331953,1683499951332074d,121
1683499951332570,1683499951332893d,323
1683499951339923,1683499951345926d,6003
1683499951347926,1683499951348219d,293
1683499951355979,1683499951356189d,210
1683499951364021,1683499951364200d,179
1683499951371940,1683499951372175d,235
1683499951379972,1683499951380159d,187
1683499951391947,1683499951392162d,215
1683499951399946,1683499951405935d,5989
1683499951407869,1683499951408157d,288
1683499951415900,1683499951416175d,275
1683499951423904,1683499951424126d,222
1683499951424593,1683499951424869d,276
1683499951425299,1683499951425751d,452
1683499951436012,1683499951436174d,162
1683499951447954,1683499951454041d,6087
1683499951454071,1683499951454662d,591
1683499951455212,1683499951455635d,423
1683499951463944,1683499951464170d,226
1683499951471891,1683499951472167d,276
1683499951472749,1683499951473121d,372
1683499951479912,1683499951480144d,232
1683499951487917,1683499951488184d,267
1683499951488627,1683499951489001d,374
1683499951495953,1683499951496163d,210
1683499951496599,1683499951497011d,412
1683499951507939,1683499951508225d,286
1683499951515929,1683499951516138d,209
1683499951516687,1683499951517098d,411
1683499951523875,1683499951524149d,274
1683499951531916,1683499951532472d,556
1683499951532777,1683499951533145d,368
1683499951543926,1683499951544127d,201
1683499951551888,1683499951552183d,295
1683499951559885,1683499951560124d,239
1683499951567914,1683499951568190d,276
1683499951575906,1683499951576177d,271
1683499951583973,1683499951584215d,242
1683499951584698,1683499951585068d,370
1683499951591962,1683499951592133d,171
1683499951599984,1683499951600282d,298
1683499951600789,1683499951601258d,469
1683499951601780,1683499951602276d,496
1683499951607934,1683499951608110d,176
1683499951615946,1683499951616185d,239
1683499951623957,1683499951624179d,222
1683499951631901,1683499951632130d,229
1683499951639922,1683499951640175d,253
1683499951640616,1683499951641057d,441
1683499951647861,1683499951648145d,284
1683499951655886,1683499951656188d,302
1683499951656591,1683499951657073d,482
1683499951663961,1683499951664215d,254
1683499951671933,1683499951672162d,229
1683499951679965,1683499951680178d,213
1683499951687898,1683499951688152d,254
1683499951695882,1683499951696155d,273
1683499951707903,1683499951708166d,263
1683499951708660,1683499951709080d,420
1683499951719936,1683499951720187d,251
1683499951720638,1683499951721088d,450
1683499951731899,1683499951732134d,235
1683499951739927,1683499951740176d,249
1683499951747939,1683499951748147d,208
1683499951755903,1683499951756139d,236
1683499951763882,1683499951764134d,252
1683499951771921,1683499951772165d,244
1683499951779941,1683499951780227d,286
1683499951780588,1683499951781004d,416
1683499951787938,1683499951788142d,204
1683499951795920,1683499951796201d,281
1683499951803894,1683499951804117d,223
1683499951811902,1683499951812099d,197
1683499951812783,1683499951813238d,455
1683499951819947,1683499951820256d,309
1683499951820706,1683499951828133d,7427
1683499951828622,1683499951829010d,388
1683499951835903,1683499951836151d,248
1683499951843887,1683499951844136d,249
1683499951851896,1683499951852165d,269
1683499951852583,1683499951852974d,391
1683499951859907,1683499951860132d,225
1683499951867964,1683499951868179d,215
1683499951875922,1683499951876209d,287
1683499951883899,1683499951884154d,255
1683499951891898,1683499951897956d,6058
1683499951905939,1683499951905943d,4
1683499951907923,1683499951908210d,287
1683499951915935,1683499951916171d,236
1683499951923914,1683499951924168d,254
1683499951935902,1683499951936123d,221
1683499951947926,1683499951948148d,222
1683499951955952,1683499951956201d,249
1683499951963918,1683499951964191d,273
1683499951971918,1683499951972178d,260
1683499951979982,1683499951980218d,236
1683499951987945,1683499951988169d,224
1683499951995932,1683499951996158d,226
1683499951996582,1683499951996968d,386
1683499952007936,1683499952008158d,222
1683499952015954,1683499952016200d,246
1683499952027860,1683499952028115d,255
1683499952039927,1683499952040171d,244
1683499952051919,1683499952052150d,231
1683499952059956,1683499952060156d,200
1683499952067921,1683499952073994d,6073
1683499952082030,1683499952082032d,2
1683499952083950,1683499952084136d,186
1683499952091903,1683499952092142d,239
1683499952095242,1683499952095739d,497
1683499952107221,1683499952107686d,465
1683499952115906,1683499952116248d,342
1683499952127934,1683499952128179d,245
1683499952135913,1683499952136125d,212
1683499952143979,1683499952144203d,224
1683499952151925,1683499952152150d,225
1683499952159919,1683499952160178d,259
1683499952160660,1683499952161101d,441
1683499952161582,1683499952162062d,480
1683499952168015,1683499952168239d,224
1683499952168700,1683499952169165d,465
1683499952169535,1683499952170006d,471
1683499952175986,1683499952176235d,249
1683499952183946,1683499952184206d,260
1683499952195894,1683499952196159d,265
1683499952207943,1683499952213929d,5986
1683499952221965,1683499952221966d,1
