1683499983693315,1683499983712133d,18818
1683499983720306,1683499983721028d,722
1683499983730915,1683499983731747d,832
1683499983732425,1683499983740757d,8332
1683499983747854,1683499983748820d,966
1683499983759857,1683499983760686d,829
1683499983771844,1683499983772738d,894
1683499983779826,1683499983780673d,847
1683499983791868,1683499983792727d,859
1683499983793528,1683499983800420d,6892
1683499983807828,1683499983808705d,877
1683499983815804,1683499983816641d,837
1683499983826268,1683499983826874d,606
1683499983838437,1683499983839300d,863
1683499983847938,1683499983848562d,624
1683499983861153,1683499983861749d,596
1683499983867948,1683499983868450d,502
1683499983880168,1683499983880577d,409
1683499983893071,1683499983893499d,428
1683499983894256,1683499983904434d,10178
1683499983915872,1683499983916436d,564
1683499983917050,1683499983924346d,7296
1683499983935830,1683499983936436d,606
1683499983944739,1683499983944741d,2
1683499983955855,1683499983956541d,686
1683499983967179,1683499983968467d,1288
1683499983975825,1683499983976521d,696
1683499983977201,1683499983984536d,7335
1683499983994382,1683499983994770d,388
1683499984006322,1683499984011021d,4699
1683499984019074,1683499984019076d,2
1683499984019798,1683499984020543d,745
1683499984027864,1683499984030566d,2702
1683499984037226,1683499984044308d,7082
1683499984054920,1683499984056515d,1595
1683499984057189,1683499984068462d,11273
1683499984079852,1683499984080515d,663
1683499984081173,1683499984092481d,11308
1683499984103823,1683499984104505d,682
1683499984105166,1683499984116603d,11437
1683499984122785,1683499984128418d,5633
1683499984129138,1683499984136179d,7041
1683499984147841,1683499984148418d,577
1683499984148982,1683499984160367d,11385
1683499984167833,1683499984168384d,551
1683499984168957,1683499984176357d,7400
1683499984187888,1683499984188306d,418
1683499984195828,1683499984196351d,523
1683499984207118,1683499984207120d,2
1683499984218364,1683499984218792d,428
1683499984230401,1683499984230821d,420
1683499984242340,1683499984242734d,394
1683499984243339,1683499984252327d,8988
1683499984253012,1683499984264320d,11308
1683499984274319,1683499984274698d,379
1683499984281051,1683499984281456d,405
1683499984282039,1683499984288416d,6377
1683499984296021,1683499984296591d,570
1683499984303993,1683499984308384d,4391
1683499984315800,1683499984316410d,610
1683499984323997,1683499984328461d,4464
1683499984338971,1683499984340437d,1466
1683499984347822,1683499984348395d,573
1683499984348968,1683499984360370d,11402
1683499984371874,1683499984372441d,567
1683499984373020,1683499984384294d,11274
1683499984395844,1683499984396334d,490
1683499984396958,1683499984408464d,11506
1683499984419820,1683499984420423d,603
1683499984421083,1683499984432499d,11416
1683499984443837,1683499984444478d,641
1683499984445089,1683499984452387d,7298
1683499984463840,1683499984464411d,571
1683499984465052,1683499984476371d,11319
1683499984487841,1683499984488431d,590
1683499984494823,1683499984500387d,5564
1683499984500968,1683499984508420d,7452
1683499984514977,1683499984521543d,6566
1683499984522180,1683499984528422d,6242
1683499984539013,1683499984539015d,2
1683499984551080,1683499984551081d,1
1683499984559796,1683499984560461d,665
1683499984567798,1683499984568533d,735
1683499984569137,1683499984580412d,11275
1683499984591811,1683499984592458d,647
1683499984593063,1683499984600409d,7346
1683499984607850,1683499984608489d,639
1683499984614663,1683499984620363d,5700
1683499984631829,1683499984632407d,578
1683499984642787,1683499984644360d,1573
1683499984653110,1683499984656412d,3302
1683499984666811,1683499984666812d,1
1683499984671826,1683499984672401d,575
1683499984673071,1683499984684343d,11272
1683499984691818,1683499984692408d,590
1683499984702184,1683499984704451d,2267
1683499984712132,1683499984712660d,528
1683499984720334,1683499984720893d,559
1683499984733058,1683499984733527d,469
1683499984739963,1683499984740408d,445
1683499984747804,1683499984748442d,638
1683499984758771,1683499984760268d,1497
1683499984767848,1683499984768345d,497
1683499984774335,1683499984780343d,6008
1683499984780964,1683499984792403d,11439
1683499984802814,1683499984802815d,1
1683499984803348,1683499984812404d,9056
1683499984823799,1683499984824313d,514
1683499984831802,1683499984832395d,593
1683499984833031,1683499984851053d,18022
1683499984851091,1683499984851779d,688
1683499984852324,1683499984864229d,11905
1683499984864763,1683499984876385d,11622
1683499984884054,1683499984888354d,4300
1683499984895813,1683499984896428d,615
1683499984897046,1683499984904291d,7245
1683499984911826,1683499984912370d,544
1683499984912892,1683499984924439d,11547
1683499984935836,1683499984936496d,660
1683499984947795,1683499984948466d,671
1683499984959796,1683499984960538d,742
1683499984967803,1683499984968665d,862
1683499984978815,1683499984978816d,1
1683499984979189,1683499984988495d,9306
1683499984999842,1683499985000611d,769
1683499985006367,1683499985008591d,2224
1683499985015839,1683499985016740d,901
1683499985022357,1683499985022873d,516
1683499985030448,1683499985030449d,1
1683499985034235,1683499985036476d,2241
1683499985047852,1683499985048490d,638
1683499985058855,1683499985059668d,813
1683499985060286,1683499985069563d,9277
1683499985070204,1683499985076632d,6428
1683499985083818,1683499985084545d,727
1683499985085425,1683499985092602d,7177
1683499985103847,1683499985104607d,760
1683499985111931,1683499985112519d,588
1683499985123829,1683499985124501d,672
1683499985131952,1683499985136587d,4635
1683499985147821,1683499985148623d,802
1683499985154267,1683499985154268d,1
1683499985154584,1683499985156570d,1986
1683499985168077,1683499985168880d,803
1683499985169520,1683499985180751d,11231
1683499985181429,1683499985188516d,7087
1683499985199791,1683499985200534d,743
1683499985211859,1683499985212614d,755
1683499985223835,1683499985224588d,753
1683499985231820,1683499985232551d,731
1683499985243848,1683499985244457d,609
1683499985244971,1683499985252354d,7383
1683499985263807,1683499985264423d,616
1683499985265008,1683499985272404d,7396
1683499985279780,1683499985280453d,673
1683499985281002,1683499985288339d,7337
1683499985295801,1683499985296418d,617
1683499985297006,1683499985308351d,11345
1683499985315840,1683499985316464d,624
1683499985317017,1683499985324397d,7380
1683499985335851,1683499985336414d,563
1683499985337040,1683499985348248d,11208
1683499985359048,1683499985360381d,1333
1683499985371870,1683499985372413d,543
1683499985379821,1683499985380462d,641
1683499985381090,1683499985388407d,7317
1683499985399852,1683499985400499d,647
1683499985401036,1683499985408344d,7308
1683499985416034,1683499985416684d,650
1683499985417214,1683499985428464d,11250
1683499985436067,1683499985436654d,587
1683499985437319,1683499985448391d,11072
1683499985455959,1683499985456466d,507
1683499985456993,1683499985464388d,7395
1683499985475854,1683499985476385d,531
1683499985476945,1683499985484358d,7413
1683499985491846,1683499985492390d,544
1683499985496028,1683499985504389d,8361
1683499985511837,1683499985512399d,562
1683499985519997,1683499985524396d,4399
1683499985531837,1683499985532373d,536
1683499985532946,1683499985540301d,7355
1683499985551861,1683499985552520d,659
1683499985563845,1683499985564408d,563
1683499985571818,1683499985572405d,587
1683499985572963,1683499985580406d,7443
1683499985587854,1683499985588590d,736
1683499985595847,1683499985596668d,821
1683499985603830,1683499985608380d,4550
1683499985613137,1683499985616417d,3280
1683499985623812,1683499985625459d,1647
1683499985626022,1683499985636398d,10376
1683499985643825,1683499985644403d,578
1683499985645041,1683499985652383d,7342
1683499985659869,1683499985660465d,596
1683499985667806,1683499985668412d,606
1683499985678225,1683499985678733d,508
1683499985690341,1683499985690822d,481
1683499985698419,1683499985706963d,8544
1683499985708113,1683499985708574d,461
1683499985722831,1683499985722833d,2
1683499985734739,1683499985734741d,2
1683499985739900,1683499985740510d,610
1683499985751904,1683499985752421d,517
1683499985763848,1683499985764371d,523
1683499985764983,1683499985776356d,11373
1683499985787824,1683499985788466d,642
1683499985795809,1683499985796307d,498
1683499985807815,1683499985808477d,662
1683499985815790,1683499985816553d,763
1683499985823796,1683499985824404d,608
1683499985825212,1683499985832379d,7167
1683499985842348,1683499985842965d,617
1683499985843611,1683499985848516d,4905
1683499985855822,1683499985856421d,599
1683499985856998,1683499985868436d,11438
1683499985879828,1683499985880408d,580
1683499985881030,1683499985888400d,7370
1683499985899840,1683499985900389d,549
1683499985900984,1683499985908382d,7398
1683499985915806,1683499985916402d,596
1683499985927800,1683499985928370d,570
1683499985935814,1683499985936383d,569
1683499985942250,1683499985948374d,6124
1683499985959861,1683499985960493d,632
1683499985971839,1683499985972469d,630
1683499985979807,1683499985980477d,670
1683499985981149,1683499985992448d,11299
1683499985999803,1683499986000472d,669
1683499986001130,1683499986012479d,11349
1683499986023848,1683499986024509d,661
1683499986025236,1683499986032467d,7231
1683499986043829,1683499986044492d,663
1683499986054631,1683499986056512d,1881
1683499986067836,1683499986068491d,655
1683499986075801,1683499986076485d,684
1683499986087844,1683499986088539d,695
1683499986099793,1683499986100469d,676
1683499986111825,1683499986112490d,665
1683499986123794,1683499986124469d,675
1683499986134809,1683499986134810d,1
1683499986146785,1683499986146786d,1
1683499986151844,1683499986152555d,711
1683499986163826,1683499986164432d,606
1683499986174930,1683499986175605d,675
1683499986184004,1683499986184713d,709
1683499986190991,1683499986196438d,5447
1683499986197103,1683499986208357d,11254
1683499986215771,1683499986216201d,430
1683499986223776,1683499986224131d,355
1683499986231789,1683499986234434d,2645
1683499986239767,1683499986240641d,874
1683499986248089,1683499986248700d,611
1683499986256047,1683499986260503d,4456
1683499986270261,1683499986270742d,481
1683499986282344,1683499986282935d,591
1683499986291005,1683499986291006d,1
1683499986299834,1683499986300585d,751
1683499986307769,1683499986308371d,602
1683499986309086,1683499986316392d,7306
1683499986327825,1683499986328405d,580
1683499986329063,1683499986340410d,11347
1683499986350350,1683499986355040d,4690
1683499986355063,1683499986362997d,7934
1683499986371019,1683499986371021d,2
1683499986371794,1683499986372496d,702
1683499986382339,1683499986384451d,2112
1683499986395852,1683499986396513d,661
1683499986406521,1683499986408443d,1922
1683499986409083,1683499986420448d,11365
1683499986430389,1683499986431052d,663
1683499986442610,1683499986443235d,625
1683499986447958,1683499986452555d,4597
1683499986461080,1683499986461540d,460
1683499986462259,1683499986472465d,10206
1683499986473028,1683499986484387d,11359
1683499986496136,1683499986500224d,4088
1683499986510928,1683499986512396d,1468
1683499986519872,1683499986520479d,607
1683499986521039,1683499986528424d,7385
1683499986535851,1683499986536423d,572
1683499986536993,1683499986544390d,7397
1683499986555842,1683499986556389d,547
1683499986563962,1683499986568473d,4511
1683499986579908,1683499986580458d,550
1683499986587980,1683499986592344d,4364
1683499986599953,1683499986600476d,523
1683499986606533,1683499986608381d,1848
1683499986619835,1683499986620502d,667
1683499986630857,1683499986631543d,686
1683499986638971,1683499986640438d,1467
1683499986650883,1683499986652368d,1485
1683499986663807,1683499986664564d,757
1683499986675833,1683499986676479d,646
1683499986683861,1683499986692260d,8399
1683499986692820,1683499986704448d,11628
1683499986715853,1683499986716412d,559
1683499986722847,1683499986728414d,5567
1683499986739805,1683499986740434d,629
1683499986746858,1683499986752346d,5488
1683499986763800,1683499986764506d,706
1683499986770804,1683499986776320d,5516
1683499986787866,1683499986788436d,570
1683499986798959,1683499986800382d,1423
1683499986811807,1683499986812442d,635
1683499986813024,1683499986824485d,11461
1683499986835839,1683499986836398d,559
1683499986836987,1683499986845546d,8559
1683499986853188,1683499986853629d,441
1683499986865235,1683499986865718d,483
1683499986866303,1683499986876417d,10114
1683499986887835,1683499986888312d,477
1683499986895825,1683499986896368d,543
1683499986896916,1683499986908290d,11374
1683499986919819,1683499986920369d,550
1683499986930417,1683499986932308d,1891
1683499986943771,1683499986944416d,645
1683499986944967,1683499986956294d,11327
1683499986967817,1683499986968358d,541
1683499986978477,1683499986980319d,1842
1683499986991832,1683499986992335d,503
1683499987003808,1683499987004289d,481
1683499987015796,1683499987016340d,544
1683499987026926,1683499987028390d,1464
1683499987039829,1683499987040407d,578
1683499987051847,1683499987052446d,599
1683499987059787,1683499987060395d,608
1683499987061106,1683499987072453d,11347
1683499987083783,1683499987084375d,592
1683499987085080,1683499987096555d,11475
1683499987097227,1683499987108453d,11226
1683499987109096,1683499987116345d,7249
1683499987123778,1683499987124373d,595
1683499987125048,1683499987136253d,11205
1683499987147821,1683499987148342d,521
1683499987154375,1683499987160323d,5948
1683499987171849,1683499987172369d,520
1683499987172988,1683499987184311d,11323
1683499987191771,1683499987192376d,605
1683499987192873,1683499987204312d,11439
1683499987215803,1683499987216356d,553
1683499987223833,1683499987224402d,569
1683499987225066,1683499987232346d,7280
1683499987242282,1683499987242283d,1
1683499987254253,1683499987254254d,1
1683499987254551,1683499987256307d,1756
1683499987263763,1683499987264365d,602
1683499987265061,1683499987272306d,7245
1683499987280011,1683499987281389d,1378
1683499987281946,1683499987288357d,6411
1683499987295786,1683499987296431d,645
1683499987297011,1683499987304301d,7290
1683499987314789,1683499987314790d,1
1683499987315241,1683499987320600d,5359
1683499988341002,1683499988341005d,3
1683499988348242,1683499988349020d,778
1683499988358416,1683499988360581d,2165
1683499988370754,1683499988371102d,348
1683499988382680,1683499988382992d,312
1683499988394813,1683499988394815d,2
1683499988399817,1683499988400561d,744
1683499988407809,1683499988408491d,682
1683499988415272,1683499988416492d,1220
1683499988423982,1683499988428450d,4468
1683499988438437,1683499988439070d,633
1683499988450424,1683499988451075d,651
1683499988451727,1683499988460501d,8774
1683499988467822,1683499988468538d,716
1683499988476037,1683499988480487d,4450
1683499988490472,1683499988490473d,1
1683499988490729,1683499988496542d,5813
1683499988507807,1683499988508454d,647
1683499988515832,1683499988516457d,625
1683499988526311,1683499988526770d,459
1683499988532030,1683499988532687d,657
1683499988544072,1683499988544735d,663
1683499988545358,1683499988556441d,11083
1683499988563819,1683499988564366d,547
1683499988574580,1683499988575234d,654
1683499988575785,1683499988580434d,4649
1683499988581042,1683499988588396d,7354
1683499988599015,1683499988599016d,1
1683499988611000,1683499988611002d,2
1683499988619058,1683499988619060d,2
1683499988627869,1683499988628411d,542
1683499988635842,1683499988636409d,567
1683499988644043,1683499988648499d,4456
1683499988658810,1683499988660372d,1562
1683499988660993,1683499988672354d,11361
1683499988678395,1683499988684373d,5978
1683499988695819,1683499988696459d,640
1683499988698632,1683499988708455d,9823
1683499988709101,1683499988716432d,7331
1683499988727810,1683499988728508d,698
1683499988729106,1683499988740403d,11297
1683499988751837,1683499988752448d,611
1683499988753055,1683499988764424d,11369
1683499988775859,1683499988777041d,1182
1683499988777595,1683499988788350d,10755
1683499988799913,1683499988800426d,513
1683499988811814,1683499988812564d,750
1683499988822510,1683499988824329d,1819
1683499988830577,1683499988836367d,5790
1683499988847793,1683499988848335d,542
1683499988858373,1683499988860384d,2011
1683499988867797,1683499988868398d,601
1683499988869015,1683499988876347d,7332
1683499988883871,1683499988884476d,605
1683499988885061,1683499988892413d,7352
1683499988903786,1683499988904347d,561
1683499988914957,1683499988916375d,1418
1683499988927794,1683499988928350d,556
1683499988928934,1683499988940423d,11489
1683499988951840,1683499988952402d,562
1683499988959798,1683499988964354d,4556
1683499988975794,1683499988976381d,587
1683499988987797,1683499988988547d,750
1683499988995880,1683499988996486d,606
1683499988997084,1683499989004354d,7270
1683499989004982,1683499989012360d,7378
1683499989023817,1683499989024365d,548
1683499989035058,1683499989035059d,1
1683499989035099,1683499989040342d,5243
1683499989050871,1683499989054530d,3659
1683499989055118,1683499989064280d,9162
1683499989075854,1683499989076276d,422
1683499989083916,1683499989084334d,418
1683499989090465,1683499989092417d,1952
1683499989097190,1683499989104216d,7026
1683499989111812,1683499989112398d,586
1683499989123815,1683499989124288d,473
1683499989131788,1683499989132359d,571
1683499989132964,1683499989140378d,7414
1683499989147810,1683499989148362d,552
1683499989148992,1683499989156392d,7400
1683499989157056,1683499989157495d,439
1683499989158127,1683499989168294d,10167
1683499989178800,1683499989178801d,1
1683499989179328,1683499989184335d,5007
1683499989191775,1683499989192356d,581
1683499989192985,1683499989204308d,11323
1683499989215827,1683499989216312d,485
1683499989219935,1683499989224281d,4346
1683499989231818,1683499989232391d,573
1683499989239806,1683499989240561d,755
1683499989250962,1683499989252322d,1360
1683499989252886,1683499989260305d,7419
1683499989267787,1683499989268365d,578
1683499989275780,1683499989276391d,611
1683499989283778,1683499989284451d,673
1683499989285035,1683499989292376d,7341
1683499989303790,1683499989304404d,614
1683499989310306,1683499989316381d,6075
1683499989328061,1683499989328062d,1
1683499989328302,1683499989332334d,4032
1683499989342911,1683499989342912d,1
1683499989350989,1683499989350990d,1
1683499989355842,1683499989356461d,619
1683499989363791,1683499989364379d,588
1683499989370738,1683499989372367d,1629
1683499989373060,1683499989380319d,7259
1683499989387991,1683499989388386d,395
1683499989388954,1683499989400263d,11309
1683499989400902,1683499989408464d,7562
1683499989409094,1683499989416360d,7266
1683499989427872,1683499989428377d,505
1683499989435929,1683499989436385d,456
1683499989443812,1683499989444454d,642
1683499989454924,1683499989456481d,1557
1683499989467976,1683499989468308d,332
1683499989468919,1683499989480359d,11440
1683499989491827,1683499989492393d,566
1683499989502310,1683499989502311d,1
1683499989507800,1683499989508490d,690
1683499989516034,1683499989528192d,12158
1683499989534307,1683499989540796d,6489
1683499989547795,1683499989548404d,609
1683499989555802,1683499989556360d,558
1683499989563833,1683499989564342d,509
1683499989571815,1683499989572347d,532
1683499989583269,1683499989583820d,551
1683499989603046,1683499989603047d,1
1683499989603083,1683499989604352d,1269
1683499989611827,1683499989612403d,576
1683499989619841,1683499989620470d,629
1683499989631827,1683499989632356d,529
1683499989632980,1683499989640337d,7357
1683499989651864,1683499989652421d,557
1683499989663803,1683499989664260d,457
1683499989674418,1683499989676323d,1905
1683499989686503,1683499989688395d,1892
1683499989688987,1683499989700523d,11536
1683499989711832,1683499989712401d,569
1683499989723869,1683499989724460d,591
1683499989725135,1683499989736350d,11215
1683499989747852,1683499989748401d,549
1683499989758931,1683499989760359d,1428
1683499989771846,1683499989772412d,566
1683499989780120,1683499989780596d,476
1683499989787010,1683499989792366d,5356
1683499989799020,1683499989804380d,5360
1683499989815831,1683499989816411d,580
1683499989827824,1683499989828381d,557
1683499989839793,1683499989840392d,599
1683499989841038,1683499989852332d,11294
1683499989863843,1683499989864408d,565
1683499989865099,1683499989876401d,11302
1683499989887799,1683499989888650d,851
1683499989894910,1683499989900378d,5468
1683499989907819,1683499989908395d,576
1683499989909074,1683499989920352d,11278
1683499989927816,1683499989928412d,596
1683499989939809,1683499989940408d,599
1683499989947776,1683499989948386d,610
1683499989954124,1683499989960347d,6223
1683499989971863,1683499989972374d,511
1683499989983802,1683499989984377d,575
1683499989991812,1683499989992426d,614
1683499990003861,1683499990004411d,550
1683499990015819,1683499990016354d,535
1683499990023832,1683499990024380d,548
1683499990034574,1683499990035284d,710
1683499990035809,1683499990044357d,8548
1683499990055840,1683499990056395d,555
1683499990057064,1683499990068343d,11279
1683499990079812,1683499990080349d,537
1683499990080906,1683499990092351d,11445
1683499990099789,1683499990100590d,801
1683499990101199,1683499990109331d,8132
1683499990109928,1683499990116375d,6447
1683499990116941,1683499990124314d,7373
1683499990131844,1683499990132371d,527
1683499990139778,1683499990140323d,545
1683499990140899,1683499990152346d,11447
1683499990163819,1683499990164340d,521
1683499990171796,1683499990172493d,697
1683499990179771,1683499990180485d,714
1683499990187775,1683499990188442d,667
1683499990189119,1683499990200447d,11328
1683499990207836,1683499990208463d,627
1683499990209180,1683499990220465d,11285
1683499990231776,1683499990232459d,683
1683499990233116,1683499990244487d,11371
1683499990255802,1683499990256500d,698
1683499990262955,1683499990268540d,5585
1683499990275805,1683499990277417d,1612
1683499990278071,1683499990284467d,6396
1683499990291785,1683499990292471d,686
1683499990303829,1683499990304466d,637
1683499990315807,1683499990316657d,850
1683499990317301,1683499990328511d,11210
1683499990339850,1683499990340551d,701
1683499990347805,1683499990348470d,665
1683499990359904,1683499990360529d,625
1683499990365038,1683499990372514d,7476
1683499990383095,1683499990383097d,2
1683499990395018,1683499990395019d,1
1683499990406994,1683499990406995d,1
1683499990407831,1683499990408463d,632
1683499990419057,1683499990419698d,641
1683499990428168,1683499990428868d,700
1683499990436279,1683499990437066d,787
1683499990437678,1683499990448204d,10526
1683499990455808,1683499990456394d,586
1683499990457107,1683499990468368d,11261
1683499990478988,1683499990478989d,1
1683499990482203,1683499990484448d,2245
1683499990491815,1683499990492469d,654
1683499990493112,1683499990500368d,7256
1683499990507812,1683499990508447d,635
1683499990518349,1683499990518801d,452
1683499990527005,1683499990527006d,1
1683499990531831,1683499990532630d,799
1683499990539868,1683499990540584d,716
1683499990547827,1683499990548393d,566
1683499990555800,1683499990556371d,571
1683499990556962,1683499990565417d,8455
1683499990566010,1683499990573382d,7372
1683499990584120,1683499990584530d,410
1683499990595826,1683499990596349d,523
1683499990596978,1683499990604365d,7387
1683499990614254,1683499990614787d,533
1683499990626357,1683499990626804d,447
1683499990633000,1683499990636483d,3483
1683499990642355,1683499990648372d,6017
1683499990655888,1683499990656582d,694
1683499990657106,1683499990668367d,11261
1683499990679835,1683499990680433d,598
1683499990687821,1683499990688413d,592
1683499990699839,1683499990700356d,517
1683499990711829,1683499990712290d,461
1683499990723853,1683499990724258d,405
1683499990731994,1683499990732232d,238
1683499990743815,1683499990744405d,590
1683499990752102,1683499990752693d,591
1683499990760176,1683499990760812d,636
1683499990766411,1683499990772407d,5996
1683499990779827,1683499990780430d,603
1683499990781050,1683499990792362d,11312
1683499990802973,1683499990803574d,601
1683499990804276,1683499990808345d,4069
1683499990819833,1683499990820491d,658
1683499990821164,1683499990832377d,11213
1683499990839820,1683499990840435d,615
1683499990848002,1683499990848662d,660
1683499990858965,1683499990860371d,1406
1683499990863317,1683499990872398d,9081
1683499990883808,1683499990884333d,525
1683499990884931,1683499990892421d,7490
1683499990904041,1683499990904593d,552
1683499990911961,1683499990916711d,4750
1683499990926376,1683499990926377d,1
1683499990935803,1683499990936360d,557
1683499990947802,1683499990948484d,682
1683499990958384,1683499990958834d,450
1683499990966336,1683499990966891d,555
1683499990978362,1683499990978819d,457
1683499990979493,1683499990988387d,8894
1683499990995972,1683499991000367d,4395
1683499991011792,1683499991012342d,550
1683499991020140,1683499991024365d,4225
1683499991035834,1683499991036372d,538
1683499991047947,1683499991047948d,1
1683499991055816,1683499991056386d,570
1683499991067832,1683499991068344d,512
1683499991075788,1683499991076383d,595
1683499991077013,1683499991084465d,7452
1683499991095811,1683499991096453d,642
1683499991097151,1683499991108383d,11232
1683499991115824,1683499991116418d,594
1683499991126581,1683499991126854d,273
1683499991134461,1683499991136381d,1920
1683499991136976,1683499991148351d,11375
1683499991159855,1683499991160386d,531
1683499991171802,1683499991172415d,613
1683499991172993,1683499991180442d,7449
1683499991180991,1683499991192434d,11443
1683499991203848,1683499991204515d,667
1683499991212117,1683499991212784d,667
1683499991223833,1683499991224234d,401
1683499991224933,1683499991236503d,11570
1683499991247828,1683499991248489d,661
1683499991249117,1683499991260372d,11255
1683499991270928,1683499991271559d,631
1683499991278993,1683499991280362d,1369
1683499991290297,1683499991290692d,395
1683499991298420,1683499991298839d,419
1683499991310617,1683499991311161d,544
1683499991311829,1683499991320349d,8520
1683499991331819,1683499991332454d,635
1683499991338928,1683499991344405d,5477
1683499991355844,1683499991356428d,584
1683499991367527,1683499991368346d,819
1683499991374533,1683499991376433d,1900
1683499991383813,1683499991384375d,562
1683499991391822,1683499991392392d,570
1683499991392994,1683499991404363d,11369
1683499991415871,1683499991416375d,504
1683499991417086,1683499991428354d,11268
1683499991435841,1683499991437429d,1588
1683499991437988,1683499991448429d,10441
1683499991455872,1683499991456504d,632
1683499991457102,1683499991468380d,11278
1683499991479840,1683499991480442d,602
1683499991487870,1683499991488681d,811
1683499991495836,1683499991500321d,4485
1683499991501056,1683499991512493d,11437
1683499991519844,1683499991520615d,771
1683499991526530,1683499991527029d,499
1683499991538333,1683499991538856d,523
1683499991539487,1683499991544487d,5000
1683499991551826,1683499991552470d,644
1683499991552947,1683499991560350d,7403
1683499991567848,1683499991568401d,553
1683499991571212,1683499991576336d,5124
1683499991583857,1683499991584383d,526
1683499991584921,1683499991592545d,7624
1683499991598306,1683499991600355d,2049
1683499991601146,1683499991612433d,11287
1683499991622909,1683499991628325d,5416
1683499991635012,1683499991636497d,1485
1683499991643812,1683499991648311d,4499
1683499991648981,1683499991660549d,11568
1683499991667799,1683499991669533d,1734
1683499991670206,1683499991676461d,6255
1683499991682916,1683499991684469d,1553
1683499991702369,1683499991702370d,1
1683499991714299,1683499991714300d,1
1683499991714576,1683499991715292d,716
1683499991720038,1683499991732306d,12268
1683499991732959,1683499991744503d,11544
1683499991754383,1683499991754385d,2
1683499991763837,1683499991764433d,596
1683499991775812,1683499991776485d,673
1683499991776984,1683499991784373d,7389
1683499991795800,1683499991796351d,551
1683499991807796,1683499991808602d,806
1683499991809241,1683499991816356d,7115
1683499991828056,1683499991840210d,12154
1683499991840819,1683499991852335d,11516
1683499991859933,1683499991861403d,1470
1683499991869082,1683499991869447d,365
1683499991877094,1683499991880332d,3238
1683499991891848,1683499991892465d,617
1683499991894542,1683499991904368d,9826
1683499991915840,1683499991916363d,523
1683499991922416,1683499991924349d,1933
1683499991931865,1683499991932375d,510
1683499991932962,1683499991940316d,7354
1683499991947810,1683499991948407d,597
1683499991948972,1683499991956341d,7369
1683499991966404,1683499991966405d,1
1683499991966702,1683499991972321d,5619
1683499991979822,1683499991980348d,526
1683499991987819,1683499991988419d,600
1683499991999820,1683499992000383d,563
1683499992008077,1683499992008633d,556
1683499992015935,1683499992016370d,435
1683499992016959,1683499992024339d,7380
1683499992035845,1683499992036441d,596
1683499992046349,1683499992048323d,1974
1683499992055794,1683499992056443d,649
1683499992066888,1683499992067502d,614
1683499992068106,1683499992072467d,4361
1683499992072985,1683499992080347d,7362
1683499992088040,1683499992088542d,502
1683499992089174,1683499992089638d,464
1683499992090231,1683499992096344d,6113
1683499992107002,1683499992107003d,1
1683499992107546,1683499992116392d,8846
1683499992127813,1683499992128366d,553
1683499992135952,1683499992136355d,403
1683499992144055,1683499992144591d,536
1683499992154835,1683499992155543d,708
1683499992160214,1683499992161042d,828
1683499992161699,1683499992168447d,6748
1683499992169038,1683499992176310d,7272
1683499992187824,1683499992188427d,603
1683499992189018,1683499992200330d,11312
1683499992211830,1683499992212368d,538
1683499992213016,1683499992220356d,7340
1683499992231861,1683499992232547d,686
1683499992233153,1683499992244381d,11228
1683499992245077,1683499992256391d,11314
1683499992263970,1683499992264350d,380
1683499992271823,1683499992272501d,678
1683499992273122,1683499992280380d,7258
1683499992291855,1683499992292462d,607
1683499992302979,1683499992304309d,1330
1683499992315812,1683499992316416d,604
1683499992324118,1683499992328398d,4280
1683499992339827,1683499992340436d,609
1683499992351796,1683499992352313d,517
1683499992359811,1683499992360369d,558
1683499992368008,1683499992368343d,335
1683499992375793,1683499992376356d,563
1683499992387823,1683499992388323d,500
1683499992398354,1683499992398769d,415
1683499992399402,1683499992404319d,4917
1683499992415863,1683499992416344d,481
1683499992423974,1683499992428325d,4351
1683499992439843,1683499992440397d,554
1683499992448006,1683499992448700d,694
1683499992456334,1683499992460457d,4123
1683499992461134,1683499992472340d,11206
1683499992483797,1683499992484476d,679
1683499992495787,1683499992496334d,547
1683499992507803,1683499992508482d,679
1683499992509199,1683499992516373d,7174
1683499992523966,1683499992524486d,520
1683499992525114,1683499992532409d,7295
1683499992539812,1683499992540433d,621
1683499992551801,1683499992552375d,574
1683499992552953,1683499992553414d,461
1683499992559826,1683499992560433d,607
1683499992567849,1683499992568454d,605
1683499992575812,1683499992576548d,736
1683499992587842,1683499992588475d,633
1683499992589059,1683499992596594d,7535
1683499992607823,1683499992608522d,699
1683499992609092,1683499992620508d,11416
1683499992627795,1683499992628447d,652
1683499992629046,1683499992636422d,7376
1683499992643820,1683499992644358d,538
1683499992651330,1683499992652407d,1077
1683499992653078,1683499992653593d,515
1683499992654165,1683499992660405d,6240
1683499992667841,1683499992668586d,745
1683499992674669,1683499992680339d,5670
1683499992687817,1683499992688344d,527
1683499992689042,1683499992700356d,11314
1683499992711850,1683499992712518d,668
1683499992713111,1683499992724649d,11538
1683499992735882,1683499992736458d,576
1683499992737039,1683499992744381d,7342
1683499992755914,1683499992756397d,483
1683499992757207,1683499992764380d,7173
1683499992775823,1683499992776576d,753
1683499992787821,1683499992788646d,825
1683499992799790,1683499992800367d,577
1683499992801020,1683499992812384d,11364
1683499992813026,1683499992824338d,11312
1683499992835801,1683499992836393d,592
1683499992847848,1683499992848416d,568
1683499992856039,1683499992860403d,4364
1683499992871814,1683499992872448d,634
1683499992882966,1683499992883687d,721
1683499992888118,1683499992888787d,669
1683499992896145,1683499992896975d,830
1683499992904120,1683499992906693d,2573
1683499992911996,1683499992920208d,8212
1683499992931871,1683499992932286d,415
1683499992932921,1683499992940435d,7514
1683499992947812,1683499992948393d,581
1683499992958307,1683499992958308d,1
1683499992966266,1683499992966267d,1
1683499992975806,1683499992976328d,522
1683499992983872,1683499992984416d,544
1683499992992154,1683499992992790d,636
1683499993002790,1683499993002792d,2
1683499993003258,1683499993008356d,5098
1683499993015812,1683499993016354d,542
1683499993016942,1683499993028397d,11455
1683499993035822,1683499993044172d,8350
1683499993044806,1683499993052407d,7601
1683499993059842,1683499993060415d,573
1683499993071198,1683499993078592d,7394
1683499993090361,1683499993090362d,1
1683499993090633,1683499993096440d,5807
1683499993106611,1683499993108363d,1752
1683499993122978,1683499993122979d,1
1683499993130862,1683499993136182d,5320
1683499993142954,1683499993144394d,1440
1683499993155803,1683499993156411d,608
1683499993162745,1683499993168350d,5605
1683499993179834,1683499993180408d,574
1683499993191042,1683499993191648d,606
1683499993192247,1683499993196402d,4155
1683499993196963,1683499993204313d,7350
1683499993211803,1683499993212490d,687
1683499993213126,1683499993224370d,11244
1683499993231783,1683499993232312d,529
1683499993232943,1683499993244335d,11392
1683499993251818,1683499993252366d,548
1683499993263762,1683499993264348d,586
1683499993270955,1683499993284182d,13227
1683499993284796,1683499993285395d,599
1683499993285963,1683499993292364d,6401
1683499993292930,1683499993300378d,7448
1683499993307771,1683499993308355d,584
1683499993308972,1683499993320326d,11354
1683499993331922,1683499993332423d,501
1683499993333038,1683499993340422d,7384
1683499993351823,1683499993352432d,609
1683499993353181,1683499993364348d,11167
1683499993375894,1683499993376478d,584
1683499993386392,1683499993390995d,4603
1683499993391018,1683499993396417d,5399
1683499993403799,1683499993404389d,590
1683499993410402,1683499993412367d,1965
1683499993418575,1683499993420391d,1816
1683499993431826,1683499993432418d,592
1683499993439830,1683499993440562d,732
1683499993446924,1683499993447505d,581
1683499993448083,1683499993456381d,8298
1683499993463801,1683499993464414d,613
1683499993470314,1683499993472351d,2037
1683499993486438,1683499993486439d,1
1683499993486700,1683499993488378d,1678
1683499993498984,1683499993498985d,1
1683499993499614,1683499993508392d,8778
1683499993515798,1683499993516393d,595
1683499993516978,1683499993524429d,7451
1683499993529068,1683499993532373d,3305
1683499993537114,1683499993544381d,7267
1683499993545163,1683499993552354d,7191
1683499993552958,1683499993564393d,11435
1683499993575888,1683499993576391d,503
1683499993576974,1683499993584391d,7417
1683499993591850,1683499993592413d,563
1683499993593081,1683499993600385d,7304
1683499993611837,1683499993612394d,557
1683499993613016,1683499993624387d,11371
1683499993636068,1683499993636709d,641
1683499993637404,1683499993644394d,6990
1683499993651795,1683499993652358d,563
1683499993657185,1683499993664355d,7170
1683499993664971,1683499993676358d,11387
1683499993677040,1683499993688484d,11444
1683499993699835,1683499993700355d,520
1683499993700921,1683499993712351d,11430
1683499993719796,1683499993720390d,594
1683499993721068,1683499993728412d,7344
1683499993739821,1683499993740435d,614
1683499993741029,1683499993752375d,11346
1683499993763805,1683499993764392d,587
1683499993764969,1683499993776346d,11377
1683499993787879,1683499993788405d,526
1683499993794304,1683499993796320d,2016
1683499993806357,1683499993806358d,1
1683499993814355,1683499993816344d,1989
1683499993822537,1683499993828370d,5833
1683499993830475,1683499993840420d,9945
1683499993850307,1683499993852227d,1920
1683499993852789,1683499993860420d,7631
1683499993867818,1683499993872227d,4409
1683499993872830,1683499993880347d,7517
1683499993891703,1683499993892244d,541
1683499993902369,1683499993902861d,492
1683499993914309,1683499993914696d,387
1683499993915341,1683499993920343d,5002
1683499993928099,1683499993928637d,538
1683499993936082,1683499993936715d,633
1683499993944129,1683499993944724d,595
1683499993952089,1683499993952781d,692
1683499993963008,1683499993969431d,6423
1683499993970004,1683499993976412d,6408
1683499993983835,1683499993984376d,541
1683499993991812,1683499993992354d,542
1683499993999834,1683499994000395d,561
1683499994004217,1683499994012393d,8176
1683499994019797,1683499994020391d,594
1683499994021008,1683499994028380d,7372
1683499994035830,1683499994036462d,632
1683499994042289,1683499994048424d,6135
1683499994055792,1683499994056434d,642
1683499994057101,1683499994064385d,7284
1683499994071838,1683499994072505d,667
1683499994083955,1683499994083956d,1
1683499994087819,1683499994088485d,666
1683499994100036,1683499994101174d,1138
1683499994113128,1683499994113604d,476
1683499994114208,1683499994124414d,10206
1683499994135976,1683499994136711d,735
1683499994137337,1683499994148440d,11103
1683499994155817,1683499994156411d,594
1683499994168009,1683499994168714d,705
1683499994180173,1683499994181056d,883
1683499994187798,1683499994188376d,578
1683499994198986,1683499994199709d,723
1683499994200326,1683499994204161d,3835
1683499994216164,1683499994216774d,610
1683499994217496,1683499994228377d,10881
1683499994239821,1683499994240386d,565
1683499994240997,1683499994252356d,11359
1683499994263839,1683499994264434d,595
1683499994271816,1683499994272361d,545
1683499994283814,1683499994284344d,530
1683499994294927,1683499994295578d,651
1683499994307840,1683499994308306d,466
1683499994314960,1683499994315494d,534
1683499994326204,1683499994332232d,6028
1683499994332837,1683499994344388d,11551
1683499994355847,1683499994356457d,610
1683499994365200,1683499994368368d,3168
1683499994378364,1683499994378766d,402
1683499994390432,1683499994390851d,419
1683499994391537,1683499994396415d,4878
1683499994406826,1683499994408371d,1545
1683499994419812,1683499994420381d,569
1683499994426563,1683499994430863d,4300
1683499994439178,1683499994442572d,3394
1683499994443154,1683499994452343d,9189
1683499994463867,1683499994464471d,604
1683499994475791,1683499994476399d,608
1683499994487795,1683499994488349d,554
1683499994497001,1683499994497531d,530
1683499994498154,1683499994504367d,6213
1683499994504990,1683499994516377d,11387
1683499994523824,1683499994524391d,567
1683499994542375,1683499994542376d,1
1683499994550277,1683499994550278d,1
1683499994550637,1683499994551180d,543
1683499994562411,1683499994562412d,1
1683499994562767,1683499994564364d,1597
1683499994575833,1683499994576333d,500
1683499994576975,1683499994588341d,11366
1683499994598527,1683499994600342d,1815
1683499994610352,1683499994612315d,1963
1683499994619825,1683499994620392d,567
1683499994631829,1683499994632333d,504
1683499994642584,1683499994644350d,1766
1683499994655836,1683499994656369d,533
1683499994667827,1683499994668376d,549
1683499994668943,1683499994680369d,11426
1683499994690263,1683499994690264d,1
1683499994699812,1683499994706996d,7184
1683499994711832,1683499994712369d,537
1683499994720099,1683499994724131d,4032
1683499994735860,1683499994736334d,474
1683499994744154,1683499994748320d,4166
1683499994759817,1683499994760341d,524
1683499994760868,1683499994782984d,22116
1683499994783817,1683499994784420d,603
1683499994795799,1683499994796350d,551
1683499994803798,1683499994804410d,612
1683499994811855,1683499994812550d,695
1683499994823841,1683499994824392d,551
1683499994835798,1683499994836378d,580
1683499994847828,1683499994848388d,560
1683499994857105,1683499994860341d,3236
