1683650530755652,1683650530777579,21927
1683650530788001,1683650530788721,720
1683650530789639,1683650530790256,617
1683650530790987,1683650530791561,574
1683650530792473,1683650530793209,736
1683650530794154,1683650530795003,849
1683650530795691,1683650530802415,6724
1683650530803297,1683650530804315,1018
1683650530805182,1683650530805873,691
1683650530815983,1683650530816677,694
1683650530823413,1683650530826223,2810
1683650530826960,1683650530831769,4809
1683650530832690,1683650530842294,9604
1683650530843981,1683650530844645,664
1683650530845431,1683650530845991,560
1683650530846684,1683650530856636,9952
1683650530857514,1683650530862300,4786
1683650530863122,1683650530863827,705
1683650530864603,1683650530865245,642
1683650530866036,1683650530866692,656
1683650530867470,1683650530868216,746
1683650530869016,1683650530869648,632
1683650530875847,1683650530876460,613
1683650530877180,1683650530877870,690
1683650530878573,1683650530889160,10587
1683650530890137,1683650530890757,620
1683650530898929,1683650530899726,797
1683650530900610,1683650530901313,703
1683650530911924,1683650530912569,645
1683650530913275,1683650530913905,630
1683650530914637,1683650530918338,3701
1683650530919087,1683650530930306,11219
1683650530931155,1683650530931771,616
1683650530932478,1683650530933144,666
1683650530933953,1683650530942292,8339
1683650530943011,1683650530943835,824
1683650530944624,1683650530954341,9717
1683650530955258,1683650530962359,7101
1683650530963328,1683650530974291,10963
1683650530975103,1683650530975790,687
1683650530980170,1683650530981044,874
1683650530987977,1683650530988659,682
1683650530996285,1683650530997059,774
1683650530997779,1683650531001149,3370
1683650531007853,1683650531011863,4010
1683650531012703,1683650531013303,600
1683650531014122,1683650531022308,8186
1683650531023061,1683650531023757,696
1683650531034279,1683650531035127,848
1683650531035973,1683650531042353,6380
1683650531043270,1683650531054278,11008
1683650531055071,1683650531061205,6134
1683650531062008,1683650531062609,601
1683650531063431,1683650531064127,696
1683650531064925,1683650531065529,604
1683650531066321,1683650531074422,8101
1683650531075270,1683650531086340,11070
1683650531087128,1683650531097159,10031
1683650531097884,1683650531098545,661
1683650531099235,1683650531099954,719
1683650531100695,1683650531110348,9653
1683650531111147,1683650531111836,689
1683650531112593,1683650531113173,580
1683650531114008,1683650531114668,660
1683650531115539,1683650531119822,4283
1683650531120585,1683650531121283,698
1683650531122051,1683650531123061,1010
1683650531123870,1683650531124565,695
1683650531125487,1683650531135770,10283
1683650531136893,1683650531137553,660
1683650531138373,1683650531139046,673
1683650531144224,1683650531145160,936
1683650531145984,1683650531150840,4856
1683650531151565,1683650531152264,699
1683650531160016,1683650531160649,633
1683650531171954,1683650531172661,707
1683650531173386,1683650531173997,611
1683650531174699,1683650531175384,685
1683650531176129,1683650531186331,10202
1683650531187162,1683650531198324,11162
1683650531206924,1683650531207333,409
1683650531208082,1683650531208742,660
1683650531218914,1683650531219537,623
1683650531220280,1683650531226348,6068
1683650531227052,1683650531234390,7338
1683650531235271,1683650531243084,7813
1683650531244070,1683650531244716,646
1683650531245595,1683650531246197,602
1683650531247058,1683650531250942,3884
1683650531251749,1683650531258386,6637
1683650531259327,1683650531259904,577
1683650531260611,1683650531261315,704
1683650531272005,1683650531272714,709
1683650531280088,1683650531280789,701
1683650531281534,1683650531282187,653
1683650531291917,1683650531293205,1288
1683650531303918,1683650531304541,623
1683650531305289,1683650531305883,594
1683650531306761,1683650531318255,11494
1683650531319189,1683650531330442,11253
1683650531331232,1683650531331807,575
1683650531332603,1683650531333212,609
1683650531334161,1683650531334748,587
1683650531335766,1683650531346842,11076
1683650531347939,1683650531348626,687
1683650531349365,1683650531350112,747
1683650531359847,1683650531360546,699
1683650531370830,1683650531371781,951
1683650531372877,1683650531373506,629
1683650531374299,1683650531375041,742
1683650531375935,1683650531376541,606
1683650531377227,1683650531383859,6632
1683650531384739,1683650531385431,692
1683650531386366,1683650531398380,12014
1683650531399224,1683650531399805,581
1683650531400629,1683650531401317,688
1683650531402211,1683650531406959,4748
1683650531407764,1683650531413172,5408
1683650531418477,1683650531430429,11952
1683650531431250,1683650531434958,3708
1683650531439379,1683650531439868,489
1683650531447402,1683650531448066,664
1683650531448933,1683650531449647,714
1683650531459894,1683650531460738,844
1683650531461522,1683650531469195,7673
1683650531470167,1683650531470820,653
1683650531480306,1683650531480990,684
1683650531492253,1683650531493095,842
1683650531494016,1683650531494673,657
1683650531506864,1683650531507551,687
1683650531514874,1683650531518379,3505
1683650531519150,1683650531519779,629
1683650531520646,1683650531529715,9069
1683650531530456,1683650531539845,9389
1683650531540707,1683650531547819,7112
1683650531548783,1683650531555015,6232
1683650531555985,1683650531556660,675
1683650531557281,1683650531563821,6540
1683650531564711,1683650531575775,11064
1683650531576849,1683650531586839,9990
1683650531587656,1683650531598410,10754
1683650531599260,1683650531609265,10005
1683650531610086,1683650531610756,670
1683650531611515,1683650531612276,761
1683650531613098,1683650531621689,8591
1683650531622605,1683650531623262,657
1683650531624013,1683650531624628,615
1683650531625414,1683650531626019,605
1683650531627257,1683650531627944,687
1683650531636020,1683650531636713,693
1683650531637609,1683650531638582,973
1683650531639349,1683650531645140,5791
1683650531646007,1683650531646618,611
1683650531655966,1683650531656599,633
1683650531668062,1683650531668762,700
1683650531669651,1683650531670289,638
1683650531671208,1683650531677158,5950
1683650531683864,1683650531684646,782
1683650531685455,1683650531694345,8890
1683650531695255,1683650531702313,7058
1683650531703076,1683650531703781,705
1683650531704523,1683650531711067,6544
1683650531711895,1683650531712501,606
1683650531713331,1683650531714014,683
1683650531714913,1683650531715465,552
1683650531716289,1683650531722364,6075
1683650531723193,1683650531734312,11119
1683650531735105,1683650531735707,602
1683650531736435,1683650531737013,578
1683650531737762,1683650531738413,651
1683650531739256,1683650531745210,5954
1683650531746529,1683650531757210,10681
1683650531766894,1683650531767693,799
1683650531768888,1683650531776324,7436
1683650531777148,1683650531777832,684
1683650531778639,1683650531779298,659
1683650531780184,1683650531787765,7581
1683650531788665,1683650531789320,655
1683650531790185,1683650531790810,625
1683650531796289,1683650531797228,939
1683650531807923,1683650531808706,783
1683650531809538,1683650531818377,8839
1683650531819268,1683650531826937,7669
1683650531827886,1683650531828597,711
1683650531839976,1683650531840714,738
1683650531841470,1683650531851829,10359
1683650531852796,1683650531862296,9500
1683650531863060,1683650531863754,694
1683650531871812,1683650531872552,740
1683650531879446,1683650531879927,481
1683650531880781,1683650531885126,4345
1683650531888021,1683650531888651,630
1683650531889468,1683650531890052,584
1683650531890899,1683650531901574,10675
1683650531902506,1683650531903146,640
1683650531903920,1683650531913122,9202
1683650531913988,1683650531922299,8311
1683650531923053,1683650531923750,697
1683650531924498,1683650531925199,701
1683650531926051,1683650531926661,610
1683650531927437,1683650531934281,6844
1683650531935241,1683650531946381,11140
1683650531947219,1683650531954835,7616
1683650531955729,1683650531956505,776
1683650531963827,1683650531966523,2696
1683650531967447,1683650531968029,582
1683650531969021,1683650531977582,8561
1683650531979436,1683650531980210,774
1683650531981069,1683650531982194,1125
1683650531983067,1683650531983613,546
1683650531984442,1683650531985083,641
1683650531986045,1683650531994336,8291
1683650532002837,1683650532007074,4237
1683650532007922,1683650532008563,641
1683650532009394,1683650532010032,638
1683650532010906,1683650532017656,6750
1683650532018549,1683650532019203,654
1683650532019969,1683650532020683,714
1683650532027829,1683650532028443,614
1683650532029396,1683650532037158,7762
1683650532038295,1683650532038898,603
1683650532039811,1683650532050273,10462
1683650532051086,1683650532051674,588
1683650532052424,1683650532061219,8795
1683650532061937,1683650532062517,580
1683650532063218,1683650532070296,7078
1683650532071131,1683650532079771,8640
1683650532080587,1683650532086399,5812
1683650532087358,1683650532095520,8162
1683650532096515,1683650532104152,7637
1683650532105052,1683650532105605,553
1683650532106393,1683650532106955,562
1683650532107674,1683650532119784,12110
1683650532120675,1683650532121332,657
1683650532128111,1683650532134214,6103
1683650532140067,1683650532145247,5180
1683650532146164,1683650532146801,637
1683650532147723,1683650532148477,754
1683650532149318,1683650532154327,5009
1683650532155177,1683650532166281,11104
1683650532167073,1683650532174467,7394
1683650532175331,1683650532175957,626
1683650532176719,1683650532186238,9519
1683650532187133,1683650532198223,11090
1683650532199070,1683650532199711,641
1683650532200461,1683650532205307,4846
1683650532206183,1683650532206811,628
1683650532207626,1683650532208326,700
1683650532218935,1683650532219373,438
1683650532220312,1683650532229242,8930
1683650532230155,1683650532230817,662
1683650532236214,1683650532238313,2099
1683650532239284,1683650532246236,6952
1683650532247122,1683650532247952,830
1683650532248686,1683650532249326,640
1683650532250147,1683650532257203,7056
1683650532258119,1683650532258745,626
1683650532259598,1683650532260225,627
1683650532260936,1683650532261552,616
1683650532262232,1683650532273240,11008
1683650532274144,1683650532274775,631
1683650532279897,1683650532285169,5272
1683650532285904,1683650532286600,696
1683650532292099,1683650532297173,5074
1683650532297927,1683650532302352,4425
1683650532304094,1683650532304732,638
1683650532305494,1683650532306128,634
1683650532306895,1683650532307536,641
1683650532318831,1683650532319748,917
1683650532330849,1683650532331607,758
1683650532332399,1683650532342316,9917
1683650532343092,1683650532343817,725
1683650532350273,1683650532358249,7976
1683650532359070,1683650532359810,740
1683650532360513,1683650532361218,705
1683650532361882,1683650532370324,8442
1683650532371137,1683650532371770,633
1683650532372471,1683650532373085,614
1683650532373850,1683650532381210,7360
1683650532382047,1683650532382629,582
1683650532383363,1683650532383924,561
1683650532384678,1683650532385391,713
1683650532386191,1683650532394350,8159
1683650532395065,1683650532403572,8507
1683650532404463,1683650532414356,9893
1683650532415029,1683650532415657,628
1683650532416424,1683650532423784,7360
1683650532424696,1683650532435919,11223
1683650532436866,1683650532446286,9420
1683650532447255,1683650532454354,7099
1683650532455322,1683650532464106,8784
1683650532464819,1683650532465622,803
1683650532466532,1683650532467252,720
1683650532468089,1683650532473304,5215
1683650532479973,1683650532480571,598
1683650532481311,1683650532481948,637
1683650532488256,1683650532488900,644
1683650532489716,1683650532494956,5240
1683650532495760,1683650532496346,586
1683650532503949,1683650532504678,729
1683650532512132,1683650532512902,770
1683650532513661,1683650532518350,4689
1683650532519088,1683650532526281,7193
1683650532527058,1683650532537181,10123
1683650532537980,1683650532546281,8301
1683650532547179,1683650532547812,633
1683650532548584,1683650532549201,617
1683650532549963,1683650532555767,5804
1683650532556604,1683650532557319,715
1683650532558060,1683650532567928,9868
1683650532568806,1683650532569476,670
1683650532570316,1683650532575775,5459
1683650532576529,1683650532577173,644
1683650532577977,1683650532578643,666
1683650532579502,1683650532580174,672
1683650532580902,1683650532581573,671
1683650532582362,1683650532590246,7884
1683650532591025,1683650532597200,6175
1683650532598096,1683650532598714,618
1683650532603890,1683650532604570,680
1683650532615924,1683650532626226,10302
1683650532626995,1683650532627722,727
1683650532628471,1683650532639032,10561
1683650532640032,1683650532640703,671
1683650532647885,1683650532648546,661
1683650532649279,1683650532649940,661
1683650532650703,1683650532651377,674
1683650532652151,1683650532659809,7658
1683650532662413,1683650532663097,684
1683650532667941,1683650532668625,684
1683650532669386,1683650532670114,728
1683650532671047,1683650532671675,628
1683650532672523,1683650532682350,9827
1683650532683246,1683650532683886,640
1683650532684657,1683650532685286,629
1683650532686089,1683650532686667,578
1683650532687414,1683650532693208,5794
1683650532694080,1683650532695274,1194
1683650532696141,1683650532696828,687
1683650532703880,1683650532704639,759
1683650532705299,1683650532705983,684
1683650532706719,1683650532714416,7697
1683650532715177,1683650532716766,1589
1683650532717627,1683650532718291,664
1683650532719016,1683650532719603,587
1683650532720354,1683650532727707,7353
1683650532728495,1683650532729087,592
1683650532729862,1683650532741241,11379
1683650532742138,1683650532742803,665
1683650532743583,1683650532744225,642
1683650532744961,1683650532754326,9365
1683650532755852,1683650532756558,706
1683650532763788,1683650532764507,719
1683650532771778,1683650532772503,725
1683650532773227,1683650532773874,647
1683650532774524,1683650532775205,681
1683650532783853,1683650532784529,676
1683650532791811,1683650532792584,773
1683650532798190,1683650532798766,576
1683650532803856,1683650532811047,7191
1683650532811940,1683650532822375,10435
1683650532823204,1683650532823822,618
1683650532824608,1683650532825252,644
1683650532835969,1683650532836745,776
1683650532837649,1683650532841139,3490
1683650532841794,1683650532842532,738
1683650532854833,1683650532855689,856
1683650532856483,1683650532861294,4811
1683650532862054,1683650532862685,631
1683650532863402,1683650532864134,732
1683650532864878,1683650532865543,665
1683650532866311,1683650532866924,613
1683650532867778,1683650532878338,10560
1683650532882886,1683650532889223,6337
1683650532889920,1683650532890560,640
1683650532902828,1683650532903692,864
1683650532914838,1683650532915575,737
1683650532916416,1683650532917113,697
1683650532917823,1683650532925123,7300
1683650532930841,1683650532932035,1194
1683650532932903,1683650532939775,6872
1683650532940560,1683650532941224,664
1683650532942021,1683650532951046,9025
1683650532951902,1683650532952517,615
1683650532953271,1683650532953858,587
1683650532959890,1683650532965578,5688
1683650532971875,1683650532972680,805
1683650532973552,1683650532974168,616
1683650532974968,1683650532975542,574
1683650532987787,1683650532988604,817
1683650532989399,1683650532998284,8885
1683650532998979,1683650533003761,4782
1683650533004595,1683650533014939,10344
1683650533015745,1683650533022920,7175
1683650533023764,1683650533034266,10502
1683650533035063,1683650533035638,575
1683650533036411,1683650533037023,612
1683650533037817,1683650533038381,564
1683650533043735,1683650533044325,590
1683650533045064,1683650533045622,558
1683650533046359,1683650533058335,11976
1683650533059257,1683650533070227,10970
1683650533070982,1683650533071681,699
1683650533072513,1683650533073103,590
1683650533073913,1683650533085239,11326
1683650533086070,1683650533086651,581
1683650533087471,1683650533091711,4240
1683650533092566,1683650533102918,10352
1683650533103830,1683650533104437,607
1683650533105345,1683650533113164,7819
1683650533113955,1683650533119718,5763
1683650533120510,1683650533125171,4661
1683650533125868,1683650533134277,8409
1683650533142849,1683650533143697,848
1683650533144573,1683650533145138,565
1683650533145899,1683650533146579,680
1683650533147420,1683650533154186,6766
1683650533155083,1683650533155756,673
1683650533160114,1683650533160767,653
1683650533161585,1683650533162232,647
1683650533163015,1683650533174286,11271
1683650533175197,1683650533175772,575
1683650533176515,1683650533177067,552
1683650533177816,1683650533189145,11329
1683650533190079,1683650533194194,4115
1683650533194978,1683650533195566,588
1683650533196663,1683650533197221,558
1683650533198012,1683650533198643,631
1683650533202976,1683650533203474,498
1683650533204319,1683650533213584,9265
1683650533214352,1683650533226346,11994
1683650533227192,1683650533227820,628
1683650533228583,1683650533229189,606
1683650533229928,1683650533230590,662
1683650533231368,1683650533242916,11548
1683650533243753,1683650533244348,595
1683650533245071,1683650533245723,652
1683650533246480,1683650533254948,8468
1683650533255863,1683650533256436,573
1683650533257276,1683650533257848,572
1683650533258758,1683650533259286,528
1683650533260043,1683650533260632,589
1683650533270413,1683650533271164,751
1683650533280091,1683650533280788,697
1683650533281544,1683650533282154,610
1683650533282932,1683650533290302,7370
1683650533294224,1683650533298260,4036
1683650533299075,1683650533306879,7804
1683650533307784,1683650533308440,656
1683650533311955,1683650533313192,1237
1683650533313919,1683650533314530,611
1683650533315194,1683650533315959,765
1683650533316760,1683650533322983,6223
1683650533331774,1683650533332473,699
1683650533333288,1683650533333940,652
1683650533334739,1683650533335402,663
1683650533343952,1683650533346900,2948
1683650533347868,1683650533355760,7892
1683650533356627,1683650533358261,1634
1683650533359016,1683650533366316,7300
1683650533367325,1683650533374201,6876
1683650533374983,1683650533386283,11300
1683650533387192,1683650533394414,7222
1683650533395317,1683650533402358,7041
1683650533403130,1683650533414287,11157
1683650533415263,1683650533426297,11034
1683650533427294,1683650533427980,686
1683650533428789,1683650533429453,664
1683650533439987,1683650533440827,840
1683650533441795,1683650533442487,692
1683650533443367,1683650533444126,759
1683650533447925,1683650533448549,624
1683650533455755,1683650533456514,759
1683650533457435,1683650533467822,10387
1683650533468669,1683650533469290,621
1683650533470199,1683650533470877,678
1683650533471664,1683650533478906,7242
1683650533479801,1683650533480407,606
1683650533491968,1683650533492562,594
1683650533493365,1683650533498863,5498
1683650533499990,1683650533506185,6195
1683650533511987,1683650533515041,3054
1683650533515881,1683650533516520,639
1683650533517174,1683650533526975,9801
1683650533527879,1683650533533518,5639
1683650533534318,1683650533543789,9471
1683650533544646,1683650533545290,644
1683650533546105,1683650533546689,584
1683650533547598,1683650533552181,4583
1683650533557550,1683650533558316,766
1683650533559156,1683650533567890,8734
1683650533568753,1683650533569449,696
1683650533570284,1683650533574284,4000
1683650533575126,1683650533586320,11194
1683650533587306,1683650533594318,7012
1683650533595151,1683650533603769,8618
1683650533604725,1683650533605375,650
1683650533606312,1683650533614380,8068
1683650533615407,1683650533626336,10929
1683650533627191,1683650533635745,8554
1683650533636656,1683650533637234,578
1683650533638083,1683650533638691,608
1683650533639489,1683650533640068,579
1683650533641039,1683650533650425,9386
1683650533651276,1683650533651849,573
1683650533652781,1683650533662188,9407
1683650533663202,1683650533663845,643
1683650533664684,1683650533670914,6230
1683650533671627,1683650533672318,691
1683650533673108,1683650533682954,9846
1683650533683788,1683650533684457,669
1683650533685586,1683650533686175,589
1683650533687094,1683650533687742,648
1683650533688560,1683650533694954,6394
1683650533696154,1683650533696911,757
1683650533697828,1683650533698438,610
1683650533707861,1683650533708525,664
1683650533709281,1683650533719382,10101
1683650533726823,1683650533727539,716
1683650533728431,1683650533729119,688
1683650533729896,1683650533734258,4362
1683650533735013,1683650533746361,11348
1683650533747245,1683650533758232,10987
1683650533759001,1683650533765162,6161
1683650533766057,1683650533774289,8232
1683650533775057,1683650533778889,3832
1683650533779784,1683650533780430,646
1683650533781291,1683650533781901,610
1683650533782648,1683650533783317,669
1683650533784157,1683650533790944,6787
1683650533791719,1683650533798857,7138
1683650533799799,1683650533800465,666
1683650533801194,1683650533810887,9693
1683650533819774,1683650533820570,796
1683650533821461,1683650533830342,8881
1683650533831883,1683650533841132,9249
1683650533841922,1683650533842550,628
1683650533843235,1683650533843899,664
1683650533844640,1683650533845212,572
1683650533846005,1683650533846645,640
1683650533847459,1683650533848060,601
1683650533848759,1683650533849379,620
1683650533850260,1683650533862413,12153
1683650533863316,1683650533863907,591
1683650533864761,1683650533874825,10064
1683650533875570,1683650533885155,9585
1683650533886049,1683650533886660,611
1683650533887425,1683650533888064,639
1683650533889447,1683650533897108,7661
1683650533898095,1683650533898714,619
1683650533899596,1683650533910941,11345
1683650533911789,1683650533912519,730
1683650533913297,1683650533919691,6394
1683650533920435,1683650533921097,662
1683650533921789,1683650533922352,563
1683650533923178,1683650533934151,10973
1683650533934944,1683650533938856,3912
1683650533943910,1683650533944520,610
1683650533945385,1683650533955011,9626
1683650533955884,1683650533967345,11461
1683650533968213,1683650533978310,10097
1683650533979085,1683650533979754,669
1683650533980458,1683650533991855,11397
1683650533992576,1683650533998303,5727
1683650533999033,1683650534006247,7214
1683650534007095,1683650534007721,626
1683650534016055,1683650534016744,689
1683650534017435,1683650534018137,702
1683650534018894,1683650534019525,631
1683650534028110,1683650534028817,707
1683650534029539,1683650534030156,617
1683650534031054,1683650534042240,11186
1683650534043056,1683650534043721,665
1683650534044650,1683650534051712,7062
1683650534052571,1683650534053212,641
1683650534064258,1683650534064870,612
1683650534065648,1683650534066247,599
1683650534066996,1683650534067602,606
1683650534074365,1683650534074973,608
1683650534079803,1683650534082352,2549
1683650534083096,1683650534090275,7179
1683650534090973,1683650534091591,618
1683650534092349,1683650534092981,632
1683650534093807,1683650534094389,582
1683650534099817,1683650534100493,676
1683650534101206,1683650534101817,611
1683650534102496,1683650534103103,607
1683650534107823,1683650534110279,2456
1683650534111089,1683650534111650,561
1683650534112363,1683650534113005,642
1683650534113757,1683650534120081,6324
1683650534120896,1683650534121471,575
1683650534127823,1683650534128499,676
1683650534139931,1683650534140590,659
1683650534141337,1683650534150265,8928
1683650534159713,1683650534162093,2380
1683650534162909,1683650534167689,4780
1683650534168416,1683650534170284,1868
1683650534171010,1683650534179690,8680
1683650534180526,1683650534182284,1758
1683650534183074,1683650534194270,11196
1683650534195078,1683650534195655,577
1683650534196387,1683650534205244,8857
1683650534205965,1683650534206648,683
1683650534215381,1683650534215804,423
1683650534216622,1683650534217200,578
1683650534217951,1683650534227704,9753
1683650534228467,1683650534229133,666
1683650534229909,1683650534235703,5794
1683650534236485,1683650534237062,577
1683650534237849,1683650534238501,652
1683650534239292,1683650534239975,683
1683650534248212,1683650534248814,602
1683650534260052,1683650534260816,764
1683650534261539,1683650534262113,574
1683650534272296,1683650534272989,693
1683650534283833,1683650534284583,750
1683650534285338,1683650534285986,648
1683650534286869,1683650534287525,656
1683650534288243,1683650534297118,8875
1683650534297975,1683650534306247,8272
1683650534307137,1683650534307797,660
1683650534308536,1683650534318319,9783
1683650534319138,1683650534326275,7137
1683650534327033,1683650534327666,633
1683650534336053,1683650534336678,625
1683650534337533,1683650534348138,10605
1683650534348999,1683650534349658,659
1683650534350459,1683650534354913,4454
1683650534355797,1683650534366321,10524
1683650534367181,1683650534367776,595
1683650534368537,1683650534374886,6349
1683650534375658,1683650534385167,9509
1683650534385906,1683650534397136,11230
1683650534397793,1683650534398421,628
1683650534399143,1683650534399775,632
1683650534400441,1683650534401187,746
1683650534407913,1683650534408596,683
1683650534409381,1683650534409951,570
1683650534410671,1683650534419718,9047
1683650534420531,1683650534430327,9796
1683650534431077,1683650534431664,587
1683650534432351,1683650534432968,617
1683650534442839,1683650534443654,815
1683650534451836,1683650534452510,674
1683650534453212,1683650534453873,661
1683650534454730,1683650534460119,5389
1683650534460851,1683650534461429,578
1683650534462113,1683650534462696,583
1683650534463419,1683650534474213,10794
1683650534474987,1683650534475595,608
1683650534476325,1683650534485623,9298
1683650534486432,1683650534487006,574
1683650534487731,1683650534488356,625
1683650534489060,1683650534489649,589
1683650534490472,1683650534501591,11119
1683650534502348,1683650534502903,555
1683650534503587,1683650534504249,662
1683650534504984,1683650534509136,4152
1683650534509938,1683650534521143,11205
1683650534521967,1683650534522735,768
1683650534528015,1683650534528701,686
1683650534529467,1683650534530037,570
1683650534530749,1683650534531397,648
1683650534538278,1683650534538887,609
1683650534543836,1683650534544553,717
1683650534545276,1683650534549092,3816
1683650534549848,1683650534550494,646
1683650534551258,1683650534551862,604
1683650534552609,1683650534561122,8513
1683650534562127,1683650534573212,11085
1683650534573982,1683650534578100,4118
1683650534583838,1683650534584467,629
1683650534585127,1683650534585800,673
1683650534586392,1683650534587038,646
1683650534594254,1683650534594893,639
1683650534595671,1683650534596319,648
1683650534603938,1683650534604647,709
1683650534615939,1683650534616564,625
1683650534617348,1683650534622306,4958
1683650534631788,1683650534632454,666
1683650534633307,1683650534638177,4870
1683650534639138,1683650534639806,668
1683650534640645,1683650534641306,661
1683650534641994,1683650534642808,814
1683650534650840,1683650534651638,798
1683650534652513,1683650534663006,10493
1683650534663913,1683650534664599,686
1683650534665479,1683650534666079,600
1683650534666838,1683650534667564,726
1683650534668231,1683650534674171,5940
1683650534674961,1683650534675634,673
1683650534684106,1683650534684697,591
1683650534685464,1683650534686247,783
1683650534687032,1683650534693153,6121
1683650534693966,1683650534702888,8922
1683650534703667,1683650534704302,635
1683650534705006,1683650534705636,630
1683650534706419,1683650534717642,11223
1683650534718438,1683650534719078,640
1683650534731690,1683650534732355,665
1683650534733317,1683650534737537,4220
1683650534747658,1683650534748383,725
1683650534749181,1683650534749771,590
1683650534750692,1683650534751326,634
1683650534752084,1683650534752699,615
1683650534759922,1683650534760646,724
1683650534761414,1683650534762022,608
1683650534762974,1683650534770158,7184
1683650534770870,1683650534771491,621
1683650534772418,1683650534773037,619
1683650534773809,1683650534781274,7465
1683650534782054,1683650534782702,648
1683650534783414,1683650534788118,4704
1683650534788836,1683650534789589,753
1683650534790299,1683650534790909,610
1683650534795897,1683650534796561,664
1683650534797322,1683650534798018,696
1683650534798771,1683650534799348,577
1683650534800077,1683650534800726,649
1683650534801598,1683650534802262,664
1683650534803020,1683650534803639,619
1683650534804445,1683650534805060,615
1683650534805747,1683650534806284,537
1683650534807028,1683650534807621,593
1683650534808486,1683650534809063,577
1683650534809811,1683650534810430,619
1683650534811155,1683650534811729,574
1683650534812507,1683650534813041,534
1683650534813801,1683650534821437,7636
1683650534822211,1683650534822803,592
1683650534823563,1683650534834831,11268
1683650534835716,1683650534836293,577
1683650534846826,1683650534847492,666
1683650534848252,1683650534853078,4826
1683650534853852,1683650534863672,9820
1683650534864469,1683650534865034,565
1683650534865742,1683650534875698,9956
1683650534876603,1683650534888203,11600
1683650534888974,1683650534898151,9177
1683650534906805,1683650534907314,509
1683650534908246,1683650534908815,569
1683650534909614,1683650534910148,534
1683650534910951,1683650534911551,600
1683650534912360,1683650534912901,541
1683650534913680,1683650534922419,8739
1683650534923222,1683650534930280,7058
1683650534932039,1683650534932693,654
1683650534933535,1683650534934150,615
1683650534939885,1683650534941527,1642
1683650534942284,1683650534942980,696
1683650534943754,1683650534944376,622
1683650534956042,1683650534964170,8128
1683650534964926,1683650534969097,4171
1683650534969877,1683650534970485,608
1683650534971227,1683650534971885,658
1683650534982831,1683650534983690,859
1683650534984467,1683650534985101,634
1683650534985821,1683650534986403,582
1683650534987143,1683650534997211,10068
1683650534997996,1683650535006246,8250
1683650535007119,1683650535016219,9100
1683650535017190,1683650535017755,565
1683650535023869,1683650535025083,1214
1683650535026115,1683650535026634,519
1683650535027410,1683650535035698,8288
1683650535042900,1683650535043641,741
1683650535048025,1683650535054942,6917
1683650535055896,1683650535065122,9226
1683650535066144,1683650535075669,9525
1683650535076517,1683650535083730,7213
1683650535084527,1683650535085249,722
1683650535086084,1683650535086656,572
1683650535087425,1683650535088090,665
1683650535088892,1683650535099995,11103
1683650535100739,1683650535107731,6992
1683650535108575,1683650535115713,7138
1683650535116378,1683650535128001,11623
1683650535128784,1683650535138119,9335
1683650535139110,1683650535139830,720
1683650535140513,1683650535141206,693
1683650535148072,1683650535150822,2750
1683650535151570,1683650535152167,597
1683650535152843,1683650535153582,739
1683650535154390,1683650535154955,565
1683650535155707,1683650535156292,585
1683650535163365,1683650535163773,408
1683650535164587,1683650535174926,10339
1683650535175781,1683650535186180,10399
1683650535187023,1683650535187713,690
1683650535188475,1683650535189063,588
1683650535189908,1683650535198091,8183
1683650535207744,1683650535208480,736
1683650535209316,1683650535209958,642
1683650535210806,1683650535211378,572
1683650535212117,1683650535212725,608
1683650535224073,1683650535224715,642
1683650535232102,1683650535233179,1077
1683650535233970,1683650535242902,8932
1683650535243691,1683650535244422,731
1683650535245087,1683650535251740,6653
1683650535252525,1683650535253191,666
1683650535253948,1683650535262263,8315
1683650535262966,1683650535273526,10560
1683650535274376,1683650535275016,640
1683650535275787,1683650535282126,6339
1683650535282844,1683650535283502,658
1683650535284256,1683650535284876,620
1683650535285713,1683650535294163,8450
1683650535295007,1683650535299704,4697
1683650535300517,1683650535301092,575
1683650535301888,1683650535309160,7272
1683650535319838,1683650535320594,756
1683650535331943,1683650535332647,704
1683650535333460,1683650535338854,5394
1683650535340828,1683650535347673,6845
1683650535348642,1683650535349271,629
1683650535349951,1683650535350527,576
1683650535351268,1683650535358221,6953
1683650535358972,1683650535370271,11299
1683650535374851,1683650535382247,7396
1683650535383016,1683650535383657,641
1683650535384516,1683650535385161,645
1683650535395928,1683650535402844,6916
1683650535403842,1683650535414224,10382
1683650535415086,1683650535415852,766
1683650535416589,1683650535417187,598
1683650535417960,1683650535418578,618
1683650535419376,1683650535419959,583
1683650535431401,1683650535431865,464
1683650535439332,1683650535442415,3083
1683650535443149,1683650535453104,9955
1683650535453903,1683650535462303,8400
1683650535463207,1683650535463903,696
1683650535474284,1683650535475015,731
1683650535475825,1683650535476425,600
1683650535477215,1683650535481091,3876
1683650535482058,1683650535482655,597
1683650535492070,1683650535492731,661
1683650535493521,1683650535501104,7583
1683650535511645,1683650535512322,677
1683650535513193,1683650535513846,653
1683650535514799,1683650535515382,583
1683650535516107,1683650535527779,11672
1683650535528714,1683650535538208,9494
1683650535539012,1683650535539632,620
1683650535540328,1683650535540914,586
1683650535541731,1683650535545113,3382
1683650535545868,1683650535546496,628
1683650535547274,1683650535547882,608
1683650535548690,1683650535557179,8489
1683650535558050,1683650535565093,7043
1683650535566236,1683650535566888,652
1683650535567682,1683650535568314,632
1683650535580074,1683650535592213,12139
1683650535593030,1683650535593704,674
1683650535594560,1683650535595117,557
1683650535595825,1683650535596429,604
1683650535597256,1683650535597819,563
1683650535598653,1683650535599267,614
1683650535600096,1683650535600715,619
1683650535601528,1683650535602197,669
1683650535602930,1683650535603508,578
1683650535604251,1683650535615935,11684
1683650535616822,1683650535626246,9424
1683650535627080,1683650535627684,604
1683650535628531,1683650535629127,596
1683650535630065,1683650535630672,607
1683650535631513,1683650535632069,556
1683650535632936,1683650535642367,9431
1683650535644067,1683650535644727,660
1683650535645553,1683650535653151,7598
1683650535654088,1683650535661080,6992
1683650535661816,1683650535672159,10343
1683650535672961,1683650535684171,11210
1683650535684995,1683650535693428,8433
1683650535694223,1683650535694775,552
1683650535695603,1683650535696182,579
1683650535697050,1683650535697674,624
1683650535703335,1683650535703911,576
1683650535704698,1683650535705283,585
1683650535715296,1683650535715712,416
1683650535716491,1683650535717075,584
1683650535717919,1683650535718624,705
1683650535719421,1683650535720057,636
1683650535728195,1683650535740098,11903
1683650535751327,1683650535751853,526
1683650535759403,1683650535759914,511
1683650535771388,1683650535771878,490
1683650535779369,1683650535779849,480
1683650535780674,1683650535781275,601
1683650535787314,1683650535787821,507
1683650535788726,1683650535789351,625
1683650535790127,1683650535790776,649
1683650535791736,1683650535792368,632
1683650535793135,1683650535793773,638
1683650535804052,1683650535804719,667
1683650535805535,1683650535814140,8605
1683650535816081,1683650535816612,531
1683650535817387,1683650535826131,8744
1683650535826942,1683650535827512,570
1683650535828296,1683650535833634,5338
1683650535834462,1683650535838273,3811
1683650535839777,1683650535850283,10506
1683650535851135,1683650535862438,11303
1683650535863861,1683650535873169,9308
1683650535874136,1683650535885326,11190
1683650535886182,1683650535886809,627
1683650535887613,1683650535888243,630
1683650535889037,1683650535889707,670
1683650535890530,1683650535891111,581
1683650535895848,1683650535896498,650
1683650535907605,1683650535908276,671
1683650535909361,1683650535909928,567
1683650535910722,1683650535911332,610
1683650535912047,1683650535912717,670
1683650535913558,1683650535922825,9267
1683650535923739,1683650535924326,587
1683650535925130,1683650535925701,571
1683650535926571,1683650535933084,6513
1683650535933936,1683650535945191,11255
1683650535945957,1683650535946601,644
1683650535947313,1683650535947887,574
1683650535948561,1683650535949173,612
1683650535954205,1683650535954906,701
1683650535955642,1683650535962068,6426
1683650535962739,1683650535967619,4880
1683650535968289,1683650535968953,664
1683650535969685,1683650535970245,560
1683650535970945,1683650535978342,7397
1683650535979170,1683650535986229,7059
1683650535986997,1683650535998346,11349
1683650535999061,1683650535999616,555
1683650536000333,1683650536000908,575
1683650536001628,1683650536006274,4646
1683650536007024,1683650536018218,11194
1683650536018987,1683650536024170,5183
1683650536024820,1683650536025531,711
1683650536026279,1683650536026862,583
1683650536028287,1683650536033092,4805
1683650536033863,1683650536034480,617
1683650536035282,1683650536039678,4396
1683650536040513,1683650536041052,539
1683650536041762,1683650536042458,696
1683650536043174,1683650536049060,5886
1683650536050049,1683650536050743,694
1683650536051517,1683650536058248,6731
1683650536058990,1683650536067709,8719
1683650536068719,1683650536069329,610
1683650536070066,1683650536070670,604
1683650536071423,1683650536077346,5923
1683650536078097,1683650536078798,701
1683650536079786,1683650536080454,668
1683650536081140,1683650536081791,651
1683650536082543,1683650536083092,549
1683650536083829,1683650536084465,636
1683650536085261,1683650536091616,6355
1683650536092487,1683650536093152,665
1683650536094351,1683650536094961,610
1683650536095744,1683650536096372,628
1683650536097345,1683650536097885,540
1683650536098555,1683650536099235,680
1683650536099979,1683650536100671,692
1683650536101460,1683650536107668,6208
1683650536108670,1683650536109236,566
1683650536115848,1683650536116511,663
1683650536117304,1683650536121061,3757
1683650536127779,1683650536128513,734
1683650536135786,1683650536136415,629
1683650536137175,1683650536141070,3895
1683650536147934,1683650536148545,611
1683650536149280,1683650536149931,651
1683650536159608,1683650536160326,718
1683650536161206,1683650536161827,621
1683650536171963,1683650536172568,605
1683650536173370,1683650536179717,6347
1683650536180590,1683650536181240,650
1683650536181967,1683650536182527,560
1683650536183150,1683650536191839,8689
1683650536192788,1683650536193442,654
1683650536203852,1683650536205088,1236
1683650536205855,1683650536206414,559
1683650536207324,1683650536218878,11554
1683650536219674,1683650536220280,606
1683650536221115,1683650536221718,603
1683650536222406,1683650536227686,5280
1683650536228332,1683650536236078,7746
1683650536236799,1683650536241128,4329
1683650536242071,1683650536242662,591
1683650536251337,1683650536251842,505
1683650536252744,1683650536262245,9501
1683650536262977,1683650536263522,545
1683650536264301,1683650536273681,9380
1683650536274409,1683650536274989,580
1683650536275835,1683650536276432,597
1683650536277151,1683650536287688,10537
1683650536288514,1683650536289116,602
1683650536290010,1683650536290668,658
1683650536291390,1683650536291982,592
1683650536292717,1683650536293379,662
1683650536294144,1683650536295013,869
