1683650462572430,1683650462586924,14494
1683650462593827,1683650462598801,4974
1683650462599451,1683650462606876,7425
1683650462607506,1683650462607681,175
1683650462615177,1683650462615178,1
1683650462615660,1683650462622856,7196
1683650462630766,1683650462630921,155
1683650462638789,1683650462638858,69
1683650462646960,1683650462647080,120
1683650462654703,1683650462654842,139
1683650462662757,1683650462662864,107
1683650462670784,1683650462670911,127
1683650462678750,1683650462678891,141
1683650462686739,1683650462686826,87
1683650462694760,1683650462694893,133
1683650462702720,1683650462702865,145
1683650462710726,1683650462710903,177
1683650462718709,1683650462718843,134
1683650462726754,1683650462726829,75
1683650462734720,1683650462734849,129
1683650462742718,1683650462742877,159
1683650462743471,1683650462743576,105
1683650462744122,1683650462744329,207
1683650462744828,1683650462750806,5978
1683650462758740,1683650462758908,168
1683650462766739,1683650462766817,78
1683650462774793,1683650462774838,45
1683650462782798,1683650462782867,69
1683650462790778,1683650462790897,119
1683650462798753,1683650462798872,119
1683650462806754,1683650462806870,116
1683650462814728,1683650462814899,171
1683650462822739,1683650462822859,120
1683650462830731,1683650462830846,115
1683650462838731,1683650462838865,134
1683650462846795,1683650462846823,28
1683650462854998,1683650462855094,96
1683650462862763,1683650462862851,88
1683650462870745,1683650462870876,131
1683650462878759,1683650462878842,83
1683650462886737,1683650462886830,93
1683650462894794,1683650462894906,112
1683650462902730,1683650462902876,146
1683650462910722,1683650462910830,108
1683650462918769,1683650462918818,49
1683650462919514,1683650462926816,7302
1683650462934789,1683650462934905,116
1683650462942742,1683650462942841,99
1683650462950746,1683650462950859,113
1683650462958779,1683650462958849,70
1683650462964852,1683650462964854,2
1683650462965612,1683650462965841,229
1683650462966422,1683650462974882,8460
1683650462982738,1683650462982854,116
1683650462990735,1683650462990831,96
1683650462998700,1683650462998833,133
1683650463006750,1683650463006885,135
1683650463014745,1683650463014908,163
1683650463022712,1683650463022834,122
1683650463030732,1683650463030870,138
1683650463038733,1683650463038878,145
1683650463046774,1683650463046840,66
1683650463054742,1683650463054881,139
1683650463062937,1683650463063062,125
1683650463070741,1683650463070896,155
1683650463078753,1683650463078844,91
1683650463086745,1683650463086809,64
1683650463094740,1683650463094826,86
1683650463102711,1683650463102879,168
1683650463110753,1683650463110856,103
1683650463118751,1683650463118786,35
1683650463126743,1683650463126818,75
1683650463134772,1683650463134859,87
1683650463142737,1683650463142781,44
1683650463143371,1683650463150959,7588
1683650463158805,1683650463158896,91
1683650463166785,1683650463166946,161
1683650463174749,1683650463174937,188
1683650463182760,1683650463182875,115
1683650463190765,1683650463190893,128
1683650463198778,1683650463198876,98
1683650463206729,1683650463206856,127
1683650463214791,1683650463214918,127
1683650463215494,1683650463222825,7331
1683650463230738,1683650463230794,56
1683650463231378,1683650463238816,7438
1683650463246745,1683650463246987,242
1683650463254750,1683650463254863,113
1683650463262806,1683650463262813,7
1683650463263464,1683650463271158,7694
1683650463278757,1683650463278905,148
1683650463286723,1683650463286859,136
1683650463294770,1683650463294890,120
1683650463302774,1683650463302873,99
1683650463310757,1683650463310791,34
1683650463311468,1683650463318884,7416
1683650463326753,1683650463326861,108
1683650463334745,1683650463334868,123
1683650463342792,1683650463342913,121
1683650463350794,1683650463350890,96
1683650463351393,1683650463351680,287
1683650463358784,1683650463358894,110
1683650463366731,1683650463366798,67
1683650463374713,1683650463374846,133
1683650463382738,1683650463382892,154
1683650463390744,1683650463390873,129
1683650463398724,1683650463398834,110
1683650463406749,1683650463406854,105
1683650463412420,1683650463414907,2487
1683650463422747,1683650463422865,118
1683650463430717,1683650463430879,162
1683650463431357,1683650463438841,7484
1683650463446749,1683650463446906,157
1683650463454779,1683650463454865,86
1683650463462715,1683650463462839,124
1683650463470715,1683650463470811,96
1683650463478933,1683650463479047,114
1683650463486713,1683650463486811,98
1683650463494743,1683650463494868,125
1683650463502730,1683650463502840,110
1683650463510776,1683650463510828,52
1683650463518736,1683650463518875,139
1683650463526759,1683650463526903,144
1683650463534744,1683650463534851,107
1683650463542747,1683650463542883,136
1683650463550726,1683650463550856,130
1683650463558809,1683650463558850,41
1683650463559460,1683650463566851,7391
1683650463574741,1683650463574888,147
1683650463582719,1683650463582840,121
1683650463590780,1683650463590867,87
1683650463598744,1683650463598814,70
1683650463606725,1683650463606779,54
1683650463607426,1683650463614886,7460
1683650463622724,1683650463622796,72
1683650463623396,1683650463630862,7466
1683650463638721,1683650463638820,99
1683650463639454,1683650463646839,7385
1683650463654712,1683650463654826,114
1683650463662722,1683650463662793,71
1683650463674540,1683650463674542,2
1683650463678712,1683650463678825,113
1683650463686927,1683650463687002,75
1683650463694749,1683650463694866,117
1683650463702729,1683650463702812,83
1683650463710741,1683650463710850,109
1683650463718739,1683650463718894,155
1683650463726762,1683650463726852,90
1683650463734789,1683650463734867,78
1683650463742718,1683650463742866,148
1683650463743515,1683650463743648,133
1683650463744296,1683650463750844,6548
1683650463758711,1683650463758892,181
1683650463766804,1683650463766874,70
1683650463774707,1683650463774834,127
1683650463782692,1683650463782847,155
1683650463790715,1683650463790856,141
1683650463791543,1683650463798842,7299
1683650463806722,1683650463806832,110
1683650463814715,1683650463814859,144
1683650463820452,1683650463822825,2373
1683650463823565,1683650463823621,56
1683650463830313,1683650463830773,460
1683650463838829,1683650463838884,55
1683650463846706,1683650463846886,180
1683650463854726,1683650463854883,157
1683650463855418,1683650463855649,231
1683650463856292,1683650463862785,6493
1683650463870722,1683650463870842,120
1683650463878700,1683650463878835,135
1683650463886787,1683650463886899,112
1683650463887633,1683650463895029,7396
1683650463902719,1683650463902806,87
1683650463903397,1683650463910874,7477
1683650463911445,1683650463911649,204
1683650463916914,1683650463918798,1884
1683650463926768,1683650463926877,109
1683650463928164,1683650463928165,1
1683650463934770,1683650463934914,144
1683650463942729,1683650463942806,77
1683650463950714,1683650463950847,133
1683650463958717,1683650463958837,120
1683650463966709,1683650463966841,132
1683650463974736,1683650463974875,139
1683650463982714,1683650463982831,117
1683650463990732,1683650463990846,114
1683650463998714,1683650463998879,165
1683650464010725,1683650464010825,100
1683650464018701,1683650464018835,134
1683650464026317,1683650464026909,592
1683650464034745,1683650464034897,152
1683650464042714,1683650464042851,137
1683650464050706,1683650464050914,208
1683650464058774,1683650464058862,88
1683650464066732,1683650464066787,55
1683650464074742,1683650464074880,138
1683650464082737,1683650464082830,93
1683650464083413,1683650464090830,7417
1683650464098742,1683650464098796,54
1683650464106735,1683650464106848,113
1683650464114728,1683650464114907,179
1683650464122710,1683650464122841,131
1683650464130745,1683650464130838,93
1683650464138758,1683650464138892,134
1683650464146769,1683650464146806,37
1683650464147427,1683650464154849,7422
1683650464162779,1683650464162831,52
1683650464170757,1683650464170876,119
1683650464178807,1683650464178862,55
1683650464186782,1683650464186886,104
1683650464194739,1683650464194916,177
1683650464202762,1683650464202871,109
1683650464210739,1683650464210828,89
1683650464218739,1683650464218865,126
1683650464226790,1683650464226944,154
1683650464234756,1683650464234921,165
1683650464242762,1683650464242867,105
1683650464250792,1683650464250852,60
1683650464264856,1683650464264858,2
1683650464266723,1683650464266862,139
1683650464274750,1683650464274870,120
1683650464282753,1683650464282847,94
1683650464290756,1683650464290860,104
1683650464291443,1683650464298983,7540
1683650464306806,1683650464306839,33
1683650464314805,1683650464314863,58
1683650464320411,1683650464322857,2446
1683650464330750,1683650464330828,78
1683650464338331,1683650464338835,504
1683650464346777,1683650464346850,73
1683650464354755,1683650464354979,224
1683650464362780,1683650464362876,96
1683650464370774,1683650464370910,136
1683650464378721,1683650464378859,138
1683650464386724,1683650464386844,120
1683650464394739,1683650464394883,144
1683650464402756,1683650464402868,112
1683650464403393,1683650464410907,7514
1683650464418753,1683650464418887,134
1683650464426750,1683650464426864,114
1683650464434745,1683650464434900,155
1683650464442745,1683650464442855,110
1683650464450743,1683650464450829,86
1683650464458738,1683650464458849,111
1683650464466714,1683650464466883,169
1683650464474728,1683650464474886,158
1683650464482735,1683650464482880,145
1683650464490722,1683650464490855,133
1683650464498721,1683650464498891,170
1683650464499471,1683650464499551,80
1683650464500052,1683650464506855,6803
1683650464514719,1683650464514870,151
1683650464522704,1683650464522845,141
1683650464530733,1683650464530861,128
1683650464538722,1683650464538876,154
1683650464546706,1683650464546833,127
1683650464554748,1683650464554910,162
1683650464562721,1683650464562855,134
1683650464574377,1683650464574380,3
1683650464586380,1683650464586381,1
1683650464586633,1683650464586949,316
1683650464594714,1683650464594829,115
1683650464602753,1683650464602902,149
1683650464610739,1683650464610894,155
1683650464618704,1683650464618828,124
1683650464626698,1683650464626835,137
1683650464634714,1683650464634857,143
1683650464642714,1683650464642820,106
1683650464650735,1683650464650752,17
1683650464651371,1683650464658872,7501
1683650464666759,1683650464666801,42
1683650464674715,1683650464674893,178
1683650464682718,1683650464682835,117
1683650464690745,1683650464690865,120
1683650464698732,1683650464698844,112
1683650464706760,1683650464706867,107
1683650464714719,1683650464714875,156
1683650464722732,1683650464722860,128
1683650464730725,1683650464730836,111
1683650464738748,1683650464738877,129
1683650464746789,1683650464746863,74
1683650464754709,1683650464754846,137
1683650464759905,1683650464765736,5831
1683650464766398,1683650464766457,59
1683650464767016,1683650464770845,3829
1683650464778722,1683650464778847,125
1683650464786727,1683650464786797,70
1683650464794708,1683650464794810,102
1683650464802714,1683650464802816,102
1683650464810786,1683650464810911,125
1683650464818743,1683650464818795,52
1683650464826707,1683650464826899,192
1683650464834714,1683650464834813,99
1683650464842712,1683650464842833,121
1683650464850765,1683650464850845,80
1683650464858702,1683650464858823,121
1683650464866709,1683650464866818,109
1683650464874683,1683650464874811,128
1683650464882726,1683650464882844,118
1683650464890673,1683650464890796,123
1683650464898726,1683650464898832,106
1683650464906693,1683650464906818,125
1683650464914738,1683650464914877,139
1683650464922691,1683650464922832,141
1683650464930699,1683650464930808,109
1683650464938706,1683650464938860,154
1683650464946725,1683650464946880,155
1683650464954720,1683650464954883,163
1683650464962769,1683650464962929,160
1683650464970720,1683650464970929,209
1683650464978743,1683650464978840,97
1683650464986715,1683650464986805,90
1683650464987430,1683650464994896,7466
1683650465002699,1683650465002820,121
1683650465010725,1683650465010899,174
1683650465018721,1683650465018866,145
1683650465026710,1683650465026813,103
1683650465034716,1683650465034853,137
1683650465042702,1683650465042835,133
1683650465050685,1683650465050814,129
1683650465058712,1683650465058830,118
1683650465059484,1683650465059544,60
1683650465066499,1683650465070826,4327
1683650465078736,1683650465078862,126
1683650465090740,1683650465090898,158
1683650465098708,1683650465098837,129
1683650465106734,1683650465106808,74
1683650465114733,1683650465114839,106
1683650465122774,1683650465122938,164
1683650465130715,1683650465130829,114
1683650465138704,1683650465138793,89
1683650465146757,1683650465146852,95
1683650465147398,1683650465154875,7477
1683650465162727,1683650465162849,122
1683650465170732,1683650465170853,121
1683650465178731,1683650465178864,133
1683650465186745,1683650465186863,118
1683650465194729,1683650465194864,135
1683650465202740,1683650465202850,110
1683650465210696,1683650465210766,70
1683650465218745,1683650465218866,121
1683650465226735,1683650465226849,114
1683650465234790,1683650465234918,128
1683650465242730,1683650465242831,101
1683650465250729,1683650465250848,119
1683650465258755,1683650465258874,119
1683650465266749,1683650465266876,127
1683650465274735,1683650465274880,145
1683650465282728,1683650465282812,84
1683650465290727,1683650465290847,120
1683650465298752,1683650465298883,131
1683650465306721,1683650465306853,132
1683650465314745,1683650465314881,136
1683650465315422,1683650465315489,67
1683650465322714,1683650465322828,114
1683650465330735,1683650465330811,76
1683650465338698,1683650465338787,89
1683650465346713,1683650465346822,109
1683650465354751,1683650465354820,69
1683650465362738,1683650465362837,99
1683650465370728,1683650465370898,170
1683650465378701,1683650465378800,99
1683650465386705,1683650465386816,111
1683650465394725,1683650465394846,121
1683650465402709,1683650465402871,162
1683650465410718,1683650465410870,152
1683650465418726,1683650465418844,118
1683650465426769,1683650465426893,124
1683650465434732,1683650465434876,144
1683650465442731,1683650465442811,80
1683650465450740,1683650465450813,73
1683650465458748,1683650465458814,66
1683650465466731,1683650465466890,159
1683650465474749,1683650465474864,115
1683650465482738,1683650465482792,54
1683650465490719,1683650465490832,113
1683650465498744,1683650465498838,94
1683650465506732,1683650465506834,102
1683650465514735,1683650465514829,94
1683650465522711,1683650465522823,112
1683650465530710,1683650465530831,121
1683650465538680,1683650465538797,117
1683650465546720,1683650465546835,115
1683650465554710,1683650465554874,164
1683650465562699,1683650465562831,132
1683650465570715,1683650465570850,135
1683650465578734,1683650465578875,141
1683650465586709,1683650465586834,125
1683650465594710,1683650465594829,119
1683650465602725,1683650465602834,109
1683650465610715,1683650465610833,118
1683650465611432,1683650465618817,7385
1683650465626783,1683650465626833,50
1683650465634705,1683650465634827,122
1683650465642721,1683650465642908,187
1683650465650733,1683650465650865,132
1683650465658729,1683650465658786,57
1683650465659371,1683650465666845,7474
1683650465674720,1683650465674850,130
1683650465682740,1683650465682836,96
1683650465690703,1683650465690816,113
1683650465698721,1683650465698783,62
1683650465712855,1683650465712857,2
1683650465714701,1683650465714826,125
1683650465722738,1683650465722862,124
1683650465730718,1683650465730820,102
1683650465738718,1683650465738896,178
1683650465746712,1683650465746824,112
1683650465754722,1683650465754857,135
1683650465762703,1683650465762824,121
1683650465770700,1683650465770810,110
1683650465778690,1683650465778823,133
1683650465786751,1683650465786890,139
1683650465794686,1683650465794839,153
1683650465802810,1683650465802811,1
1683650465810738,1683650465810852,114
1683650465818724,1683650465818831,107
1683650465819457,1683650465826808,7351
1683650465834696,1683650465834850,154
1683650465835463,1683650465835540,77
1683650465836227,1683650465842788,6561
1683650465850718,1683650465850992,274
1683650465858734,1683650465858869,135
1683650465866720,1683650465866773,53
1683650465874711,1683650465874848,137
1683650465882708,1683650465882829,121
1683650465890722,1683650465890839,117
1683650465898728,1683650465898846,118
1683650465906718,1683650465906834,116
1683650465914732,1683650465914819,87
1683650465922701,1683650465922830,129
1683650465923367,1683650465930853,7486
1683650465938730,1683650465938847,117
1683650465946717,1683650465946839,122
1683650465954800,1683650465955029,229
1683650465962730,1683650465962897,167
1683650465970709,1683650465970823,114
1683650465978683,1683650465978833,150
1683650465986692,1683650465986851,159
1683650465994690,1683650465994874,184
1683650466002746,1683650466002828,82
1683650466010712,1683650466010840,128
1683650466018722,1683650466018886,164
1683650466026697,1683650466026831,134
1683650466034727,1683650466034883,156
1683650466042710,1683650466042851,141
1683650466050711,1683650466050820,109
1683650466058703,1683650466058827,124
1683650466066739,1683650466066806,67
1683650466074721,1683650466074844,123
1683650466082711,1683650466082837,126
1683650466090723,1683650466090827,104
1683650466091484,1683650466091695,211
1683650466092261,1683650466102904,10643
1683650466110746,1683650466110879,133
1683650466118749,1683650466118938,189
1683650466126753,1683650466126922,169
1683650466134721,1683650466134932,211
1683650466142695,1683650466142824,129
1683650466150733,1683650466150910,177
1683650466158785,1683650466158927,142
1683650466170760,1683650466170900,140
1683650466178756,1683650466178931,175
1683650466186723,1683650466186902,179
1683650466194784,1683650466194938,154
1683650466202735,1683650466202846,111
1683650466203509,1683650466203642,133
1683650466204348,1683650466204397,49
1683650466205066,1683650466205194,128
1683650466210190,1683650466210192,2
1683650466214703,1683650466214916,213
1683650466222775,1683650466222897,122
1683650466230732,1683650466230821,89
1683650466231411,1683650466238851,7440
1683650466246689,1683650466246857,168
1683650466254722,1683650466254865,143
1683650466262733,1683650466262837,104
1683650466270723,1683650466270827,104
1683650466278766,1683650466278986,220
1683650466286758,1683650466286792,34
1683650466294745,1683650466294888,143
1683650466302723,1683650466302868,145
1683650466303378,1683650466310042,6664
1683650466310675,1683650466314960,4285
1683650466322778,1683650466322850,72
1683650466330733,1683650466330863,130
1683650466338751,1683650466338918,167
1683650466339552,1683650466339726,174
1683650466340431,1683650466340627,196
1683650466346062,1683650466346812,750
1683650466354738,1683650466354938,200
1683650466355607,1683650466355739,132
1683650466356421,1683650466362871,6450
1683650466370734,1683650466370849,115
1683650466378720,1683650466378853,133
1683650466386726,1683650466386885,159
1683650466398761,1683650466398874,113
1683650466399506,1683650466406848,7342
1683650466414730,1683650466414904,174
1683650466422753,1683650466422874,121
1683650466430705,1683650466430862,157
1683650466438720,1683650466438878,158
1683650466446700,1683650466446808,108
1683650466454728,1683650466454888,160
1683650466462713,1683650466462876,163
1683650466470761,1683650466470929,168
1683650466471478,1683650466478843,7365
1683650466486714,1683650466486850,136
1683650466494702,1683650466494873,171
1683650466502729,1683650466502829,100
1683650466510769,1683650466510806,37
1683650466511408,1683650466518802,7394
1683650466526744,1683650466526816,72
1683650466534690,1683650466534795,105
1683650466542715,1683650466542887,172
1683650466550719,1683650466550837,118
1683650466558716,1683650466558846,130
1683650466566743,1683650466566868,125
1683650466574731,1683650466574896,165
1683650466582723,1683650466582854,131
1683650466590807,1683650466590850,43
1683650466599017,1683650466599145,128
1683650466606711,1683650466606870,159
1683650466614719,1683650466614880,161
1683650466622762,1683650466622911,149
1683650466630729,1683650466630845,116
1683650466638778,1683650466638822,44
1683650466646708,1683650466646820,112
1683650466654722,1683650466654841,119
1683650466662719,1683650466662821,102
1683650466670717,1683650466670889,172
1683650466678693,1683650466678798,105
1683650466679361,1683650466686908,7547
1683650466694715,1683650466694885,170
1683650466702729,1683650466702876,147
1683650466710842,1683650466710843,1
1683650466718716,1683650466718896,180
1683650466726719,1683650466726842,123
1683650466734724,1683650466734863,139
1683650466742703,1683650466742840,137
1683650466750729,1683650466750862,133
1683650466758755,1683650466758840,85
1683650466766729,1683650466766796,67
1683650466774718,1683650466774849,131
1683650466782712,1683650466782847,135
1683650466790726,1683650466790849,123
1683650466798703,1683650466798880,177
1683650466806929,1683650466807083,154
1683650466814724,1683650466814902,178
1683650466822704,1683650466822816,112
1683650466830726,1683650466830811,85
1683650466838725,1683650466838819,94
1683650466844866,1683650466844867,1
1683650466852866,1683650466852867,1
1683650466854734,1683650466854913,179
1683650466862716,1683650466862837,121
1683650466870714,1683650466870833,119
1683650466878694,1683650466878838,144
1683650466886714,1683650466886919,205
1683650466894767,1683650466894895,128
1683650466895985,1683650466896121,136
1683650466896877,1683650466902822,5945
1683650466910744,1683650466910872,128
1683650466918700,1683650466918790,90
1683650466926702,1683650466926822,120
1683650466934705,1683650466934904,199
1683650466942703,1683650466942852,149
1683650466950695,1683650466950766,71
1683650466958723,1683650466958829,106
1683650466966723,1683650466966875,152
1683650466974686,1683650466974817,131
1683650466982686,1683650466982824,138
1683650466990691,1683650466990813,122
1683650466998703,1683650466998870,167
1683650467006731,1683650467006793,62
1683650467020831,1683650467020832,1
1683650467022732,1683650467022809,77
1683650467030895,1683650467030920,25
1683650467031545,1683650467031629,84
1683650467032236,1683650467038768,6532
1683650467046687,1683650467046835,148
1683650467054720,1683650467054917,197
1683650467062699,1683650467062777,78
1683650467063361,1683650467070801,7440
1683650467078712,1683650467078858,146
1683650467086782,1683650467086879,97
1683650467094747,1683650467094919,172
1683650467102732,1683650467102836,104
1683650467110697,1683650467110881,184
1683650467118705,1683650467118848,143
1683650467126721,1683650467126796,75
1683650467127427,1683650467134856,7429
1683650467142737,1683650467142834,97
1683650467150764,1683650467150840,76
1683650467158731,1683650467158892,161
1683650467166733,1683650467166893,160
1683650467174750,1683650467174925,175
1683650467182682,1683650467182815,133
1683650467190757,1683650467190891,134
1683650467191443,1683650467191636,193
1683650467192263,1683650467198768,6505
1683650467206797,1683650467206873,76
1683650467214748,1683650467214923,175
1683650467223002,1683650467223084,82
1683650467230765,1683650467230931,166
1683650467238724,1683650467238872,148
1683650467246742,1683650467246905,163
1683650467254735,1683650467254871,136
1683650467262757,1683650467262960,203
1683650467270761,1683650467270887,126
1683650467278772,1683650467278907,135
1683650467286738,1683650467286844,106
1683650467294739,1683650467294959,220
1683650467295602,1683650467295849,247
1683650467296513,1683650467302004,5491
1683650467302723,1683650467306904,4181
1683650467314744,1683650467314862,118
1683650467322719,1683650467322810,91
1683650467330721,1683650467330881,160
1683650467338730,1683650467338947,217
1683650467346744,1683650467346922,178
1683650467354770,1683650467354888,118
1683650467362756,1683650467362867,111
1683650467370772,1683650467370871,99
1683650467378740,1683650467378971,231
1683650467386742,1683650467386853,111
1683650467394760,1683650467394945,185
1683650467406779,1683650467406883,104
1683650467414710,1683650467414919,209
1683650467422708,1683650467422845,137
1683650467430948,1683650467431142,194
1683650467438709,1683650467438852,143
1683650467446712,1683650467446914,202
1683650467454720,1683650467454885,165
1683650467462702,1683650467462839,137
1683650467470765,1683650467470924,159
1683650467478757,1683650467478939,182
1683650467486746,1683650467486935,189
1683650467494709,1683650467494864,155
1683650467502781,1683650467502912,131
1683650467510703,1683650467510804,101
1683650467518736,1683650467518852,116
1683650467526747,1683650467526943,196
1683650467534734,1683650467534912,178
1683650467542737,1683650467542911,174
1683650467550747,1683650467550927,180
1683650467558759,1683650467558938,179
1683650467566713,1683650467566838,125
1683650467574798,1683650467574919,121
1683650467582774,1683650467582897,123
1683650467590734,1683650467590993,259
1683650467598729,1683650467598879,150
1683650467606734,1683650467606879,145
1683650467614732,1683650467614914,182
1683650467622735,1683650467622910,175
1683650467630747,1683650467630856,109
1683650467638981,1683650467639081,100
1683650467646732,1683650467646856,124
1683650467654709,1683650467654860,151
1683650467662746,1683650467662873,127
1683650467670710,1683650467670821,111
1683650467671427,1683650467678889,7462
1683650467686752,1683650467687043,291
1683650467694721,1683650467694874,153
1683650467702721,1683650467702943,222
1683650467710758,1683650467710932,174
1683650467718766,1683650467718913,147
1683650467726805,1683650467726853,48
1683650467734717,1683650467734952,235
1683650467735706,1683650467735829,123
1683650467736565,1683650467736689,124
1683650467737372,1683650467737508,136
1683650467738228,1683650467742939,4711
1683650467750746,1683650467750916,170
1683650467758724,1683650467758921,197
1683650467766763,1683650467766930,167
1683650467774713,1683650467774913,200
1683650467782700,1683650467782877,177
1683650467790744,1683650467790869,125
1683650467798696,1683650467798864,168
1683650467806726,1683650467806833,107
1683650467814844,1683650467814859,15
1683650467817917,1683650467817945,28
1683650467818561,1683650467822821,4260
1683650467830715,1683650467830777,62
1683650467838795,1683650467838921,126
1683650467846884,1683650467847018,134
1683650467847587,1683650467847790,203
1683650467848281,1683650467854876,6595
1683650467862733,1683650467862862,129
1683650467870724,1683650467870932,208
1683650467871718,1683650467871720,2
1683650467872418,1683650467872634,216
1683650467873301,1683650467873529,228
1683650467874229,1683650467874387,158
1683650467875088,1683650467875251,163
1683650467875989,1683650467882940,6951
1683650467890718,1683650467890880,162
1683650467898708,1683650467898822,114
1683650467906687,1683650467906861,174
1683650467907548,1683650467907703,155
1683650467913786,1683650467913954,168
1683650467918907,1683650467918979,72
1683650467919651,1683650467919863,212
1683650467920566,1683650467920737,171
1683650467921451,1683650467921583,132
1683650467922330,1683650467922466,136
1683650467928832,1683650467928834,2
1683650467936839,1683650467936840,1
1683650467942714,1683650467942815,101
1683650467950780,1683650467950841,61
1683650467958716,1683650467958925,209
1683650467966738,1683650467966863,125
1683650467974747,1683650467974840,93
1683650467982728,1683650467982811,83
1683650467990722,1683650467990833,111
1683650467998698,1683650467998858,160
1683650468006730,1683650468006812,82
1683650468014723,1683650468014813,90
1683650468022695,1683650468022888,193
1683650468030716,1683650468030832,116
1683650468038662,1683650468038783,121
1683650468046703,1683650468046819,116
1683650468054982,1683650468055116,134
1683650468062694,1683650468062808,114
1683650468070704,1683650468070838,134
1683650468078720,1683650468078800,80
1683650468086733,1683650468086799,66
1683650468094738,1683650468094868,130
1683650468102680,1683650468102830,150
1683650468110745,1683650468110907,162
1683650468111564,1683650468111703,139
1683650468112425,1683650468112551,126
1683650468113204,1683650468113389,185
1683650468120450,1683650468120452,2
1683650468128430,1683650468128432,2
1683650468134708,1683650468134908,200
1683650468142724,1683650468142896,172
1683650468150742,1683650468150870,128
1683650468158722,1683650468158879,157
1683650468166735,1683650468166914,179
1683650468174727,1683650468174876,149
1683650468182743,1683650468182908,165
1683650468190752,1683650468190835,83
1683650468198742,1683650468198819,77
1683650468206708,1683650468206847,139
1683650468214767,1683650468214903,136
1683650468222311,1683650468222312,1
1683650468222699,1683650468222981,282
1683650468223558,1683650468230928,7370
1683650468238768,1683650468238814,46
1683650468246721,1683650468246820,99
1683650468254800,1683650468254943,143
1683650468262979,1683650468263019,40
1683650468270748,1683650468270829,81
1683650468278724,1683650468278772,48
1683650468286728,1683650468286987,259
1683650468294708,1683650468294850,142
1683650468302717,1683650468302854,137
1683650468310769,1683650468310851,82
1683650468318756,1683650468318910,154
1683650468330707,1683650468330874,167
1683650468342785,1683650468342869,84
1683650468350730,1683650468350846,116
1683650468358751,1683650468358862,111
1683650468366739,1683650468366813,74
1683650468374761,1683650468374965,204
1683650468382773,1683650468382900,127
1683650468390790,1683650468390895,105
1683650468398757,1683650468398891,134
1683650468406745,1683650468406831,86
1683650468414692,1683650468414841,149
1683650468422740,1683650468422861,121
1683650468430717,1683650468430856,139
1683650468438697,1683650468438856,159
1683650468446688,1683650468446813,125
1683650468454706,1683650468454857,151
1683650468462714,1683650468462838,124
1683650468470927,1683650468471102,175
1683650468478747,1683650468478881,134
1683650468486715,1683650468486829,114
1683650468494684,1683650468494801,117
1683650468502718,1683650468502879,161
1683650468510742,1683650468510868,126
1683650468518724,1683650468518919,195
1683650468526730,1683650468526873,143
1683650468534785,1683650468534964,179
1683650468542726,1683650468542936,210
1683650468543621,1683650468543779,158
1683650468544419,1683650468550896,6477
1683650468558717,1683650468558882,165
1683650468566735,1683650468566885,150
1683650468574716,1683650468574914,198
1683650468582703,1683650468582831,128
1683650468590724,1683650468590908,184
1683650468598681,1683650468598821,140
1683650468606725,1683650468606957,232
1683650468614745,1683650468614892,147
1683650468622721,1683650468622907,186
1683650468630734,1683650468630893,159
1683650468638747,1683650468638934,187
1683650468646729,1683650468646936,207
1683650468654781,1683650468654976,195
1683650468662756,1683650468662826,70
1683650468670736,1683650468670960,224
1683650468678894,1683650468679038,144
1683650468686746,1683650468686899,153
1683650468694748,1683650468694870,122
1683650468702720,1683650468702906,186
1683650468710771,1683650468710962,191
1683650468711603,1683650468711775,172
1683650468712391,1683650468718933,6542
1683650468726779,1683650468726896,117
1683650468734727,1683650468734847,120
1683650468742740,1683650468742903,163
1683650468750704,1683650468750835,131
1683650468758697,1683650468758831,134
1683650468766720,1683650468766891,171
1683650468774728,1683650468774869,141
1683650468782725,1683650468782856,131
1683650468790713,1683650468790820,107
1683650468798683,1683650468798834,151
1683650468806733,1683650468806856,123
1683650468814723,1683650468814871,148
1683650468822786,1683650468822920,134
1683650468830752,1683650468830846,94
1683650468838718,1683650468838854,136
1683650468846730,1683650468846879,149
1683650468854684,1683650468854797,113
1683650468862705,1683650468862863,158
1683650468870731,1683650468870855,124
1683650468878726,1683650468878873,147
1683650468886941,1683650468887098,157
1683650468894721,1683650468894938,217
1683650468902754,1683650468902892,138
1683650468910770,1683650468910854,84
1683650468918744,1683650468918912,168
1683650468926716,1683650468926893,177
1683650468934722,1683650468934932,210
1683650468942719,1683650468942870,151
1683650468950708,1683650468950947,239
1683650468958747,1683650468958978,231
1683650468966773,1683650468966799,26
1683650468974699,1683650468974851,152
1683650468982733,1683650468982905,172
1683650468990710,1683650468990903,193
1683650468998695,1683650468998887,192
1683650469006736,1683650469006873,137
1683650469014721,1683650469014929,208
1683650469022706,1683650469022871,165
1683650469030742,1683650469030933,191
1683650469038730,1683650469038867,137
1683650469046742,1683650469046946,204
1683650469054785,1683650469054991,206
1683650469055722,1683650469062913,7191
1683650469070736,1683650469070852,116
1683650469078716,1683650469078803,87
1683650469086680,1683650469086806,126
1683650469094935,1683650469095109,174
1683650469102664,1683650469102796,132
1683650469110683,1683650469110794,111
1683650469118710,1683650469118782,72
1683650469126698,1683650469126828,130
1683650469134732,1683650469134813,81
1683650469142687,1683650469142785,98
1683650469150717,1683650469150870,153
1683650469158718,1683650469158897,179
1683650469166730,1683650469166818,88
1683650469174699,1683650469174836,137
1683650469182732,1683650469182805,73
1683650469190712,1683650469190826,114
1683650469198691,1683650469198785,94
1683650469206690,1683650469206807,117
1683650469214752,1683650469214761,9
1683650469222720,1683650469222816,96
1683650469230746,1683650469230819,73
1683650469238743,1683650469238818,75
1683650469246734,1683650469246795,61
1683650469254722,1683650469254861,139
1683650469262695,1683650469262831,136
1683650469270738,1683650469270860,122
1683650469278703,1683650469278821,118
1683650469286786,1683650469286810,24
1683650469287382,1683650469294812,7430
1683650469302955,1683650469303092,137
1683650469310763,1683650469310790,27
1683650469318717,1683650469318842,125
1683650469326740,1683650469326852,112
1683650469334722,1683650469334972,250
1683650469342732,1683650469342855,123
1683650469348442,1683650469350787,2345
1683650469351342,1683650469351476,134
1683650469352010,1683650469358831,6821
1683650469366740,1683650469366893,153
1683650469367575,1683650469374937,7362
1683650469382746,1683650469382856,110
1683650469390761,1683650469390895,134
1683650469398733,1683650469398853,120
1683650469399530,1683650469399646,116
1683650469400299,1683650469406918,6619
1683650469414718,1683650469414902,184
1683650469422737,1683650469422898,161
1683650469430728,1683650469430928,200
1683650469438744,1683650469438770,26
1683650469446743,1683650469446880,137
1683650469454709,1683650469454886,177
1683650469462723,1683650469462874,151
1683650469463487,1683650469470792,7305
1683650469478733,1683650469478836,103
1683650469486727,1683650469489693,2966
1683650469490277,1683650469490383,106
1683650469490980,1683650469494865,3885
1683650469502727,1683650469502792,65
1683650469510928,1683650469511067,139
1683650469518761,1683650469518770,9
1683650469526733,1683650469526822,89
1683650469534707,1683650469534890,183
1683650469542763,1683650469542865,102
1683650469550737,1683650469550939,202
1683650469558722,1683650469558850,128
1683650469566716,1683650469566883,167
1683650469574730,1683650469574883,153
1683650469582709,1683650469582874,165
1683650469590719,1683650469590844,125
1683650469598694,1683650469598916,222
1683650469606960,1683650469606961,1
1683650469614715,1683650469614964,249
1683650469615599,1683650469615702,103
1683650469616476,1683650469616540,64
1683650469623803,1683650469623804,1
1683650469623930,1683650469624268,338
1683650469628435,1683650469628864,429
1683650469634748,1683650469634916,168
1683650469635437,1683650469635564,127
1683650469642732,1683650469642809,77
1683650469650709,1683650469650776,67
1683650469658722,1683650469658803,81
1683650469666696,1683650469666783,87
1683650469674718,1683650469674927,209
1683650469682691,1683650469682825,134
1683650469690735,1683650469690826,91
1683650469698768,1683650469698828,60
1683650469706720,1683650469706791,71
1683650469714688,1683650469714819,131
1683650469722698,1683650469722818,120
1683650469730706,1683650469730823,117
1683650469736389,1683650469738853,2464
1683650469746687,1683650469746801,114
1683650469754710,1683650469754812,102
1683650469762684,1683650469762805,121
1683650469770716,1683650469770830,114
1683650469778678,1683650469778789,111
1683650469786688,1683650469786812,124
1683650469794692,1683650469794858,166
1683650469802709,1683650469802835,126
1683650469810701,1683650469810808,107
1683650469818715,1683650469818760,45
1683650469826690,1683650469826810,120
1683650469834702,1683650469834806,104
1683650469842721,1683650469842860,139
1683650469850728,1683650469850861,133
1683650469858738,1683650469858857,119
1683650469866744,1683650469866866,122
1683650469874705,1683650469874838,133
1683650469882761,1683650469882800,39
1683650469890729,1683650469890810,81
1683650469898657,1683650469898780,123
1683650469906728,1683650469906797,69
1683650469914748,1683650469914919,171
1683650469922735,1683650469922791,56
1683650469930755,1683650469930791,36
1683650469938691,1683650469938807,116
1683650469946718,1683650469946841,123
1683650469954716,1683650469954828,112
1683650469962766,1683650469962806,40
1683650469970673,1683650469970825,152
1683650469978685,1683650469978815,130
1683650469979497,1683650469986873,7376
1683650469994695,1683650469994796,101
1683650470002700,1683650470002828,128
1683650470010676,1683650470010796,120
1683650470018679,1683650470018813,134
1683650470026675,1683650470026795,120
1683650470034697,1683650470034830,133
1683650470042677,1683650470042789,112
1683650470045069,1683650470045070,1
1683650470045623,1683650470050792,5169
1683650470058660,1683650470058798,138
1683650470066681,1683650470066804,123
1683650470074689,1683650470074809,120
1683650470082722,1683650470082899,177
1683650470090676,1683650470090787,111
1683650470098660,1683650470098777,117
1683650470106674,1683650470106832,158
1683650470114673,1683650470114867,194
1683650470126736,1683650470126873,137
1683650470127461,1683650470127700,239
1683650470131832,1683650470135001,3169
1683650470142677,1683650470142794,117
1683650470143396,1683650470143578,182
1683650470153949,1683650470153951,2
